[Tue Feb  3 07:00:01 UTC 2026] BTC Arbitrage 重启通知: 🔄 **BTC Arbitrage v3 自动重启**

重启时间: 2026-02-02 18:41:49
PID: 130647 | 重启次数: 1

❌ 进程已停止
[Tue Feb  3 07:15:01 UTC 2026] BTC Arbitrage 重启通知: 🔄 **BTC Arbitrage v3 自动重启**

重启时间: 2026-02-02 18:41:49
PID: 130647 | 重启次数: 1

❌ 进程已停止
[Tue Feb  3 07:30:02 UTC 2026] BTC Arbitrage 重启通知: 🔄 **BTC Arbitrage v3 自动重启**

重启时间: 2026-02-02 18:41:49
PID: 130647 | 重启次数: 1

❌ 进程已停止
[Tue Feb  3 07:45:01 UTC 2026] BTC Arbitrage 重启通知: 🔄 **BTC Arbitrage v3 自动重启**

重启时间: 2026-02-02 18:41:49
PID: 130647 | 重启次数: 1

❌ 进程已停止
[Tue Feb  3 08:00:01 UTC 2026] BTC Arbitrage 重启通知: 🔄 **BTC Arbitrage v3 自动重启**

重启时间: 2026-02-02 18:41:49
PID: 130647 | 重启次数: 1

❌ 进程已停止
[Tue Feb  3 08:15:01 UTC 2026] BTC Arbitrage 重启通知: 🔄 **BTC Arbitrage v3 自动重启**

重启时间: 2026-02-02 18:41:49
PID: 130647 | 重启次数: 1

❌ 进程已停止
[Tue Feb  3 08:30:01 UTC 2026] BTC Arbitrage 重启通知: 🔄 **BTC Arbitrage v3 自动重启**

重启时间: 2026-02-02 18:41:49
PID: 130647 | 重启次数: 1

❌ 进程已停止
[Tue Feb  3 08:45:02 UTC 2026] BTC Arbitrage 重启通知: 🔄 **BTC Arbitrage v3 自动重启**

重启时间: 2026-02-02 18:41:49
PID: 130647 | 重启次数: 1

❌ 进程已停止
[Tue Feb  3 09:00:01 UTC 2026] BTC Arbitrage 重启通知: 🔄 **BTC Arbitrage v3 自动重启**

重启时间: 2026-02-02 18:41:49
PID: 130647 | 重启次数: 1

❌ 进程已停止

---

📊 **BTC v6 - 每小时汇报**

**运行状态**: ✅ 正常 (PID: 157322)
**运行时长**: 2小时6分钟 / 8小时

**交易统计**:
- 总交易: 24 笔
- 胜/负: 21 / 0
0
- 胜率: 87%
- 当前P&L: $+5.10

**Checkpoint**: ⚠️ Checkpoint过期 (818分钟前)

**剩余时间**: 5小时54分钟
[Tue Feb  3 09:15:01 UTC 2026] BTC Arbitrage 重启通知: 🔄 **BTC Arbitrage v3 自动重启**

重启时间: 2026-02-02 18:41:49
PID: 130647 | 重启次数: 1

❌ 进程已停止
[Tue Feb  3 09:30:02 UTC 2026] BTC Arbitrage 重启通知: 🔄 **BTC Arbitrage v3 自动重启**

重启时间: 2026-02-02 18:41:49
PID: 130647 | 重启次数: 1

❌ 进程已停止
[Tue Feb  3 09:45:01 UTC 2026] BTC Arbitrage 重启通知: 🔄 **BTC Arbitrage v3 自动重启**

重启时间: 2026-02-02 18:41:49
PID: 130647 | 重启次数: 1

❌ 进程已停止
[Tue Feb  3 10:00:01 UTC 2026] BTC Arbitrage 重启通知: 🔄 **BTC Arbitrage v3 自动重启**

重启时间: 2026-02-02 18:41:49
PID: 130647 | 重启次数: 1

❌ 进程已停止

---

📊 **BTC v6 - 每小时汇报**

**运行状态**: ✅ 正常 (PID: 157322)
**运行时长**: 3小时6分钟 / 8小时

**交易统计**:
- 总交易: 34 笔
- 胜/负: 27 / 0
0
- 胜率: 79%
- 当前P&L: $+6.10

**Checkpoint**: ⚠️ Checkpoint过期 (878分钟前)

**剩余时间**: 4小时54分钟
[Tue Feb  3 10:15:02 UTC 2026] BTC Arbitrage 重启通知: 🔄 **BTC Arbitrage v3 自动重启**

重启时间: 2026-02-02 18:41:49
PID: 130647 | 重启次数: 1

❌ 进程已停止
[Tue Feb  3 10:30:01 UTC 2026] BTC Arbitrage 重启通知: 🔄 **BTC Arbitrage v3 自动重启**

重启时间: 2026-02-02 18:41:49
PID: 130647 | 重启次数: 1

❌ 进程已停止
[Tue Feb  3 10:45:01 UTC 2026] BTC Arbitrage 重启通知: 🔄 **BTC Arbitrage v3 自动重启**

重启时间: 2026-02-02 18:41:49
PID: 130647 | 重启次数: 1

❌ 进程已停止
[Tue Feb  3 11:00:02 UTC 2026] BTC Arbitrage 重启通知: 🔄 **BTC Arbitrage v3 自动重启**

重启时间: 2026-02-02 18:41:49
PID: 130647 | 重启次数: 1

❌ 进程已停止
[Tue Feb  3 11:15:01 UTC 2026] BTC Arbitrage 重启通知: 🔄 **BTC Arbitrage v3 自动重启**

重启时间: 2026-02-02 18:41:49
PID: 130647 | 重启次数: 1

❌ 进程已停止
[Tue Feb  3 11:30:01 UTC 2026] BTC Arbitrage 重启通知: 🔄 **BTC Arbitrage v3 自动重启**

重启时间: 2026-02-02 18:41:49
PID: 130647 | 重启次数: 1

❌ 进程已停止
[Tue Feb  3 11:45:01 UTC 2026] BTC Arbitrage 重启通知: 🔄 **BTC Arbitrage v3 自动重启**

重启时间: 2026-02-02 18:41:49
PID: 130647 | 重启次数: 1

❌ 进程已停止
[Tue Feb  3 12:00:02 UTC 2026] BTC Arbitrage 重启通知: 🔄 **BTC Arbitrage v3 自动重启**

重启时间: 2026-02-02 18:41:49
PID: 130647 | 重启次数: 1

❌ 进程已停止

---

📊 **BTC v6 - 每小时汇报**

**运行状态**: ✅ 正常 (PID: 157322)
**运行时长**: 5小时6分钟 / 8小时

**交易统计**:
- 总交易: 49 笔
- 胜/负: 32 / 0
0
- 胜率: 65%
- 当前P&L: $+2.60

**Checkpoint**: ⚠️ Checkpoint过期 (998分钟前)

**剩余时间**: 2小时54分钟
[Tue Feb  3 12:15:01 UTC 2026] BTC Arbitrage 重启通知: 🔄 **BTC Arbitrage v3 自动重启**

重启时间: 2026-02-02 18:41:49
PID: 130647 | 重启次数: 1

❌ 进程已停止
[Tue Feb  3 12:30:01 UTC 2026] BTC Arbitrage 重启通知: 🔄 **BTC Arbitrage v3 自动重启**

重启时间: 2026-02-02 18:41:49
PID: 130647 | 重启次数: 1

❌ 进程已停止
[Tue Feb  3 12:45:02 UTC 2026] BTC Arbitrage 重启通知: 🔄 **BTC Arbitrage v3 自动重启**

重启时间: 2026-02-02 18:41:49
PID: 130647 | 重启次数: 1

❌ 进程已停止
[Tue Feb  3 13:00:01 UTC 2026] BTC Arbitrage 重启通知: 🔄 **BTC Arbitrage v3 自动重启**

重启时间: 2026-02-02 18:41:49
PID: 130647 | 重启次数: 1

❌ 进程已停止

---

📊 **BTC v6 - 每小时汇报**

**运行状态**: ✅ 正常 (PID: 157322)
**运行时长**: 6小时6分钟 / 8小时

**交易统计**:
- 总交易: 50 笔
- 胜/负: 33 / 0
0
- 胜率: 66%
- 当前P&L: $+3.60

**Checkpoint**: ⚠️ Checkpoint过期 (1058分钟前)

**剩余时间**: 1小时54分钟
[Tue Feb  3 13:15:01 UTC 2026] BTC Arbitrage 重启通知: 🔄 **BTC Arbitrage v3 自动重启**

重启时间: 2026-02-02 18:41:49
PID: 130647 | 重启次数: 1

❌ 进程已停止
[Tue Feb  3 13:30:02 UTC 2026] BTC Arbitrage 重启通知: 🔄 **BTC Arbitrage v3 自动重启**

重启时间: 2026-02-02 18:41:49
PID: 130647 | 重启次数: 1

❌ 进程已停止
[Tue Feb  3 13:45:01 UTC 2026] BTC Arbitrage 重启通知: 🔄 **BTC Arbitrage v3 自动重启**

重启时间: 2026-02-02 18:41:49
PID: 130647 | 重启次数: 1

❌ 进程已停止
[Tue Feb  3 14:00:01 UTC 2026] BTC Arbitrage 重启通知: 🔄 **BTC Arbitrage v3 自动重启**

重启时间: 2026-02-02 18:41:49
PID: 130647 | 重启次数: 1

❌ 进程已停止

---

⚠️ **BTC v6 - 每小时汇报**

❌ 进程异常停止 (PID: 157322)

最后日志：
======================================================================
SUMMARY
======================================================================
Duration: 423min | Signals: 64
Trades: 64 | P&L: $+2.20
mean_reversion_low: 30 trades, 20% win, $-11.40
mean_reversion_high: 26 trades, 88% win, $+6.20
delay_arb: 8 trades, 100% win, $+7.40
======================================================================
[Tue Feb  3 14:15:01 UTC 2026] BTC Arbitrage 重启通知: 🔄 **BTC Arbitrage v3 自动重启**

重启时间: 2026-02-02 18:41:49
PID: 130647 | 重启次数: 1

❌ 进程已停止
[Tue Feb  3 14:30:01 UTC 2026] BTC Arbitrage 重启通知: 🔄 **BTC Arbitrage v3 自动重启**

重启时间: 2026-02-02 18:41:49
PID: 130647 | 重启次数: 1

❌ 进程已停止
[Tue Feb  3 14:45:02 UTC 2026] BTC Arbitrage 重启通知: 🔄 **BTC Arbitrage v3 自动重启**

重启时间: 2026-02-02 18:41:49
PID: 130647 | 重启次数: 1

❌ 进程已停止
[Tue Feb  3 15:00:01 UTC 2026] BTC Arbitrage 重启通知: 🔄 **BTC Arbitrage v3 自动重启**

重启时间: 2026-02-02 18:41:49
PID: 130647 | 重启次数: 1

❌ 进程已停止

---

⚠️ **BTC v6 - 每小时汇报**

❌ 进程异常停止 (PID: 157322)

最后日志：
======================================================================
SUMMARY
======================================================================
Duration: 480min | Signals: 71
Trades: 70 | P&L: $-4.50
mean_reversion_high: 30 trades, 87% win, $+4.20
delay_arb: 9 trades, 78% win, $+1.70
mean_reversion_low: 31 trades, 23% win, $-10.40
======================================================================
[Tue Feb  3 15:15:01 UTC 2026] BTC Arbitrage 重启通知: 🔄 **BTC Arbitrage v3 自动重启**

重启时间: 2026-02-02 18:41:49
PID: 130647 | 重启次数: 1

❌ 进程已停止
[Tue Feb  3 15:30:01 UTC 2026] BTC Arbitrage 重启通知: 🔄 **BTC Arbitrage v3 自动重启**

重启时间: 2026-02-02 18:41:49
PID: 130647 | 重启次数: 1

❌ 进程已停止
[Tue Feb  3 15:45:02 UTC 2026] BTC Arbitrage 重启通知: 🔄 **BTC Arbitrage v3 自动重启**

重启时间: 2026-02-02 18:41:49
PID: 130647 | 重启次数: 1

❌ 进程已停止
[Tue Feb  3 16:00:02 UTC 2026] BTC Arbitrage 重启通知: 🔄 **BTC Arbitrage v3 自动重启**

重启时间: 2026-02-02 18:41:49
PID: 130647 | 重启次数: 1

❌ 进程已停止
[Tue Feb  3 16:15:02 UTC 2026] BTC Arbitrage 重启通知: 🔄 **BTC Arbitrage v3 自动重启**

重启时间: 2026-02-02 18:41:49
PID: 130647 | 重启次数: 1

❌ 进程已停止
[Tue Feb  3 16:30:02 UTC 2026] BTC Arbitrage 重启通知: 🔄 **BTC Arbitrage v3 自动重启**

重启时间: 2026-02-02 18:41:49
PID: 130647 | 重启次数: 1

❌ 进程已停止
[Tue Feb  3 16:45:01 UTC 2026] BTC Arbitrage 重启通知: 🔄 **BTC Arbitrage v3 自动重启**

重启时间: 2026-02-02 18:41:49
PID: 130647 | 重启次数: 1

❌ 进程已停止
[Tue Feb  3 17:00:01 UTC 2026] BTC Arbitrage 重启通知: 🔄 **BTC Arbitrage v3 自动重启**

重启时间: 2026-02-02 18:41:49
PID: 130647 | 重启次数: 1

❌ 进程已停止

---

📊 **BTC v6 - 每小时汇报**

**运行状态**: ✅ 正常 (PID: 167998)
**运行时长**: 1小时23分钟 / 8小时

**交易统计**:
- 总交易: 23 笔
- 胜/负: 15 / 0
0
- 胜率: 65%
- 当前P&L: $+2.60

**Checkpoint**: ⚠️ Checkpoint过期 (1298分钟前)

**剩余时间**: 6小时37分钟
[Tue Feb  3 17:15:01 UTC 2026] BTC Arbitrage 重启通知: 🔄 **BTC Arbitrage v3 自动重启**

重启时间: 2026-02-02 18:41:49
PID: 130647 | 重启次数: 1

❌ 进程已停止
[Tue Feb  3 17:30:02 UTC 2026] BTC Arbitrage 重启通知: 🔄 **BTC Arbitrage v3 自动重启**

重启时间: 2026-02-02 18:41:49
PID: 130647 | 重启次数: 1

❌ 进程已停止
[Tue Feb  3 17:45:01 UTC 2026] BTC Arbitrage 重启通知: 🔄 **BTC Arbitrage v3 自动重启**

重启时间: 2026-02-02 18:41:49
PID: 130647 | 重启次数: 1

❌ 进程已停止
[Tue Feb  3 18:00:01 UTC 2026] BTC Arbitrage 重启通知: 🔄 **BTC Arbitrage v3 自动重启**

重启时间: 2026-02-02 18:41:49
PID: 130647 | 重启次数: 1

❌ 进程已停止

---

📊 **BTC v6 - 每小时汇报**

**运行状态**: ✅ 正常 (PID: 167998)
**运行时长**: 2小时23分钟 / 8小时

**交易统计**:
- 总交易: 33 笔
- 胜/负: 17 / 0
0
- 胜率: 51%
- 当前P&L: $-1.50

**Checkpoint**: ⚠️ Checkpoint过期 (1358分钟前)

**剩余时间**: 5小时37分钟
[Tue Feb  3 18:15:02 UTC 2026] BTC Arbitrage 重启通知: 🔄 **BTC Arbitrage v3 自动重启**

重启时间: 2026-02-02 18:41:49
PID: 130647 | 重启次数: 1

❌ 进程已停止
[Tue Feb  3 18:30:01 UTC 2026] BTC Arbitrage 重启通知: 🔄 **BTC Arbitrage v3 自动重启**

重启时间: 2026-02-02 18:41:49
PID: 130647 | 重启次数: 1

❌ 进程已停止
[Tue Feb  3 18:45:02 UTC 2026] BTC Arbitrage 重启通知: 🔄 **BTC Arbitrage v3 自动重启**

重启时间: 2026-02-02 18:41:49
PID: 130647 | 重启次数: 1

❌ 进程已停止
[Tue Feb  3 19:00:01 UTC 2026] BTC Arbitrage 重启通知: 🔄 **BTC Arbitrage v3 自动重启**

重启时间: 2026-02-02 18:41:49
PID: 130647 | 重启次数: 1

❌ 进程已停止

---

⚠️ **BTC v6 - 每小时汇报**

❌ 进程异常停止 (PID: 167998)

最后日志：
======================================================================

2026-02-03T18:41:57.115147 [   60s] BTC: $74,053.20 (4ex, -0.042%) | 15m: 0.40/0.42 | 1h: N/A | P&L: $+0.00 (0)
2026-02-03T18:42:57.187537 [  120s] BTC: $73,897.28 (4ex, -0.061%) | 15m: 0.22/0.23 | 1h: N/A | P&L: $+0.00 (0)
2026-02-03T18:43:57.245427 [  180s] BTC: $73,889.17 (4ex, +0.033%) | 15m: 0.02/0.04 | 1h: N/A | P&L: $+0.00 (0)
2026-02-03T18:44:57.299583 [  240s] BTC: $73,667.27 (4ex, +0.011%) | 15m: 0.00/0.01 | 1h: N/A | P&L: $+0.00 (0)
2026-02-03T18:41:03.392176 [  961s] BTC: $74,046.99 (4ex, -0.012%) | 15m: 0.35/0.37 | 1h: N/A | P&L: $+4.30 (3)
2026-02-03T18:42:03.458428 [ 1021s] BTC: $74,073.51 (4ex, -0.002%) | 15m: 0.41/0.43 | 1h: N/A | P&L: $+4.30 (3)
2026-02-03T18:43:03.522723 [ 1081s] BTC: $73,872.03 (4ex, -0.034%) | 15m: 0.06/0.08 | 1h: N/A | P&L: $+4.30 (3)
2026-02-03T18:44:03.583568 [ 1141s] BTC: $73,870.79 (4ex, +0.023%) | 15m: 0.01/0.03 | 1h: N/A | P&L: $+4.30 (3)
[Tue Feb  3 19:15:02 UTC 2026] BTC Arbitrage 重启通知: 🔄 **BTC Arbitrage v3 自动重启**

重启时间: 2026-02-02 18:41:49
PID: 130647 | 重启次数: 1

❌ 进程已停止
[Tue Feb  3 19:30:01 UTC 2026] BTC Arbitrage 重启通知: 🔄 **BTC Arbitrage v3 自动重启**

重启时间: 2026-02-02 18:41:49
PID: 130647 | 重启次数: 1

❌ 进程已停止
[Tue Feb  3 19:45:01 UTC 2026] BTC Arbitrage 重启通知: 🔄 **BTC Arbitrage v3 自动重启**

重启时间: 2026-02-02 18:41:49
PID: 130647 | 重启次数: 1

❌ 进程已停止
[Tue Feb  3 20:00:01 UTC 2026] BTC Arbitrage 重启通知: 🔄 **BTC Arbitrage v3 自动重启**

重启时间: 2026-02-02 18:41:49
PID: 130647 | 重启次数: 1

❌ 进程已停止

---

📊 **BTC v6 - 每小时汇报**

**运行状态**: ✅ 正常 (PID: 174478)
**运行时长**: 0小时28分钟 / 8小时

**交易统计**:
- 总交易: 8 笔
- 胜/负: 7 / 0
0
- 胜率: 87%
- 当前P&L: $+3.00

**Checkpoint**: ⚠️ Checkpoint过期 (1478分钟前)

**剩余时间**: 7小时32分钟
[Tue Feb  3 20:15:01 UTC 2026] BTC Arbitrage 重启通知: 🔄 **BTC Arbitrage v3 自动重启**

重启时间: 2026-02-02 18:41:49
PID: 130647 | 重启次数: 1

❌ 进程已停止
[Tue Feb  3 20:30:01 UTC 2026] BTC Arbitrage 重启通知: 🔄 **BTC Arbitrage v3 自动重启**

重启时间: 2026-02-02 18:41:49
PID: 130647 | 重启次数: 1

❌ 进程已停止
[Tue Feb  3 20:45:01 UTC 2026] BTC Arbitrage 重启通知: 🔄 **BTC Arbitrage v3 自动重启**

重启时间: 2026-02-02 18:41:49
PID: 130647 | 重启次数: 1

❌ 进程已停止
[Tue Feb  3 21:00:02 UTC 2026] BTC Arbitrage 重启通知: 🔄 **BTC Arbitrage v3 自动重启**

重启时间: 2026-02-02 18:41:49
PID: 130647 | 重启次数: 1

❌ 进程已停止

---

⚠️ **BTC v6 - 每小时汇报**

❌ 进程异常停止 (PID: 174478)

最后日志：
2026-02-03T20:38:29.985593 [ 4704s] ✅ 15M mean_reversion_high CLOSE (PROFIT): $+0.20 | Total: $+4.04
2026-02-03T20:39:19.041611 [ 4753s] BTC: $76,265.76 (4ex, -0.109%) | 15m: 0.93/0.97 | 1h: N/A | P&L: $+4.04 (23)
2026-02-03T20:39:30.083062 [ 4764s] 📈 15M MEAN-REV: K@0.96 (extreme high) + BTC stable → NO
2026-02-03T20:39:30.591823 [ 4764s] ✅ 15M mean_reversion_high CLOSE (PROFIT): $+0.30 | Total: $+4.34
2026-02-03T20:40:05.331287 [ 4800s] 💾 Checkpoint
2026-02-03T20:40:19.647208 [ 4814s] BTC: $76,388.32 (4ex, +0.047%) | 15m: 0.98/0.99 | 1h: N/A | P&L: $+4.34 (24)
2026-02-03T20:41:19.703251 [ 4874s] BTC: $76,228.85 (4ex, -0.072%) | 15m: 0.98/1.00 | 1h: N/A | P&L: $+4.34 (24)
2026-02-03T20:42:19.763304 [ 4934s] BTC: $76,241.19 (4ex, -0.004%) | 15m: 0.99/1.00 | 1h: N/A | P&L: $+4.34 (24)
2026-02-03T20:43:19.824591 [ 4994s] BTC: $76,288.53 (4ex, -0.057%) | 15m: 0.99/1.00 | 1h: N/A | P&L: $+4.34 (24)
2026-02-03T20:44:19.888965 [ 5054s] BTC: $76,300.01 (4ex, -0.003%) | 15m: 0.99/1.00 | 1h: N/A | P&L: $+4.34 (24)
[Tue Feb  3 21:15:01 UTC 2026] BTC Arbitrage 重启通知: 🔄 **BTC Arbitrage v3 自动重启**

重启时间: 2026-02-02 18:41:49
PID: 130647 | 重启次数: 1

❌ 进程已停止
[Tue Feb  3 21:30:01 UTC 2026] BTC Arbitrage 重启通知: 🔄 **BTC Arbitrage v3 自动重启**

重启时间: 2026-02-02 18:41:49
PID: 130647 | 重启次数: 1

❌ 进程已停止
[Tue Feb  3 21:45:02 UTC 2026] BTC Arbitrage 重启通知: 🔄 **BTC Arbitrage v3 自动重启**

重启时间: 2026-02-02 18:41:49
PID: 130647 | 重启次数: 1

❌ 进程已停止

---

⚠️ **BTC v6 - 每小时汇报**

❌ 进程异常停止 (PID: 174478)

最后日志：
2026-02-03T21:39:00.133496 [ 8334s] 📉 15M MEAN-REV: K@0.08 (extreme low) + BTC stable → YES
2026-02-03T21:39:29.219016 [ 8363s] ✅ 15M mean_reversion_low CLOSE (PROFIT): $+0.10 | Total: $+3.41
2026-02-03T21:39:29.219187 [ 8363s] BTC: $76,236.54 (4ex, +0.069%) | 15m: 0.08/0.10 | 1h: N/A | P&L: $+3.41 (43)
2026-02-03T21:40:05.452002 [ 8400s] 💾 Checkpoint
2026-02-03T21:40:29.283879 [ 8424s] BTC: $76,220.26 (4ex, +0.068%) | 15m: 0.05/0.07 | 1h: N/A | P&L: $+3.41 (43)
2026-02-03T21:41:29.358329 [ 8484s] BTC: $76,236.72 (4ex, +0.056%) | 15m: 0.03/0.05 | 1h: N/A | P&L: $+3.41 (43)
2026-02-03T21:42:29.421221 [ 8544s] BTC: $76,220.82 (4ex, -0.014%) | 15m: 0.02/0.03 | 1h: N/A | P&L: $+3.41 (43)
2026-02-03T21:43:29.490088 [ 8604s] BTC: $76,270.39 (4ex, +0.056%) | 15m: 0.00/0.01 | 1h: N/A | P&L: $+3.41 (43)
2026-02-03T21:44:29.559093 [ 8664s] BTC: $76,260.69 (4ex, -0.014%) | 15m: 0.00/0.01 | 1h: N/A | P&L: $+3.41 (43)
2026-02-03T21:45:01.590332 [ 8696s] 🔄 15M transition
[Tue Feb  3 22:00:01 UTC 2026] BTC Arbitrage 重启通知: 🔄 **BTC Arbitrage v3 自动重启**

重启时间: 2026-02-02 18:41:49
PID: 130647 | 重启次数: 1

❌ 进程已停止
[Tue Feb  3 22:15:01 UTC 2026] BTC Arbitrage 重启通知: 🔄 **BTC Arbitrage v3 自动重启**

重启时间: 2026-02-02 18:41:49
PID: 130647 | 重启次数: 1

❌ 进程已停止
[Tue Feb  3 22:30:01 UTC 2026] BTC Arbitrage 重启通知: 🔄 **BTC Arbitrage v3 自动重启**

重启时间: 2026-02-02 18:41:49
PID: 130647 | 重启次数: 1

❌ 进程已停止
[Tue Feb  3 22:45:01 UTC 2026] BTC Arbitrage 重启通知: 🔄 **BTC Arbitrage v3 自动重启**

重启时间: 2026-02-02 18:41:49
PID: 130647 | 重启次数: 1

❌ 进程已停止
[Tue Feb  3 23:00:01 UTC 2026] BTC Arbitrage 重启通知: 🔄 **BTC Arbitrage v3 自动重启**

重启时间: 2026-02-02 18:41:49
PID: 130647 | 重启次数: 1

❌ 进程已停止

---

⚠️ **BTC v6 - 每小时汇报**

❌ 进程异常停止 (PID: 174478)

最后日志：
2026-02-03T22:36:49.798047 [11804s] ❌ 15M delay_arb CLOSE (STOP(-25%)): $-0.40 | Total: $+3.34
2026-02-03T22:37:36.856747 [11851s] BTC: $75,946.59 (4ex, +0.001%) | 15m: 0.48/0.49 | 1h: N/A | P&L: $+3.34 (52)
2026-02-03T22:38:36.927070 [11911s] BTC: $75,903.07 (4ex, -0.007%) | 15m: 0.43/0.46 | 1h: N/A | P&L: $+3.34 (52)
2026-02-03T22:39:37.001514 [11971s] BTC: $75,901.36 (4ex, -0.008%) | 15m: 0.42/0.45 | 1h: N/A | P&L: $+3.34 (52)
2026-02-03T22:40:05.603508 [12000s] 💾 Checkpoint
2026-02-03T22:40:37.069989 [12031s] BTC: $75,899.08 (4ex, +0.005%) | 15m: 0.27/0.30 | 1h: N/A | P&L: $+3.34 (52)
2026-02-03T22:41:37.128883 [12091s] BTC: $75,891.87 (4ex, -0.099%) | 15m: 0.26/0.29 | 1h: N/A | P&L: $+3.34 (52)
2026-02-03T22:42:37.198883 [12151s] BTC: $75,795.59 (4ex, -0.071%) | 15m: 0.04/0.06 | 1h: N/A | P&L: $+3.34 (52)
2026-02-03T22:43:37.276168 [12212s] BTC: $75,792.05 (4ex, +0.013%) | 15m: 0.01/0.02 | 1h: N/A | P&L: $+3.34 (52)
2026-02-03T22:44:37.339722 [12272s] BTC: $75,785.33 (4ex, -0.020%) | 15m: 0.00/0.01 | 1h: N/A | P&L: $+3.34 (52)
[Tue Feb  3 23:15:01 UTC 2026] BTC Arbitrage 重启通知: HEARTBEAT_OK
[Tue Feb  3 23:30:02 UTC 2026] BTC Arbitrage 重启通知: HEARTBEAT_OK
[Tue Feb  3 23:45:01 UTC 2026] BTC Arbitrage 重启通知: HEARTBEAT_OK
[Wed Feb  4 00:00:01 UTC 2026] BTC Arbitrage 重启通知: HEARTBEAT_OK
