[2026-02-02T00:51:00Z] 开始同步 STATUS.md → kanban...
[2026-02-02T00:51:00Z] 更新卡片: Kalshi-Trading-System → 完成
[2026-02-02T00:51:00Z] 更新卡片:  → 完成
[2026-02-02T00:51:01Z] 更新卡片: --Jason → 
[2026-02-02T00:51:01Z] 更新卡片: -- → 
[2026-02-02T00:51:01Z] 更新卡片: ----01--02--03--04- → 
[2026-02-02T00:51:01Z] 更新卡片: ----4AI → 
[2026-02-02T00:51:01Z] 更新卡片: ----03- → 
[2026-02-02T00:51:01Z] 更新卡片: ---- → 
[2026-02-02T00:51:01Z] 更新卡片: 2---JasonXHS → 
[2026-02-02T00:51:01Z] 更新卡片: 3---10-20 → 
[2026-02-02T00:51:01Z] 更新卡片: 4--- → 
[2026-02-02T00:51:01Z] 更新卡片: ----AI → 
[2026-02-02T00:51:01Z] 更新卡片: ---- → 
[2026-02-02T00:51:01Z] 更新卡片: YouTube → TODO
[2026-02-02T00:51:01Z] 更新卡片: ---AIAI → - [ ] 等小红书项目和Kalshi稳定后再推进
[2026-02-02T00:51:01Z] 更新卡片: ----research → 
[2026-02-02T00:51:01Z] ✅ 同步完成，处理了 0 个项目
[2026-02-02T00:51:24Z] 开始同步 STATUS.md → kanban...
[2026-02-02T00:51:24Z] 更新卡片: Kalshi-Trading-System @ 完成
[2026-02-02T00:51:25Z] 创建卡片:  @ 完成
[2026-02-02T00:51:25Z] 创建卡片: YouTube @ TODO
[2026-02-02T00:51:25Z] ✅ 同步完成，处理了 3 个项目
[2026-02-02T00:52:01Z] 开始同步 STATUS.md → kanban...
[2026-02-02T00:52:01Z] 创建卡片: Kalshi Trading System @ 完成
[2026-02-02T00:52:01Z] 创建卡片: 小红书内容创作 @ 完成
[2026-02-02T00:52:02Z] 创建卡片: YouTube视频搬运 @ TODO
[2026-02-02T00:52:02Z] ✅ 同步完成，处理了 3 个项目
[2026-02-02T01:31:00Z] 开始同步 STATUS.md → kanban...
[2026-02-02T01:31:01Z] 更新卡片: Kalshi Trading System @ 完成
[2026-02-02T01:31:01Z] 更新卡片: 小红书内容创作 @ 完成
[2026-02-02T01:31:01Z] 创建卡片: 未命名项目 @ TODO
[2026-02-02T01:31:02Z] 更新卡片: YouTube视频搬运 @ TODO
[2026-02-02T01:31:02Z] ✅ 同步完成，处理了 4 个项目
