Collecting data to data/collection_20260202_024420.jsonl
Press Ctrl+C to stop

[  10] BRTI: $76,796.57 | Kalshi: 0.28
[  20] BRTI: $76,669.22 | Kalshi: 0.09
[  30] BRTI: $76,473.08 | Kalshi: 0.00
[  40] BRTI: $76,407.57 | Kalshi: 0.43
[  50] BRTI: $76,367.70 | Kalshi: 0.31
[  60] BRTI: $76,048.26 | Kalshi: 0.00
[  70] BRTI: $75,547.36 | Kalshi: 0.14
[  80] BRTI: $75,327.05 | Kalshi: 0.02
[  90] BRTI: $75,203.29 | Kalshi: 0.00
[ 100] BRTI: $74,863.50 | Kalshi: 0.27
[ 110] BRTI: $74,602.23 | Kalshi: 0.02
[ 120] BRTI: $74,589.99 | Kalshi: 0.00
[ 130] BRTI: $75,697.83 | Kalshi: 0.98
[ 140] BRTI: $75,919.95 | Kalshi: 0.96
[ 150] BRTI: $76,198.54 | Kalshi: 0.99
[ 160] BRTI: $75,720.83 | Kalshi: 0.10
[ 170] BRTI: $75,772.23 | Kalshi: 0.02
[ 180] BRTI: $75,431.95 | Kalshi: 0.00
[ 190] BRTI: $75,939.62 | Kalshi: 0.92
[ 200] BRTI: $76,182.97 | Kalshi: 0.98
[ 210] BRTI: $76,396.71 | Kalshi: 0.35
[ 220] BRTI: $76,414.67 | Kalshi: 0.60
[ 230] BRTI: $76,283.54 | Kalshi: 0.37
[ 240] BRTI: $76,038.77 | Kalshi: 0.23
[ 250] BRTI: $75,890.56 | Kalshi: 0.08
[ 260] BRTI: $75,913.38 | Kalshi: 0.02
[ 270] BRTI: $75,876.65 | Kalshi: 0.53
[ 280] BRTI: $75,821.84 | Kalshi: 0.36
[ 290] BRTI: $75,506.72 | Kalshi: 0.01
[ 300] BRTI: $75,325.44 | Kalshi: 0.32
[ 310] BRTI: $75,098.97 | Kalshi: 0.07
[ 320] BRTI: $75,256.49 | Kalshi: 0.03
[ 330] BRTI: $75,077.38 | Kalshi: 0.59
[ 340] BRTI: $75,095.39 | Kalshi: 0.48
[ 350] BRTI: $75,201.35 | Kalshi: 0.91
[ 360] BRTI: $75,261.49 | Kalshi: 0.60
[ 370] BRTI: $75,502.57 | Kalshi: 0.81
[ 380] BRTI: $75,437.84 | Kalshi: 0.91
[ 390] BRTI: $75,388.47 | Kalshi: 0.34
[ 400] BRTI: $75,331.91 | Kalshi: 0.27
[ 410] BRTI: $75,446.78 | Kalshi: 0.32
[ 420] BRTI: $75,848.46 | Kalshi: 0.84
[ 430] BRTI: $75,927.22 | Kalshi: 0.91
[ 440] BRTI: $75,469.43 | Kalshi: 0.35
[ 450] BRTI: $75,674.43 | Kalshi: 0.41
[ 460] BRTI: $75,108.24 | Kalshi: 0.02
[ 470] BRTI: $75,766.51 | Kalshi: 0.96
[ 480] BRTI: $76,493.08 | Kalshi: 0.44
[ 490] BRTI: $76,237.98 | Kalshi: 0.32
[ 500] BRTI: $76,409.91 | Kalshi: 0.73
[ 510] BRTI: $76,438.45 | Kalshi: 0.42
[ 520] BRTI: $76,642.27 | Kalshi: 0.83
[ 530] BRTI: $76,477.40 | Kalshi: 0.51
[ 540] BRTI: $76,350.52 | Kalshi: 0.37
[ 550] BRTI: $76,393.95 | Kalshi: 0.36
[ 560] BRTI: $76,362.32 | Kalshi: 0.08
[ 570] BRTI: $76,422.08 | Kalshi: 0.70
[ 580] BRTI: $76,481.14 | Kalshi: 0.77
[ 590] BRTI: $76,489.89 | Kalshi: 0.91
[ 600] BRTI: $76,689.08 | Kalshi: 0.76
[ 610] BRTI: $76,680.99 | Kalshi: 0.90
[ 620] BRTI: $76,654.93 | Kalshi: 0.98
[ 630] BRTI: $76,676.29 | Kalshi: 0.67
[ 640] BRTI: $76,722.68 | Kalshi: 0.82
[ 650] BRTI: $76,842.98 | Kalshi: 0.99
[ 660] BRTI: $76,942.71 | Kalshi: 0.72
[ 670] BRTI: $76,897.01 | Kalshi: 0.70
[ 680] BRTI: $76,685.16 | Kalshi: 0.02
[ 690] BRTI: $76,661.71 | Kalshi: 0.48
[ 700] BRTI: $76,899.15 | Kalshi: 0.91
[ 710] BRTI: $76,874.29 | Kalshi: 0.97
[ 720] BRTI: $76,913.34 | Kalshi: 0.66
[ 730] BRTI: $76,999.50 | Kalshi: 0.84
[ 740] BRTI: $76,929.57 | Kalshi: 0.61
[ 750] BRTI: $76,769.20 | Kalshi: 0.40
[ 760] BRTI: $76,738.16 | Kalshi: 0.11
[ 770] BRTI: $76,731.04 | Kalshi: 0.00
[ 780] BRTI: $76,854.90 | Kalshi: 0.87
[ 790] BRTI: $77,021.93 | Kalshi: 0.98
[ 800] BRTI: $77,302.50 | Kalshi: 0.45
[ 810] BRTI: $77,270.53 | Kalshi: 0.54
[ 820] BRTI: $77,370.69 | Kalshi: 0.79
[ 830] BRTI: $77,420.85 | Kalshi: 0.47
[ 840] BRTI: $77,707.11 | Kalshi: 0.93
[ 850] BRTI: $77,678.17 | Kalshi: 0.97
[ 860] BRTI: $77,658.96 | Kalshi: 0.55
[ 870] BRTI: $77,691.96 | Kalshi: 0.72
[ 880] BRTI: $77,651.24 | Kalshi: 0.68
[ 890] BRTI: $77,613.70 | Kalshi: 0.44
[ 900] BRTI: $77,488.92 | Kalshi: 0.16
[ 910] BRTI: $77,494.46 | Kalshi: 0.13
[ 920] BRTI: $77,620.79 | Kalshi: 0.75
[ 930] BRTI: $77,703.69 | Kalshi: 0.78
[ 940] BRTI: $77,500.00 | Kalshi: 0.20
[ 950] BRTI: $77,459.81 | Kalshi: 0.33
[ 960] BRTI: $77,462.99 | Kalshi: 0.32
[ 970] BRTI: $77,508.76 | Kalshi: 0.10
[ 980] BRTI: $77,505.56 | Kalshi: 0.65
[ 990] BRTI: $77,571.51 | Kalshi: 0.86
[1000] BRTI: $77,528.67 | Kalshi: 0.84
[1010] BRTI: $77,631.65 | Kalshi: 0.25
[1020] BRTI: $77,619.90 | Kalshi: 0.29
[1030] BRTI: $77,679.77 | Kalshi: 0.26
[1040] BRTI: $77,790.19 | Kalshi: 0.56
[1050] BRTI: $77,820.31 | Kalshi: 0.66
[1060] BRTI: $77,858.51 | Kalshi: 0.86
[1070] BRTI: $77,766.08 | Kalshi: 0.35
[1080] BRTI: $77,861.81 | Kalshi: 0.72
[1090] BRTI: $77,827.93 | Kalshi: 0.61
[1100] BRTI: $77,729.11 | Kalshi: 0.68
[1110] BRTI: $77,854.44 | Kalshi: 0.88
[1120] BRTI: $77,881.78 | Kalshi: 0.99
[1130] BRTI: $77,931.91 | Kalshi: 0.59
[1140] BRTI: $77,993.94 | Kalshi: 0.74
[1150] BRTI: $78,172.26 | Kalshi: 0.97
[1160] BRTI: $78,043.97 | Kalshi: 0.24
[1170] BRTI: $77,824.40 | Kalshi: 0.04
[1180] BRTI: $77,842.96 | Kalshi: 0.00
[1190] BRTI: $77,837.86 | Kalshi: 0.55
[1200] BRTI: $77,805.98 | Kalshi: 0.59
[1210] BRTI: $77,977.84 | Kalshi: 0.99
[1220] BRTI: $77,808.76 | Kalshi: 0.27
[1230] BRTI: $77,819.13 | Kalshi: 0.15
[1240] BRTI: $77,849.81 | Kalshi: 0.01
[1250] BRTI: $77,828.22 | Kalshi: 0.52
[1260] BRTI: $78,004.40 | Kalshi: 0.89
[1270] BRTI: $77,945.45 | Kalshi: 0.91
[1280] BRTI: $77,812.66 | Kalshi: 0.36
[1290] BRTI: $77,894.43 | Kalshi: 0.66
[1300] BRTI: $77,886.13 | Kalshi: 0.05
[1310] BRTI: $77,837.88 | Kalshi: 0.52
[1320] BRTI: $77,952.02 | Kalshi: 0.80
[1330] BRTI: $78,291.84 | Kalshi: 0.99
[1340] BRTI: $78,050.35 | Kalshi: 0.12
[1350] BRTI: $77,939.23 | Kalshi: 0.01
[1360] BRTI: $77,730.33 | Kalshi: 0.00
[1370] BRTI: $77,649.94 | Kalshi: 0.30
[1380] BRTI: $78,036.13 | Kalshi: 0.98
[1390] BRTI: $77,969.15 | Kalshi: 0.99
[1400] BRTI: $78,245.04 | Kalshi: 0.82
[1410] BRTI: $78,497.40 | Kalshi: 0.93
[1420] BRTI: $78,491.06 | Kalshi: 0.45
[1430] BRTI: $78,268.65 | Kalshi: 0.28
[1440] BRTI: $78,262.58 | Kalshi: 0.21
[1450] BRTI: $77,740.54 | Kalshi: 0.31
[1460] BRTI: $77,836.71 | Kalshi: 0.56
[1470] BRTI: $78,195.09 | Kalshi: 0.95
[1480] BRTI: $78,193.10 | Kalshi: 0.29
[1490] BRTI: $78,398.55 | Kalshi: 0.76
[1500] BRTI: $78,865.32 | Kalshi: 0.99
[1510] BRTI: $78,468.54 | Kalshi: 0.32
[1520] BRTI: $78,528.31 | Kalshi: 0.29
[1530] BRTI: $79,206.86 | Kalshi: 0.97
[1540] BRTI: $78,971.75 | Kalshi: 0.52
[1550] BRTI: $78,979.01 | Kalshi: 0.59
[1560] BRTI: $78,825.19 | Kalshi: 0.06
[1570] BRTI: $78,754.93 | Kalshi: 0.52
[1580] BRTI: $78,663.91 | Kalshi: 0.32
[1590] BRTI: $79,092.33 | Kalshi: 0.97
[1600] BRTI: $79,213.16 | Kalshi: 0.65
[1610] BRTI: $79,031.09 | Kalshi: 0.36
[1620] BRTI: $78,921.60 | Kalshi: 0.06
[1630] BRTI: $79,024.64 | Kalshi: 0.58
[1640] BRTI: $79,032.20 | Kalshi: 0.53
[1650] BRTI: $78,845.18 | Kalshi: 0.06
[1660] BRTI: $79,000.47 | Kalshi: 0.41
[1670] BRTI: $78,674.07 | Kalshi: 0.07
[1680] BRTI: $78,647.25 | Kalshi: 0.00
[1690] BRTI: $78,919.99 | Kalshi: 0.89
[1700] BRTI: $78,817.65 | Kalshi: 0.89
[1710] BRTI: $78,925.49 | Kalshi: 0.99
[1720] BRTI: $78,962.88 | Kalshi: 0.49
[1730] BRTI: $79,179.82 | Kalshi: 0.90
[1740] BRTI: $78,985.22 | Kalshi: 0.90
[1750] BRTI: $79,020.23 | Kalshi: 0.71
[1760] BRTI: $78,988.05 | Kalshi: 0.61
[1770] BRTI: $78,824.72 | Kalshi: 0.00
[1780] BRTI: $78,989.56 | Kalshi: 0.78
[1790] BRTI: $78,943.44 | Kalshi: 0.87
[1800] BRTI: $78,957.33 | Kalshi: 0.99
[1810] BRTI: $78,824.96 | Kalshi: 0.20
[1820] BRTI: $78,763.97 | Kalshi: 0.05
[1830] BRTI: $78,680.17 | Kalshi: 0.45
[1840] BRTI: $78,571.03 | Kalshi: 0.29
[1850] BRTI: $78,604.04 | Kalshi: 0.12
[1860] BRTI: $78,375.68 | Kalshi: 0.35
[1870] BRTI: $78,692.70 | Kalshi: 0.90
[1880] BRTI: $78,655.47 | Kalshi: 0.95
[1890] BRTI: $78,587.67 | Kalshi: 0.54
[1900] BRTI: $78,582.62 | Kalshi: 0.49
[1910] BRTI: $78,628.56 | Kalshi: 0.75
[1920] BRTI: $78,541.44 | Kalshi: 0.42
[1930] BRTI: $78,392.97 | Kalshi: 0.15
[1940] BRTI: $78,466.84 | Kalshi: 0.08
[1950] BRTI: $78,540.91 | Kalshi: 0.49
[1960] BRTI: $78,462.40 | Kalshi: 0.33
[1970] BRTI: $78,408.60 | Kalshi: 0.05
[1980] BRTI: $78,404.35 | Kalshi: 0.42
[1990] BRTI: $78,314.13 | Kalshi: 0.25
[2000] BRTI: $78,440.66 | Kalshi: 0.52
[2010] BRTI: $78,469.45 | Kalshi: 0.40
[2020] BRTI: $78,344.98 | Kalshi: 0.10
[2030] BRTI: $78,355.98 | Kalshi: 0.03
[2040] BRTI: $78,295.79 | Kalshi: 0.36
[2050] BRTI: $78,470.62 | Kalshi: 0.72
[2060] BRTI: $78,438.15 | Kalshi: 0.54
[2070] BRTI: $78,352.86 | Kalshi: 0.35
[2080] BRTI: $78,450.15 | Kalshi: 0.71
[2090] BRTI: $78,460.67 | Kalshi: 0.92
[2100] BRTI: $78,324.56 | Kalshi: 0.42
[2110] BRTI: $78,262.68 | Kalshi: 0.19
[2120] BRTI: $78,178.26 | Kalshi: 0.00
[2130] BRTI: $78,084.03 | Kalshi: 0.29
[2140] BRTI: $78,059.59 | Kalshi: 0.21
[2150] BRTI: $77,998.75 | Kalshi: 0.01
[2160] BRTI: $78,062.04 | Kalshi: 0.73
[2170] BRTI: $78,253.81 | Kalshi: 0.95
[2180] BRTI: $78,313.65 | Kalshi: 0.99
[2190] BRTI: $78,332.98 | Kalshi: 0.55
[2200] BRTI: $78,203.24 | Kalshi: 0.15
[2210] BRTI: $78,177.50 | Kalshi: 0.00
[2220] BRTI: $78,368.02 | Kalshi: 0.94
[2230] BRTI: $78,434.70 | Kalshi: 0.96
[2240] BRTI: $78,415.57 | Kalshi: 0.99
[2250] BRTI: $78,372.29 | Kalshi: 0.59
[2260] BRTI: $78,476.63 | Kalshi: 0.84
[2270] BRTI: $78,463.42 | Kalshi: 0.99
[2280] BRTI: $78,581.71 | Kalshi: 0.83
[2290] BRTI: $78,703.26 | Kalshi: 0.96
[2300] BRTI: $78,757.09 | Kalshi: 0.99
[2310] BRTI: $78,596.62 | Kalshi: 0.06
[2320] BRTI: $78,598.63 | Kalshi: 0.05
[2330] BRTI: $78,621.81 | Kalshi: 0.00
[2340] BRTI: $78,721.33 | Kalshi: 0.92
[2350] BRTI: $78,725.52 | Kalshi: 0.97
[2360] BRTI: $78,776.34 | Kalshi: 0.45
[2370] BRTI: $78,760.53 | Kalshi: 0.32
[2380] BRTI: $78,740.87 | Kalshi: 0.33
[2390] BRTI: $78,750.78 | Kalshi: 0.15
[2400] BRTI: $78,666.23 | Kalshi: 0.29
[2410] BRTI: $78,674.28 | Kalshi: 0.18
[2420] BRTI: $78,760.10 | Kalshi: 0.62
[2430] BRTI: $78,687.70 | Kalshi: 0.28
[2440] BRTI: $78,591.70 | Kalshi: 0.02
[2450] BRTI: $78,561.18 | Kalshi: 0.53
[2460] BRTI: $78,757.71 | Kalshi: 0.96
[2470] BRTI: $78,862.14 | Kalshi: 0.99
[2480] BRTI: $78,814.22 | Kalshi: 0.41
[2490] BRTI: $78,754.14 | Kalshi: 0.12
[2500] BRTI: $78,692.29 | Kalshi: 0.01
[2510] BRTI: $78,654.32 | Kalshi: 0.34
[2520] BRTI: $78,531.26 | Kalshi: 0.07
[2530] BRTI: $78,408.27 | Kalshi: 0.00
[2540] BRTI: $78,562.16 | Kalshi: 0.68
[2550] BRTI: $78,789.91 | Kalshi: 0.95
[2560] BRTI: $78,785.06 | Kalshi: 0.99
[2570] BRTI: $78,846.73 | Kalshi: 0.42
[2580] BRTI: $78,815.07 | Kalshi: 0.37
[2590] BRTI: $78,836.31 | Kalshi: 0.27
[2600] BRTI: $78,909.43 | Kalshi: 0.56
[2610] BRTI: $78,872.15 | Kalshi: 0.42
[2620] BRTI: $78,964.78 | Kalshi: 0.93
[2630] BRTI: $79,088.03 | Kalshi: 0.69
[2640] BRTI: $78,858.69 | Kalshi: 0.05
[2650] BRTI: $78,809.64 | Kalshi: 0.00
[2660] BRTI: $78,747.39 | Kalshi: 0.26
[2670] BRTI: $78,831.68 | Kalshi: 0.57
[2680] BRTI: $78,816.24 | Kalshi: 0.33
[2690] BRTI: $78,820.48 | Kalshi: 0.31
[2700] BRTI: $78,809.07 | Kalshi: 0.26
[2710] BRTI: $78,819.57 | Kalshi: 0.02
[2720] BRTI: $78,876.29 | Kalshi: 0.46
[2730] BRTI: $78,940.74 | Kalshi: 0.78
[2740] BRTI: $78,967.84 | Kalshi: 0.98
[2750] BRTI: $78,794.38 | Kalshi: 0.13
[2760] BRTI: $78,707.75 | Kalshi: 0.02
[2770] BRTI: $78,512.60 | Kalshi: 0.00
[2780] BRTI: $78,598.26 | Kalshi: 0.86
[2790] BRTI: $78,802.34 | Kalshi: 0.96
[2800] BRTI: $78,649.92 | Kalshi: 0.99
[2810] BRTI: $78,625.41 | Kalshi: 0.53
[2820] BRTI: $78,567.96 | Kalshi: 0.08
[2830] BRTI: $78,393.03 | Kalshi: 0.00
[2840] BRTI: $78,000.49 | Kalshi: 0.03
[2850] BRTI: $77,905.36 | Kalshi: 0.00
[2860] BRTI: $77,750.72 | Kalshi: 0.45
[2870] BRTI: $77,655.04 | Kalshi: 0.28
[2880] BRTI: $77,973.28 | Kalshi: 0.91
[2890] BRTI: $77,995.33 | Kalshi: 0.45
[2900] BRTI: $77,806.84 | Kalshi: 0.15
[2910] BRTI: $78,080.16 | Kalshi: 0.62
[2920] BRTI: $78,225.72 | Kalshi: 0.28
[2930] BRTI: $78,418.52 | Kalshi: 0.78
[2940] BRTI: $78,426.30 | Kalshi: 0.94
[2950] BRTI: $78,505.83 | Kalshi: 0.31
[2960] BRTI: $78,511.17 | Kalshi: 0.34
[2970] BRTI: $78,602.25 | Kalshi: 0.84
[2980] BRTI: $78,725.82 | Kalshi: 0.40
[2990] BRTI: $78,555.12 | Kalshi: 0.12
[3000] BRTI: $78,646.24 | Kalshi: 0.12
[3010] BRTI: $78,681.21 | Kalshi: 0.37
[3020] BRTI: $78,585.20 | Kalshi: 0.23
[3030] BRTI: $78,508.28 | Kalshi: 0.01
[3040] BRTI: $78,505.52 | Kalshi: 0.69
[3050] BRTI: $78,615.50 | Kalshi: 0.82
[3060] BRTI: $78,904.42 | Kalshi: 0.99
[3070] BRTI: $78,886.83 | Kalshi: 0.36
[3080] BRTI: $78,827.68 | Kalshi: 0.13
[3090] BRTI: $78,806.05 | Kalshi: 0.03
[3100] BRTI: $78,721.59 | Kalshi: 0.38
[3110] BRTI: $78,686.05 | Kalshi: 0.18
[3120] BRTI: $78,642.45 | Kalshi: 0.02
[3130] BRTI: $78,434.40 | Kalshi: 0.50
[3140] BRTI: $78,285.11 | Kalshi: 0.09
[3150] BRTI: $78,379.40 | Kalshi: 0.08
[3160] BRTI: $78,426.29 | Kalshi: 0.63
[3170] BRTI: $78,402.02 | Kalshi: 0.58
[3180] BRTI: $78,387.33 | Kalshi: 0.59
[3190] BRTI: $78,395.12 | Kalshi: 0.79
[3200] BRTI: $78,357.23 | Kalshi: 0.72
[3210] BRTI: $78,308.01 | Kalshi: 0.45
[3220] BRTI: $78,197.81 | Kalshi: 0.42
[3230] BRTI: $77,957.38 | Kalshi: 0.06
[3240] BRTI: $78,028.89 | Kalshi: 0.02
[3250] BRTI: $78,069.62 | Kalshi: 0.51
[3260] BRTI: $78,319.46 | Kalshi: 0.95
[3270] BRTI: $78,344.81 | Kalshi: 0.99
[3280] BRTI: $78,412.30 | Kalshi: 0.31
[3290] BRTI: $78,539.15 | Kalshi: 0.40
[3300] BRTI: $78,467.18 | Kalshi: 0.06
[3310] BRTI: $78,552.03 | Kalshi: 0.88
[3320] BRTI: $78,531.64 | Kalshi: 0.81
[3330] BRTI: $78,522.43 | Kalshi: 0.99
[3340] BRTI: $78,505.54 | Kalshi: 0.36
[3350] BRTI: $78,677.87 | Kalshi: 0.90
[3360] BRTI: $78,748.14 | Kalshi: 0.99
[3370] BRTI: $78,641.63 | Kalshi: 0.17
[3380] BRTI: $78,654.20 | Kalshi: 0.14
[3390] BRTI: $78,658.06 | Kalshi: 0.02
[3400] BRTI: $78,758.34 | Kalshi: 0.81
[3410] BRTI: $78,798.54 | Kalshi: 0.90
[3420] BRTI: $78,755.49 | Kalshi: 0.99
[3430] BRTI: $78,766.19 | Kalshi: 0.61
[3440] BRTI: $78,727.34 | Kalshi: 0.16
[3450] BRTI: $78,728.62 | Kalshi: 0.45
[3460] BRTI: $78,731.82 | Kalshi: 0.63
[3470] BRTI: $78,624.88 | Kalshi: 0.11
[3480] BRTI: $78,450.48 | Kalshi: 0.45
[3490] BRTI: $78,652.47 | Kalshi: 0.86
[3500] BRTI: $78,857.74 | Kalshi: 0.99
[3510] BRTI: $78,824.26 | Kalshi: 0.47
[3520] BRTI: $78,874.51 | Kalshi: 0.63
[3530] BRTI: $78,928.62 | Kalshi: 0.72
[3540] BRTI: $78,930.04 | Kalshi: 0.37
[3550] BRTI: $78,854.29 | Kalshi: 0.09
[3560] BRTI: $78,657.40 | Kalshi: 0.00
[3570] BRTI: $78,715.40 | Kalshi: 0.59
[3580] BRTI: $78,729.95 | Kalshi: 0.74
[3590] BRTI: $78,604.57 | Kalshi: 0.07
[3600] BRTI: $78,106.54 | Kalshi: 0.45
[3610] BRTI: $78,270.64 | Kalshi: 0.64
[3620] BRTI: $77,954.41 | Kalshi: 0.03
[3630] BRTI: $77,964.95 | Kalshi: 0.59
[3640] BRTI: $78,290.40 | Kalshi: 0.95
[3650] BRTI: $78,274.82 | Kalshi: 0.99
[3660] BRTI: $78,250.09 | Kalshi: 0.46
[3670] BRTI: $78,261.91 | Kalshi: 0.39
[3680] BRTI: $78,343.47 | Kalshi: 0.84
[3690] BRTI: $78,319.86 | Kalshi: 0.34
[3700] BRTI: $78,426.64 | Kalshi: 0.72
[3710] BRTI: $78,453.33 | Kalshi: 0.94
[3720] BRTI: $78,489.22 | Kalshi: 0.48
[3730] BRTI: $78,360.52 | Kalshi: 0.09
[3740] BRTI: $78,428.00 | Kalshi: 0.12
[3750] BRTI: $78,297.03 | Kalshi: 0.10
[3760] BRTI: $78,107.32 | Kalshi: 0.01
[3770] BRTI: $78,132.97 | Kalshi: 0.00
[3780] BRTI: $78,146.09 | Kalshi: 0.68
[3790] BRTI: $78,074.89 | Kalshi: 0.37
[3800] BRTI: $78,053.08 | Kalshi: 0.11
[3810] BRTI: $78,085.22 | Kalshi: 0.63
[3820] BRTI: $78,147.94 | Kalshi: 0.86
[3830] BRTI: $78,153.76 | Kalshi: 0.97
[3840] BRTI: $78,159.16 | Kalshi: 0.55
[3850] BRTI: $78,086.59 | Kalshi: 0.11
[3860] BRTI: $77,986.07 | Kalshi: 0.00
[3870] BRTI: $78,029.10 | Kalshi: 0.69
[3880] BRTI: $78,188.11 | Kalshi: 0.94
[3890] BRTI: $78,187.57 | Kalshi: 0.99
[3900] BRTI: $78,241.56 | Kalshi: 0.66
[3910] BRTI: $78,209.21 | Kalshi: 0.60
[3920] BRTI: $78,108.86 | Kalshi: 0.05
[3930] BRTI: $77,991.94 | Kalshi: 0.29
[3940] BRTI: $78,051.66 | Kalshi: 0.73
[3950] BRTI: $78,244.87 | Kalshi: 0.99
[3960] BRTI: $78,128.92 | Kalshi: 0.37
[3970] BRTI: $78,120.61 | Kalshi: 0.18
[3980] BRTI: $78,201.75 | Kalshi: 0.80
[3990] BRTI: $78,197.24 | Kalshi: 0.30
[4000] BRTI: $78,280.68 | Kalshi: 0.53
[4010] BRTI: $78,229.64 | Kalshi: 0.00
[4020] BRTI: $78,363.44 | Kalshi: 0.81
[4030] BRTI: $78,311.72 | Kalshi: 0.78
[4040] BRTI: $78,296.68 | Kalshi: 0.99
[4050] BRTI: $78,202.46 | Kalshi: 0.24
[4060] BRTI: $78,299.99 | Kalshi: 0.44
[4070] BRTI: $78,344.86 | Kalshi: 0.99
[4080] BRTI: $78,299.81 | Kalshi: 0.28
[4090] BRTI: $78,204.34 | Kalshi: 0.05
[4100] BRTI: $78,346.41 | Kalshi: 0.45
[4110] BRTI: $78,308.67 | Kalshi: 0.44
[4120] BRTI: $78,333.08 | Kalshi: 0.62
[4130] BRTI: $78,251.85 | Kalshi: 0.45
[4140] BRTI: $78,294.84 | Kalshi: 0.63
[4150] BRTI: $78,215.26 | Kalshi: 0.24
[4160] BRTI: $78,242.91 | Kalshi: 0.35
[4170] BRTI: $78,255.74 | Kalshi: 0.43
[4180] BRTI: $78,255.59 | Kalshi: 0.40
[4190] BRTI: $78,340.52 | Kalshi: 0.30
[4200] BRTI: $78,086.48 | Kalshi: 0.11
[4210] BRTI: $78,279.40 | Kalshi: 0.18
[4220] BRTI: $78,317.57 | Kalshi: 0.43
[4230] BRTI: $78,135.64 | Kalshi: 0.19
[4240] BRTI: $77,899.29 | Kalshi: 0.03
[4250] BRTI: $77,702.33 | Kalshi: 0.47
[4260] BRTI: $77,789.34 | Kalshi: 0.46
[4270] BRTI: $77,390.97 | Kalshi: 0.04
[4280] BRTI: $77,168.95 | Kalshi: 0.51
[4290] BRTI: $77,494.54 | Kalshi: 0.73
[4300] BRTI: $77,406.57 | Kalshi: 0.89
[4310] BRTI: $77,175.53 | Kalshi: 0.69
[4320] BRTI: $77,544.07 | Kalshi: 0.91
[4330] BRTI: $77,889.10 | Kalshi: 0.96
[4340] BRTI: $77,624.89 | Kalshi: 0.32
[4350] BRTI: $77,745.70 | Kalshi: 0.48
[4360] BRTI: $77,630.19 | Kalshi: 0.10
[4370] BRTI: $77,424.53 | Kalshi: 0.44
[4380] BRTI: $77,924.28 | Kalshi: 0.90
[4390] BRTI: $78,012.22 | Kalshi: 0.98
[4400] BRTI: $77,932.68 | Kalshi: 0.26
[4410] BRTI: $77,632.91 | Kalshi: 0.06
[4420] BRTI: $77,372.25 | Kalshi: 0.00
[4430] BRTI: $77,104.06 | Kalshi: 0.20
[4440] BRTI: $77,114.09 | Kalshi: 0.15
[4450] BRTI: $76,841.74 | Kalshi: 0.00
[4460] BRTI: $76,700.21 | Kalshi: 0.44
[4470] BRTI: $76,743.86 | Kalshi: 0.52
[4480] BRTI: $76,705.65 | Kalshi: 0.65
[4490] BRTI: $76,668.41 | Kalshi: 0.48
[4500] BRTI: $76,574.62 | Kalshi: 0.35
[4510] BRTI: $76,612.10 | Kalshi: 0.10
[4520] BRTI: $76,363.44 | Kalshi: 0.29
[4530] BRTI: $76,100.86 | Kalshi: 0.05
[4540] BRTI: $75,826.90 | Kalshi: 0.00
[4550] BRTI: $75,709.79 | Kalshi: 0.45
[4560] BRTI: $75,965.15 | Kalshi: 0.84
[4570] BRTI: $75,875.73 | Kalshi: 0.97
[4580] BRTI: $75,809.15 | Kalshi: 0.35
[4590] BRTI: $75,587.09 | Kalshi: 0.05
[4600] BRTI: $75,240.03 | Kalshi: 0.00
[4610] BRTI: $74,954.29 | Kalshi: 0.21
[4620] BRTI: $75,072.23 | Kalshi: 0.23
[4630] BRTI: $74,894.65 | Kalshi: 0.00
[4640] BRTI: $75,063.92 | Kalshi: 0.71
[4650] BRTI: $74,923.89 | Kalshi: 0.51
[4660] BRTI: $74,713.82 | Kalshi: 0.00
[4670] BRTI: $74,563.04 | Kalshi: 0.38
[4680] BRTI: $74,368.60 | Kalshi: 0.17
[4690] BRTI: $74,043.06 | Kalshi: 0.00
[4700] BRTI: $74,091.90 | Kalshi: 0.46
[4710] BRTI: $74,084.27 | Kalshi: 0.52
[4720] BRTI: $73,714.87 | Kalshi: 0.00
[4730] BRTI: $73,231.16 | Kalshi: 0.08
[4740] BRTI: $73,157.58 | Kalshi: 0.02
[4750] BRTI: $73,101.93 | Kalshi: 0.00
[4760] BRTI: $73,096.06 | Kalshi: 0.39
[4770] BRTI: $73,708.21 | Kalshi: 0.97
[4780] BRTI: $74,522.15 | Kalshi: 0.45
[4790] BRTI: $74,969.44 | Kalshi: 0.80
[4800] BRTI: $74,715.25 | Kalshi: 0.51
[4810] BRTI: $74,882.17 | Kalshi: 0.54
[4820] BRTI: $74,946.25 | Kalshi: 0.49
[4830] BRTI: $74,854.87 | Kalshi: 0.75
[4840] BRTI: $74,753.72 | Kalshi: 0.40
[4850] BRTI: $74,620.72 | Kalshi: 0.29
[4860] BRTI: $74,848.63 | Kalshi: 0.71
[4870] BRTI: $74,947.94 | Kalshi: 0.42
[4880] BRTI: $74,658.55 | Kalshi: 0.14
[4890] BRTI: $74,553.19 | Kalshi: 0.01
[4900] BRTI: $74,645.11 | Kalshi: 0.53
[4910] BRTI: $75,115.04 | Kalshi: 0.93
[4920] BRTI: $75,626.40 | Kalshi: 0.99
[4930] BRTI: $76,099.14 | Kalshi: 0.81
[4940] BRTI: $76,463.52 | Kalshi: 0.94
[4950] BRTI: $76,255.20 | Kalshi: 0.99
[4960] BRTI: $76,440.76 | Kalshi: 0.55
[4970] BRTI: $76,441.19 | Kalshi: 0.65
[4980] BRTI: $76,355.84 | Kalshi: 0.66
[4990] BRTI: $76,660.34 | Kalshi: 0.71
[5000] BRTI: $76,698.79 | Kalshi: 0.81
[5010] BRTI: $76,758.78 | Kalshi: 0.99
[5020] BRTI: $76,495.18 | Kalshi: 0.22
[5030] BRTI: $76,394.45 | Kalshi: 0.05
[5040] BRTI: $76,402.52 | Kalshi: 0.01
[5050] BRTI: $76,521.90 | Kalshi: 0.59
[5060] BRTI: $76,365.21 | Kalshi: 0.23
[5070] BRTI: $76,235.15 | Kalshi: 0.00
[5080] BRTI: $76,224.25 | Kalshi: 0.38
[5090] BRTI: $76,231.07 | Kalshi: 0.22
[5100] BRTI: $76,161.20 | Kalshi: 0.02
[5110] BRTI: $76,174.90 | Kalshi: 0.48
[5120] BRTI: $75,844.97 | Kalshi: 0.02
[5130] BRTI: $75,837.63 | Kalshi: 0.00
[5140] BRTI: $75,486.18 | Kalshi: 0.11
[5150] BRTI: $75,771.20 | Kalshi: 0.36
[5160] BRTI: $75,901.10 | Kalshi: 0.97
[5170] BRTI: $75,857.81 | Kalshi: 0.30
[5180] BRTI: $75,919.49 | Kalshi: 0.43
[5190] BRTI: $75,807.50 | Kalshi: 0.01
[5200] BRTI: $75,473.88 | Kalshi: 0.04
[5210] BRTI: $75,584.26 | Kalshi: 0.05
[5220] BRTI: $75,578.52 | Kalshi: 0.00
[5230] BRTI: $75,453.08 | Kalshi: 0.16
[5240] BRTI: $75,481.78 | Kalshi: 0.20
[5250] BRTI: $75,692.89 | Kalshi: 0.99
[5260] BRTI: $75,697.21 | Kalshi: 0.62
[5270] BRTI: $75,736.07 | Kalshi: 0.77
[5280] BRTI: $75,711.39 | Kalshi: 0.18
[5290] BRTI: $75,800.26 | Kalshi: 0.79
[5300] BRTI: $75,914.28 | Kalshi: 0.96
[5310] BRTI: $75,783.69 | Kalshi: 0.48
[5320] BRTI: $75,646.52 | Kalshi: 0.27
[5330] BRTI: $75,677.71 | Kalshi: 0.14
[5340] BRTI: $75,685.49 | Kalshi: 0.45
[5350] BRTI: $75,549.18 | Kalshi: 0.25
[5360] BRTI: $75,514.15 | Kalshi: 0.04
[5370] BRTI: $75,446.59 | Kalshi: 0.55
[5380] BRTI: $75,719.34 | Kalshi: 0.92
[5390] BRTI: $75,811.31 | Kalshi: 0.99
[5400] BRTI: $75,951.62 | Kalshi: 0.48
[5410] BRTI: $76,127.48 | Kalshi: 0.90
[5420] BRTI: $76,113.81 | Kalshi: 0.98
[5430] BRTI: $76,001.98 | Kalshi: 0.39
[5440] BRTI: $76,042.27 | Kalshi: 0.49
[5450] BRTI: $75,887.48 | Kalshi: 0.07
[5460] BRTI: $76,012.85 | Kalshi: 0.78
[5470] BRTI: $76,267.01 | Kalshi: 0.95
[5480] BRTI: $76,401.40 | Kalshi: 0.99
[5490] BRTI: $76,429.52 | Kalshi: 0.33
[5500] BRTI: $76,399.57 | Kalshi: 0.32
[5510] BRTI: $76,313.05 | Kalshi: 0.06
[5520] BRTI: $76,410.44 | Kalshi: 0.61
[5530] BRTI: $76,603.29 | Kalshi: 0.92
[5540] BRTI: $76,692.20 | Kalshi: 0.99
[5550] BRTI: $76,584.76 | Kalshi: 0.27
[5560] BRTI: $76,242.39 | Kalshi: 0.02
[5570] BRTI: $76,327.27 | Kalshi: 0.00
[5580] BRTI: $76,344.21 | Kalshi: 0.43
[5590] BRTI: $76,426.49 | Kalshi: 0.66
[5600] BRTI: $76,411.58 | Kalshi: 0.58
[5610] BRTI: $76,490.44 | Kalshi: 0.80
[5620] BRTI: $76,430.14 | Kalshi: 0.75
[5630] BRTI: $76,220.26 | Kalshi: 0.04
[5640] BRTI: $76,053.12 | Kalshi: 0.33
[5650] BRTI: $75,999.63 | Kalshi: 0.17
[5660] BRTI: $75,694.70 | Kalshi: 0.00
[5670] BRTI: $75,927.27 | Kalshi: 0.56
[5680] BRTI: $75,697.78 | Kalshi: 0.16
[5690] BRTI: $75,905.34 | Kalshi: 0.80
[5700] BRTI: $75,986.36 | Kalshi: 0.55
[5710] BRTI: $76,154.68 | Kalshi: 0.95
[5720] BRTI: $76,467.79 | Kalshi: 0.99
[5730] BRTI: $76,436.24 | Kalshi: 0.35
[5740] BRTI: $76,408.35 | Kalshi: 0.26
[5750] BRTI: $76,336.39 | Kalshi: 0.00
[5760] BRTI: $76,439.39 | Kalshi: 0.75
[5770] BRTI: $76,789.56 | Kalshi: 0.98
[5780] BRTI: $76,665.86 | Kalshi: 0.99
[5790] BRTI: $76,662.47 | Kalshi: 0.50
[5800] BRTI: $76,632.92 | Kalshi: 0.50
[5810] BRTI: $76,663.13 | Kalshi: 0.70
[5820] BRTI: $76,594.13 | Kalshi: 0.32
[5830] BRTI: $76,685.43 | Kalshi: 0.64
[5840] BRTI: $76,661.54 | Kalshi: 0.99
[5850] BRTI: $76,577.15 | Kalshi: 0.31
[5860] BRTI: $76,540.82 | Kalshi: 0.17
[5870] BRTI: $76,474.62 | Kalshi: 0.00
[5880] BRTI: $76,632.83 | Kalshi: 0.70
[5890] BRTI: $76,590.06 | Kalshi: 0.79
[5900] BRTI: $76,543.82 | Kalshi: 0.99
[5910] BRTI: $76,471.06 | Kalshi: 0.21
[5920] BRTI: $76,389.93 | Kalshi: 0.04
[5930] BRTI: $76,423.43 | Kalshi: 0.45
[5940] BRTI: $76,423.65 | Kalshi: 0.56
[5950] BRTI: $76,413.49 | Kalshi: 0.36
[5960] BRTI: $76,432.98 | Kalshi: 0.56
[5970] BRTI: $76,364.11 | Kalshi: 0.14
[5980] BRTI: $76,408.78 | Kalshi: 0.44
[5990] BRTI: $76,367.94 | Kalshi: 0.50
[6000] BRTI: $76,322.47 | Kalshi: 0.29
[6010] BRTI: $76,277.84 | Kalshi: 0.06
[6020] BRTI: $76,197.80 | Kalshi: 0.43
[6030] BRTI: $76,234.49 | Kalshi: 0.60
[6040] BRTI: $76,112.69 | Kalshi: 0.10
[6050] BRTI: $76,226.63 | Kalshi: 0.55
[6060] BRTI: $76,378.57 | Kalshi: 0.92
[6070] BRTI: $76,522.81 | Kalshi: 0.99
[6080] BRTI: $76,487.55 | Kalshi: 0.36
[6090] BRTI: $76,414.14 | Kalshi: 0.07
[6100] BRTI: $76,402.96 | Kalshi: 0.03
[6110] BRTI: $76,413.90 | Kalshi: 0.35
[6120] BRTI: $76,499.29 | Kalshi: 0.84
[6130] BRTI: $76,632.35 | Kalshi: 0.97
[6140] BRTI: $76,687.71 | Kalshi: 0.68
[6150] BRTI: $76,591.04 | Kalshi: 0.24
[6160] BRTI: $76,569.71 | Kalshi: 0.14
[6170] BRTI: $76,549.83 | Kalshi: 0.31
[6180] BRTI: $76,374.87 | Kalshi: 0.02
[6190] BRTI: $76,364.74 | Kalshi: 0.00
[6200] BRTI: $76,490.85 | Kalshi: 0.42
[6210] BRTI: $76,478.03 | Kalshi: 0.35
[6220] BRTI: $76,400.25 | Kalshi: 0.01
[6230] BRTI: $76,395.84 | Kalshi: 0.48
[6240] BRTI: $76,335.75 | Kalshi: 0.34
[6250] BRTI: $76,531.93 | Kalshi: 0.96
[6260] BRTI: $76,426.47 | Kalshi: 0.28
[6270] BRTI: $76,484.99 | Kalshi: 0.58
[6280] BRTI: $76,456.96 | Kalshi: 0.12
