2026-02-05 05:42:12,665 [INFO] 🔍 ===== CROSS-PLATFORM ARB SCANNER STARTING =====
2026-02-05 05:42:12,666 [INFO] Duration: 720 min | Poll interval: 60s
2026-02-05 05:42:12,666 [INFO] 
--- Scan cycle 1 ---
2026-02-05 05:42:14,467 [INFO] Fed: 30 Kalshi markets, 1 PM events
2026-02-05 05:42:14,467 [INFO]   PM: Fed decision in March? | vol24=$3,609,979
2026-02-05 05:42:15,308 [INFO] Sports: 30 liquid PM events
2026-02-05 05:42:15,308 [INFO]   Who will Trump nominate as Fed Chair? | vol24=$8,759,238
2026-02-05 05:42:15,309 [INFO]   US strikes Iran by...? | vol24=$8,315,762
2026-02-05 05:42:15,309 [INFO]   Democratic Presidential Nominee 2028 | vol24=$5,471,274
2026-02-05 05:42:15,309 [INFO]   Thunder vs. Spurs | vol24=$3,679,225
2026-02-05 05:42:15,309 [INFO]   Republican Presidential Nominee 2028 | vol24=$3,645,739
2026-02-05 05:43:15,314 [INFO] 
--- Scan cycle 2 ---
2026-02-05 05:43:16,529 [INFO] Fed: 30 Kalshi markets, 1 PM events
2026-02-05 05:43:16,530 [INFO]   PM: Fed decision in March? | vol24=$3,609,979
2026-02-05 05:43:16,833 [INFO] Sports: 30 liquid PM events
2026-02-05 05:43:16,833 [INFO]   Who will Trump nominate as Fed Chair? | vol24=$8,759,238
2026-02-05 05:43:16,833 [INFO]   US strikes Iran by...? | vol24=$8,315,762
2026-02-05 05:43:16,833 [INFO]   Democratic Presidential Nominee 2028 | vol24=$5,471,274
2026-02-05 05:43:16,833 [INFO]   Thunder vs. Spurs | vol24=$3,679,225
2026-02-05 05:43:16,833 [INFO]   Republican Presidential Nominee 2028 | vol24=$3,645,739
2026-02-05 05:44:16,839 [INFO] 
--- Scan cycle 3 ---
2026-02-05 05:44:18,535 [INFO] Fed: 30 Kalshi markets, 1 PM events
2026-02-05 05:44:18,536 [INFO]   PM: Fed decision in March? | vol24=$3,609,979
2026-02-05 05:44:19,377 [INFO] Sports: 30 liquid PM events
2026-02-05 05:44:19,378 [INFO]   Who will Trump nominate as Fed Chair? | vol24=$8,759,238
2026-02-05 05:44:19,378 [INFO]   US strikes Iran by...? | vol24=$8,315,762
2026-02-05 05:44:19,378 [INFO]   Democratic Presidential Nominee 2028 | vol24=$5,471,274
2026-02-05 05:44:19,378 [INFO]   Thunder vs. Spurs | vol24=$3,679,225
2026-02-05 05:44:19,378 [INFO]   Republican Presidential Nominee 2028 | vol24=$3,645,739
2026-02-05 05:45:19,385 [INFO] 
--- Scan cycle 4 ---
2026-02-05 05:45:20,590 [INFO] Fed: 30 Kalshi markets, 1 PM events
2026-02-05 05:45:20,590 [INFO]   PM: Fed decision in March? | vol24=$3,609,979
2026-02-05 05:45:20,880 [INFO] Sports: 30 liquid PM events
2026-02-05 05:45:20,880 [INFO]   Who will Trump nominate as Fed Chair? | vol24=$8,759,238
2026-02-05 05:45:20,880 [INFO]   US strikes Iran by...? | vol24=$8,315,762
2026-02-05 05:45:20,880 [INFO]   Democratic Presidential Nominee 2028 | vol24=$5,471,274
2026-02-05 05:45:20,880 [INFO]   Thunder vs. Spurs | vol24=$3,679,225
2026-02-05 05:45:20,880 [INFO]   Republican Presidential Nominee 2028 | vol24=$3,645,739
2026-02-05 05:46:20,884 [INFO] 
--- Scan cycle 5 ---
2026-02-05 05:46:22,815 [INFO] Fed: 30 Kalshi markets, 1 PM events
2026-02-05 05:46:22,815 [INFO]   PM: Fed decision in March? | vol24=$3,609,979
2026-02-05 05:46:23,912 [INFO] Sports: 30 liquid PM events
2026-02-05 05:46:23,912 [INFO]   Who will Trump nominate as Fed Chair? | vol24=$8,759,238
2026-02-05 05:46:23,913 [INFO]   US strikes Iran by...? | vol24=$8,315,762
2026-02-05 05:46:23,913 [INFO]   Democratic Presidential Nominee 2028 | vol24=$5,471,274
2026-02-05 05:46:23,913 [INFO]   Thunder vs. Spurs | vol24=$3,679,225
2026-02-05 05:46:23,913 [INFO]   Republican Presidential Nominee 2028 | vol24=$3,645,739
2026-02-05 05:47:23,918 [INFO] 
--- Scan cycle 6 ---
2026-02-05 05:47:25,031 [INFO] Fed: 30 Kalshi markets, 1 PM events
2026-02-05 05:47:25,031 [INFO]   PM: Fed decision in March? | vol24=$3,609,979
2026-02-05 05:47:25,314 [INFO] Sports: 30 liquid PM events
2026-02-05 05:47:25,314 [INFO]   Who will Trump nominate as Fed Chair? | vol24=$8,759,238
2026-02-05 05:47:25,314 [INFO]   US strikes Iran by...? | vol24=$8,315,762
2026-02-05 05:47:25,314 [INFO]   Democratic Presidential Nominee 2028 | vol24=$5,471,274
2026-02-05 05:47:25,314 [INFO]   Thunder vs. Spurs | vol24=$3,679,225
2026-02-05 05:47:25,314 [INFO]   Republican Presidential Nominee 2028 | vol24=$3,645,739
2026-02-05 05:48:25,319 [INFO] 
--- Scan cycle 7 ---
2026-02-05 05:48:27,304 [INFO] Fed: 30 Kalshi markets, 1 PM events
2026-02-05 05:48:27,305 [INFO]   PM: Fed decision in March? | vol24=$3,609,979
2026-02-05 05:48:27,992 [INFO] Sports: 30 liquid PM events
2026-02-05 05:48:27,992 [INFO]   Who will Trump nominate as Fed Chair? | vol24=$8,759,238
2026-02-05 05:48:27,992 [INFO]   US strikes Iran by...? | vol24=$8,315,762
2026-02-05 05:48:27,993 [INFO]   Democratic Presidential Nominee 2028 | vol24=$5,471,274
2026-02-05 05:48:27,993 [INFO]   Thunder vs. Spurs | vol24=$3,679,225
2026-02-05 05:48:27,993 [INFO]   Republican Presidential Nominee 2028 | vol24=$3,645,739
2026-02-05 05:49:27,999 [INFO] 
--- Scan cycle 8 ---
2026-02-05 05:49:29,229 [INFO] Fed: 30 Kalshi markets, 1 PM events
2026-02-05 05:49:29,229 [INFO]   PM: Fed decision in March? | vol24=$3,609,979
2026-02-05 05:49:29,519 [INFO] Sports: 30 liquid PM events
2026-02-05 05:49:29,519 [INFO]   Who will Trump nominate as Fed Chair? | vol24=$8,759,238
2026-02-05 05:49:29,519 [INFO]   US strikes Iran by...? | vol24=$8,315,762
2026-02-05 05:49:29,519 [INFO]   Democratic Presidential Nominee 2028 | vol24=$5,471,274
2026-02-05 05:49:29,520 [INFO]   Thunder vs. Spurs | vol24=$3,679,225
2026-02-05 05:49:29,520 [INFO]   Republican Presidential Nominee 2028 | vol24=$3,645,739
2026-02-05 05:50:29,527 [INFO] 
--- Scan cycle 9 ---
2026-02-05 05:50:31,495 [INFO] Fed: 30 Kalshi markets, 1 PM events
2026-02-05 05:50:31,496 [INFO]   PM: Fed decision in March? | vol24=$3,609,979
2026-02-05 05:50:32,170 [INFO] Sports: 30 liquid PM events
2026-02-05 05:50:32,170 [INFO]   Who will Trump nominate as Fed Chair? | vol24=$8,759,238
2026-02-05 05:50:32,170 [INFO]   US strikes Iran by...? | vol24=$8,315,762
2026-02-05 05:50:32,171 [INFO]   Democratic Presidential Nominee 2028 | vol24=$5,471,274
2026-02-05 05:50:32,171 [INFO]   Thunder vs. Spurs | vol24=$3,679,225
2026-02-05 05:50:32,171 [INFO]   Republican Presidential Nominee 2028 | vol24=$3,645,739
2026-02-05 05:51:32,178 [INFO] 
--- Scan cycle 10 ---
2026-02-05 05:51:33,324 [INFO] Fed: 30 Kalshi markets, 1 PM events
2026-02-05 05:51:33,325 [INFO]   PM: Fed decision in March? | vol24=$3,609,979
2026-02-05 05:51:33,628 [INFO] Sports: 30 liquid PM events
2026-02-05 05:51:33,628 [INFO]   Who will Trump nominate as Fed Chair? | vol24=$8,759,238
2026-02-05 05:51:33,628 [INFO]   US strikes Iran by...? | vol24=$8,315,762
2026-02-05 05:51:33,628 [INFO]   Democratic Presidential Nominee 2028 | vol24=$5,471,274
2026-02-05 05:51:33,628 [INFO]   Thunder vs. Spurs | vol24=$3,679,225
2026-02-05 05:51:33,628 [INFO]   Republican Presidential Nominee 2028 | vol24=$3,645,739
2026-02-05 05:51:33,634 [INFO] 💾 Saved 10 snapshots to arb_scan_20260205.json
2026-02-05 05:52:33,634 [INFO] 
--- Scan cycle 11 ---
2026-02-05 05:52:35,171 [INFO] Fed: 30 Kalshi markets, 1 PM events
2026-02-05 05:52:35,171 [INFO]   PM: Fed decision in March? | vol24=$3,609,979
2026-02-05 05:52:35,766 [INFO] Sports: 30 liquid PM events
2026-02-05 05:52:35,766 [INFO]   Who will Trump nominate as Fed Chair? | vol24=$8,759,238
2026-02-05 05:52:35,766 [INFO]   US strikes Iran by...? | vol24=$8,315,762
2026-02-05 05:52:35,766 [INFO]   Democratic Presidential Nominee 2028 | vol24=$5,471,274
2026-02-05 05:52:35,766 [INFO]   Thunder vs. Spurs | vol24=$3,679,225
2026-02-05 05:52:35,766 [INFO]   Republican Presidential Nominee 2028 | vol24=$3,645,739
2026-02-05 05:53:35,771 [INFO] 
--- Scan cycle 12 ---
2026-02-05 05:53:36,923 [INFO] Fed: 30 Kalshi markets, 1 PM events
2026-02-05 05:53:36,924 [INFO]   PM: Fed decision in March? | vol24=$3,609,979
2026-02-05 05:53:37,238 [INFO] Sports: 30 liquid PM events
2026-02-05 05:53:37,239 [INFO]   Who will Trump nominate as Fed Chair? | vol24=$8,759,238
2026-02-05 05:53:37,239 [INFO]   US strikes Iran by...? | vol24=$8,315,762
2026-02-05 05:53:37,239 [INFO]   Democratic Presidential Nominee 2028 | vol24=$5,471,274
2026-02-05 05:53:37,239 [INFO]   Thunder vs. Spurs | vol24=$3,679,225
2026-02-05 05:53:37,239 [INFO]   Republican Presidential Nominee 2028 | vol24=$3,645,739
2026-02-05 05:54:37,245 [INFO] 
--- Scan cycle 13 ---
2026-02-05 05:54:39,023 [INFO] Fed: 30 Kalshi markets, 1 PM events
2026-02-05 05:54:39,023 [INFO]   PM: Fed decision in March? | vol24=$3,609,979
2026-02-05 05:54:39,720 [INFO] Sports: 30 liquid PM events
2026-02-05 05:54:39,721 [INFO]   Who will Trump nominate as Fed Chair? | vol24=$8,759,238
2026-02-05 05:54:39,721 [INFO]   US strikes Iran by...? | vol24=$8,315,762
2026-02-05 05:54:39,721 [INFO]   Democratic Presidential Nominee 2028 | vol24=$5,471,274
2026-02-05 05:54:39,721 [INFO]   Thunder vs. Spurs | vol24=$3,679,225
2026-02-05 05:54:39,721 [INFO]   Republican Presidential Nominee 2028 | vol24=$3,645,739
2026-02-05 05:55:39,727 [INFO] 
--- Scan cycle 14 ---
2026-02-05 05:55:40,916 [INFO] Fed: 30 Kalshi markets, 1 PM events
2026-02-05 05:55:40,916 [INFO]   PM: Fed decision in March? | vol24=$3,609,979
2026-02-05 05:55:41,216 [INFO] Sports: 30 liquid PM events
2026-02-05 05:55:41,216 [INFO]   Who will Trump nominate as Fed Chair? | vol24=$8,759,238
2026-02-05 05:55:41,216 [INFO]   US strikes Iran by...? | vol24=$8,315,762
2026-02-05 05:55:41,216 [INFO]   Democratic Presidential Nominee 2028 | vol24=$5,471,274
2026-02-05 05:55:41,216 [INFO]   Thunder vs. Spurs | vol24=$3,679,225
2026-02-05 05:55:41,216 [INFO]   Republican Presidential Nominee 2028 | vol24=$3,645,739
2026-02-05 05:56:41,223 [INFO] 
--- Scan cycle 15 ---
2026-02-05 05:56:42,730 [INFO] Fed: 30 Kalshi markets, 1 PM events
2026-02-05 05:56:42,730 [INFO]   PM: Fed decision in March? | vol24=$3,609,979
2026-02-05 05:56:43,547 [INFO] Sports: 30 liquid PM events
2026-02-05 05:56:43,547 [INFO]   Who will Trump nominate as Fed Chair? | vol24=$8,759,238
2026-02-05 05:56:43,548 [INFO]   US strikes Iran by...? | vol24=$8,315,762
2026-02-05 05:56:43,548 [INFO]   Democratic Presidential Nominee 2028 | vol24=$5,471,274
2026-02-05 05:56:43,548 [INFO]   Thunder vs. Spurs | vol24=$3,679,225
2026-02-05 05:56:43,548 [INFO]   Republican Presidential Nominee 2028 | vol24=$3,645,739
2026-02-05 05:57:43,554 [INFO] 
--- Scan cycle 16 ---
2026-02-05 05:57:44,795 [INFO] Fed: 30 Kalshi markets, 1 PM events
2026-02-05 05:57:44,796 [INFO]   PM: Fed decision in March? | vol24=$3,609,979
2026-02-05 05:57:45,105 [INFO] Sports: 30 liquid PM events
2026-02-05 05:57:45,105 [INFO]   Who will Trump nominate as Fed Chair? | vol24=$8,759,238
2026-02-05 05:57:45,105 [INFO]   US strikes Iran by...? | vol24=$8,315,762
2026-02-05 05:57:45,106 [INFO]   Democratic Presidential Nominee 2028 | vol24=$5,471,274
2026-02-05 05:57:45,106 [INFO]   Thunder vs. Spurs | vol24=$3,679,225
2026-02-05 05:57:45,106 [INFO]   Republican Presidential Nominee 2028 | vol24=$3,645,739
2026-02-05 05:58:45,112 [INFO] 
--- Scan cycle 17 ---
2026-02-05 05:58:46,711 [INFO] Fed: 30 Kalshi markets, 1 PM events
2026-02-05 05:58:46,711 [INFO]   PM: Fed decision in March? | vol24=$3,609,979
2026-02-05 05:58:47,420 [INFO] Sports: 30 liquid PM events
2026-02-05 05:58:47,420 [INFO]   Who will Trump nominate as Fed Chair? | vol24=$8,759,238
2026-02-05 05:58:47,420 [INFO]   US strikes Iran by...? | vol24=$8,315,762
2026-02-05 05:58:47,420 [INFO]   Democratic Presidential Nominee 2028 | vol24=$5,471,274
2026-02-05 05:58:47,420 [INFO]   Thunder vs. Spurs | vol24=$3,679,225
2026-02-05 05:58:47,420 [INFO]   Republican Presidential Nominee 2028 | vol24=$3,645,739
2026-02-05 05:59:47,426 [INFO] 
--- Scan cycle 18 ---
2026-02-05 05:59:48,577 [INFO] Fed: 30 Kalshi markets, 1 PM events
2026-02-05 05:59:48,577 [INFO]   PM: Fed decision in March? | vol24=$3,609,979
2026-02-05 05:59:48,868 [INFO] Sports: 30 liquid PM events
2026-02-05 05:59:48,868 [INFO]   Who will Trump nominate as Fed Chair? | vol24=$8,759,238
2026-02-05 05:59:48,868 [INFO]   US strikes Iran by...? | vol24=$8,315,762
2026-02-05 05:59:48,869 [INFO]   Democratic Presidential Nominee 2028 | vol24=$5,471,274
2026-02-05 05:59:48,869 [INFO]   Thunder vs. Spurs | vol24=$3,679,225
2026-02-05 05:59:48,869 [INFO]   Republican Presidential Nominee 2028 | vol24=$3,645,739
2026-02-05 06:00:48,875 [INFO] 
--- Scan cycle 19 ---
2026-02-05 06:00:50,376 [INFO] Fed: 30 Kalshi markets, 1 PM events
2026-02-05 06:00:50,376 [INFO]   PM: Fed decision in March? | vol24=$3,609,979
2026-02-05 06:00:51,119 [INFO] Sports: 30 liquid PM events
2026-02-05 06:00:51,119 [INFO]   Who will Trump nominate as Fed Chair? | vol24=$8,759,238
2026-02-05 06:00:51,119 [INFO]   US strikes Iran by...? | vol24=$8,315,762
2026-02-05 06:00:51,119 [INFO]   Democratic Presidential Nominee 2028 | vol24=$5,471,274
2026-02-05 06:00:51,120 [INFO]   Thunder vs. Spurs | vol24=$3,679,225
2026-02-05 06:00:51,120 [INFO]   Republican Presidential Nominee 2028 | vol24=$3,645,739
2026-02-05 06:01:51,130 [INFO] 
--- Scan cycle 20 ---
2026-02-05 06:01:52,300 [INFO] Fed: 30 Kalshi markets, 1 PM events
2026-02-05 06:01:52,301 [INFO]   PM: Fed decision in March? | vol24=$3,609,979
2026-02-05 06:01:52,565 [INFO] Sports: 30 liquid PM events
2026-02-05 06:01:52,565 [INFO]   Who will Trump nominate as Fed Chair? | vol24=$8,759,238
2026-02-05 06:01:52,565 [INFO]   US strikes Iran by...? | vol24=$8,315,762
2026-02-05 06:01:52,565 [INFO]   Democratic Presidential Nominee 2028 | vol24=$5,471,274
2026-02-05 06:01:52,566 [INFO]   Thunder vs. Spurs | vol24=$3,679,225
2026-02-05 06:01:52,566 [INFO]   Republican Presidential Nominee 2028 | vol24=$3,645,739
2026-02-05 06:01:52,572 [INFO] 💾 Saved 20 snapshots to arb_scan_20260205.json
2026-02-05 06:02:52,572 [INFO] 
--- Scan cycle 21 ---
2026-02-05 06:02:53,957 [INFO] Fed: 30 Kalshi markets, 1 PM events
2026-02-05 06:02:53,957 [INFO]   PM: Fed decision in March? | vol24=$3,609,979
2026-02-05 06:02:54,833 [INFO] Sports: 30 liquid PM events
2026-02-05 06:02:54,833 [INFO]   Who will Trump nominate as Fed Chair? | vol24=$8,759,238
2026-02-05 06:02:54,833 [INFO]   US strikes Iran by...? | vol24=$8,315,762
2026-02-05 06:02:54,833 [INFO]   Democratic Presidential Nominee 2028 | vol24=$5,471,274
2026-02-05 06:02:54,833 [INFO]   Thunder vs. Spurs | vol24=$3,679,225
2026-02-05 06:02:54,833 [INFO]   Republican Presidential Nominee 2028 | vol24=$3,645,739
2026-02-05 06:03:54,838 [INFO] 
--- Scan cycle 22 ---
2026-02-05 06:03:56,059 [INFO] Fed: 30 Kalshi markets, 1 PM events
2026-02-05 06:03:56,059 [INFO]   PM: Fed decision in March? | vol24=$3,609,979
2026-02-05 06:03:56,394 [INFO] Sports: 30 liquid PM events
2026-02-05 06:03:56,395 [INFO]   Who will Trump nominate as Fed Chair? | vol24=$8,759,238
2026-02-05 06:03:56,395 [INFO]   US strikes Iran by...? | vol24=$8,315,762
2026-02-05 06:03:56,395 [INFO]   Democratic Presidential Nominee 2028 | vol24=$5,471,274
2026-02-05 06:03:56,395 [INFO]   Thunder vs. Spurs | vol24=$3,679,225
2026-02-05 06:03:56,395 [INFO]   Republican Presidential Nominee 2028 | vol24=$3,645,739
2026-02-05 06:04:56,406 [INFO] 
--- Scan cycle 23 ---
2026-02-05 06:04:58,718 [INFO] Fed: 30 Kalshi markets, 1 PM events
2026-02-05 06:04:58,719 [INFO]   PM: Fed decision in March? | vol24=$3,609,979
2026-02-05 06:04:59,445 [INFO] Sports: 30 liquid PM events
2026-02-05 06:04:59,445 [INFO]   Who will Trump nominate as Fed Chair? | vol24=$8,759,238
2026-02-05 06:04:59,445 [INFO]   US strikes Iran by...? | vol24=$8,315,762
2026-02-05 06:04:59,445 [INFO]   Democratic Presidential Nominee 2028 | vol24=$5,471,274
2026-02-05 06:04:59,445 [INFO]   Thunder vs. Spurs | vol24=$3,679,225
2026-02-05 06:04:59,445 [INFO]   Republican Presidential Nominee 2028 | vol24=$3,645,739
2026-02-05 06:05:59,452 [INFO] 
--- Scan cycle 24 ---
2026-02-05 06:06:00,914 [INFO] Fed: 30 Kalshi markets, 1 PM events
2026-02-05 06:06:00,914 [INFO]   PM: Fed decision in March? | vol24=$3,609,979
2026-02-05 06:06:01,264 [INFO] Sports: 30 liquid PM events
2026-02-05 06:06:01,264 [INFO]   Who will Trump nominate as Fed Chair? | vol24=$8,759,238
2026-02-05 06:06:01,265 [INFO]   US strikes Iran by...? | vol24=$8,315,762
2026-02-05 06:06:01,265 [INFO]   Democratic Presidential Nominee 2028 | vol24=$5,471,274
2026-02-05 06:06:01,265 [INFO]   Thunder vs. Spurs | vol24=$3,679,225
2026-02-05 06:06:01,265 [INFO]   Republican Presidential Nominee 2028 | vol24=$3,645,739
2026-02-05 06:07:01,272 [INFO] 
--- Scan cycle 25 ---
2026-02-05 06:07:03,155 [INFO] Fed: 30 Kalshi markets, 1 PM events
2026-02-05 06:07:03,156 [INFO]   PM: Fed decision in March? | vol24=$3,609,979
2026-02-05 06:07:03,926 [INFO] Sports: 30 liquid PM events
2026-02-05 06:07:03,926 [INFO]   Who will Trump nominate as Fed Chair? | vol24=$8,759,238
2026-02-05 06:07:03,926 [INFO]   US strikes Iran by...? | vol24=$8,315,762
2026-02-05 06:07:03,926 [INFO]   Democratic Presidential Nominee 2028 | vol24=$5,471,274
2026-02-05 06:07:03,926 [INFO]   Thunder vs. Spurs | vol24=$3,679,225
2026-02-05 06:07:03,926 [INFO]   Republican Presidential Nominee 2028 | vol24=$3,645,739
2026-02-05 06:08:03,932 [INFO] 
--- Scan cycle 26 ---
2026-02-05 06:08:05,117 [INFO] Fed: 30 Kalshi markets, 1 PM events
2026-02-05 06:08:05,118 [INFO]   PM: Fed decision in March? | vol24=$3,609,979
2026-02-05 06:08:05,417 [INFO] Sports: 30 liquid PM events
2026-02-05 06:08:05,417 [INFO]   Who will Trump nominate as Fed Chair? | vol24=$8,759,238
2026-02-05 06:08:05,417 [INFO]   US strikes Iran by...? | vol24=$8,315,762
2026-02-05 06:08:05,417 [INFO]   Democratic Presidential Nominee 2028 | vol24=$5,471,274
2026-02-05 06:08:05,417 [INFO]   Thunder vs. Spurs | vol24=$3,679,225
2026-02-05 06:08:05,417 [INFO]   Republican Presidential Nominee 2028 | vol24=$3,645,739
2026-02-05 06:09:05,424 [INFO] 
--- Scan cycle 27 ---
2026-02-05 06:09:07,319 [INFO] Fed: 30 Kalshi markets, 1 PM events
2026-02-05 06:09:07,320 [INFO]   PM: Fed decision in March? | vol24=$3,609,979
2026-02-05 06:09:08,358 [INFO] Sports: 30 liquid PM events
2026-02-05 06:09:08,358 [INFO]   Who will Trump nominate as Fed Chair? | vol24=$8,759,238
2026-02-05 06:09:08,358 [INFO]   US strikes Iran by...? | vol24=$8,315,762
2026-02-05 06:09:08,359 [INFO]   Democratic Presidential Nominee 2028 | vol24=$5,471,274
2026-02-05 06:09:08,359 [INFO]   Thunder vs. Spurs | vol24=$3,679,225
2026-02-05 06:09:08,359 [INFO]   Republican Presidential Nominee 2028 | vol24=$3,645,739
2026-02-05 06:10:08,364 [INFO] 
--- Scan cycle 28 ---
2026-02-05 06:10:09,492 [INFO] Fed: 30 Kalshi markets, 1 PM events
2026-02-05 06:10:09,492 [INFO]   PM: Fed decision in March? | vol24=$3,609,979
2026-02-05 06:10:09,777 [INFO] Sports: 30 liquid PM events
2026-02-05 06:10:09,777 [INFO]   Who will Trump nominate as Fed Chair? | vol24=$8,759,238
2026-02-05 06:10:09,777 [INFO]   US strikes Iran by...? | vol24=$8,315,762
2026-02-05 06:10:09,777 [INFO]   Democratic Presidential Nominee 2028 | vol24=$5,471,274
2026-02-05 06:10:09,777 [INFO]   Thunder vs. Spurs | vol24=$3,679,225
2026-02-05 06:10:09,777 [INFO]   Republican Presidential Nominee 2028 | vol24=$3,645,739
2026-02-05 06:11:09,783 [INFO] 
--- Scan cycle 29 ---
2026-02-05 06:11:11,373 [INFO] Fed: 30 Kalshi markets, 1 PM events
2026-02-05 06:11:11,374 [INFO]   PM: Fed decision in March? | vol24=$3,609,979
2026-02-05 06:11:12,245 [INFO] Sports: 30 liquid PM events
2026-02-05 06:11:12,245 [INFO]   Who will Trump nominate as Fed Chair? | vol24=$8,759,238
2026-02-05 06:11:12,245 [INFO]   US strikes Iran by...? | vol24=$8,315,762
2026-02-05 06:11:12,245 [INFO]   Democratic Presidential Nominee 2028 | vol24=$5,471,274
2026-02-05 06:11:12,245 [INFO]   Thunder vs. Spurs | vol24=$3,679,225
2026-02-05 06:11:12,245 [INFO]   Republican Presidential Nominee 2028 | vol24=$3,645,739
2026-02-05 06:12:12,252 [INFO] 
--- Scan cycle 30 ---
