
======================================================================
OVERNIGHT MONITOR - 480min / 60s interval
Start: 2026-02-02 04:14:25 UTC
======================================================================

[   0s] BRTI: $75,438.00 (N/A) | Kalshi: 0.00/0.01
[  60s] BRTI: $75,586.76 (+0.197%) | Kalshi: 0.53/0.56
[ 120s] BRTI: $75,640.30 (+0.071%) | Kalshi: 0.63/0.67
[ 180s] BRTI: $75,847.85 (+0.274%) | Kalshi: 0.81/0.84
[ 240s] BRTI: $75,805.15 (-0.056%) | Kalshi: 0.80/0.84
[ 300s] BRTI: $75,761.13 (-0.058%) | Kalshi: 0.75/0.79
[ 361s] BRTI: $75,996.27 (+0.310%) | Kalshi: 0.92/0.93
[ 421s] BRTI: $75,996.27 (N/A) | Kalshi: 0.94/0.96
[ 481s] BRTI: $75,996.27 (N/A) | Kalshi: 0.98/0.99
[ 541s] BRTI: $76,200.00 (+0.268%) | Kalshi: 0.98/0.99
[ 601s] BRTI: $76,191.51 (-0.011%) | Kalshi: 0.96/0.98
[ 662s] BRTI: $76,203.93 (+0.016%) | Kalshi: 0.98/1.00
[ 722s] BRTI: $76,203.93 (N/A) | Kalshi: 0.99/1.00
[ 782s] BRTI: $76,203.93 (N/A) | Kalshi: 0.99/1.00
[ 842s] BRTI: $76,397.81 (+0.254%) | Kalshi: 0.99/1.00
[ 902s] BRTI: $76,292.08 (-0.138%) | Kalshi: 0.99/1.00
[ 963s] BRTI: $76,512.45 (+0.289%) | Kalshi: 0.35/0.50
[1023s] BRTI: $76,554.11 (+0.054%) | Kalshi: 0.69/0.73
[1083s] BRTI: $76,605.10 (+0.067%) | Kalshi: 0.42/0.46
[1143s] BRTI: $76,605.10 (N/A) | Kalshi: 0.55/0.58
[1204s] BRTI: $76,503.09 (-0.133%) | Kalshi: 0.67/0.70
[1264s] BRTI: $76,503.09 (N/A) | Kalshi: 0.62/0.65
[1324s] BRTI: $76,503.09 (N/A) | Kalshi: 0.58/0.59
[1384s] BRTI: $76,399.92 (-0.135%) | Kalshi: 0.57/0.65
[1445s] BRTI: $76,399.92 (N/A) | Kalshi: 0.32/0.34
[1505s] BRTI: $76,366.23 (-0.044%) | Kalshi: 0.45/0.47
[1565s] BRTI: $76,366.23 (N/A) | Kalshi: 0.41/0.43
[1625s] BRTI: $76,270.91 (-0.125%) | Kalshi: 0.28/0.38
[1686s] BRTI: $76,260.90 (-0.013%) | Kalshi: 0.27/0.40
[1746s] BRTI: $76,260.90 (N/A) | Kalshi: 0.07/0.09
[1806s] BRTI: $76,197.16 (-0.084%) | Kalshi: 0.00/0.01
[1866s] BRTI: $76,179.72 (-0.023%) | Kalshi: 0.15/0.66
[1927s] BRTI: $76,063.95 (-0.152%) | Kalshi: 0.28/0.31
[1987s] BRTI: $76,106.58 (+0.056%) | Kalshi: 0.26/0.28
[2047s] BRTI: $75,996.27 (-0.145%) | Kalshi: 0.19/0.22
[2107s] BRTI: $76,000.00 (+0.005%) | Kalshi: 0.17/0.20
[2167s] BRTI: $75,926.92 (-0.096%) | Kalshi: 0.11/0.13
[2228s] BRTI: $75,964.53 (+0.050%) | Kalshi: 0.09/0.10
[2288s] BRTI: $75,964.53 (N/A) | Kalshi: 0.33/0.35
[2348s] BRTI: $75,964.53 (N/A) | Kalshi: 0.11/0.14
[2408s] BRTI: $76,023.73 (+0.078%) | Kalshi: 0.06/0.07
[2468s] BRTI: $76,023.73 (N/A) | Kalshi: 0.05/0.06
[2529s] BRTI: $75,870.47 (-0.202%) | Kalshi: 0.00/0.02
[2589s] BRTI: $75,834.69 (-0.047%) | Kalshi: 0.00/0.01
[2649s] BRTI: $75,898.63 (+0.084%) | Kalshi: 0.00/0.01
[2709s] BRTI: $75,923.26 (+0.032%) | Kalshi: 0.00/0.01
[2770s] BRTI: $75,968.09 (+0.059%) | Kalshi: 0.48/0.50
[2830s] BRTI: $76,005.15 (+0.049%) | Kalshi: 0.65/0.67
[2890s] BRTI: $75,905.34 (-0.131%) | Kalshi: 0.45/0.52
[2950s] BRTI: $75,770.17 (-0.178%) | Kalshi: 0.24/0.30
[3010s] BRTI: $75,953.79 (+0.242%) | Kalshi: 0.51/0.61
[3071s] BRTI: $75,896.61 (-0.075%) | Kalshi: 0.45/0.51
[3131s] BRTI: $75,782.46 (-0.150%) | Kalshi: 0.30/0.33
[3191s] BRTI: $75,720.14 (-0.082%) | Kalshi: 0.19/0.24
[3251s] BRTI: $75,538.54 (-0.240%) | Kalshi: 0.06/0.09
[3311s] BRTI: $75,438.03 (-0.133%) | Kalshi: 0.02/0.03
[3372s] BRTI: $75,438.03 (N/A) | Kalshi: 0.02/0.04
[3432s] BRTI: $75,464.41 (+0.035%) | Kalshi: 0.00/0.01
[3492s] BRTI: $75,553.38 (+0.118%) | Kalshi: 0.00/0.01
[3552s] BRTI: $75,553.38 (N/A) | Kalshi: 0.00/0.01
[3613s] BRTI: $75,553.38 (N/A) | Kalshi: 0.00/0.01
[3673s] BRTI: $75,553.38 (N/A) | Kalshi: 0.47/0.51
[3733s] BRTI: $75,375.09 (-0.236%) | Kalshi: 0.32/0.34
[3793s] BRTI: $75,083.57 (-0.387%) | Kalshi: 0.11/0.14
[3854s] BRTI: $75,141.08 (+0.077%) | Kalshi: 0.23/0.25
[3914s] BRTI: $75,150.07 (+0.012%) | Kalshi: 0.14/0.15
[3974s] BRTI: $75,150.07 (N/A) | Kalshi: 0.17/0.20
[4034s] BRTI: $75,150.07 (N/A) | Kalshi: 0.07/0.08
[4094s] BRTI: $75,150.07 (N/A) | Kalshi: 0.10/0.11
[4155s] BRTI: $75,365.04 (+0.286%) | Kalshi: 0.24/0.25
[4215s] BRTI: $75,341.44 (-0.031%) | Kalshi: 0.14/0.16
[4275s] BRTI: $75,345.71 (+0.006%) | Kalshi: 0.04/0.06
[4335s] BRTI: $75,345.71 (N/A) | Kalshi: 0.03/0.05
[4395s] BRTI: $75,072.72 (-0.362%) | Kalshi: 0.00/0.01
[4456s] BRTI: $74,944.76 (-0.170%) | Kalshi: 0.00/0.01
[4516s] BRTI: $74,982.75 (+0.051%) | Kalshi: 0.00/0.01
[4576s] BRTI: $75,127.54 (+0.193%) | Kalshi: 0.52/0.55
[4636s] BRTI: $75,104.24 (-0.031%) | Kalshi: 0.59/0.60
[4696s] BRTI: $75,104.24 (N/A) | Kalshi: 0.64/0.65
[4757s] BRTI: $75,259.34 (+0.207%) | Kalshi: 0.80/0.85
[4817s] BRTI: $75,259.34 (N/A) | Kalshi: 0.64/0.68
[4877s] BRTI: $75,235.49 (-0.032%) | Kalshi: 0.74/0.77
[4937s] BRTI: $75,234.38 (-0.001%) | Kalshi: 0.48/0.51
[4997s] BRTI: $74,947.09 (-0.382%) | Kalshi: 0.32/0.33
[5058s] BRTI: $75,088.41 (+0.189%) | Kalshi: 0.57/0.62
[5118s] BRTI: $75,088.41 (N/A) | Kalshi: 0.66/0.71
[5178s] BRTI: $75,235.60 (+0.196%) | Kalshi: 0.72/0.77
[5238s] BRTI: $75,256.64 (+0.028%) | Kalshi: 0.91/0.96
[5299s] BRTI: $75,209.44 (-0.063%) | Kalshi: 0.94/0.97
[5359s] BRTI: $75,307.45 (+0.130%) | Kalshi: 0.99/1.00
[5419s] BRTI: $75,307.45 (N/A) | Kalshi: 0.99/1.00
[5479s] BRTI: $75,384.78 (+0.103%) | Kalshi: 0.47/0.50
[5539s] BRTI: $75,384.78 (N/A) | Kalshi: 0.60/0.62
[5600s] BRTI: $75,344.70 (-0.053%) | Kalshi: 0.63/0.65
[5660s] BRTI: $75,227.35 (-0.156%) | Kalshi: 0.32/0.36
[5720s] BRTI: $75,178.55 (-0.065%) | Kalshi: 0.48/0.52
[5780s] BRTI: $75,318.64 (+0.186%) | Kalshi: 0.81/0.84
[5840s] BRTI: $75,591.92 (+0.363%) | Kalshi: 0.81/0.83
[5901s] BRTI: $75,532.25 (-0.079%) | Kalshi: 0.90/0.92
[5961s] BRTI: $75,349.75 (-0.242%) | Kalshi: 0.82/0.85
[6021s] BRTI: $75,369.73 (+0.027%) | Kalshi: 0.60/0.64
[6081s] BRTI: $75,369.73 (N/A) | Kalshi: 0.85/0.89
[6142s] BRTI: $75,479.10 (+0.145%) | Kalshi: 0.94/0.96
[6202s] BRTI: $75,468.55 (-0.014%) | Kalshi: 0.86/0.88
[6262s] BRTI: $75,581.54 (+0.150%) | Kalshi: 0.98/0.99
[6322s] BRTI: $75,581.54 (N/A) | Kalshi: 0.99/1.00
[6382s] BRTI: $75,581.54 (N/A) | Kalshi: 0.55/0.57
[6442s] BRTI: $75,485.99 (-0.126%) | Kalshi: 0.40/0.44
[6503s] BRTI: $75,418.21 (-0.090%) | Kalshi: 0.24/0.30
[6563s] BRTI: $75,294.03 (-0.165%) | Kalshi: 0.13/0.19
[6623s] BRTI: $75,294.03 (N/A) | Kalshi: 0.30/0.35
[6683s] BRTI: $75,427.99 (+0.178%) | Kalshi: 0.33/0.38
[6743s] BRTI: $75,427.99 (N/A) | Kalshi: 0.25/0.30
[6804s] BRTI: $75,499.95 (+0.095%) | Kalshi: 0.33/0.35
[6864s] BRTI: $75,499.95 (N/A) | Kalshi: 0.29/0.32
[6924s] BRTI: $75,629.44 (+0.172%) | Kalshi: 0.41/0.50
[6984s] BRTI: $75,484.78 (-0.191%) | Kalshi: 0.58/0.65
[7045s] BRTI: $75,484.78 (N/A) | Kalshi: 0.32/0.34
[7105s] BRTI: $75,579.25 (+0.125%) | Kalshi: 0.31/0.36
[7165s] BRTI: $75,463.40 (-0.153%) | Kalshi: 0.06/0.07
[7225s] BRTI: $75,626.72 (+0.216%) | Kalshi: 0.62/0.95
[7285s] BRTI: $75,671.25 (+0.059%) | Kalshi: 0.42/0.46
[7346s] BRTI: $75,820.84 (+0.198%) | Kalshi: 0.70/0.74
[7406s] BRTI: $75,945.92 (+0.165%) | Kalshi: 0.86/0.87
[7466s] BRTI: $75,945.92 (N/A) | Kalshi: 0.84/0.86
[7526s] BRTI: $75,945.92 (N/A) | Kalshi: 0.89/0.91
[7587s] BRTI: $76,045.03 (+0.131%) | Kalshi: 0.87/0.89
[7647s] BRTI: $76,045.03 (N/A) | Kalshi: 0.88/0.90
[7707s] BRTI: $76,008.26 (-0.048%) | Kalshi: 0.88/0.90
[7767s] BRTI: $75,804.27 (-0.268%) | Kalshi: 0.74/0.76
[7827s] BRTI: $75,804.27 (N/A) | Kalshi: 0.74/0.75
[7888s] BRTI: $75,693.73 (-0.146%) | Kalshi: 0.16/0.18
[7948s] BRTI: $75,455.56 (-0.315%) | Kalshi: 0.17/0.20
[8008s] BRTI: $75,455.56 (N/A) | Kalshi: 0.37/0.41
[8068s] BRTI: $75,602.52 (+0.195%) | Kalshi: 0.53/0.69
[8129s] BRTI: $75,602.52 (N/A) | Kalshi: 0.97/0.98
[8189s] BRTI: $75,790.32 (+0.248%) | Kalshi: 0.59/0.61
[8249s] BRTI: $75,841.81 (+0.068%) | Kalshi: 0.68/0.69
[8309s] BRTI: $75,841.81 (N/A) | Kalshi: 0.35/0.38
[8370s] BRTI: $75,698.82 (-0.189%) | Kalshi: 0.35/0.37
[8430s] BRTI: $75,508.15 (-0.252%) | Kalshi: 0.19/0.23
[8490s] BRTI: $75,180.25 (-0.434%) | Kalshi: 0.11/0.12
[8551s] BRTI: $75,330.33 (+0.200%) | Kalshi: 0.09/0.10
[8611s] BRTI: $75,000.00 (-0.439%) | Kalshi: 0.02/0.03
[8671s] BRTI: $74,965.97 (-0.045%) | Kalshi: 0.04/0.06
[8732s] BRTI: $75,092.50 (+0.169%) | Kalshi: 0.01/0.02
[8792s] BRTI: $75,321.98 (+0.306%) | Kalshi: 0.04/0.05
[8852s] BRTI: $75,235.83 (-0.114%) | Kalshi: 0.02/0.03
[8912s] BRTI: $76,364.13 (+1.500%) | Kalshi: 0.96/0.97
[8972s] BRTI: $76,405.16 (+0.054%) | Kalshi: 0.99/1.00
[9033s] BRTI: $76,463.02 (+0.076%) | Kalshi: 0.99/1.00
[9093s] BRTI: $76,197.96 (-0.347%) | Kalshi: 0.40/0.52
[9153s] BRTI: $76,562.10 (+0.478%) | Kalshi: 0.52/0.55
[9213s] BRTI: $76,629.58 (+0.088%) | Kalshi: 0.44/0.48
[9273s] BRTI: $76,221.05 (-0.533%) | Kalshi: 0.24/0.27
[9334s] BRTI: $76,221.05 (N/A) | Kalshi: 0.20/0.22
[9394s] BRTI: $76,214.17 (-0.009%) | Kalshi: 0.23/0.25
[9454s] BRTI: $76,214.17 (N/A) | Kalshi: 0.40/0.44
[9515s] BRTI: $76,380.34 (+0.218%) | Kalshi: 0.32/0.35
[9575s] BRTI: $76,380.34 (N/A) | Kalshi: 0.34/0.35
[9635s] BRTI: $76,400.20 (+0.026%) | Kalshi: 0.45/0.47
[9695s] BRTI: $76,400.20 (N/A) | Kalshi: 0.24/0.25
[9756s] BRTI: $76,377.10 (-0.030%) | Kalshi: 0.32/0.36
[9816s] BRTI: $76,446.00 (+0.090%) | Kalshi: 0.73/0.75
[9876s] BRTI: $76,434.61 (-0.015%) | Kalshi: 0.84/0.89
[9936s] BRTI: $76,434.61 (N/A) | Kalshi: 0.95/0.99
[9996s] BRTI: $76,434.61 (N/A) | Kalshi: 0.39/0.45
[10057s] BRTI: $76,549.02 (+0.150%) | Kalshi: 0.45/0.54
[10117s] BRTI: $76,465.82 (-0.109%) | Kalshi: 0.42/0.48
[10177s] BRTI: $76,465.82 (N/A) | Kalshi: 0.41/0.42
[10237s] BRTI: $76,567.62 (+0.133%) | Kalshi: 0.63/0.65
[10297s] BRTI: $76,469.94 (-0.128%) | Kalshi: 0.36/0.37
[10358s] BRTI: $76,695.14 (+0.294%) | Kalshi: 0.80/0.82
[10418s] BRTI: $76,695.14 (N/A) | Kalshi: 0.83/0.87
[10478s] BRTI: $76,772.30 (+0.101%) | Kalshi: 0.87/0.90
[10538s] BRTI: $76,851.25 (+0.103%) | Kalshi: 0.90/0.95
[10598s] BRTI: $76,813.33 (-0.049%) | Kalshi: 0.79/0.87
[10659s] BRTI: $76,632.60 (-0.235%) | Kalshi: 0.72/0.77
[10719s] BRTI: $76,632.60 (N/A) | Kalshi: 0.51/0.60
[10779s] BRTI: $76,511.33 (-0.158%) | Kalshi: 0.94/0.95
[10839s] BRTI: $76,511.33 (N/A) | Kalshi: 0.45/0.55
[10899s] BRTI: $76,511.33 (N/A) | Kalshi: 0.50/0.51
[10960s] BRTI: $76,511.33 (N/A) | Kalshi: 0.51/0.53
[11020s] BRTI: $76,511.33 (N/A) | Kalshi: 0.31/0.33
[11080s] BRTI: $76,511.33 (N/A) | Kalshi: 0.50/0.52
[11140s] BRTI: $76,511.33 (N/A) | Kalshi: 0.61/0.64
[11200s] BRTI: $76,511.33 (N/A) | Kalshi: 0.63/0.67
[11261s] BRTI: $76,511.33 (N/A) | Kalshi: 0.50/0.54
[11321s] BRTI: $76,449.71 (-0.081%) | Kalshi: 0.41/0.44
[11381s] BRTI: $76,449.71 (N/A) | Kalshi: 0.40/0.41
[11441s] BRTI: $76,449.71 (N/A) | Kalshi: 0.42/0.46
[11502s] BRTI: $76,428.99 (-0.027%) | Kalshi: 0.29/0.32
[11562s] BRTI: $76,428.99 (N/A) | Kalshi: 0.28/0.29
[11622s] BRTI: $76,428.99 (N/A) | Kalshi: 0.23/0.27
[11682s] BRTI: $76,394.06 (-0.046%) | Kalshi: 0.02/0.03
[11742s] BRTI: $76,394.06 (N/A) | Kalshi: 0.00/0.01
[11803s] BRTI: $76,450.00 (+0.073%) | Kalshi: 0.52/0.59
[11863s] BRTI: $76,450.00 (N/A) | Kalshi: 0.54/0.63
[11923s] BRTI: $76,450.00 (N/A) | Kalshi: 0.57/0.66
[11983s] BRTI: $76,450.00 (N/A) | Kalshi: 0.65/0.68
[12043s] BRTI: $76,450.00 (N/A) | Kalshi: 0.63/0.65
[12104s] BRTI: $76,450.00 (N/A) | Kalshi: 0.57/0.66
[12164s] BRTI: $76,450.00 (N/A) | Kalshi: 0.70/0.75
[12224s] BRTI: $76,450.00 (N/A) | Kalshi: 0.84/0.86
[12284s] BRTI: $76,731.42 (+0.368%) | Kalshi: 0.89/0.90
[12344s] BRTI: $76,731.42 (N/A) | Kalshi: 0.87/0.91
[12405s] BRTI: $76,731.42 (N/A) | Kalshi: 0.89/0.93
[12465s] BRTI: $76,731.42 (N/A) | Kalshi: 0.90/0.94
[12525s] BRTI: $76,665.26 (-0.086%) | Kalshi: 0.89/0.93
[12585s] BRTI: $76,563.37 (-0.133%) | Kalshi: 0.94/0.96
[12646s] BRTI: $76,563.37 (N/A) | Kalshi: 0.45/0.55
[12706s] BRTI: $76,563.37 (N/A) | Kalshi: 0.78/0.80
[12766s] BRTI: $76,563.37 (N/A) | Kalshi: 0.79/0.80
[12826s] BRTI: $76,754.74 (+0.250%) | Kalshi: 0.75/0.78
[12886s] BRTI: $76,754.74 (N/A) | Kalshi: 0.83/0.84
[12947s] BRTI: $76,754.74 (N/A) | Kalshi: 0.82/0.85
[13007s] BRTI: $76,769.68 (+0.019%) | Kalshi: 0.73/0.76
[13067s] BRTI: $76,769.68 (N/A) | Kalshi: 0.79/0.82
[13127s] BRTI: $76,700.12 (-0.091%) | Kalshi: 0.83/0.87
[13187s] BRTI: $76,700.12 (N/A) | Kalshi: 0.87/0.90
[13248s] BRTI: $76,700.12 (N/A) | Kalshi: 0.91/0.93
[13308s] BRTI: $76,758.50 (+0.076%) | Kalshi: 0.90/0.92
[13368s] BRTI: $76,758.50 (N/A) | Kalshi: 0.95/0.96
[13428s] BRTI: $76,674.25 (-0.110%) | Kalshi: 0.90/0.95
[13488s] BRTI: $76,674.25 (N/A) | Kalshi: 0.98/0.99
[13549s] BRTI: $76,705.11 (+0.040%) | Kalshi: 0.99/1.00
[13609s] BRTI: $76,705.11 (N/A) | Kalshi: 0.44/0.57
[13669s] BRTI: $76,682.17 (-0.030%) | Kalshi: 0.52/0.58
[13729s] BRTI: $76,672.11 (-0.013%) | Kalshi: 0.40/0.47
[13789s] BRTI: $76,672.11 (N/A) | Kalshi: 0.67/0.68
[13850s] BRTI: $76,702.80 (+0.040%) | Kalshi: 0.75/0.80
[13910s] BRTI: $76,857.41 (+0.202%) | Kalshi: 0.81/0.84
[13970s] BRTI: $76,857.41 (N/A) | Kalshi: 0.73/0.79
[14030s] BRTI: $76,759.18 (-0.128%) | Kalshi: 0.71/0.74
[14090s] BRTI: $76,759.18 (N/A) | Kalshi: 0.82/0.84
[14151s] BRTI: $76,860.94 (+0.133%) | Kalshi: 0.73/0.81
[14211s] BRTI: $76,940.76 (+0.104%) | Kalshi: 0.93/0.95
[14271s] BRTI: $76,927.65 (-0.017%) | Kalshi: 0.94/0.97
[14331s] BRTI: $76,902.76 (-0.032%) | Kalshi: 0.96/0.98
[14392s] BRTI: $76,924.15 (+0.028%) | Kalshi: 0.99/1.00
[14452s] BRTI: $76,873.30 (-0.066%) | Kalshi: 0.45/0.55
[14512s] BRTI: $76,878.84 (+0.007%) | Kalshi: 0.66/0.68
[14572s] BRTI: $76,974.61 (+0.125%) | Kalshi: 0.53/0.56
[14632s] BRTI: $76,962.09 (-0.016%) | Kalshi: 0.56/0.59
[14693s] BRTI: $76,962.09 (N/A) | Kalshi: 0.72/0.75
[14753s] BRTI: $76,962.09 (N/A) | Kalshi: 0.84/0.86
[14813s] BRTI: $76,983.31 (+0.028%) | Kalshi: 0.64/0.68
[14873s] BRTI: $76,983.31 (N/A) | Kalshi: 0.70/0.71
[14933s] BRTI: $76,983.31 (N/A) | Kalshi: 0.75/0.79
[14994s] BRTI: $76,977.03 (-0.008%) | Kalshi: 0.70/0.73
[15054s] BRTI: $77,065.94 (+0.116%) | Kalshi: 0.81/0.82
[15114s] BRTI: $77,065.88 (-0.000%) | Kalshi: 0.49/0.53
[15174s] BRTI: $76,836.82 (-0.297%) | Kalshi: 0.12/0.14
[15235s] BRTI: $76,753.34 (-0.109%) | Kalshi: 0.03/0.04
[15295s] BRTI: $76,748.06 (-0.007%) | Kalshi: 0.02/0.03
[15355s] BRTI: $76,748.06 (N/A) | Kalshi: 0.61/0.83
[15415s] BRTI: $76,748.06 (N/A) | Kalshi: 0.77/0.79
[15476s] BRTI: $76,748.06 (N/A) | Kalshi: 0.72/0.76
[15536s] BRTI: $76,748.06 (N/A) | Kalshi: 0.58/0.65
[15596s] BRTI: $76,710.78 (-0.049%) | Kalshi: 0.48/0.49
[15656s] BRTI: $76,710.78 (N/A) | Kalshi: 0.40/0.50
[15717s] BRTI: $76,710.78 (N/A) | Kalshi: 0.57/0.60
[15777s] BRTI: $76,710.78 (N/A) | Kalshi: 0.69/0.72
[15837s] BRTI: $76,937.79 (+0.296%) | Kalshi: 0.86/0.89
[15897s] BRTI: $76,937.79 (N/A) | Kalshi: 0.91/0.95
[15957s] BRTI: $76,941.06 (+0.004%) | Kalshi: 0.86/0.91
[16018s] BRTI: $76,941.06 (N/A) | Kalshi: 0.85/0.88
[16078s] BRTI: $76,941.06 (N/A) | Kalshi: 0.88/0.92
[16138s] BRTI: $76,941.06 (N/A) | Kalshi: 0.97/0.98
[16199s] BRTI: $76,941.06 (N/A) | Kalshi: 0.95/1.00
[16259s] BRTI: $76,941.06 (N/A) | Kalshi: 0.99/1.00
[16319s] BRTI: $76,884.59 (-0.073%) | Kalshi: 0.45/0.48
[16380s] BRTI: $76,884.59 (N/A) | Kalshi: 0.32/0.33
[16440s] BRTI: $76,884.59 (N/A) | Kalshi: 0.36/0.39
[16500s] BRTI: $76,884.59 (N/A) | Kalshi: 0.63/0.65
[16560s] BRTI: $76,884.59 (N/A) | Kalshi: 0.71/0.74
[16620s] BRTI: $76,884.59 (N/A) | Kalshi: 0.67/0.70
[16681s] BRTI: $77,029.02 (+0.188%) | Kalshi: 0.63/0.66
[16741s] BRTI: $77,040.42 (+0.015%) | Kalshi: 0.76/0.82
[16801s] BRTI: $77,040.42 (N/A) | Kalshi: 0.87/0.89
[16861s] BRTI: $77,040.42 (N/A) | Kalshi: 0.80/0.83
[16921s] BRTI: $77,040.42 (N/A) | Kalshi: 0.86/0.89
[16982s] BRTI: $77,040.42 (N/A) | Kalshi: 0.90/0.92
[17042s] BRTI: $77,040.42 (N/A) | Kalshi: 0.97/0.98
[17102s] BRTI: $77,040.42 (N/A) | Kalshi: 0.81/0.99
[17162s] BRTI: $76,924.78 (-0.150%) | Kalshi: 0.45/0.55
[17222s] BRTI: $76,924.78 (N/A) | Kalshi: 0.29/0.35
[17283s] BRTI: $76,719.56 (-0.267%) | Kalshi: 0.13/0.14
[17343s] BRTI: $76,726.68 (+0.009%) | Kalshi: 0.14/0.15
[17403s] BRTI: $76,726.68 (N/A) | Kalshi: 0.38/0.41
[17463s] BRTI: $76,726.68 (N/A) | Kalshi: 0.33/0.40
[17523s] BRTI: $76,726.68 (N/A) | Kalshi: 0.32/0.33
[17583s] BRTI: $76,726.68 (N/A) | Kalshi: 0.24/0.25
[17644s] BRTI: $76,726.68 (N/A) | Kalshi: 0.13/0.20
[17704s] BRTI: $76,807.20 (+0.105%) | Kalshi: 0.07/0.13
[17764s] BRTI: $76,809.41 (+0.003%) | Kalshi: 0.08/0.11
[17825s] BRTI: $76,809.41 (N/A) | Kalshi: 0.07/0.11
[17885s] BRTI: $76,809.41 (N/A) | Kalshi: 0.04/0.08
[17945s] BRTI: $76,809.41 (N/A) | Kalshi: 0.01/0.03
[18005s] BRTI: $76,809.41 (N/A) | Kalshi: 0.00/0.03
[18065s] BRTI: $76,809.41 (N/A) | Kalshi: 0.37/0.48
[18126s] BRTI: $76,809.41 (N/A) | Kalshi: 0.54/0.56
[18186s] BRTI: $76,809.41 (N/A) | Kalshi: 0.67/0.69
[18246s] BRTI: $76,809.41 (N/A) | Kalshi: 0.66/0.67
[18306s] BRTI: $76,809.41 (N/A) | Kalshi: 0.83/0.85
[18366s] BRTI: $76,809.41 (N/A) | Kalshi: 0.83/0.86
[18427s] BRTI: $76,809.41 (N/A) | Kalshi: 0.90/0.92
[18487s] BRTI: $76,809.41 (N/A) | Kalshi: 0.96/0.97
[18547s] BRTI: $76,809.41 (N/A) | Kalshi: 0.92/0.94
[18607s] BRTI: $76,809.41 (N/A) | Kalshi: 0.95/0.97
[18667s] BRTI: $77,066.86 (+0.335%) | Kalshi: 0.98/0.99
[18728s] BRTI: $77,066.86 (N/A) | Kalshi: 0.98/0.99
[18788s] BRTI: $77,132.99 (+0.086%) | Kalshi: 0.99/1.00
[18848s] BRTI: $77,172.03 (+0.051%) | Kalshi: 0.99/1.00
[18908s] BRTI: $77,291.70 (+0.155%) | Kalshi: 0.99/1.00
[18968s] BRTI: $77,384.11 (+0.120%) | Kalshi: 0.45/0.55
[19029s] BRTI: $77,275.07 (-0.141%) | Kalshi: 0.45/0.50
[19089s] BRTI: $77,363.48 (+0.114%) | Kalshi: 0.53/0.54
[19149s] BRTI: $77,421.25 (+0.075%) | Kalshi: 0.65/0.68
[19209s] BRTI: $77,421.25 (N/A) | Kalshi: 0.53/0.55
[19270s] BRTI: $77,421.25 (N/A) | Kalshi: 0.54/0.55
[19330s] BRTI: $77,328.92 (-0.119%) | Kalshi: 0.56/0.60
[19391s] BRTI: $77,644.04 (+0.408%) | Kalshi: 0.94/0.97
[19451s] BRTI: $77,644.04 (N/A) | Kalshi: 0.86/0.87
[19511s] BRTI: $77,403.48 (-0.310%) | Kalshi: 0.76/0.77
[19571s] BRTI: $77,427.22 (+0.031%) | Kalshi: 0.79/0.81
[19631s] BRTI: $77,433.85 (+0.009%) | Kalshi: 0.81/0.85
[19692s] BRTI: $77,433.85 (N/A) | Kalshi: 0.85/0.88
[19752s] BRTI: $77,433.85 (N/A) | Kalshi: 0.81/0.82
[19812s] BRTI: $77,380.00 (-0.070%) | Kalshi: 0.56/0.96
[19872s] BRTI: $77,553.71 (+0.224%) | Kalshi: 0.47/0.96
[19932s] BRTI: $77,561.18 (+0.010%) | Kalshi: 0.77/0.79
[19993s] BRTI: $77,810.79 (+0.322%) | Kalshi: 0.84/0.87
[20053s] BRTI: $77,810.79 (N/A) | Kalshi: 0.90/0.92
[20113s] BRTI: $77,810.79 (N/A) | Kalshi: 0.90/0.94
[20173s] BRTI: $77,756.64 (-0.070%) | Kalshi: 0.93/0.95
[20233s] BRTI: $77,756.64 (N/A) | Kalshi: 0.88/0.92
[20294s] BRTI: $77,756.64 (N/A) | Kalshi: 0.94/0.96
[20354s] BRTI: $77,750.00 (-0.009%) | Kalshi: 0.95/0.97
[20414s] BRTI: $77,694.80 (-0.071%) | Kalshi: 0.94/0.96
[20474s] BRTI: $77,712.50 (+0.023%) | Kalshi: 0.97/0.99
[20535s] BRTI: $77,655.41 (-0.073%) | Kalshi: 0.97/0.98
[20595s] BRTI: $77,687.26 (+0.041%) | Kalshi: 0.97/0.99
[20655s] BRTI: $77,687.26 (N/A) | Kalshi: 0.99/1.00
[20716s] BRTI: $77,687.26 (N/A) | Kalshi: 0.99/1.00
[20776s] BRTI: $77,702.97 (+0.020%) | Kalshi: 0.55/0.65
[20836s] BRTI: $77,608.63 (-0.121%) | Kalshi: 0.40/0.44
[20896s] BRTI: $77,668.15 (+0.077%) | Kalshi: 0.55/0.60
[20957s] BRTI: $77,668.15 (N/A) | Kalshi: 0.54/0.57
[21017s] BRTI: $77,668.15 (N/A) | Kalshi: 0.50/0.54
[21077s] BRTI: $77,668.15 (N/A) | Kalshi: 0.72/0.75
[21137s] BRTI: $77,816.79 (+0.191%) | Kalshi: 0.80/0.81
[21197s] BRTI: $77,834.44 (+0.023%) | Kalshi: 0.82/0.84
[21258s] BRTI: $77,834.44 (N/A) | Kalshi: 0.69/0.72
[21318s] BRTI: $77,726.33 (-0.139%) | Kalshi: 0.68/0.72
[21378s] BRTI: $77,723.39 (-0.004%) | Kalshi: 0.57/0.62
[21438s] BRTI: $77,723.39 (N/A) | Kalshi: 0.81/0.85
[21499s] BRTI: $77,723.39 (N/A) | Kalshi: 0.89/0.90
[21559s] BRTI: $77,813.13 (+0.115%) | Kalshi: 0.94/0.97
[21619s] BRTI: $77,750.55 (-0.080%) | Kalshi: 0.68/0.98
[21679s] BRTI: $77,666.56 (-0.108%) | Kalshi: 0.50/0.53
[21739s] BRTI: $77,633.64 (-0.042%) | Kalshi: 0.42/0.45
[21800s] BRTI: $77,633.64 (N/A) | Kalshi: 0.40/0.41
[21860s] BRTI: $77,633.64 (N/A) | Kalshi: 0.26/0.31
[21920s] BRTI: $77,583.20 (-0.065%) | Kalshi: 0.28/0.31
[21980s] BRTI: $77,543.66 (-0.051%) | Kalshi: 0.20/0.23
[22041s] BRTI: $77,526.06 (-0.023%) | Kalshi: 0.16/0.18
[22101s] BRTI: $77,526.06 (N/A) | Kalshi: 0.13/0.16
[22161s] BRTI: $77,514.71 (-0.015%) | Kalshi: 0.10/0.13
[22221s] BRTI: $77,514.71 (N/A) | Kalshi: 0.04/0.05
[22281s] BRTI: $77,479.34 (-0.046%) | Kalshi: 0.11/0.14
[22341s] BRTI: $77,479.34 (N/A) | Kalshi: 0.05/0.06
[22402s] BRTI: $77,479.34 (N/A) | Kalshi: 0.06/0.07
[22462s] BRTI: $77,479.34 (N/A) | Kalshi: 0.04/0.05
[22522s] BRTI: $77,479.34 (N/A) | Kalshi: 0.00/0.01
[22582s] BRTI: $77,623.29 (+0.186%) | Kalshi: 0.59/0.76
[22642s] BRTI: $77,711.63 (+0.114%) | Kalshi: 0.72/0.74
[22703s] BRTI: $77,764.18 (+0.068%) | Kalshi: 0.85/0.88
[22763s] BRTI: $77,764.18 (N/A) | Kalshi: 0.88/0.90
[22823s] BRTI: $77,764.18 (N/A) | Kalshi: 0.84/0.86
[22883s] BRTI: $77,818.46 (+0.070%) | Kalshi: 0.80/0.84
[22944s] BRTI: $77,661.25 (-0.202%) | Kalshi: 0.62/0.66
[23004s] BRTI: $77,661.25 (N/A) | Kalshi: 0.50/0.54
[23064s] BRTI: $77,661.25 (N/A) | Kalshi: 0.36/0.40
[23125s] BRTI: $77,661.25 (N/A) | Kalshi: 0.48/0.52
[23185s] BRTI: $77,661.25 (N/A) | Kalshi: 0.24/0.27
[23245s] BRTI: $77,501.70 (-0.205%) | Kalshi: 0.14/0.17
[23306s] BRTI: $77,501.70 (N/A) | Kalshi: 0.14/0.18
[23366s] BRTI: $77,501.70 (N/A) | Kalshi: 0.50/0.56
[23426s] BRTI: $77,501.70 (N/A) | Kalshi: 0.04/0.77
[23487s] BRTI: $77,501.70 (N/A) | Kalshi: 0.49/0.52
[23547s] BRTI: $77,501.70 (N/A) | Kalshi: 0.36/0.38
[23607s] BRTI: $77,501.70 (N/A) | Kalshi: 0.34/0.38
[23667s] BRTI: $77,501.70 (N/A) | Kalshi: 0.28/0.32
[23728s] BRTI: $77,479.34 (-0.029%) | Kalshi: 0.24/0.29
[23788s] BRTI: $77,479.34 (N/A) | Kalshi: 0.27/0.30
[23848s] BRTI: $77,585.56 (+0.137%) | Kalshi: 0.36/0.39
[23908s] BRTI: $77,585.56 (N/A) | Kalshi: 0.24/0.34
[23969s] BRTI: $77,585.56 (N/A) | Kalshi: 0.43/0.46
[24029s] BRTI: $77,585.56 (N/A) | Kalshi: 0.37/0.41
[24089s] BRTI: $77,585.56 (N/A) | Kalshi: 0.24/0.28
[24149s] BRTI: $77,585.56 (N/A) | Kalshi: 0.10/0.13
[24209s] BRTI: $77,585.56 (N/A) | Kalshi: 0.04/0.06
[24270s] BRTI: $77,585.56 (N/A) | Kalshi: 0.02/0.07
[24330s] BRTI: $77,585.56 (N/A) | Kalshi: 0.01/0.03
[24390s] BRTI: $77,561.15 (-0.031%) | Kalshi: 0.56/0.67
[24450s] BRTI: $77,561.15 (N/A) | Kalshi: 0.65/0.68
[24510s] BRTI: $77,561.15 (N/A) | Kalshi: 0.62/0.66
[24571s] BRTI: $77,561.15 (N/A) | Kalshi: 0.43/0.46
[24631s] BRTI: $77,561.15 (N/A) | Kalshi: 0.49/0.54
[24691s] BRTI: $77,561.15 (N/A) | Kalshi: 0.80/0.84
[24751s] BRTI: $77,561.15 (N/A) | Kalshi: 0.86/0.90
[24811s] BRTI: $77,561.15 (N/A) | Kalshi: 0.89/0.93
[24871s] BRTI: $77,716.89 (+0.201%) | Kalshi: 0.95/0.97
[24932s] BRTI: $77,716.89 (N/A) | Kalshi: 0.87/0.89
[24992s] BRTI: $77,612.33 (-0.135%) | Kalshi: 0.73/0.74
[25052s] BRTI: $77,612.33 (N/A) | Kalshi: 0.84/0.87
[25112s] BRTI: $77,612.33 (N/A) | Kalshi: 0.96/0.99
[25173s] BRTI: $77,769.17 (+0.202%) | Kalshi: 0.99/1.00
[25233s] BRTI: $77,765.17 (-0.005%) | Kalshi: 0.99/1.00
[25293s] BRTI: $77,722.96 (-0.054%) | Kalshi: 0.24/0.42
[25353s] BRTI: $77,722.96 (N/A) | Kalshi: 0.25/0.28
[25413s] BRTI: $77,722.96 (N/A) | Kalshi: 0.23/0.26
[25474s] BRTI: $77,633.37 (-0.115%) | Kalshi: 0.29/0.32
[25534s] BRTI: $77,633.37 (N/A) | Kalshi: 0.31/0.34
[25594s] BRTI: $77,633.37 (N/A) | Kalshi: 0.28/0.31
[25654s] BRTI: $77,633.37 (N/A) | Kalshi: 0.29/0.32
[25715s] BRTI: $77,633.37 (N/A) | Kalshi: 0.19/0.22
[25775s] BRTI: $77,689.68 (+0.073%) | Kalshi: 0.19/0.22
[25835s] BRTI: $77,681.26 (-0.011%) | Kalshi: 0.18/0.21
[25895s] BRTI: $77,712.85 (+0.041%) | Kalshi: 0.19/0.21
[25955s] BRTI: $77,712.85 (N/A) | Kalshi: 0.26/0.28
[26016s] BRTI: $77,712.85 (N/A) | Kalshi: 0.47/0.50
[26076s] BRTI: $77,813.25 (+0.129%) | Kalshi: 0.87/0.88
[26136s] BRTI: $77,813.25 (N/A) | Kalshi: 0.99/1.00
[26196s] BRTI: $77,831.16 (+0.023%) | Kalshi: 0.45/0.49
[26256s] BRTI: $77,867.72 (+0.047%) | Kalshi: 0.56/0.61
[26317s] BRTI: $77,870.36 (+0.003%) | Kalshi: 0.55/0.59
[26377s] BRTI: $77,870.36 (N/A) | Kalshi: 0.55/0.56
[26437s] BRTI: $77,855.59 (-0.019%) | Kalshi: 0.64/0.68
[26497s] BRTI: $77,905.81 (+0.065%) | Kalshi: 0.77/0.81
[26557s] BRTI: $77,905.81 (N/A) | Kalshi: 0.70/0.74
[26618s] BRTI: $77,905.81 (N/A) | Kalshi: 0.75/0.79
[26678s] BRTI: $77,905.30 (-0.001%) | Kalshi: 0.83/0.87
[26738s] BRTI: $77,950.00 (+0.057%) | Kalshi: 0.85/0.87
[26798s] BRTI: $77,950.00 (N/A) | Kalshi: 0.89/0.92
[26858s] BRTI: $77,950.00 (N/A) | Kalshi: 0.85/0.88
[26919s] BRTI: $77,846.92 (-0.132%) | Kalshi: 0.54/0.57
[26979s] BRTI: $77,846.92 (N/A) | Kalshi: 0.78/0.82
[27039s] BRTI: $77,846.92 (N/A) | Kalshi: 0.99/1.00
[27099s] BRTI: $77,846.92 (N/A) | Kalshi: 0.40/0.41
[27160s] BRTI: $77,846.92 (N/A) | Kalshi: 0.40/0.41
[27220s] BRTI: $77,846.92 (N/A) | Kalshi: 0.37/0.38
[27280s] BRTI: $77,846.92 (N/A) | Kalshi: 0.32/0.35
[27340s] BRTI: $77,807.84 (-0.050%) | Kalshi: 0.41/0.44
[27400s] BRTI: $77,807.84 (N/A) | Kalshi: 0.43/0.47
[27461s] BRTI: $77,896.34 (+0.114%) | Kalshi: 0.76/0.80
[27521s] BRTI: $77,896.34 (N/A) | Kalshi: 0.82/0.85
[27581s] BRTI: $77,866.35 (-0.038%) | Kalshi: 0.77/0.80
[27641s] BRTI: $77,866.35 (N/A) | Kalshi: 0.71/0.75
[27702s] BRTI: $77,944.14 (+0.100%) | Kalshi: 0.80/0.83
[27762s] BRTI: $77,890.99 (-0.068%) | Kalshi: 0.44/0.48
[27822s] BRTI: $77,807.62 (-0.107%) | Kalshi: 0.16/0.19
[27882s] BRTI: $77,733.94 (-0.095%) | Kalshi: 0.00/0.01
[27942s] BRTI: $77,742.66 (+0.011%) | Kalshi: 0.00/0.01
[28003s] BRTI: $77,742.66 (N/A) | Kalshi: 0.57/0.61
[28063s] BRTI: $77,756.61 (+0.018%) | Kalshi: 0.71/0.73
[28123s] BRTI: $77,734.81 (-0.028%) | Kalshi: 0.60/0.61
[28183s] BRTI: $77,734.81 (N/A) | Kalshi: 0.83/0.87
[28243s] BRTI: $77,931.75 (+0.253%) | Kalshi: 0.87/0.90
[28303s] BRTI: $77,931.75 (N/A) | Kalshi: 0.74/0.79
[28364s] BRTI: $77,931.75 (N/A) | Kalshi: 0.82/0.85
[28424s] BRTI: $77,931.75 (N/A) | Kalshi: 0.87/0.92
[28484s] BRTI: $77,931.75 (N/A) | Kalshi: 0.85/0.88
[28544s] BRTI: $77,988.66 (+0.073%) | Kalshi: 0.94/0.97
[28605s] BRTI: $77,892.85 (-0.123%) | Kalshi: 0.95/0.98
[28665s] BRTI: $77,892.85 (N/A) | Kalshi: 0.96/0.98
[28725s] BRTI: $77,974.13 (+0.104%) | Kalshi: 0.99/1.00
[28785s] BRTI: $77,974.13 (N/A) | Kalshi: 0.99/1.00

✅ Complete: 479 measurements saved to data/overnight_20260202_121511.json
