
======================================================================
CONTINUOUS BRTI PROXY vs KALSHI MONITORING
======================================================================
Duration: 480 minutes
Interval: 60 seconds
Start: 2026-02-02 02:50:10 UTC
======================================================================

[   0s] BRTI: $76,840.75 (N/A) | Kalshi: 0.35/0.42 (N/A)
[  60s] BRTI: $76,735.41 (-0.137%) | Kalshi: 0.23/0.25 (-34.29%)
[ 121s] BRTI: $76,655.83 (-0.104%) | Kalshi: 0.16/0.19 (-30.43%)
[ 181s] BRTI: $76,653.39 (-0.003%) | Kalshi: 0.09/0.10 (-43.75%)
[ 242s] BRTI: $76,651.57 (-0.002%) | Kalshi: 0.05/0.09 (-44.44%)
[ 302s] BRTI: $76,631.02 (-0.027%) | Kalshi: 0.03/0.04 (-40.00%)
[ 363s] BRTI: $76,623.56 (-0.010%) | Kalshi: 0.01/0.03 (-66.67%)
[ 423s] BRTI: $76,620.81 (-0.004%) | Kalshi: 0.00/0.01 (-100.00%)
[ 484s] BRTI: $76,490.68 (-0.170%) | Kalshi: 0.00/0.01 (N/A)
[ 544s] BRTI: $76,454.74 (-0.047%) | Kalshi: 0.00/0.01 (N/A)
[ 605s] BRTI: $76,460.00 (+0.007%) | Kalshi: 0.50/0.78 (N/A)
[ 665s] BRTI: $76,456.24 (-0.005%) | Kalshi: 0.51/0.56 (+2.00%)
[ 726s] BRTI: $76,340.89 (-0.151%) | Kalshi: 0.36/0.38 (-29.41%)
[ 786s] BRTI: $76,339.93 (-0.001%) | Kalshi: 0.41/0.46 (+13.89%)
[ 847s] BRTI: $76,400.54 (+0.079%) | Kalshi: 0.35/0.39 (-14.63%)
[ 907s] BRTI: $76,297.63 (-0.135%) | Kalshi: 0.25/0.30 (-28.57%)
[ 968s] BRTI: $76,337.26 (+0.052%) | Kalshi: 0.33/0.36 (+32.00%)
[1028s] BRTI: $76,416.03 (+0.103%) | Kalshi: 0.56/0.60 (+69.70%)
[1089s] BRTI: $76,378.30 (-0.049%) | Kalshi: 0.47/0.49 (-16.07%)
[1149s] BRTI: $76,365.23 (-0.017%) | Kalshi: 0.31/0.36 (-34.04%)
[1210s] BRTI: $76,396.24 (+0.041%) | Kalshi: 0.31/0.35 (N/A)
[1270s] BRTI: $76,149.66 (-0.323%) | Kalshi: 0.03/0.05 (-90.32%)
[1331s] BRTI: $76,066.93 (-0.109%) | Kalshi: 0.01/0.02 (-66.67%)
[1391s] BRTI: $76,069.24 (+0.003%) | Kalshi: 0.00/0.01 (-100.00%)
[1452s] BRTI: $76,017.15 (-0.068%) | Kalshi: 0.00/0.01 (N/A)
[1512s] BRTI: $75,818.59 (-0.261%) | Kalshi: 0.39/0.44 (N/A)
[1573s] BRTI: $75,806.76 (-0.016%) | Kalshi: 0.35/0.38 (-10.26%)
[1633s] BRTI: $75,817.34 (+0.014%) | Kalshi: 0.38/0.45 (+8.57%)
[1694s] BRTI: $75,801.46 (-0.021%) | Kalshi: 0.28/0.32 (-26.32%)
[1754s] BRTI: $75,567.00 (-0.309%) | Kalshi: 0.14/0.20 (-50.00%)
[1815s] BRTI: $75,559.66 (-0.010%) | Kalshi: 0.15/0.18 (+7.14%)
[1875s] BRTI: $75,333.96 (-0.299%) | Kalshi: 0.08/0.09 (-46.67%)
[1936s] BRTI: $75,278.26 (-0.074%) | Kalshi: 0.02/0.03 (-75.00%)
[1996s] BRTI: $75,087.51 (-0.253%) | Kalshi: 0.01/0.02 (-50.00%)
[2056s] BRTI: $75,349.38 (+0.349%) | Kalshi: 0.03/0.06 (+200.00%)
[2117s] BRTI: $75,291.20 (-0.077%) | Kalshi: 0.02/0.05 (-33.33%)
[2177s] BRTI: $75,203.13 (-0.117%) | Kalshi: 0.01/0.02 (-50.00%)
[2238s] BRTI: $75,121.16 (-0.109%) | Kalshi: 0.00/0.01 (-100.00%)
[2298s] BRTI: $75,199.86 (+0.105%) | Kalshi: 0.00/0.01 (N/A)
[2359s] BRTI: $75,209.90 (+0.013%) | Kalshi: 0.00/0.01 (N/A)
[2420s] BRTI: $75,099.63 (-0.147%) | Kalshi: 0.44/0.47 (N/A)
[2480s] BRTI: $74,928.23 (-0.228%) | Kalshi: 0.30/0.31 (-31.82%)
[2541s] BRTI: $74,926.84 (-0.002%) | Kalshi: 0.22/0.30 (-26.67%)
[2601s] BRTI: $74,814.70 (-0.150%) | Kalshi: 0.21/0.25 (-4.55%)
[2661s] BRTI: $74,871.84 (+0.076%) | Kalshi: 0.21/0.24 (N/A)
[2722s] BRTI: $74,832.62 (-0.052%) | Kalshi: 0.15/0.27 (-28.57%)
[2782s] BRTI: $74,875.41 (+0.057%) | Kalshi: 0.08/0.10 (-46.67%)
[2843s] BRTI: $74,766.69 (-0.145%) | Kalshi: 0.08/0.13 (N/A) [WINDOW]
[2903s] BRTI: $74,789.90 (+0.031%) | Kalshi: 0.08/0.11 (N/A)
[2964s] BRTI: $74,585.79 (-0.273%) | Kalshi: 0.02/0.05 (-75.00%)
[3024s] BRTI: $74,685.21 (+0.133%) | Kalshi: 0.04/0.10 (+100.00%)
[3085s] BRTI: $74,745.00 (+0.080%) | Kalshi: 0.01/0.02 (-75.00%)
[3145s] BRTI: $74,708.12 (-0.049%) | Kalshi: 0.00/0.01 (-100.00%)
[3206s] BRTI: $74,632.84 (-0.101%) | Kalshi: 0.00/0.01 (N/A)
[3266s] BRTI: $74,592.95 (-0.053%) | Kalshi: 0.00/0.01 (N/A)
[3327s] BRTI: $74,585.30 (-0.010%) | Kalshi: 0.50/0.55 (N/A)
[3387s] BRTI: $74,754.38 (+0.227%) | Kalshi: 0.70/0.73 (+40.00%)
[3447s] BRTI: $75,044.08 (+0.388%) | Kalshi: 0.86/0.89 (+22.86%)
[3508s] BRTI: $75,255.95 (+0.282%) | Kalshi: 0.93/0.95 (+8.14%)
[3568s] BRTI: $75,588.94 (+0.442%) | Kalshi: 0.98/0.99 (+5.38%)
[3629s] BRTI: $75,620.51 (+0.042%) | Kalshi: 0.97/0.98 (-1.02%)
[3689s] BRTI: $75,496.60 (-0.164%) | Kalshi: 0.94/0.98 (-3.09%)
[3750s] BRTI: $75,756.16 (+0.344%) | Kalshi: 0.96/0.99 (+2.13%)
[3810s] BRTI: $75,962.64 (+0.273%) | Kalshi: 0.97/1.00 (+1.04%)
[3871s] BRTI: $76,042.92 (+0.106%) | Kalshi: 0.96/1.00 (-1.03%)
[3931s] BRTI: $76,042.68 (-0.000%) | Kalshi: 0.99/1.00 (+3.13%)
[3991s] BRTI: $76,287.05 (+0.321%) | Kalshi: 0.99/1.00 (N/A) [WINDOW]
[4052s] BRTI: $76,118.81 (-0.221%) | Kalshi: 0.99/1.00 (N/A) [WINDOW]
[4112s] BRTI: $76,178.74 (+0.079%) | Kalshi: 0.99/1.00 (N/A)
[4173s] BRTI: $76,181.04 (+0.003%) | Kalshi: 0.99/1.00 (N/A)
[4233s] BRTI: $76,119.37 (-0.081%) | Kalshi: 0.35/0.41 (-64.65%)
[4294s] BRTI: $76,044.96 (-0.098%) | Kalshi: 0.24/0.27 (-31.43%)
[4354s] BRTI: $75,909.85 (-0.178%) | Kalshi: 0.16/0.20 (-33.33%)
[4415s] BRTI: $75,967.06 (+0.075%) | Kalshi: 0.26/0.38 (+62.50%)
[4475s] BRTI: $75,849.15 (-0.155%) | Kalshi: 0.15/0.16 (-42.31%)
[4536s] BRTI: $75,723.38 (-0.166%) | Kalshi: 0.06/0.07 (-60.00%)
[4596s] BRTI: $75,661.42 (-0.082%) | Kalshi: 0.07/0.08 (+16.67%)
[4657s] BRTI: $75,601.94 (-0.079%) | Kalshi: 0.03/0.05 (-57.14%)
[4717s] BRTI: $75,607.99 (+0.008%) | Kalshi: 0.03/0.04 (N/A)
[4777s] BRTI: $75,754.51 (+0.194%) | Kalshi: 0.03/0.06 (N/A) [WINDOW]
[4838s] BRTI: $75,729.81 (-0.033%) | Kalshi: 0.03/0.04 (N/A)
[4898s] BRTI: $75,631.77 (-0.129%) | Kalshi: 0.00/0.01 (-100.00%)
[4959s] BRTI: $75,321.74 (-0.410%) | Kalshi: 0.00/0.01 (N/A)
[5019s] BRTI: $75,398.46 (+0.102%) | Kalshi: 0.00/0.01 (N/A)
[5080s] BRTI: $75,408.23 (+0.013%) | Kalshi: 0.00/0.01 (N/A)
[5140s] BRTI: $75,525.40 (+0.155%) | Kalshi: 0.56/0.58 (N/A)
[5201s] BRTI: $75,609.17 (+0.111%) | Kalshi: 0.72/0.75 (+28.57%)
[5261s] BRTI: $75,784.35 (+0.232%) | Kalshi: 0.81/0.83 (+12.50%)
[5322s] BRTI: $75,748.93 (-0.047%) | Kalshi: 0.72/0.73 (-11.11%)
[5382s] BRTI: $75,893.38 (+0.191%) | Kalshi: 0.92/0.93 (+27.78%)
[5443s] BRTI: $75,922.19 (+0.038%) | Kalshi: 0.92/0.93 (N/A)
[5503s] BRTI: $75,920.73 (-0.002%) | Kalshi: 0.97/0.98 (+5.43%)
[5563s] BRTI: $76,170.04 (+0.328%) | Kalshi: 0.98/0.99 (+1.03%)
[5624s] BRTI: $76,111.01 (-0.078%) | Kalshi: 0.98/0.99 (N/A)
[5684s] BRTI: $76,153.94 (+0.056%) | Kalshi: 0.96/0.97 (-2.04%)
[5745s] BRTI: $76,229.04 (+0.099%) | Kalshi: 0.99/1.00 (+3.13%)
[5805s] BRTI: $76,262.75 (+0.044%) | Kalshi: 0.99/1.00 (N/A)
[5866s] BRTI: $76,273.59 (+0.014%) | Kalshi: 0.99/1.00 (N/A)
[5926s] BRTI: $76,282.71 (+0.012%) | Kalshi: 0.99/1.00 (N/A)
[5986s] BRTI: $76,360.31 (+0.102%) | Kalshi: 0.99/1.00 (N/A) [WINDOW]
[6047s] BRTI: $76,403.59 (+0.057%) | Kalshi: 0.62/0.68 (-37.37%)
[6107s] BRTI: $76,466.29 (+0.082%) | Kalshi: 0.53/0.54 (-14.52%)
[6168s] BRTI: $76,321.40 (-0.189%) | Kalshi: 0.34/0.35 (-35.85%)
[6228s] BRTI: $76,451.30 (+0.170%) | Kalshi: 0.66/0.70 (+94.12%)
[6289s] BRTI: $76,378.16 (-0.096%) | Kalshi: 0.61/0.64 (-7.58%)
[6350s] BRTI: $76,395.93 (+0.023%) | Kalshi: 0.58/0.60 (-4.92%)
[6410s] BRTI: $76,347.50 (-0.063%) | Kalshi: 0.61/0.66 (+5.17%)
[6471s] BRTI: $76,265.92 (-0.107%) | Kalshi: 0.29/0.30 (-52.46%)
[6531s] BRTI: $76,301.80 (+0.047%) | Kalshi: 0.45/0.52 (+55.17%)
[6592s] BRTI: $76,295.01 (-0.009%) | Kalshi: 0.40/0.42 (-11.11%)
[6653s] BRTI: $76,278.16 (-0.022%) | Kalshi: 0.28/0.36 (-30.00%)
[6713s] BRTI: $76,223.60 (-0.072%) | Kalshi: 0.14/0.42 (-50.00%)
[6773s] BRTI: $76,227.31 (+0.005%) | Kalshi: 0.05/0.12 (-64.29%)
[6834s] BRTI: $76,150.76 (-0.100%) | Kalshi: 0.00/0.01 (-100.00%)
[6894s] BRTI: $76,128.44 (-0.029%) | Kalshi: 0.11/0.56 (N/A)
[6955s] BRTI: $76,006.53 (-0.160%) | Kalshi: 0.31/0.34 (+181.82%)
[7015s] BRTI: $75,998.04 (-0.011%) | Kalshi: 0.26/0.29 (-16.13%)
[7076s] BRTI: $75,950.38 (-0.063%) | Kalshi: 0.21/0.22 (-19.23%)
[7136s] BRTI: $75,963.69 (+0.018%) | Kalshi: 0.21/0.25 (N/A)
[7197s] BRTI: $75,874.15 (-0.118%) | Kalshi: 0.12/0.15 (-42.86%)
[7257s] BRTI: $75,883.56 (+0.012%) | Kalshi: 0.09/0.10 (-25.00%)
[7318s] BRTI: $75,921.06 (+0.049%) | Kalshi: 0.11/0.14 (+22.22%)
[7378s] BRTI: $75,946.91 (+0.034%) | Kalshi: 0.14/0.16 (+27.27%)
[7439s] BRTI: $75,957.31 (+0.014%) | Kalshi: 0.07/0.08 (-50.00%)
[7499s] BRTI: $75,939.34 (-0.024%) | Kalshi: 0.06/0.07 (-14.29%)
[7560s] BRTI: $75,879.47 (-0.079%) | Kalshi: 0.00/0.02 (-100.00%)
[7620s] BRTI: $75,767.49 (-0.148%) | Kalshi: 0.00/0.01 (N/A)
[7681s] BRTI: $75,843.43 (+0.100%) | Kalshi: 0.00/0.01 (N/A)
[7741s] BRTI: $75,836.79 (-0.009%) | Kalshi: 0.00/0.01 (N/A)
[7802s] BRTI: $75,850.40 (+0.018%) | Kalshi: 0.50/0.55 (N/A)
[7862s] BRTI: $75,886.53 (+0.048%) | Kalshi: 0.56/0.57 (+12.00%)
[7923s] BRTI: $75,819.98 (-0.088%) | Kalshi: 0.45/0.48 (-19.64%)
[7983s] BRTI: $75,756.52 (-0.084%) | Kalshi: 0.35/0.41 (-22.22%)
[8044s] BRTI: $75,736.18 (-0.027%) | Kalshi: 0.55/0.59 (+57.14%)
[8104s] BRTI: $75,890.54 (+0.204%) | Kalshi: 0.44/0.49 (-20.00%)
[8165s] BRTI: $75,803.15 (-0.115%) | Kalshi: 0.41/0.48 (-6.82%)
[8225s] BRTI: $75,682.85 (-0.159%) | Kalshi: 0.28/0.30 (-31.71%)
[8286s] BRTI: $75,550.87 (-0.174%) | Kalshi: 0.06/0.10 (-78.57%)
[8346s] BRTI: $75,389.87 (-0.213%) | Kalshi: 0.02/0.04 (-66.67%)
[8407s] BRTI: $75,432.03 (+0.056%) | Kalshi: 0.02/0.06 (N/A)
[8467s] BRTI: $75,436.51 (+0.006%) | Kalshi: 0.00/0.01 (-100.00%)
[8528s] BRTI: $75,447.47 (+0.015%) | Kalshi: 0.00/0.01 (N/A)
[8588s] BRTI: $75,468.19 (+0.027%) | Kalshi: 0.00/0.01 (N/A)
[8649s] BRTI: $75,482.60 (+0.019%) | Kalshi: 0.00/0.01 (N/A)
[8709s] BRTI: $75,462.98 (-0.026%) | Kalshi: 0.48/0.51 (N/A)
[8770s] BRTI: $75,318.63 (-0.191%) | Kalshi: 0.28/0.32 (-41.67%)
[8830s] BRTI: $75,096.09 (-0.295%) | Kalshi: 0.11/0.12 (-60.71%)
[8891s] BRTI: $75,107.68 (+0.015%) | Kalshi: 0.18/0.20 (+63.64%)
[8951s] BRTI: $75,096.88 (-0.014%) | Kalshi: 0.14/0.16 (-22.22%)
[9012s] BRTI: $75,166.44 (+0.093%) | Kalshi: 0.15/0.17 (+7.14%)
[9072s] BRTI: $75,095.07 (-0.095%) | Kalshi: 0.06/0.08 (-60.00%)
[9132s] BRTI: $75,153.34 (+0.078%) | Kalshi: 0.09/0.11 (+50.00%)
[9193s] BRTI: $75,304.95 (+0.202%) | Kalshi: 0.25/0.27 (+177.78%)
[9253s] BRTI: $75,269.16 (-0.048%) | Kalshi: 0.12/0.13 (-52.00%)
[9314s] BRTI: $75,254.93 (-0.019%) | Kalshi: 0.04/0.05 (-66.67%)
[9374s] BRTI: $75,261.60 (+0.009%) | Kalshi: 0.03/0.04 (-25.00%)
[9435s] BRTI: $75,006.09 (-0.340%) | Kalshi: 0.00/0.01 (-100.00%)
[9495s] BRTI: $74,924.30 (-0.109%) | Kalshi: 0.00/0.01 (N/A)
[9556s] BRTI: $74,980.13 (+0.075%) | Kalshi: 0.00/0.01 (N/A)
[9616s] BRTI: $75,030.97 (+0.068%) | Kalshi: 0.52/0.54 (N/A)
[9677s] BRTI: $75,062.81 (+0.042%) | Kalshi: 0.55/0.60 (+5.77%)
[9738s] BRTI: $75,089.56 (+0.036%) | Kalshi: 0.64/0.65 (+16.36%)
[9798s] BRTI: $75,230.87 (+0.188%) | Kalshi: 0.79/0.83 (+23.44%)
[9858s] BRTI: $75,167.95 (-0.084%) | Kalshi: 0.64/0.68 (-18.99%)
[9919s] BRTI: $75,129.68 (-0.051%) | Kalshi: 0.70/0.80 (+9.37%)
[9980s] BRTI: $75,090.85 (-0.052%) | Kalshi: 0.48/0.51 (-31.43%)
[10041s] BRTI: $74,897.47 (-0.258%) | Kalshi: 0.32/0.33 (-33.33%)
[10101s] BRTI: $75,024.67 (+0.170%) | Kalshi: 0.53/0.57 (+65.62%)
[10162s] BRTI: $75,004.99 (-0.026%) | Kalshi: 0.68/0.73 (+28.30%)
[10222s] BRTI: $75,058.87 (+0.072%) | Kalshi: 0.74/0.77 (+8.82%)
[10283s] BRTI: $75,222.54 (+0.218%) | Kalshi: 0.92/0.95 (+24.32%)
[10344s] BRTI: $75,197.56 (-0.033%) | Kalshi: 0.95/0.96 (+3.26%)
[10404s] BRTI: $75,258.24 (+0.081%) | Kalshi: 0.99/1.00 (+4.21%)
[10465s] BRTI: $75,221.34 (-0.049%) | Kalshi: 0.99/1.00 (N/A)
[10526s] BRTI: $75,289.57 (+0.091%) | Kalshi: 0.48/0.51 (-51.52%)
[10586s] BRTI: $75,275.09 (-0.019%) | Kalshi: 0.60/0.62 (+25.00%)
[10647s] BRTI: $75,284.27 (+0.012%) | Kalshi: 0.59/0.61 (-1.67%)
[10707s] BRTI: $75,134.52 (-0.199%) | Kalshi: 0.34/0.37 (-42.37%)
[10768s] BRTI: $75,158.28 (+0.032%) | Kalshi: 0.47/0.51 (+38.24%)
[10828s] BRTI: $75,356.11 (+0.263%) | Kalshi: 0.81/0.85 (+72.34%)
[10889s] BRTI: $75,514.35 (+0.210%) | Kalshi: 0.82/0.85 (+1.23%)
[10949s] BRTI: $75,434.91 (-0.105%) | Kalshi: 0.88/0.90 (+7.32%)
[11009s] BRTI: $75,418.14 (-0.022%) | Kalshi: 0.84/0.87 (-4.55%)
[11070s] BRTI: $75,304.91 (-0.150%) | Kalshi: 0.68/0.72 (-19.05%)
[11131s] BRTI: $75,397.22 (+0.123%) | Kalshi: 0.91/0.93 (+33.82%)
[11191s] BRTI: $75,448.87 (+0.068%) | Kalshi: 0.93/0.95 (+2.20%)
[11252s] BRTI: $75,346.03 (-0.136%) | Kalshi: 0.88/0.90 (-5.38%)
[11312s] BRTI: $75,440.99 (+0.126%) | Kalshi: 0.98/0.99 (+11.36%)
[11372s] BRTI: $75,498.23 (+0.076%) | Kalshi: 0.99/1.00 (+1.02%)
[11433s] BRTI: $75,494.25 (-0.005%) | Kalshi: 0.55/0.59 (-44.44%)
[11493s] BRTI: $75,391.44 (-0.136%) | Kalshi: 0.28/0.31 (-49.09%)
[11554s] BRTI: $75,311.29 (-0.106%) | Kalshi: 0.29/0.30 (+3.57%)
[11614s] BRTI: $75,205.95 (-0.140%) | Kalshi: 0.16/0.23 (-44.83%)
[11675s] BRTI: $75,320.86 (+0.153%) | Kalshi: 0.35/0.38 (+118.75%)
[11735s] BRTI: $75,352.21 (+0.042%) | Kalshi: 0.15/0.27 (-57.14%)
[11796s] BRTI: $75,347.40 (-0.006%) | Kalshi: 0.22/0.29 (+46.67%)
[11856s] BRTI: $75,402.54 (+0.073%) | Kalshi: 0.21/0.25 (-4.55%)
[11917s] BRTI: $75,440.95 (+0.051%) | Kalshi: 0.36/0.42 (+71.43%)
[11978s] BRTI: $75,529.08 (+0.117%) | Kalshi: 0.52/0.55 (+44.44%)
[12038s] BRTI: $75,460.01 (-0.091%) | Kalshi: 0.21/0.28 (-59.62%)
[12098s] BRTI: $75,443.75 (-0.022%) | Kalshi: 0.31/0.36 (+47.62%)
[12159s] BRTI: $75,510.58 (+0.089%) | Kalshi: 0.33/0.43 (+6.45%)
[12219s] BRTI: $75,383.13 (-0.169%) | Kalshi: 0.01/0.10 (-96.97%)
[12280s] BRTI: $75,579.37 (+0.260%) | Kalshi: 0.97/0.98 (+9600.00%)
[12340s] BRTI: $75,585.61 (+0.008%) | Kalshi: 0.57/0.61 (-41.24%)
[12401s] BRTI: $75,734.21 (+0.197%) | Kalshi: 0.72/0.75 (+26.32%)
[12461s] BRTI: $75,884.34 (+0.198%) | Kalshi: 0.81/0.84 (+12.50%)
[12522s] BRTI: $75,859.44 (-0.033%) | Kalshi: 0.82/0.86 (+1.23%)
[12583s] BRTI: $75,917.01 (+0.076%) | Kalshi: 0.92/0.93 (+12.20%)
[12643s] BRTI: $75,921.15 (+0.005%) | Kalshi: 0.88/0.90 (-4.35%)
[12704s] BRTI: $75,918.44 (-0.004%) | Kalshi: 0.86/0.89 (-2.27%)
[12765s] BRTI: $75,907.46 (-0.014%) | Kalshi: 0.88/0.90 (+2.33%)
[12825s] BRTI: $75,723.21 (-0.243%) | Kalshi: 0.78/0.81 (-11.36%)
[12886s] BRTI: $75,721.25 (-0.003%) | Kalshi: 0.79/0.82 (+1.28%)
[12946s] BRTI: $75,487.49 (-0.309%) | Kalshi: 0.17/0.20 (-78.48%)
[13007s] BRTI: $75,429.85 (-0.076%) | Kalshi: 0.30/0.33 (+76.47%)
[13067s] BRTI: $75,453.05 (+0.031%) | Kalshi: 0.36/0.41 (+20.00%)
[13128s] BRTI: $75,556.91 (+0.138%) | Kalshi: 0.71/0.75 (+97.22%)
[13188s] BRTI: $75,604.00 (+0.062%) | Kalshi: 0.97/0.98 (+36.62%)
[13249s] BRTI: $75,700.74 (+0.128%) | Kalshi: 0.54/0.55 (-44.33%)
[13309s] BRTI: $75,769.34 (+0.091%) | Kalshi: 0.68/0.69 (+25.93%)
[13370s] BRTI: $75,661.75 (-0.142%) | Kalshi: 0.38/0.44 (-44.12%)
[13430s] BRTI: $75,556.84 (-0.139%) | Kalshi: 0.30/0.31 (-21.05%)
[13491s] BRTI: $75,389.99 (-0.221%) | Kalshi: 0.14/0.19 (-53.33%)
[13551s] BRTI: $75,178.21 (-0.281%) | Kalshi: 0.08/0.10 (-42.86%)
[13612s] BRTI: $75,188.48 (+0.014%) | Kalshi: 0.07/0.09 (-12.50%)
[13672s] BRTI: $74,960.16 (-0.304%) | Kalshi: 0.03/0.07 (-57.14%)
[13733s] BRTI: $74,905.16 (-0.073%) | Kalshi: 0.02/0.03 (-33.33%)
[13794s] BRTI: $75,059.74 (+0.206%) | Kalshi: 0.02/0.05 (N/A) [WINDOW]
[13854s] BRTI: $75,253.93 (+0.259%) | Kalshi: 0.03/0.04 (+50.00%)
[13915s] BRTI: $75,301.99 (+0.064%) | Kalshi: 0.06/0.09 (+100.00%)
[13975s] BRTI: $76,295.52 (+1.319%) | Kalshi: 0.93/0.98 (+1450.00%)
[14036s] BRTI: $76,377.60 (+0.108%) | Kalshi: 0.99/1.00 (+6.45%)
[14097s] BRTI: $76,437.27 (+0.078%) | Kalshi: 0.45/0.55 (-54.55%)
[14158s] BRTI: $76,196.09 (-0.316%) | Kalshi: 0.38/0.42 (-15.56%)
[14219s] BRTI: $76,549.76 (+0.464%) | Kalshi: 0.55/0.59 (+44.74%)
[14279s] BRTI: $76,248.89 (-0.393%) | Kalshi: 0.29/0.32 (-47.27%)
[14340s] BRTI: $76,099.92 (-0.195%) | Kalshi: 0.30/0.32 (+3.45%)
[14400s] BRTI: $76,101.42 (+0.002%) | Kalshi: 0.16/0.20 (-46.67%)
[14461s] BRTI: $76,231.10 (+0.170%) | Kalshi: 0.35/0.39 (+118.75%)
[14521s] BRTI: $76,268.86 (+0.050%) | Kalshi: 0.34/0.37 (-2.86%)
[14581s] BRTI: $76,288.77 (+0.026%) | Kalshi: 0.33/0.35 (-2.94%)
[14642s] BRTI: $76,310.18 (+0.028%) | Kalshi: 0.44/0.47 (+33.33%)
[14702s] BRTI: $76,292.01 (-0.024%) | Kalshi: 0.37/0.38 (-15.91%)
[14763s] BRTI: $76,243.76 (-0.063%) | Kalshi: 0.23/0.25 (-37.84%)
[14823s] BRTI: $76,367.73 (+0.163%) | Kalshi: 0.64/0.68 (+178.26%)
[14884s] BRTI: $76,453.82 (+0.113%) | Kalshi: 0.95/0.96 (+48.44%)
[14944s] BRTI: $76,382.70 (-0.093%) | Kalshi: 0.93/0.95 (-2.11%)
[15005s] BRTI: $76,413.28 (+0.040%) | Kalshi: 0.18/0.45 (-80.65%)
[15065s] BRTI: $76,417.83 (+0.006%) | Kalshi: 0.42/0.50 (+133.33%)
[15125s] BRTI: $76,496.88 (+0.103%) | Kalshi: 0.53/0.60 (+26.19%)
[15186s] BRTI: $76,426.33 (-0.092%) | Kalshi: 0.50/0.57 (-5.66%)
[15246s] BRTI: $76,414.74 (-0.015%) | Kalshi: 0.54/0.57 (+8.00%)
[15307s] BRTI: $76,506.24 (+0.120%) | Kalshi: 0.55/0.56 (+1.85%)
[15367s] BRTI: $76,409.98 (-0.126%) | Kalshi: 0.59/0.63 (+7.27%)
[15428s] BRTI: $76,649.91 (+0.314%) | Kalshi: 0.83/0.85 (+40.68%)
[15488s] BRTI: $76,642.54 (-0.010%) | Kalshi: 0.84/0.87 (+1.20%)
[15549s] BRTI: $76,707.61 (+0.085%) | Kalshi: 0.88/0.93 (+4.76%)
[15609s] BRTI: $76,688.77 (-0.025%) | Kalshi: 0.90/0.93 (+2.27%)
[15669s] BRTI: $76,657.59 (-0.041%) | Kalshi: 0.86/0.88 (-4.44%)
[15730s] BRTI: $76,520.04 (-0.179%) | Kalshi: 0.58/0.69 (-32.56%)
[15790s] BRTI: $76,485.30 (-0.045%) | Kalshi: 0.73/0.75 (+25.86%)
[15851s] BRTI: $76,459.13 (-0.034%) | Kalshi: 0.50/0.97 (-31.51%)
[15911s] BRTI: $76,461.10 (+0.003%) | Kalshi: 0.46/0.50 (-8.00%)
[15972s] BRTI: $76,478.76 (+0.023%) | Kalshi: 0.53/0.57 (+15.22%)
[16033s] BRTI: $76,375.87 (-0.135%) | Kalshi: 0.35/0.37 (-33.96%)
[16093s] BRTI: $76,411.05 (+0.046%) | Kalshi: 0.51/0.53 (+45.71%)
[16154s] BRTI: $76,507.25 (+0.126%) | Kalshi: 0.62/0.65 (+21.57%)
[16215s] BRTI: $76,505.36 (-0.002%) | Kalshi: 0.58/0.61 (-6.45%)
[16275s] BRTI: $76,533.37 (+0.037%) | Kalshi: 0.55/0.57 (-5.17%)
[16336s] BRTI: $76,454.38 (-0.103%) | Kalshi: 0.43/0.44 (-21.82%)
[16397s] BRTI: $76,373.91 (-0.105%) | Kalshi: 0.33/0.35 (-23.26%)
[16458s] BRTI: $76,381.83 (+0.010%) | Kalshi: 0.35/0.37 (+6.06%)
[16518s] BRTI: $76,406.97 (+0.033%) | Kalshi: 0.35/0.39 (N/A)
[16579s] BRTI: $76,370.58 (-0.048%) | Kalshi: 0.26/0.29 (-25.71%)
[16640s] BRTI: $76,388.85 (+0.024%) | Kalshi: 0.31/0.34 (+19.23%)
[16700s] BRTI: $76,362.24 (-0.035%) | Kalshi: 0.07/0.09 (-77.42%)
[16761s] BRTI: $76,357.26 (-0.007%) | Kalshi: 0.00/0.01 (-100.00%)
[16821s] BRTI: $76,388.25 (+0.041%) | Kalshi: 0.56/0.66 (N/A)
[16882s] BRTI: $76,412.95 (+0.032%) | Kalshi: 0.64/0.67 (+14.29%)
[16943s] BRTI: $76,453.70 (+0.053%) | Kalshi: 0.79/0.80 (+23.44%)
[17003s] BRTI: $76,437.28 (-0.021%) | Kalshi: 0.69/0.74 (-12.66%)
[17064s] BRTI: $76,449.17 (+0.016%) | Kalshi: 0.65/0.68 (-5.80%)
[17125s] BRTI: $76,430.60 (-0.024%) | Kalshi: 0.69/0.74 (+6.15%)
[17185s] BRTI: $76,471.74 (+0.054%) | Kalshi: 0.65/0.74 (-5.80%)
[17246s] BRTI: $76,408.93 (-0.082%) | Kalshi: 0.60/0.68 (-7.69%)
[17307s] BRTI: $76,538.78 (+0.170%) | Kalshi: 0.88/0.90 (+46.67%)
[17367s] BRTI: $76,614.91 (+0.099%) | Kalshi: 0.86/0.92 (-2.27%)
[17428s] BRTI: $76,601.56 (-0.017%) | Kalshi: 0.89/0.91 (+3.49%)
[17488s] BRTI: $76,563.67 (-0.049%) | Kalshi: 0.90/0.94 (+1.12%)
[17549s] BRTI: $76,574.97 (+0.015%) | Kalshi: 0.94/0.96 (+4.44%)
[17609s] BRTI: $76,493.01 (-0.107%) | Kalshi: 0.80/0.94 (-14.89%)
[17670s] BRTI: $76,470.32 (-0.030%) | Kalshi: 0.98/0.99 (+22.50%)
[17730s] BRTI: $76,595.09 (+0.163%) | Kalshi: 0.70/0.80 (-28.57%)
[17791s] BRTI: $76,649.53 (+0.071%) | Kalshi: 0.76/0.78 (+8.57%)
[17852s] BRTI: $76,841.29 (+0.250%) | Kalshi: 0.85/0.86 (+11.84%)
[17912s] BRTI: $76,685.28 (-0.203%) | Kalshi: 0.77/0.79 (-9.41%)
[17973s] BRTI: $76,749.17 (+0.083%) | Kalshi: 0.85/0.88 (+10.39%)
[18033s] BRTI: $76,682.43 (-0.087%) | Kalshi: 0.79/0.81 (-7.06%)
[18094s] BRTI: $76,661.44 (-0.027%) | Kalshi: 0.83/0.87 (+5.06%)
[18154s] BRTI: $76,657.88 (-0.005%) | Kalshi: 0.82/0.84 (-1.20%)
[18215s] BRTI: $76,689.22 (+0.041%) | Kalshi: 0.90/0.92 (+9.76%)
[18276s] BRTI: $76,703.53 (+0.019%) | Kalshi: 0.90/0.92 (N/A)
[18337s] BRTI: $76,732.85 (+0.038%) | Kalshi: 0.95/0.97 (+5.56%)
[18397s] BRTI: $76,632.10 (-0.131%) | Kalshi: 0.86/0.89 (-9.47%)
[18458s] BRTI: $76,643.29 (+0.015%) | Kalshi: 0.92/0.95 (+6.98%)
[18519s] BRTI: $76,652.20 (+0.012%) | Kalshi: 0.98/0.99 (+6.52%)
[18579s] BRTI: $76,632.30 (-0.026%) | Kalshi: 0.99/1.00 (+1.02%)
[18640s] BRTI: $76,643.43 (+0.015%) | Kalshi: 0.44/0.55 (-55.56%)
[18701s] BRTI: $76,646.88 (+0.005%) | Kalshi: 0.53/0.58 (+20.45%)
[18761s] BRTI: $76,602.41 (-0.058%) | Kalshi: 0.40/0.48 (-24.53%)
[18822s] BRTI: $76,676.29 (+0.096%) | Kalshi: 0.67/0.68 (+67.50%)
[18882s] BRTI: $76,699.56 (+0.030%) | Kalshi: 0.75/0.82 (+11.94%)
[18942s] BRTI: $76,792.24 (+0.121%) | Kalshi: 0.79/0.84 (+5.33%)
[19003s] BRTI: $76,774.61 (-0.023%) | Kalshi: 0.73/0.76 (-7.59%)
[19063s] BRTI: $76,767.23 (-0.010%) | Kalshi: 0.71/0.75 (-2.74%)
[19124s] BRTI: $76,722.68 (-0.058%) | Kalshi: 0.83/0.84 (+16.90%)
[19184s] BRTI: $76,699.37 (-0.030%) | Kalshi: 0.77/0.80 (-7.23%)
[19245s] BRTI: $76,831.69 (+0.173%) | Kalshi: 0.91/0.95 (+18.18%)
[19305s] BRTI: $76,849.63 (+0.023%) | Kalshi: 0.94/0.96 (+3.30%)
[19366s] BRTI: $76,853.25 (+0.005%) | Kalshi: 0.97/0.98 (+3.19%)
[19426s] BRTI: $76,842.98 (-0.013%) | Kalshi: 0.98/0.99 (+1.03%)
[19486s] BRTI: $76,825.63 (-0.023%) | Kalshi: 0.99/1.00 (+1.02%)
[19547s] BRTI: $76,920.11 (+0.123%) | Kalshi: 0.66/0.68 (-33.33%)
[19607s] BRTI: $76,858.85 (-0.080%) | Kalshi: 0.50/0.54 (-24.24%)
[19668s] BRTI: $76,948.74 (+0.117%) | Kalshi: 0.64/0.65 (+28.00%)
[19728s] BRTI: $76,913.89 (-0.045%) | Kalshi: 0.73/0.76 (+14.06%)
[19788s] BRTI: $76,967.15 (+0.069%) | Kalshi: 0.84/0.87 (+15.07%)
[19849s] BRTI: $76,913.73 (-0.069%) | Kalshi: 0.66/0.69 (-21.43%)
[19909s] BRTI: $76,940.32 (+0.035%) | Kalshi: 0.75/0.77 (+13.64%)
[19970s] BRTI: $76,965.04 (+0.032%) | Kalshi: 0.76/0.79 (+1.33%)
[20030s] BRTI: $76,929.32 (-0.046%) | Kalshi: 0.72/0.73 (-5.26%)
[20091s] BRTI: $76,953.90 (+0.032%) | Kalshi: 0.76/0.80 (+5.56%)
[20151s] BRTI: $76,890.65 (-0.082%) | Kalshi: 0.47/0.51 (-38.16%)
[20212s] BRTI: $76,766.63 (-0.161%) | Kalshi: 0.19/0.23 (-59.57%)
[20272s] BRTI: $76,701.99 (-0.084%) | Kalshi: 0.04/0.06 (-78.95%)
[20333s] BRTI: $76,695.16 (-0.009%) | Kalshi: 0.02/0.03 (-50.00%)
[20394s] BRTI: $76,701.79 (+0.009%) | Kalshi: 0.61/0.83 (+2950.00%)
[20454s] BRTI: $76,828.02 (+0.165%) | Kalshi: 0.75/0.79 (+22.95%)
[20515s] BRTI: $76,786.86 (-0.054%) | Kalshi: 0.77/0.79 (+2.67%)
[20575s] BRTI: $76,721.49 (-0.085%) | Kalshi: 0.55/0.65 (-28.57%)
[20636s] BRTI: $76,648.20 (-0.096%) | Kalshi: 0.46/0.54 (-16.36%)
[20696s] BRTI: $76,680.28 (+0.042%) | Kalshi: 0.42/0.43 (-8.70%)
[20757s] BRTI: $76,678.78 (-0.002%) | Kalshi: 0.57/0.60 (+35.71%)
[20818s] BRTI: $76,746.50 (+0.088%) | Kalshi: 0.65/0.66 (+14.04%)
[20878s] BRTI: $76,808.68 (+0.081%) | Kalshi: 0.89/0.90 (+36.92%)
[20939s] BRTI: $76,878.70 (+0.091%) | Kalshi: 0.88/0.91 (-1.12%)
[21000s] BRTI: $76,888.89 (+0.013%) | Kalshi: 0.89/0.91 (+1.14%)
[21061s] BRTI: $76,846.34 (-0.055%) | Kalshi: 0.84/0.85 (-5.62%)
[21121s] BRTI: $76,882.22 (+0.047%) | Kalshi: 0.91/0.95 (+8.33%)
[21182s] BRTI: $76,882.62 (+0.001%) | Kalshi: 0.97/0.98 (+6.59%)
[21242s] BRTI: $76,873.65 (-0.012%) | Kalshi: 0.99/1.00 (+2.06%)
[21303s] BRTI: $76,873.49 (-0.000%) | Kalshi: 0.45/0.55 (-54.55%)
[21363s] BRTI: $76,843.64 (-0.039%) | Kalshi: 0.41/0.45 (-8.89%)
[21424s] BRTI: $76,809.64 (-0.044%) | Kalshi: 0.31/0.33 (-24.39%)
[21484s] BRTI: $76,817.54 (+0.010%) | Kalshi: 0.39/0.42 (+25.81%)
[21544s] BRTI: $76,886.98 (+0.090%) | Kalshi: 0.66/0.67 (+69.23%)
[21605s] BRTI: $76,936.97 (+0.065%) | Kalshi: 0.69/0.71 (+4.55%)
[21665s] BRTI: $76,941.94 (+0.006%) | Kalshi: 0.74/0.75 (+7.25%)
[21725s] BRTI: $76,959.04 (+0.022%) | Kalshi: 0.60/0.67 (-18.92%)
[21786s] BRTI: $76,980.56 (+0.028%) | Kalshi: 0.77/0.80 (+28.33%)
[21846s] BRTI: $77,008.06 (+0.036%) | Kalshi: 0.86/0.88 (+11.69%)
[21907s] BRTI: $76,992.75 (-0.020%) | Kalshi: 0.85/0.86 (-1.16%)
[21967s] BRTI: $76,995.04 (+0.003%) | Kalshi: 0.92/0.93 (+8.24%)
[22028s] BRTI: $76,986.68 (-0.011%) | Kalshi: 0.91/0.93 (-1.09%)
[22088s] BRTI: $76,987.11 (+0.001%) | Kalshi: 0.87/0.91 (-4.40%)
[22149s] BRTI: $76,946.16 (-0.053%) | Kalshi: 0.51/0.97 (-41.38%)
[22209s] BRTI: $76,847.68 (-0.128%) | Kalshi: 0.45/0.55 (-11.76%)
[22270s] BRTI: $76,803.87 (-0.057%) | Kalshi: 0.27/0.29 (-40.00%)
[22331s] BRTI: $76,668.31 (-0.177%) | Kalshi: 0.12/0.15 (-55.56%)
[22391s] BRTI: $76,657.50 (-0.014%) | Kalshi: 0.14/0.15 (+16.67%)
[22451s] BRTI: $76,761.97 (+0.136%) | Kalshi: 0.34/0.37 (+142.86%)
[22512s] BRTI: $76,793.51 (+0.041%) | Kalshi: 0.31/0.36 (-8.82%)
[22572s] BRTI: $76,751.43 (-0.055%) | Kalshi: 0.32/0.33 (+3.23%)
[22632s] BRTI: $76,719.55 (-0.042%) | Kalshi: 0.19/0.24 (-40.62%)
[22693s] BRTI: $76,723.16 (+0.005%) | Kalshi: 0.10/0.20 (-47.37%)
[22753s] BRTI: $76,728.43 (+0.007%) | Kalshi: 0.07/0.12 (-30.00%)
[22814s] BRTI: $76,732.49 (+0.005%) | Kalshi: 0.07/0.11 (N/A)
[22874s] BRTI: $76,739.83 (+0.010%) | Kalshi: 0.07/0.10 (N/A)
[22935s] BRTI: $76,759.56 (+0.026%) | Kalshi: 0.04/0.08 (-42.86%)
[22995s] BRTI: $76,751.38 (-0.011%) | Kalshi: 0.01/0.03 (-75.00%)
[23055s] BRTI: $76,730.78 (-0.027%) | Kalshi: 0.00/0.03 (-100.00%)
[23116s] BRTI: $76,694.80 (-0.047%) | Kalshi: 0.35/0.48 (N/A)
[23176s] BRTI: $76,708.12 (+0.017%) | Kalshi: 0.52/0.56 (+48.57%)
[23237s] BRTI: $76,754.16 (+0.060%) | Kalshi: 0.67/0.70 (+28.85%)
[23297s] BRTI: $76,737.06 (-0.022%) | Kalshi: 0.66/0.67 (-1.49%)
[23358s] BRTI: $76,818.00 (+0.105%) | Kalshi: 0.81/0.83 (+22.73%)
[23418s] BRTI: $76,836.09 (+0.024%) | Kalshi: 0.84/0.86 (+3.70%)
[23478s] BRTI: $76,846.68 (+0.014%) | Kalshi: 0.90/0.92 (+7.14%)
[23539s] BRTI: $76,922.95 (+0.099%) | Kalshi: 0.96/0.97 (+6.67%)
[23599s] BRTI: $76,891.74 (-0.041%) | Kalshi: 0.92/0.95 (-4.17%)
[23660s] BRTI: $76,903.53 (+0.015%) | Kalshi: 0.97/0.98 (+5.43%)
[23720s] BRTI: $76,995.21 (+0.119%) | Kalshi: 0.97/0.99 (N/A) [WINDOW]
[23781s] BRTI: $76,991.41 (-0.005%) | Kalshi: 0.98/0.99 (+1.03%)
[23841s] BRTI: $77,070.00 (+0.102%) | Kalshi: 0.99/1.00 (+1.02%)
[23902s] BRTI: $77,116.54 (+0.060%) | Kalshi: 0.99/1.00 (N/A)
[23962s] BRTI: $77,239.52 (+0.159%) | Kalshi: 0.99/1.00 (N/A) [WINDOW]
[24022s] BRTI: $77,292.40 (+0.068%) | Kalshi: 0.51/0.55 (-48.48%)
[24083s] BRTI: $77,233.27 (-0.077%) | Kalshi: 0.56/0.58 (+9.80%)
[24143s] BRTI: $77,264.40 (+0.040%) | Kalshi: 0.50/0.53 (-10.71%)
[24204s] BRTI: $77,371.28 (+0.138%) | Kalshi: 0.77/0.81 (+54.00%)
[24264s] BRTI: $77,265.76 (-0.136%) | Kalshi: 0.44/0.47 (-42.86%)
[24326s] BRTI: $77,290.61 (+0.032%) | Kalshi: 0.50/0.53 (+13.64%)
[24386s] BRTI: $77,242.15 (-0.063%) | Kalshi: 0.50/0.54 (N/A)
[24447s] BRTI: $77,445.09 (+0.263%) | Kalshi: 0.89/0.91 (+78.00%)
[24508s] BRTI: $77,466.98 (+0.028%) | Kalshi: 0.71/0.74 (-20.22%)
[24568s] BRTI: $77,397.69 (-0.089%) | Kalshi: 0.82/0.84 (+15.49%)
[24629s] BRTI: $77,367.25 (-0.039%) | Kalshi: 0.84/0.86 (+2.44%)
[24690s] BRTI: $77,357.79 (-0.012%) | Kalshi: 0.84/0.87 (N/A)
[24750s] BRTI: $77,339.06 (-0.024%) | Kalshi: 0.87/0.90 (+3.57%)
[24811s] BRTI: $77,302.93 (-0.047%) | Kalshi: 0.66/0.70 (-24.14%)
[24871s] BRTI: $77,297.42 (-0.007%) | Kalshi: 0.98/0.99 (+48.48%)
[24932s] BRTI: $77,482.78 (+0.240%) | Kalshi: 0.66/0.70 (-32.65%)
[24992s] BRTI: $77,546.50 (+0.082%) | Kalshi: 0.81/0.82 (+22.73%)
[25053s] BRTI: $77,691.84 (+0.187%) | Kalshi: 0.89/0.91 (+9.88%)
[25113s] BRTI: $77,709.96 (+0.023%) | Kalshi: 0.89/0.92 (N/A)
[25174s] BRTI: $77,729.63 (+0.025%) | Kalshi: 0.91/0.93 (+2.25%)
[25234s] BRTI: $77,709.53 (-0.026%) | Kalshi: 0.91/0.94 (N/A)
[25294s] BRTI: $77,674.15 (-0.046%) | Kalshi: 0.91/0.94 (N/A)
[25355s] BRTI: $77,687.74 (+0.017%) | Kalshi: 0.93/0.97 (+2.20%)
[25415s] BRTI: $77,686.10 (-0.002%) | Kalshi: 0.95/0.97 (+2.15%)
[25476s] BRTI: $77,652.20 (-0.044%) | Kalshi: 0.96/0.98 (+1.05%)
[25536s] BRTI: $77,618.35 (-0.044%) | Kalshi: 0.95/0.97 (-1.04%)
[25596s] BRTI: $77,636.39 (+0.023%) | Kalshi: 0.97/0.99 (+2.11%)
[25657s] BRTI: $77,638.47 (+0.003%) | Kalshi: 0.99/1.00 (+2.06%)
[25717s] BRTI: $77,658.27 (+0.026%) | Kalshi: 0.99/1.00 (N/A)
[25778s] BRTI: $77,628.96 (-0.038%) | Kalshi: 0.99/1.00 (N/A)
[25838s] BRTI: $77,658.75 (+0.038%) | Kalshi: 0.54/0.57 (-45.45%)
[25899s] BRTI: $77,552.47 (-0.137%) | Kalshi: 0.39/0.42 (-27.78%)
[25959s] BRTI: $77,633.85 (+0.105%) | Kalshi: 0.58/0.61 (+48.72%)
[26020s] BRTI: $77,648.69 (+0.019%) | Kalshi: 0.58/0.61 (N/A)
[26081s] BRTI: $77,620.76 (-0.036%) | Kalshi: 0.48/0.53 (-17.24%)
[26141s] BRTI: $77,698.25 (+0.100%) | Kalshi: 0.71/0.74 (+47.92%)
[26201s] BRTI: $77,779.30 (+0.104%) | Kalshi: 0.80/0.83 (+12.68%)
[26262s] BRTI: $77,759.40 (-0.026%) | Kalshi: 0.70/0.74 (-12.50%)
[26322s] BRTI: $77,716.96 (-0.055%) | Kalshi: 0.73/0.77 (+4.29%)
[26382s] BRTI: $77,658.13 (-0.076%) | Kalshi: 0.61/0.66 (-16.44%)
[26443s] BRTI: $77,659.67 (+0.002%) | Kalshi: 0.69/0.74 (+13.11%)
[26504s] BRTI: $77,688.10 (+0.037%) | Kalshi: 0.88/0.90 (+27.54%)
[26564s] BRTI: $77,719.75 (+0.041%) | Kalshi: 0.96/0.98 (+9.09%)
[26625s] BRTI: $77,716.43 (-0.004%) | Kalshi: 0.90/0.91 (-6.25%)
[26685s] BRTI: $77,644.58 (-0.092%) | Kalshi: 0.88/0.95 (-2.22%)
[26745s] BRTI: $77,615.56 (-0.037%) | Kalshi: 0.44/0.46 (-50.00%)
[26806s] BRTI: $77,609.45 (-0.008%) | Kalshi: 0.45/0.49 (+2.27%)
[26866s] BRTI: $77,549.38 (-0.077%) | Kalshi: 0.33/0.36 (-26.67%)
[26927s] BRTI: $77,555.02 (+0.007%) | Kalshi: 0.20/0.31 (-39.39%)
[26987s] BRTI: $77,531.80 (-0.030%) | Kalshi: 0.22/0.32 (+10.00%)
[27048s] BRTI: $77,488.92 (-0.055%) | Kalshi: 0.16/0.19 (-27.27%)
[27108s] BRTI: $77,481.84 (-0.009%) | Kalshi: 0.14/0.15 (-12.50%)
[27169s] BRTI: $77,486.07 (+0.005%) | Kalshi: 0.10/0.13 (-28.57%)
[27229s] BRTI: $77,466.30 (-0.026%) | Kalshi: 0.06/0.08 (-40.00%)
[27290s] BRTI: $77,427.21 (-0.050%) | Kalshi: 0.04/0.06 (-33.33%)
[27350s] BRTI: $77,494.46 (+0.087%) | Kalshi: 0.13/0.16 (+225.00%)
[27411s] BRTI: $77,496.50 (+0.003%) | Kalshi: 0.08/0.10 (-38.46%)
[27471s] BRTI: $77,509.91 (+0.017%) | Kalshi: 0.07/0.10 (-12.50%)
[27532s] BRTI: $77,500.02 (-0.013%) | Kalshi: 0.02/0.03 (-71.43%)
[27592s] BRTI: $77,517.81 (+0.023%) | Kalshi: 0.00/0.01 (-100.00%)
[27653s] BRTI: $77,611.49 (+0.121%) | Kalshi: 0.66/0.70 (N/A)
[27713s] BRTI: $77,683.01 (+0.092%) | Kalshi: 0.82/0.84 (+24.24%)
[27774s] BRTI: $77,735.88 (+0.068%) | Kalshi: 0.86/0.89 (+4.88%)
[27834s] BRTI: $77,741.49 (+0.007%) | Kalshi: 0.88/0.89 (+2.33%)
[27895s] BRTI: $77,745.43 (+0.005%) | Kalshi: 0.87/0.88 (-1.14%)
[27956s] BRTI: $77,704.49 (-0.053%) | Kalshi: 0.77/0.81 (-11.49%)
[28016s] BRTI: $77,586.42 (-0.152%) | Kalshi: 0.62/0.66 (-19.48%)
[28076s] BRTI: $77,568.04 (-0.024%) | Kalshi: 0.49/0.54 (-20.97%)
[28137s] BRTI: $77,546.41 (-0.028%) | Kalshi: 0.50/0.54 (+2.04%)
[28197s] BRTI: $77,512.82 (-0.043%) | Kalshi: 0.20/0.31 (-60.00%)
[28258s] BRTI: $77,509.09 (-0.005%) | Kalshi: 0.15/0.19 (-25.00%)
[28319s] BRTI: $77,454.38 (-0.071%) | Kalshi: 0.12/0.15 (-20.00%)
[28379s] BRTI: $77,469.17 (+0.019%) | Kalshi: 0.09/0.10 (-25.00%)
[28440s] BRTI: $77,516.26 (+0.061%) | Kalshi: 0.08/0.83 (-11.11%)
[28501s] BRTI: $77,510.95 (-0.007%) | Kalshi: 0.50/0.53 (+525.00%)
[28561s] BRTI: $77,471.70 (-0.051%) | Kalshi: 0.32/0.36 (-36.00%)
[28622s] BRTI: $77,474.63 (+0.004%) | Kalshi: 0.32/0.36 (N/A)
[28682s] BRTI: $77,461.62 (-0.017%) | Kalshi: 0.29/0.32 (-9.38%)
[28743s] BRTI: $77,438.52 (-0.030%) | Kalshi: 0.24/0.25 (-17.24%)

======================================================================
COMPLETE: 476 measurements
Saved: data/continuous_20260202_105014.json

⚡ WINDOWS: 8
