
======================================================================
LIVE PAPER TRADING
======================================================================
Duration: 480 minutes
Interval: 60 seconds
Trade Size: 10 contracts
Start: 2026-02-02 02:50:10 UTC
======================================================================

[   0s] BRTI: $76,840.75 (N/A) | Kalshi: 0.35/0.42 (N/A)
[  60s] BRTI: $76,735.41 (-0.137%) | Kalshi: 0.23/0.25 (-34.29%)
[ 120s] BRTI: $76,656.24 (-0.103%) | Kalshi: 0.16/0.19 (-30.43%)
[ 181s] BRTI: $76,653.39 (-0.004%) | Kalshi: 0.09/0.10 (-43.75%)
[ 241s] BRTI: $76,651.57 (-0.002%) | Kalshi: 0.05/0.09 (-44.44%)
[ 302s] BRTI: $76,631.02 (-0.027%) | Kalshi: 0.03/0.04 (-40.00%)
[ 362s] BRTI: $76,624.22 (-0.009%) | Kalshi: 0.01/0.03 (-66.67%)
[ 423s] BRTI: $76,620.81 (-0.004%) | Kalshi: 0.00/0.01 (-100.00%)
[ 483s] BRTI: $76,490.68 (-0.170%) | Kalshi: 0.00/0.01 (N/A)
[ 544s] BRTI: $76,454.74 (-0.047%) | Kalshi: 0.00/0.01 (N/A)
[ 604s] BRTI: $76,460.00 (+0.007%) | Kalshi: 0.50/0.78 (N/A)
[ 665s] BRTI: $76,456.24 (-0.005%) | Kalshi: 0.51/0.56 (+2.00%)
[ 725s] BRTI: $76,340.89 (-0.151%) | Kalshi: 0.36/0.38 (-29.41%)
[ 786s] BRTI: $76,339.93 (-0.001%) | Kalshi: 0.41/0.46 (+13.89%)
[ 846s] BRTI: $76,400.54 (+0.079%) | Kalshi: 0.35/0.39 (-14.63%)
[ 907s] BRTI: $76,297.63 (-0.135%) | Kalshi: 0.25/0.30 (-28.57%)
[ 967s] BRTI: $76,337.26 (+0.052%) | Kalshi: 0.33/0.36 (+32.00%)
[1028s] BRTI: $76,416.03 (+0.103%) | Kalshi: 0.56/0.60 (+69.70%)
[1088s] BRTI: $76,378.30 (-0.049%) | Kalshi: 0.47/0.49 (-16.07%)
[1149s] BRTI: $76,365.23 (-0.017%) | Kalshi: 0.31/0.36 (-34.04%)
[1209s] BRTI: $76,396.24 (+0.041%) | Kalshi: 0.31/0.35 (N/A)
[1270s] BRTI: $76,149.66 (-0.323%) | Kalshi: 0.03/0.05 (-90.32%)
[1330s] BRTI: $76,066.93 (-0.109%) | Kalshi: 0.01/0.02 (-66.67%)
[1391s] BRTI: $76,069.24 (+0.003%) | Kalshi: 0.00/0.01 (-100.00%)
[1451s] BRTI: $76,017.15 (-0.068%) | Kalshi: 0.00/0.01 (N/A)
[1512s] BRTI: $75,818.59 (-0.261%) | Kalshi: 0.39/0.44 (N/A)
[1572s] BRTI: $75,806.76 (-0.016%) | Kalshi: 0.35/0.38 (-10.26%)
[1633s] BRTI: $75,817.34 (+0.014%) | Kalshi: 0.38/0.45 (+8.57%)
[1693s] BRTI: $75,801.46 (-0.021%) | Kalshi: 0.28/0.32 (-26.32%)
[1753s] BRTI: $75,567.00 (-0.309%) | Kalshi: 0.14/0.20 (-50.00%)
[1814s] BRTI: $75,559.66 (-0.010%) | Kalshi: 0.15/0.18 (+7.14%)
[1875s] BRTI: $75,333.96 (-0.299%) | Kalshi: 0.08/0.09 (-46.67%)
[1935s] BRTI: $75,278.26 (-0.074%) | Kalshi: 0.02/0.03 (-75.00%)
[1996s] BRTI: $75,087.51 (-0.253%) | Kalshi: 0.01/0.02 (-50.00%)
[2056s] BRTI: $75,349.38 (+0.349%) | Kalshi: 0.03/0.06 (+200.00%)
[2116s] BRTI: $75,291.20 (-0.077%) | Kalshi: 0.02/0.05 (-33.33%)
[2177s] BRTI: $75,203.13 (-0.117%) | Kalshi: 0.01/0.02 (-50.00%)
[2237s] BRTI: $75,121.96 (-0.108%) | Kalshi: 0.00/0.01 (-100.00%)
[2298s] BRTI: $75,199.86 (+0.104%) | Kalshi: 0.00/0.01 (N/A)
[2358s] BRTI: $75,209.90 (+0.013%) | Kalshi: 0.00/0.01 (N/A)
[2419s] BRTI: $75,099.63 (-0.147%) | Kalshi: 0.44/0.47 (N/A)
[2480s] BRTI: $74,928.23 (-0.228%) | Kalshi: 0.30/0.31 (-31.82%)
[2540s] BRTI: $74,926.84 (-0.002%) | Kalshi: 0.22/0.30 (-26.67%)
[2601s] BRTI: $74,838.64 (-0.118%) | Kalshi: 0.21/0.25 (-4.55%)
[2661s] BRTI: $74,871.84 (+0.044%) | Kalshi: 0.21/0.24 (N/A)
[2722s] BRTI: $74,832.62 (-0.052%) | Kalshi: 0.15/0.27 (-28.57%)
[2782s] BRTI: $74,875.41 (+0.057%) | Kalshi: 0.08/0.10 (-46.67%)
[2843s] BRTI: $74,766.69 (-0.145%) | Kalshi: 0.08/0.13 (N/A)
[2903s] BRTI: $74,789.90 (+0.031%) | Kalshi: 0.08/0.11 (N/A)
[2963s] BRTI: $74,585.79 (-0.273%) | Kalshi: 0.02/0.05 (-75.00%)
[3024s] BRTI: $74,685.21 (+0.133%) | Kalshi: 0.04/0.10 (+100.00%)
[3084s] BRTI: $74,745.00 (+0.080%) | Kalshi: 0.01/0.02 (-75.00%)
[3145s] BRTI: $74,708.12 (-0.049%) | Kalshi: 0.00/0.01 (-100.00%)
[3205s] BRTI: $74,632.84 (-0.101%) | Kalshi: 0.00/0.01 (N/A)
[3266s] BRTI: $74,592.95 (-0.053%) | Kalshi: 0.00/0.01 (N/A)
[3326s] BRTI: $74,585.30 (-0.010%) | Kalshi: 0.50/0.55 (N/A)
[3387s] BRTI: $74,754.38 (+0.227%) | Kalshi: 0.70/0.73 (+40.00%)
[3447s] BRTI: $75,044.08 (+0.388%) | Kalshi: 0.86/0.89 (+22.86%)
[3507s] BRTI: $75,255.95 (+0.282%) | Kalshi: 0.93/0.95 (+8.14%)
[3568s] BRTI: $75,588.94 (+0.442%) | Kalshi: 0.98/0.99 (+5.38%)
[3628s] BRTI: $75,620.51 (+0.042%) | Kalshi: 0.97/0.98 (-1.02%)
[3689s] BRTI: $75,496.60 (-0.164%) | Kalshi: 0.94/0.98 (-3.09%)
[3749s] BRTI: $75,756.16 (+0.344%) | Kalshi: 0.96/0.99 (+2.13%)
[3810s] BRTI: $75,962.64 (+0.273%) | Kalshi: 0.97/1.00 (+1.04%)
[3870s] BRTI: $76,042.92 (+0.106%) | Kalshi: 0.96/1.00 (-1.03%)
[3931s] BRTI: $76,042.68 (-0.000%) | Kalshi: 0.99/1.00 (+3.13%)
  ✅ OPEN YES 10 @ $1.00 | Cost: $10.00
[3991s] 🎯 SIGNAL: BRTI +0.321%, Kalshi +0.00%
[4051s] BRTI: $76,118.81 (-0.221%) | Kalshi: 0.99/1.00 (N/A) [WINDOW] | Positions: 1
[4112s] BRTI: $76,178.74 (+0.079%) | Kalshi: 0.99/1.00 (N/A) | Positions: 1
  ❌ CLOSE YES 10 @ $0.99 | P&L: $-0.10 [LOSS]
[4233s] BRTI: $76,119.37 (-0.081%) | Kalshi: 0.35/0.41 (-64.65%) | P&L: $-0.10
[4293s] BRTI: $76,044.96 (-0.098%) | Kalshi: 0.24/0.27 (-31.43%) | P&L: $-0.10
[4354s] BRTI: $75,909.85 (-0.178%) | Kalshi: 0.16/0.20 (-33.33%) | P&L: $-0.10
[4414s] BRTI: $75,967.06 (+0.075%) | Kalshi: 0.26/0.38 (+62.50%) | P&L: $-0.10
[4475s] BRTI: $75,849.15 (-0.155%) | Kalshi: 0.15/0.16 (-42.31%) | P&L: $-0.10
[4535s] BRTI: $75,723.38 (-0.166%) | Kalshi: 0.06/0.07 (-60.00%) | P&L: $-0.10
[4596s] BRTI: $75,661.42 (-0.082%) | Kalshi: 0.07/0.08 (+16.67%) | P&L: $-0.10
[4656s] BRTI: $75,601.94 (-0.079%) | Kalshi: 0.03/0.05 (-57.14%) | P&L: $-0.10
[4717s] BRTI: $75,607.99 (+0.008%) | Kalshi: 0.03/0.04 (N/A) | P&L: $-0.10
[4777s] BRTI: $75,754.51 (+0.194%) | Kalshi: 0.03/0.06 (N/A) | P&L: $-0.10
[4838s] BRTI: $75,729.81 (-0.033%) | Kalshi: 0.03/0.04 (N/A) | P&L: $-0.10
[4898s] BRTI: $75,631.77 (-0.129%) | Kalshi: 0.00/0.01 (-100.00%) | P&L: $-0.10
[4958s] BRTI: $75,321.74 (-0.410%) | Kalshi: 0.00/0.01 (N/A) | P&L: $-0.10
[5019s] BRTI: $75,398.46 (+0.102%) | Kalshi: 0.00/0.01 (N/A) | P&L: $-0.10
[5079s] BRTI: $75,408.23 (+0.013%) | Kalshi: 0.00/0.01 (N/A) | P&L: $-0.10
[5140s] BRTI: $75,525.40 (+0.155%) | Kalshi: 0.56/0.58 (N/A) | P&L: $-0.10
[5200s] BRTI: $75,609.17 (+0.111%) | Kalshi: 0.72/0.75 (+28.57%) | P&L: $-0.10
[5261s] BRTI: $75,784.35 (+0.232%) | Kalshi: 0.81/0.83 (+12.50%) | P&L: $-0.10
[5321s] BRTI: $75,748.93 (-0.047%) | Kalshi: 0.72/0.73 (-11.11%) | P&L: $-0.10
[5382s] BRTI: $75,893.38 (+0.191%) | Kalshi: 0.92/0.93 (+27.78%) | P&L: $-0.10
[5442s] BRTI: $75,922.19 (+0.038%) | Kalshi: 0.92/0.93 (N/A) | P&L: $-0.10
[5502s] BRTI: $75,920.73 (-0.002%) | Kalshi: 0.97/0.98 (+5.43%) | P&L: $-0.10
[5563s] BRTI: $76,170.04 (+0.328%) | Kalshi: 0.98/0.99 (+1.03%) | P&L: $-0.10
[5623s] BRTI: $76,111.01 (-0.078%) | Kalshi: 0.98/0.99 (N/A) | P&L: $-0.10
[5684s] BRTI: $76,153.94 (+0.056%) | Kalshi: 0.96/0.97 (-2.04%) | P&L: $-0.10
[5744s] BRTI: $76,229.04 (+0.099%) | Kalshi: 0.99/1.00 (+3.13%) | P&L: $-0.10
[5805s] BRTI: $76,262.75 (+0.044%) | Kalshi: 0.99/1.00 (N/A) | P&L: $-0.10
[5865s] BRTI: $76,273.59 (+0.014%) | Kalshi: 0.99/1.00 (N/A) | P&L: $-0.10
[5926s] BRTI: $76,282.71 (+0.012%) | Kalshi: 0.99/1.00 (N/A) | P&L: $-0.10
[5986s] BRTI: $76,360.31 (+0.102%) | Kalshi: 0.99/1.00 (N/A) | P&L: $-0.10
[6046s] BRTI: $76,403.59 (+0.057%) | Kalshi: 0.62/0.68 (-37.37%) | P&L: $-0.10
[6107s] BRTI: $76,466.29 (+0.082%) | Kalshi: 0.53/0.54 (-14.52%) | P&L: $-0.10
[6167s] BRTI: $76,321.40 (-0.189%) | Kalshi: 0.34/0.35 (-35.85%) | P&L: $-0.10
[6228s] BRTI: $76,451.30 (+0.170%) | Kalshi: 0.66/0.70 (+94.12%) | P&L: $-0.10
[6288s] BRTI: $76,378.16 (-0.096%) | Kalshi: 0.61/0.64 (-7.58%) | P&L: $-0.10
[6349s] BRTI: $76,395.93 (+0.023%) | Kalshi: 0.58/0.60 (-4.92%) | P&L: $-0.10
[6410s] BRTI: $76,347.50 (-0.063%) | Kalshi: 0.61/0.66 (+5.17%) | P&L: $-0.10
[6470s] BRTI: $76,265.92 (-0.107%) | Kalshi: 0.29/0.30 (-52.46%) | P&L: $-0.10
[6531s] BRTI: $76,301.80 (+0.047%) | Kalshi: 0.45/0.52 (+55.17%) | P&L: $-0.10
[6591s] BRTI: $76,295.01 (-0.009%) | Kalshi: 0.40/0.42 (-11.11%) | P&L: $-0.10
[6652s] BRTI: $76,278.16 (-0.022%) | Kalshi: 0.28/0.36 (-30.00%) | P&L: $-0.10
[6712s] BRTI: $76,223.60 (-0.072%) | Kalshi: 0.14/0.42 (-50.00%) | P&L: $-0.10
[6773s] BRTI: $76,227.31 (+0.005%) | Kalshi: 0.05/0.12 (-64.29%) | P&L: $-0.10
[6834s] BRTI: $76,150.76 (-0.100%) | Kalshi: 0.00/0.01 (-100.00%) | P&L: $-0.10
[6894s] BRTI: $76,128.44 (-0.029%) | Kalshi: 0.11/0.56 (N/A) | P&L: $-0.10
[6955s] BRTI: $76,006.53 (-0.160%) | Kalshi: 0.31/0.34 (+181.82%) | P&L: $-0.10
[7015s] BRTI: $75,998.04 (-0.011%) | Kalshi: 0.26/0.29 (-16.13%) | P&L: $-0.10
[7075s] BRTI: $75,950.38 (-0.063%) | Kalshi: 0.21/0.22 (-19.23%) | P&L: $-0.10
[7136s] BRTI: $75,963.69 (+0.018%) | Kalshi: 0.21/0.25 (N/A) | P&L: $-0.10
[7196s] BRTI: $75,874.15 (-0.118%) | Kalshi: 0.12/0.15 (-42.86%) | P&L: $-0.10
[7257s] BRTI: $75,883.56 (+0.012%) | Kalshi: 0.09/0.10 (-25.00%) | P&L: $-0.10
[7317s] BRTI: $75,921.06 (+0.049%) | Kalshi: 0.11/0.14 (+22.22%) | P&L: $-0.10
[7378s] BRTI: $75,946.91 (+0.034%) | Kalshi: 0.14/0.16 (+27.27%) | P&L: $-0.10
[7438s] BRTI: $75,957.31 (+0.014%) | Kalshi: 0.07/0.08 (-50.00%) | P&L: $-0.10
[7499s] BRTI: $75,939.34 (-0.024%) | Kalshi: 0.06/0.07 (-14.29%) | P&L: $-0.10
[7559s] BRTI: $75,879.47 (-0.079%) | Kalshi: 0.00/0.02 (-100.00%) | P&L: $-0.10
[7620s] BRTI: $75,767.49 (-0.148%) | Kalshi: 0.00/0.01 (N/A) | P&L: $-0.10
[7680s] BRTI: $75,843.43 (+0.100%) | Kalshi: 0.00/0.01 (N/A) | P&L: $-0.10
[7741s] BRTI: $75,836.79 (-0.009%) | Kalshi: 0.00/0.01 (N/A) | P&L: $-0.10
[7801s] BRTI: $75,850.40 (+0.018%) | Kalshi: 0.50/0.55 (N/A) | P&L: $-0.10
[7862s] BRTI: $75,886.53 (+0.048%) | Kalshi: 0.56/0.57 (+12.00%) | P&L: $-0.10
[7922s] BRTI: $75,819.98 (-0.088%) | Kalshi: 0.45/0.48 (-19.64%) | P&L: $-0.10
[7983s] BRTI: $75,756.52 (-0.084%) | Kalshi: 0.35/0.41 (-22.22%) | P&L: $-0.10
[8043s] BRTI: $75,709.95 (-0.061%) | Kalshi: 0.55/0.59 (+57.14%) | P&L: $-0.10
[8104s] BRTI: $75,890.54 (+0.239%) | Kalshi: 0.44/0.49 (-20.00%) | P&L: $-0.10
[8164s] BRTI: $75,803.15 (-0.115%) | Kalshi: 0.41/0.48 (-6.82%) | P&L: $-0.10
[8225s] BRTI: $75,682.85 (-0.159%) | Kalshi: 0.28/0.30 (-31.71%) | P&L: $-0.10
[8285s] BRTI: $75,550.87 (-0.174%) | Kalshi: 0.06/0.10 (-78.57%) | P&L: $-0.10
[8346s] BRTI: $75,389.87 (-0.213%) | Kalshi: 0.02/0.04 (-66.67%) | P&L: $-0.10
[8406s] BRTI: $75,432.03 (+0.056%) | Kalshi: 0.02/0.06 (N/A) | P&L: $-0.10
[8467s] BRTI: $75,436.51 (+0.006%) | Kalshi: 0.00/0.01 (-100.00%) | P&L: $-0.10
[8527s] BRTI: $75,447.47 (+0.015%) | Kalshi: 0.00/0.01 (N/A) | P&L: $-0.10
[8588s] BRTI: $75,468.19 (+0.027%) | Kalshi: 0.00/0.01 (N/A) | P&L: $-0.10
[8648s] BRTI: $75,482.60 (+0.019%) | Kalshi: 0.00/0.01 (N/A) | P&L: $-0.10
[8709s] BRTI: $75,462.98 (-0.026%) | Kalshi: 0.48/0.51 (N/A) | P&L: $-0.10
[8769s] BRTI: $75,318.63 (-0.191%) | Kalshi: 0.28/0.32 (-41.67%) | P&L: $-0.10
[8830s] BRTI: $75,096.09 (-0.295%) | Kalshi: 0.11/0.12 (-60.71%) | P&L: $-0.10
[8890s] BRTI: $75,107.68 (+0.015%) | Kalshi: 0.18/0.20 (+63.64%) | P&L: $-0.10
[8951s] BRTI: $75,096.88 (-0.014%) | Kalshi: 0.14/0.16 (-22.22%) | P&L: $-0.10
[9011s] BRTI: $75,166.44 (+0.093%) | Kalshi: 0.15/0.17 (+7.14%) | P&L: $-0.10
[9071s] BRTI: $75,095.07 (-0.095%) | Kalshi: 0.06/0.08 (-60.00%) | P&L: $-0.10
[9132s] BRTI: $75,153.34 (+0.078%) | Kalshi: 0.09/0.11 (+50.00%) | P&L: $-0.10
[9192s] BRTI: $75,304.95 (+0.202%) | Kalshi: 0.25/0.27 (+177.78%) | P&L: $-0.10
[9253s] BRTI: $75,269.16 (-0.048%) | Kalshi: 0.12/0.13 (-52.00%) | P&L: $-0.10
[9313s] BRTI: $75,254.93 (-0.019%) | Kalshi: 0.04/0.05 (-66.67%) | P&L: $-0.10
[9374s] BRTI: $75,261.60 (+0.009%) | Kalshi: 0.03/0.04 (-25.00%) | P&L: $-0.10
[9434s] BRTI: $75,006.09 (-0.340%) | Kalshi: 0.00/0.01 (-100.00%) | P&L: $-0.10
[9495s] BRTI: $74,924.30 (-0.109%) | Kalshi: 0.00/0.01 (N/A) | P&L: $-0.10
[9555s] BRTI: $74,980.13 (+0.075%) | Kalshi: 0.00/0.01 (N/A) | P&L: $-0.10
[9616s] BRTI: $75,030.97 (+0.068%) | Kalshi: 0.52/0.54 (N/A) | P&L: $-0.10
[9676s] BRTI: $75,062.81 (+0.042%) | Kalshi: 0.55/0.60 (+5.77%) | P&L: $-0.10
[9737s] BRTI: $75,089.56 (+0.036%) | Kalshi: 0.64/0.65 (+16.36%) | P&L: $-0.10
[9798s] BRTI: $75,230.87 (+0.188%) | Kalshi: 0.79/0.83 (+23.44%) | P&L: $-0.10
[9858s] BRTI: $75,167.95 (-0.084%) | Kalshi: 0.64/0.68 (-18.99%) | P&L: $-0.10
[9919s] BRTI: $75,129.68 (-0.051%) | Kalshi: 0.70/0.80 (+9.37%) | P&L: $-0.10
[9979s] BRTI: $75,090.85 (-0.052%) | Kalshi: 0.48/0.51 (-31.43%) | P&L: $-0.10
[10040s] BRTI: $74,897.47 (-0.258%) | Kalshi: 0.32/0.33 (-33.33%) | P&L: $-0.10
[10101s] BRTI: $75,024.67 (+0.170%) | Kalshi: 0.53/0.57 (+65.62%) | P&L: $-0.10
[10162s] BRTI: $75,011.93 (-0.017%) | Kalshi: 0.68/0.73 (+28.30%) | P&L: $-0.10
[10222s] BRTI: $75,058.87 (+0.063%) | Kalshi: 0.74/0.77 (+8.82%) | P&L: $-0.10
[10283s] BRTI: $75,222.54 (+0.218%) | Kalshi: 0.92/0.95 (+24.32%) | P&L: $-0.10
[10343s] BRTI: $75,197.56 (-0.033%) | Kalshi: 0.95/0.96 (+3.26%) | P&L: $-0.10
[10404s] BRTI: $75,258.24 (+0.081%) | Kalshi: 0.99/1.00 (+4.21%) | P&L: $-0.10
[10465s] BRTI: $75,221.34 (-0.049%) | Kalshi: 0.99/1.00 (N/A) | P&L: $-0.10
[10525s] BRTI: $75,289.57 (+0.091%) | Kalshi: 0.48/0.51 (-51.52%) | P&L: $-0.10
[10586s] BRTI: $75,275.09 (-0.019%) | Kalshi: 0.60/0.62 (+25.00%) | P&L: $-0.10
[10646s] BRTI: $75,284.27 (+0.012%) | Kalshi: 0.59/0.61 (-1.67%) | P&L: $-0.10
[10707s] BRTI: $75,134.52 (-0.199%) | Kalshi: 0.34/0.37 (-42.37%) | P&L: $-0.10
[10767s] BRTI: $75,158.28 (+0.032%) | Kalshi: 0.47/0.51 (+38.24%) | P&L: $-0.10
[10828s] BRTI: $75,356.11 (+0.263%) | Kalshi: 0.81/0.85 (+72.34%) | P&L: $-0.10
[10888s] BRTI: $75,514.35 (+0.210%) | Kalshi: 0.82/0.85 (+1.23%) | P&L: $-0.10
[10949s] BRTI: $75,434.91 (-0.105%) | Kalshi: 0.88/0.90 (+7.32%) | P&L: $-0.10
[11009s] BRTI: $75,418.14 (-0.022%) | Kalshi: 0.84/0.87 (-4.55%) | P&L: $-0.10
[11069s] BRTI: $75,304.91 (-0.150%) | Kalshi: 0.68/0.72 (-19.05%) | P&L: $-0.10
[11130s] BRTI: $75,397.22 (+0.123%) | Kalshi: 0.91/0.93 (+33.82%) | P&L: $-0.10
[11190s] BRTI: $75,448.87 (+0.068%) | Kalshi: 0.93/0.95 (+2.20%) | P&L: $-0.10
[11251s] BRTI: $75,346.03 (-0.136%) | Kalshi: 0.88/0.90 (-5.38%) | P&L: $-0.10
[11311s] BRTI: $75,440.99 (+0.126%) | Kalshi: 0.98/0.99 (+11.36%) | P&L: $-0.10
[11372s] BRTI: $75,498.23 (+0.076%) | Kalshi: 0.99/1.00 (+1.02%) | P&L: $-0.10
[11432s] BRTI: $75,508.18 (+0.013%) | Kalshi: 0.55/0.59 (-44.44%) | P&L: $-0.10
[11493s] BRTI: $75,391.44 (-0.155%) | Kalshi: 0.28/0.31 (-49.09%) | P&L: $-0.10
[11553s] BRTI: $75,311.29 (-0.106%) | Kalshi: 0.29/0.30 (+3.57%) | P&L: $-0.10
[11614s] BRTI: $75,205.95 (-0.140%) | Kalshi: 0.16/0.23 (-44.83%) | P&L: $-0.10
[11674s] BRTI: $75,320.86 (+0.153%) | Kalshi: 0.35/0.38 (+118.75%) | P&L: $-0.10
[11734s] BRTI: $75,352.21 (+0.042%) | Kalshi: 0.15/0.27 (-57.14%) | P&L: $-0.10
[11795s] BRTI: $75,347.40 (-0.006%) | Kalshi: 0.22/0.29 (+46.67%) | P&L: $-0.10
[11855s] BRTI: $75,402.54 (+0.073%) | Kalshi: 0.21/0.25 (-4.55%) | P&L: $-0.10
[11916s] BRTI: $75,440.98 (+0.051%) | Kalshi: 0.36/0.42 (+71.43%) | P&L: $-0.10
[11977s] BRTI: $75,529.08 (+0.117%) | Kalshi: 0.52/0.55 (+44.44%) | P&L: $-0.10
[12037s] BRTI: $75,460.01 (-0.091%) | Kalshi: 0.21/0.28 (-59.62%) | P&L: $-0.10
[12098s] BRTI: $75,443.75 (-0.022%) | Kalshi: 0.31/0.36 (+47.62%) | P&L: $-0.10
[12158s] BRTI: $75,510.58 (+0.089%) | Kalshi: 0.33/0.43 (+6.45%) | P&L: $-0.10
[12219s] BRTI: $75,383.13 (-0.169%) | Kalshi: 0.01/0.10 (-96.97%) | P&L: $-0.10
[12279s] BRTI: $75,579.37 (+0.260%) | Kalshi: 0.97/0.98 (+9600.00%) | P&L: $-0.10
[12340s] BRTI: $75,585.61 (+0.008%) | Kalshi: 0.57/0.61 (-41.24%) | P&L: $-0.10
[12400s] BRTI: $75,734.21 (+0.197%) | Kalshi: 0.72/0.75 (+26.32%) | P&L: $-0.10
[12461s] BRTI: $75,884.34 (+0.198%) | Kalshi: 0.81/0.84 (+12.50%) | P&L: $-0.10
[12521s] BRTI: $75,859.44 (-0.033%) | Kalshi: 0.82/0.86 (+1.23%) | P&L: $-0.10
[12582s] BRTI: $75,917.01 (+0.076%) | Kalshi: 0.92/0.93 (+12.20%) | P&L: $-0.10
[12643s] BRTI: $75,921.15 (+0.005%) | Kalshi: 0.88/0.90 (-4.35%) | P&L: $-0.10
[12703s] BRTI: $75,918.44 (-0.004%) | Kalshi: 0.86/0.89 (-2.27%) | P&L: $-0.10
[12764s] BRTI: $75,907.46 (-0.014%) | Kalshi: 0.88/0.90 (+2.33%) | P&L: $-0.10
[12825s] BRTI: $75,723.21 (-0.243%) | Kalshi: 0.78/0.81 (-11.36%) | P&L: $-0.10
[12885s] BRTI: $75,712.75 (-0.014%) | Kalshi: 0.79/0.82 (+1.28%) | P&L: $-0.10
[12946s] BRTI: $75,487.49 (-0.298%) | Kalshi: 0.17/0.20 (-78.48%) | P&L: $-0.10
[13006s] BRTI: $75,429.85 (-0.076%) | Kalshi: 0.30/0.33 (+76.47%) | P&L: $-0.10
[13067s] BRTI: $75,453.05 (+0.031%) | Kalshi: 0.36/0.41 (+20.00%) | P&L: $-0.10
[13127s] BRTI: $75,556.91 (+0.138%) | Kalshi: 0.71/0.75 (+97.22%) | P&L: $-0.10
[13188s] BRTI: $75,604.00 (+0.062%) | Kalshi: 0.97/0.98 (+36.62%) | P&L: $-0.10
[13248s] BRTI: $75,700.74 (+0.128%) | Kalshi: 0.54/0.55 (-44.33%) | P&L: $-0.10
[13309s] BRTI: $75,769.34 (+0.091%) | Kalshi: 0.68/0.69 (+25.93%) | P&L: $-0.10
[13369s] BRTI: $75,661.75 (-0.142%) | Kalshi: 0.38/0.44 (-44.12%) | P&L: $-0.10
[13430s] BRTI: $75,556.84 (-0.139%) | Kalshi: 0.30/0.31 (-21.05%) | P&L: $-0.10
[13490s] BRTI: $75,381.36 (-0.232%) | Kalshi: 0.14/0.19 (-53.33%) | P&L: $-0.10
[13551s] BRTI: $75,178.21 (-0.270%) | Kalshi: 0.08/0.10 (-42.86%) | P&L: $-0.10
[13611s] BRTI: $75,188.48 (+0.014%) | Kalshi: 0.07/0.09 (-12.50%) | P&L: $-0.10
[13672s] BRTI: $74,960.16 (-0.304%) | Kalshi: 0.03/0.07 (-57.14%) | P&L: $-0.10
[13732s] BRTI: $74,905.16 (-0.073%) | Kalshi: 0.02/0.03 (-33.33%) | P&L: $-0.10
  ✅ OPEN YES 10 @ $0.05 | Cost: $0.50
[13793s] 🎯 SIGNAL: BRTI +0.206%, Kalshi +0.00%
[13854s] BRTI: $75,253.93 (+0.259%) | Kalshi: 0.03/0.04 (+50.00%) | Positions: 1 | P&L: $-0.10
  ✅ CLOSE YES 10 @ $0.06 | P&L: $+0.10 [WIN]
[13975s] BRTI: $76,295.52 (+1.319%) | Kalshi: 0.93/0.98 (+1450.00%) | P&L: $+0.00
[14036s] BRTI: $76,377.60 (+0.108%) | Kalshi: 0.99/1.00 (+6.45%) | P&L: $+0.00
[14096s] BRTI: $76,437.27 (+0.078%) | Kalshi: 0.45/0.55 (-54.55%) | P&L: $+0.00
[14157s] BRTI: $76,196.09 (-0.316%) | Kalshi: 0.38/0.42 (-15.56%) | P&L: $+0.00
[14218s] BRTI: $76,549.76 (+0.464%) | Kalshi: 0.55/0.59 (+44.74%) | P&L: $+0.00
[14279s] BRTI: $76,248.89 (-0.393%) | Kalshi: 0.29/0.32 (-47.27%) | P&L: $+0.00
[14339s] BRTI: $76,099.92 (-0.195%) | Kalshi: 0.30/0.32 (+3.45%) | P&L: $+0.00
[14400s] BRTI: $76,101.42 (+0.002%) | Kalshi: 0.16/0.20 (-46.67%) | P&L: $+0.00
[14460s] BRTI: $76,231.10 (+0.170%) | Kalshi: 0.35/0.39 (+118.75%) | P&L: $+0.00
[14521s] BRTI: $76,268.86 (+0.050%) | Kalshi: 0.34/0.37 (-2.86%) | P&L: $+0.00
[14581s] BRTI: $76,288.77 (+0.026%) | Kalshi: 0.33/0.35 (-2.94%) | P&L: $+0.00
[14641s] BRTI: $76,306.40 (+0.023%) | Kalshi: 0.44/0.47 (+33.33%) | P&L: $+0.00
[14702s] BRTI: $76,292.01 (-0.019%) | Kalshi: 0.37/0.38 (-15.91%) | P&L: $+0.00
[14762s] BRTI: $76,248.72 (-0.057%) | Kalshi: 0.23/0.25 (-37.84%) | P&L: $+0.00
[14823s] BRTI: $76,367.73 (+0.156%) | Kalshi: 0.64/0.68 (+178.26%) | P&L: $+0.00
[14883s] BRTI: $76,453.82 (+0.113%) | Kalshi: 0.95/0.96 (+48.44%) | P&L: $+0.00
[14944s] BRTI: $76,382.70 (-0.093%) | Kalshi: 0.93/0.95 (-2.11%) | P&L: $+0.00
[15004s] BRTI: $76,413.28 (+0.040%) | Kalshi: 0.18/0.45 (-80.65%) | P&L: $+0.00
[15064s] BRTI: $76,417.83 (+0.006%) | Kalshi: 0.42/0.50 (+133.33%) | P&L: $+0.00
[15125s] BRTI: $76,496.88 (+0.103%) | Kalshi: 0.53/0.60 (+26.19%) | P&L: $+0.00
[15185s] BRTI: $76,426.33 (-0.092%) | Kalshi: 0.50/0.57 (-5.66%) | P&L: $+0.00
[15246s] BRTI: $76,414.74 (-0.015%) | Kalshi: 0.54/0.57 (+8.00%) | P&L: $+0.00
[15306s] BRTI: $76,488.91 (+0.097%) | Kalshi: 0.55/0.56 (+1.85%) | P&L: $+0.00
[15367s] BRTI: $76,409.98 (-0.103%) | Kalshi: 0.59/0.63 (+7.27%) | P&L: $+0.00
[15427s] BRTI: $76,649.91 (+0.314%) | Kalshi: 0.83/0.85 (+40.68%) | P&L: $+0.00
[15488s] BRTI: $76,642.54 (-0.010%) | Kalshi: 0.84/0.87 (+1.20%) | P&L: $+0.00
[15548s] BRTI: $76,707.61 (+0.085%) | Kalshi: 0.88/0.93 (+4.76%) | P&L: $+0.00
[15609s] BRTI: $76,688.77 (-0.025%) | Kalshi: 0.90/0.93 (+2.27%) | P&L: $+0.00
[15669s] BRTI: $76,657.59 (-0.041%) | Kalshi: 0.86/0.88 (-4.44%) | P&L: $+0.00
[15729s] BRTI: $76,520.04 (-0.179%) | Kalshi: 0.59/0.69 (-31.40%) | P&L: $+0.00
[15790s] BRTI: $76,485.30 (-0.045%) | Kalshi: 0.73/0.75 (+23.73%) | P&L: $+0.00
[15850s] BRTI: $76,459.13 (-0.034%) | Kalshi: 0.50/0.97 (-31.51%) | P&L: $+0.00
[15911s] BRTI: $76,461.10 (+0.003%) | Kalshi: 0.46/0.50 (-8.00%) | P&L: $+0.00
[15971s] BRTI: $76,478.76 (+0.023%) | Kalshi: 0.53/0.57 (+15.22%) | P&L: $+0.00
[16032s] BRTI: $76,375.87 (-0.135%) | Kalshi: 0.35/0.37 (-33.96%) | P&L: $+0.00
[16093s] BRTI: $76,411.05 (+0.046%) | Kalshi: 0.51/0.53 (+45.71%) | P&L: $+0.00
[16153s] BRTI: $76,507.30 (+0.126%) | Kalshi: 0.62/0.65 (+21.57%) | P&L: $+0.00
[16214s] BRTI: $76,505.36 (-0.003%) | Kalshi: 0.58/0.61 (-6.45%) | P&L: $+0.00
[16275s] BRTI: $76,533.37 (+0.037%) | Kalshi: 0.55/0.57 (-5.17%) | P&L: $+0.00
[16335s] BRTI: $76,454.38 (-0.103%) | Kalshi: 0.43/0.44 (-21.82%) | P&L: $+0.00
[16396s] BRTI: $76,373.91 (-0.105%) | Kalshi: 0.33/0.35 (-23.26%) | P&L: $+0.00
[16457s] BRTI: $76,381.83 (+0.010%) | Kalshi: 0.35/0.37 (+6.06%) | P&L: $+0.00
[16518s] BRTI: $76,406.97 (+0.033%) | Kalshi: 0.35/0.39 (N/A) | P&L: $+0.00
[16578s] BRTI: $76,370.58 (-0.048%) | Kalshi: 0.26/0.29 (-25.71%) | P&L: $+0.00
[16639s] BRTI: $76,388.85 (+0.024%) | Kalshi: 0.31/0.34 (+19.23%) | P&L: $+0.00
[16700s] BRTI: $76,362.24 (-0.035%) | Kalshi: 0.07/0.09 (-77.42%) | P&L: $+0.00
[16760s] BRTI: $76,357.26 (-0.007%) | Kalshi: 0.00/0.01 (-100.00%) | P&L: $+0.00
[16821s] BRTI: $76,388.25 (+0.041%) | Kalshi: 0.56/0.66 (N/A) | P&L: $+0.00
[16881s] BRTI: $76,424.68 (+0.048%) | Kalshi: 0.64/0.67 (+14.29%) | P&L: $+0.00
[16942s] BRTI: $76,453.70 (+0.038%) | Kalshi: 0.79/0.80 (+23.44%) | P&L: $+0.00
[17003s] BRTI: $76,437.28 (-0.021%) | Kalshi: 0.69/0.74 (-12.66%) | P&L: $+0.00
[17063s] BRTI: $76,449.17 (+0.016%) | Kalshi: 0.65/0.68 (-5.80%) | P&L: $+0.00
[17124s] BRTI: $76,430.60 (-0.024%) | Kalshi: 0.69/0.74 (+6.15%) | P&L: $+0.00
[17185s] BRTI: $76,471.74 (+0.054%) | Kalshi: 0.65/0.74 (-5.80%) | P&L: $+0.00
[17245s] BRTI: $76,408.93 (-0.082%) | Kalshi: 0.60/0.68 (-7.69%) | P&L: $+0.00
[17306s] BRTI: $76,538.78 (+0.170%) | Kalshi: 0.88/0.90 (+46.67%) | P&L: $+0.00
[17367s] BRTI: $76,614.91 (+0.099%) | Kalshi: 0.86/0.92 (-2.27%) | P&L: $+0.00
[17427s] BRTI: $76,601.56 (-0.017%) | Kalshi: 0.89/0.91 (+3.49%) | P&L: $+0.00
[17488s] BRTI: $76,563.67 (-0.049%) | Kalshi: 0.90/0.94 (+1.12%) | P&L: $+0.00
[17548s] BRTI: $76,574.97 (+0.015%) | Kalshi: 0.94/0.96 (+4.44%) | P&L: $+0.00
[17609s] BRTI: $76,493.01 (-0.107%) | Kalshi: 0.80/0.94 (-14.89%) | P&L: $+0.00
[17669s] BRTI: $76,470.32 (-0.030%) | Kalshi: 0.98/0.99 (+22.50%) | P&L: $+0.00
[17730s] BRTI: $76,595.09 (+0.163%) | Kalshi: 0.70/0.80 (-28.57%) | P&L: $+0.00
[17791s] BRTI: $76,649.53 (+0.071%) | Kalshi: 0.76/0.78 (+8.57%) | P&L: $+0.00
[17851s] BRTI: $76,841.29 (+0.250%) | Kalshi: 0.85/0.86 (+11.84%) | P&L: $+0.00
[17912s] BRTI: $76,685.28 (-0.203%) | Kalshi: 0.77/0.79 (-9.41%) | P&L: $+0.00
[17972s] BRTI: $76,749.17 (+0.083%) | Kalshi: 0.85/0.88 (+10.39%) | P&L: $+0.00
[18033s] BRTI: $76,682.43 (-0.087%) | Kalshi: 0.79/0.81 (-7.06%) | P&L: $+0.00
[18093s] BRTI: $76,661.44 (-0.027%) | Kalshi: 0.83/0.87 (+5.06%) | P&L: $+0.00
[18154s] BRTI: $76,657.88 (-0.005%) | Kalshi: 0.82/0.84 (-1.20%) | P&L: $+0.00
[18214s] BRTI: $76,689.22 (+0.041%) | Kalshi: 0.90/0.92 (+9.76%) | P&L: $+0.00
[18275s] BRTI: $76,703.53 (+0.019%) | Kalshi: 0.90/0.92 (N/A) | P&L: $+0.00
[18336s] BRTI: $76,732.85 (+0.038%) | Kalshi: 0.95/0.97 (+5.56%) | P&L: $+0.00
[18396s] BRTI: $76,632.10 (-0.131%) | Kalshi: 0.86/0.89 (-9.47%) | P&L: $+0.00
[18457s] BRTI: $76,643.29 (+0.015%) | Kalshi: 0.92/0.95 (+6.98%) | P&L: $+0.00
[18517s] BRTI: $76,652.17 (+0.012%) | Kalshi: 0.98/0.99 (+6.52%) | P&L: $+0.00
[18578s] BRTI: $76,632.30 (-0.026%) | Kalshi: 0.99/1.00 (+1.02%) | P&L: $+0.00
[18638s] BRTI: $76,643.43 (+0.015%) | Kalshi: 0.44/0.55 (-55.56%) | P&L: $+0.00
[18699s] BRTI: $76,646.88 (+0.005%) | Kalshi: 0.53/0.58 (+20.45%) | P&L: $+0.00
[18759s] BRTI: $76,636.15 (-0.014%) | Kalshi: 0.40/0.48 (-24.53%) | P&L: $+0.00
[18819s] BRTI: $76,676.29 (+0.052%) | Kalshi: 0.67/0.68 (+67.50%) | P&L: $+0.00
[18880s] BRTI: $76,699.56 (+0.030%) | Kalshi: 0.75/0.82 (+11.94%) | P&L: $+0.00
[18940s] BRTI: $76,790.67 (+0.119%) | Kalshi: 0.79/0.84 (+5.33%) | P&L: $+0.00
[19001s] BRTI: $76,781.23 (-0.012%) | Kalshi: 0.73/0.76 (-7.59%) | P&L: $+0.00
[19061s] BRTI: $76,773.20 (-0.010%) | Kalshi: 0.71/0.75 (-2.74%) | P&L: $+0.00
[19122s] BRTI: $76,723.74 (-0.064%) | Kalshi: 0.83/0.84 (+16.90%) | P&L: $+0.00
[19182s] BRTI: $76,690.60 (-0.043%) | Kalshi: 0.77/0.80 (-7.23%) | P&L: $+0.00
[19243s] BRTI: $76,831.69 (+0.184%) | Kalshi: 0.91/0.95 (+18.18%) | P&L: $+0.00
[19303s] BRTI: $76,849.63 (+0.023%) | Kalshi: 0.94/0.96 (+3.30%) | P&L: $+0.00
[19363s] BRTI: $76,853.25 (+0.005%) | Kalshi: 0.97/0.98 (+3.19%) | P&L: $+0.00
[19424s] BRTI: $76,842.98 (-0.013%) | Kalshi: 0.98/0.99 (+1.03%) | P&L: $+0.00
[19484s] BRTI: $76,824.06 (-0.025%) | Kalshi: 0.99/1.00 (+1.02%) | P&L: $+0.00
[19545s] BRTI: $76,907.65 (+0.109%) | Kalshi: 0.66/0.68 (-33.33%) | P&L: $+0.00
[19605s] BRTI: $76,871.26 (-0.047%) | Kalshi: 0.50/0.54 (-24.24%) | P&L: $+0.00
[19666s] BRTI: $76,948.74 (+0.101%) | Kalshi: 0.64/0.65 (+28.00%) | P&L: $+0.00
[19726s] BRTI: $76,892.89 (-0.073%) | Kalshi: 0.73/0.76 (+14.06%) | P&L: $+0.00
[19786s] BRTI: $76,950.99 (+0.076%) | Kalshi: 0.84/0.87 (+15.07%) | P&L: $+0.00
[19847s] BRTI: $76,912.33 (-0.050%) | Kalshi: 0.66/0.69 (-21.43%) | P&L: $+0.00
[19907s] BRTI: $76,940.32 (+0.036%) | Kalshi: 0.75/0.77 (+13.64%) | P&L: $+0.00
[19968s] BRTI: $76,965.04 (+0.032%) | Kalshi: 0.76/0.79 (+1.33%) | P&L: $+0.00
[20028s] BRTI: $76,929.32 (-0.046%) | Kalshi: 0.72/0.73 (-5.26%) | P&L: $+0.00
[20089s] BRTI: $76,953.90 (+0.032%) | Kalshi: 0.76/0.80 (+5.56%) | P&L: $+0.00
[20149s] BRTI: $76,907.98 (-0.060%) | Kalshi: 0.47/0.51 (-38.16%) | P&L: $+0.00
[20210s] BRTI: $76,766.63 (-0.184%) | Kalshi: 0.19/0.23 (-59.57%) | P&L: $+0.00
[20270s] BRTI: $76,701.99 (-0.084%) | Kalshi: 0.04/0.06 (-78.95%) | P&L: $+0.00
[20331s] BRTI: $76,695.16 (-0.009%) | Kalshi: 0.02/0.03 (-50.00%) | P&L: $+0.00
[20391s] BRTI: $76,701.79 (+0.009%) | Kalshi: 0.61/0.83 (+2950.00%) | P&L: $+0.00
[20452s] BRTI: $76,828.02 (+0.165%) | Kalshi: 0.75/0.79 (+22.95%) | P&L: $+0.00
[20512s] BRTI: $76,755.99 (-0.094%) | Kalshi: 0.77/0.79 (+2.67%) | P&L: $+0.00
[20572s] BRTI: $76,737.72 (-0.024%) | Kalshi: 0.55/0.65 (-28.57%) | P&L: $+0.00
[20633s] BRTI: $76,648.20 (-0.117%) | Kalshi: 0.46/0.54 (-16.36%) | P&L: $+0.00
[20693s] BRTI: $76,680.28 (+0.042%) | Kalshi: 0.42/0.43 (-8.70%) | P&L: $+0.00
[20754s] BRTI: $76,666.31 (-0.018%) | Kalshi: 0.57/0.60 (+35.71%) | P&L: $+0.00
[20814s] BRTI: $76,735.70 (+0.091%) | Kalshi: 0.65/0.66 (+14.04%) | P&L: $+0.00
[20875s] BRTI: $76,808.72 (+0.095%) | Kalshi: 0.89/0.90 (+36.92%) | P&L: $+0.00
[20935s] BRTI: $76,863.07 (+0.071%) | Kalshi: 0.88/0.91 (-1.12%) | P&L: $+0.00
[20996s] BRTI: $76,917.90 (+0.071%) | Kalshi: 0.89/0.91 (+1.14%) | P&L: $+0.00
[21056s] BRTI: $76,848.52 (-0.090%) | Kalshi: 0.84/0.85 (-5.62%) | P&L: $+0.00
[21117s] BRTI: $76,882.22 (+0.044%) | Kalshi: 0.91/0.95 (+8.33%) | P&L: $+0.00
[21177s] BRTI: $76,888.73 (+0.008%) | Kalshi: 0.97/0.98 (+6.59%) | P&L: $+0.00
[21238s] BRTI: $76,875.68 (-0.017%) | Kalshi: 0.99/1.00 (+2.06%) | P&L: $+0.00
[21298s] BRTI: $76,873.49 (-0.003%) | Kalshi: 0.45/0.55 (-54.55%) | P&L: $+0.00
[21359s] BRTI: $76,843.64 (-0.039%) | Kalshi: 0.41/0.45 (-8.89%) | P&L: $+0.00
[21420s] BRTI: $76,808.49 (-0.046%) | Kalshi: 0.31/0.33 (-24.39%) | P&L: $+0.00
[21480s] BRTI: $76,819.51 (+0.014%) | Kalshi: 0.39/0.42 (+25.81%) | P&L: $+0.00
[21541s] BRTI: $76,886.85 (+0.088%) | Kalshi: 0.66/0.67 (+69.23%) | P&L: $+0.00
[21601s] BRTI: $76,936.97 (+0.065%) | Kalshi: 0.69/0.71 (+4.55%) | P&L: $+0.00
[21662s] BRTI: $76,927.24 (-0.013%) | Kalshi: 0.74/0.75 (+7.25%) | P&L: $+0.00
[21722s] BRTI: $76,965.52 (+0.050%) | Kalshi: 0.60/0.67 (-18.92%) | P&L: $+0.00
[21783s] BRTI: $76,967.11 (+0.002%) | Kalshi: 0.77/0.80 (+28.33%) | P&L: $+0.00
[21843s] BRTI: $77,009.36 (+0.055%) | Kalshi: 0.86/0.88 (+11.69%) | P&L: $+0.00
[21903s] BRTI: $76,991.44 (-0.023%) | Kalshi: 0.85/0.86 (-1.16%) | P&L: $+0.00
[21964s] BRTI: $76,986.82 (-0.006%) | Kalshi: 0.92/0.93 (+8.24%) | P&L: $+0.00
[22025s] BRTI: $76,984.91 (-0.002%) | Kalshi: 0.91/0.93 (-1.09%) | P&L: $+0.00
[22085s] BRTI: $76,984.00 (-0.001%) | Kalshi: 0.87/0.91 (-4.40%) | P&L: $+0.00
[22146s] BRTI: $76,943.93 (-0.052%) | Kalshi: 0.51/0.97 (-41.38%) | P&L: $+0.00
[22206s] BRTI: $76,840.14 (-0.135%) | Kalshi: 0.45/0.55 (-11.76%) | P&L: $+0.00
[22267s] BRTI: $76,814.07 (-0.034%) | Kalshi: 0.27/0.29 (-40.00%) | P&L: $+0.00
[22328s] BRTI: $76,668.34 (-0.190%) | Kalshi: 0.12/0.15 (-55.56%) | P&L: $+0.00
[22388s] BRTI: $76,670.40 (+0.003%) | Kalshi: 0.14/0.15 (+16.67%) | P&L: $+0.00
[22448s] BRTI: $76,752.73 (+0.107%) | Kalshi: 0.34/0.37 (+142.86%) | P&L: $+0.00
[22509s] BRTI: $76,794.28 (+0.054%) | Kalshi: 0.31/0.36 (-8.82%) | P&L: $+0.00
[22569s] BRTI: $76,748.53 (-0.060%) | Kalshi: 0.32/0.33 (+3.23%) | P&L: $+0.00
[22630s] BRTI: $76,723.33 (-0.033%) | Kalshi: 0.19/0.24 (-40.62%) | P&L: $+0.00
[22690s] BRTI: $76,723.69 (+0.000%) | Kalshi: 0.10/0.20 (-47.37%) | P&L: $+0.00
[22751s] BRTI: $76,728.43 (+0.006%) | Kalshi: 0.07/0.12 (-30.00%) | P&L: $+0.00
[22811s] BRTI: $76,732.49 (+0.005%) | Kalshi: 0.07/0.11 (N/A) | P&L: $+0.00
[22872s] BRTI: $76,739.83 (+0.010%) | Kalshi: 0.07/0.10 (N/A) | P&L: $+0.00
[22933s] BRTI: $76,757.21 (+0.023%) | Kalshi: 0.04/0.08 (-42.86%) | P&L: $+0.00
[22993s] BRTI: $76,751.38 (-0.008%) | Kalshi: 0.01/0.03 (-75.00%) | P&L: $+0.00
[23053s] BRTI: $76,730.78 (-0.027%) | Kalshi: 0.00/0.03 (-100.00%) | P&L: $+0.00
[23114s] BRTI: $76,697.06 (-0.044%) | Kalshi: 0.35/0.48 (N/A) | P&L: $+0.00
[23174s] BRTI: $76,695.12 (-0.003%) | Kalshi: 0.52/0.56 (+48.57%) | P&L: $+0.00
[23235s] BRTI: $76,752.87 (+0.075%) | Kalshi: 0.67/0.70 (+28.85%) | P&L: $+0.00
[23295s] BRTI: $76,749.71 (-0.004%) | Kalshi: 0.66/0.67 (-1.49%) | P&L: $+0.00
[23356s] BRTI: $76,818.00 (+0.089%) | Kalshi: 0.81/0.83 (+22.73%) | P&L: $+0.00
[23416s] BRTI: $76,846.70 (+0.037%) | Kalshi: 0.84/0.86 (+3.70%) | P&L: $+0.00
[23476s] BRTI: $76,846.68 (-0.000%) | Kalshi: 0.90/0.92 (+7.14%) | P&L: $+0.00
[23537s] BRTI: $76,922.95 (+0.099%) | Kalshi: 0.96/0.97 (+6.67%) | P&L: $+0.00
[23597s] BRTI: $76,910.60 (-0.016%) | Kalshi: 0.92/0.95 (-4.17%) | P&L: $+0.00
[23658s] BRTI: $76,910.04 (-0.001%) | Kalshi: 0.97/0.98 (+5.43%) | P&L: $+0.00
[23718s] BRTI: $76,986.53 (+0.099%) | Kalshi: 0.97/0.99 (N/A) | P&L: $+0.00
[23779s] BRTI: $77,004.41 (+0.023%) | Kalshi: 0.98/0.99 (+1.03%) | P&L: $+0.00
[23839s] BRTI: $77,080.00 (+0.098%) | Kalshi: 0.99/1.00 (+1.02%) | P&L: $+0.00
[23900s] BRTI: $77,116.54 (+0.047%) | Kalshi: 0.99/1.00 (N/A) | P&L: $+0.00
[23960s] BRTI: $77,209.78 (+0.121%) | Kalshi: 0.99/1.00 (N/A) | P&L: $+0.00
[24021s] BRTI: $77,292.40 (+0.107%) | Kalshi: 0.51/0.55 (-48.48%) | P&L: $+0.00
[24081s] BRTI: $77,227.04 (-0.085%) | Kalshi: 0.56/0.58 (+9.80%) | P&L: $+0.00
[24142s] BRTI: $77,264.40 (+0.048%) | Kalshi: 0.50/0.53 (-10.71%) | P&L: $+0.00
[24202s] BRTI: $77,367.38 (+0.133%) | Kalshi: 0.77/0.81 (+54.00%) | P&L: $+0.00
[24263s] BRTI: $77,291.45 (-0.098%) | Kalshi: 0.44/0.47 (-42.86%) | P&L: $+0.00
[24323s] BRTI: $77,293.65 (+0.003%) | Kalshi: 0.50/0.53 (+13.64%) | P&L: $+0.00
[24383s] BRTI: $77,233.51 (-0.078%) | Kalshi: 0.50/0.54 (N/A) | P&L: $+0.00
[24444s] BRTI: $77,453.76 (+0.285%) | Kalshi: 0.89/0.91 (+78.00%) | P&L: $+0.00
[24504s] BRTI: $77,471.04 (+0.022%) | Kalshi: 0.71/0.74 (-20.22%) | P&L: $+0.00
[24565s] BRTI: $77,397.69 (-0.095%) | Kalshi: 0.82/0.84 (+15.49%) | P&L: $+0.00
[24625s] BRTI: $77,364.08 (-0.043%) | Kalshi: 0.84/0.86 (+2.44%) | P&L: $+0.00
[24686s] BRTI: $77,374.19 (+0.013%) | Kalshi: 0.84/0.87 (N/A) | P&L: $+0.00
[24746s] BRTI: $77,332.87 (-0.053%) | Kalshi: 0.87/0.90 (+3.57%) | P&L: $+0.00
[24806s] BRTI: $77,307.97 (-0.032%) | Kalshi: 0.66/0.70 (-24.14%) | P&L: $+0.00
[24867s] BRTI: $77,302.35 (-0.007%) | Kalshi: 0.98/0.99 (+48.48%) | P&L: $+0.00
[24927s] BRTI: $77,469.62 (+0.216%) | Kalshi: 0.66/0.70 (-32.65%) | P&L: $+0.00
[24988s] BRTI: $77,546.50 (+0.099%) | Kalshi: 0.81/0.82 (+22.73%) | P&L: $+0.00
[25049s] BRTI: $77,676.85 (+0.168%) | Kalshi: 0.89/0.91 (+9.88%) | P&L: $+0.00
[25109s] BRTI: $77,709.96 (+0.043%) | Kalshi: 0.89/0.92 (N/A) | P&L: $+0.00
[25170s] BRTI: $77,733.59 (+0.030%) | Kalshi: 0.91/0.93 (+2.25%) | P&L: $+0.00
[25231s] BRTI: $77,699.54 (-0.044%) | Kalshi: 0.91/0.94 (N/A) | P&L: $+0.00
[25292s] BRTI: $77,676.89 (-0.029%) | Kalshi: 0.91/0.94 (N/A) | P&L: $+0.00
[25352s] BRTI: $77,693.99 (+0.022%) | Kalshi: 0.93/0.97 (+2.20%) | P&L: $+0.00
[25413s] BRTI: $77,686.10 (-0.010%) | Kalshi: 0.95/0.97 (+2.15%) | P&L: $+0.00
[25473s] BRTI: $77,652.20 (-0.044%) | Kalshi: 0.96/0.98 (+1.05%) | P&L: $+0.00
[25533s] BRTI: $77,643.40 (-0.011%) | Kalshi: 0.95/0.97 (-1.04%) | P&L: $+0.00
[25594s] BRTI: $77,636.39 (-0.009%) | Kalshi: 0.97/0.99 (+2.11%) | P&L: $+0.00
[25654s] BRTI: $77,638.38 (+0.003%) | Kalshi: 0.99/1.00 (+2.06%) | P&L: $+0.00
[25715s] BRTI: $77,660.67 (+0.029%) | Kalshi: 0.99/1.00 (N/A) | P&L: $+0.00
[25775s] BRTI: $77,628.96 (-0.041%) | Kalshi: 0.99/1.00 (N/A) | P&L: $+0.00
[25836s] BRTI: $77,668.18 (+0.051%) | Kalshi: 0.54/0.57 (-45.45%) | P&L: $+0.00
[25896s] BRTI: $77,552.47 (-0.149%) | Kalshi: 0.39/0.42 (-27.78%) | P&L: $+0.00
[25957s] BRTI: $77,641.46 (+0.115%) | Kalshi: 0.58/0.61 (+48.72%) | P&L: $+0.00
[26017s] BRTI: $77,637.59 (-0.005%) | Kalshi: 0.58/0.61 (N/A) | P&L: $+0.00
[26078s] BRTI: $77,620.76 (-0.022%) | Kalshi: 0.48/0.53 (-17.24%) | P&L: $+0.00
[26139s] BRTI: $77,700.68 (+0.103%) | Kalshi: 0.71/0.74 (+47.92%) | P&L: $+0.00
[26199s] BRTI: $77,779.30 (+0.101%) | Kalshi: 0.80/0.83 (+12.68%) | P&L: $+0.00
[26259s] BRTI: $77,759.40 (-0.026%) | Kalshi: 0.70/0.74 (-12.50%) | P&L: $+0.00
[26320s] BRTI: $77,716.96 (-0.055%) | Kalshi: 0.73/0.77 (+4.29%) | P&L: $+0.00
[26380s] BRTI: $77,652.31 (-0.083%) | Kalshi: 0.61/0.66 (-16.44%) | P&L: $+0.00
[26441s] BRTI: $77,661.20 (+0.011%) | Kalshi: 0.69/0.74 (+13.11%) | P&L: $+0.00
[26501s] BRTI: $77,705.87 (+0.058%) | Kalshi: 0.88/0.90 (+27.54%) | P&L: $+0.00
[26562s] BRTI: $77,719.79 (+0.018%) | Kalshi: 0.96/0.98 (+9.09%) | P&L: $+0.00
[26622s] BRTI: $77,716.43 (-0.004%) | Kalshi: 0.90/0.91 (-6.25%) | P&L: $+0.00
[26683s] BRTI: $77,661.79 (-0.070%) | Kalshi: 0.88/0.95 (-2.22%) | P&L: $+0.00
[26743s] BRTI: $77,613.70 (-0.062%) | Kalshi: 0.44/0.46 (-50.00%) | P&L: $+0.00
[26803s] BRTI: $77,607.08 (-0.009%) | Kalshi: 0.45/0.49 (+2.27%) | P&L: $+0.00
[26864s] BRTI: $77,549.38 (-0.074%) | Kalshi: 0.33/0.36 (-26.67%) | P&L: $+0.00
[26924s] BRTI: $77,541.92 (-0.010%) | Kalshi: 0.20/0.31 (-39.39%) | P&L: $+0.00
[26985s] BRTI: $77,535.12 (-0.009%) | Kalshi: 0.22/0.32 (+10.00%) | P&L: $+0.00
[27045s] BRTI: $77,488.92 (-0.060%) | Kalshi: 0.16/0.19 (-27.27%) | P&L: $+0.00
[27105s] BRTI: $77,481.84 (-0.009%) | Kalshi: 0.14/0.15 (-12.50%) | P&L: $+0.00
[27166s] BRTI: $77,479.84 (-0.003%) | Kalshi: 0.10/0.13 (-28.57%) | P&L: $+0.00
[27226s] BRTI: $77,472.92 (-0.009%) | Kalshi: 0.06/0.08 (-40.00%) | P&L: $+0.00
[27287s] BRTI: $77,439.00 (-0.044%) | Kalshi: 0.04/0.06 (-33.33%) | P&L: $+0.00
[27347s] BRTI: $77,490.69 (+0.067%) | Kalshi: 0.13/0.16 (+225.00%) | P&L: $+0.00
[27408s] BRTI: $77,496.50 (+0.007%) | Kalshi: 0.08/0.10 (-38.46%) | P&L: $+0.00
[27468s] BRTI: $77,506.58 (+0.013%) | Kalshi: 0.07/0.10 (-12.50%) | P&L: $+0.00
[27529s] BRTI: $77,500.02 (-0.008%) | Kalshi: 0.02/0.03 (-71.43%) | P&L: $+0.00
[27589s] BRTI: $77,513.81 (+0.018%) | Kalshi: 0.00/0.01 (-100.00%) | P&L: $+0.00
[27650s] BRTI: $77,607.29 (+0.121%) | Kalshi: 0.66/0.70 (N/A) | P&L: $+0.00
[27711s] BRTI: $77,683.01 (+0.098%) | Kalshi: 0.82/0.84 (+24.24%) | P&L: $+0.00
[27771s] BRTI: $77,729.25 (+0.060%) | Kalshi: 0.86/0.89 (+4.88%) | P&L: $+0.00
[27832s] BRTI: $77,742.15 (+0.017%) | Kalshi: 0.88/0.89 (+2.33%) | P&L: $+0.00
[27892s] BRTI: $77,745.43 (+0.004%) | Kalshi: 0.87/0.88 (-1.14%) | P&L: $+0.00
[27953s] BRTI: $77,705.46 (-0.051%) | Kalshi: 0.77/0.81 (-11.49%) | P&L: $+0.00
[28013s] BRTI: $77,586.42 (-0.153%) | Kalshi: 0.62/0.66 (-19.48%) | P&L: $+0.00
[28074s] BRTI: $77,568.04 (-0.024%) | Kalshi: 0.49/0.54 (-20.97%) | P&L: $+0.00
[28134s] BRTI: $77,543.67 (-0.031%) | Kalshi: 0.50/0.54 (+2.04%) | P&L: $+0.00
[28195s] BRTI: $77,512.82 (-0.040%) | Kalshi: 0.20/0.31 (-60.00%) | P&L: $+0.00
[28256s] BRTI: $77,497.04 (-0.020%) | Kalshi: 0.15/0.19 (-25.00%) | P&L: $+0.00
[28316s] BRTI: $77,454.38 (-0.055%) | Kalshi: 0.12/0.15 (-20.00%) | P&L: $+0.00
[28377s] BRTI: $77,468.71 (+0.018%) | Kalshi: 0.09/0.10 (-25.00%) | P&L: $+0.00
[28438s] BRTI: $77,515.93 (+0.061%) | Kalshi: 0.08/0.83 (-11.11%) | P&L: $+0.00
[28498s] BRTI: $77,513.77 (-0.003%) | Kalshi: 0.50/0.53 (+525.00%) | P&L: $+0.00
[28559s] BRTI: $77,484.30 (-0.038%) | Kalshi: 0.32/0.36 (-36.00%) | P&L: $+0.00
[28620s] BRTI: $77,474.63 (-0.012%) | Kalshi: 0.32/0.36 (N/A) | P&L: $+0.00
[28680s] BRTI: $77,461.62 (-0.017%) | Kalshi: 0.29/0.32 (-9.38%) | P&L: $+0.00
[28741s] BRTI: $77,452.51 (-0.012%) | Kalshi: 0.24/0.25 (-17.24%) | P&L: $+0.00

======================================================================
PAPER TRADING SUMMARY
======================================================================
Initial Balance: $1,000.00
Final Balance: $1,000.00
Total P&L: $+0.00 (+0.00% ROI)

Total Trades: 2
Wins: 1 | Losses: 1
Win Rate: 50.0%
Best Trade: $+0.10
Worst Trade: $-0.10

Saved: data/paper_trade_20260202_105013.json
======================================================================

