
======================================================================
PAPER TRADING - 480min / 60s / 10 contracts
Start: 2026-02-02 04:14:25 UTC
======================================================================

[   0s] BRTI: $75,438.00 (N/A) | Kalshi: 0.00/0.01 (N/A)
[  60s] BRTI: $75,586.76 (+0.197%) | Kalshi: 0.53/0.56 (N/A)
[ 120s] BRTI: $75,640.30 (+0.071%) | Kalshi: 0.63/0.67 (+18.87%)
[ 180s] BRTI: $75,847.85 (+0.274%) | Kalshi: 0.81/0.84 (+28.57%)
[ 240s] BRTI: $75,805.15 (-0.056%) | Kalshi: 0.80/0.84 (-1.23%)
[ 301s] BRTI: $75,761.13 (-0.058%) | Kalshi: 0.75/0.79 (-6.25%)
[ 361s] BRTI: $75,996.27 (+0.310%) | Kalshi: 0.92/0.93 (+22.67%)
[ 421s] BRTI: $75,996.27 (N/A) | Kalshi: 0.94/0.96 (+2.17%)
[ 481s] BRTI: $75,996.27 (N/A) | Kalshi: 0.98/0.99 (+4.26%)
[ 541s] BRTI: $76,200.00 (+0.268%) | Kalshi: 0.98/0.99 (N/A)
[ 602s] BRTI: $76,191.51 (-0.011%) | Kalshi: 0.96/0.98 (-2.04%)
[ 662s] BRTI: $76,203.93 (+0.016%) | Kalshi: 0.98/1.00 (+2.08%)
[ 722s] BRTI: $76,203.93 (N/A) | Kalshi: 0.99/1.00 (+1.02%)
[ 782s] BRTI: $76,203.93 (N/A) | Kalshi: 0.99/1.00 (N/A)
[ 842s] BRTI: $76,397.81 (+0.254%) | Kalshi: 0.99/1.00 (N/A)
[ 903s] BRTI: $76,292.08 (-0.138%) | Kalshi: 0.99/1.00 (N/A)
[ 963s] BRTI: $76,512.45 (+0.289%) | Kalshi: 0.35/0.50 (-64.65%)
[1023s] BRTI: $76,554.11 (+0.054%) | Kalshi: 0.69/0.73 (+97.14%)
[1083s] BRTI: $76,605.10 (+0.067%) | Kalshi: 0.42/0.46 (-39.13%)
[1143s] BRTI: $76,605.10 (N/A) | Kalshi: 0.55/0.58 (+30.95%)
[1204s] BRTI: $76,503.09 (-0.133%) | Kalshi: 0.67/0.70 (+21.82%)
[1264s] BRTI: $76,503.09 (N/A) | Kalshi: 0.62/0.65 (-7.46%)
[1324s] BRTI: $76,503.09 (N/A) | Kalshi: 0.58/0.59 (-6.45%)
[1384s] BRTI: $76,399.92 (-0.135%) | Kalshi: 0.57/0.65 (-1.72%)
[1445s] BRTI: $76,399.92 (N/A) | Kalshi: 0.32/0.34 (-43.86%)
[1505s] BRTI: $76,366.23 (-0.044%) | Kalshi: 0.45/0.47 (+40.62%)
[1565s] BRTI: $76,366.23 (N/A) | Kalshi: 0.41/0.43 (-8.89%)
[1625s] BRTI: $76,270.91 (-0.125%) | Kalshi: 0.28/0.38 (-31.71%)
[1686s] BRTI: $76,260.90 (-0.013%) | Kalshi: 0.27/0.40 (-3.57%)
[1746s] BRTI: $76,260.90 (N/A) | Kalshi: 0.07/0.09 (-74.07%)
[1806s] BRTI: $76,197.16 (-0.084%) | Kalshi: 0.00/0.01 (-100.00%)
[1866s] BRTI: $76,179.72 (-0.023%) | Kalshi: 0.15/0.66 (N/A)
[1927s] BRTI: $76,063.95 (-0.152%) | Kalshi: 0.28/0.31 (+86.67%)
[1987s] BRTI: $76,106.58 (+0.056%) | Kalshi: 0.26/0.28 (-7.14%)
[2047s] BRTI: $75,996.27 (-0.145%) | Kalshi: 0.19/0.22 (-26.92%)
[2107s] BRTI: $76,000.00 (+0.005%) | Kalshi: 0.17/0.20 (-10.53%)
[2167s] BRTI: $75,926.92 (-0.096%) | Kalshi: 0.11/0.13 (-35.29%)
[2228s] BRTI: $75,964.53 (+0.050%) | Kalshi: 0.09/0.10 (-18.18%)
[2288s] BRTI: $75,964.53 (N/A) | Kalshi: 0.33/0.35 (+266.67%)
[2348s] BRTI: $75,964.53 (N/A) | Kalshi: 0.11/0.14 (-66.67%)
[2408s] BRTI: $76,023.73 (+0.078%) | Kalshi: 0.06/0.07 (-45.45%)
[2469s] BRTI: $76,023.73 (N/A) | Kalshi: 0.05/0.06 (-16.67%)
[2529s] BRTI: $75,870.47 (-0.202%) | Kalshi: 0.00/0.02 (-100.00%)
[2589s] BRTI: $75,834.69 (-0.047%) | Kalshi: 0.00/0.01 (N/A)
[2649s] BRTI: $75,898.63 (+0.084%) | Kalshi: 0.00/0.01 (N/A)
[2709s] BRTI: $75,923.26 (+0.032%) | Kalshi: 0.00/0.01 (N/A)
[2770s] BRTI: $75,968.09 (+0.059%) | Kalshi: 0.48/0.50 (N/A)
[2830s] BRTI: $76,005.15 (+0.049%) | Kalshi: 0.65/0.67 (+35.42%)
[2890s] BRTI: $75,905.34 (-0.131%) | Kalshi: 0.45/0.52 (-30.77%)
[2950s] BRTI: $75,770.17 (-0.178%) | Kalshi: 0.24/0.30 (-46.67%)
[3011s] BRTI: $75,953.79 (+0.242%) | Kalshi: 0.51/0.61 (+112.50%)
[3071s] BRTI: $75,896.61 (-0.075%) | Kalshi: 0.45/0.51 (-11.76%)
[3131s] BRTI: $75,782.46 (-0.150%) | Kalshi: 0.30/0.33 (-33.33%)
[3191s] BRTI: $75,720.14 (-0.082%) | Kalshi: 0.19/0.24 (-36.67%)
[3251s] BRTI: $75,538.54 (-0.240%) | Kalshi: 0.06/0.09 (-68.42%)
[3312s] BRTI: $75,438.03 (-0.133%) | Kalshi: 0.02/0.03 (-66.67%)
[3372s] BRTI: $75,438.03 (N/A) | Kalshi: 0.02/0.04 (N/A)
[3432s] BRTI: $75,464.41 (+0.035%) | Kalshi: 0.00/0.01 (-100.00%)
[3492s] BRTI: $75,553.38 (+0.118%) | Kalshi: 0.00/0.01 (N/A)
[3552s] BRTI: $75,553.38 (N/A) | Kalshi: 0.00/0.01 (N/A)
[3613s] BRTI: $75,553.38 (N/A) | Kalshi: 0.00/0.01 (N/A)
[3673s] BRTI: $75,553.38 (N/A) | Kalshi: 0.47/0.51 (N/A)
[3733s] BRTI: $75,375.09 (-0.236%) | Kalshi: 0.32/0.34 (-31.91%)
[3793s] BRTI: $75,083.57 (-0.387%) | Kalshi: 0.11/0.14 (-65.62%)
[3854s] BRTI: $75,141.08 (+0.077%) | Kalshi: 0.23/0.25 (+109.09%)
[3914s] BRTI: $75,150.07 (+0.012%) | Kalshi: 0.14/0.15 (-39.13%)
[3974s] BRTI: $75,150.07 (N/A) | Kalshi: 0.17/0.20 (+21.43%)
[4034s] BRTI: $75,150.07 (N/A) | Kalshi: 0.07/0.08 (-58.82%)
[4094s] BRTI: $75,150.07 (N/A) | Kalshi: 0.10/0.11 (+42.86%)
[4154s] BRTI: $75,365.04 (+0.286%) | Kalshi: 0.24/0.25 (+140.00%)
[4215s] BRTI: $75,341.44 (-0.031%) | Kalshi: 0.14/0.16 (-41.67%)
[4275s] BRTI: $75,345.71 (+0.006%) | Kalshi: 0.04/0.06 (-71.43%)
[4335s] BRTI: $75,345.71 (N/A) | Kalshi: 0.03/0.05 (-25.00%)
[4395s] BRTI: $75,072.72 (-0.362%) | Kalshi: 0.00/0.01 (-100.00%)
[4455s] BRTI: $74,944.76 (-0.170%) | Kalshi: 0.00/0.01 (N/A)
[4516s] BRTI: $74,982.75 (+0.051%) | Kalshi: 0.00/0.01 (N/A)
[4576s] BRTI: $75,127.54 (+0.193%) | Kalshi: 0.52/0.55 (N/A)
[4636s] BRTI: $75,104.24 (-0.031%) | Kalshi: 0.59/0.60 (+13.46%)
[4696s] BRTI: $75,104.24 (N/A) | Kalshi: 0.64/0.65 (+8.47%)
[4756s] BRTI: $75,259.34 (+0.207%) | Kalshi: 0.80/0.85 (+25.00%)
[4817s] BRTI: $75,259.34 (N/A) | Kalshi: 0.64/0.68 (-20.00%)
[4877s] BRTI: $75,235.49 (-0.032%) | Kalshi: 0.74/0.77 (+15.62%)
[4937s] BRTI: $75,234.38 (-0.001%) | Kalshi: 0.48/0.51 (-35.14%)
[4997s] BRTI: $74,947.09 (-0.382%) | Kalshi: 0.32/0.33 (-33.33%)
[5057s] BRTI: $75,088.41 (+0.189%) | Kalshi: 0.57/0.62 (+78.12%)
[5118s] BRTI: $75,088.41 (N/A) | Kalshi: 0.66/0.71 (+15.79%)
[5178s] BRTI: $75,235.60 (+0.196%) | Kalshi: 0.72/0.77 (+9.09%)
[5238s] BRTI: $75,256.64 (+0.028%) | Kalshi: 0.91/0.96 (+26.39%)
[5298s] BRTI: $75,209.44 (-0.063%) | Kalshi: 0.94/0.97 (+3.30%)
[5358s] BRTI: $75,307.45 (+0.130%) | Kalshi: 0.99/1.00 (+5.32%)
[5419s] BRTI: $75,307.45 (N/A) | Kalshi: 0.99/1.00 (N/A)
[5479s] BRTI: $75,384.78 (+0.103%) | Kalshi: 0.47/0.50 (-52.53%)
[5539s] BRTI: $75,384.78 (N/A) | Kalshi: 0.60/0.62 (+27.66%)
[5599s] BRTI: $75,344.70 (-0.053%) | Kalshi: 0.63/0.65 (+5.00%)
[5659s] BRTI: $75,227.35 (-0.156%) | Kalshi: 0.32/0.36 (-49.21%)
[5720s] BRTI: $75,178.55 (-0.065%) | Kalshi: 0.48/0.52 (+50.00%)
[5780s] BRTI: $75,318.64 (+0.186%) | Kalshi: 0.81/0.84 (+68.75%)
[5840s] BRTI: $75,591.92 (+0.363%) | Kalshi: 0.81/0.83 (N/A)
[5900s] BRTI: $75,532.25 (-0.079%) | Kalshi: 0.82/0.83 (+1.23%)
[5961s] BRTI: $75,349.75 (-0.242%) | Kalshi: 0.82/0.85 (N/A)
[6021s] BRTI: $75,369.73 (+0.027%) | Kalshi: 0.60/0.64 (-26.83%)
[6081s] BRTI: $75,369.73 (N/A) | Kalshi: 0.85/0.89 (+41.67%)
[6141s] BRTI: $75,479.10 (+0.145%) | Kalshi: 0.94/0.96 (+10.59%)
[6202s] BRTI: $75,468.55 (-0.014%) | Kalshi: 0.86/0.88 (-8.51%)
[6262s] BRTI: $75,581.54 (+0.150%) | Kalshi: 0.98/0.99 (+13.95%)
[6322s] BRTI: $75,581.54 (N/A) | Kalshi: 0.99/1.00 (+1.02%)
[6382s] BRTI: $75,581.54 (N/A) | Kalshi: 0.55/0.57 (-44.44%)
[6442s] BRTI: $75,485.99 (-0.126%) | Kalshi: 0.40/0.44 (-27.27%)
[6502s] BRTI: $75,418.21 (-0.090%) | Kalshi: 0.24/0.30 (-40.00%)
[6563s] BRTI: $75,294.03 (-0.165%) | Kalshi: 0.13/0.19 (-45.83%)
[6623s] BRTI: $75,294.03 (N/A) | Kalshi: 0.30/0.35 (+130.77%)
[6683s] BRTI: $75,427.99 (+0.178%) | Kalshi: 0.33/0.38 (+10.00%)
[6743s] BRTI: $75,427.99 (N/A) | Kalshi: 0.25/0.30 (-24.24%)
[6803s] BRTI: $75,499.95 (+0.095%) | Kalshi: 0.33/0.35 (+32.00%)
[6864s] BRTI: $75,499.95 (N/A) | Kalshi: 0.29/0.32 (-12.12%)
[6924s] BRTI: $75,629.44 (+0.172%) | Kalshi: 0.41/0.50 (+41.38%)
[6984s] BRTI: $75,484.78 (-0.191%) | Kalshi: 0.58/0.65 (+41.46%)
[7044s] BRTI: $75,484.78 (N/A) | Kalshi: 0.32/0.34 (-44.83%)
[7105s] BRTI: $75,579.25 (+0.125%) | Kalshi: 0.31/0.36 (-3.13%)
[7165s] BRTI: $75,463.40 (-0.153%) | Kalshi: 0.06/0.07 (-80.65%)
[7225s] BRTI: $75,626.72 (+0.216%) | Kalshi: 0.62/0.95 (+933.33%)
[7285s] BRTI: $75,671.25 (+0.059%) | Kalshi: 0.42/0.46 (-32.26%)
[7345s] BRTI: $75,820.84 (+0.198%) | Kalshi: 0.70/0.74 (+66.67%)
[7406s] BRTI: $75,945.92 (+0.165%) | Kalshi: 0.86/0.87 (+22.86%)
[7466s] BRTI: $75,945.92 (N/A) | Kalshi: 0.84/0.86 (-2.33%)
[7526s] BRTI: $75,945.92 (N/A) | Kalshi: 0.89/0.91 (+5.95%)
[7587s] BRTI: $76,045.03 (+0.131%) | Kalshi: 0.87/0.89 (-2.25%)
[7647s] BRTI: $76,045.03 (N/A) | Kalshi: 0.88/0.90 (+1.15%)
[7707s] BRTI: $76,008.26 (-0.048%) | Kalshi: 0.88/0.90 (N/A)
[7767s] BRTI: $75,804.27 (-0.268%) | Kalshi: 0.74/0.76 (-15.91%)
[7827s] BRTI: $75,804.27 (N/A) | Kalshi: 0.74/0.75 (N/A)
[7888s] BRTI: $75,693.73 (-0.146%) | Kalshi: 0.16/0.18 (-78.38%)
[7948s] BRTI: $75,455.56 (-0.315%) | Kalshi: 0.17/0.20 (+6.25%)
[8008s] BRTI: $75,455.56 (N/A) | Kalshi: 0.37/0.41 (+117.65%)
[8068s] BRTI: $75,602.52 (+0.195%) | Kalshi: 0.53/0.69 (+43.24%)
[8128s] BRTI: $75,602.52 (N/A) | Kalshi: 0.97/0.98 (+83.02%)
[8189s] BRTI: $75,790.32 (+0.248%) | Kalshi: 0.59/0.61 (-39.18%)
[8249s] BRTI: $75,841.81 (+0.068%) | Kalshi: 0.68/0.69 (+15.25%)
[8309s] BRTI: $75,841.81 (N/A) | Kalshi: 0.35/0.38 (-48.53%)
[8370s] BRTI: $75,698.82 (-0.189%) | Kalshi: 0.35/0.37 (N/A)
[8430s] BRTI: $75,508.15 (-0.252%) | Kalshi: 0.19/0.23 (-45.71%)
[8490s] BRTI: $75,180.25 (-0.434%) | Kalshi: 0.11/0.12 (-42.11%)
[8551s] BRTI: $75,330.33 (+0.200%) | Kalshi: 0.09/0.10 (-18.18%)
[8611s] BRTI: $75,000.00 (-0.439%) | Kalshi: 0.02/0.03 (-77.78%)
[8671s] BRTI: $74,965.97 (-0.045%) | Kalshi: 0.04/0.06 (+100.00%)
[8732s] BRTI: $75,092.50 (+0.169%) | Kalshi: 0.01/0.02 (-75.00%)
[8792s] BRTI: $75,321.98 (+0.306%) | Kalshi: 0.04/0.05 (+300.00%)
[8852s] BRTI: $75,235.83 (-0.114%) | Kalshi: 0.02/0.03 (-50.00%)
[8912s] BRTI: $76,364.13 (+1.500%) | Kalshi: 0.96/0.97 (+4700.00%)
[8972s] BRTI: $76,405.16 (+0.054%) | Kalshi: 0.99/1.00 (+3.13%)
[9033s] BRTI: $76,463.02 (+0.076%) | Kalshi: 0.99/1.00 (N/A)
[9093s] BRTI: $76,197.96 (-0.347%) | Kalshi: 0.40/0.52 (-59.60%)
[9153s] BRTI: $76,562.10 (+0.478%) | Kalshi: 0.52/0.55 (+30.00%)
[9213s] BRTI: $76,629.58 (+0.088%) | Kalshi: 0.44/0.48 (-15.38%)
[9274s] BRTI: $76,221.05 (-0.533%) | Kalshi: 0.24/0.27 (-45.45%)
[9334s] BRTI: $76,221.05 (N/A) | Kalshi: 0.20/0.22 (-16.67%)
[9394s] BRTI: $76,214.17 (-0.009%) | Kalshi: 0.23/0.25 (+15.00%)
[9455s] BRTI: $76,214.17 (N/A) | Kalshi: 0.40/0.44 (+73.91%)
[9515s] BRTI: $76,380.34 (+0.218%) | Kalshi: 0.32/0.35 (-20.00%)
[9575s] BRTI: $76,380.34 (N/A) | Kalshi: 0.34/0.35 (+6.25%)
[9635s] BRTI: $76,400.20 (+0.026%) | Kalshi: 0.45/0.47 (+32.35%)
[9696s] BRTI: $76,400.20 (N/A) | Kalshi: 0.24/0.25 (-46.67%)
[9756s] BRTI: $76,377.10 (-0.030%) | Kalshi: 0.32/0.36 (+33.33%)
[9816s] BRTI: $76,446.00 (+0.090%) | Kalshi: 0.73/0.75 (+128.12%)
[9876s] BRTI: $76,434.61 (-0.015%) | Kalshi: 0.84/0.89 (+15.07%)
[9937s] BRTI: $76,434.61 (N/A) | Kalshi: 0.95/0.99 (+13.10%)
[9997s] BRTI: $76,434.61 (N/A) | Kalshi: 0.39/0.45 (-58.95%)
[10057s] BRTI: $76,549.02 (+0.150%) | Kalshi: 0.45/0.54 (+15.38%)
[10117s] BRTI: $76,465.82 (-0.109%) | Kalshi: 0.42/0.48 (-6.67%)
[10177s] BRTI: $76,465.82 (N/A) | Kalshi: 0.41/0.42 (-2.38%)
[10238s] BRTI: $76,567.62 (+0.133%) | Kalshi: 0.63/0.65 (+53.66%)
[10298s] BRTI: $76,469.94 (-0.128%) | Kalshi: 0.36/0.37 (-42.86%)
[10358s] BRTI: $76,695.14 (+0.294%) | Kalshi: 0.80/0.82 (+122.22%)
[10418s] BRTI: $76,695.14 (N/A) | Kalshi: 0.83/0.87 (+3.75%)
[10478s] BRTI: $76,772.30 (+0.101%) | Kalshi: 0.87/0.90 (+4.82%)
[10538s] BRTI: $76,851.25 (+0.103%) | Kalshi: 0.90/0.95 (+3.45%)
[10599s] BRTI: $76,813.33 (-0.049%) | Kalshi: 0.79/0.87 (-12.22%)
[10659s] BRTI: $76,632.60 (-0.235%) | Kalshi: 0.72/0.77 (-8.86%)
[10719s] BRTI: $76,632.60 (N/A) | Kalshi: 0.51/0.60 (-29.17%)
[10779s] BRTI: $76,511.33 (-0.158%) | Kalshi: 0.94/0.95 (+84.31%)
[10839s] BRTI: $76,511.33 (N/A) | Kalshi: 0.45/0.55 (-52.13%)
[10900s] BRTI: $76,511.33 (N/A) | Kalshi: 0.57/0.64 (+26.67%)
[10960s] BRTI: $76,511.33 (N/A) | Kalshi: 0.51/0.53 (-10.53%)
[11020s] BRTI: $76,511.33 (N/A) | Kalshi: 0.31/0.33 (-39.22%)
[11081s] BRTI: $76,511.33 (N/A) | Kalshi: 0.50/0.52 (+61.29%)
[11141s] BRTI: $76,511.33 (N/A) | Kalshi: 0.61/0.64 (+22.00%)
[11201s] BRTI: $76,511.33 (N/A) | Kalshi: 0.63/0.67 (+3.28%)
[11261s] BRTI: $76,511.33 (N/A) | Kalshi: 0.50/0.54 (-20.63%)
[11321s] BRTI: $76,449.71 (-0.081%) | Kalshi: 0.41/0.44 (-18.00%)
[11382s] BRTI: $76,449.71 (N/A) | Kalshi: 0.40/0.41 (-2.44%)
[11442s] BRTI: $76,449.71 (N/A) | Kalshi: 0.42/0.46 (+5.00%)
[11502s] BRTI: $76,428.99 (-0.027%) | Kalshi: 0.29/0.32 (-30.95%)
[11562s] BRTI: $76,428.99 (N/A) | Kalshi: 0.28/0.29 (-3.45%)
[11622s] BRTI: $76,428.99 (N/A) | Kalshi: 0.23/0.27 (-17.86%)
[11682s] BRTI: $76,394.06 (-0.046%) | Kalshi: 0.02/0.03 (-91.30%)
[11743s] BRTI: $76,394.06 (N/A) | Kalshi: 0.00/0.01 (-100.00%)
[11803s] BRTI: $76,450.00 (+0.073%) | Kalshi: 0.52/0.59 (N/A)
[11863s] BRTI: $76,450.00 (N/A) | Kalshi: 0.54/0.63 (+3.85%)
[11923s] BRTI: $76,450.00 (N/A) | Kalshi: 0.57/0.66 (+5.56%)
[11984s] BRTI: $76,450.00 (N/A) | Kalshi: 0.65/0.68 (+14.04%)
[12044s] BRTI: $76,450.00 (N/A) | Kalshi: 0.63/0.65 (-3.08%)
[12104s] BRTI: $76,450.00 (N/A) | Kalshi: 0.57/0.66 (-9.52%)
[12164s] BRTI: $76,450.00 (N/A) | Kalshi: 0.70/0.75 (+22.81%)
[12224s] BRTI: $76,450.00 (N/A) | Kalshi: 0.84/0.86 (+20.00%)
[12285s] BRTI: $76,731.42 (+0.368%) | Kalshi: 0.89/0.90 (+5.95%)
[12345s] BRTI: $76,731.42 (N/A) | Kalshi: 0.87/0.91 (-2.25%)
[12405s] BRTI: $76,731.42 (N/A) | Kalshi: 0.89/0.93 (+2.30%)
[12465s] BRTI: $76,731.42 (N/A) | Kalshi: 0.90/0.94 (+1.12%)
[12525s] BRTI: $76,665.26 (-0.086%) | Kalshi: 0.89/0.93 (-1.11%)
[12586s] BRTI: $76,563.37 (-0.133%) | Kalshi: 0.94/0.96 (+5.62%)
[12646s] BRTI: $76,563.37 (N/A) | Kalshi: 0.45/0.55 (-52.13%)
[12706s] BRTI: $76,563.37 (N/A) | Kalshi: 0.78/0.80 (+73.33%)
[12766s] BRTI: $76,563.37 (N/A) | Kalshi: 0.79/0.80 (+1.28%)
[12826s] BRTI: $76,754.74 (+0.250%) | Kalshi: 0.75/0.78 (-5.06%)
[12887s] BRTI: $76,754.74 (N/A) | Kalshi: 0.83/0.84 (+10.67%)
[12947s] BRTI: $76,754.74 (N/A) | Kalshi: 0.82/0.85 (-1.20%)
[13007s] BRTI: $76,769.68 (+0.019%) | Kalshi: 0.73/0.76 (-10.98%)
[13067s] BRTI: $76,769.68 (N/A) | Kalshi: 0.79/0.82 (+8.22%)
[13127s] BRTI: $76,700.12 (-0.091%) | Kalshi: 0.83/0.87 (+5.06%)
[13188s] BRTI: $76,700.12 (N/A) | Kalshi: 0.87/0.90 (+4.82%)
[13248s] BRTI: $76,700.12 (N/A) | Kalshi: 0.91/0.93 (+4.60%)
[13308s] BRTI: $76,758.50 (+0.076%) | Kalshi: 0.90/0.92 (-1.10%)
[13368s] BRTI: $76,758.50 (N/A) | Kalshi: 0.95/0.96 (+5.56%)
[13428s] BRTI: $76,674.25 (-0.110%) | Kalshi: 0.90/0.95 (-5.26%)
[13488s] BRTI: $76,674.25 (N/A) | Kalshi: 0.98/0.99 (+8.89%)
[13549s] BRTI: $76,705.11 (+0.040%) | Kalshi: 0.99/1.00 (+1.02%)
[13609s] BRTI: $76,705.11 (N/A) | Kalshi: 0.44/0.57 (-55.56%)
[13669s] BRTI: $76,682.17 (-0.030%) | Kalshi: 0.52/0.58 (+18.18%)
[13729s] BRTI: $76,672.11 (-0.013%) | Kalshi: 0.40/0.47 (-23.08%)
[13789s] BRTI: $76,672.11 (N/A) | Kalshi: 0.67/0.68 (+67.50%)
[13850s] BRTI: $76,702.80 (+0.040%) | Kalshi: 0.75/0.80 (+11.94%)
[13910s] BRTI: $76,857.41 (+0.202%) | Kalshi: 0.81/0.84 (+8.00%)
[13970s] BRTI: $76,857.41 (N/A) | Kalshi: 0.73/0.79 (-9.88%)
[14030s] BRTI: $76,759.18 (-0.128%) | Kalshi: 0.71/0.74 (-2.74%)
[14090s] BRTI: $76,759.18 (N/A) | Kalshi: 0.82/0.84 (+15.49%)
[14150s] BRTI: $76,860.94 (+0.133%) | Kalshi: 0.73/0.81 (-10.98%)
[14211s] BRTI: $76,940.76 (+0.104%) | Kalshi: 0.93/0.95 (+27.40%)
[14271s] BRTI: $76,927.65 (-0.017%) | Kalshi: 0.94/0.97 (+1.08%)
[14331s] BRTI: $76,902.76 (-0.032%) | Kalshi: 0.96/0.98 (+2.13%)
[14391s] BRTI: $76,924.15 (+0.028%) | Kalshi: 0.99/1.00 (+3.13%)
[14452s] BRTI: $76,873.30 (-0.066%) | Kalshi: 0.45/0.55 (-54.55%)
[14512s] BRTI: $76,878.84 (+0.007%) | Kalshi: 0.66/0.68 (+46.67%)
[14572s] BRTI: $76,974.61 (+0.125%) | Kalshi: 0.53/0.56 (-19.70%)
[14632s] BRTI: $76,962.09 (-0.016%) | Kalshi: 0.56/0.59 (+5.66%)
[14692s] BRTI: $76,962.09 (N/A) | Kalshi: 0.72/0.75 (+28.57%)
[14753s] BRTI: $76,962.09 (N/A) | Kalshi: 0.84/0.86 (+16.67%)
[14813s] BRTI: $76,983.31 (+0.028%) | Kalshi: 0.64/0.68 (-23.81%)
[14873s] BRTI: $76,983.31 (N/A) | Kalshi: 0.70/0.71 (+9.37%)
[14933s] BRTI: $76,983.31 (N/A) | Kalshi: 0.75/0.79 (+7.14%)
[14993s] BRTI: $76,977.03 (-0.008%) | Kalshi: 0.70/0.73 (-6.67%)
[15054s] BRTI: $77,065.94 (+0.116%) | Kalshi: 0.81/0.82 (+15.71%)
[15114s] BRTI: $77,065.88 (-0.000%) | Kalshi: 0.49/0.53 (-39.51%)
[15174s] BRTI: $76,836.82 (-0.297%) | Kalshi: 0.12/0.14 (-75.51%)
[15235s] BRTI: $76,753.34 (-0.109%) | Kalshi: 0.03/0.04 (-75.00%)
[15295s] BRTI: $76,748.06 (-0.007%) | Kalshi: 0.02/0.03 (-33.33%)
[15355s] BRTI: $76,748.06 (N/A) | Kalshi: 0.61/0.83 (+2950.00%)
[15415s] BRTI: $76,748.06 (N/A) | Kalshi: 0.77/0.79 (+26.23%)
[15476s] BRTI: $76,748.06 (N/A) | Kalshi: 0.72/0.76 (-6.49%)
[15536s] BRTI: $76,748.06 (N/A) | Kalshi: 0.58/0.65 (-19.44%)
[15596s] BRTI: $76,710.78 (-0.049%) | Kalshi: 0.48/0.49 (-17.24%)
[15656s] BRTI: $76,710.78 (N/A) | Kalshi: 0.40/0.50 (-16.67%)
[15717s] BRTI: $76,710.78 (N/A) | Kalshi: 0.57/0.60 (+42.50%)
[15777s] BRTI: $76,710.78 (N/A) | Kalshi: 0.69/0.72 (+21.05%)
[15837s] BRTI: $76,937.79 (+0.296%) | Kalshi: 0.86/0.89 (+24.64%)
[15897s] BRTI: $76,937.79 (N/A) | Kalshi: 0.91/0.95 (+5.81%)
[15957s] BRTI: $76,941.06 (+0.004%) | Kalshi: 0.92/0.94 (+1.10%)
[16018s] BRTI: $76,941.06 (N/A) | Kalshi: 0.85/0.88 (-7.61%)
[16078s] BRTI: $76,941.06 (N/A) | Kalshi: 0.88/0.92 (+3.53%)
[16138s] BRTI: $76,941.06 (N/A) | Kalshi: 0.97/0.98 (+10.23%)
[16199s] BRTI: $76,941.06 (N/A) | Kalshi: 0.95/1.00 (-2.06%)
[16259s] BRTI: $76,941.06 (N/A) | Kalshi: 0.99/1.00 (+4.21%)
[16319s] BRTI: $76,884.59 (-0.073%) | Kalshi: 0.45/0.48 (-54.55%)
[16379s] BRTI: $76,884.59 (N/A) | Kalshi: 0.32/0.33 (-28.89%)
[16440s] BRTI: $76,884.59 (N/A) | Kalshi: 0.36/0.39 (+12.50%)
[16500s] BRTI: $76,884.59 (N/A) | Kalshi: 0.63/0.65 (+75.00%)
[16560s] BRTI: $76,884.59 (N/A) | Kalshi: 0.71/0.74 (+12.70%)
[16620s] BRTI: $76,884.59 (N/A) | Kalshi: 0.67/0.70 (-5.63%)
[16680s] BRTI: $77,029.02 (+0.188%) | Kalshi: 0.63/0.66 (-5.97%)
[16741s] BRTI: $77,040.42 (+0.015%) | Kalshi: 0.76/0.82 (+20.63%)
[16801s] BRTI: $77,040.42 (N/A) | Kalshi: 0.87/0.89 (+14.47%)
[16861s] BRTI: $77,040.42 (N/A) | Kalshi: 0.80/0.83 (-8.05%)
[16921s] BRTI: $77,040.42 (N/A) | Kalshi: 0.86/0.89 (+7.50%)
[16981s] BRTI: $77,040.42 (N/A) | Kalshi: 0.90/0.92 (+4.65%)
[17042s] BRTI: $77,040.42 (N/A) | Kalshi: 0.97/0.98 (+7.78%)
[17102s] BRTI: $77,040.42 (N/A) | Kalshi: 0.81/0.99 (-16.49%)
[17162s] BRTI: $76,924.78 (-0.150%) | Kalshi: 0.45/0.55 (-44.44%)
[17222s] BRTI: $76,924.78 (N/A) | Kalshi: 0.29/0.35 (-35.56%)
[17282s] BRTI: $76,719.56 (-0.267%) | Kalshi: 0.13/0.14 (-55.17%)
[17342s] BRTI: $76,726.68 (+0.009%) | Kalshi: 0.14/0.15 (+7.69%)
[17403s] BRTI: $76,726.68 (N/A) | Kalshi: 0.38/0.41 (+171.43%)
[17463s] BRTI: $76,726.68 (N/A) | Kalshi: 0.33/0.40 (-13.16%)
[17523s] BRTI: $76,726.68 (N/A) | Kalshi: 0.32/0.33 (-3.03%)
[17583s] BRTI: $76,726.68 (N/A) | Kalshi: 0.24/0.25 (-25.00%)
[17643s] BRTI: $76,726.68 (N/A) | Kalshi: 0.13/0.20 (-45.83%)
[17704s] BRTI: $76,807.20 (+0.105%) | Kalshi: 0.07/0.13 (-46.15%)
[17764s] BRTI: $76,809.41 (+0.003%) | Kalshi: 0.08/0.11 (+14.29%)
[17824s] BRTI: $76,809.41 (N/A) | Kalshi: 0.07/0.11 (-12.50%)
[17884s] BRTI: $76,809.41 (N/A) | Kalshi: 0.04/0.08 (-42.86%)
[17944s] BRTI: $76,809.41 (N/A) | Kalshi: 0.01/0.03 (-75.00%)
[18005s] BRTI: $76,809.41 (N/A) | Kalshi: 0.00/0.03 (-100.00%)
[18065s] BRTI: $76,809.41 (N/A) | Kalshi: 0.37/0.48 (N/A)
[18125s] BRTI: $76,809.41 (N/A) | Kalshi: 0.54/0.56 (+45.95%)
[18185s] BRTI: $76,809.41 (N/A) | Kalshi: 0.67/0.69 (+24.07%)
[18246s] BRTI: $76,809.41 (N/A) | Kalshi: 0.66/0.67 (-1.49%)
[18306s] BRTI: $76,809.41 (N/A) | Kalshi: 0.83/0.85 (+25.76%)
[18366s] BRTI: $76,809.41 (N/A) | Kalshi: 0.83/0.86 (N/A)
[18426s] BRTI: $76,809.41 (N/A) | Kalshi: 0.90/0.92 (+8.43%)
[18486s] BRTI: $76,809.41 (N/A) | Kalshi: 0.96/0.97 (+6.67%)
[18547s] BRTI: $76,809.41 (N/A) | Kalshi: 0.92/0.94 (-4.17%)
[18607s] BRTI: $76,809.41 (N/A) | Kalshi: 0.95/0.97 (+3.26%)
[18667s] BRTI: $77,066.86 (+0.335%) | Kalshi: 0.98/0.99 (+3.16%)
[18727s] BRTI: $77,066.86 (N/A) | Kalshi: 0.98/0.99 (N/A)
[18787s] BRTI: $77,132.99 (+0.086%) | Kalshi: 0.99/1.00 (+1.02%)
[18848s] BRTI: $77,172.03 (+0.051%) | Kalshi: 0.99/1.00 (N/A)
[18908s] BRTI: $77,291.70 (+0.155%) | Kalshi: 0.99/1.00 (N/A)
[18968s] BRTI: $77,384.11 (+0.120%) | Kalshi: 0.45/0.55 (-54.55%)
[19028s] BRTI: $77,275.07 (-0.141%) | Kalshi: 0.45/0.50 (N/A)
[19089s] BRTI: $77,363.48 (+0.114%) | Kalshi: 0.53/0.54 (+17.78%)
[19149s] BRTI: $77,421.25 (+0.075%) | Kalshi: 0.65/0.68 (+22.64%)
[19209s] BRTI: $77,421.25 (N/A) | Kalshi: 0.53/0.55 (-18.46%)
[19270s] BRTI: $77,421.25 (N/A) | Kalshi: 0.54/0.55 (+1.89%)
[19330s] BRTI: $77,328.92 (-0.119%) | Kalshi: 0.56/0.60 (+3.70%)
[19390s] BRTI: $77,644.04 (+0.408%) | Kalshi: 0.94/0.97 (+67.86%)
[19450s] BRTI: $77,644.04 (N/A) | Kalshi: 0.86/0.87 (-8.51%)
[19511s] BRTI: $77,403.48 (-0.310%) | Kalshi: 0.76/0.77 (-11.63%)
[19571s] BRTI: $77,427.22 (+0.031%) | Kalshi: 0.79/0.81 (+3.95%)
[19631s] BRTI: $77,433.85 (+0.009%) | Kalshi: 0.81/0.85 (+2.53%)
[19691s] BRTI: $77,433.85 (N/A) | Kalshi: 0.85/0.88 (+4.94%)
[19752s] BRTI: $77,433.85 (N/A) | Kalshi: 0.81/0.82 (-4.71%)
[19812s] BRTI: $77,380.00 (-0.070%) | Kalshi: 0.56/0.96 (-30.86%)
[19872s] BRTI: $77,553.71 (+0.224%) | Kalshi: 0.47/0.96 (-16.07%)
[19932s] BRTI: $77,561.18 (+0.010%) | Kalshi: 0.77/0.79 (+63.83%)
[19992s] BRTI: $77,810.79 (+0.322%) | Kalshi: 0.84/0.87 (+9.09%)
[20053s] BRTI: $77,810.79 (N/A) | Kalshi: 0.90/0.92 (+7.14%)
[20113s] BRTI: $77,810.79 (N/A) | Kalshi: 0.90/0.94 (N/A)
[20173s] BRTI: $77,756.64 (-0.070%) | Kalshi: 0.93/0.95 (+3.33%)
[20233s] BRTI: $77,756.64 (N/A) | Kalshi: 0.88/0.92 (-5.38%)
[20294s] BRTI: $77,756.64 (N/A) | Kalshi: 0.94/0.96 (+6.82%)
[20354s] BRTI: $77,750.00 (-0.009%) | Kalshi: 0.95/0.97 (+1.06%)
[20414s] BRTI: $77,694.80 (-0.071%) | Kalshi: 0.94/0.96 (-1.05%)
[20474s] BRTI: $77,712.50 (+0.023%) | Kalshi: 0.97/0.99 (+3.19%)
[20535s] BRTI: $77,655.41 (-0.073%) | Kalshi: 0.97/0.98 (N/A)
[20595s] BRTI: $77,687.26 (+0.041%) | Kalshi: 0.97/0.99 (N/A)
[20656s] BRTI: $77,687.26 (N/A) | Kalshi: 0.99/1.00 (+2.06%)
[20716s] BRTI: $77,687.26 (N/A) | Kalshi: 0.99/1.00 (N/A)
[20776s] BRTI: $77,702.97 (+0.020%) | Kalshi: 0.55/0.65 (-44.44%)
[20836s] BRTI: $77,608.63 (-0.121%) | Kalshi: 0.40/0.44 (-27.27%)
[20896s] BRTI: $77,668.15 (+0.077%) | Kalshi: 0.55/0.60 (+37.50%)
[20957s] BRTI: $77,668.15 (N/A) | Kalshi: 0.54/0.57 (-1.82%)
[21017s] BRTI: $77,668.15 (N/A) | Kalshi: 0.50/0.54 (-7.41%)
[21077s] BRTI: $77,668.15 (N/A) | Kalshi: 0.72/0.75 (+44.00%)
[21137s] BRTI: $77,816.79 (+0.191%) | Kalshi: 0.80/0.81 (+11.11%)
[21197s] BRTI: $77,834.44 (+0.023%) | Kalshi: 0.82/0.84 (+2.50%)
[21258s] BRTI: $77,834.44 (N/A) | Kalshi: 0.69/0.72 (-15.85%)
[21318s] BRTI: $77,726.33 (-0.139%) | Kalshi: 0.68/0.72 (-1.45%)
[21378s] BRTI: $77,723.39 (-0.004%) | Kalshi: 0.57/0.62 (-16.18%)
[21438s] BRTI: $77,723.39 (N/A) | Kalshi: 0.81/0.85 (+42.11%)
[21498s] BRTI: $77,723.39 (N/A) | Kalshi: 0.89/0.90 (+9.88%)
[21559s] BRTI: $77,813.13 (+0.115%) | Kalshi: 0.94/0.97 (+5.62%)
[21619s] BRTI: $77,750.55 (-0.080%) | Kalshi: 0.68/0.98 (-27.66%)
[21679s] BRTI: $77,666.56 (-0.108%) | Kalshi: 0.50/0.53 (-26.47%)
[21739s] BRTI: $77,633.64 (-0.042%) | Kalshi: 0.42/0.45 (-16.00%)
[21800s] BRTI: $77,633.64 (N/A) | Kalshi: 0.40/0.41 (-4.76%)
[21860s] BRTI: $77,633.64 (N/A) | Kalshi: 0.26/0.31 (-35.00%)
[21920s] BRTI: $77,583.20 (-0.065%) | Kalshi: 0.28/0.31 (+7.69%)
[21980s] BRTI: $77,543.66 (-0.051%) | Kalshi: 0.20/0.23 (-28.57%)
[22040s] BRTI: $77,526.06 (-0.023%) | Kalshi: 0.16/0.18 (-20.00%)
[22101s] BRTI: $77,526.06 (N/A) | Kalshi: 0.13/0.16 (-18.75%)
[22161s] BRTI: $77,514.71 (-0.015%) | Kalshi: 0.10/0.13 (-23.08%)
[22221s] BRTI: $77,514.71 (N/A) | Kalshi: 0.04/0.05 (-60.00%)
[22281s] BRTI: $77,479.34 (-0.046%) | Kalshi: 0.11/0.14 (+175.00%)
[22341s] BRTI: $77,479.34 (N/A) | Kalshi: 0.05/0.06 (-54.55%)
[22402s] BRTI: $77,479.34 (N/A) | Kalshi: 0.06/0.07 (+20.00%)
[22462s] BRTI: $77,479.34 (N/A) | Kalshi: 0.04/0.05 (-33.33%)
[22522s] BRTI: $77,479.34 (N/A) | Kalshi: 0.00/0.01 (-100.00%)
[22582s] BRTI: $77,623.29 (+0.186%) | Kalshi: 0.59/0.76 (N/A)
[22642s] BRTI: $77,711.63 (+0.114%) | Kalshi: 0.72/0.74 (+22.03%)
[22703s] BRTI: $77,764.18 (+0.068%) | Kalshi: 0.85/0.88 (+18.06%)
[22763s] BRTI: $77,764.18 (N/A) | Kalshi: 0.88/0.90 (+3.53%)
[22823s] BRTI: $77,764.18 (N/A) | Kalshi: 0.84/0.86 (-4.55%)
[22883s] BRTI: $77,818.46 (+0.070%) | Kalshi: 0.80/0.84 (-4.76%)
[22944s] BRTI: $77,661.25 (-0.202%) | Kalshi: 0.62/0.66 (-22.50%)
[23004s] BRTI: $77,661.25 (N/A) | Kalshi: 0.50/0.54 (-19.35%)
[23064s] BRTI: $77,661.25 (N/A) | Kalshi: 0.36/0.40 (-28.00%)
[23125s] BRTI: $77,661.25 (N/A) | Kalshi: 0.48/0.52 (+33.33%)
[23185s] BRTI: $77,661.25 (N/A) | Kalshi: 0.24/0.27 (-50.00%)
[23245s] BRTI: $77,501.70 (-0.205%) | Kalshi: 0.14/0.17 (-41.67%)
[23306s] BRTI: $77,501.70 (N/A) | Kalshi: 0.14/0.18 (N/A)
[23366s] BRTI: $77,501.70 (N/A) | Kalshi: 0.50/0.56 (+257.14%)
[23426s] BRTI: $77,501.70 (N/A) | Kalshi: 0.04/0.77 (-92.00%)
[23487s] BRTI: $77,501.70 (N/A) | Kalshi: 0.49/0.52 (+1125.00%)
[23547s] BRTI: $77,501.70 (N/A) | Kalshi: 0.36/0.38 (-26.53%)
[23607s] BRTI: $77,501.70 (N/A) | Kalshi: 0.34/0.38 (-5.56%)
[23667s] BRTI: $77,501.70 (N/A) | Kalshi: 0.28/0.32 (-17.65%)
[23727s] BRTI: $77,479.34 (-0.029%) | Kalshi: 0.24/0.29 (-14.29%)
[23788s] BRTI: $77,479.34 (N/A) | Kalshi: 0.27/0.30 (+12.50%)
[23848s] BRTI: $77,585.56 (+0.137%) | Kalshi: 0.36/0.39 (+33.33%)
[23908s] BRTI: $77,585.56 (N/A) | Kalshi: 0.24/0.34 (-33.33%)
[23968s] BRTI: $77,585.56 (N/A) | Kalshi: 0.35/0.39 (+45.83%)
[24028s] BRTI: $77,585.56 (N/A) | Kalshi: 0.33/0.37 (-5.71%)
[24089s] BRTI: $77,585.56 (N/A) | Kalshi: 0.24/0.28 (-27.27%)
[24149s] BRTI: $77,585.56 (N/A) | Kalshi: 0.10/0.13 (-58.33%)
[24209s] BRTI: $77,585.56 (N/A) | Kalshi: 0.04/0.06 (-60.00%)
[24269s] BRTI: $77,585.56 (N/A) | Kalshi: 0.02/0.07 (-50.00%)
[24329s] BRTI: $77,585.56 (N/A) | Kalshi: 0.01/0.03 (-50.00%)
[24390s] BRTI: $77,561.15 (-0.031%) | Kalshi: 0.56/0.67 (+5500.00%)
[24450s] BRTI: $77,561.15 (N/A) | Kalshi: 0.65/0.68 (+16.07%)
[24510s] BRTI: $77,561.15 (N/A) | Kalshi: 0.62/0.66 (-4.62%)
[24570s] BRTI: $77,561.15 (N/A) | Kalshi: 0.43/0.46 (-30.65%)
[24630s] BRTI: $77,561.15 (N/A) | Kalshi: 0.49/0.54 (+13.95%)
[24690s] BRTI: $77,561.15 (N/A) | Kalshi: 0.80/0.84 (+63.27%)
[24751s] BRTI: $77,561.15 (N/A) | Kalshi: 0.86/0.90 (+7.50%)
[24811s] BRTI: $77,561.15 (N/A) | Kalshi: 0.89/0.93 (+3.49%)
[24871s] BRTI: $77,716.89 (+0.201%) | Kalshi: 0.95/0.97 (+6.74%)
[24931s] BRTI: $77,716.89 (N/A) | Kalshi: 0.87/0.89 (-8.42%)
[24991s] BRTI: $77,612.33 (-0.135%) | Kalshi: 0.73/0.74 (-16.09%)
[25052s] BRTI: $77,612.33 (N/A) | Kalshi: 0.84/0.87 (+15.07%)
[25112s] BRTI: $77,612.33 (N/A) | Kalshi: 0.96/0.99 (+14.29%)
[25172s] BRTI: $77,769.17 (+0.202%) | Kalshi: 0.99/1.00 (+3.13%)
[25232s] BRTI: $77,765.17 (-0.005%) | Kalshi: 0.99/1.00 (N/A)
[25292s] BRTI: $77,722.96 (-0.054%) | Kalshi: 0.24/0.42 (-75.76%)
[25353s] BRTI: $77,722.96 (N/A) | Kalshi: 0.25/0.28 (+4.17%)
[25413s] BRTI: $77,722.96 (N/A) | Kalshi: 0.23/0.26 (-8.00%)
[25473s] BRTI: $77,633.37 (-0.115%) | Kalshi: 0.29/0.32 (+26.09%)
[25533s] BRTI: $77,633.37 (N/A) | Kalshi: 0.31/0.34 (+6.90%)
[25593s] BRTI: $77,633.37 (N/A) | Kalshi: 0.28/0.31 (-9.68%)
[25654s] BRTI: $77,633.37 (N/A) | Kalshi: 0.29/0.32 (+3.57%)
[25714s] BRTI: $77,633.37 (N/A) | Kalshi: 0.19/0.22 (-34.48%)
[25774s] BRTI: $77,689.68 (+0.073%) | Kalshi: 0.19/0.22 (N/A)
[25834s] BRTI: $77,681.26 (-0.011%) | Kalshi: 0.18/0.21 (-5.26%)
[25895s] BRTI: $77,712.85 (+0.041%) | Kalshi: 0.19/0.21 (+5.56%)
[25955s] BRTI: $77,712.85 (N/A) | Kalshi: 0.26/0.28 (+36.84%)
[26015s] BRTI: $77,712.85 (N/A) | Kalshi: 0.47/0.50 (+80.77%)
[26075s] BRTI: $77,813.25 (+0.129%) | Kalshi: 0.87/0.88 (+85.11%)
[26135s] BRTI: $77,813.25 (N/A) | Kalshi: 0.99/1.00 (+13.79%)
[26196s] BRTI: $77,831.16 (+0.023%) | Kalshi: 0.45/0.49 (-54.55%)
[26256s] BRTI: $77,867.72 (+0.047%) | Kalshi: 0.56/0.61 (+24.44%)
[26316s] BRTI: $77,870.36 (+0.003%) | Kalshi: 0.55/0.59 (-1.79%)
[26376s] BRTI: $77,870.36 (N/A) | Kalshi: 0.55/0.56 (N/A)
[26437s] BRTI: $77,855.59 (-0.019%) | Kalshi: 0.64/0.68 (+16.36%)
[26497s] BRTI: $77,905.81 (+0.065%) | Kalshi: 0.77/0.81 (+20.31%)
[26557s] BRTI: $77,905.81 (N/A) | Kalshi: 0.70/0.74 (-9.09%)
[26617s] BRTI: $77,905.81 (N/A) | Kalshi: 0.75/0.79 (+7.14%)
[26677s] BRTI: $77,905.30 (-0.001%) | Kalshi: 0.83/0.87 (+10.67%)
[26738s] BRTI: $77,950.00 (+0.057%) | Kalshi: 0.85/0.87 (+2.41%)
[26798s] BRTI: $77,950.00 (N/A) | Kalshi: 0.89/0.92 (+4.71%)
[26858s] BRTI: $77,950.00 (N/A) | Kalshi: 0.85/0.88 (-4.49%)
[26918s] BRTI: $77,846.92 (-0.132%) | Kalshi: 0.54/0.57 (-36.47%)
[26978s] BRTI: $77,846.92 (N/A) | Kalshi: 0.78/0.82 (+44.44%)
[27039s] BRTI: $77,846.92 (N/A) | Kalshi: 0.99/1.00 (+26.92%)
[27099s] BRTI: $77,846.92 (N/A) | Kalshi: 0.40/0.41 (-59.60%)
[27159s] BRTI: $77,846.92 (N/A) | Kalshi: 0.40/0.41 (N/A)
[27219s] BRTI: $77,846.92 (N/A) | Kalshi: 0.37/0.38 (-7.50%)
[27279s] BRTI: $77,846.92 (N/A) | Kalshi: 0.32/0.35 (-13.51%)
[27340s] BRTI: $77,807.84 (-0.050%) | Kalshi: 0.41/0.44 (+28.12%)
[27400s] BRTI: $77,807.84 (N/A) | Kalshi: 0.43/0.47 (+4.88%)
[27460s] BRTI: $77,896.34 (+0.114%) | Kalshi: 0.76/0.80 (+76.74%)
[27520s] BRTI: $77,896.34 (N/A) | Kalshi: 0.82/0.85 (+7.89%)
[27580s] BRTI: $77,866.35 (-0.038%) | Kalshi: 0.77/0.80 (-6.10%)
[27641s] BRTI: $77,866.35 (N/A) | Kalshi: 0.71/0.75 (-7.79%)
[27701s] BRTI: $77,944.14 (+0.100%) | Kalshi: 0.80/0.83 (+12.68%)
[27761s] BRTI: $77,890.99 (-0.068%) | Kalshi: 0.44/0.48 (-45.00%)
[27821s] BRTI: $77,807.62 (-0.107%) | Kalshi: 0.16/0.19 (-63.64%)
[27882s] BRTI: $77,733.94 (-0.095%) | Kalshi: 0.00/0.01 (-100.00%)
[27942s] BRTI: $77,769.38 (+0.046%) | Kalshi: 0.00/0.01 (N/A)
[28002s] BRTI: $77,742.66 (-0.034%) | Kalshi: 0.57/0.61 (N/A)
[28062s] BRTI: $77,756.61 (+0.018%) | Kalshi: 0.71/0.73 (+24.56%)
[28122s] BRTI: $77,734.81 (-0.028%) | Kalshi: 0.60/0.61 (-15.49%)
[28182s] BRTI: $77,734.81 (N/A) | Kalshi: 0.83/0.87 (+38.33%)
[28243s] BRTI: $77,931.75 (+0.253%) | Kalshi: 0.87/0.90 (+4.82%)
[28303s] BRTI: $77,931.75 (N/A) | Kalshi: 0.74/0.79 (-14.94%)
[28363s] BRTI: $77,931.75 (N/A) | Kalshi: 0.82/0.85 (+10.81%)
[28423s] BRTI: $77,931.75 (N/A) | Kalshi: 0.87/0.92 (+6.10%)
[28483s] BRTI: $77,931.75 (N/A) | Kalshi: 0.85/0.88 (-2.30%)
[28544s] BRTI: $77,988.66 (+0.073%) | Kalshi: 0.94/0.97 (+10.59%)
[28604s] BRTI: $77,892.85 (-0.123%) | Kalshi: 0.95/0.98 (+1.06%)
[28664s] BRTI: $77,892.85 (N/A) | Kalshi: 0.96/0.98 (+1.05%)
[28724s] BRTI: $77,974.13 (+0.104%) | Kalshi: 0.99/1.00 (+3.13%)
[28785s] BRTI: $77,974.13 (N/A) | Kalshi: 0.99/1.00 (N/A)

======================================================================
SUMMARY: $1000.00 → $1000.00 | P&L: $+0.00 | Trades: 0
Saved: data/paper_trade_20260202_121511.json
======================================================================

