
======================================================================
REAL-TIME PAPER TRADING v2
======================================================================
Duration: 480min | Start: 17:18:53
Strategy: Delay Arb + Flash Crash (avoiding market transitions)
======================================================================

[   26s] ⚡ CRASH: K dropped -25.5% → YES @ $0.44
[   56s] ✅ CLOSE (PROFIT): $+1.60 [WIN] | Total: $+1.60
[   60s] BRTI*: $79,037.71 (4ex, +0.086%) | K: 0.60/0.63 | P&L: $+1.60 (1)
[  120s] BRTI*: $79,117.43 (4ex, -0.007%) | K: 0.83/0.84 | P&L: $+1.60 (1)
[  180s] BRTI*: $79,105.07 (4ex, -0.015%) | K: 0.84/0.86 | P&L: $+1.60 (1)
[  240s] BRTI*: $79,120.55 (4ex, +0.022%) | K: 0.80/0.83 | P&L: $+1.60 (1)
[  300s] BRTI*: $79,170.37 (4ex, +0.012%) | K: 0.90/0.92 | P&L: $+1.60 (1)
[  360s] BRTI*: $79,172.14 (4ex, -0.015%) | K: 0.91/0.96 | P&L: $+1.60 (1)
[  382s] 🎯 DELAY: BTC -0.150% K +0.0% → NO @ $0.10
[  382s] ✅ CLOSE (PROFIT): $+0.30 [WIN] | Total: $+1.90
[  383s] 🎯 DELAY: BTC -0.162% K +0.0% → NO @ $0.10
[  383s] ✅ CLOSE (PROFIT): $+0.30 [WIN] | Total: $+2.20
[  384s] 🎯 DELAY: BTC -0.161% K +0.0% → NO @ $0.10
[  384s] ✅ CLOSE (PROFIT): $+0.30 [WIN] | Total: $+2.50
[  385s] 🎯 DELAY: BTC -0.158% K +0.0% → NO @ $0.10
[  385s] ✅ CLOSE (PROFIT): $+0.30 [WIN] | Total: $+2.80
[  386s] 🎯 DELAY: BTC -0.154% K +0.0% → NO @ $0.10
[  386s] ✅ CLOSE (PROFIT): $+0.30 [WIN] | Total: $+3.10
[  387s] 🎯 DELAY: BTC -0.177% K +0.0% → NO @ $0.10
[  387s] ✅ CLOSE (PROFIT): $+0.30 [WIN] | Total: $+3.40
[  388s] 🎯 DELAY: BTC -0.196% K +0.0% → NO @ $0.10
[  388s] ✅ CLOSE (PROFIT): $+0.30 [WIN] | Total: $+3.70
[  420s] BRTI*: $79,058.64 (4ex, +0.076%) | K: 0.75/0.79 | P&L: $+3.70 (8)
[  480s] BRTI*: $78,980.09 (4ex, -0.036%) | K: 0.80/0.84 | P&L: $+3.70 (8)
[  540s] BRTI*: $78,991.37 (4ex, +0.009%) | K: 0.78/0.81 | P&L: $+3.70 (8)
[  600s] BRTI*: $78,975.60 (4ex, -0.001%) | K: 0.90/0.91 | P&L: $+3.70 (8)
[  660s] BRTI*: $78,944.09 (4ex, -0.014%) | K: 0.99/1.00 | P&L: $+3.70 (8)
[  673s] 🔄 Market transition: KXBTC15M-26FEB021230-30 → KXBTC15M-26FEB021245-45
[  674s] 🔄 Market transition: KXBTC15M-26FEB021245-45 → KXBTC15M-26FEB021245-45
[  675s] 🔄 Market transition: KXBTC15M-26FEB021245-45 → KXBTC15M-26FEB021245-45
[  676s] 🔄 Market transition: KXBTC15M-26FEB021245-45 → KXBTC15M-26FEB021245-45
[  677s] 🔄 Market transition: KXBTC15M-26FEB021245-45 → KXBTC15M-26FEB021245-45
[  720s] BRTI*: $78,954.17 (4ex, +0.027%) | K: 0.50/0.55 | P&L: $+3.70 (8)
[  780s] BRTI*: $79,023.05 (4ex, +0.043%) | K: 0.58/0.63 | P&L: $+3.70 (8)
[  840s] BRTI*: $79,087.89 (4ex, -0.004%) | K: 0.72/0.76 | P&L: $+3.70 (8)
[  900s] BRTI*: $79,016.53 (4ex, -0.051%) | K: 0.71/0.75 | P&L: $+3.70 (8)
[  961s] BRTI*: $79,038.22 (4ex, -0.020%) | K: 0.68/0.69 | P&L: $+3.70 (8)
[ 1021s] BRTI*: $78,986.14 (4ex, -0.108%) | K: 0.80/0.81 | P&L: $+3.70 (8)
[ 1035s] ⚡ CRASH: K dropped -33.8% → YES @ $0.55
[ 1065s] ❌ CLOSE (STOP): $-1.30 [LOSS] | Total: $+2.40
[ 1081s] BRTI*: $78,953.30 (4ex, +0.019%) | K: 0.42/0.43 | P&L: $+2.40 (9)
[ 1141s] BRTI*: $78,940.11 (4ex, +0.071%) | K: 0.38/0.39 | P&L: $+2.40 (9)
[ 1201s] BRTI*: $78,980.87 (4ex, -0.015%) | K: 0.61/0.64 | P&L: $+2.40 (9)
[ 1261s] BRTI*: $78,918.12 (4ex, +0.013%) | K: 0.41/0.44 | P&L: $+2.40 (9)
[ 1321s] BRTI*: $78,885.06 (4ex, -0.072%) | K: 0.35/0.36 | P&L: $+2.40 (9)
[ 1381s] BRTI*: $78,765.37 (4ex, -0.099%) | K: 0.08/0.10 | P&L: $+2.40 (9)
[ 1441s] BRTI*: $78,779.16 (4ex, +0.012%) | K: 0.05/0.06 | P&L: $+2.40 (9)
[ 1501s] BRTI*: $78,829.07 (4ex, +0.073%) | K: 0.02/0.03 | P&L: $+2.40 (9)
[ 1561s] BRTI*: $78,842.35 (4ex, +0.026%) | K: 0.00/0.01 | P&L: $+2.40 (9)
[ 1577s] 🔄 Market transition: KXBTC15M-26FEB021245-45 → KXBTC15M-26FEB021300-00
[ 1578s] 🔄 Market transition: KXBTC15M-26FEB021300-00 → KXBTC15M-26FEB021300-00
[ 1579s] 🔄 Market transition: KXBTC15M-26FEB021300-00 → KXBTC15M-26FEB021300-00
[ 1580s] 🔄 Market transition: KXBTC15M-26FEB021300-00 → KXBTC15M-26FEB021300-00
[ 1581s] 🔄 Market transition: KXBTC15M-26FEB021300-00 → KXBTC15M-26FEB021300-00
[ 1621s] BRTI*: $78,871.54 (4ex, +0.017%) | K: 0.55/0.58 | P&L: $+2.40 (9)
[ 1681s] BRTI*: $78,889.29 (4ex, +0.059%) | K: 0.49/0.51 | P&L: $+2.40 (9)
[ 1741s] BRTI*: $78,945.88 (4ex, -0.029%) | K: 0.66/0.69 | P&L: $+2.40 (9)
