2026-02-03T04:58:36.906320 
======================================================================
v7 — Research-Validated High-Frequency Validation Mode
======================================================================
Duration: 180min | Start: 04:58:36 UTC
Strategies: MR-High (≥0.6), Delay Arb (0.2%), Parity Arb, Endgame
Params: cooldown=5s, max_pos=5/mkt, timeout=180s
Goal: 50-100+ trades/hr for statistical validation
======================================================================

2026-02-03T04:58:37.907259 [    1s] 🔍 DEBUG KXBTC15M-26FEB030000-00: K=0.00 ask=0.01 ttc=82s can_enter=False(too_close)
2026-02-03T04:59:07.945273 [   31s] 🔍 DEBUG KXBTC15M-26FEB030000-00: K=0.00 ask=0.01 ttc=52s can_enter=False(too_close)
2026-02-03T04:59:36.979039 [   60s] BTC: $78,748.43 (+0.047%) | Brackets: 1 | Open: 0 | Trades: 0 (0.0/hr) | P&L: $+0.00
2026-02-03T04:59:37.980582 [   61s] 🔍 DEBUG KXBTC15M-26FEB030000-00: K=0.00 ask=0.01 ttc=22s can_enter=False(too_close)
2026-02-03T05:00:08.022619 [   91s] 🔍 DEBUG KXBTC15M-26FEB030000-00: K=0.00 ask=0.01 ttc=-8s can_enter=False(too_close)
2026-02-03T05:00:37.067534 [  120s] BTC: $78,742.90 (-0.007%) | Brackets: 1 | Open: 0 | Trades: 0 (0.0/hr) | P&L: $+0.00
2026-02-03T05:00:38.068848 [  121s] 🔍 DEBUG KXBTC15M-26FEB030015-15: K=0.28 ask=0.45 ttc=862s can_enter=False(spread_wide)
2026-02-03T05:00:53.085211 [  136s] 🏃 MOMENTUM KXBTC15M-26FEB030015-15: K@0.40 BTC -0.052% → NO@0.60
2026-02-03T05:01:08.113424 [  151s] 🔍 DEBUG KXBTC15M-26FEB030015-15: K=0.40 ask=0.44 ttc=832s can_enter=True(ok)
2026-02-03T05:01:37.157391 [  180s] BTC: $78,715.06 (-0.035%) | Brackets: 1 | Open: 1 | Trades: 0 (0.0/hr) | P&L: $+0.00
2026-02-03T05:01:38.158846 [  181s] 🔍 DEBUG KXBTC15M-26FEB030015-15: K=0.31 ask=0.36 ttc=802s can_enter=True(ok)
2026-02-03T05:02:08.216123 [  211s] 🔍 DEBUG KXBTC15M-26FEB030015-15: K=0.36 ask=0.38 ttc=772s can_enter=True(ok)
2026-02-03T05:02:14.227449 [  217s] ❌ momentum_follow KXBTC15M-26FEB030015-15 CLOSE (PROFIT): $-1.20 | Total: $-1.20
2026-02-03T05:02:19.233969 [  222s] 🚜 NO-FARM KXBTC15M-26FEB030015-15: K@0.27 → NO@0.73 (70% resolve NO)
2026-02-03T05:02:37.263407 [  240s] BTC: $78,673.67 (-0.053%) | Brackets: 1 | Open: 1 | Trades: 1 (15.0/hr) | P&L: $-1.20
2026-02-03T05:02:38.265239 [  241s] 🔍 DEBUG KXBTC15M-26FEB030015-15: K=0.27 ask=0.28 ttc=742s can_enter=True(ok)
2026-02-03T05:02:59.626484 
⚠️ SIGNAL: SIGTERM at 2026-02-03T05:02:59.626432
2026-02-03T05:03:00.307733 
======================================================================
v7 SUMMARY
======================================================================
Duration: 4min (0.1h)
Total Trades: 1
Trade Rate: 13.7/hr
P&L: $-1.20
Final Balance: $993.90

  momentum_follow:
    Trades: 1, Win Rate: 0%, P&L: $-1.20, Avg: $-1.200
======================================================================

