2026-02-03T18:10:59.722192 
======================================================================
v7 — Research-Validated High-Frequency Validation Mode
======================================================================
Duration: 720min | Start: 18:10:59 UTC
Strategies: MR-High (≥0.6), Delay Arb (0.2%), Parity Arb, Endgame
Params: cooldown=5s, max_pos=5/mkt, timeout=180s
Goal: 50-100+ trades/hr for statistical validation
======================================================================

2026-02-03T18:11:00.723587 [    1s] 🔍 DEBUG KXBTC15M-26FEB031315-15: K=0.54 ask=0.55 ttc=239s can_enter=True(ok)
2026-02-03T18:11:30.756600 [   31s] 🔍 DEBUG KXBTC15M-26FEB031315-15: K=0.53 ask=0.56 ttc=209s can_enter=True(ok)
2026-02-03T18:11:35.451033 
⚠️ SIGNAL: SIGTERM at 2026-02-03T18:11:35.450929
2026-02-03T18:11:35.761720 
======================================================================
v7 SUMMARY
======================================================================
Duration: 0min (0.0h)
Total Trades: 0
Trade Rate: 0.0/hr
P&L: $+0.00
Final Balance: $1000.00

======================================================================

