2026-02-03T18:11:36.842199 
======================================================================
v6 - RESEARCH-NOTES.md Improvements
======================================================================
Duration: 480min | Start: 18:11:36
Changes: BTC momentum filter, adaptive stop-loss, entry filters,
         mean reversion at extremes, market timing restrictions
Markets: 15min + Hourly
======================================================================

2026-02-03T18:12:36.936157 [   60s] BTC: $74,823.66 (4ex, -0.035%) | 15m: 0.49/0.51 | 1h: N/A | P&L: $+0.00 (0)
2026-02-03T18:13:37.016970 [  120s] BTC: $74,728.65 (4ex, -0.024%) | 15m: 0.21/0.25 | 1h: N/A | P&L: $+0.00 (0)
2026-02-03T18:14:37.082606 [  180s] BTC: $74,617.29 (4ex, +0.011%) | 15m: 0.00/0.01 | 1h: N/A | P&L: $+0.00 (0)
2026-02-03T18:15:10.127139 [  213s] 🔄 15M transition
2026-02-03T18:15:11.128543 [  214s] 🔄 15M transition
2026-02-03T18:15:12.130698 [  215s] 🔄 15M transition
2026-02-03T18:15:13.131670 [  216s] 🔄 15M transition
2026-02-03T18:15:14.132755 [  217s] 🔄 15M transition
2026-02-03T18:15:37.165438 [  240s] BTC: $74,605.91 (4ex, -0.005%) | 15m: 0.45/0.54 | 1h: N/A | P&L: $+0.00 (0)
2026-02-03T18:16:36.847898 [  300s] 💾 Checkpoint
2026-02-03T18:16:37.233934 [  300s] BTC: $74,636.02 (4ex, -0.006%) | 15m: 0.51/0.52 | 1h: N/A | P&L: $+0.00 (0)
2026-02-03T18:17:37.298221 [  360s] BTC: $74,570.16 (4ex, -0.011%) | 15m: 0.48/0.51 | 1h: N/A | P&L: $+0.00 (0)
2026-02-03T18:18:04.326491 [  387s] 🎯 15M DELAY: BTC +0.200% K +0.0% → YES@$0.45
2026-02-03T18:18:11.337601 [  394s] ✅ 15M delay_arb CLOSE (PROFIT): $+1.90 | Total: $+1.90
2026-02-03T18:18:37.371899 [  420s] BTC: $74,639.65 (4ex, +0.003%) | 15m: 0.64/0.67 | 1h: N/A | P&L: $+1.90 (1)
2026-02-03T18:19:37.439473 [  480s] BTC: $74,533.80 (4ex, -0.061%) | 15m: 0.50/0.51 | 1h: N/A | P&L: $+1.90 (1)
2026-02-03T18:20:01.461051 [  504s] 🎯 15M DELAY: BTC +0.151% K +0.0% → YES@$0.40
2026-02-03T18:20:12.484295 [  515s] ✅ 15M delay_arb CLOSE (PROFIT): $+2.50 | Total: $+4.40
2026-02-03T18:20:37.508885 [  540s] BTC: $74,562.51 (4ex, -0.119%) | 15m: 0.65/0.66 | 1h: N/A | P&L: $+4.40 (2)
2026-02-03T18:21:36.849440 [  600s] 💾 Checkpoint
2026-02-03T18:21:37.581609 [  600s] BTC: $74,593.80 (4ex, -0.015%) | 15m: 0.40/0.42 | 1h: N/A | P&L: $+4.40 (2)
2026-02-03T18:21:42.585179 [  605s] 🎯 15M DELAY: BTC -0.163% K +0.0% → NO@$0.60
2026-02-03T18:22:37.676006 [  660s] BTC: $74,548.64 (4ex, -0.093%) | 15m: 0.30/0.34 | 1h: N/A | P&L: $+4.40 (2)
2026-02-03T18:23:37.771296 [  720s] BTC: $74,363.71 (4ex, -0.039%) | 15m: 0.24/0.26 | 1h: N/A | P&L: $+4.40 (2)
2026-02-03T18:23:43.800207 [  726s] ❌ 15M delay_arb CLOSE (STOP(-25%)): $-2.50 | Total: $+1.90
2026-02-03T18:24:03.083501 
⚠️ SIGNAL RECEIVED: SIGTERM (signum=15) at 2026-02-03T18:24:03.083438
2026-02-03T18:24:03.821500 
======================================================================
SUMMARY
======================================================================
Duration: 12min | Signals: 3
Trades: 3 | P&L: $+1.90
delay_arb: 3 trades, 67% win, $+1.90
======================================================================

