2026-02-03T06:38:18.300922 
======================================================================
v6 - RESEARCH-NOTES.md Improvements
======================================================================
Duration: 540min | Start: 06:38:18
Changes: BTC momentum filter, adaptive stop-loss, entry filters,
         mean reversion at extremes, market timing restrictions
Markets: 15min + Hourly
======================================================================

2026-02-03T06:39:18.376384 [   60s] BTC: $78,439.17 (4ex, -0.113%) | 15m: 0.28/0.31 | 1h: N/A | P&L: $+0.00 (0)
2026-02-03T06:39:42.402236 [   84s] 📉 15M MEAN-REV: K@0.20 (extreme low) + BTC stable → YES
2026-02-03T06:39:59.428020 [  101s] ❌ 15M mean_reversion_low CLOSE (STOP(-25%)): $-1.00 | Total: $-1.00
2026-02-03T06:40:18.452204 [  120s] BTC: $78,403.10 (4ex, -0.046%) | 15m: 0.10/0.11 | 1h: N/A | P&L: $-1.00 (1)
2026-02-03T06:41:18.514540 [  180s] BTC: $78,447.71 (4ex, +0.057%) | 15m: 0.20/0.23 | 1h: N/A | P&L: $-1.00 (1)
2026-02-03T06:42:18.602882 [  240s] BTC: $78,447.96 (4ex, +0.000%) | 15m: 0.12/0.15 | 1h: N/A | P&L: $-1.00 (1)
2026-02-03T06:43:18.308575 [  300s] 💾 Checkpoint
2026-02-03T06:43:18.669261 [  300s] BTC: $78,451.78 (4ex, +0.011%) | 15m: 0.24/0.28 | 1h: N/A | P&L: $-1.00 (1)
2026-02-03T06:44:18.743966 [  360s] BTC: $78,418.11 (4ex, -0.043%) | 15m: 0.02/0.07 | 1h: N/A | P&L: $-1.00 (1)
2026-02-03T06:45:01.794277 [  403s] 🔄 15M transition
2026-02-03T06:45:02.801527 [  404s] 🔄 15M transition
2026-02-03T06:45:03.802662 [  405s] 🔄 15M transition
2026-02-03T06:45:04.803291 [  406s] 🔄 15M transition
2026-02-03T06:45:05.804924 [  407s] 🔄 15M transition
2026-02-03T06:45:18.819506 [  420s] BTC: $78,421.81 (4ex, +0.005%) | 15m: 0.45/0.55 | 1h: N/A | P&L: $-1.00 (1)
2026-02-03T06:46:18.877538 [  480s] BTC: $78,440.83 (4ex, +0.026%) | 15m: 0.61/0.62 | 1h: N/A | P&L: $-1.00 (1)
2026-02-03T06:47:18.950202 [  540s] BTC: $78,460.71 (4ex, +0.025%) | 15m: 0.58/0.60 | 1h: N/A | P&L: $-1.00 (1)
2026-02-03T06:48:18.310416 [  600s] 💾 Checkpoint
2026-02-03T06:48:19.017564 [  600s] BTC: $78,533.68 (4ex, +0.091%) | 15m: 0.81/0.83 | 1h: N/A | P&L: $-1.00 (1)
2026-02-03T06:48:38.041004 [  619s] 📈 15M MEAN-REV: K@0.88 (extreme high) + BTC stable → NO
2026-02-03T06:48:38.041488 [  619s] ✅ 15M mean_reversion_high CLOSE (PROFIT): $+0.10 | Total: $-0.90
2026-02-03T06:49:19.091029 [  660s] BTC: $78,522.39 (4ex, -0.039%) | 15m: 0.76/0.77 | 1h: N/A | P&L: $-0.90 (2)
2026-02-03T06:50:19.166780 [  720s] BTC: $78,509.31 (4ex, -0.017%) | 15m: 0.74/0.77 | 1h: N/A | P&L: $-0.90 (2)
2026-02-03T06:51:19.237196 [  780s] BTC: $78,523.25 (4ex, +0.039%) | 15m: 0.74/0.77 | 1h: N/A | P&L: $-0.90 (2)
2026-02-03T06:52:05.291401 [  826s] 📈 15M MEAN-REV: K@0.81 (extreme high) + BTC stable → NO
2026-02-03T06:52:19.313664 [  841s] BTC: $78,547.17 (4ex, +0.030%) | 15m: 0.81/0.82 | 1h: N/A | P&L: $-0.90 (2)
2026-02-03T06:52:35.336944 [  857s] ✅ 15M mean_reversion_high CLOSE (PROFIT): $+0.30 | Total: $-0.60
2026-02-03T06:53:18.313374 [  900s] 💾 Checkpoint
2026-02-03T06:53:19.391407 [  901s] BTC: $78,518.04 (4ex, -0.037%) | 15m: 0.81/0.84 | 1h: N/A | P&L: $-0.60 (3)
2026-02-03T06:53:35.409251 [  917s] 📈 15M MEAN-REV: K@0.81 (extreme high) + BTC stable → NO
2026-02-03T06:53:35.409691 [  917s] ✅ 15M mean_reversion_high CLOSE (PROFIT): $+0.30 | Total: $-0.30
2026-02-03T06:54:19.466568 [  961s] BTC: $78,522.13 (4ex, +0.005%) | 15m: 0.83/0.85 | 1h: N/A | P&L: $-0.30 (4)
2026-02-03T06:54:35.487370 [  977s] 📈 15M MEAN-REV: K@0.84 (extreme high) + BTC stable → NO
2026-02-03T06:55:06.555042 [ 1008s] ✅ 15M mean_reversion_high CLOSE (PROFIT): $+0.80 | Total: $+0.50
2026-02-03T06:55:19.567911 [ 1021s] BTC: $78,524.25 (4ex, +0.003%) | 15m: 0.91/0.92 | 1h: N/A | P&L: $+0.50 (5)
2026-02-03T06:56:19.638377 [ 1081s] BTC: $78,525.56 (4ex, +0.002%) | 15m: 0.92/0.95 | 1h: N/A | P&L: $+0.50 (5)
2026-02-03T06:57:19.694833 [ 1141s] BTC: $78,507.54 (4ex, -0.004%) | 15m: 0.90/0.91 | 1h: N/A | P&L: $+0.50 (5)
2026-02-03T06:58:18.315805 [ 1200s] 💾 Checkpoint
2026-02-03T06:58:19.753885 [ 1201s] BTC: $78,520.34 (4ex, +0.017%) | 15m: 0.98/0.99 | 1h: N/A | P&L: $+0.50 (5)
2026-02-03T06:59:19.816434 [ 1261s] BTC: $78,521.28 (4ex, +0.001%) | 15m: 0.99/1.00 | 1h: N/A | P&L: $+0.50 (5)
2026-02-03T07:00:08.868118 [ 1310s] 🔄 15M transition
2026-02-03T07:00:09.869158 [ 1311s] 🔄 15M transition
2026-02-03T07:00:10.871096 [ 1312s] 🔄 15M transition
2026-02-03T07:00:11.872576 [ 1313s] 🔄 15M transition
2026-02-03T07:00:12.874573 [ 1314s] 🔄 15M transition
2026-02-03T07:00:19.882947 [ 1321s] BTC: $78,516.11 (4ex, -0.007%) | 15m: 0.45/0.55 | 1h: N/A | P&L: $+0.50 (5)
2026-02-03T07:01:19.950584 [ 1381s] BTC: $78,504.15 (4ex, -0.015%) | 15m: 0.44/0.47 | 1h: N/A | P&L: $+0.50 (5)
2026-02-03T07:02:20.020962 [ 1441s] BTC: $78,510.38 (4ex, +0.012%) | 15m: 0.37/0.41 | 1h: N/A | P&L: $+0.50 (5)
2026-02-03T07:03:18.317697 [ 1500s] 💾 Checkpoint
2026-02-03T07:03:20.107118 [ 1501s] BTC: $78,493.46 (4ex, -0.022%) | 15m: 0.37/0.40 | 1h: N/A | P&L: $+0.50 (5)
2026-02-03T07:04:20.184668 [ 1561s] BTC: $78,499.64 (4ex, +0.008%) | 15m: 0.38/0.42 | 1h: N/A | P&L: $+0.50 (5)
2026-02-03T07:05:20.256859 [ 1621s] BTC: $78,510.32 (4ex, +0.014%) | 15m: 0.34/0.37 | 1h: N/A | P&L: $+0.50 (5)
2026-02-03T07:06:20.328699 [ 1682s] BTC: $78,543.51 (4ex, +0.041%) | 15m: 0.52/0.56 | 1h: N/A | P&L: $+0.50 (5)
2026-02-03T07:07:20.395472 [ 1742s] BTC: $78,628.67 (4ex, +0.048%) | 15m: 0.77/0.79 | 1h: N/A | P&L: $+0.50 (5)
2026-02-03T07:08:18.319920 [ 1800s] 💾 Checkpoint
2026-02-03T07:08:20.484412 [ 1802s] BTC: $78,624.62 (4ex, -0.004%) | 15m: 0.77/0.82 | 1h: N/A | P&L: $+0.50 (5)
2026-02-03T07:09:03.537110 [ 1845s] 🎯 15M DELAY: BTC +0.152% K +0.0% → YES@$0.91
2026-02-03T07:09:20.563857 [ 1862s] BTC: $78,722.70 (4ex, +0.035%) | 15m: 0.94/0.95 | 1h: N/A | P&L: $+0.50 (5)
2026-02-03T07:10:20.662541 [ 1922s] BTC: $78,725.05 (4ex, +0.003%) | 15m: 0.94/0.96 | 1h: N/A | P&L: $+0.50 (5)
2026-02-03T07:11:20.757486 [ 1982s] BTC: $78,721.98 (4ex, -0.004%) | 15m: 0.94/0.98 | 1h: N/A | P&L: $+0.50 (5)
2026-02-03T07:12:14.843113 [ 2036s] ✅ 15M delay_arb CLOSE (PROFIT): $+0.80 | Total: $+1.30
2026-02-03T07:12:20.848980 [ 2042s] BTC: $78,803.43 (4ex, +0.098%) | 15m: 0.99/1.00 | 1h: N/A | P&L: $+1.30 (6)
2026-02-03T07:13:18.323198 [ 2100s] 💾 Checkpoint
2026-02-03T07:13:20.918127 [ 2102s] BTC: $78,816.69 (4ex, +0.016%) | 15m: 0.99/1.00 | 1h: N/A | P&L: $+1.30 (6)
2026-02-03T07:14:21.000134 [ 2162s] BTC: $78,744.47 (4ex, -0.028%) | 15m: 0.99/1.00 | 1h: N/A | P&L: $+1.30 (6)
2026-02-03T07:15:16.079379 [ 2217s] 🔄 15M transition
2026-02-03T07:15:17.080840 [ 2218s] 🔄 15M transition
2026-02-03T07:15:18.083285 [ 2219s] 🔄 15M transition
2026-02-03T07:15:19.084112 [ 2220s] 🔄 15M transition
2026-02-03T07:15:20.085104 [ 2221s] 🔄 15M transition
2026-02-03T07:15:21.086689 [ 2222s] BTC: $78,729.80 (4ex, -0.007%) | 15m: 0.16/0.45 | 1h: N/A | P&L: $+1.30 (6)
2026-02-03T07:16:21.155172 [ 2282s] BTC: $78,707.82 (4ex, -0.028%) | 15m: 0.40/0.44 | 1h: N/A | P&L: $+1.30 (6)
2026-02-03T07:17:21.227226 [ 2342s] BTC: $78,713.36 (4ex, +0.011%) | 15m: 0.37/0.40 | 1h: N/A | P&L: $+1.30 (6)
2026-02-03T07:18:18.326287 [ 2400s] 💾 Checkpoint
2026-02-03T07:18:21.290210 [ 2402s] BTC: $78,648.90 (4ex, -0.082%) | 15m: 0.23/0.27 | 1h: N/A | P&L: $+1.30 (6)
2026-02-03T07:18:47.341102 [ 2429s] 📉 15M MEAN-REV: K@0.20 (extreme low) + BTC stable → YES
2026-02-03T07:19:18.388565 [ 2460s] ❌ 15M mean_reversion_low CLOSE (STOP(-25%)): $-0.90 | Total: $+0.40
2026-02-03T07:19:21.391837 [ 2463s] BTC: $78,587.59 (4ex, -0.078%) | 15m: 0.11/0.13 | 1h: N/A | P&L: $+0.40 (7)
2026-02-03T07:20:18.446175 [ 2520s] 📉 15M MEAN-REV: K@0.21 (extreme low) + BTC stable → YES
2026-02-03T07:20:21.450095 [ 2523s] BTC: $78,620.07 (4ex, +0.040%) | 15m: 0.18/0.21 | 1h: N/A | P&L: $+0.40 (7)
2026-02-03T07:21:19.535360 [ 2581s] ✅ 15M mean_reversion_low CLOSE (PROFIT): $+0.50 | Total: $+0.90
2026-02-03T07:21:21.538759 [ 2583s] BTC: $78,664.94 (4ex, +0.057%) | 15m: 0.26/0.30 | 1h: N/A | P&L: $+0.90 (8)
2026-02-03T07:22:21.611438 [ 2643s] BTC: $78,667.76 (4ex, +0.004%) | 15m: 0.28/0.32 | 1h: N/A | P&L: $+0.90 (8)
2026-02-03T07:23:18.328343 [ 2700s] 💾 Checkpoint
2026-02-03T07:23:19.678692 [ 2701s] 📉 15M MEAN-REV: K@0.15 (extreme low) + BTC stable → YES
2026-02-03T07:23:21.683021 [ 2703s] BTC: $78,630.46 (4ex, -0.053%) | 15m: 0.14/0.15 | 1h: N/A | P&L: $+0.90 (8)
2026-02-03T07:24:20.780628 [ 2762s] ❌ 15M mean_reversion_low CLOSE (STOP(-25%)): $-0.70 | Total: $+0.20
2026-02-03T07:24:21.781355 [ 2763s] BTC: $78,611.17 (4ex, -0.025%) | 15m: 0.08/0.11 | 1h: N/A | P&L: $+0.20 (9)
2026-02-03T07:25:21.850150 [ 2823s] BTC: $78,633.14 (4ex, +0.028%) | 15m: 0.09/0.10 | 1h: N/A | P&L: $+0.20 (9)
2026-02-03T07:26:21.924749 [ 2883s] BTC: $78,695.11 (4ex, +0.066%) | 15m: 0.36/0.39 | 1h: N/A | P&L: $+0.20 (9)
2026-02-03T07:27:21.988517 [ 2943s] BTC: $78,670.18 (4ex, -0.029%) | 15m: 0.13/0.16 | 1h: N/A | P&L: $+0.20 (9)
2026-02-03T07:28:18.330943 [ 3000s] 💾 Checkpoint
2026-02-03T07:28:22.059393 [ 3003s] BTC: $78,632.02 (4ex, -0.049%) | 15m: 0.05/0.07 | 1h: N/A | P&L: $+0.20 (9)
2026-02-03T07:29:22.134642 [ 3063s] BTC: $78,622.89 (4ex, -0.001%) | 15m: 0.02/0.05 | 1h: N/A | P&L: $+0.20 (9)
2026-02-03T07:30:22.226413 [ 3123s] BTC: $78,626.76 (4ex, +0.005%) | 15m: 0.00/0.01 | 1h: N/A | P&L: $+0.20 (9)
2026-02-03T07:30:24.230013 [ 3125s] 🔄 15M transition
2026-02-03T07:30:25.232077 [ 3126s] 🔄 15M transition
2026-02-03T07:30:26.233274 [ 3127s] 🔄 15M transition
2026-02-03T07:30:27.235290 [ 3128s] 🔄 15M transition
2026-02-03T07:30:28.237236 [ 3129s] 🔄 15M transition
2026-02-03T07:31:22.309846 [ 3184s] BTC: $78,675.73 (4ex, +0.062%) | 15m: 0.48/0.50 | 1h: N/A | P&L: $+0.20 (9)
2026-02-03T07:32:22.380214 [ 3244s] BTC: $78,747.40 (4ex, +0.091%) | 15m: 0.65/0.66 | 1h: N/A | P&L: $+0.20 (9)
2026-02-03T07:33:18.332924 [ 3300s] 💾 Checkpoint
2026-02-03T07:33:22.452751 [ 3304s] BTC: $78,759.98 (4ex, -0.011%) | 15m: 0.77/0.80 | 1h: N/A | P&L: $+0.20 (9)
2026-02-03T07:33:25.456135 [ 3307s] 📈 15M MEAN-REV: K@0.82 (extreme high) + BTC stable → NO
2026-02-03T07:33:25.456632 [ 3307s] ✅ 15M mean_reversion_high CLOSE (PROFIT): $+0.30 | Total: $+0.50
2026-02-03T07:34:22.520072 [ 3364s] BTC: $78,767.39 (4ex, +0.012%) | 15m: 0.81/0.85 | 1h: N/A | P&L: $+0.50 (10)
2026-02-03T07:34:25.522715 [ 3367s] 📈 15M MEAN-REV: K@0.85 (extreme high) + BTC stable → NO
2026-02-03T07:34:56.580266 [ 3398s] ✅ 15M mean_reversion_high CLOSE (PROFIT): $+0.30 | Total: $+0.80
2026-02-03T07:35:22.606656 [ 3424s] BTC: $78,761.17 (4ex, -0.002%) | 15m: 0.86/0.88 | 1h: N/A | P&L: $+0.80 (11)
2026-02-03T07:35:56.650983 [ 3458s] 📈 15M MEAN-REV: K@0.91 (extreme high) + BTC stable → NO
2026-02-03T07:35:56.651489 [ 3458s] ✅ 15M mean_reversion_high CLOSE (PROFIT): $+0.30 | Total: $+1.10
2026-02-03T07:36:22.680748 [ 3484s] BTC: $78,834.89 (4ex, +0.057%) | 15m: 0.91/0.94 | 1h: N/A | P&L: $+1.10 (12)
2026-02-03T07:36:56.722031 [ 3518s] 📈 15M MEAN-REV: K@0.91 (extreme high) + BTC stable → NO
2026-02-03T07:36:56.722379 [ 3518s] ✅ 15M mean_reversion_high CLOSE (PROFIT): $+0.10 | Total: $+1.20
2026-02-03T07:37:22.769549 [ 3544s] BTC: $78,759.30 (4ex, -0.066%) | 15m: 0.91/0.92 | 1h: N/A | P&L: $+1.20 (13)
2026-02-03T07:37:56.805934 [ 3578s] 📈 15M MEAN-REV: K@0.82 (extreme high) + BTC stable → NO
2026-02-03T07:37:56.806517 [ 3578s] ✅ 15M mean_reversion_high CLOSE (PROFIT): $+0.30 | Total: $+1.50
2026-02-03T07:38:18.335716 [ 3600s] 💾 Checkpoint
2026-02-03T07:38:22.838384 [ 3604s] BTC: $78,800.50 (4ex, +0.052%) | 15m: 0.89/0.91 | 1h: N/A | P&L: $+1.50 (14)
2026-02-03T07:38:56.882345 [ 3638s] 📈 15M MEAN-REV: K@0.90 (extreme high) + BTC stable → NO
2026-02-03T07:38:56.882842 [ 3638s] ✅ 15M mean_reversion_high CLOSE (PROFIT): $+0.20 | Total: $+1.70
2026-02-03T07:39:22.907971 [ 3664s] BTC: $78,795.04 (4ex, -0.005%) | 15m: 0.90/0.92 | 1h: N/A | P&L: $+1.70 (15)
2026-02-03T07:39:56.949475 [ 3698s] 📈 15M MEAN-REV: K@0.90 (extreme high) + BTC stable → NO
2026-02-03T07:39:56.950021 [ 3698s] ✅ 15M mean_reversion_high CLOSE (PROFIT): $+0.20 | Total: $+1.90
2026-02-03T07:40:22.981290 [ 3724s] BTC: $78,787.60 (4ex, -0.009%) | 15m: 0.90/0.92 | 1h: N/A | P&L: $+1.90 (16)
2026-02-03T07:41:23.047577 [ 3784s] BTC: $78,738.63 (4ex, -0.062%) | 15m: 0.90/0.93 | 1h: N/A | P&L: $+1.90 (16)
2026-02-03T07:42:23.124352 [ 3844s] BTC: $78,733.49 (4ex, -0.007%) | 15m: 0.93/0.94 | 1h: N/A | P&L: $+1.90 (16)
2026-02-03T07:43:18.339397 [ 3900s] 💾 Checkpoint
2026-02-03T07:43:23.198446 [ 3904s] BTC: $78,725.84 (4ex, -0.010%) | 15m: 0.97/0.99 | 1h: N/A | P&L: $+1.90 (16)
2026-02-03T07:44:23.263044 [ 3964s] BTC: $78,761.50 (4ex, +0.045%) | 15m: 0.99/1.00 | 1h: N/A | P&L: $+1.90 (16)
2026-02-03T07:45:23.335836 [ 4025s] BTC: $78,773.39 (4ex, +0.015%) | 15m: 0.99/1.00 | 1h: N/A | P&L: $+1.90 (16)
2026-02-03T07:45:31.343744 [ 4033s] 🔄 15M transition
2026-02-03T07:45:32.345085 [ 4034s] 🔄 15M transition
2026-02-03T07:45:33.345872 [ 4035s] 🔄 15M transition
2026-02-03T07:45:34.347138 [ 4036s] 🔄 15M transition
2026-02-03T07:45:35.348381 [ 4037s] 🔄 15M transition
2026-02-03T07:46:23.403439 [ 4085s] BTC: $78,745.93 (4ex, -0.035%) | 15m: 0.47/0.51 | 1h: N/A | P&L: $+1.90 (16)
2026-02-03T07:47:23.468328 [ 4145s] BTC: $78,753.02 (4ex, +0.009%) | 15m: 0.49/0.53 | 1h: N/A | P&L: $+1.90 (16)
2026-02-03T07:48:18.343189 [ 4200s] 💾 Checkpoint
2026-02-03T07:48:23.545349 [ 4205s] BTC: $78,749.10 (4ex, -0.005%) | 15m: 0.46/0.47 | 1h: N/A | P&L: $+1.90 (16)
2026-02-03T07:49:23.612868 [ 4265s] BTC: $78,746.07 (4ex, -0.005%) | 15m: 0.43/0.44 | 1h: N/A | P&L: $+1.90 (16)
2026-02-03T07:50:23.687532 [ 4325s] BTC: $78,783.65 (4ex, +0.050%) | 15m: 0.61/0.63 | 1h: N/A | P&L: $+1.90 (16)
2026-02-03T07:51:23.760506 [ 4385s] BTC: $78,726.13 (4ex, -0.073%) | 15m: 0.41/0.44 | 1h: N/A | P&L: $+1.90 (16)
2026-02-03T07:52:23.831923 [ 4445s] BTC: $78,699.35 (4ex, -0.035%) | 15m: 0.28/0.30 | 1h: N/A | P&L: $+1.90 (16)
2026-02-03T07:53:18.346275 [ 4500s] 💾 Checkpoint
2026-02-03T07:53:23.898107 [ 4505s] BTC: $78,710.14 (4ex, +0.014%) | 15m: 0.23/0.24 | 1h: N/A | P&L: $+1.90 (16)
2026-02-03T07:53:34.912520 [ 4516s] 📉 15M MEAN-REV: K@0.18 (extreme low) + BTC stable → YES
2026-02-03T07:54:23.994147 [ 4565s] BTC: $78,707.04 (4ex, -0.004%) | 15m: 0.16/0.19 | 1h: N/A | P&L: $+1.90 (16)
2026-02-03T07:55:24.093513 [ 4625s] BTC: $78,702.12 (4ex, -0.006%) | 15m: 0.16/0.18 | 1h: N/A | P&L: $+1.90 (16)
2026-02-03T07:55:36.136544 [ 4637s] ❌ 15M mean_reversion_low CLOSE (STOP(-25%)): $-0.50 | Total: $+1.40
2026-02-03T07:56:24.192128 [ 4685s] BTC: $78,681.16 (4ex, -0.027%) | 15m: 0.07/0.10 | 1h: N/A | P&L: $+1.40 (17)
2026-02-03T07:57:24.266204 [ 4745s] BTC: $78,755.78 (4ex, +0.095%) | 15m: 0.05/0.06 | 1h: N/A | P&L: $+1.40 (17)
2026-02-03T07:58:18.349198 [ 4800s] 💾 Checkpoint
2026-02-03T07:58:24.336396 [ 4806s] BTC: $78,710.90 (4ex, -0.049%) | 15m: 0.07/0.08 | 1h: N/A | P&L: $+1.40 (17)
2026-02-03T07:59:24.408137 [ 4866s] BTC: $78,672.91 (4ex, -0.048%) | 15m: 0.00/0.01 | 1h: N/A | P&L: $+1.40 (17)
2026-02-03T08:00:08.459151 [ 4910s] 🔄 15M transition
2026-02-03T08:00:09.460561 [ 4911s] 🔄 15M transition
2026-02-03T08:00:10.462175 [ 4912s] 🔄 15M transition
2026-02-03T08:00:11.464471 [ 4913s] 🔄 15M transition
2026-02-03T08:00:12.466161 [ 4914s] 🔄 15M transition
2026-02-03T08:00:24.481035 [ 4926s] BTC: $78,729.60 (4ex, +0.072%) | 15m: 0.45/0.55 | 1h: N/A | P&L: $+1.40 (17)
2026-02-03T08:01:24.556085 [ 4986s] BTC: $78,781.02 (4ex, +0.065%) | 15m: 0.72/0.76 | 1h: N/A | P&L: $+1.40 (17)
2026-02-03T08:02:00.602210 [ 5022s] 📈 15M MEAN-REV: K@0.82 (extreme high) + BTC stable → NO
2026-02-03T08:02:00.602874 [ 5022s] ✅ 15M mean_reversion_high CLOSE (PROFIT): $+0.30 | Total: $+1.70
2026-02-03T08:02:24.627026 [ 5046s] BTC: $78,799.72 (4ex, -0.026%) | 15m: 0.81/0.85 | 1h: N/A | P&L: $+1.70 (18)
2026-02-03T08:03:00.672123 [ 5082s] 🎯 15M DELAY: BTC -0.157% K +0.0% → NO@$0.35
2026-02-03T08:03:00.672645 [ 5082s] ✅ 15M delay_arb CLOSE (PROFIT): $+0.30 | Total: $+2.00
2026-02-03T08:03:18.352454 [ 5100s] 💾 Checkpoint
2026-02-03T08:03:24.700913 [ 5106s] BTC: $78,655.30 (4ex, -0.134%) | 15m: 0.53/0.57 | 1h: N/A | P&L: $+2.00 (19)
2026-02-03T08:04:24.774660 [ 5166s] BTC: $78,698.38 (4ex, +0.055%) | 15m: 0.56/0.60 | 1h: N/A | P&L: $+2.00 (19)
2026-02-03T08:05:24.867297 [ 5226s] BTC: $78,726.09 (4ex, +0.035%) | 15m: 0.63/0.68 | 1h: N/A | P&L: $+2.00 (19)
2026-02-03T08:06:24.938386 [ 5286s] BTC: $78,698.83 (4ex, -0.031%) | 15m: 0.60/0.65 | 1h: N/A | P&L: $+2.00 (19)
2026-02-03T08:07:25.018743 [ 5346s] BTC: $78,639.73 (4ex, -0.075%) | 15m: 0.38/0.42 | 1h: N/A | P&L: $+2.00 (19)
2026-02-03T08:08:18.356359 [ 5400s] 💾 Checkpoint
2026-02-03T08:08:25.106039 [ 5406s] BTC: $78,691.45 (4ex, +0.064%) | 15m: 0.50/0.55 | 1h: N/A | P&L: $+2.00 (19)
2026-02-03T08:09:25.178196 [ 5466s] BTC: $78,671.45 (4ex, -0.024%) | 15m: 0.48/0.51 | 1h: N/A | P&L: $+2.00 (19)
2026-02-03T08:10:25.258112 [ 5526s] BTC: $78,586.83 (4ex, -0.103%) | 15m: 0.11/0.13 | 1h: N/A | P&L: $+2.00 (19)
2026-02-03T08:11:25.329129 [ 5587s] BTC: $78,561.13 (4ex, -0.028%) | 15m: 0.10/0.12 | 1h: N/A | P&L: $+2.00 (19)
2026-02-03T08:12:25.407423 [ 5647s] BTC: $78,556.27 (4ex, -0.007%) | 15m: 0.05/0.07 | 1h: N/A | P&L: $+2.00 (19)
2026-02-03T08:13:18.360349 [ 5700s] 💾 Checkpoint
2026-02-03T08:13:25.485446 [ 5707s] BTC: $78,566.51 (4ex, +0.013%) | 15m: 0.03/0.04 | 1h: N/A | P&L: $+2.00 (19)
2026-02-03T08:14:25.562095 [ 5767s] BTC: $78,457.32 (4ex, -0.132%) | 15m: 0.00/0.01 | 1h: N/A | P&L: $+2.00 (19)
2026-02-03T08:15:15.615147 [ 5817s] 🔄 15M transition
2026-02-03T08:15:16.616980 [ 5818s] 🔄 15M transition
2026-02-03T08:15:17.618718 [ 5819s] 🔄 15M transition
2026-02-03T08:15:18.620040 [ 5820s] 🔄 15M transition
2026-02-03T08:15:19.620996 [ 5821s] 🔄 15M transition
2026-02-03T08:15:25.625544 [ 5827s] BTC: $78,443.13 (4ex, -0.017%) | 15m: 0.45/0.55 | 1h: N/A | P&L: $+2.00 (19)
2026-02-03T08:16:25.687595 [ 5887s] BTC: $78,421.31 (4ex, -0.032%) | 15m: 0.42/0.43 | 1h: N/A | P&L: $+2.00 (19)
2026-02-03T08:17:25.745678 [ 5947s] BTC: $78,497.29 (4ex, +0.097%) | 15m: 0.63/0.64 | 1h: N/A | P&L: $+2.00 (19)
2026-02-03T08:18:18.363505 [ 6000s] 💾 Checkpoint
2026-02-03T08:18:25.811701 [ 6007s] BTC: $78,572.48 (4ex, +0.096%) | 15m: 0.78/0.82 | 1h: N/A | P&L: $+2.00 (19)
2026-02-03T08:19:08.855585 [ 6050s] 📈 15M MEAN-REV: K@0.84 (extreme high) + BTC stable → NO
2026-02-03T08:19:08.856251 [ 6050s] ✅ 15M mean_reversion_high CLOSE (PROFIT): $+0.30 | Total: $+2.30
2026-02-03T08:19:25.876357 [ 6067s] BTC: $78,597.48 (4ex, +0.032%) | 15m: 0.84/0.86 | 1h: N/A | P&L: $+2.30 (20)
2026-02-03T08:20:08.925976 [ 6110s] 📈 15M MEAN-REV: K@0.90 (extreme high) + BTC stable → NO
2026-02-03T08:20:08.926531 [ 6110s] ✅ 15M mean_reversion_high CLOSE (PROFIT): $+0.30 | Total: $+2.60
2026-02-03T08:20:25.942745 [ 6127s] BTC: $78,636.10 (4ex, +0.049%) | 15m: 0.86/0.88 | 1h: N/A | P&L: $+2.60 (21)
2026-02-03T08:21:08.990995 [ 6170s] 📈 15M MEAN-REV: K@0.86 (extreme high) + BTC stable → NO
2026-02-03T08:21:26.017893 [ 6187s] BTC: $78,641.39 (4ex, +0.007%) | 15m: 0.86/0.87 | 1h: N/A | P&L: $+2.60 (21)
2026-02-03T08:21:49.055864 [ 6210s] ✅ 15M mean_reversion_high CLOSE (PROFIT): $+0.40 | Total: $+3.00
2026-02-03T08:22:26.096120 [ 6247s] BTC: $78,663.04 (4ex, +0.027%) | 15m: 0.90/0.93 | 1h: N/A | P&L: $+3.00 (22)
2026-02-03T08:22:49.119265 [ 6270s] 📈 15M MEAN-REV: K@0.90 (extreme high) + BTC stable → NO
2026-02-03T08:22:49.119762 [ 6270s] ✅ 15M mean_reversion_high CLOSE (PROFIT): $+0.30 | Total: $+3.30
2026-02-03T08:23:18.366654 [ 6300s] 💾 Checkpoint
2026-02-03T08:23:26.157577 [ 6307s] BTC: $78,639.10 (4ex, -0.030%) | 15m: 0.90/0.93 | 1h: N/A | P&L: $+3.30 (23)
2026-02-03T08:23:49.183349 [ 6330s] 📈 15M MEAN-REV: K@0.90 (extreme high) + BTC stable → NO
2026-02-03T08:23:49.183884 [ 6330s] ✅ 15M mean_reversion_high CLOSE (PROFIT): $+0.30 | Total: $+3.60
2026-02-03T08:24:26.222208 [ 6367s] BTC: $78,747.33 (4ex, +0.138%) | 15m: 0.96/0.97 | 1h: N/A | P&L: $+3.60 (24)
2026-02-03T08:25:26.289045 [ 6427s] BTC: $78,874.25 (4ex, +0.157%) | 15m: 0.99/1.00 | 1h: N/A | P&L: $+3.60 (24)
2026-02-03T08:26:26.354845 [ 6488s] BTC: $78,863.67 (4ex, -0.052%) | 15m: 0.99/1.00 | 1h: N/A | P&L: $+3.60 (24)
2026-02-03T08:27:26.415065 [ 6548s] BTC: $78,876.62 (4ex, +0.004%) | 15m: 0.99/1.00 | 1h: N/A | P&L: $+3.60 (24)
2026-02-03T08:28:18.371693 [ 6600s] 💾 Checkpoint
2026-02-03T08:28:26.479357 [ 6608s] BTC: $78,871.95 (4ex, -0.006%) | 15m: 0.99/1.00 | 1h: N/A | P&L: $+3.60 (24)
2026-02-03T08:29:26.541729 [ 6668s] BTC: $78,873.91 (4ex, +0.002%) | 15m: 0.99/1.00 | 1h: N/A | P&L: $+3.60 (24)
2026-02-03T08:30:23.606981 [ 6725s] 🔄 15M transition
2026-02-03T08:30:24.607980 [ 6726s] 🔄 15M transition
2026-02-03T08:30:25.609521 [ 6727s] 🔄 15M transition
2026-02-03T08:30:26.611050 [ 6728s] 🔄 15M transition
2026-02-03T08:30:26.611128 [ 6728s] BTC: $78,819.19 (4ex, -0.069%) | 15m: 0.44/0.45 | 1h: N/A | P&L: $+3.60 (24)
2026-02-03T08:30:27.612178 [ 6729s] 🔄 15M transition
2026-02-03T08:31:26.692685 [ 6788s] BTC: $78,868.12 (4ex, +0.062%) | 15m: 0.57/0.60 | 1h: N/A | P&L: $+3.60 (24)
2026-02-03T08:32:12.743035 [ 6834s] 🎯 15M DELAY: BTC -0.155% K +0.0% → NO@$0.74
2026-02-03T08:32:26.766508 [ 6848s] BTC: $78,774.40 (4ex, -0.120%) | 15m: 0.26/0.29 | 1h: N/A | P&L: $+3.60 (24)
2026-02-03T08:32:39.787315 [ 6861s] ✅ 15M delay_arb CLOSE (PROFIT): $+1.00 | Total: $+4.60
2026-02-03T08:33:18.375564 [ 6900s] 💾 Checkpoint
2026-02-03T08:33:26.851468 [ 6908s] BTC: $78,781.78 (4ex, +0.009%) | 15m: 0.32/0.34 | 1h: N/A | P&L: $+4.60 (25)
2026-02-03T08:34:26.922842 [ 6968s] BTC: $78,808.46 (4ex, +0.032%) | 15m: 0.35/0.36 | 1h: N/A | P&L: $+4.60 (25)
2026-02-03T08:35:26.996771 [ 7028s] BTC: $78,871.45 (4ex, +0.080%) | 15m: 0.46/0.50 | 1h: N/A | P&L: $+4.60 (25)
2026-02-03T08:36:27.077271 [ 7088s] BTC: $78,926.24 (4ex, +0.059%) | 15m: 0.72/0.73 | 1h: N/A | P&L: $+4.60 (25)
2026-02-03T08:37:27.142755 [ 7148s] BTC: $78,947.48 (4ex, +0.027%) | 15m: 0.73/0.74 | 1h: N/A | P&L: $+4.60 (25)
2026-02-03T08:38:18.380473 [ 7200s] 💾 Checkpoint
2026-02-03T08:38:27.210588 [ 7208s] BTC: $78,955.00 (4ex, +0.010%) | 15m: 0.71/0.74 | 1h: N/A | P&L: $+4.60 (25)
2026-02-03T08:39:07.255322 [ 7248s] 🎯 15M DELAY: BTC -0.150% K +0.0% → NO@$0.22
2026-02-03T08:39:07.255959 [ 7248s] ✅ 15M delay_arb CLOSE (PROFIT): $+0.20 | Total: $+4.80
2026-02-03T08:39:27.281944 [ 7268s] BTC: $78,908.07 (4ex, -0.040%) | 15m: 0.53/0.56 | 1h: N/A | P&L: $+4.80 (26)
2026-02-03T08:40:27.351757 [ 7329s] BTC: $78,912.51 (4ex, +0.007%) | 15m: 0.71/0.73 | 1h: N/A | P&L: $+4.80 (26)
2026-02-03T08:41:27.430071 [ 7389s] BTC: $78,923.54 (4ex, +0.014%) | 15m: 0.76/0.77 | 1h: N/A | P&L: $+4.80 (26)
2026-02-03T08:42:27.508230 [ 7449s] BTC: $78,913.42 (4ex, -0.013%) | 15m: 0.82/0.85 | 1h: N/A | P&L: $+4.80 (26)
2026-02-03T08:43:18.384141 [ 7500s] 💾 Checkpoint
2026-02-03T08:43:27.579194 [ 7509s] BTC: $78,938.63 (4ex, +0.032%) | 15m: 0.90/0.93 | 1h: N/A | P&L: $+4.80 (26)
2026-02-03T08:44:27.655845 [ 7569s] BTC: $78,949.82 (4ex, +0.014%) | 15m: 0.98/0.99 | 1h: N/A | P&L: $+4.80 (26)
2026-02-03T08:45:15.723159 [ 7617s] 🔄 15M transition
2026-02-03T08:45:16.724338 [ 7618s] 🔄 15M transition
2026-02-03T08:45:17.725474 [ 7619s] 🔄 15M transition
2026-02-03T08:45:18.727306 [ 7620s] 🔄 15M transition
2026-02-03T08:45:19.728046 [ 7621s] 🔄 15M transition
2026-02-03T08:45:27.735085 [ 7629s] BTC: $78,913.86 (4ex, -0.043%) | 15m: 0.11/0.44 | 1h: N/A | P&L: $+4.80 (26)
2026-02-03T08:46:27.812576 [ 7689s] BTC: $78,935.14 (4ex, +0.027%) | 15m: 0.34/0.37 | 1h: N/A | P&L: $+4.80 (26)
2026-02-03T08:47:27.898243 [ 7749s] BTC: $78,925.64 (4ex, -0.012%) | 15m: 0.40/0.43 | 1h: N/A | P&L: $+4.80 (26)
2026-02-03T08:48:18.389084 [ 7800s] 💾 Checkpoint
2026-02-03T08:48:27.973659 [ 7809s] BTC: $78,928.83 (4ex, +0.004%) | 15m: 0.40/0.44 | 1h: N/A | P&L: $+4.80 (26)
2026-02-03T08:49:28.057887 [ 7869s] BTC: $78,870.94 (4ex, -0.072%) | 15m: 0.22/0.23 | 1h: N/A | P&L: $+4.80 (26)
2026-02-03T08:50:06.108220 [ 7907s] 📉 15M MEAN-REV: K@0.16 (extreme low) + BTC stable → YES
2026-02-03T08:50:23.137007 [ 7924s] ❌ 15M mean_reversion_low CLOSE (STOP(-25%)): $-0.60 | Total: $+4.20
2026-02-03T08:50:28.143239 [ 7929s] BTC: $78,832.09 (4ex, -0.049%) | 15m: 0.10/0.13 | 1h: N/A | P&L: $+4.20 (27)
2026-02-03T08:51:23.199674 [ 7984s] 📉 15M MEAN-REV: K@0.12 (extreme low) + BTC stable → YES
2026-02-03T08:51:24.201254 [ 7985s] ❌ 15M mean_reversion_low CLOSE (STOP(-25%)): $-0.40 | Total: $+3.80
2026-02-03T08:51:28.205371 [ 7989s] BTC: $78,821.31 (4ex, -0.014%) | 15m: 0.08/0.10 | 1h: N/A | P&L: $+3.80 (28)
2026-02-03T08:52:24.275198 [ 8045s] 📉 15M MEAN-REV: K@0.10 (extreme low) + BTC stable → YES
2026-02-03T08:52:28.282447 [ 8049s] BTC: $78,825.17 (4ex, +0.005%) | 15m: 0.09/0.10 | 1h: N/A | P&L: $+3.80 (28)
2026-02-03T08:52:54.322114 [ 8076s] ❌ 15M mean_reversion_low CLOSE (STOP(-25%)): $-0.50 | Total: $+3.30
2026-02-03T08:53:18.393765 [ 8100s] 💾 Checkpoint
2026-02-03T08:53:28.357146 [ 8110s] BTC: $78,769.21 (4ex, -0.071%) | 15m: 0.04/0.05 | 1h: N/A | P&L: $+3.30 (29)
2026-02-03T08:53:54.385532 [ 8136s] 📉 15M MEAN-REV: K@0.05 (extreme low) + BTC stable → YES
2026-02-03T08:54:25.437633 [ 8167s] ❌ 15M mean_reversion_low CLOSE (STOP(-25%)): $-0.30 | Total: $+3.00
2026-02-03T08:54:28.439826 [ 8170s] BTC: $78,722.63 (4ex, -0.059%) | 15m: 0.02/0.03 | 1h: N/A | P&L: $+3.00 (30)
2026-02-03T08:55:28.504493 [ 8230s] BTC: $78,689.30 (4ex, -0.039%) | 15m: 0.01/0.02 | 1h: N/A | P&L: $+3.00 (30)
2026-02-03T08:56:28.577666 [ 8290s] BTC: $78,649.02 (4ex, -0.051%) | 15m: 0.00/0.01 | 1h: N/A | P&L: $+3.00 (30)
2026-02-03T08:57:28.648051 [ 8350s] BTC: $78,648.35 (4ex, -0.001%) | 15m: 0.00/0.01 | 1h: N/A | P&L: $+3.00 (30)
2026-02-03T08:58:18.398397 [ 8400s] 💾 Checkpoint
2026-02-03T08:58:28.719126 [ 8410s] BTC: $78,663.22 (4ex, +0.019%) | 15m: 0.00/0.01 | 1h: N/A | P&L: $+3.00 (30)
2026-02-03T08:59:28.785200 [ 8470s] BTC: $78,677.09 (4ex, +0.018%) | 15m: 0.00/0.01 | 1h: N/A | P&L: $+3.00 (30)
2026-02-03T09:00:28.855426 [ 8530s] 🔄 15M transition
2026-02-03T09:00:28.855553 [ 8530s] BTC: $78,711.44 (4ex, +0.044%) | 15m: 0.56/0.61 | 1h: N/A | P&L: $+3.00 (30)
2026-02-03T09:00:29.857276 [ 8531s] 🔄 15M transition
2026-02-03T09:00:30.858078 [ 8532s] 🔄 15M transition
2026-02-03T09:00:31.859696 [ 8533s] 🔄 15M transition
2026-02-03T09:00:32.861475 [ 8534s] 🔄 15M transition
2026-02-03T09:01:28.923454 [ 8590s] BTC: $78,742.56 (4ex, +0.027%) | 15m: 0.72/0.74 | 1h: N/A | P&L: $+3.00 (30)
2026-02-03T09:02:28.992014 [ 8650s] BTC: $78,752.04 (4ex, +0.012%) | 15m: 0.70/0.71 | 1h: N/A | P&L: $+3.00 (30)
2026-02-03T09:03:18.403159 [ 8700s] 💾 Checkpoint
2026-02-03T09:03:29.060028 [ 8710s] BTC: $78,677.88 (4ex, -0.081%) | 15m: 0.44/0.48 | 1h: N/A | P&L: $+3.00 (30)
2026-02-03T09:04:29.133138 [ 8770s] BTC: $78,690.25 (4ex, +0.016%) | 15m: 0.55/0.59 | 1h: N/A | P&L: $+3.00 (30)
2026-02-03T09:05:29.208877 [ 8830s] BTC: $78,723.22 (4ex, +0.042%) | 15m: 0.47/0.51 | 1h: N/A | P&L: $+3.00 (30)
2026-02-03T09:06:29.276110 [ 8890s] BTC: $78,757.55 (4ex, +0.044%) | 15m: 0.74/0.75 | 1h: N/A | P&L: $+3.00 (30)
2026-02-03T09:07:29.342274 [ 8951s] BTC: $78,709.05 (4ex, -0.062%) | 15m: 0.69/0.73 | 1h: N/A | P&L: $+3.00 (30)
2026-02-03T09:08:18.406295 [ 9000s] 💾 Checkpoint
2026-02-03T09:08:29.436025 [ 9011s] BTC: $78,691.00 (4ex, -0.023%) | 15m: 0.52/0.57 | 1h: N/A | P&L: $+3.00 (30)
2026-02-03T09:09:29.520096 [ 9071s] BTC: $78,715.63 (4ex, +0.031%) | 15m: 0.58/0.61 | 1h: N/A | P&L: $+3.00 (30)
2026-02-03T09:10:29.592731 [ 9131s] BTC: $78,585.93 (4ex, -0.147%) | 15m: 0.41/0.43 | 1h: N/A | P&L: $+3.00 (30)
2026-02-03T09:11:29.652871 [ 9191s] BTC: $78,374.81 (4ex, -0.222%) | 15m: 0.07/0.08 | 1h: N/A | P&L: $+3.00 (30)
2026-02-03T09:12:29.718768 [ 9251s] BTC: $78,302.39 (4ex, -0.041%) | 15m: 0.00/0.01 | 1h: N/A | P&L: $+3.00 (30)
2026-02-03T09:13:18.411344 [ 9300s] 💾 Checkpoint
2026-02-03T09:13:29.786505 [ 9311s] BTC: $78,155.17 (4ex, -0.092%) | 15m: 0.00/0.01 | 1h: N/A | P&L: $+3.00 (30)
2026-02-03T09:14:29.855731 [ 9371s] BTC: $78,181.74 (4ex, +0.033%) | 15m: 0.00/0.01 | 1h: N/A | P&L: $+3.00 (30)
2026-02-03T09:15:05.895707 [ 9407s] 🔄 15M transition
2026-02-03T09:15:06.897724 [ 9408s] 🔄 15M transition
2026-02-03T09:15:07.898441 [ 9409s] 🔄 15M transition
2026-02-03T09:15:08.899883 [ 9410s] 🔄 15M transition
2026-02-03T09:15:09.902224 [ 9411s] 🔄 15M transition
2026-02-03T09:15:29.929119 [ 9431s] BTC: $78,174.26 (4ex, +0.043%) | 15m: 0.45/0.50 | 1h: N/A | P&L: $+3.00 (30)
2026-02-03T09:16:13.979000 [ 9475s] 🎯 15M DELAY: BTC -0.150% K +0.0% → NO@$0.55
2026-02-03T09:16:29.999942 [ 9491s] BTC: $78,006.32 (4ex, -0.085%) | 15m: 0.45/0.48 | 1h: N/A | P&L: $+3.00 (30)
2026-02-03T09:17:07.058386 [ 9528s] ✅ 15M delay_arb CLOSE (PROFIT): $+2.10 | Total: $+5.10
2026-02-03T09:17:30.085636 [ 9551s] BTC: $78,261.38 (4ex, +0.017%) | 15m: 0.62/0.66 | 1h: N/A | P&L: $+5.10 (31)
2026-02-03T09:18:18.415657 [ 9600s] 💾 Checkpoint
2026-02-03T09:18:30.164173 [ 9611s] BTC: $78,194.15 (4ex, -0.085%) | 15m: 0.59/0.62 | 1h: N/A | P&L: $+5.10 (31)
2026-02-03T09:19:30.233976 [ 9671s] BTC: $78,255.71 (4ex, +0.043%) | 15m: 0.61/0.62 | 1h: N/A | P&L: $+5.10 (31)
2026-02-03T09:20:30.305055 [ 9732s] BTC: $78,272.37 (4ex, +0.018%) | 15m: 0.73/0.75 | 1h: N/A | P&L: $+5.10 (31)
2026-02-03T09:21:30.377678 [ 9792s] BTC: $78,296.37 (4ex, +0.019%) | 15m: 0.64/0.68 | 1h: N/A | P&L: $+5.10 (31)
2026-02-03T09:22:30.457251 [ 9852s] BTC: $78,253.31 (4ex, -0.056%) | 15m: 0.63/0.67 | 1h: N/A | P&L: $+5.10 (31)
2026-02-03T09:23:18.419881 [ 9900s] 💾 Checkpoint
2026-02-03T09:23:30.524055 [ 9912s] BTC: $78,148.20 (4ex, -0.090%) | 15m: 0.38/0.41 | 1h: N/A | P&L: $+5.10 (31)
2026-02-03T09:24:30.596003 [ 9972s] BTC: $78,069.43 (4ex, -0.059%) | 15m: 0.25/0.28 | 1h: N/A | P&L: $+5.10 (31)
2026-02-03T09:24:42.612012 [ 9984s] 📉 15M MEAN-REV: K@0.17 (extreme low) + BTC stable → YES
2026-02-03T09:25:10.659544 [10012s] ❌ 15M mean_reversion_low CLOSE (STOP(-25%)): $-1.00 | Total: $+4.10
2026-02-03T09:25:30.688477 [10032s] BTC: $77,998.39 (4ex, -0.033%) | 15m: 0.07/0.09 | 1h: N/A | P&L: $+4.10 (32)
2026-02-03T09:26:30.757678 [10092s] BTC: $77,967.93 (4ex, -0.048%) | 15m: 0.03/0.05 | 1h: N/A | P&L: $+4.10 (32)
2026-02-03T09:27:30.837267 [10152s] BTC: $77,944.82 (4ex, -0.034%) | 15m: 0.02/0.04 | 1h: N/A | P&L: $+4.10 (32)
2026-02-03T09:28:18.423955 [10200s] 💾 Checkpoint
2026-02-03T09:28:30.903629 [10212s] BTC: $77,935.54 (4ex, -0.011%) | 15m: 0.00/0.01 | 1h: N/A | P&L: $+4.10 (32)
2026-02-03T09:29:30.959244 [10272s] BTC: $77,932.04 (4ex, -0.004%) | 15m: 0.00/0.01 | 1h: N/A | P&L: $+4.10 (32)
2026-02-03T09:30:14.014541 [10315s] 🔄 15M transition
2026-02-03T09:30:15.015874 [10316s] 🔄 15M transition
2026-02-03T09:30:16.016537 [10317s] 🔄 15M transition
2026-02-03T09:30:17.017126 [10318s] 🔄 15M transition
2026-02-03T09:30:18.018526 [10319s] 🔄 15M transition
2026-02-03T09:30:31.031058 [10332s] BTC: $77,893.13 (4ex, -0.048%) | 15m: 0.50/0.55 | 1h: N/A | P&L: $+4.10 (32)
2026-02-03T09:31:31.093891 [10392s] BTC: $78,011.64 (4ex, +0.105%) | 15m: 0.59/0.62 | 1h: N/A | P&L: $+4.10 (32)
2026-02-03T09:32:31.157076 [10452s] BTC: $78,016.70 (4ex, +0.033%) | 15m: 0.71/0.72 | 1h: N/A | P&L: $+4.10 (32)
2026-02-03T09:33:18.429135 [10500s] 💾 Checkpoint
2026-02-03T09:33:31.224924 [10512s] BTC: $78,056.84 (4ex, -0.016%) | 15m: 0.78/0.81 | 1h: N/A | P&L: $+4.10 (32)
2026-02-03T09:34:15.266681 [10556s] 📈 15M MEAN-REV: K@0.81 (extreme high) + BTC stable → NO
2026-02-03T09:34:31.293741 [10572s] BTC: $78,071.40 (4ex, +0.024%) | 15m: 0.81/0.82 | 1h: N/A | P&L: $+4.10 (32)
2026-02-03T09:34:45.315732 [10587s] ✅ 15M mean_reversion_high CLOSE (PROFIT): $+0.70 | Total: $+4.80
2026-02-03T09:35:31.366200 [10633s] BTC: $78,132.09 (4ex, +0.078%) | 15m: 0.89/0.90 | 1h: N/A | P&L: $+4.80 (33)
2026-02-03T09:35:45.382840 [10647s] 🎯 15M DELAY: BTC +0.206% K +0.0% → YES@$0.90
2026-02-03T09:36:31.454492 [10693s] BTC: $78,297.48 (4ex, +0.034%) | 15m: 0.95/0.97 | 1h: N/A | P&L: $+4.80 (33)
2026-02-03T09:37:31.550370 [10753s] BTC: $78,257.13 (4ex, -0.048%) | 15m: 0.94/0.96 | 1h: N/A | P&L: $+4.80 (33)
2026-02-03T09:38:18.434255 [10800s] 💾 Checkpoint
2026-02-03T09:38:31.663561 [10813s] BTC: $78,237.50 (4ex, -0.025%) | 15m: 0.95/0.97 | 1h: N/A | P&L: $+4.80 (33)
2026-02-03T09:39:31.764085 [10873s] BTC: $78,235.81 (4ex, -0.002%) | 15m: 0.96/0.98 | 1h: N/A | P&L: $+4.80 (33)
2026-02-03T09:40:31.861955 [10933s] BTC: $78,226.39 (4ex, -0.012%) | 15m: 0.97/0.99 | 1h: N/A | P&L: $+4.80 (33)
2026-02-03T09:40:48.895006 [10950s] ✅ 15M delay_arb CLOSE (PROFIT): $+0.80 | Total: $+5.60
2026-02-03T09:41:31.947733 [10993s] BTC: $78,270.68 (4ex, +0.058%) | 15m: 0.99/1.00 | 1h: N/A | P&L: $+5.60 (34)
2026-02-03T09:42:32.023400 [11053s] BTC: $78,339.48 (4ex, +0.088%) | 15m: 0.99/1.00 | 1h: N/A | P&L: $+5.60 (34)
2026-02-03T09:43:18.439746 [11100s] 💾 Checkpoint
2026-02-03T09:43:32.094758 [11113s] BTC: $78,281.39 (4ex, -0.067%) | 15m: 0.99/1.00 | 1h: N/A | P&L: $+5.60 (34)
2026-02-03T09:44:32.175248 [11173s] BTC: $78,262.63 (4ex, -0.024%) | 15m: 0.98/1.00 | 1h: N/A | P&L: $+5.60 (34)
2026-02-03T09:45:21.238512 [11222s] 🔄 15M transition
2026-02-03T09:45:22.239748 [11223s] 🔄 15M transition
2026-02-03T09:45:23.241883 [11224s] 🔄 15M transition
2026-02-03T09:45:24.243060 [11225s] 🔄 15M transition
2026-02-03T09:45:25.244279 [11226s] 🔄 15M transition
2026-02-03T09:45:32.254277 [11233s] BTC: $78,261.04 (4ex, -0.002%) | 15m: 0.11/0.55 | 1h: N/A | P&L: $+5.60 (34)
2026-02-03T09:46:32.333021 [11294s] BTC: $78,238.62 (4ex, -0.029%) | 15m: 0.46/0.50 | 1h: N/A | P&L: $+5.60 (34)
2026-02-03T09:47:32.404498 [11354s] BTC: $78,227.64 (4ex, -0.014%) | 15m: 0.39/0.41 | 1h: N/A | P&L: $+5.60 (34)
2026-02-03T09:48:18.444808 [11400s] 💾 Checkpoint
2026-02-03T09:48:32.478620 [11414s] BTC: $78,228.43 (4ex, +0.001%) | 15m: 0.39/0.42 | 1h: N/A | P&L: $+5.60 (34)
2026-02-03T09:49:32.547906 [11474s] BTC: $78,194.50 (4ex, -0.043%) | 15m: 0.28/0.31 | 1h: N/A | P&L: $+5.60 (34)
2026-02-03T09:50:32.618898 [11534s] BTC: $78,208.96 (4ex, +0.018%) | 15m: 0.30/0.34 | 1h: N/A | P&L: $+5.60 (34)
2026-02-03T09:51:32.686071 [11594s] BTC: $78,257.32 (4ex, +0.066%) | 15m: 0.39/0.43 | 1h: N/A | P&L: $+5.60 (34)
2026-02-03T09:52:32.757047 [11654s] BTC: $78,277.99 (4ex, +0.023%) | 15m: 0.58/0.61 | 1h: N/A | P&L: $+5.60 (34)
2026-02-03T09:53:18.450110 [11700s] 💾 Checkpoint
2026-02-03T09:53:32.834893 [11714s] BTC: $78,352.68 (4ex, +0.095%) | 15m: 0.81/0.82 | 1h: N/A | P&L: $+5.60 (34)
2026-02-03T09:54:20.890357 [11762s] 📈 15M MEAN-REV: K@0.87 (extreme high) + BTC stable → NO
2026-02-03T09:54:25.900279 [11767s] ✅ 15M mean_reversion_high CLOSE (PROFIT): $+0.20 | Total: $+5.80
2026-02-03T09:54:32.908497 [11774s] BTC: $78,351.42 (4ex, -0.005%) | 15m: 0.87/0.89 | 1h: N/A | P&L: $+5.80 (35)
2026-02-03T09:55:32.979234 [11834s] BTC: $78,315.96 (4ex, -0.045%) | 15m: 0.75/0.78 | 1h: N/A | P&L: $+5.80 (35)
2026-02-03T09:56:33.057223 [11894s] BTC: $78,332.20 (4ex, +0.021%) | 15m: 0.84/0.85 | 1h: N/A | P&L: $+5.80 (35)
2026-02-03T09:57:33.124568 [11954s] BTC: $78,368.63 (4ex, +0.047%) | 15m: 0.97/0.98 | 1h: N/A | P&L: $+5.80 (35)
2026-02-03T09:58:18.454428 [12000s] 💾 Checkpoint
2026-02-03T09:58:33.184019 [12014s] BTC: $78,347.08 (4ex, -0.027%) | 15m: 0.98/0.99 | 1h: N/A | P&L: $+5.80 (35)
2026-02-03T09:59:33.252747 [12074s] BTC: $78,352.66 (4ex, +0.007%) | 15m: 0.98/0.99 | 1h: N/A | P&L: $+5.80 (35)
2026-02-03T10:00:28.314998 [12130s] 🔄 15M transition
2026-02-03T10:00:29.316491 [12131s] 🔄 15M transition
2026-02-03T10:00:30.318105 [12132s] 🔄 15M transition
2026-02-03T10:00:31.319460 [12133s] 🔄 15M transition
2026-02-03T10:00:32.320530 [12134s] 🔄 15M transition
2026-02-03T10:00:33.321398 [12135s] BTC: $78,351.74 (4ex, -0.001%) | 15m: 0.55/0.56 | 1h: N/A | P&L: $+5.80 (35)
2026-02-03T10:01:33.385573 [12195s] BTC: $78,309.19 (4ex, -0.054%) | 15m: 0.40/0.43 | 1h: N/A | P&L: $+5.80 (35)
2026-02-03T10:02:33.468202 [12255s] BTC: $78,320.77 (4ex, +0.026%) | 15m: 0.38/0.43 | 1h: N/A | P&L: $+5.80 (35)
2026-02-03T10:03:18.459517 [12300s] 💾 Checkpoint
2026-02-03T10:03:33.543769 [12315s] BTC: $78,415.44 (4ex, +0.084%) | 15m: 0.72/0.74 | 1h: N/A | P&L: $+5.80 (35)
2026-02-03T10:04:33.605750 [12375s] BTC: $78,403.69 (4ex, -0.015%) | 15m: 0.60/0.64 | 1h: N/A | P&L: $+5.80 (35)
2026-02-03T10:05:33.675001 [12435s] BTC: $78,420.64 (4ex, +0.022%) | 15m: 0.68/0.71 | 1h: N/A | P&L: $+5.80 (35)
2026-02-03T10:06:33.743091 [12495s] BTC: $78,405.69 (4ex, -0.019%) | 15m: 0.65/0.67 | 1h: N/A | P&L: $+5.80 (35)
2026-02-03T10:07:33.808098 [12555s] BTC: $78,450.56 (4ex, +0.044%) | 15m: 0.79/0.82 | 1h: N/A | P&L: $+5.80 (35)
2026-02-03T10:08:01.838416 [12583s] 📈 15M MEAN-REV: K@0.85 (extreme high) + BTC stable → NO
2026-02-03T10:08:18.464620 [12600s] 💾 Checkpoint
2026-02-03T10:08:31.885373 [12613s] ❌ 15M mean_reversion_high CLOSE (STOP(-25%)): $-0.40 | Total: $+5.40
2026-02-03T10:08:33.887431 [12615s] BTC: $78,437.83 (4ex, -0.018%) | 15m: 0.77/0.81 | 1h: N/A | P&L: $+5.40 (36)
2026-02-03T10:09:32.964417 [12674s] 📈 15M MEAN-REV: K@0.81 (extreme high) + BTC stable → NO
2026-02-03T10:09:32.965069 [12674s] ✅ 15M mean_reversion_high CLOSE (PROFIT): $+0.30 | Total: $+5.70
2026-02-03T10:09:33.966072 [12675s] BTC: $78,427.93 (4ex, -0.013%) | 15m: 0.81/0.84 | 1h: N/A | P&L: $+5.70 (37)
2026-02-03T10:10:34.037577 [12735s] BTC: $78,483.02 (4ex, +0.035%) | 15m: 0.95/0.96 | 1h: N/A | P&L: $+5.70 (37)
2026-02-03T10:11:34.100846 [12795s] BTC: $78,467.05 (4ex, -0.022%) | 15m: 0.94/0.97 | 1h: N/A | P&L: $+5.70 (37)
2026-02-03T10:12:34.172915 [12855s] BTC: $78,460.49 (4ex, -0.008%) | 15m: 0.97/0.98 | 1h: N/A | P&L: $+5.70 (37)
2026-02-03T10:13:18.470025 [12900s] 💾 Checkpoint
2026-02-03T10:13:34.245882 [12915s] BTC: $78,458.01 (4ex, -0.003%) | 15m: 0.98/0.99 | 1h: N/A | P&L: $+5.70 (37)
2026-02-03T10:14:34.319456 [12976s] BTC: $78,480.94 (4ex, +0.040%) | 15m: 0.99/1.00 | 1h: N/A | P&L: $+5.70 (37)
2026-02-03T10:15:05.359805 [13007s] 🔄 15M transition
2026-02-03T10:15:06.361527 [13008s] 🔄 15M transition
2026-02-03T10:15:07.364432 [13009s] 🔄 15M transition
2026-02-03T10:15:08.364987 [13010s] 🔄 15M transition
2026-02-03T10:15:09.366446 [13011s] 🔄 15M transition
2026-02-03T10:15:34.398899 [13036s] BTC: $78,479.29 (4ex, -0.002%) | 15m: 0.45/0.55 | 1h: N/A | P&L: $+5.70 (37)
2026-02-03T10:16:34.474293 [13096s] BTC: $78,487.68 (4ex, +0.012%) | 15m: 0.53/0.56 | 1h: N/A | P&L: $+5.70 (37)
2026-02-03T10:17:34.552341 [13156s] BTC: $78,460.48 (4ex, -0.035%) | 15m: 0.48/0.50 | 1h: N/A | P&L: $+5.70 (37)
2026-02-03T10:18:18.476023 [13200s] 💾 Checkpoint
2026-02-03T10:18:34.646140 [13216s] BTC: $78,467.79 (4ex, +0.009%) | 15m: 0.46/0.47 | 1h: N/A | P&L: $+5.70 (37)
2026-02-03T10:19:34.733143 [13276s] BTC: $78,413.93 (4ex, -0.069%) | 15m: 0.25/0.26 | 1h: N/A | P&L: $+5.70 (37)
2026-02-03T10:20:08.773328 [13310s] 📉 15M MEAN-REV: K@0.20 (extreme low) + BTC stable → YES
2026-02-03T10:20:34.811774 [13336s] BTC: $78,350.62 (4ex, -0.079%) | 15m: 0.18/0.20 | 1h: N/A | P&L: $+5.70 (37)
2026-02-03T10:20:38.818219 [13340s] ❌ 15M mean_reversion_low CLOSE (STOP(-25%)): $-1.00 | Total: $+4.70
2026-02-03T10:21:34.867521 [13396s] BTC: $78,396.22 (4ex, +0.058%) | 15m: 0.11/0.12 | 1h: N/A | P&L: $+4.70 (38)
2026-02-03T10:21:38.872302 [13400s] 📉 15M MEAN-REV: K@0.16 (extreme low) + BTC stable → YES
2026-02-03T10:22:08.938663 [13430s] ❌ 15M mean_reversion_low CLOSE (STOP(-25%)): $-0.70 | Total: $+4.00
2026-02-03T10:22:34.964530 [13456s] BTC: $78,349.83 (4ex, -0.059%) | 15m: 0.09/0.10 | 1h: N/A | P&L: $+4.00 (39)
2026-02-03T10:23:09.003904 [13490s] 📉 15M MEAN-REV: K@0.10 (extreme low) + BTC stable → YES
2026-02-03T10:23:10.006014 [13491s] ✅ 15M mean_reversion_low CLOSE (PROFIT): $+1.30 | Total: $+5.30
2026-02-03T10:23:18.481558 [13500s] 💾 Checkpoint
2026-02-03T10:23:35.033725 [13516s] BTC: $78,413.13 (4ex, +0.081%) | 15m: 0.23/0.26 | 1h: N/A | P&L: $+5.30 (40)
2026-02-03T10:24:35.102169 [13576s] BTC: $78,392.35 (4ex, -0.025%) | 15m: 0.23/0.26 | 1h: N/A | P&L: $+5.30 (40)
2026-02-03T10:24:40.107910 [13581s] 📉 15M MEAN-REV: K@0.17 (extreme low) + BTC stable → YES
2026-02-03T10:25:35.199939 [13636s] BTC: $78,396.58 (4ex, +0.005%) | 15m: 0.14/0.17 | 1h: N/A | P&L: $+5.30 (40)
2026-02-03T10:26:35.303638 [13697s] BTC: $78,421.63 (4ex, +0.032%) | 15m: 0.16/0.19 | 1h: N/A | P&L: $+5.30 (40)
2026-02-03T10:27:11.362922 [13733s] ❌ 15M mean_reversion_low CLOSE (STOP(-25%)): $-0.50 | Total: $+4.80
2026-02-03T10:27:35.394155 [13757s] BTC: $78,410.12 (4ex, -0.015%) | 15m: 0.12/0.15 | 1h: N/A | P&L: $+4.80 (41)
2026-02-03T10:28:18.487702 [13800s] 💾 Checkpoint
2026-02-03T10:28:35.471842 [13817s] BTC: $78,413.76 (4ex, +0.005%) | 15m: 0.03/0.04 | 1h: N/A | P&L: $+4.80 (41)
2026-02-03T10:29:35.545988 [13877s] BTC: $78,431.04 (4ex, +0.022%) | 15m: 0.02/0.15 | 1h: N/A | P&L: $+4.80 (41)
2026-02-03T10:30:13.587566 [13915s] 🔄 15M transition
2026-02-03T10:30:14.588671 [13916s] 🔄 15M transition
2026-02-03T10:30:15.589556 [13917s] 🔄 15M transition
2026-02-03T10:30:16.591122 [13918s] 🔄 15M transition
2026-02-03T10:30:17.592360 [13919s] 🔄 15M transition
2026-02-03T10:30:35.613330 [13937s] BTC: $78,365.15 (4ex, -0.084%) | 15m: 0.45/0.55 | 1h: N/A | P&L: $+4.80 (41)
2026-02-03T10:31:35.682409 [13997s] BTC: $78,321.65 (4ex, -0.056%) | 15m: 0.18/0.19 | 1h: N/A | P&L: $+4.80 (41)
2026-02-03T10:31:39.686907 [14001s] 📉 15M MEAN-REV: K@0.19 (extreme low) + BTC stable → YES
2026-02-03T10:32:13.741767 [14035s] ❌ 15M mean_reversion_low CLOSE (STOP(-25%)): $-0.90 | Total: $+3.90
2026-02-03T10:32:35.766521 [14057s] BTC: $78,275.88 (4ex, -0.060%) | 15m: 0.10/0.12 | 1h: N/A | P&L: $+3.90 (42)
2026-02-03T10:33:18.492091 [14100s] 💾 Checkpoint
2026-02-03T10:33:35.849576 [14117s] BTC: $78,199.61 (4ex, -0.097%) | 15m: 0.04/0.05 | 1h: N/A | P&L: $+3.90 (42)
2026-02-03T10:34:04.886528 [14146s] 📉 15M MEAN-REV: K@0.06 (extreme low) + BTC stable → YES
2026-02-03T10:34:14.905280 [14156s] ❌ 15M mean_reversion_low CLOSE (STOP(-25%)): $-0.40 | Total: $+3.50
2026-02-03T10:34:35.927663 [14177s] BTC: $78,180.96 (4ex, -0.024%) | 15m: 0.02/0.04 | 1h: N/A | P&L: $+3.50 (43)
2026-02-03T10:35:14.975451 [14216s] 📉 15M MEAN-REV: K@0.04 (extreme low) + BTC stable → YES
2026-02-03T10:35:14.976031 [14216s] ❌ 15M mean_reversion_low CLOSE (STOP(-25%)): $-0.30 | Total: $+3.20
2026-02-03T10:35:36.001195 [14237s] BTC: $78,202.67 (4ex, +0.028%) | 15m: 0.01/0.04 | 1h: N/A | P&L: $+3.20 (44)
2026-02-03T10:36:36.074173 [14297s] BTC: $78,090.40 (4ex, -0.106%) | 15m: 0.02/0.05 | 1h: N/A | P&L: $+3.20 (44)
2026-02-03T10:36:48.089535 [14309s] 📉 15M MEAN-REV: K@0.04 (extreme low) + BTC stable → YES
2026-02-03T10:36:48.090253 [14309s] ❌ 15M mean_reversion_low CLOSE (STOP(-25%)): $-0.20 | Total: $+3.00
2026-02-03T10:37:36.150064 [14357s] BTC: $78,119.34 (4ex, +0.037%) | 15m: 0.01/0.04 | 1h: N/A | P&L: $+3.00 (45)
2026-02-03T10:37:48.163388 [14369s] 📉 15M MEAN-REV: K@0.04 (extreme low) + BTC stable → YES
2026-02-03T10:37:48.164043 [14369s] ❌ 15M mean_reversion_low CLOSE (STOP(-25%)): $-0.30 | Total: $+2.70
2026-02-03T10:38:18.499832 [14400s] 💾 Checkpoint
2026-02-03T10:38:36.225653 [14417s] BTC: $78,146.25 (4ex, +0.034%) | 15m: 0.02/0.04 | 1h: N/A | P&L: $+2.70 (46)
2026-02-03T10:38:48.241711 [14429s] 📉 15M MEAN-REV: K@0.05 (extreme low) + BTC stable → YES
2026-02-03T10:38:48.242391 [14429s] ❌ 15M mean_reversion_low CLOSE (STOP(-25%)): $-0.30 | Total: $+2.40
2026-02-03T10:39:36.308318 [14478s] BTC: $78,197.33 (4ex, +0.066%) | 15m: 0.02/0.05 | 1h: N/A | P&L: $+2.40 (47)
2026-02-03T10:39:48.325145 [14490s] 📉 15M MEAN-REV: K@0.06 (extreme low) + BTC stable → YES
2026-02-03T10:39:48.325680 [14490s] ❌ 15M mean_reversion_low CLOSE (STOP(-25%)): $-0.50 | Total: $+1.90
2026-02-03T10:40:36.384759 [14538s] BTC: $78,156.70 (4ex, -0.052%) | 15m: 0.01/0.03 | 1h: N/A | P&L: $+1.90 (48)
2026-02-03T10:41:36.463842 [14598s] BTC: $78,135.75 (4ex, -0.027%) | 15m: 0.00/0.01 | 1h: N/A | P&L: $+1.90 (48)
2026-02-03T10:42:36.537882 [14658s] BTC: $78,099.07 (4ex, -0.047%) | 15m: 0.00/0.01 | 1h: N/A | P&L: $+1.90 (48)
2026-02-03T10:43:18.506535 [14700s] 💾 Checkpoint
2026-02-03T10:43:36.616986 [14718s] BTC: $78,096.35 (4ex, -0.003%) | 15m: 0.00/0.01 | 1h: N/A | P&L: $+1.90 (48)
2026-02-03T10:44:36.692535 [14778s] BTC: $78,104.39 (4ex, +0.010%) | 15m: 0.00/0.01 | 1h: N/A | P&L: $+1.90 (48)
2026-02-03T10:45:20.755360 [14822s] 🔄 15M transition
2026-02-03T10:45:21.756928 [14823s] 🔄 15M transition
2026-02-03T10:45:22.758639 [14824s] 🔄 15M transition
2026-02-03T10:45:23.759862 [14825s] 🔄 15M transition
2026-02-03T10:45:24.760878 [14826s] 🔄 15M transition
2026-02-03T10:45:36.773164 [14838s] BTC: $78,077.30 (4ex, -0.039%) | 15m: 0.45/0.55 | 1h: N/A | P&L: $+1.90 (48)
2026-02-03T10:46:36.836378 [14898s] BTC: $78,129.61 (4ex, +0.067%) | 15m: 0.47/0.50 | 1h: N/A | P&L: $+1.90 (48)
2026-02-03T10:47:36.902175 [14958s] BTC: $78,147.53 (4ex, +0.023%) | 15m: 0.68/0.70 | 1h: N/A | P&L: $+1.90 (48)
2026-02-03T10:48:18.513614 [15000s] 💾 Checkpoint
2026-02-03T10:48:36.970494 [15018s] BTC: $78,144.26 (4ex, -0.004%) | 15m: 0.64/0.68 | 1h: N/A | P&L: $+1.90 (48)
2026-02-03T10:49:37.050559 [15078s] BTC: $78,128.57 (4ex, -0.020%) | 15m: 0.67/0.68 | 1h: N/A | P&L: $+1.90 (48)
2026-02-03T10:50:37.140106 [15138s] BTC: $78,142.90 (4ex, +0.018%) | 15m: 0.65/0.67 | 1h: N/A | P&L: $+1.90 (48)
2026-02-03T10:51:37.199596 [15198s] BTC: $78,100.58 (4ex, -0.048%) | 15m: 0.42/0.46 | 1h: N/A | P&L: $+1.90 (48)
2026-02-03T10:52:37.264980 [15258s] BTC: $78,060.42 (4ex, -0.051%) | 15m: 0.37/0.39 | 1h: N/A | P&L: $+1.90 (48)
2026-02-03T10:53:18.520556 [15300s] 💾 Checkpoint
2026-02-03T10:53:24.319024 [15306s] 📉 15M MEAN-REV: K@0.20 (extreme low) + BTC stable → YES
2026-02-03T10:53:37.342239 [15319s] BTC: $78,039.76 (4ex, -0.022%) | 15m: 0.19/0.20 | 1h: N/A | P&L: $+1.90 (48)
2026-02-03T10:54:37.435116 [15379s] BTC: $78,040.72 (4ex, +0.011%) | 15m: 0.15/0.18 | 1h: N/A | P&L: $+1.90 (48)
2026-02-03T10:54:55.464122 [15397s] ✅ 15M mean_reversion_low CLOSE (PROFIT): $+0.60 | Total: $+2.50
2026-02-03T10:55:37.509938 [15439s] BTC: $78,035.47 (4ex, -0.007%) | 15m: 0.10/0.12 | 1h: N/A | P&L: $+2.50 (49)
2026-02-03T10:56:37.564777 [15499s] BTC: $78,038.72 (4ex, +0.003%) | 15m: 0.09/0.11 | 1h: N/A | P&L: $+2.50 (49)
2026-02-03T10:57:37.631487 [15559s] BTC: $78,047.23 (4ex, +0.011%) | 15m: 0.11/0.13 | 1h: N/A | P&L: $+2.50 (49)
2026-02-03T10:58:18.525573 [15600s] 💾 Checkpoint
2026-02-03T10:58:37.702003 [15619s] BTC: $78,036.50 (4ex, -0.014%) | 15m: 0.01/0.03 | 1h: N/A | P&L: $+2.50 (49)
2026-02-03T10:59:37.770329 [15679s] BTC: $78,068.84 (4ex, +0.049%) | 15m: 0.00/0.01 | 1h: N/A | P&L: $+2.50 (49)
2026-02-03T11:00:28.837959 [15730s] 🔄 15M transition
2026-02-03T11:00:29.838900 [15731s] 🔄 15M transition
2026-02-03T11:00:30.840167 [15732s] 🔄 15M transition
2026-02-03T11:00:31.841255 [15733s] 🔄 15M transition
2026-02-03T11:00:32.844088 [15734s] 🔄 15M transition
2026-02-03T11:00:37.852500 [15739s] BTC: $78,081.83 (4ex, +0.017%) | 15m: 0.63/0.65 | 1h: N/A | P&L: $+2.50 (49)
2026-02-03T11:01:37.925588 [15799s] BTC: $78,091.26 (4ex, +0.012%) | 15m: 0.59/0.63 | 1h: N/A | P&L: $+2.50 (49)
2026-02-03T11:02:37.999357 [15859s] BTC: $78,071.96 (4ex, -0.025%) | 15m: 0.63/0.64 | 1h: N/A | P&L: $+2.50 (49)
2026-02-03T11:03:18.531321 [15900s] 💾 Checkpoint
2026-02-03T11:03:38.072692 [15919s] BTC: $78,107.50 (4ex, +0.049%) | 15m: 0.58/0.63 | 1h: N/A | P&L: $+2.50 (49)
2026-02-03T11:04:38.144329 [15979s] BTC: $78,069.38 (4ex, -0.024%) | 15m: 0.57/0.58 | 1h: N/A | P&L: $+2.50 (49)
2026-02-03T11:05:38.217041 [16039s] BTC: $78,171.38 (4ex, +0.117%) | 15m: 0.86/0.87 | 1h: N/A | P&L: $+2.50 (49)
2026-02-03T11:05:53.235832 [16054s] 📈 15M MEAN-REV: K@0.86 (extreme high) + BTC stable → NO
2026-02-03T11:06:31.304078 [16093s] ✅ 15M mean_reversion_high CLOSE (PROFIT): $+0.20 | Total: $+2.70
2026-02-03T11:06:38.315832 [16100s] BTC: $78,161.88 (4ex, -0.012%) | 15m: 0.84/0.88 | 1h: N/A | P&L: $+2.70 (50)
2026-02-03T11:07:31.380857 [16153s] 📈 15M MEAN-REV: K@0.85 (extreme high) + BTC stable → NO
2026-02-03T11:07:31.381425 [16153s] ✅ 15M mean_reversion_high CLOSE (PROFIT): $+0.30 | Total: $+3.00
2026-02-03T11:07:38.390521 [16160s] BTC: $78,138.71 (4ex, -0.030%) | 15m: 0.86/0.87 | 1h: N/A | P&L: $+3.00 (51)
2026-02-03T11:08:18.538566 [16200s] 💾 Checkpoint
2026-02-03T11:08:38.475466 [16220s] BTC: $78,100.59 (4ex, -0.049%) | 15m: 0.70/0.73 | 1h: N/A | P&L: $+3.00 (51)
2026-02-03T11:09:38.556740 [16280s] BTC: $78,103.59 (4ex, -0.004%) | 15m: 0.78/0.81 | 1h: N/A | P&L: $+3.00 (51)
2026-02-03T11:10:38.634244 [16340s] BTC: $78,138.75 (4ex, +0.045%) | 15m: 0.89/0.92 | 1h: N/A | P&L: $+3.00 (51)
2026-02-03T11:11:38.703908 [16400s] BTC: $78,123.95 (4ex, -0.024%) | 15m: 0.92/0.94 | 1h: N/A | P&L: $+3.00 (51)
2026-02-03T11:12:38.778617 [16460s] BTC: $78,146.17 (4ex, +0.028%) | 15m: 0.97/0.98 | 1h: N/A | P&L: $+3.00 (51)
2026-02-03T11:13:18.545030 [16500s] 💾 Checkpoint
2026-02-03T11:13:38.847717 [16520s] BTC: $78,160.77 (4ex, +0.017%) | 15m: 0.99/1.00 | 1h: N/A | P&L: $+3.00 (51)
2026-02-03T11:14:38.907653 [16580s] BTC: $78,165.52 (4ex, +0.006%) | 15m: 0.99/1.00 | 1h: N/A | P&L: $+3.00 (51)
2026-02-03T11:15:05.940870 [16607s] 🔄 15M transition
2026-02-03T11:15:06.941745 [16608s] 🔄 15M transition
2026-02-03T11:15:07.943715 [16609s] 🔄 15M transition
2026-02-03T11:15:08.946448 [16610s] 🔄 15M transition
2026-02-03T11:15:09.948144 [16611s] 🔄 15M transition
2026-02-03T11:15:38.980693 [16640s] BTC: $78,165.21 (4ex, -0.000%) | 15m: 0.56/0.57 | 1h: N/A | P&L: $+3.00 (51)
2026-02-03T11:16:39.055595 [16700s] BTC: $78,100.89 (4ex, -0.082%) | 15m: 0.30/0.32 | 1h: N/A | P&L: $+3.00 (51)
2026-02-03T11:17:39.122742 [16760s] BTC: $78,162.68 (4ex, +0.077%) | 15m: 0.52/0.55 | 1h: N/A | P&L: $+3.00 (51)
2026-02-03T11:18:18.552717 [16800s] 💾 Checkpoint
2026-02-03T11:18:39.194638 [16820s] BTC: $78,125.32 (4ex, -0.048%) | 15m: 0.39/0.42 | 1h: N/A | P&L: $+3.00 (51)
2026-02-03T11:19:39.261486 [16880s] BTC: $78,080.33 (4ex, -0.058%) | 15m: 0.24/0.27 | 1h: N/A | P&L: $+3.00 (51)
2026-02-03T11:20:38.333156 [16940s] 📉 15M MEAN-REV: K@0.17 (extreme low) + BTC stable → YES
2026-02-03T11:20:39.335149 [16941s] BTC: $78,048.19 (4ex, -0.041%) | 15m: 0.15/0.17 | 1h: N/A | P&L: $+3.00 (51)
2026-02-03T11:21:09.390407 [16971s] ✅ 15M mean_reversion_low CLOSE (PROFIT): $+0.50 | Total: $+3.50
2026-02-03T11:21:39.428124 [17001s] BTC: $78,077.20 (4ex, +0.037%) | 15m: 0.18/0.20 | 1h: N/A | P&L: $+3.50 (52)
2026-02-03T11:22:39.498741 [17061s] 📉 15M MEAN-REV: K@0.17 (extreme low) + BTC stable → YES
2026-02-03T11:22:39.499311 [17061s] BTC: $78,080.98 (4ex, +0.005%) | 15m: 0.15/0.17 | 1h: N/A | P&L: $+3.50 (52)
2026-02-03T11:23:09.550582 [17091s] ❌ 15M mean_reversion_low CLOSE (STOP(-25%)): $-0.60 | Total: $+2.90
2026-02-03T11:23:18.559629 [17100s] 💾 Checkpoint
2026-02-03T11:23:39.584564 [17121s] BTC: $78,093.94 (4ex, +0.017%) | 15m: 0.11/0.14 | 1h: N/A | P&L: $+2.90 (53)
2026-02-03T11:24:09.622889 [17151s] 📉 15M MEAN-REV: K@0.19 (extreme low) + BTC stable → YES
2026-02-03T11:24:10.624693 [17152s] ❌ 15M mean_reversion_low CLOSE (STOP(-25%)): $-0.90 | Total: $+2.00
2026-02-03T11:24:39.659941 [17181s] BTC: $78,100.25 (4ex, +0.008%) | 15m: 0.10/0.12 | 1h: N/A | P&L: $+2.00 (54)
2026-02-03T11:25:39.733914 [17241s] BTC: $78,076.20 (4ex, -0.031%) | 15m: 0.09/0.11 | 1h: N/A | P&L: $+2.00 (54)
2026-02-03T11:26:39.810701 [17301s] BTC: $77,974.69 (4ex, -0.130%) | 15m: 0.03/0.04 | 1h: N/A | P&L: $+2.00 (54)
2026-02-03T11:27:39.889962 [17361s] BTC: $77,970.10 (4ex, -0.006%) | 15m: 0.01/0.02 | 1h: N/A | P&L: $+2.00 (54)
2026-02-03T11:28:18.566377 [17400s] 💾 Checkpoint
2026-02-03T11:28:39.966051 [17421s] BTC: $77,989.19 (4ex, +0.019%) | 15m: 0.00/0.01 | 1h: N/A | P&L: $+2.00 (54)
2026-02-03T11:29:40.043204 [17481s] BTC: $77,991.25 (4ex, +0.003%) | 15m: 0.00/0.01 | 1h: N/A | P&L: $+2.00 (54)
2026-02-03T11:30:13.084401 [17514s] 🔄 15M transition
2026-02-03T11:30:14.085971 [17515s] 🔄 15M transition
2026-02-03T11:30:15.087070 [17516s] 🔄 15M transition
2026-02-03T11:30:16.088004 [17517s] 🔄 15M transition
2026-02-03T11:30:17.088934 [17518s] 🔄 15M transition
2026-02-03T11:30:40.114343 [17541s] BTC: $78,004.12 (4ex, +0.017%) | 15m: 0.55/0.58 | 1h: N/A | P&L: $+2.00 (54)
2026-02-03T11:31:40.184349 [17601s] BTC: $77,977.51 (4ex, -0.034%) | 15m: 0.54/0.56 | 1h: N/A | P&L: $+2.00 (54)
2026-02-03T11:32:40.261208 [17661s] BTC: $77,962.89 (4ex, -0.019%) | 15m: 0.35/0.37 | 1h: N/A | P&L: $+2.00 (54)
2026-02-03T11:33:18.573498 [17700s] 💾 Checkpoint
2026-02-03T11:33:39.332987 [17721s] 🎯 15M DELAY: BTC +0.151% K +0.0% → YES@$0.70
2026-02-03T11:33:40.334622 [17722s] BTC: $78,086.84 (4ex, +0.140%) | 15m: 0.69/0.70 | 1h: N/A | P&L: $+2.00 (54)
2026-02-03T11:33:45.343631 [17727s] ✅ 15M delay_arb CLOSE (PROFIT): $+1.40 | Total: $+3.40
2026-02-03T11:34:40.402425 [17782s] BTC: $78,070.29 (4ex, -0.056%) | 15m: 0.76/0.77 | 1h: N/A | P&L: $+3.40 (55)
2026-02-03T11:35:25.456006 [17827s] 🎯 15M DELAY: BTC +0.150% K +0.0% → YES@$0.88
2026-02-03T11:35:40.483961 [17842s] BTC: $78,179.60 (4ex, +0.140%) | 15m: 0.85/0.88 | 1h: N/A | P&L: $+3.40 (55)
2026-02-03T11:36:40.584254 [17902s] BTC: $78,148.47 (4ex, -0.040%) | 15m: 0.87/0.89 | 1h: N/A | P&L: $+3.40 (55)
2026-02-03T11:37:40.669344 [17962s] BTC: $78,188.17 (4ex, +0.051%) | 15m: 0.93/0.94 | 1h: N/A | P&L: $+3.40 (55)
2026-02-03T11:38:18.580838 [18000s] 💾 Checkpoint
2026-02-03T11:38:40.766161 [18022s] BTC: $78,180.48 (4ex, -0.010%) | 15m: 0.94/0.97 | 1h: N/A | P&L: $+3.40 (55)
2026-02-03T11:39:40.867551 [18082s] BTC: $78,141.42 (4ex, -0.050%) | 15m: 0.91/0.95 | 1h: N/A | P&L: $+3.40 (55)
2026-02-03T11:40:40.963338 [18142s] BTC: $78,192.45 (4ex, +0.121%) | 15m: 0.89/0.92 | 1h: N/A | P&L: $+3.40 (55)
2026-02-03T11:40:48.976469 [18150s] ✅ 15M delay_arb CLOSE (PROFIT): $+0.80 | Total: $+4.20
2026-02-03T11:41:41.032945 [18202s] BTC: $78,175.35 (4ex, -0.022%) | 15m: 0.96/0.97 | 1h: N/A | P&L: $+4.20 (56)
2026-02-03T11:42:41.103568 [18262s] BTC: $78,174.49 (4ex, -0.001%) | 15m: 0.98/0.99 | 1h: N/A | P&L: $+4.20 (56)
2026-02-03T11:43:18.589005 [18300s] 💾 Checkpoint
2026-02-03T11:43:41.171717 [18322s] BTC: $78,178.04 (4ex, +0.005%) | 15m: 0.99/1.00 | 1h: N/A | P&L: $+4.20 (56)
2026-02-03T11:44:41.256355 [18382s] BTC: $78,159.38 (4ex, -0.024%) | 15m: 0.99/1.00 | 1h: N/A | P&L: $+4.20 (56)
2026-02-03T11:45:21.308362 [18423s] 🔄 15M transition
2026-02-03T11:45:22.308914 [18424s] 🔄 15M transition
2026-02-03T11:45:23.309705 [18425s] 🔄 15M transition
2026-02-03T11:45:24.311179 [18426s] 🔄 15M transition
2026-02-03T11:45:25.312183 [18427s] 🔄 15M transition
2026-02-03T11:45:41.333148 [18443s] BTC: $78,161.29 (4ex, +0.002%) | 15m: 0.45/0.55 | 1h: N/A | P&L: $+4.20 (56)
2026-02-03T11:46:41.411922 [18503s] BTC: $78,251.31 (4ex, +0.115%) | 15m: 0.72/0.73 | 1h: N/A | P&L: $+4.20 (56)
2026-02-03T11:47:41.485952 [18563s] BTC: $78,215.16 (4ex, -0.045%) | 15m: 0.67/0.71 | 1h: N/A | P&L: $+4.20 (56)
2026-02-03T11:48:18.598139 [18600s] 💾 Checkpoint
2026-02-03T11:48:41.558662 [18623s] BTC: $78,259.46 (4ex, +0.057%) | 15m: 0.66/0.71 | 1h: N/A | P&L: $+4.20 (56)
2026-02-03T11:49:41.628157 [18683s] BTC: $78,247.40 (4ex, -0.015%) | 15m: 0.73/0.74 | 1h: N/A | P&L: $+4.20 (56)
2026-02-03T11:50:41.713676 [18743s] BTC: $78,215.08 (4ex, -0.041%) | 15m: 0.63/0.66 | 1h: N/A | P&L: $+4.20 (56)
2026-02-03T11:51:41.789726 [18803s] BTC: $78,215.47 (4ex, +0.000%) | 15m: 0.66/0.70 | 1h: N/A | P&L: $+4.20 (56)
2026-02-03T11:52:41.866776 [18863s] BTC: $78,194.63 (4ex, -0.027%) | 15m: 0.55/0.58 | 1h: N/A | P&L: $+4.20 (56)
2026-02-03T11:53:18.604494 [18900s] 💾 Checkpoint
2026-02-03T11:53:41.946419 [18923s] BTC: $78,190.67 (4ex, -0.005%) | 15m: 0.60/0.61 | 1h: N/A | P&L: $+4.20 (56)
2026-02-03T11:54:42.026268 [18983s] BTC: $78,147.83 (4ex, -0.055%) | 15m: 0.33/0.37 | 1h: N/A | P&L: $+4.20 (56)
2026-02-03T11:55:42.102145 [19043s] BTC: $78,203.55 (4ex, +0.066%) | 15m: 0.65/0.66 | 1h: N/A | P&L: $+4.20 (56)
2026-02-03T11:56:42.175989 [19103s] BTC: $78,225.52 (4ex, +0.028%) | 15m: 0.76/0.79 | 1h: N/A | P&L: $+4.20 (56)
2026-02-03T11:57:42.255350 [19163s] BTC: $78,201.97 (4ex, -0.032%) | 15m: 0.82/0.85 | 1h: N/A | P&L: $+4.20 (56)
2026-02-03T11:58:18.612357 [19200s] 💾 Checkpoint
2026-02-03T11:58:42.332570 [19224s] BTC: $78,075.00 (4ex, -0.147%) | 15m: 0.05/0.06 | 1h: N/A | P&L: $+4.20 (56)
2026-02-03T11:59:42.390141 [19284s] BTC: $78,042.25 (4ex, -0.042%) | 15m: 0.00/0.01 | 1h: N/A | P&L: $+4.20 (56)
2026-02-03T12:00:28.443395 [19330s] 🔄 15M transition
2026-02-03T12:00:29.444403 [19331s] 🔄 15M transition
2026-02-03T12:00:30.445205 [19332s] 🔄 15M transition
2026-02-03T12:00:31.446100 [19333s] 🔄 15M transition
2026-02-03T12:00:32.447416 [19334s] 🔄 15M transition
2026-02-03T12:00:42.456977 [19344s] BTC: $78,060.30 (4ex, +0.023%) | 15m: 0.37/0.43 | 1h: N/A | P&L: $+4.20 (56)
2026-02-03T12:01:42.522280 [19404s] BTC: $78,015.90 (4ex, -0.057%) | 15m: 0.50/0.52 | 1h: N/A | P&L: $+4.20 (56)
2026-02-03T12:02:42.586554 [19464s] BTC: $78,006.44 (4ex, -0.012%) | 15m: 0.43/0.48 | 1h: N/A | P&L: $+4.20 (56)
2026-02-03T12:03:18.619380 [19500s] 💾 Checkpoint
2026-02-03T12:03:42.648062 [19524s] BTC: $77,964.26 (4ex, +0.002%) | 15m: 0.29/0.31 | 1h: N/A | P&L: $+4.20 (56)
2026-02-03T12:04:42.716118 [19584s] BTC: $77,979.61 (4ex, +0.013%) | 15m: 0.41/0.45 | 1h: N/A | P&L: $+4.20 (56)
2026-02-03T12:05:42.775165 [19644s] BTC: $77,957.69 (4ex, -0.028%) | 15m: 0.35/0.36 | 1h: N/A | P&L: $+4.20 (56)
2026-02-03T12:06:42.837604 [19704s] BTC: $77,993.43 (4ex, +0.055%) | 15m: 0.44/0.48 | 1h: N/A | P&L: $+4.20 (56)
2026-02-03T12:07:42.895614 [19764s] BTC: $77,993.61 (4ex, +0.023%) | 15m: 0.38/0.42 | 1h: N/A | P&L: $+4.20 (56)
2026-02-03T12:08:18.627029 [19800s] 💾 Checkpoint
2026-02-03T12:08:42.964425 [19824s] BTC: $78,046.02 (4ex, +0.067%) | 15m: 0.73/0.74 | 1h: N/A | P&L: $+4.20 (56)
2026-02-03T12:09:43.033409 [19884s] BTC: $78,047.76 (4ex, +0.002%) | 15m: 0.68/0.70 | 1h: N/A | P&L: $+4.20 (56)
2026-02-03T12:10:43.119471 [19944s] BTC: $78,035.20 (4ex, -0.016%) | 15m: 0.58/0.60 | 1h: N/A | P&L: $+4.20 (56)
2026-02-03T12:11:43.185408 [20004s] BTC: $78,041.32 (4ex, +0.008%) | 15m: 0.60/0.64 | 1h: N/A | P&L: $+4.20 (56)
2026-02-03T12:12:43.253233 [20064s] BTC: $78,087.65 (4ex, +0.059%) | 15m: 0.89/0.91 | 1h: N/A | P&L: $+4.20 (56)
2026-02-03T12:13:18.632413 [20100s] 💾 Checkpoint
2026-02-03T12:13:43.325571 [20125s] BTC: $78,231.09 (4ex, +0.054%) | 15m: 0.99/1.00 | 1h: N/A | P&L: $+4.20 (56)
2026-02-03T12:14:43.389553 [20185s] BTC: $78,163.41 (4ex, -0.086%) | 15m: 0.99/1.00 | 1h: N/A | P&L: $+4.20 (56)
2026-02-03T12:15:06.414658 [20208s] 🔄 15M transition
2026-02-03T12:15:07.415561 [20209s] 🔄 15M transition
2026-02-03T12:15:08.417049 [20210s] 🔄 15M transition
2026-02-03T12:15:09.418117 [20211s] 🔄 15M transition
2026-02-03T12:15:10.419683 [20212s] 🔄 15M transition
2026-02-03T12:15:43.455462 [20245s] BTC: $78,117.24 (4ex, -0.059%) | 15m: 0.55/0.56 | 1h: N/A | P&L: $+4.20 (56)
2026-02-03T12:16:43.525409 [20305s] BTC: $78,109.04 (4ex, -0.010%) | 15m: 0.36/0.38 | 1h: N/A | P&L: $+4.20 (56)
2026-02-03T12:17:43.605071 [20365s] BTC: $78,109.87 (4ex, +0.001%) | 15m: 0.35/0.36 | 1h: N/A | P&L: $+4.20 (56)
2026-02-03T12:18:18.640678 [20400s] 💾 Checkpoint
2026-02-03T12:18:43.675613 [20425s] BTC: $78,119.80 (4ex, +0.013%) | 15m: 0.37/0.38 | 1h: N/A | P&L: $+4.20 (56)
2026-02-03T12:19:43.771137 [20485s] BTC: $78,096.63 (4ex, -0.030%) | 15m: 0.30/0.31 | 1h: N/A | P&L: $+4.20 (56)
2026-02-03T12:20:43.836529 [20545s] BTC: $78,124.42 (4ex, +0.036%) | 15m: 0.28/0.29 | 1h: N/A | P&L: $+4.20 (56)
2026-02-03T12:21:43.899777 [20605s] BTC: $78,174.07 (4ex, +0.064%) | 15m: 0.57/0.59 | 1h: N/A | P&L: $+4.20 (56)
2026-02-03T12:22:43.987417 [20665s] BTC: $78,138.90 (4ex, -0.045%) | 15m: 0.42/0.46 | 1h: N/A | P&L: $+4.20 (56)
2026-02-03T12:23:18.647723 [20700s] 💾 Checkpoint
2026-02-03T12:23:44.068473 [20725s] BTC: $78,100.31 (4ex, -0.051%) | 15m: 0.18/0.21 | 1h: N/A | P&L: $+4.20 (56)
2026-02-03T12:23:45.070890 [20726s] 📉 15M MEAN-REV: K@0.21 (extreme low) + BTC stable → YES
2026-02-03T12:24:11.119028 [20752s] ✅ 15M mean_reversion_low CLOSE (PROFIT): $+0.20 | Total: $+4.40
2026-02-03T12:24:44.161170 [20785s] BTC: $78,121.77 (4ex, +0.026%) | 15m: 0.22/0.26 | 1h: N/A | P&L: $+4.40 (57)
2026-02-03T12:25:44.238616 [20845s] BTC: $78,151.91 (4ex, +0.039%) | 15m: 0.51/0.54 | 1h: N/A | P&L: $+4.40 (57)
2026-02-03T12:26:44.318159 [20906s] BTC: $78,170.37 (4ex, +0.024%) | 15m: 0.54/0.56 | 1h: N/A | P&L: $+4.40 (57)
2026-02-03T12:27:44.385969 [20966s] BTC: $78,184.73 (4ex, +0.018%) | 15m: 0.84/0.87 | 1h: N/A | P&L: $+4.40 (57)
2026-02-03T12:28:18.653828 [21000s] 💾 Checkpoint
2026-02-03T12:28:44.467141 [21026s] BTC: $78,181.13 (4ex, -0.005%) | 15m: 0.80/0.83 | 1h: N/A | P&L: $+4.40 (57)
2026-02-03T12:29:44.562873 [21086s] BTC: $78,234.74 (4ex, +0.069%) | 15m: 0.99/1.00 | 1h: N/A | P&L: $+4.40 (57)
2026-02-03T12:30:13.597403 [21115s] 🔄 15M transition
2026-02-03T12:30:14.598591 [21116s] 🔄 15M transition
2026-02-03T12:30:15.599213 [21117s] 🔄 15M transition
2026-02-03T12:30:16.600071 [21118s] 🔄 15M transition
2026-02-03T12:30:17.601446 [21119s] 🔄 15M transition
2026-02-03T12:30:44.627767 [21146s] BTC: $78,213.37 (4ex, -0.027%) | 15m: 0.45/0.48 | 1h: N/A | P&L: $+4.40 (57)
2026-02-03T12:31:44.681669 [21206s] BTC: $78,238.97 (4ex, +0.033%) | 15m: 0.46/0.54 | 1h: N/A | P&L: $+4.40 (57)
2026-02-03T12:32:44.739301 [21266s] BTC: $78,237.88 (4ex, -0.004%) | 15m: 0.51/0.55 | 1h: N/A | P&L: $+4.40 (57)
2026-02-03T12:33:18.661208 [21300s] 💾 Checkpoint
2026-02-03T12:33:44.812776 [21326s] BTC: $78,249.11 (4ex, +0.014%) | 15m: 0.52/0.54 | 1h: N/A | P&L: $+4.40 (57)
2026-02-03T12:34:44.883007 [21386s] BTC: $78,165.11 (4ex, -0.033%) | 15m: 0.30/0.32 | 1h: N/A | P&L: $+4.40 (57)
2026-02-03T12:35:44.948315 [21446s] BTC: $78,160.61 (4ex, -0.005%) | 15m: 0.22/0.23 | 1h: N/A | P&L: $+4.40 (57)
2026-02-03T12:36:45.003680 [21506s] BTC: $78,182.24 (4ex, +0.032%) | 15m: 0.23/0.25 | 1h: N/A | P&L: $+4.40 (57)
2026-02-03T12:37:45.087263 [21566s] BTC: $78,215.62 (4ex, +0.044%) | 15m: 0.35/0.39 | 1h: N/A | P&L: $+4.40 (57)
2026-02-03T12:38:18.667709 [21600s] 💾 Checkpoint
2026-02-03T12:38:45.158257 [21626s] BTC: $78,246.51 (4ex, +0.039%) | 15m: 0.53/0.56 | 1h: N/A | P&L: $+4.40 (57)
2026-02-03T12:39:45.232033 [21686s] BTC: $78,270.56 (4ex, +0.031%) | 15m: 0.53/0.56 | 1h: N/A | P&L: $+4.40 (57)
2026-02-03T12:40:45.305106 [21747s] BTC: $78,252.12 (4ex, -0.021%) | 15m: 0.55/0.59 | 1h: N/A | P&L: $+4.40 (57)
2026-02-03T12:41:45.369304 [21807s] BTC: $78,255.82 (4ex, +0.001%) | 15m: 0.40/0.44 | 1h: N/A | P&L: $+4.40 (57)
2026-02-03T12:42:45.441600 [21867s] BTC: $78,250.88 (4ex, -0.008%) | 15m: 0.31/0.32 | 1h: N/A | P&L: $+4.40 (57)
2026-02-03T12:43:18.675637 [21900s] 💾 Checkpoint
2026-02-03T12:43:45.518223 [21927s] BTC: $78,233.68 (4ex, -0.023%) | 15m: 0.44/0.47 | 1h: N/A | P&L: $+4.40 (57)
2026-02-03T12:44:45.595169 [21987s] BTC: $78,255.15 (4ex, +0.049%) | 15m: 0.00/0.01 | 1h: N/A | P&L: $+4.40 (57)
2026-02-03T12:45:21.640870 [22023s] 🔄 15M transition
2026-02-03T12:45:22.642600 [22024s] 🔄 15M transition
2026-02-03T12:45:23.643726 [22025s] 🔄 15M transition
2026-02-03T12:45:24.645653 [22026s] 🔄 15M transition
2026-02-03T12:45:25.646927 [22027s] 🔄 15M transition
2026-02-03T12:45:45.669179 [22047s] BTC: $78,200.92 (4ex, +0.019%) | 15m: 0.45/0.55 | 1h: N/A | P&L: $+4.40 (57)
2026-02-03T12:46:45.762571 [22107s] BTC: $78,267.58 (4ex, +0.058%) | 15m: 0.60/0.64 | 1h: N/A | P&L: $+4.40 (57)
2026-02-03T12:47:45.830644 [22167s] BTC: $78,317.08 (4ex, +0.024%) | 15m: 0.74/0.76 | 1h: N/A | P&L: $+4.40 (57)
2026-02-03T12:48:18.682301 [22200s] 💾 Checkpoint
2026-02-03T12:48:45.908293 [22227s] BTC: $78,325.92 (4ex, +0.011%) | 15m: 0.77/0.80 | 1h: N/A | P&L: $+4.40 (57)
2026-02-03T12:49:23.961750 [22265s] 📈 15M MEAN-REV: K@0.81 (extreme high) + BTC stable → NO
2026-02-03T12:49:46.001099 [22287s] BTC: $78,345.39 (4ex, +0.018%) | 15m: 0.81/0.82 | 1h: N/A | P&L: $+4.40 (57)
2026-02-03T12:50:46.095553 [22347s] BTC: $78,325.26 (4ex, -0.026%) | 15m: 0.78/0.81 | 1h: N/A | P&L: $+4.40 (57)
2026-02-03T12:50:54.108762 [22355s] ❌ 15M mean_reversion_high CLOSE (STOP(-25%)): $-0.70 | Total: $+3.70
2026-02-03T12:51:46.168231 [22407s] BTC: $78,273.31 (4ex, -0.059%) | 15m: 0.57/0.61 | 1h: N/A | P&L: $+3.70 (58)
2026-02-03T12:52:46.232903 [22467s] BTC: $78,265.68 (4ex, -0.013%) | 15m: 0.62/0.66 | 1h: N/A | P&L: $+3.70 (58)
2026-02-03T12:53:18.688450 [22500s] 💾 Checkpoint
2026-02-03T12:53:46.292765 [22527s] BTC: $78,293.31 (4ex, +0.036%) | 15m: 0.72/0.75 | 1h: N/A | P&L: $+3.70 (58)
2026-02-03T12:54:46.351710 [22588s] BTC: $78,304.10 (4ex, +0.013%) | 15m: 0.78/0.79 | 1h: N/A | P&L: $+3.70 (58)
2026-02-03T12:54:56.361349 [22598s] 📈 15M MEAN-REV: K@0.87 (extreme high) + BTC stable → NO
2026-02-03T12:55:26.408430 [22628s] ✅ 15M mean_reversion_high CLOSE (PROFIT): $+0.50 | Total: $+4.20
2026-02-03T12:55:46.425332 [22648s] BTC: $78,338.97 (4ex, -0.001%) | 15m: 0.90/0.92 | 1h: N/A | P&L: $+4.20 (59)
2026-02-03T12:56:46.485494 [22708s] BTC: $78,347.97 (4ex, +0.011%) | 15m: 0.95/0.97 | 1h: N/A | P&L: $+4.20 (59)
2026-02-03T12:57:46.553187 [22768s] BTC: $78,333.27 (4ex, -0.019%) | 15m: 0.96/0.98 | 1h: N/A | P&L: $+4.20 (59)
2026-02-03T12:58:18.695857 [22800s] 💾 Checkpoint
2026-02-03T12:58:46.614155 [22828s] BTC: $78,297.77 (4ex, -0.041%) | 15m: 0.96/0.97 | 1h: N/A | P&L: $+4.20 (59)
2026-02-03T12:59:46.683320 [22888s] BTC: $78,271.46 (4ex, -0.034%) | 15m: 0.99/1.00 | 1h: N/A | P&L: $+4.20 (59)
2026-02-03T13:00:29.734598 [22931s] 🔄 15M transition
2026-02-03T13:00:30.735870 [22932s] 🔄 15M transition
2026-02-03T13:00:31.736567 [22933s] 🔄 15M transition
2026-02-03T13:00:32.738106 [22934s] 🔄 15M transition
2026-02-03T13:00:33.739000 [22935s] 🔄 15M transition
2026-02-03T13:00:46.754363 [22948s] BTC: $78,294.77 (4ex, +0.030%) | 15m: 0.45/0.55 | 1h: N/A | P&L: $+4.20 (59)
2026-02-03T13:01:46.826605 [23008s] BTC: $78,217.00 (4ex, -0.097%) | 15m: 0.34/0.36 | 1h: N/A | P&L: $+4.20 (59)
2026-02-03T13:02:46.894312 [23068s] BTC: $78,206.19 (4ex, -0.018%) | 15m: 0.23/0.27 | 1h: N/A | P&L: $+4.20 (59)
2026-02-03T13:03:18.703854 [23100s] 💾 Checkpoint
2026-02-03T13:03:46.959287 [23128s] BTC: $78,221.80 (4ex, +0.006%) | 15m: 0.33/0.37 | 1h: N/A | P&L: $+4.20 (59)
2026-02-03T13:04:47.022661 [23188s] BTC: $78,193.85 (4ex, -0.030%) | 15m: 0.24/0.27 | 1h: N/A | P&L: $+4.20 (59)
2026-02-03T13:05:47.103731 [23248s] BTC: $78,193.04 (4ex, +0.004%) | 15m: 0.22/0.23 | 1h: N/A | P&L: $+4.20 (59)
2026-02-03T13:06:47.170186 [23308s] BTC: $78,333.44 (4ex, +0.066%) | 15m: 0.65/0.68 | 1h: N/A | P&L: $+4.20 (59)
2026-02-03T13:07:05.191149 [23326s] 📈 15M MEAN-REV: K@0.83 (extreme high) + BTC stable → NO
2026-02-03T13:07:33.238706 [23354s] ❌ 15M mean_reversion_high CLOSE (STOP(-25%)): $-0.50 | Total: $+3.70
2026-02-03T13:07:47.251968 [23368s] BTC: $78,322.83 (4ex, +0.029%) | 15m: 0.74/0.78 | 1h: N/A | P&L: $+3.70 (60)
2026-02-03T13:08:18.709539 [23400s] 💾 Checkpoint
2026-02-03T13:08:47.316400 [23429s] BTC: $78,344.14 (4ex, +0.019%) | 15m: 0.78/0.80 | 1h: N/A | P&L: $+3.70 (60)
2026-02-03T13:09:47.394537 [23489s] BTC: $78,312.39 (4ex, -0.002%) | 15m: 0.44/0.47 | 1h: N/A | P&L: $+3.70 (60)
2026-02-03T13:10:47.469505 [23549s] BTC: $78,295.33 (4ex, -0.020%) | 15m: 0.49/0.54 | 1h: N/A | P&L: $+3.70 (60)
2026-02-03T13:11:47.537865 [23609s] BTC: $78,327.04 (4ex, +0.040%) | 15m: 0.72/0.76 | 1h: N/A | P&L: $+3.70 (60)
2026-02-03T13:12:47.608758 [23669s] BTC: $78,307.32 (4ex, -0.024%) | 15m: 0.79/0.82 | 1h: N/A | P&L: $+3.70 (60)
2026-02-03T13:13:18.718299 [23700s] 💾 Checkpoint
2026-02-03T13:13:47.678287 [23729s] BTC: $78,299.03 (4ex, -0.018%) | 15m: 0.77/0.86 | 1h: N/A | P&L: $+3.70 (60)
2026-02-03T13:14:47.755380 [23789s] BTC: $78,335.15 (4ex, +0.033%) | 15m: 0.99/1.00 | 1h: N/A | P&L: $+3.70 (60)
2026-02-03T13:15:06.780571 [23808s] 🔄 15M transition
2026-02-03T13:15:07.781651 [23809s] 🔄 15M transition
2026-02-03T13:15:08.782689 [23810s] 🔄 15M transition
2026-02-03T13:15:09.784093 [23811s] 🔄 15M transition
2026-02-03T13:15:10.785165 [23812s] 🔄 15M transition
2026-02-03T13:15:47.825695 [23849s] BTC: $78,301.74 (4ex, -0.041%) | 15m: 0.34/0.50 | 1h: N/A | P&L: $+3.70 (60)
2026-02-03T13:16:47.894152 [23909s] BTC: $78,335.13 (4ex, +0.040%) | 15m: 0.50/0.52 | 1h: N/A | P&L: $+3.70 (60)
2026-02-03T13:17:47.960055 [23969s] BTC: $78,320.91 (4ex, -0.018%) | 15m: 0.41/0.45 | 1h: N/A | P&L: $+3.70 (60)
2026-02-03T13:18:18.727351 [24000s] 💾 Checkpoint
2026-02-03T13:18:48.023523 [24029s] BTC: $78,304.99 (4ex, -0.020%) | 15m: 0.39/0.42 | 1h: N/A | P&L: $+3.70 (60)
2026-02-03T13:19:48.094930 [24089s] BTC: $78,276.04 (4ex, -0.021%) | 15m: 0.29/0.31 | 1h: N/A | P&L: $+3.70 (60)
2026-02-03T13:20:48.158899 [24149s] BTC: $78,233.68 (4ex, -0.053%) | 15m: 0.22/0.23 | 1h: N/A | P&L: $+3.70 (60)
2026-02-03T13:21:12.185265 [24173s] 📉 15M MEAN-REV: K@0.16 (extreme low) + BTC stable → YES
2026-02-03T13:21:48.245268 [24209s] BTC: $78,202.88 (4ex, -0.039%) | 15m: 0.14/0.18 | 1h: N/A | P&L: $+3.70 (60)
2026-02-03T13:22:00.266755 [24221s] ❌ 15M mean_reversion_low CLOSE (STOP(-25%)): $-0.50 | Total: $+3.20
2026-02-03T13:22:48.321493 [24270s] BTC: $78,211.18 (4ex, +0.007%) | 15m: 0.15/0.18 | 1h: N/A | P&L: $+3.20 (61)
2026-02-03T13:23:00.346323 [24282s] 📉 15M MEAN-REV: K@0.18 (extreme low) + BTC stable → YES
2026-02-03T13:23:01.348322 [24283s] ❌ 15M mean_reversion_low CLOSE (STOP(-25%)): $-0.80 | Total: $+2.40
2026-02-03T13:23:18.732892 [24300s] 💾 Checkpoint
2026-02-03T13:23:48.403268 [24330s] BTC: $78,213.66 (4ex, +0.040%) | 15m: 0.04/0.06 | 1h: N/A | P&L: $+2.40 (62)
2026-02-03T13:24:01.420988 [24343s] 📉 15M MEAN-REV: K@0.19 (extreme low) + BTC stable → YES
2026-02-03T13:24:31.468625 [24373s] ❌ 15M mean_reversion_low CLOSE (STOP(-25%)): $-1.30 | Total: $+1.10
2026-02-03T13:24:48.487088 [24390s] BTC: $78,199.69 (4ex, -0.018%) | 15m: 0.06/0.08 | 1h: N/A | P&L: $+1.10 (63)
2026-02-03T13:25:48.573407 [24450s] BTC: $78,221.08 (4ex, +0.027%) | 15m: 0.09/0.10 | 1h: N/A | P&L: $+1.10 (63)
2026-02-03T13:26:48.654086 [24510s] BTC: $78,213.34 (4ex, -0.010%) | 15m: 0.03/0.05 | 1h: N/A | P&L: $+1.10 (63)
2026-02-03T13:27:48.721481 [24570s] BTC: $78,243.30 (4ex, +0.031%) | 15m: 0.01/0.03 | 1h: N/A | P&L: $+1.10 (63)
2026-02-03T13:28:18.740043 [24600s] 💾 Checkpoint
2026-02-03T13:28:48.793826 [24630s] BTC: $78,230.24 (4ex, -0.017%) | 15m: 0.01/0.02 | 1h: N/A | P&L: $+1.10 (63)
2026-02-03T13:29:48.860979 [24690s] BTC: $78,347.09 (4ex, +0.122%) | 15m: 0.00/0.01 | 1h: N/A | P&L: $+1.10 (63)
2026-02-03T13:30:04.896835 [24706s] 🔄 15M transition
2026-02-03T13:30:05.897768 [24707s] 🔄 15M transition
2026-02-03T13:30:06.899352 [24708s] 🔄 15M transition
2026-02-03T13:30:07.900736 [24709s] 🔄 15M transition
2026-02-03T13:30:08.901658 [24710s] 🔄 15M transition
2026-02-03T13:30:48.954866 [24750s] BTC: $78,358.06 (4ex, -0.003%) | 15m: 0.66/0.67 | 1h: N/A | P&L: $+1.10 (63)
2026-02-03T13:31:49.033006 [24810s] BTC: $78,319.46 (4ex, -0.049%) | 15m: 0.54/0.58 | 1h: N/A | P&L: $+1.10 (63)
2026-02-03T13:32:49.101424 [24870s] BTC: $78,276.03 (4ex, -0.060%) | 15m: 0.46/0.48 | 1h: N/A | P&L: $+1.10 (63)
2026-02-03T13:33:18.749018 [24900s] 💾 Checkpoint
2026-02-03T13:33:49.184041 [24930s] BTC: $78,251.13 (4ex, -0.031%) | 15m: 0.34/0.39 | 1h: N/A | P&L: $+1.10 (63)
2026-02-03T13:34:49.256912 [24990s] BTC: $78,279.37 (4ex, +0.036%) | 15m: 0.42/0.44 | 1h: N/A | P&L: $+1.10 (63)
2026-02-03T13:35:49.329026 [25051s] BTC: $78,272.23 (4ex, -0.009%) | 15m: 0.38/0.42 | 1h: N/A | P&L: $+1.10 (63)
2026-02-03T13:36:49.412344 [25111s] BTC: $78,262.66 (4ex, -0.012%) | 15m: 0.34/0.39 | 1h: N/A | P&L: $+1.10 (63)
2026-02-03T13:37:49.480488 [25171s] BTC: $78,343.68 (4ex, +0.104%) | 15m: 0.47/0.49 | 1h: N/A | P&L: $+1.10 (63)
2026-02-03T13:38:18.754654 [25200s] 💾 Checkpoint
2026-02-03T13:38:49.539941 [25231s] BTC: $78,325.18 (4ex, -0.036%) | 15m: 0.59/0.63 | 1h: N/A | P&L: $+1.10 (63)
2026-02-03T13:39:49.612219 [25291s] BTC: $78,309.61 (4ex, -0.019%) | 15m: 0.50/0.53 | 1h: N/A | P&L: $+1.10 (63)
2026-02-03T13:40:49.695826 [25351s] BTC: $78,301.97 (4ex, -0.009%) | 15m: 0.51/0.56 | 1h: N/A | P&L: $+1.10 (63)
2026-02-03T13:41:49.759226 [25411s] BTC: $78,265.07 (4ex, -0.047%) | 15m: 0.19/0.22 | 1h: N/A | P&L: $+1.10 (63)
2026-02-03T13:42:24.160576 
⚠️ SIGNAL RECEIVED: SIGTERM (signum=15) at 2026-02-03T13:42:24.160510
2026-02-03T13:42:24.804318 
======================================================================
SUMMARY
======================================================================
Duration: 424min | Signals: 63
Trades: 63 | P&L: $+1.10
mean_reversion_low: 29 trades, 17% win, $-12.00
mean_reversion_high: 26 trades, 88% win, $+5.70
delay_arb: 8 trades, 100% win, $+7.40
======================================================================

