2026-02-02T17:19:19.149191 [   26s] ⚡ CRASH: K dropped -25.5% → YES @ $0.44
2026-02-02T17:19:49.182691 [   56s] ✅ CLOSE (PROFIT): $+1.60 [WIN] | Total: $+1.60
2026-02-02T17:19:53.185301 [   60s] BRTI*: $79,037.71 (4ex, +0.086%) | K: 0.60/0.63 | P&L: $+1.60 (1)
2026-02-02T17:20:53.243769 [  120s] BRTI*: $79,117.43 (4ex, -0.007%) | K: 0.83/0.84 | P&L: $+1.60 (1)
2026-02-02T17:21:53.311686 [  180s] BRTI*: $79,105.07 (4ex, -0.015%) | K: 0.84/0.86 | P&L: $+1.60 (1)
2026-02-02T17:22:53.366911 [  240s] BRTI*: $79,120.55 (4ex, +0.022%) | K: 0.80/0.83 | P&L: $+1.60 (1)
2026-02-02T17:23:53.428718 [  300s] BRTI*: $79,170.37 (4ex, +0.012%) | K: 0.90/0.92 | P&L: $+1.60 (1)
2026-02-02T17:24:53.489175 [  360s] BRTI*: $79,172.14 (4ex, -0.015%) | K: 0.91/0.96 | P&L: $+1.60 (1)
2026-02-02T17:25:15.514067 [  382s] 🎯 DELAY: BTC -0.150% K +0.0% → NO @ $0.10
2026-02-02T17:25:15.514137 [  382s] ✅ CLOSE (PROFIT): $+0.30 [WIN] | Total: $+1.90
2026-02-02T17:25:16.515727 [  383s] 🎯 DELAY: BTC -0.162% K +0.0% → NO @ $0.10
2026-02-02T17:25:16.515816 [  383s] ✅ CLOSE (PROFIT): $+0.30 [WIN] | Total: $+2.20
2026-02-02T17:25:17.516433 [  384s] 🎯 DELAY: BTC -0.161% K +0.0% → NO @ $0.10
2026-02-02T17:25:17.516499 [  384s] ✅ CLOSE (PROFIT): $+0.30 [WIN] | Total: $+2.50
2026-02-02T17:25:18.517906 [  385s] 🎯 DELAY: BTC -0.158% K +0.0% → NO @ $0.10
2026-02-02T17:25:18.517975 [  385s] ✅ CLOSE (PROFIT): $+0.30 [WIN] | Total: $+2.80
2026-02-02T17:25:19.518501 [  386s] 🎯 DELAY: BTC -0.154% K +0.0% → NO @ $0.10
2026-02-02T17:25:19.518571 [  386s] ✅ CLOSE (PROFIT): $+0.30 [WIN] | Total: $+3.10
2026-02-02T17:25:20.519488 [  387s] 🎯 DELAY: BTC -0.177% K +0.0% → NO @ $0.10
2026-02-02T17:25:20.519554 [  387s] ✅ CLOSE (PROFIT): $+0.30 [WIN] | Total: $+3.40
2026-02-02T17:25:21.520916 [  388s] 🎯 DELAY: BTC -0.196% K +0.0% → NO @ $0.10
2026-02-02T17:25:21.520986 [  388s] ✅ CLOSE (PROFIT): $+0.30 [WIN] | Total: $+3.70
2026-02-02T17:25:53.559897 [  420s] BRTI*: $79,058.64 (4ex, +0.076%) | K: 0.75/0.79 | P&L: $+3.70 (8)
2026-02-02T17:26:53.613530 [  480s] BRTI*: $78,980.09 (4ex, -0.036%) | K: 0.80/0.84 | P&L: $+3.70 (8)
2026-02-02T17:27:53.671523 [  540s] BRTI*: $78,991.37 (4ex, +0.009%) | K: 0.78/0.81 | P&L: $+3.70 (8)
2026-02-02T17:28:53.728938 [  600s] BRTI*: $78,975.60 (4ex, -0.001%) | K: 0.90/0.91 | P&L: $+3.70 (8)
2026-02-02T17:29:53.806849 [  660s] BRTI*: $78,944.09 (4ex, -0.014%) | K: 0.99/1.00 | P&L: $+3.70 (8)
2026-02-02T17:30:53.883716 [  720s] BRTI*: $78,954.17 (4ex, +0.027%) | K: 0.50/0.55 | P&L: $+3.70 (8)
2026-02-02T17:31:53.945331 [  780s] BRTI*: $79,023.05 (4ex, +0.043%) | K: 0.58/0.63 | P&L: $+3.70 (8)
2026-02-02T17:32:54.004241 [  840s] BRTI*: $79,087.89 (4ex, -0.004%) | K: 0.72/0.76 | P&L: $+3.70 (8)
2026-02-02T17:33:54.073745 [  900s] BRTI*: $79,016.53 (4ex, -0.051%) | K: 0.71/0.75 | P&L: $+3.70 (8)
2026-02-02T17:34:54.137073 [  961s] BRTI*: $79,038.22 (4ex, -0.020%) | K: 0.68/0.69 | P&L: $+3.70 (8)
2026-02-02T17:35:54.195932 [ 1021s] BRTI*: $78,986.14 (4ex, -0.108%) | K: 0.80/0.81 | P&L: $+3.70 (8)
2026-02-02T17:36:08.211186 [ 1035s] ⚡ CRASH: K dropped -33.8% → YES @ $0.55
2026-02-02T17:36:38.242402 [ 1065s] ❌ CLOSE (STOP): $-1.30 [LOSS] | Total: $+2.40
2026-02-02T17:36:54.261333 [ 1081s] BRTI*: $78,953.30 (4ex, +0.019%) | K: 0.42/0.43 | P&L: $+2.40 (9)
2026-02-02T17:37:54.322083 [ 1141s] BRTI*: $78,940.11 (4ex, +0.071%) | K: 0.38/0.39 | P&L: $+2.40 (9)
2026-02-02T17:38:54.387322 [ 1201s] BRTI*: $78,980.87 (4ex, -0.015%) | K: 0.61/0.64 | P&L: $+2.40 (9)
2026-02-02T17:39:54.451987 [ 1261s] BRTI*: $78,918.12 (4ex, +0.013%) | K: 0.41/0.44 | P&L: $+2.40 (9)
2026-02-02T17:40:54.525036 [ 1321s] BRTI*: $78,885.06 (4ex, -0.072%) | K: 0.35/0.36 | P&L: $+2.40 (9)
2026-02-02T17:41:54.587921 [ 1381s] BRTI*: $78,765.37 (4ex, -0.099%) | K: 0.08/0.10 | P&L: $+2.40 (9)
2026-02-02T17:42:54.650146 [ 1441s] BRTI*: $78,779.16 (4ex, +0.012%) | K: 0.05/0.06 | P&L: $+2.40 (9)
2026-02-02T17:43:54.729552 [ 1501s] BRTI*: $78,829.07 (4ex, +0.073%) | K: 0.02/0.03 | P&L: $+2.40 (9)
2026-02-02T17:44:54.796153 [ 1561s] BRTI*: $78,842.35 (4ex, +0.026%) | K: 0.00/0.01 | P&L: $+2.40 (9)
2026-02-02T17:45:54.868204 [ 1621s] BRTI*: $78,871.54 (4ex, +0.017%) | K: 0.55/0.58 | P&L: $+2.40 (9)
2026-02-02T17:46:54.932226 [ 1681s] BRTI*: $78,889.29 (4ex, +0.059%) | K: 0.49/0.51 | P&L: $+2.40 (9)
2026-02-02T17:47:54.995767 [ 1741s] BRTI*: $78,945.88 (4ex, -0.029%) | K: 0.66/0.69 | P&L: $+2.40 (9)
