2026-02-03T19:00:08.459165 
======================================================================
v7 — Research-Validated High-Frequency Validation Mode
======================================================================
Duration: 720min | Start: 19:00:08 UTC
Strategies: MR-High (≥0.6), Delay Arb (0.2%), Parity Arb, Endgame
Params: cooldown=5s, max_pos=5/mkt, timeout=180s
Goal: 50-100+ trades/hr for statistical validation
======================================================================

2026-02-03T19:00:39.494099 [   31s] 🔍 DEBUG KXBTC15M-26FEB031415-15: K=0.50 ask=0.60 ttc=861s can_enter=True(ok)
2026-02-03T19:01:08.528038 [   60s] BTC: $73,037.79 (-0.145%) | Brackets: 1 | Open: 0 | Trades: 0 (0.0/hr) | P&L: $+0.00
2026-02-03T19:01:09.529682 [   61s] 🔍 DEBUG KXBTC15M-26FEB031415-15: K=0.41 ask=0.44 ttc=830s can_enter=True(ok)
2026-02-03T19:01:39.560058 [   91s] 🔍 DEBUG KXBTC15M-26FEB031415-15: K=0.43 ask=0.46 ttc=800s can_enter=True(ok)
2026-02-03T19:02:08.586443 [  120s] BTC: $72,918.67 (+0.028%) | Brackets: 1 | Open: 0 | Trades: 0 (0.0/hr) | P&L: $+0.00
2026-02-03T19:02:09.588831 [  121s] 🔍 DEBUG KXBTC15M-26FEB031415-15: K=0.43 ask=0.46 ttc=770s can_enter=True(ok)
2026-02-03T19:02:39.614825 [  151s] 🔍 DEBUG KXBTC15M-26FEB031415-15: K=0.28 ask=0.29 ttc=740s can_enter=True(ok)
2026-02-03T19:03:08.645273 [  180s] BTC: $72,977.86 (+0.048%) | Brackets: 1 | Open: 0 | Trades: 0 (0.0/hr) | P&L: $+0.00
2026-02-03T19:03:09.646272 [  181s] 🔍 DEBUG KXBTC15M-26FEB031415-15: K=0.30 ask=0.33 ttc=710s can_enter=True(ok)
2026-02-03T19:03:39.675562 [  211s] 🔍 DEBUG KXBTC15M-26FEB031415-15: K=0.29 ask=0.32 ttc=680s can_enter=True(ok)
2026-02-03T19:04:08.705149 [  240s] BTC: $73,097.70 (-0.041%) | Brackets: 1 | Open: 0 | Trades: 0 (0.0/hr) | P&L: $+0.00
2026-02-03T19:04:09.707626 [  241s] 🔍 DEBUG KXBTC15M-26FEB031415-15: K=0.39 ask=0.43 ttc=650s can_enter=True(ok)
2026-02-03T19:04:39.736511 [  271s] 🔍 DEBUG KXBTC15M-26FEB031415-15: K=0.42 ask=0.45 ttc=620s can_enter=True(ok)
2026-02-03T19:05:08.777221 [  300s] BTC: $73,102.49 (-0.012%) | Brackets: 1 | Open: 0 | Trades: 0 (0.0/hr) | P&L: $+0.00
2026-02-03T19:05:09.778059 [  301s] 🔍 DEBUG KXBTC15M-26FEB031415-15: K=0.50 ask=0.52 ttc=590s can_enter=True(ok)
2026-02-03T19:05:39.809916 [  331s] 🔍 DEBUG KXBTC15M-26FEB031415-15: K=0.40 ask=0.43 ttc=560s can_enter=True(ok)
2026-02-03T19:06:08.847107 [  360s] BTC: $73,309.91 (+0.189%) | Brackets: 1 | Open: 0 | Trades: 0 (0.0/hr) | P&L: $+0.00
2026-02-03T19:06:09.848310 [  361s] 🔍 DEBUG KXBTC15M-26FEB031415-15: K=0.44 ask=0.45 ttc=530s can_enter=True(ok)
2026-02-03T19:06:10.849535 [  362s] 🎯 DELAY KXBTC15M-26FEB031415-15: BTC +0.225%(1m) +0.225%(30s) → YES@0.45
2026-02-03T19:06:12.852645 [  364s] ✅ delay_arb KXBTC15M-26FEB031415-15 CLOSE (PROFIT): $+3.50 | Total: $+3.50
2026-02-03T19:06:39.877755 [  391s] 🔍 DEBUG KXBTC15M-26FEB031415-15: K=0.80 ask=0.81 ttc=500s can_enter=True(ok)
2026-02-03T19:07:08.905028 [  420s] BTC: $73,451.45 (-0.005%) | Brackets: 1 | Open: 0 | Trades: 1 (8.6/hr) | P&L: $+3.50
2026-02-03T19:07:09.906576 [  421s] 🔍 DEBUG KXBTC15M-26FEB031415-15: K=0.82 ask=0.84 ttc=470s can_enter=True(ok)
2026-02-03T19:07:39.941385 [  451s] 🔍 DEBUG KXBTC15M-26FEB031415-15: K=0.85 ask=0.87 ttc=440s can_enter=True(ok)
2026-02-03T19:08:08.983104 [  480s] BTC: $73,438.09 (+0.093%) | Brackets: 1 | Open: 0 | Trades: 1 (7.5/hr) | P&L: $+3.50
2026-02-03T19:08:09.984426 [  481s] 🔍 DEBUG KXBTC15M-26FEB031415-15: K=0.81 ask=0.83 ttc=410s can_enter=True(ok)
2026-02-03T19:08:40.018530 [  511s] 🔍 DEBUG KXBTC15M-26FEB031415-15: K=0.86 ask=0.88 ttc=380s can_enter=True(ok)
2026-02-03T19:09:09.051721 [  540s] BTC: $73,403.19 (-0.057%) | Brackets: 1 | Open: 0 | Trades: 1 (6.7/hr) | P&L: $+3.50
2026-02-03T19:09:10.052315 [  541s] 🔍 DEBUG KXBTC15M-26FEB031415-15: K=0.87 ask=0.88 ttc=350s can_enter=True(ok)
2026-02-03T19:09:40.085108 [  571s] 🔍 DEBUG KXBTC15M-26FEB031415-15: K=0.85 ask=0.87 ttc=320s can_enter=True(ok)
2026-02-03T19:10:09.124448 [  600s] BTC: $73,655.33 (+0.201%) | Brackets: 1 | Open: 0 | Trades: 1 (6.0/hr) | P&L: $+3.50
2026-02-03T19:10:10.125717 [  601s] 🔍 DEBUG KXBTC15M-26FEB031415-15: K=0.94 ask=0.96 ttc=290s can_enter=True(ok)
2026-02-03T19:10:40.164963 [  631s] 🔍 DEBUG KXBTC15M-26FEB031415-15: K=0.97 ask=0.99 ttc=260s can_enter=True(ok)
2026-02-03T19:11:09.195010 [  660s] BTC: $73,584.31 (-0.081%) | Brackets: 1 | Open: 0 | Trades: 1 (5.5/hr) | P&L: $+3.50
2026-02-03T19:11:10.195495 [  661s] 🔍 DEBUG KXBTC15M-26FEB031415-15: K=0.98 ask=0.99 ttc=230s can_enter=True(ok)
2026-02-03T19:11:40.223728 [  691s] 🔍 DEBUG KXBTC15M-26FEB031415-15: K=0.97 ask=0.98 ttc=200s can_enter=True(ok)
2026-02-03T19:12:09.268220 [  720s] BTC: $74,027.44 (+0.072%) | Brackets: 1 | Open: 0 | Trades: 1 (5.0/hr) | P&L: $+3.50
2026-02-03T19:12:10.269766 [  721s] 🔍 DEBUG KXBTC15M-26FEB031415-15: K=0.99 ask=1.00 ttc=170s can_enter=True(ok)
2026-02-03T19:12:40.302432 [  751s] 🔍 DEBUG KXBTC15M-26FEB031415-15: K=0.99 ask=1.00 ttc=140s can_enter=True(ok)
2026-02-03T19:13:09.333736 [  780s] BTC: $74,366.41 (-0.071%) | Brackets: 1 | Open: 0 | Trades: 1 (4.6/hr) | P&L: $+3.50
2026-02-03T19:13:10.334862 [  781s] 🔍 DEBUG KXBTC15M-26FEB031415-15: K=0.99 ask=1.00 ttc=110s can_enter=False(too_close)
2026-02-03T19:13:40.362993 [  811s] 🔍 DEBUG KXBTC15M-26FEB031415-15: K=0.99 ask=1.00 ttc=80s can_enter=False(too_close)
2026-02-03T19:14:09.402628 [  840s] BTC: $74,688.48 (+0.169%) | Brackets: 1 | Open: 0 | Trades: 1 (4.3/hr) | P&L: $+3.50
2026-02-03T19:14:10.404161 [  841s] 🔍 DEBUG KXBTC15M-26FEB031415-15: K=0.99 ask=1.00 ttc=50s can_enter=False(too_close)
2026-02-03T19:14:40.435917 [  871s] 🔍 DEBUG KXBTC15M-26FEB031415-15: K=0.99 ask=1.00 ttc=20s can_enter=False(too_close)
2026-02-03T19:15:09.482189 [  901s] BTC: $74,496.21 (-0.042%) | Brackets: 1 | Open: 0 | Trades: 1 (4.0/hr) | P&L: $+3.50
2026-02-03T19:15:10.483372 [  902s] 🔍 DEBUG KXBTC15M-26FEB031415-15: K=0.99 ask=1.00 ttc=-10s can_enter=False(too_close)
2026-02-03T19:15:40.534722 [  932s] 🔍 DEBUG KXBTC15M-26FEB031430-30: K=0.15 ask=0.45 ttc=859s can_enter=False(spread_wide)
2026-02-03T19:15:51.549668 [  943s] 🎯 DELAY KXBTC15M-26FEB031430-30: BTC -0.218%(1m) -0.218%(30s) → NO@0.65
2026-02-03T19:16:09.577187 [  961s] BTC: $74,378.44 (-0.065%) | Brackets: 1 | Open: 1 | Trades: 1 (3.7/hr) | P&L: $+3.50
2026-02-03T19:16:10.578441 [  962s] 🔍 DEBUG KXBTC15M-26FEB031430-30: K=0.35 ask=0.37 ttc=829s can_enter=True(ok)
2026-02-03T19:16:17.588483 [  969s] ✅ delay_arb KXBTC15M-26FEB031430-30 CLOSE (PROFIT): $+0.70 | Total: $+4.20
2026-02-03T19:16:27.692654 
⚠️ SIGNAL: SIGTERM at 2026-02-03T19:16:27.692584
2026-02-03T19:16:28.600209 
======================================================================
v7 SUMMARY
======================================================================
Duration: 16min (0.3h)
Total Trades: 2
Trade Rate: 7.3/hr
P&L: $+4.20
Final Balance: $1004.20

  delay_arb:
    Trades: 2, Win Rate: 100%, P&L: $+4.20, Avg: $+2.100
======================================================================

