2026-02-03T04:56:10.645091 
======================================================================
v7 — Research-Validated High-Frequency Validation Mode
======================================================================
Duration: 180min | Start: 04:56:10 UTC
Strategies: MR-High (≥0.6), Delay Arb (0.2%), Parity Arb, Endgame
Params: cooldown=5s, max_pos=5/mkt, timeout=180s
Goal: 50-100+ trades/hr for statistical validation
======================================================================

2026-02-03T04:57:10.724341 [   60s] BTC: $78,801.50 (+0.009%) | Brackets: 1 | Open: 0 | Trades: 0 (0.0/hr) | P&L: $+0.00
2026-02-03T04:58:10.784251 [  120s] BTC: $78,756.58 (-0.057%) | Brackets: 1 | Open: 0 | Trades: 0 (0.0/hr) | P&L: $+0.00
2026-02-03T04:59:10.246157 [  180s] BTC: $78,757.97 (+0.002%) | Brackets: 1 | Open: 0 | Trades: 0 (0.0/hr) | P&L: $+0.00
2026-02-03T05:00:10.333074 [  240s] BTC: $78,746.39 (-0.015%) | Brackets: 1 | Open: 0 | Trades: 0 (0.0/hr) | P&L: $+0.00
2026-02-03T05:00:53.383744 [  283s] 🏃 MOMENTUM KXBTC15M-26FEB030015-15: K@0.40 BTC -0.052% → NO@0.60
2026-02-03T05:01:10.414240 [  300s] BTC: $78,701.03 (-0.058%) | Brackets: 1 | Open: 1 | Trades: 0 (0.0/hr) | P&L: $+0.00
2026-02-03T05:02:10.509444 [  360s] BTC: $78,688.34 (-0.016%) | Brackets: 1 | Open: 1 | Trades: 0 (0.0/hr) | P&L: $+0.00
2026-02-03T05:02:13.515001 [  363s] ❌ momentum_follow KXBTC15M-26FEB030015-15 CLOSE (PROFIT): $-1.20 | Total: $-1.20
2026-02-03T05:02:18.522208 [  368s] 🚜 NO-FARM KXBTC15M-26FEB030015-15: K@0.27 → NO@0.73 (70% resolve NO)
2026-02-03T05:02:59.624243 
⚠️ SIGNAL: SIGTERM at 2026-02-03T05:02:59.624151
2026-02-03T05:03:00.591861 
======================================================================
v7 SUMMARY
======================================================================
Duration: 6min (0.1h)
Total Trades: 1
Trade Rate: 8.8/hr
P&L: $-1.20
Final Balance: $993.90

  momentum_follow:
    Trades: 1, Win Rate: 0%, P&L: $-1.20, Avg: $-1.200
======================================================================

