2026-02-03T00:15:04.301140 
======================================================================
v6 - RESEARCH-NOTES.md Improvements
======================================================================
Duration: 480min | Start: 00:15:04
Changes: BTC momentum filter, adaptive stop-loss, entry filters,
         mean reversion at extremes, market timing restrictions
Markets: 15min + Hourly
======================================================================

2026-02-03T00:16:04.367666 [   60s] BTC: $78,524.43 (4ex, +0.035%) | 15m: 0.55/0.60 | 1h: N/A | P&L: $+0.00 (0)
2026-02-03T00:17:04.426722 [  120s] BTC: $78,523.42 (4ex, -0.013%) | 15m: 0.60/0.62 | 1h: N/A | P&L: $+0.00 (0)
2026-02-03T00:18:04.491514 [  180s] BTC: $78,579.60 (4ex, +0.073%) | 15m: 0.68/0.72 | 1h: N/A | P&L: $+0.00 (0)
2026-02-03T00:19:04.563578 [  240s] BTC: $78,615.22 (4ex, +0.047%) | 15m: 0.80/0.83 | 1h: N/A | P&L: $+0.00 (0)
2026-02-03T00:19:07.566634 [  243s] 📈 15M MEAN-REV: K@0.86 (extreme high) + BTC stable → NO
2026-02-03T00:19:37.615489 [  273s] ✅ 15M mean_reversion_high CLOSE (PROFIT): $+0.50 | Total: $+0.50
2026-02-03T00:20:04.306395 [  300s] 💾 Checkpoint
2026-02-03T00:20:04.644385 [  300s] BTC: $78,659.75 (4ex, +0.050%) | 15m: 0.89/0.91 | 1h: N/A | P&L: $+0.50 (1)
2026-02-03T00:20:37.679628 [  333s] 📈 15M MEAN-REV: K@0.91 (extreme high) + BTC stable → NO
2026-02-03T00:20:37.680137 [  333s] ✅ 15M mean_reversion_high CLOSE (PROFIT): $+0.10 | Total: $+0.60
2026-02-03T00:21:04.712926 [  360s] BTC: $78,647.35 (4ex, -0.016%) | 15m: 0.89/0.93 | 1h: N/A | P&L: $+0.60 (2)
2026-02-03T00:22:04.773295 [  420s] BTC: $78,785.46 (4ex, +0.124%) | 15m: 0.94/0.97 | 1h: N/A | P&L: $+0.60 (2)
2026-02-03T00:22:49.821662 [  465s] 📈 15M MEAN-REV: K@0.95 (extreme high) + BTC stable → NO
2026-02-03T00:22:49.822291 [  465s] ✅ 15M mean_reversion_high CLOSE (PROFIT): $+0.20 | Total: $+0.80
2026-02-03T00:23:04.842848 [  480s] BTC: $78,756.72 (4ex, -0.030%) | 15m: 0.95/0.97 | 1h: N/A | P&L: $+0.80 (3)
2026-02-03T00:23:49.892229 [  525s] 📈 15M MEAN-REV: K@0.93 (extreme high) + BTC stable → NO
2026-02-03T00:23:49.894233 [  525s] ✅ 15M mean_reversion_high CLOSE (PROFIT): $+0.10 | Total: $+0.90
2026-02-03T00:24:04.916391 [  540s] BTC: $78,724.77 (4ex, +0.007%) | 15m: 0.93/0.94 | 1h: N/A | P&L: $+0.90 (4)
2026-02-03T00:24:49.967341 [  585s] 📈 15M MEAN-REV: K@0.94 (extreme high) + BTC stable → NO
2026-02-03T00:24:49.967804 [  585s] ✅ 15M mean_reversion_high CLOSE (PROFIT): $+0.20 | Total: $+1.10
2026-02-03T00:25:04.309932 [  600s] 💾 Checkpoint
2026-02-03T00:25:04.986969 [  600s] BTC: $78,668.21 (4ex, -0.074%) | 15m: 0.94/0.96 | 1h: N/A | P&L: $+1.10 (5)
2026-02-03T00:26:05.055658 [  660s] BTC: $78,624.16 (4ex, -0.056%) | 15m: 0.92/0.94 | 1h: N/A | P&L: $+1.10 (5)
2026-02-03T00:27:05.127032 [  720s] BTC: $78,747.08 (4ex, +0.137%) | 15m: 0.98/0.99 | 1h: N/A | P&L: $+1.10 (5)
2026-02-03T00:28:05.201065 [  780s] BTC: $78,808.36 (4ex, +0.061%) | 15m: 0.99/1.00 | 1h: N/A | P&L: $+1.10 (5)
2026-02-03T00:29:05.262273 [  840s] BTC: $78,863.61 (4ex, +0.070%) | 15m: 0.99/1.00 | 1h: N/A | P&L: $+1.10 (5)
2026-02-03T00:30:04.312090 [  900s] 💾 Checkpoint
2026-02-03T00:30:05.333770 [  901s] BTC: $78,840.18 (4ex, -0.029%) | 15m: 0.99/1.00 | 1h: N/A | P&L: $+1.10 (5)
2026-02-03T00:30:14.345717 [  910s] 🔄 15M transition
2026-02-03T00:30:15.347367 [  911s] 🔄 15M transition
2026-02-03T00:30:16.348042 [  912s] 🔄 15M transition
2026-02-03T00:30:17.349270 [  913s] 🔄 15M transition
2026-02-03T00:30:18.350519 [  914s] 🔄 15M transition
2026-02-03T00:31:05.401989 [  961s] BTC: $78,839.94 (4ex, +0.017%) | 15m: 0.44/0.48 | 1h: N/A | P&L: $+1.10 (5)
2026-02-03T00:32:05.465075 [ 1021s] BTC: $78,844.36 (4ex, -0.011%) | 15m: 0.46/0.50 | 1h: N/A | P&L: $+1.10 (5)
2026-02-03T00:33:05.544966 [ 1081s] BTC: $78,817.01 (4ex, -0.035%) | 15m: 0.42/0.47 | 1h: N/A | P&L: $+1.10 (5)
2026-02-03T00:34:05.608488 [ 1141s] BTC: $78,743.17 (4ex, -0.068%) | 15m: 0.25/0.26 | 1h: N/A | P&L: $+1.10 (5)
2026-02-03T00:35:04.314865 [ 1200s] 💾 Checkpoint
2026-02-03T00:35:05.699202 [ 1201s] BTC: $78,746.11 (4ex, +0.004%) | 15m: 0.24/0.27 | 1h: N/A | P&L: $+1.10 (5)
2026-02-03T00:35:46.759158 [ 1242s] 📉 15M MEAN-REV: K@0.21 (extreme low) + BTC stable → YES
2026-02-03T00:36:05.788316 [ 1261s] BTC: $78,751.82 (4ex, +0.007%) | 15m: 0.17/0.21 | 1h: N/A | P&L: $+1.10 (5)
2026-02-03T00:36:16.810934 [ 1272s] ❌ 15M mean_reversion_low CLOSE (STOP(-25%)): $-0.60 | Total: $+0.50
2026-02-03T00:37:05.870200 [ 1321s] BTC: $78,783.94 (4ex, +0.041%) | 15m: 0.24/0.26 | 1h: N/A | P&L: $+0.50 (6)
2026-02-03T00:38:05.949356 [ 1381s] BTC: $78,803.87 (4ex, +0.025%) | 15m: 0.37/0.42 | 1h: N/A | P&L: $+0.50 (6)
2026-02-03T00:39:06.024603 [ 1441s] BTC: $78,777.50 (4ex, -0.069%) | 15m: 0.33/0.37 | 1h: N/A | P&L: $+0.50 (6)
2026-02-03T00:40:04.317264 [ 1500s] 💾 Checkpoint
2026-02-03T00:40:06.100157 [ 1501s] BTC: $78,810.31 (4ex, +0.008%) | 15m: 0.33/0.34 | 1h: N/A | P&L: $+0.50 (6)
2026-02-03T00:41:06.170998 [ 1561s] BTC: $78,804.68 (4ex, -0.007%) | 15m: 0.30/0.32 | 1h: N/A | P&L: $+0.50 (6)
2026-02-03T00:42:06.242100 [ 1621s] BTC: $78,816.85 (4ex, +0.015%) | 15m: 0.19/0.23 | 1h: N/A | P&L: $+0.50 (6)
2026-02-03T00:43:06.314403 [ 1682s] BTC: $78,830.92 (4ex, +0.018%) | 15m: 0.27/0.32 | 1h: N/A | P&L: $+0.50 (6)
2026-02-03T00:44:06.385335 [ 1742s] BTC: $78,856.40 (4ex, +0.032%) | 15m: 0.65/0.76 | 1h: N/A | P&L: $+0.50 (6)
2026-02-03T00:45:04.319616 [ 1800s] 💾 Checkpoint
2026-02-03T00:45:06.455851 [ 1802s] BTC: $78,892.84 (4ex, +0.050%) | 15m: 0.99/1.00 | 1h: N/A | P&L: $+0.50 (6)
2026-02-03T00:45:21.472185 [ 1817s] 🔄 15M transition
2026-02-03T00:45:22.473264 [ 1818s] 🔄 15M transition
2026-02-03T00:45:23.474230 [ 1819s] 🔄 15M transition
2026-02-03T00:45:24.475059 [ 1820s] 🔄 15M transition
2026-02-03T00:45:25.475709 [ 1821s] 🔄 15M transition
2026-02-03T00:46:06.521868 [ 1862s] BTC: $78,887.20 (4ex, -0.015%) | 15m: 0.56/0.59 | 1h: N/A | P&L: $+0.50 (6)
2026-02-03T00:47:06.587562 [ 1922s] BTC: $78,920.79 (4ex, +0.030%) | 15m: 0.59/0.63 | 1h: N/A | P&L: $+0.50 (6)
2026-02-03T00:48:06.671212 [ 1982s] BTC: $78,885.80 (4ex, -0.044%) | 15m: 0.56/0.59 | 1h: N/A | P&L: $+0.50 (6)
2026-02-03T00:49:06.737889 [ 2042s] BTC: $78,876.13 (4ex, -0.013%) | 15m: 0.49/0.50 | 1h: N/A | P&L: $+0.50 (6)
2026-02-03T00:50:04.321361 [ 2100s] 💾 Checkpoint
2026-02-03T00:50:06.811043 [ 2102s] BTC: $78,850.68 (4ex, -0.031%) | 15m: 0.40/0.44 | 1h: N/A | P&L: $+0.50 (6)
2026-02-03T00:51:06.883975 [ 2162s] BTC: $78,811.57 (4ex, -0.050%) | 15m: 0.28/0.32 | 1h: N/A | P&L: $+0.50 (6)
2026-02-03T00:51:24.905371 [ 2180s] 📉 15M MEAN-REV: K@0.22 (extreme low) + BTC stable → YES
2026-02-03T00:52:06.974775 [ 2222s] BTC: $78,810.82 (4ex, -0.006%) | 15m: 0.18/0.19 | 1h: N/A | P&L: $+0.50 (6)
2026-02-03T00:52:56.058263 [ 2271s] ✅ 15M mean_reversion_low CLOSE (PROFIT): $+2.00 | Total: $+2.50
2026-02-03T00:53:07.074600 [ 2282s] BTC: $78,858.27 (4ex, +0.060%) | 15m: 0.42/0.46 | 1h: N/A | P&L: $+2.50 (7)
2026-02-03T00:54:07.130172 [ 2342s] BTC: $78,874.38 (4ex, +0.020%) | 15m: 0.45/0.49 | 1h: N/A | P&L: $+2.50 (7)
2026-02-03T00:55:04.323717 [ 2400s] 💾 Checkpoint
2026-02-03T00:55:07.185569 [ 2402s] BTC: $78,889.72 (4ex, +0.022%) | 15m: 0.44/0.46 | 1h: N/A | P&L: $+2.50 (7)
2026-02-03T00:56:07.251215 [ 2462s] BTC: $78,915.84 (4ex, +0.031%) | 15m: 0.63/0.65 | 1h: N/A | P&L: $+2.50 (7)
2026-02-03T00:57:07.314239 [ 2523s] BTC: $78,921.48 (4ex, +0.006%) | 15m: 0.74/0.77 | 1h: N/A | P&L: $+2.50 (7)
2026-02-03T00:58:07.380243 [ 2583s] BTC: $78,955.77 (4ex, +0.044%) | 15m: 0.93/0.95 | 1h: N/A | P&L: $+2.50 (7)
2026-02-03T00:59:07.439647 [ 2643s] BTC: $79,012.31 (4ex, +0.037%) | 15m: 0.99/1.00 | 1h: N/A | P&L: $+2.50 (7)
2026-02-03T01:00:04.326623 [ 2700s] 💾 Checkpoint
2026-02-03T01:00:07.493076 [ 2703s] BTC: $78,998.79 (4ex, -0.038%) | 15m: 0.99/1.00 | 1h: N/A | P&L: $+2.50 (7)
2026-02-03T01:00:29.517643 [ 2725s] 🔄 15M transition
2026-02-03T01:00:30.519019 [ 2726s] 🔄 15M transition
2026-02-03T01:00:31.520409 [ 2727s] 🔄 15M transition
2026-02-03T01:00:32.521158 [ 2728s] 🔄 15M transition
2026-02-03T01:00:33.522165 [ 2729s] 🔄 15M transition
2026-02-03T01:01:07.553914 [ 2763s] BTC: $79,001.27 (4ex, +0.013%) | 15m: 0.49/0.51 | 1h: N/A | P&L: $+2.50 (7)
2026-02-03T01:02:07.634149 [ 2823s] BTC: $79,037.49 (4ex, +0.049%) | 15m: 0.49/0.50 | 1h: N/A | P&L: $+2.50 (7)
2026-02-03T01:03:07.702497 [ 2883s] BTC: $79,083.36 (4ex, -0.041%) | 15m: 0.69/0.71 | 1h: N/A | P&L: $+2.50 (7)
2026-02-03T01:04:07.762847 [ 2943s] BTC: $78,948.07 (4ex, -0.110%) | 15m: 0.28/0.32 | 1h: N/A | P&L: $+2.50 (7)
2026-02-03T01:05:04.328966 [ 3000s] 💾 Checkpoint
2026-02-03T01:05:07.838492 [ 3003s] BTC: $78,948.43 (4ex, +0.001%) | 15m: 0.28/0.32 | 1h: N/A | P&L: $+2.50 (7)
2026-02-03T01:06:07.908924 [ 3063s] BTC: $78,937.78 (4ex, -0.048%) | 15m: 0.22/0.25 | 1h: N/A | P&L: $+2.50 (7)
2026-02-03T01:07:07.979051 [ 3123s] BTC: $78,911.30 (4ex, -0.070%) | 15m: 0.19/0.20 | 1h: N/A | P&L: $+2.50 (7)
2026-02-03T01:07:21.994599 [ 3137s] 📉 15M MEAN-REV: K@0.20 (extreme low) + BTC stable → YES
2026-02-03T01:07:34.012932 [ 3149s] ❌ 15M mean_reversion_low CLOSE (STOP(-25%)): $-0.80 | Total: $+1.70
2026-02-03T01:08:08.068235 [ 3183s] BTC: $78,829.75 (4ex, -0.091%) | 15m: 0.05/0.06 | 1h: N/A | P&L: $+1.70 (8)
2026-02-03T01:08:34.094170 [ 3209s] 📉 15M MEAN-REV: K@0.06 (extreme low) + BTC stable → YES
2026-02-03T01:08:34.094704 [ 3209s] ❌ 15M mean_reversion_low CLOSE (STOP(-25%)): $-0.20 | Total: $+1.50
2026-02-03T01:09:08.132435 [ 3243s] BTC: $78,768.33 (4ex, -0.087%) | 15m: 0.02/0.05 | 1h: N/A | P&L: $+1.50 (9)
2026-02-03T01:09:34.162956 [ 3269s] 📉 15M MEAN-REV: K@0.05 (extreme low) + BTC stable → YES
2026-02-03T01:09:34.163683 [ 3269s] ❌ 15M mean_reversion_low CLOSE (STOP(-25%)): $-0.30 | Total: $+1.20
2026-02-03T01:10:04.332720 [ 3300s] 💾 Checkpoint
2026-02-03T01:10:08.203254 [ 3303s] BTC: $78,780.60 (4ex, +0.004%) | 15m: 0.02/0.03 | 1h: N/A | P&L: $+1.20 (10)
2026-02-03T01:11:08.277753 [ 3363s] BTC: $78,852.14 (4ex, -0.020%) | 15m: 0.06/0.07 | 1h: N/A | P&L: $+1.20 (10)
2026-02-03T01:12:08.343779 [ 3424s] BTC: $78,796.20 (4ex, -0.049%) | 15m: 0.00/0.01 | 1h: N/A | P&L: $+1.20 (10)
2026-02-03T01:13:08.410536 [ 3484s] BTC: $78,783.56 (4ex, -0.025%) | 15m: 0.00/0.01 | 1h: N/A | P&L: $+1.20 (10)
2026-02-03T01:14:08.480050 [ 3544s] BTC: $78,847.88 (4ex, +0.042%) | 15m: 0.00/0.01 | 1h: N/A | P&L: $+1.20 (10)
2026-02-03T01:15:04.335559 [ 3600s] 💾 Checkpoint
2026-02-03T01:15:07.552719 [ 3603s] 🔄 15M transition
2026-02-03T01:15:08.554906 [ 3604s] 🔄 15M transition
2026-02-03T01:15:08.554987 [ 3604s] BTC: $78,879.78 (4ex, +0.040%) | 15m: 0.45/0.55 | 1h: N/A | P&L: $+1.20 (10)
2026-02-03T01:15:09.557030 [ 3605s] 🔄 15M transition
2026-02-03T01:15:10.558371 [ 3606s] 🔄 15M transition
2026-02-03T01:15:11.559173 [ 3607s] 🔄 15M transition
2026-02-03T01:16:08.619746 [ 3664s] BTC: $78,927.73 (4ex, +0.049%) | 15m: 0.66/0.67 | 1h: N/A | P&L: $+1.20 (10)
2026-02-03T01:16:58.676394 [ 3714s] 🎯 15M DELAY: BTC -0.167% K +0.0% → NO@$0.63
2026-02-03T01:17:08.692778 [ 3724s] BTC: $78,780.42 (4ex, -0.155%) | 15m: 0.37/0.40 | 1h: N/A | P&L: $+1.20 (10)
2026-02-03T01:18:08.790406 [ 3784s] BTC: $78,765.49 (4ex, -0.020%) | 15m: 0.26/0.30 | 1h: N/A | P&L: $+1.20 (10)
2026-02-03T01:19:08.882392 [ 3844s] BTC: $78,767.19 (4ex, +0.065%) | 15m: 0.24/0.27 | 1h: N/A | P&L: $+1.20 (10)
2026-02-03T01:20:04.338718 [ 3900s] 💾 Checkpoint
2026-02-03T01:20:08.979091 [ 3904s] BTC: $78,689.95 (4ex, -0.097%) | 15m: 0.24/0.25 | 1h: N/A | P&L: $+1.20 (10)
2026-02-03T01:20:09.980490 [ 3905s] ❌ 15M delay_arb CLOSE (STOP(-25%)): $-2.40 | Total: $-1.20
2026-02-03T01:21:09.053844 [ 3964s] BTC: $78,735.31 (4ex, +0.075%) | 15m: 0.14/0.15 | 1h: N/A | P&L: $-1.20 (11)
2026-02-03T01:21:10.055743 [ 3965s] 📉 15M MEAN-REV: K@0.15 (extreme low) + BTC stable → YES
2026-02-03T01:22:09.152720 [ 4024s] BTC: $78,725.66 (4ex, -0.049%) | 15m: 0.13/0.16 | 1h: N/A | P&L: $-1.20 (11)
2026-02-03T01:22:41.200759 [ 4056s] ✅ 15M mean_reversion_low CLOSE (PROFIT): $+2.60 | Total: $+1.40
2026-02-03T01:23:09.232461 [ 4084s] BTC: $78,856.61 (4ex, +0.140%) | 15m: 0.41/0.45 | 1h: N/A | P&L: $+1.40 (12)
2026-02-03T01:24:09.303202 [ 4145s] BTC: $78,798.35 (4ex, -0.072%) | 15m: 0.33/0.36 | 1h: N/A | P&L: $+1.40 (12)
2026-02-03T01:25:04.342086 [ 4200s] 💾 Checkpoint
2026-02-03T01:25:09.372743 [ 4205s] BTC: $78,740.39 (4ex, -0.099%) | 15m: 0.26/0.30 | 1h: N/A | P&L: $+1.40 (12)
2026-02-03T01:26:09.435910 [ 4265s] BTC: $78,787.72 (4ex, +0.040%) | 15m: 0.27/0.29 | 1h: N/A | P&L: $+1.40 (12)
2026-02-03T01:27:09.504748 [ 4325s] BTC: $78,822.11 (4ex, +0.022%) | 15m: 0.46/0.48 | 1h: N/A | P&L: $+1.40 (12)
2026-02-03T01:28:09.585320 [ 4385s] BTC: $78,825.35 (4ex, +0.004%) | 15m: 0.29/0.39 | 1h: N/A | P&L: $+1.40 (12)
2026-02-03T01:29:09.662491 [ 4445s] BTC: $78,843.29 (4ex, +0.023%) | 15m: 0.18/0.20 | 1h: N/A | P&L: $+1.40 (12)
2026-02-03T01:30:04.344855 [ 4500s] 💾 Checkpoint
2026-02-03T01:30:09.734469 [ 4505s] BTC: $78,818.14 (4ex, -0.036%) | 15m: 0.02/0.36 | 1h: N/A | P&L: $+1.40 (12)
2026-02-03T01:30:15.742712 [ 4511s] 🔄 15M transition
2026-02-03T01:30:16.744554 [ 4512s] 🔄 15M transition
2026-02-03T01:30:17.745890 [ 4513s] 🔄 15M transition
2026-02-03T01:30:18.747044 [ 4514s] 🔄 15M transition
2026-02-03T01:30:19.748057 [ 4515s] 🔄 15M transition
2026-02-03T01:31:09.804371 [ 4565s] BTC: $78,848.44 (4ex, +0.025%) | 15m: 0.42/0.43 | 1h: N/A | P&L: $+1.40 (12)
2026-02-03T01:32:09.873968 [ 4625s] BTC: $78,851.29 (4ex, +0.029%) | 15m: 0.47/0.49 | 1h: N/A | P&L: $+1.40 (12)
2026-02-03T01:33:09.936708 [ 4685s] BTC: $78,807.58 (4ex, -0.035%) | 15m: 0.39/0.42 | 1h: N/A | P&L: $+1.40 (12)
2026-02-03T01:34:09.996887 [ 4745s] BTC: $78,791.10 (4ex, -0.021%) | 15m: 0.31/0.33 | 1h: N/A | P&L: $+1.40 (12)
2026-02-03T01:35:04.347679 [ 4800s] 💾 Checkpoint
2026-02-03T01:35:10.056670 [ 4805s] BTC: $78,796.96 (4ex, -0.007%) | 15m: 0.31/0.35 | 1h: N/A | P&L: $+1.40 (12)
2026-02-03T01:36:10.115761 [ 4865s] BTC: $78,770.26 (4ex, -0.034%) | 15m: 0.27/0.30 | 1h: N/A | P&L: $+1.40 (12)
2026-02-03T01:37:10.172250 [ 4925s] BTC: $78,776.30 (4ex, +0.008%) | 15m: 0.20/0.21 | 1h: N/A | P&L: $+1.40 (12)
2026-02-03T01:37:19.180854 [ 4934s] 📉 15M MEAN-REV: K@0.17 (extreme low) + BTC stable → YES
2026-02-03T01:37:49.226181 [ 4964s] ✅ 15M mean_reversion_low CLOSE (PROFIT): $+0.30 | Total: $+1.70
2026-02-03T01:38:10.246301 [ 4985s] BTC: $78,801.05 (4ex, +0.031%) | 15m: 0.20/0.24 | 1h: N/A | P&L: $+1.70 (13)
2026-02-03T01:39:10.307827 [ 5046s] BTC: $78,793.24 (4ex, -0.010%) | 15m: 0.26/0.28 | 1h: N/A | P&L: $+1.70 (13)
2026-02-03T01:39:50.348432 [ 5086s] 📉 15M MEAN-REV: K@0.17 (extreme low) + BTC stable → YES
2026-02-03T01:40:04.350594 [ 5100s] 💾 Checkpoint
2026-02-03T01:40:10.380030 [ 5106s] BTC: $78,796.85 (4ex, -0.006%) | 15m: 0.16/0.17 | 1h: N/A | P&L: $+1.70 (13)
2026-02-03T01:40:20.395253 [ 5116s] ✅ 15M mean_reversion_low CLOSE (PROFIT): $+1.10 | Total: $+2.80
2026-02-03T01:41:10.448301 [ 5166s] BTC: $78,827.80 (4ex, +0.008%) | 15m: 0.22/0.27 | 1h: N/A | P&L: $+2.80 (14)
2026-02-03T01:42:10.514310 [ 5226s] BTC: $78,809.46 (4ex, -0.055%) | 15m: 0.13/0.14 | 1h: N/A | P&L: $+2.80 (14)
2026-02-03T01:43:10.579160 [ 5286s] BTC: $78,812.33 (4ex, +0.003%) | 15m: 0.13/0.17 | 1h: N/A | P&L: $+2.80 (14)
2026-02-03T01:44:10.640708 [ 5346s] BTC: $78,831.51 (4ex, +0.024%) | 15m: 0.02/0.05 | 1h: N/A | P&L: $+2.80 (14)
2026-02-03T01:45:04.354339 [ 5400s] 💾 Checkpoint
2026-02-03T01:45:10.710900 [ 5406s] BTC: $78,867.53 (4ex, +0.032%) | 15m: 0.97/0.98 | 1h: N/A | P&L: $+2.80 (14)
2026-02-03T01:45:23.724047 [ 5419s] 🔄 15M transition
2026-02-03T01:45:24.724849 [ 5420s] 🔄 15M transition
2026-02-03T01:45:25.727179 [ 5421s] 🔄 15M transition
2026-02-03T01:45:26.728611 [ 5422s] 🔄 15M transition
2026-02-03T01:45:27.730158 [ 5423s] 🔄 15M transition
2026-02-03T01:46:10.776607 [ 5466s] BTC: $78,854.30 (4ex, -0.014%) | 15m: 0.48/0.49 | 1h: N/A | P&L: $+2.80 (14)
2026-02-03T01:47:10.841198 [ 5526s] BTC: $78,844.43 (4ex, -0.013%) | 15m: 0.51/0.55 | 1h: N/A | P&L: $+2.80 (14)
2026-02-03T01:48:10.916086 [ 5586s] BTC: $78,906.06 (4ex, +0.079%) | 15m: 0.47/0.51 | 1h: N/A | P&L: $+2.80 (14)
2026-02-03T01:49:10.978167 [ 5646s] BTC: $78,841.61 (4ex, -0.033%) | 15m: 0.46/0.50 | 1h: N/A | P&L: $+2.80 (14)
2026-02-03T01:50:04.358884 [ 5700s] 💾 Checkpoint
2026-02-03T01:50:11.053895 [ 5706s] BTC: $78,852.76 (4ex, +0.010%) | 15m: 0.33/0.37 | 1h: N/A | P&L: $+2.80 (14)
2026-02-03T01:51:11.112061 [ 5766s] BTC: $78,821.09 (4ex, -0.040%) | 15m: 0.37/0.40 | 1h: N/A | P&L: $+2.80 (14)
2026-02-03T01:52:11.180750 [ 5826s] BTC: $78,929.97 (4ex, +0.110%) | 15m: 0.65/0.68 | 1h: N/A | P&L: $+2.80 (14)
2026-02-03T01:53:11.246198 [ 5886s] BTC: $78,903.65 (4ex, -0.030%) | 15m: 0.56/0.59 | 1h: N/A | P&L: $+2.80 (14)
2026-02-03T01:54:11.313006 [ 5947s] BTC: $78,937.12 (4ex, +0.042%) | 15m: 0.78/0.79 | 1h: N/A | P&L: $+2.80 (14)
2026-02-03T01:54:58.364978 [ 5994s] 📈 15M MEAN-REV: K@0.83 (extreme high) + BTC stable → NO
2026-02-03T01:54:58.365505 [ 5994s] ✅ 15M mean_reversion_high CLOSE (PROFIT): $+0.20 | Total: $+3.00
2026-02-03T01:55:04.361872 [ 6000s] 💾 Checkpoint
2026-02-03T01:55:11.384717 [ 6007s] BTC: $78,936.05 (4ex, -0.001%) | 15m: 0.83/0.85 | 1h: N/A | P&L: $+3.00 (15)
2026-02-03T01:56:11.450969 [ 6067s] BTC: $78,923.84 (4ex, -0.015%) | 15m: 0.83/0.86 | 1h: N/A | P&L: $+3.00 (15)
2026-02-03T01:57:11.518713 [ 6127s] BTC: $78,934.29 (4ex, +0.013%) | 15m: 0.89/0.91 | 1h: N/A | P&L: $+3.00 (15)
2026-02-03T01:58:11.583711 [ 6187s] BTC: $78,931.61 (4ex, -0.004%) | 15m: 0.94/0.95 | 1h: N/A | P&L: $+3.00 (15)
2026-02-03T01:59:11.653371 [ 6247s] BTC: $78,959.35 (4ex, +0.036%) | 15m: 0.98/0.99 | 1h: N/A | P&L: $+3.00 (15)
2026-02-03T02:00:04.365327 [ 6300s] 💾 Checkpoint
2026-02-03T02:00:11.726382 [ 6307s] BTC: $78,960.62 (4ex, +0.002%) | 15m: 0.99/1.00 | 1h: N/A | P&L: $+3.00 (15)
2026-02-03T02:00:31.752470 [ 6327s] 🔄 15M transition
2026-02-03T02:00:32.754105 [ 6328s] 🔄 15M transition
2026-02-03T02:00:33.755046 [ 6329s] 🔄 15M transition
2026-02-03T02:00:34.755593 [ 6330s] 🔄 15M transition
2026-02-03T02:00:35.756717 [ 6331s] 🔄 15M transition
2026-02-03T02:01:11.799233 [ 6367s] BTC: $78,883.54 (4ex, -0.088%) | 15m: 0.35/0.40 | 1h: N/A | P&L: $+3.00 (15)
2026-02-03T02:02:11.862511 [ 6427s] BTC: $78,855.12 (4ex, -0.014%) | 15m: 0.22/0.26 | 1h: N/A | P&L: $+3.00 (15)
2026-02-03T02:03:11.927673 [ 6487s] BTC: $78,833.55 (4ex, -0.026%) | 15m: 0.21/0.24 | 1h: N/A | P&L: $+3.00 (15)
2026-02-03T02:03:32.955330 [ 6508s] 📉 15M MEAN-REV: K@0.19 (extreme low) + BTC stable → YES
2026-02-03T02:04:03.002434 [ 6538s] ❌ 15M mean_reversion_low CLOSE (STOP(-25%)): $-0.60 | Total: $+2.40
2026-02-03T02:04:12.015393 [ 6547s] BTC: $78,785.97 (4ex, -0.047%) | 15m: 0.13/0.15 | 1h: N/A | P&L: $+2.40 (16)
2026-02-03T02:05:04.369113 [ 6600s] 💾 Checkpoint
2026-02-03T02:05:12.087587 [ 6607s] BTC: $78,704.01 (4ex, -0.084%) | 15m: 0.07/0.09 | 1h: N/A | P&L: $+2.40 (16)
2026-02-03T02:05:41.118176 [ 6636s] 📉 15M MEAN-REV: K@0.09 (extreme low) + BTC stable → YES
2026-02-03T02:05:41.118725 [ 6636s] ❌ 15M mean_reversion_low CLOSE (STOP(-25%)): $-0.30 | Total: $+2.10
2026-02-03T02:06:12.155967 [ 6667s] BTC: $78,742.06 (4ex, +0.043%) | 15m: 0.06/0.08 | 1h: N/A | P&L: $+2.10 (17)
2026-02-03T02:06:41.187864 [ 6696s] 📉 15M MEAN-REV: K@0.10 (extreme low) + BTC stable → YES
2026-02-03T02:06:41.188422 [ 6696s] ❌ 15M mean_reversion_low CLOSE (STOP(-25%)): $-0.40 | Total: $+1.70
2026-02-03T02:07:12.225125 [ 6727s] BTC: $78,764.84 (4ex, +0.029%) | 15m: 0.06/0.11 | 1h: N/A | P&L: $+1.70 (18)
2026-02-03T02:07:41.262681 [ 6756s] 📉 15M MEAN-REV: K@0.06 (extreme low) + BTC stable → YES
2026-02-03T02:08:05.304743 [ 6781s] ❌ 15M mean_reversion_low CLOSE (STOP(-25%)): $-0.40 | Total: $+1.30
2026-02-03T02:08:12.310612 [ 6788s] BTC: $78,708.17 (4ex, -0.071%) | 15m: 0.02/0.05 | 1h: N/A | P&L: $+1.30 (19)
2026-02-03T02:09:05.375123 [ 6841s] 📉 15M MEAN-REV: K@0.05 (extreme low) + BTC stable → YES
2026-02-03T02:09:05.375635 [ 6841s] ❌ 15M mean_reversion_low CLOSE (STOP(-25%)): $-0.20 | Total: $+1.10
2026-02-03T02:09:12.385180 [ 6848s] BTC: $78,709.83 (4ex, +0.002%) | 15m: 0.02/0.04 | 1h: N/A | P&L: $+1.10 (20)
2026-02-03T02:10:04.372562 [ 6900s] 💾 Checkpoint
2026-02-03T02:10:12.449580 [ 6908s] BTC: $78,689.86 (4ex, -0.024%) | 15m: 0.00/0.02 | 1h: N/A | P&L: $+1.10 (20)
2026-02-03T02:11:12.502426 [ 6968s] BTC: $78,543.03 (4ex, -0.107%) | 15m: 0.00/0.01 | 1h: N/A | P&L: $+1.10 (20)
2026-02-03T02:12:12.572563 [ 7028s] BTC: $78,469.07 (4ex, -0.036%) | 15m: 0.00/0.01 | 1h: N/A | P&L: $+1.10 (20)
2026-02-03T02:13:12.628155 [ 7088s] BTC: $78,561.60 (4ex, +0.134%) | 15m: 0.00/0.01 | 1h: N/A | P&L: $+1.10 (20)
2026-02-03T02:14:12.686771 [ 7148s] BTC: $78,531.95 (4ex, -0.038%) | 15m: 0.00/0.01 | 1h: N/A | P&L: $+1.10 (20)
2026-02-03T02:15:04.377287 [ 7200s] 💾 Checkpoint
2026-02-03T02:15:08.741262 [ 7204s] 🔄 15M transition
2026-02-03T02:15:09.742581 [ 7205s] 🔄 15M transition
2026-02-03T02:15:10.744012 [ 7206s] 🔄 15M transition
2026-02-03T02:15:11.745067 [ 7207s] 🔄 15M transition
2026-02-03T02:15:12.746079 [ 7208s] 🔄 15M transition
2026-02-03T02:15:12.746152 [ 7208s] BTC: $78,467.64 (4ex, -0.066%) | 15m: 0.45/0.46 | 1h: N/A | P&L: $+1.10 (20)
2026-02-03T02:16:12.806688 [ 7268s] BTC: $78,556.90 (4ex, +0.115%) | 15m: 0.66/0.68 | 1h: N/A | P&L: $+1.10 (20)
2026-02-03T02:17:12.873892 [ 7328s] BTC: $78,586.21 (4ex, +0.032%) | 15m: 0.74/0.77 | 1h: N/A | P&L: $+1.10 (20)
2026-02-03T02:17:39.903027 [ 7355s] 📈 15M MEAN-REV: K@0.81 (extreme high) + BTC stable → NO
2026-02-03T02:18:12.953847 [ 7388s] BTC: $78,591.11 (4ex, +0.006%) | 15m: 0.78/0.80 | 1h: N/A | P&L: $+1.10 (20)
2026-02-03T02:19:11.049603 [ 7446s] ✅ 15M mean_reversion_high CLOSE (PROFIT): $+0.60 | Total: $+1.70
2026-02-03T02:19:13.050625 [ 7448s] BTC: $78,635.21 (4ex, +0.063%) | 15m: 0.86/0.87 | 1h: N/A | P&L: $+1.70 (21)
2026-02-03T02:20:04.380483 [ 7500s] 💾 Checkpoint
2026-02-03T02:20:11.119654 [ 7506s] 📈 15M MEAN-REV: K@0.88 (extreme high) + BTC stable → NO
2026-02-03T02:20:11.120305 [ 7506s] ✅ 15M mean_reversion_high CLOSE (PROFIT): $+0.20 | Total: $+1.90
2026-02-03T02:20:13.123106 [ 7508s] BTC: $78,658.40 (4ex, +0.029%) | 15m: 0.88/0.90 | 1h: N/A | P&L: $+1.90 (22)
2026-02-03T02:21:11.186152 [ 7566s] 📈 15M MEAN-REV: K@0.93 (extreme high) + BTC stable → NO
2026-02-03T02:21:11.186725 [ 7566s] ✅ 15M mean_reversion_high CLOSE (PROFIT): $+0.10 | Total: $+2.00
2026-02-03T02:21:13.189886 [ 7568s] BTC: $78,687.51 (4ex, +0.029%) | 15m: 0.93/0.95 | 1h: N/A | P&L: $+2.00 (23)
2026-02-03T02:22:11.255432 [ 7626s] 📈 15M MEAN-REV: K@0.94 (extreme high) + BTC stable → NO
2026-02-03T02:22:11.256017 [ 7626s] ✅ 15M mean_reversion_high CLOSE (PROFIT): $+0.10 | Total: $+2.10
2026-02-03T02:22:13.258086 [ 7628s] BTC: $78,711.52 (4ex, +0.033%) | 15m: 0.96/0.98 | 1h: N/A | P&L: $+2.10 (24)
2026-02-03T02:23:11.320642 [ 7687s] 📈 15M MEAN-REV: K@0.96 (extreme high) + BTC stable → NO
2026-02-03T02:23:11.321425 [ 7687s] ✅ 15M mean_reversion_high CLOSE (PROFIT): $+0.20 | Total: $+2.30
2026-02-03T02:23:13.323009 [ 7689s] BTC: $78,759.03 (4ex, +0.019%) | 15m: 0.96/0.97 | 1h: N/A | P&L: $+2.30 (25)
2026-02-03T02:24:11.383632 [ 7747s] 📈 15M MEAN-REV: K@0.97 (extreme high) + BTC stable → NO
2026-02-03T02:24:11.384136 [ 7747s] ✅ 15M mean_reversion_high CLOSE (PROFIT): $+0.10 | Total: $+2.40
2026-02-03T02:24:13.385578 [ 7749s] BTC: $78,778.06 (4ex, +0.024%) | 15m: 0.96/0.98 | 1h: N/A | P&L: $+2.40 (26)
2026-02-03T02:25:04.384732 [ 7800s] 💾 Checkpoint
2026-02-03T02:25:13.461329 [ 7809s] BTC: $78,767.51 (4ex, -0.023%) | 15m: 0.98/0.99 | 1h: N/A | P&L: $+2.40 (26)
2026-02-03T02:26:13.535276 [ 7869s] BTC: $78,735.34 (4ex, -0.039%) | 15m: 0.97/0.99 | 1h: N/A | P&L: $+2.40 (26)
2026-02-03T02:27:13.604048 [ 7929s] BTC: $78,644.18 (4ex, -0.115%) | 15m: 0.97/0.99 | 1h: N/A | P&L: $+2.40 (26)
2026-02-03T02:28:13.672363 [ 7989s] BTC: $78,626.34 (4ex, -0.018%) | 15m: 0.97/0.98 | 1h: N/A | P&L: $+2.40 (26)
2026-02-03T02:29:13.737377 [ 8049s] BTC: $78,641.86 (4ex, +0.020%) | 15m: 0.99/1.00 | 1h: N/A | P&L: $+2.40 (26)
2026-02-03T02:30:04.390013 [ 8100s] 💾 Checkpoint
2026-02-03T02:30:13.812894 [ 8109s] BTC: $78,643.17 (4ex, +0.005%) | 15m: 0.99/1.00 | 1h: N/A | P&L: $+2.40 (26)
2026-02-03T02:30:16.815940 [ 8112s] 🔄 15M transition
2026-02-03T02:30:17.817312 [ 8113s] 🔄 15M transition
2026-02-03T02:30:18.819111 [ 8114s] 🔄 15M transition
2026-02-03T02:30:19.821679 [ 8115s] 🔄 15M transition
2026-02-03T02:30:20.822891 [ 8116s] 🔄 15M transition
2026-02-03T02:31:03.886733 [ 8159s] 🎯 15M DELAY: BTC -0.155% K +0.0% → NO@$0.55
2026-02-03T02:31:13.902025 [ 8169s] BTC: $78,491.48 (4ex, -0.166%) | 15m: 0.45/0.49 | 1h: N/A | P&L: $+2.40 (26)
2026-02-03T02:31:17.909961 [ 8173s] ❌ 15M delay_arb CLOSE (STOP(-25%)): $-1.90 | Total: $+0.50
2026-02-03T02:32:13.979086 [ 8229s] BTC: $78,521.94 (4ex, +0.037%) | 15m: 0.23/0.25 | 1h: N/A | P&L: $+0.50 (27)
2026-02-03T02:33:14.050151 [ 8289s] BTC: $78,565.11 (4ex, +0.016%) | 15m: 0.43/0.47 | 1h: N/A | P&L: $+0.50 (27)
2026-02-03T02:34:14.105150 [ 8349s] BTC: $78,636.57 (4ex, +0.065%) | 15m: 0.46/0.49 | 1h: N/A | P&L: $+0.50 (27)
2026-02-03T02:35:04.394125 [ 8400s] 💾 Checkpoint
2026-02-03T02:35:14.176718 [ 8409s] BTC: $78,616.44 (4ex, -0.026%) | 15m: 0.37/0.41 | 1h: N/A | P&L: $+0.50 (27)
2026-02-03T02:36:14.248250 [ 8469s] BTC: $78,632.04 (4ex, +0.019%) | 15m: 0.51/0.56 | 1h: N/A | P&L: $+0.50 (27)
2026-02-03T02:37:14.317286 [ 8530s] BTC: $78,562.63 (4ex, -0.063%) | 15m: 0.20/0.26 | 1h: N/A | P&L: $+0.50 (27)
2026-02-03T02:37:20.321426 [ 8536s] 📉 15M MEAN-REV: K@0.22 (extreme low) + BTC stable → YES
2026-02-03T02:37:51.368025 [ 8567s] ❌ 15M mean_reversion_low CLOSE (STOP(-25%)): $-0.60 | Total: $-0.10
2026-02-03T02:38:14.395649 [ 8590s] BTC: $78,514.24 (4ex, -0.061%) | 15m: 0.16/0.18 | 1h: N/A | P&L: $-0.10 (28)
2026-02-03T02:38:51.441077 [ 8627s] 📉 15M MEAN-REV: K@0.11 (extreme low) + BTC stable → YES
2026-02-03T02:38:51.441614 [ 8627s] ❌ 15M mean_reversion_low CLOSE (STOP(-25%)): $-0.30 | Total: $-0.40
2026-02-03T02:39:14.469161 [ 8650s] BTC: $78,533.36 (4ex, +0.018%) | 15m: 0.08/0.11 | 1h: N/A | P&L: $-0.40 (29)
2026-02-03T02:39:51.520285 [ 8687s] 📉 15M MEAN-REV: K@0.11 (extreme low) + BTC stable → YES
2026-02-03T02:39:51.520972 [ 8687s] ❌ 15M mean_reversion_low CLOSE (STOP(-25%)): $-0.30 | Total: $-0.70
2026-02-03T02:40:04.397900 [ 8700s] 💾 Checkpoint
2026-02-03T02:40:14.548212 [ 8710s] BTC: $78,457.89 (4ex, -0.102%) | 15m: 0.08/0.11 | 1h: N/A | P&L: $-0.70 (30)
2026-02-03T02:41:14.612092 [ 8770s] BTC: $78,440.10 (4ex, -0.016%) | 15m: 0.02/0.03 | 1h: N/A | P&L: $-0.70 (30)
2026-02-03T02:42:14.680664 [ 8830s] BTC: $78,431.54 (4ex, +0.002%) | 15m: 0.02/0.03 | 1h: N/A | P&L: $-0.70 (30)
2026-02-03T02:43:14.738375 [ 8890s] BTC: $78,465.27 (4ex, +0.035%) | 15m: 0.00/0.02 | 1h: N/A | P&L: $-0.70 (30)
2026-02-03T02:44:14.799110 [ 8950s] BTC: $78,403.58 (4ex, -0.054%) | 15m: 0.00/0.01 | 1h: N/A | P&L: $-0.70 (30)
2026-02-03T02:45:04.402088 [ 9000s] 💾 Checkpoint
2026-02-03T02:45:14.856336 [ 9010s] BTC: $78,270.33 (4ex, -0.111%) | 15m: 0.00/0.01 | 1h: N/A | P&L: $-0.70 (30)
2026-02-03T02:45:24.865092 [ 9020s] 🔄 15M transition
2026-02-03T02:45:25.866835 [ 9021s] 🔄 15M transition
2026-02-03T02:45:26.867837 [ 9022s] 🔄 15M transition
2026-02-03T02:45:27.868606 [ 9023s] 🔄 15M transition
2026-02-03T02:45:28.870938 [ 9024s] 🔄 15M transition
2026-02-03T02:46:14.913368 [ 9070s] BTC: $78,209.84 (4ex, -0.064%) | 15m: 0.22/0.24 | 1h: N/A | P&L: $-0.70 (30)
2026-02-03T02:46:45.943998 [ 9101s] 📉 15M MEAN-REV: K@0.18 (extreme low) + BTC stable → YES
2026-02-03T02:46:55.958130 [ 9111s] ✅ 15M mean_reversion_low CLOSE (PROFIT): $+0.70 | Total: $-0.00
2026-02-03T02:47:14.977998 [ 9130s] BTC: $78,297.53 (4ex, +0.114%) | 15m: 0.25/0.27 | 1h: N/A | P&L: $-0.00 (31)
2026-02-03T02:47:57.014917 [ 9172s] 🎯 15M DELAY: BTC -0.157% K +0.0% → NO@$0.81
2026-02-03T02:48:15.041403 [ 9190s] BTC: $78,212.99 (4ex, -0.070%) | 15m: 0.19/0.20 | 1h: N/A | P&L: $-0.00 (31)
2026-02-03T02:49:15.137051 [ 9250s] BTC: $78,048.72 (4ex, -0.122%) | 15m: 0.10/0.13 | 1h: N/A | P&L: $-0.00 (31)
2026-02-03T02:50:04.406646 [ 9300s] 💾 Checkpoint
2026-02-03T02:50:15.231186 [ 9310s] BTC: $77,962.83 (4ex, -0.017%) | 15m: 0.03/0.05 | 1h: N/A | P&L: $-0.00 (31)
2026-02-03T02:51:15.323285 [ 9371s] BTC: $77,941.01 (4ex, +0.012%) | 15m: 0.02/0.04 | 1h: N/A | P&L: $-0.00 (31)
2026-02-03T02:52:15.416035 [ 9431s] BTC: $77,947.19 (4ex, +0.020%) | 15m: 0.02/0.04 | 1h: N/A | P&L: $-0.00 (31)
2026-02-03T02:53:15.513341 [ 9491s] BTC: $77,917.13 (4ex, -0.052%) | 15m: 0.01/0.02 | 1h: N/A | P&L: $-0.00 (31)
2026-02-03T02:53:57.581885 [ 9533s] ❌ 15M delay_arb CLOSE (TIMEOUT): $-1.60 | Total: $-1.60
2026-02-03T02:54:15.602914 [ 9551s] BTC: $77,909.22 (4ex, -0.012%) | 15m: 0.00/0.01 | 1h: N/A | P&L: $-1.60 (32)
2026-02-03T02:54:57.645121 [ 9593s] 📉 15M MEAN-REV: K@0.01 (extreme low) + BTC stable → YES
2026-02-03T02:54:57.645630 [ 9593s] ❌ 15M mean_reversion_low CLOSE (STOP(-25%)): $-0.10 | Total: $-1.70
2026-02-03T02:55:04.410612 [ 9600s] 💾 Checkpoint
2026-02-03T02:55:15.670706 [ 9611s] BTC: $77,978.32 (4ex, +0.118%) | 15m: 0.00/0.02 | 1h: N/A | P&L: $-1.70 (33)
2026-02-03T02:56:15.735929 [ 9671s] BTC: $77,987.22 (4ex, +0.076%) | 15m: 0.00/0.02 | 1h: N/A | P&L: $-1.70 (33)
2026-02-03T02:57:15.803425 [ 9731s] BTC: $78,004.65 (4ex, -0.005%) | 15m: 0.00/0.01 | 1h: N/A | P&L: $-1.70 (33)
2026-02-03T02:58:15.871835 [ 9791s] BTC: $77,930.45 (4ex, -0.083%) | 15m: 0.00/0.01 | 1h: N/A | P&L: $-1.70 (33)
2026-02-03T02:59:15.934131 [ 9851s] BTC: $77,787.31 (4ex, +0.019%) | 15m: 0.00/0.01 | 1h: N/A | P&L: $-1.70 (33)
2026-02-03T03:00:02.986095 [ 9898s] 🔄 15M transition
2026-02-03T03:00:03.987426 [ 9899s] 🔄 15M transition
2026-02-03T03:00:04.415243 [ 9900s] 💾 Checkpoint
2026-02-03T03:00:04.988576 [ 9900s] 🔄 15M transition
2026-02-03T03:00:05.990749 [ 9901s] 🔄 15M transition
2026-02-03T03:00:06.992917 [ 9902s] 🔄 15M transition
2026-02-03T03:00:16.003353 [ 9911s] BTC: $77,757.36 (4ex, +0.005%) | 15m: 0.45/0.55 | 1h: N/A | P&L: $-1.70 (33)
2026-02-03T03:01:16.068139 [ 9971s] BTC: $77,842.99 (4ex, +0.027%) | 15m: 0.55/0.57 | 1h: N/A | P&L: $-1.70 (33)
2026-02-03T03:02:16.127854 [10031s] BTC: $77,780.49 (4ex, -0.133%) | 15m: 0.62/0.63 | 1h: N/A | P&L: $-1.70 (33)
2026-02-03T03:03:16.218570 [10091s] BTC: $77,742.13 (4ex, +0.002%) | 15m: 0.45/0.49 | 1h: N/A | P&L: $-1.70 (33)
2026-02-03T03:03:45.250109 [10120s] 🎯 15M DELAY: BTC -0.187% K +0.0% → NO@$0.49
2026-02-03T03:04:05.279302 [10140s] ❌ 15M delay_arb CLOSE (STOP(-25%)): $-2.00 | Total: $-3.70
2026-02-03T03:04:16.292132 [10151s] BTC: $77,612.87 (4ex, -0.079%) | 15m: 0.27/0.31 | 1h: N/A | P&L: $-3.70 (34)
2026-02-03T03:05:04.421837 [10200s] 💾 Checkpoint
2026-02-03T03:05:16.369589 [10212s] BTC: $77,683.84 (4ex, +0.101%) | 15m: 0.28/0.31 | 1h: N/A | P&L: $-3.70 (34)
2026-02-03T03:06:16.444241 [10272s] BTC: $77,693.46 (4ex, -0.004%) | 15m: 0.32/0.35 | 1h: N/A | P&L: $-3.70 (34)
2026-02-03T03:06:32.461902 [10288s] 🎯 15M DELAY: BTC +0.156% K +0.0% → YES@$0.35
2026-02-03T03:06:36.468277 [10292s] ✅ 15M delay_arb CLOSE (PROFIT): $+1.90 | Total: $-1.80
2026-02-03T03:07:16.506978 [10332s] BTC: $77,934.50 (4ex, +0.142%) | 15m: 0.76/0.80 | 1h: N/A | P&L: $-1.80 (35)
2026-02-03T03:07:44.534773 [10360s] 📈 15M MEAN-REV: K@0.84 (extreme high) + BTC stable → NO
2026-02-03T03:07:44.535457 [10360s] ✅ 15M mean_reversion_high CLOSE (PROFIT): $+0.20 | Total: $-1.60
2026-02-03T03:08:16.566107 [10392s] BTC: $78,028.03 (4ex, +0.138%) | 15m: 0.89/0.93 | 1h: N/A | P&L: $-1.60 (36)
2026-02-03T03:08:44.598425 [10420s] 📈 15M MEAN-REV: K@0.90 (extreme high) + BTC stable → NO
2026-02-03T03:08:44.599023 [10420s] ✅ 15M mean_reversion_high CLOSE (PROFIT): $+0.20 | Total: $-1.40
2026-02-03T03:09:16.633938 [10452s] BTC: $77,951.62 (4ex, -0.012%) | 15m: 0.88/0.90 | 1h: N/A | P&L: $-1.40 (37)
2026-02-03T03:09:44.665498 [10480s] 📈 15M MEAN-REV: K@0.89 (extreme high) + BTC stable → NO
2026-02-03T03:09:44.666067 [10480s] ✅ 15M mean_reversion_high CLOSE (PROFIT): $+0.30 | Total: $-1.10
2026-02-03T03:10:04.427195 [10500s] 💾 Checkpoint
2026-02-03T03:10:16.702938 [10512s] BTC: $77,976.01 (4ex, +0.036%) | 15m: 0.91/0.94 | 1h: N/A | P&L: $-1.10 (38)
2026-02-03T03:11:16.772284 [10572s] BTC: $77,986.80 (4ex, -0.019%) | 15m: 0.96/0.98 | 1h: N/A | P&L: $-1.10 (38)
2026-02-03T03:12:16.848999 [10632s] BTC: $78,026.29 (4ex, +0.051%) | 15m: 0.98/0.99 | 1h: N/A | P&L: $-1.10 (38)
2026-02-03T03:13:16.910151 [10692s] BTC: $78,025.82 (4ex, -0.005%) | 15m: 0.98/1.00 | 1h: N/A | P&L: $-1.10 (38)
2026-02-03T03:14:16.977859 [10752s] BTC: $77,987.19 (4ex, -0.063%) | 15m: 0.99/1.00 | 1h: N/A | P&L: $-1.10 (38)
2026-02-03T03:15:04.431616 [10800s] 💾 Checkpoint
2026-02-03T03:15:11.042755 [10806s] 🔄 15M transition
2026-02-03T03:15:12.043454 [10807s] 🔄 15M transition
2026-02-03T03:15:13.044331 [10808s] 🔄 15M transition
2026-02-03T03:15:14.045860 [10809s] 🔄 15M transition
2026-02-03T03:15:15.047244 [10810s] 🔄 15M transition
2026-02-03T03:15:17.050956 [10812s] BTC: $77,999.44 (4ex, +0.016%) | 15m: 0.45/0.55 | 1h: N/A | P&L: $-1.10 (38)
2026-02-03T03:16:17.117139 [10872s] BTC: $77,963.23 (4ex, -0.107%) | 15m: 0.45/0.48 | 1h: N/A | P&L: $-1.10 (38)
2026-02-03T03:16:43.151017 [10898s] 🎯 15M DELAY: BTC -0.151% K +0.0% → NO@$0.74
2026-02-03T03:17:17.208142 [10932s] BTC: $77,802.24 (4ex, -0.083%) | 15m: 0.22/0.25 | 1h: N/A | P&L: $-1.10 (38)
2026-02-03T03:17:42.251530 [10957s] ✅ 15M delay_arb CLOSE (PROFIT): $+0.70 | Total: $-0.40
2026-02-03T03:18:17.287961 [10992s] BTC: $77,914.91 (4ex, +0.050%) | 15m: 0.39/0.43 | 1h: N/A | P&L: $-0.40 (39)
2026-02-03T03:19:17.348056 [11053s] BTC: $77,845.79 (4ex, -0.033%) | 15m: 0.23/0.27 | 1h: N/A | P&L: $-0.40 (39)
2026-02-03T03:19:55.385637 [11091s] 📉 15M MEAN-REV: K@0.18 (extreme low) + BTC stable → YES
2026-02-03T03:20:04.437524 [11100s] 💾 Checkpoint
2026-02-03T03:20:17.422044 [11113s] BTC: $77,795.27 (4ex, -0.048%) | 15m: 0.15/0.16 | 1h: N/A | P&L: $-0.40 (39)
2026-02-03T03:21:17.513534 [11173s] BTC: $77,839.57 (4ex, +0.054%) | 15m: 0.14/0.17 | 1h: N/A | P&L: $-0.40 (39)
2026-02-03T03:21:44.556773 [11200s] ❌ 15M mean_reversion_low CLOSE (STOP(-25%)): $-0.60 | Total: $-1.00
2026-02-03T03:22:17.587278 [11233s] BTC: $77,785.25 (4ex, -0.072%) | 15m: 0.07/0.10 | 1h: N/A | P&L: $-1.00 (40)
2026-02-03T03:23:04.640604 [11280s] 📉 15M MEAN-REV: K@0.07 (extreme low) + BTC stable → YES
2026-02-03T03:23:04.641335 [11280s] ❌ 15M mean_reversion_low CLOSE (STOP(-25%)): $-0.20 | Total: $-1.20
2026-02-03T03:23:17.651944 [11293s] BTC: $77,765.15 (4ex, -0.026%) | 15m: 0.06/0.07 | 1h: N/A | P&L: $-1.20 (41)
2026-02-03T03:24:04.718992 [11340s] 📉 15M MEAN-REV: K@0.07 (extreme low) + BTC stable → YES
2026-02-03T03:24:04.719509 [11340s] ❌ 15M mean_reversion_low CLOSE (STOP(-25%)): $-0.20 | Total: $-1.40
2026-02-03T03:24:17.734044 [11353s] BTC: $77,816.50 (4ex, +0.009%) | 15m: 0.08/0.09 | 1h: N/A | P&L: $-1.40 (42)
2026-02-03T03:25:04.442707 [11400s] 💾 Checkpoint
2026-02-03T03:25:17.798424 [11413s] BTC: $78,034.10 (4ex, +0.110%) | 15m: 0.62/0.64 | 1h: N/A | P&L: $-1.40 (42)
2026-02-03T03:26:17.855951 [11473s] BTC: $78,120.56 (4ex, +0.022%) | 15m: 0.80/0.83 | 1h: N/A | P&L: $-1.40 (42)
2026-02-03T03:27:17.915606 [11533s] BTC: $78,174.51 (4ex, +0.055%) | 15m: 0.95/0.97 | 1h: N/A | P&L: $-1.40 (42)
2026-02-03T03:28:17.976297 [11593s] BTC: $78,217.24 (4ex, +0.034%) | 15m: 0.99/1.00 | 1h: N/A | P&L: $-1.40 (42)
2026-02-03T03:29:18.043201 [11653s] BTC: $78,234.21 (4ex, +0.022%) | 15m: 0.99/1.00 | 1h: N/A | P&L: $-1.40 (42)
2026-02-03T03:30:04.448413 [11700s] 💾 Checkpoint
2026-02-03T03:30:18.111222 [11713s] BTC: $78,209.94 (4ex, -0.030%) | 15m: 0.99/1.00 | 1h: N/A | P&L: $-1.40 (42)
2026-02-03T03:30:19.111925 [11714s] 🔄 15M transition
2026-02-03T03:30:20.113854 [11715s] 🔄 15M transition
2026-02-03T03:30:21.114929 [11716s] 🔄 15M transition
2026-02-03T03:30:22.116362 [11717s] 🔄 15M transition
2026-02-03T03:30:23.118484 [11718s] 🔄 15M transition
2026-02-03T03:31:18.184184 [11773s] BTC: $78,232.63 (4ex, +0.007%) | 15m: 0.38/0.43 | 1h: N/A | P&L: $-1.40 (42)
2026-02-03T03:32:18.240778 [11833s] BTC: $78,307.69 (4ex, +0.044%) | 15m: 0.58/0.63 | 1h: N/A | P&L: $-1.40 (42)
2026-02-03T03:33:18.312303 [11894s] BTC: $78,301.44 (4ex, +0.002%) | 15m: 0.53/0.56 | 1h: N/A | P&L: $-1.40 (42)
2026-02-03T03:34:18.376934 [11954s] BTC: $78,337.48 (4ex, +0.046%) | 15m: 0.64/0.69 | 1h: N/A | P&L: $-1.40 (42)
2026-02-03T03:35:04.453391 [12000s] 💾 Checkpoint
2026-02-03T03:35:18.443397 [12014s] BTC: $78,373.65 (4ex, +0.065%) | 15m: 0.70/0.72 | 1h: N/A | P&L: $-1.40 (42)
2026-02-03T03:36:18.510257 [12074s] BTC: $78,459.73 (4ex, +0.055%) | 15m: 0.85/0.87 | 1h: N/A | P&L: $-1.40 (42)
2026-02-03T03:36:20.512148 [12076s] 📈 15M MEAN-REV: K@0.85 (extreme high) + BTC stable → NO
2026-02-03T03:36:20.512672 [12076s] ✅ 15M mean_reversion_high CLOSE (PROFIT): $+0.20 | Total: $-1.20
2026-02-03T03:37:18.580075 [12134s] BTC: $78,449.90 (4ex, -0.001%) | 15m: 0.83/0.84 | 1h: N/A | P&L: $-1.20 (43)
2026-02-03T03:37:20.581831 [12136s] 📈 15M MEAN-REV: K@0.83 (extreme high) + BTC stable → NO
2026-02-03T03:37:22.585115 [12138s] ✅ 15M mean_reversion_high CLOSE (PROFIT): $+0.50 | Total: $-0.70
2026-02-03T03:38:18.641639 [12194s] BTC: $78,373.66 (4ex, -0.076%) | 15m: 0.84/0.88 | 1h: N/A | P&L: $-0.70 (44)
2026-02-03T03:38:22.646241 [12198s] 📈 15M MEAN-REV: K@0.83 (extreme high) + BTC stable → NO
2026-02-03T03:38:22.646863 [12198s] ✅ 15M mean_reversion_high CLOSE (PROFIT): $+0.40 | Total: $-0.30
2026-02-03T03:39:18.715159 [12254s] BTC: $78,418.36 (4ex, +0.056%) | 15m: 0.88/0.90 | 1h: N/A | P&L: $-0.30 (45)
2026-02-03T03:39:29.727034 [12265s] 📈 15M MEAN-REV: K@0.91 (extreme high) + BTC stable → NO
2026-02-03T03:39:29.727521 [12265s] ✅ 15M mean_reversion_high CLOSE (PROFIT): $+0.10 | Total: $-0.20
2026-02-03T03:40:04.458263 [12300s] 💾 Checkpoint
2026-02-03T03:40:18.784522 [12314s] BTC: $78,414.01 (4ex, -0.004%) | 15m: 0.89/0.91 | 1h: N/A | P&L: $-0.20 (46)
2026-02-03T03:41:18.851916 [12374s] BTC: $78,461.39 (4ex, +0.064%) | 15m: 0.94/0.96 | 1h: N/A | P&L: $-0.20 (46)
2026-02-03T03:42:18.913305 [12434s] BTC: $78,499.93 (4ex, -0.023%) | 15m: 0.99/1.00 | 1h: N/A | P&L: $-0.20 (46)
2026-02-03T03:43:18.987369 [12494s] BTC: $78,501.58 (4ex, +0.002%) | 15m: 0.99/1.00 | 1h: N/A | P&L: $-0.20 (46)
2026-02-03T03:44:19.058883 [12554s] BTC: $78,503.54 (4ex, +0.003%) | 15m: 0.99/1.00 | 1h: N/A | P&L: $-0.20 (46)
2026-02-03T03:45:04.463755 [12600s] 💾 Checkpoint
2026-02-03T03:45:19.134993 [12614s] BTC: $78,491.70 (4ex, -0.015%) | 15m: 0.99/1.00 | 1h: N/A | P&L: $-0.20 (46)
2026-02-03T03:45:26.143312 [12621s] 🔄 15M transition
2026-02-03T03:45:27.144613 [12622s] 🔄 15M transition
2026-02-03T03:45:28.146913 [12623s] 🔄 15M transition
2026-02-03T03:45:29.147544 [12624s] 🔄 15M transition
2026-02-03T03:45:30.150247 [12625s] 🔄 15M transition
2026-02-03T03:45:31.151186 [12626s] 🔄 15M transition
2026-02-03T03:46:19.208130 [12674s] BTC: $78,505.59 (4ex, +0.019%) | 15m: 0.38/0.41 | 1h: N/A | P&L: $-0.20 (46)
2026-02-03T03:47:19.272076 [12734s] BTC: $78,495.65 (4ex, -0.043%) | 15m: 0.57/0.60 | 1h: N/A | P&L: $-0.20 (46)
2026-02-03T03:48:19.338988 [12795s] BTC: $78,501.14 (4ex, +0.007%) | 15m: 0.37/0.38 | 1h: N/A | P&L: $-0.20 (46)
2026-02-03T03:49:19.403195 [12855s] BTC: $78,483.38 (4ex, -0.023%) | 15m: 0.48/0.49 | 1h: N/A | P&L: $-0.20 (46)
2026-02-03T03:50:04.471423 [12900s] 💾 Checkpoint
2026-02-03T03:50:19.485644 [12915s] BTC: $78,484.50 (4ex, +0.001%) | 15m: 0.35/0.37 | 1h: N/A | P&L: $-0.20 (46)
2026-02-03T03:51:19.554044 [12975s] BTC: $78,552.51 (4ex, +0.090%) | 15m: 0.48/0.51 | 1h: N/A | P&L: $-0.20 (46)
2026-02-03T03:52:19.621912 [13035s] BTC: $78,556.32 (4ex, +0.004%) | 15m: 0.54/0.56 | 1h: N/A | P&L: $-0.20 (46)
2026-02-03T03:53:19.693615 [13095s] BTC: $78,518.99 (4ex, -0.046%) | 15m: 0.49/0.51 | 1h: N/A | P&L: $-0.20 (46)
2026-02-03T03:54:19.762274 [13155s] BTC: $78,520.79 (4ex, +0.004%) | 15m: 0.50/0.52 | 1h: N/A | P&L: $-0.20 (46)
2026-02-03T03:55:04.477976 [13200s] 💾 Checkpoint
2026-02-03T03:55:19.836905 [13215s] BTC: $78,518.43 (4ex, -0.003%) | 15m: 0.49/0.53 | 1h: N/A | P&L: $-0.20 (46)
2026-02-03T03:56:19.904444 [13275s] BTC: $78,667.48 (4ex, +0.056%) | 15m: 0.84/0.87 | 1h: N/A | P&L: $-0.20 (46)
2026-02-03T03:57:19.966135 [13335s] BTC: $78,757.63 (4ex, -0.087%) | 15m: 0.99/1.00 | 1h: N/A | P&L: $-0.20 (46)
2026-02-03T03:58:20.036065 [13395s] BTC: $78,779.54 (4ex, -0.044%) | 15m: 0.99/1.00 | 1h: N/A | P&L: $-0.20 (46)
2026-02-03T03:59:20.104059 [13455s] BTC: $78,729.81 (4ex, -0.044%) | 15m: 0.99/1.00 | 1h: N/A | P&L: $-0.20 (46)
2026-02-03T04:00:04.171703 [13499s] 🔄 15M transition
2026-02-03T04:00:04.483878 [13500s] 💾 Checkpoint
2026-02-03T04:00:05.173086 [13500s] 🔄 15M transition
2026-02-03T04:00:06.173770 [13501s] 🔄 15M transition
2026-02-03T04:00:07.174511 [13502s] 🔄 15M transition
2026-02-03T04:00:08.175208 [13503s] 🔄 15M transition
2026-02-03T04:00:20.189085 [13515s] BTC: $78,709.49 (4ex, -0.013%) | 15m: 0.45/0.55 | 1h: N/A | P&L: $-0.20 (46)
2026-02-03T04:01:20.262063 [13575s] BTC: $78,693.57 (4ex, -0.024%) | 15m: 0.40/0.45 | 1h: N/A | P&L: $-0.20 (46)
2026-02-03T04:02:20.328931 [13636s] BTC: $78,678.95 (4ex, -0.023%) | 15m: 0.33/0.37 | 1h: N/A | P&L: $-0.20 (46)
2026-02-03T04:03:20.398747 [13696s] BTC: $78,721.17 (4ex, +0.054%) | 15m: 0.48/0.50 | 1h: N/A | P&L: $-0.20 (46)
2026-02-03T04:04:20.476872 [13756s] BTC: $78,601.21 (4ex, -0.045%) | 15m: 0.29/0.30 | 1h: N/A | P&L: $-0.20 (46)
2026-02-03T04:05:04.488941 [13800s] 💾 Checkpoint
2026-02-03T04:05:20.548418 [13816s] BTC: $78,584.06 (4ex, -0.024%) | 15m: 0.25/0.27 | 1h: N/A | P&L: $-0.20 (46)
2026-02-03T04:06:05.603146 [13861s] 📉 15M MEAN-REV: K@0.16 (extreme low) + BTC stable → YES
2026-02-03T04:06:20.633963 [13876s] BTC: $78,501.93 (4ex, -0.072%) | 15m: 0.12/0.14 | 1h: N/A | P&L: $-0.20 (46)
2026-02-03T04:06:36.658480 [13892s] ❌ 15M mean_reversion_low CLOSE (STOP(-25%)): $-0.70 | Total: $-0.90
2026-02-03T04:07:20.704980 [13936s] BTC: $78,496.44 (4ex, -0.007%) | 15m: 0.07/0.09 | 1h: N/A | P&L: $-0.90 (47)
2026-02-03T04:07:36.726480 [13952s] 📉 15M MEAN-REV: K@0.09 (extreme low) + BTC stable → YES
2026-02-03T04:07:37.728544 [13953s] ❌ 15M mean_reversion_low CLOSE (STOP(-25%)): $-0.40 | Total: $-1.30
2026-02-03T04:08:20.808399 [13996s] BTC: $78,526.16 (4ex, +0.038%) | 15m: 0.05/0.06 | 1h: N/A | P&L: $-1.30 (48)
2026-02-03T04:08:37.827742 [14013s] 📉 15M MEAN-REV: K@0.11 (extreme low) + BTC stable → YES
2026-02-03T04:08:37.828264 [14013s] ❌ 15M mean_reversion_low CLOSE (STOP(-25%)): $-0.30 | Total: $-1.60
2026-02-03T04:09:20.873064 [14056s] BTC: $78,552.74 (4ex, +0.034%) | 15m: 0.07/0.10 | 1h: N/A | P&L: $-1.60 (49)
2026-02-03T04:09:37.890503 [14073s] 📉 15M MEAN-REV: K@0.10 (extreme low) + BTC stable → YES
2026-02-03T04:09:37.891089 [14073s] ❌ 15M mean_reversion_low CLOSE (STOP(-25%)): $-0.30 | Total: $-1.90
2026-02-03T04:10:04.497165 [14100s] 💾 Checkpoint
2026-02-03T04:10:20.933630 [14116s] BTC: $78,604.19 (4ex, +0.065%) | 15m: 0.11/0.12 | 1h: N/A | P&L: $-1.90 (50)
2026-02-03T04:11:20.986605 [14176s] BTC: $78,617.62 (4ex, +0.029%) | 15m: 0.12/0.13 | 1h: N/A | P&L: $-1.90 (50)
2026-02-03T04:12:21.043094 [14236s] BTC: $78,679.36 (4ex, +0.048%) | 15m: 0.51/0.52 | 1h: N/A | P&L: $-1.90 (50)
2026-02-03T04:13:21.106438 [14296s] BTC: $78,681.35 (4ex, +0.003%) | 15m: 0.24/0.28 | 1h: N/A | P&L: $-1.90 (50)
2026-02-03T04:14:21.175237 [14356s] BTC: $78,665.44 (4ex, -0.020%) | 15m: 0.02/0.10 | 1h: N/A | P&L: $-1.90 (50)
2026-02-03T04:15:04.506000 [14400s] 💾 Checkpoint
2026-02-03T04:15:11.236081 [14406s] 🔄 15M transition
2026-02-03T04:15:12.237434 [14407s] 🔄 15M transition
2026-02-03T04:15:13.238580 [14408s] 🔄 15M transition
2026-02-03T04:15:14.239771 [14409s] 🔄 15M transition
2026-02-03T04:15:15.240722 [14410s] 🔄 15M transition
2026-02-03T04:15:21.246936 [14416s] BTC: $78,694.83 (4ex, +0.037%) | 15m: 0.27/0.45 | 1h: N/A | P&L: $-1.90 (50)
2026-02-03T04:16:21.320750 [14477s] BTC: $78,642.22 (4ex, -0.073%) | 15m: 0.37/0.39 | 1h: N/A | P&L: $-1.90 (50)
2026-02-03T04:17:21.399070 [14537s] BTC: $78,621.97 (4ex, -0.026%) | 15m: 0.37/0.38 | 1h: N/A | P&L: $-1.90 (50)
2026-02-03T04:18:21.475393 [14597s] BTC: $78,618.34 (4ex, -0.005%) | 15m: 0.33/0.34 | 1h: N/A | P&L: $-1.90 (50)
2026-02-03T04:19:21.560446 [14657s] BTC: $78,559.46 (4ex, -0.071%) | 15m: 0.21/0.22 | 1h: N/A | P&L: $-1.90 (50)
2026-02-03T04:20:00.611352 [14696s] 📉 15M MEAN-REV: K@0.14 (extreme low) + BTC stable → YES
2026-02-03T04:20:04.512292 [14700s] 💾 Checkpoint
2026-02-03T04:20:21.655076 [14717s] BTC: $78,563.77 (4ex, +0.036%) | 15m: 0.14/0.17 | 1h: N/A | P&L: $-1.90 (50)
2026-02-03T04:21:14.752719 [14770s] ✅ 15M mean_reversion_low CLOSE (PROFIT): $+0.90 | Total: $-1.00
2026-02-03T04:21:21.759207 [14777s] BTC: $78,598.59 (4ex, +0.044%) | 15m: 0.23/0.26 | 1h: N/A | P&L: $-1.00 (51)
2026-02-03T04:22:21.837908 [14837s] BTC: $78,643.56 (4ex, +0.057%) | 15m: 0.36/0.38 | 1h: N/A | P&L: $-1.00 (51)
2026-02-03T04:23:21.907373 [14897s] BTC: $78,593.00 (4ex, -0.064%) | 15m: 0.20/0.22 | 1h: N/A | P&L: $-1.00 (51)
2026-02-03T04:24:17.972493 [14953s] 📉 15M MEAN-REV: K@0.09 (extreme low) + BTC stable → YES
2026-02-03T04:24:21.980691 [14957s] BTC: $78,556.42 (4ex, -0.047%) | 15m: 0.08/0.09 | 1h: N/A | P&L: $-1.00 (51)
2026-02-03T04:24:47.025173 [14982s] ❌ 15M mean_reversion_low CLOSE (STOP(-25%)): $-0.40 | Total: $-1.40
2026-02-03T04:25:04.520114 [15000s] 💾 Checkpoint
2026-02-03T04:25:22.071134 [15017s] BTC: $78,503.43 (4ex, -0.067%) | 15m: 0.02/0.06 | 1h: N/A | P&L: $-1.40 (52)
2026-02-03T04:26:22.148053 [15077s] BTC: $78,473.45 (4ex, +0.039%) | 15m: 0.01/0.03 | 1h: N/A | P&L: $-1.40 (52)
2026-02-03T04:27:22.221719 [15137s] BTC: $78,485.54 (4ex, +0.016%) | 15m: 0.01/0.02 | 1h: N/A | P&L: $-1.40 (52)
2026-02-03T04:28:22.303065 [15198s] BTC: $78,493.87 (4ex, +0.011%) | 15m: 0.00/0.01 | 1h: N/A | P&L: $-1.40 (52)
2026-02-03T04:29:22.397294 [15258s] BTC: $78,455.24 (4ex, -0.049%) | 15m: 0.00/0.01 | 1h: N/A | P&L: $-1.40 (52)
2026-02-03T04:30:04.531197 [15300s] 💾 Checkpoint
2026-02-03T04:30:19.473895 [15315s] 🔄 15M transition
2026-02-03T04:30:20.474929 [15316s] 🔄 15M transition
2026-02-03T04:30:21.478167 [15317s] 🔄 15M transition
2026-02-03T04:30:22.479222 [15318s] 🔄 15M transition
2026-02-03T04:30:22.479327 [15318s] BTC: $78,466.21 (4ex, +0.014%) | 15m: 0.43/0.54 | 1h: N/A | P&L: $-1.40 (52)
2026-02-03T04:30:23.480844 [15319s] 🔄 15M transition
2026-02-03T04:31:22.555614 [15378s] BTC: $78,515.14 (4ex, +0.035%) | 15m: 0.69/0.73 | 1h: N/A | P&L: $-1.40 (52)
2026-02-03T04:32:22.634311 [15438s] BTC: $78,540.57 (4ex, +0.036%) | 15m: 0.74/0.77 | 1h: N/A | P&L: $-1.40 (52)
2026-02-03T04:33:22.711170 [15498s] BTC: $78,521.33 (4ex, -0.024%) | 15m: 0.65/0.68 | 1h: N/A | P&L: $-1.40 (52)
2026-02-03T04:34:22.782249 [15558s] BTC: $78,485.66 (4ex, -0.045%) | 15m: 0.62/0.67 | 1h: N/A | P&L: $-1.40 (52)
2026-02-03T04:35:04.538316 [15600s] 💾 Checkpoint
2026-02-03T04:35:22.843471 [15618s] BTC: $78,533.93 (4ex, +0.061%) | 15m: 0.77/0.79 | 1h: N/A | P&L: $-1.40 (52)
2026-02-03T04:35:52.871528 [15648s] 📈 15M MEAN-REV: K@0.82 (extreme high) + BTC stable → NO
2026-02-03T04:35:52.872166 [15648s] ✅ 15M mean_reversion_high CLOSE (PROFIT): $+0.30 | Total: $-1.10
2026-02-03T04:36:22.907195 [15678s] BTC: $78,543.59 (4ex, +0.007%) | 15m: 0.82/0.84 | 1h: N/A | P&L: $-1.10 (53)
2026-02-03T04:36:53.937956 [15709s] 📈 15M MEAN-REV: K@0.89 (extreme high) + BTC stable → NO
2026-02-03T04:36:53.938482 [15709s] ✅ 15M mean_reversion_high CLOSE (PROFIT): $+0.10 | Total: $-1.00
2026-02-03T04:37:22.965070 [15738s] BTC: $78,591.28 (4ex, -0.037%) | 15m: 0.84/0.87 | 1h: N/A | P&L: $-1.00 (54)
2026-02-03T04:37:53.995645 [15769s] 📈 15M MEAN-REV: K@0.88 (extreme high) + BTC stable → NO
2026-02-03T04:37:53.996191 [15769s] ✅ 15M mean_reversion_high CLOSE (PROFIT): $+0.10 | Total: $-0.90
2026-02-03T04:38:23.024600 [15798s] BTC: $78,620.21 (4ex, +0.039%) | 15m: 0.88/0.89 | 1h: N/A | P&L: $-0.90 (55)
2026-02-03T04:38:54.060455 [15829s] 📈 15M MEAN-REV: K@0.95 (extreme high) + BTC stable → NO
2026-02-03T04:38:54.061010 [15829s] ✅ 15M mean_reversion_high CLOSE (PROFIT): $+0.20 | Total: $-0.70
2026-02-03T04:39:23.095096 [15858s] BTC: $78,659.62 (4ex, +0.046%) | 15m: 0.95/0.97 | 1h: N/A | P&L: $-0.70 (56)
2026-02-03T04:40:04.547697 [15900s] 💾 Checkpoint
2026-02-03T04:40:23.165969 [15918s] BTC: $78,695.69 (4ex, +0.044%) | 15m: 0.97/0.98 | 1h: N/A | P&L: $-0.70 (56)
2026-02-03T04:41:23.227444 [15978s] BTC: $78,876.67 (4ex, +0.119%) | 15m: 0.98/1.00 | 1h: N/A | P&L: $-0.70 (56)
2026-02-03T04:42:23.292654 [16038s] BTC: $78,917.18 (4ex, +0.042%) | 15m: 0.99/1.00 | 1h: N/A | P&L: $-0.70 (56)
2026-02-03T04:43:23.359159 [16099s] BTC: $78,919.82 (4ex, +0.004%) | 15m: 0.99/1.00 | 1h: N/A | P&L: $-0.70 (56)
2026-02-03T04:44:23.422083 [16159s] BTC: $78,919.73 (4ex, -0.000%) | 15m: 0.99/1.00 | 1h: N/A | P&L: $-0.70 (56)
2026-02-03T04:45:04.554073 [16200s] 💾 Checkpoint
2026-02-03T04:45:23.493877 [16219s] BTC: $78,931.19 (4ex, +0.014%) | 15m: 0.99/1.00 | 1h: N/A | P&L: $-0.70 (56)
2026-02-03T04:45:27.499042 [16223s] 🔄 15M transition
2026-02-03T04:45:28.500137 [16224s] 🔄 15M transition
2026-02-03T04:45:29.501604 [16225s] 🔄 15M transition
2026-02-03T04:45:30.503095 [16226s] 🔄 15M transition
2026-02-03T04:45:31.504103 [16227s] 🔄 15M transition
2026-02-03T04:46:23.565485 [16279s] BTC: $78,892.35 (4ex, -0.049%) | 15m: 0.50/0.51 | 1h: N/A | P&L: $-0.70 (56)
2026-02-03T04:47:23.633942 [16339s] BTC: $78,868.45 (4ex, +0.007%) | 15m: 0.33/0.36 | 1h: N/A | P&L: $-0.70 (56)
2026-02-03T04:48:23.697527 [16399s] BTC: $78,827.86 (4ex, -0.051%) | 15m: 0.30/0.33 | 1h: N/A | P&L: $-0.70 (56)
2026-02-03T04:49:23.764980 [16459s] BTC: $78,828.82 (4ex, +0.001%) | 15m: 0.26/0.29 | 1h: N/A | P&L: $-0.70 (56)
2026-02-03T04:50:04.560463 [16500s] 💾 Checkpoint
2026-02-03T04:50:23.835515 [16519s] BTC: $78,850.24 (4ex, +0.029%) | 15m: 0.28/0.32 | 1h: N/A | P&L: $-0.70 (56)
2026-02-03T04:51:23.905029 [16579s] BTC: $78,823.02 (4ex, -0.035%) | 15m: 0.26/0.28 | 1h: N/A | P&L: $-0.70 (56)
2026-02-03T04:52:00.957601 [16616s] 📉 15M MEAN-REV: K@0.14 (extreme low) + BTC stable → YES
2026-02-03T04:52:23.999100 [16639s] BTC: $78,817.04 (4ex, -0.008%) | 15m: 0.13/0.14 | 1h: N/A | P&L: $-0.70 (56)
2026-02-03T04:53:01.063556 [16676s] ❌ 15M mean_reversion_low CLOSE (STOP(-25%)): $-1.00 | Total: $-1.70
2026-02-03T04:53:24.097737 [16699s] BTC: $78,760.69 (4ex, -0.071%) | 15m: 0.04/0.05 | 1h: N/A | P&L: $-1.70 (57)
2026-02-03T04:54:01.147193 [16736s] 📉 15M MEAN-REV: K@0.06 (extreme low) + BTC stable → YES
2026-02-03T04:54:02.149590 [16737s] ❌ 15M mean_reversion_low CLOSE (STOP(-25%)): $-0.30 | Total: $-2.00
2026-02-03T04:54:24.177183 [16759s] BTC: $78,766.71 (4ex, +0.008%) | 15m: 0.03/0.04 | 1h: N/A | P&L: $-2.00 (58)
2026-02-03T04:55:04.566431 [16800s] 💾 Checkpoint
2026-02-03T04:55:24.268660 [16819s] BTC: $78,766.21 (4ex, -0.001%) | 15m: 0.03/0.04 | 1h: N/A | P&L: $-2.00 (58)
2026-02-03T04:56:24.357610 [16880s] BTC: $78,783.79 (4ex, +0.022%) | 15m: 0.01/0.03 | 1h: N/A | P&L: $-2.00 (58)
2026-02-03T04:57:24.438095 [16940s] BTC: $78,800.02 (4ex, +0.021%) | 15m: 0.02/0.05 | 1h: N/A | P&L: $-2.00 (58)
2026-02-03T04:58:24.522889 [17000s] BTC: $78,748.14 (4ex, -0.066%) | 15m: 0.00/0.01 | 1h: N/A | P&L: $-2.00 (58)
2026-02-03T04:59:24.628508 [17060s] BTC: $78,749.58 (4ex, +0.002%) | 15m: 0.00/0.01 | 1h: N/A | P&L: $-2.00 (58)
2026-02-03T05:00:04.574447 [17100s] 💾 Checkpoint
2026-02-03T05:00:04.687155 [17100s] 🔄 15M transition
2026-02-03T05:00:05.689504 [17101s] 🔄 15M transition
2026-02-03T05:00:06.690689 [17102s] 🔄 15M transition
2026-02-03T05:00:07.692364 [17103s] 🔄 15M transition
2026-02-03T05:00:08.693549 [17104s] 🔄 15M transition
2026-02-03T05:00:24.713230 [17120s] BTC: $78,739.34 (4ex, -0.013%) | 15m: 0.45/0.55 | 1h: N/A | P&L: $-2.00 (58)
2026-02-03T05:01:24.787298 [17180s] BTC: $78,716.95 (4ex, -0.028%) | 15m: 0.33/0.37 | 1h: N/A | P&L: $-2.00 (58)
2026-02-03T05:02:24.855013 [17240s] BTC: $78,681.94 (4ex, -0.045%) | 15m: 0.36/0.38 | 1h: N/A | P&L: $-2.00 (58)
2026-02-03T05:03:24.920735 [17300s] BTC: $78,659.17 (4ex, -0.029%) | 15m: 0.22/0.25 | 1h: N/A | P&L: $-2.00 (58)
2026-02-03T05:04:06.973172 [17342s] 📉 15M MEAN-REV: K@0.23 (extreme low) + BTC stable → YES
2026-02-03T05:04:25.004888 [17360s] BTC: $78,661.96 (4ex, +0.004%) | 15m: 0.19/0.23 | 1h: N/A | P&L: $-2.00 (58)
2026-02-03T05:05:04.581364 [17400s] 💾 Checkpoint
2026-02-03T05:05:07.071948 [17402s] ❌ 15M mean_reversion_low CLOSE (STOP(-25%)): $-1.00 | Total: $-3.00
2026-02-03T05:05:25.092729 [17420s] BTC: $78,651.93 (4ex, -0.013%) | 15m: 0.13/0.17 | 1h: N/A | P&L: $-3.00 (59)
2026-02-03T05:06:07.143954 [17462s] 📉 15M MEAN-REV: K@0.14 (extreme low) + BTC stable → YES
2026-02-03T05:06:08.146281 [17463s] ✅ 15M mean_reversion_low CLOSE (PROFIT): $+0.90 | Total: $-2.10
2026-02-03T05:06:25.166216 [17480s] BTC: $78,677.89 (4ex, +0.033%) | 15m: 0.23/0.27 | 1h: N/A | P&L: $-2.10 (60)
2026-02-03T05:07:25.238118 [17540s] BTC: $78,687.67 (4ex, +0.012%) | 15m: 0.25/0.26 | 1h: N/A | P&L: $-2.10 (60)
2026-02-03T05:08:25.308671 [17601s] BTC: $78,717.62 (4ex, +0.036%) | 15m: 0.24/0.26 | 1h: N/A | P&L: $-2.10 (60)
2026-02-03T05:09:25.390522 [17661s] BTC: $78,705.83 (4ex, -0.015%) | 15m: 0.22/0.26 | 1h: N/A | P&L: $-2.10 (60)
2026-02-03T05:10:04.590328 [17700s] 💾 Checkpoint
2026-02-03T05:10:25.463560 [17721s] BTC: $78,727.61 (4ex, +0.028%) | 15m: 0.19/0.30 | 1h: N/A | P&L: $-2.10 (60)
2026-02-03T05:11:25.533023 [17781s] BTC: $78,653.40 (4ex, -0.109%) | 15m: 0.07/0.10 | 1h: N/A | P&L: $-2.10 (60)
2026-02-03T05:12:25.604947 [17841s] BTC: $78,564.12 (4ex, -0.086%) | 15m: 0.02/0.04 | 1h: N/A | P&L: $-2.10 (60)
2026-02-03T05:13:25.667090 [17901s] BTC: $78,496.53 (4ex, -0.084%) | 15m: 0.00/0.01 | 1h: N/A | P&L: $-2.10 (60)
2026-02-03T05:14:25.735698 [17961s] BTC: $78,463.33 (4ex, -0.042%) | 15m: 0.00/0.01 | 1h: N/A | P&L: $-2.10 (60)
2026-02-03T05:15:04.597066 [18000s] 💾 Checkpoint
2026-02-03T05:15:12.795425 [18008s] 🔄 15M transition
2026-02-03T05:15:13.796962 [18009s] 🔄 15M transition
2026-02-03T05:15:14.798088 [18010s] 🔄 15M transition
2026-02-03T05:15:15.799881 [18011s] 🔄 15M transition
2026-02-03T05:15:16.801092 [18012s] 🔄 15M transition
2026-02-03T05:15:25.813428 [18021s] BTC: $78,434.78 (4ex, -0.036%) | 15m: 0.45/0.55 | 1h: N/A | P&L: $-2.10 (60)
2026-02-03T05:16:25.889459 [18081s] BTC: $78,425.61 (4ex, -0.007%) | 15m: 0.40/0.43 | 1h: N/A | P&L: $-2.10 (60)
2026-02-03T05:17:25.960524 [18141s] BTC: $78,445.92 (4ex, +0.026%) | 15m: 0.50/0.53 | 1h: N/A | P&L: $-2.10 (60)
2026-02-03T05:18:26.025726 [18201s] BTC: $78,397.12 (4ex, +0.001%) | 15m: 0.32/0.34 | 1h: N/A | P&L: $-2.10 (60)
2026-02-03T05:19:26.096422 [18261s] BTC: $78,294.74 (4ex, -0.118%) | 15m: 0.21/0.23 | 1h: N/A | P&L: $-2.10 (60)
2026-02-03T05:20:04.611742 [18300s] 💾 Checkpoint
2026-02-03T05:20:15.156645 [18310s] 📉 15M MEAN-REV: K@0.10 (extreme low) + BTC stable → YES
2026-02-03T05:20:15.157340 [18310s] ❌ 15M mean_reversion_low CLOSE (STOP(-25%)): $-0.30 | Total: $-2.40
2026-02-03T05:20:26.167460 [18321s] BTC: $78,263.96 (4ex, -0.011%) | 15m: 0.07/0.10 | 1h: N/A | P&L: $-2.40 (61)
2026-02-03T05:21:15.218965 [18370s] 📉 15M MEAN-REV: K@0.09 (extreme low) + BTC stable → YES
2026-02-03T05:21:15.219453 [18370s] ❌ 15M mean_reversion_low CLOSE (STOP(-25%)): $-0.30 | Total: $-2.70
2026-02-03T05:21:26.233709 [18381s] BTC: $78,244.70 (4ex, -0.025%) | 15m: 0.06/0.10 | 1h: N/A | P&L: $-2.70 (62)
2026-02-03T05:22:15.302003 [18431s] 📉 15M MEAN-REV: K@0.07 (extreme low) + BTC stable → YES
2026-02-03T05:22:16.304276 [18432s] ✅ 15M mean_reversion_low CLOSE (PROFIT): $+0.20 | Total: $-2.50
2026-02-03T05:22:26.312911 [18442s] BTC: $78,299.38 (4ex, +0.071%) | 15m: 0.09/0.11 | 1h: N/A | P&L: $-2.50 (63)
2026-02-03T05:23:26.378613 [18502s] BTC: $78,381.39 (4ex, +0.113%) | 15m: 0.32/0.34 | 1h: N/A | P&L: $-2.50 (63)
2026-02-03T05:24:26.459297 [18562s] BTC: $78,389.44 (4ex, +0.010%) | 15m: 0.26/0.30 | 1h: N/A | P&L: $-2.50 (63)
2026-02-03T05:24:48.483635 [18584s] 📉 15M MEAN-REV: K@0.19 (extreme low) + BTC stable → YES
2026-02-03T05:25:04.620028 [18600s] 💾 Checkpoint
2026-02-03T05:25:26.548233 [18622s] BTC: $78,378.68 (4ex, -0.014%) | 15m: 0.17/0.19 | 1h: N/A | P&L: $-2.50 (63)
2026-02-03T05:25:48.586865 [18644s] ❌ 15M mean_reversion_low CLOSE (STOP(-25%)): $-0.80 | Total: $-3.30
2026-02-03T05:26:26.657454 [18682s] BTC: $78,342.09 (4ex, -0.047%) | 15m: 0.07/0.10 | 1h: N/A | P&L: $-3.30 (64)
2026-02-03T05:27:26.737339 [18742s] BTC: $78,372.24 (4ex, +0.038%) | 15m: 0.08/0.10 | 1h: N/A | P&L: $-3.30 (64)
2026-02-03T05:28:26.802533 [18802s] BTC: $78,377.83 (4ex, +0.008%) | 15m: 0.03/0.04 | 1h: N/A | P&L: $-3.30 (64)
2026-02-03T05:29:26.865523 [18862s] BTC: $78,376.30 (4ex, -0.002%) | 15m: 0.00/0.01 | 1h: N/A | P&L: $-3.30 (64)
2026-02-03T05:30:04.627923 [18900s] 💾 Checkpoint
2026-02-03T05:30:19.933470 [18915s] 🔄 15M transition
2026-02-03T05:30:20.934184 [18916s] 🔄 15M transition
2026-02-03T05:30:21.935557 [18917s] 🔄 15M transition
2026-02-03T05:30:22.936415 [18918s] 🔄 15M transition
2026-02-03T05:30:23.937310 [18919s] 🔄 15M transition
2026-02-03T05:30:26.941484 [18922s] BTC: $78,379.08 (4ex, +0.004%) | 15m: 0.72/0.94 | 1h: N/A | P&L: $-3.30 (64)
2026-02-03T05:31:27.004393 [18982s] BTC: $78,393.15 (4ex, +0.018%) | 15m: 0.56/0.59 | 1h: N/A | P&L: $-3.30 (64)
2026-02-03T05:32:27.070014 [19042s] BTC: $78,415.27 (4ex, +0.028%) | 15m: 0.63/0.64 | 1h: N/A | P&L: $-3.30 (64)
2026-02-03T05:33:27.131469 [19102s] BTC: $78,390.80 (4ex, -0.031%) | 15m: 0.52/0.55 | 1h: N/A | P&L: $-3.30 (64)
2026-02-03T05:34:27.198684 [19162s] BTC: $78,371.07 (4ex, -0.026%) | 15m: 0.53/0.57 | 1h: N/A | P&L: $-3.30 (64)
2026-02-03T05:35:04.636653 [19200s] 💾 Checkpoint
2026-02-03T05:35:27.262416 [19222s] BTC: $78,416.00 (4ex, +0.056%) | 15m: 0.68/0.74 | 1h: N/A | P&L: $-3.30 (64)
2026-02-03T05:36:27.330145 [19283s] BTC: $78,403.50 (4ex, -0.016%) | 15m: 0.65/0.70 | 1h: N/A | P&L: $-3.30 (64)
2026-02-03T05:37:27.398848 [19343s] BTC: $78,390.73 (4ex, -0.016%) | 15m: 0.58/0.63 | 1h: N/A | P&L: $-3.30 (64)
2026-02-03T05:38:27.479120 [19403s] BTC: $78,408.95 (4ex, +0.023%) | 15m: 0.68/0.72 | 1h: N/A | P&L: $-3.30 (64)
2026-02-03T05:39:27.550603 [19463s] BTC: $78,372.52 (4ex, -0.046%) | 15m: 0.53/0.58 | 1h: N/A | P&L: $-3.30 (64)
2026-02-03T05:40:04.645763 [19500s] 💾 Checkpoint
2026-02-03T05:40:27.619007 [19523s] BTC: $78,317.74 (4ex, -0.070%) | 15m: 0.22/0.27 | 1h: N/A | P&L: $-3.30 (64)
2026-02-03T05:41:27.684520 [19583s] BTC: $78,349.02 (4ex, +0.040%) | 15m: 0.20/0.24 | 1h: N/A | P&L: $-3.30 (64)
2026-02-03T05:42:27.752403 [19643s] BTC: $78,386.69 (4ex, +0.048%) | 15m: 0.59/0.61 | 1h: N/A | P&L: $-3.30 (64)
2026-02-03T05:43:27.819929 [19703s] BTC: $78,284.19 (4ex, -0.118%) | 15m: 0.02/0.03 | 1h: N/A | P&L: $-3.30 (64)
2026-02-03T05:44:27.888557 [19763s] BTC: $78,300.08 (4ex, +0.020%) | 15m: 0.00/0.01 | 1h: N/A | P&L: $-3.30 (64)
2026-02-03T05:45:04.652890 [19800s] 💾 Checkpoint
2026-02-03T05:45:23.959160 [19819s] 🔄 15M transition
2026-02-03T05:45:24.960034 [19820s] 🔄 15M transition
2026-02-03T05:45:25.960731 [19821s] 🔄 15M transition
2026-02-03T05:45:26.961893 [19822s] 🔄 15M transition
2026-02-03T05:45:27.962622 [19823s] 🔄 15M transition
2026-02-03T05:45:27.962723 [19823s] BTC: $78,310.62 (4ex, +0.013%) | 15m: 0.55/0.60 | 1h: N/A | P&L: $-3.30 (64)
2026-02-03T05:46:28.034298 [19883s] BTC: $78,314.36 (4ex, +0.007%) | 15m: 0.54/0.55 | 1h: N/A | P&L: $-3.30 (64)
2026-02-03T05:47:28.103194 [19943s] BTC: $78,386.06 (4ex, +0.092%) | 15m: 0.79/0.82 | 1h: N/A | P&L: $-3.30 (64)
2026-02-03T05:48:25.169741 [20000s] 📈 15M MEAN-REV: K@0.81 (extreme high) + BTC stable → NO
2026-02-03T05:48:25.170341 [20000s] ✅ 15M mean_reversion_high CLOSE (PROFIT): $+0.30 | Total: $-3.00
2026-02-03T05:48:28.174866 [20003s] BTC: $78,400.21 (4ex, +0.014%) | 15m: 0.81/0.84 | 1h: N/A | P&L: $-3.00 (65)
2026-02-03T05:49:25.249692 [20060s] 📈 15M MEAN-REV: K@0.85 (extreme high) + BTC stable → NO
2026-02-03T05:49:25.250224 [20060s] ✅ 15M mean_reversion_high CLOSE (PROFIT): $+0.30 | Total: $-2.70
2026-02-03T05:49:28.254720 [20063s] BTC: $78,422.26 (4ex, +0.028%) | 15m: 0.85/0.88 | 1h: N/A | P&L: $-2.70 (66)
2026-02-03T05:50:04.661485 [20100s] 💾 Checkpoint
2026-02-03T05:50:25.327555 [20121s] 📈 15M MEAN-REV: K@0.86 (extreme high) + BTC stable → NO
2026-02-03T05:50:26.330014 [20122s] ❌ 15M mean_reversion_high CLOSE (STOP(-25%)): $-0.80 | Total: $-3.50
2026-02-03T05:50:28.332956 [20124s] BTC: $78,380.02 (4ex, -0.051%) | 15m: 0.74/0.78 | 1h: N/A | P&L: $-3.50 (67)
2026-02-03T05:51:28.398370 [20184s] BTC: $78,362.42 (4ex, -0.022%) | 15m: 0.72/0.76 | 1h: N/A | P&L: $-3.50 (67)
2026-02-03T05:52:28.473708 [20244s] BTC: $78,351.63 (4ex, -0.014%) | 15m: 0.72/0.75 | 1h: N/A | P&L: $-3.50 (67)
2026-02-03T05:53:27.548389 [20303s] 📈 15M MEAN-REV: K@0.83 (extreme high) + BTC stable → NO
2026-02-03T05:53:27.548946 [20303s] ✅ 15M mean_reversion_high CLOSE (PROFIT): $+0.30 | Total: $-3.20
2026-02-03T05:53:28.550052 [20304s] BTC: $78,376.91 (4ex, +0.038%) | 15m: 0.83/0.86 | 1h: N/A | P&L: $-3.20 (68)
2026-02-03T05:54:27.630081 [20363s] 📈 15M MEAN-REV: K@0.81 (extreme high) + BTC stable → NO
2026-02-03T05:54:27.630593 [20363s] ✅ 15M mean_reversion_high CLOSE (PROFIT): $+0.30 | Total: $-2.90
2026-02-03T05:54:28.631829 [20364s] BTC: $78,371.00 (4ex, -0.008%) | 15m: 0.78/0.81 | 1h: N/A | P&L: $-2.90 (69)
2026-02-03T05:55:04.671046 [20400s] 💾 Checkpoint
2026-02-03T05:55:28.702838 [20424s] BTC: $78,294.94 (4ex, -0.097%) | 15m: 0.36/0.38 | 1h: N/A | P&L: $-2.90 (69)
2026-02-03T05:56:28.766122 [20484s] BTC: $78,294.17 (4ex, -0.001%) | 15m: 0.34/0.38 | 1h: N/A | P&L: $-2.90 (69)
2026-02-03T05:57:28.848191 [20544s] BTC: $78,306.85 (4ex, +0.017%) | 15m: 0.43/0.47 | 1h: N/A | P&L: $-2.90 (69)
2026-02-03T05:58:28.915678 [20604s] BTC: $78,197.55 (4ex, -0.027%) | 15m: 0.06/0.08 | 1h: N/A | P&L: $-2.90 (69)
2026-02-03T05:59:28.988928 [20664s] BTC: $78,191.78 (4ex, -0.007%) | 15m: 0.01/0.02 | 1h: N/A | P&L: $-2.90 (69)
2026-02-03T06:00:04.678714 [20700s] 💾 Checkpoint
2026-02-03T06:00:29.081666 [20724s] BTC: $78,202.08 (4ex, +0.015%) | 15m: 0.00/0.03 | 1h: N/A | P&L: $-2.90 (69)
2026-02-03T06:00:31.086946 [20726s] 🔄 15M transition
2026-02-03T06:00:32.088015 [20727s] 🔄 15M transition
2026-02-03T06:00:33.089009 [20728s] 🔄 15M transition
2026-02-03T06:00:34.091335 [20729s] 🔄 15M transition
2026-02-03T06:00:35.093075 [20730s] 🔄 15M transition
2026-02-03T06:01:29.158493 [20784s] BTC: $78,181.51 (4ex, -0.028%) | 15m: 0.50/0.52 | 1h: N/A | P&L: $-2.90 (69)
2026-02-03T06:02:29.228328 [20844s] BTC: $78,166.97 (4ex, -0.027%) | 15m: 0.42/0.43 | 1h: N/A | P&L: $-2.90 (69)
2026-02-03T06:03:29.286209 [20904s] BTC: $78,235.81 (4ex, +0.056%) | 15m: 0.61/0.62 | 1h: N/A | P&L: $-2.90 (69)
2026-02-03T06:04:29.349412 [20965s] BTC: $78,186.65 (4ex, -0.054%) | 15m: 0.48/0.53 | 1h: N/A | P&L: $-2.90 (69)
2026-02-03T06:05:04.687225 [21000s] 💾 Checkpoint
2026-02-03T06:05:29.413891 [21025s] BTC: $78,182.50 (4ex, -0.005%) | 15m: 0.45/0.46 | 1h: N/A | P&L: $-2.90 (69)
2026-02-03T06:06:29.465213 [21085s] BTC: $78,125.93 (4ex, -0.072%) | 15m: 0.33/0.37 | 1h: N/A | P&L: $-2.90 (69)
2026-02-03T06:07:29.523881 [21145s] BTC: $77,991.25 (4ex, -0.082%) | 15m: 0.15/0.18 | 1h: N/A | P&L: $-2.90 (69)
2026-02-03T06:08:16.574178 [21192s] 📉 15M MEAN-REV: K@0.04 (extreme low) + BTC stable → YES
2026-02-03T06:08:16.574817 [21192s] ❌ 15M mean_reversion_low CLOSE (STOP(-25%)): $-0.20 | Total: $-3.10
2026-02-03T06:08:29.587981 [21205s] BTC: $77,938.63 (4ex, -0.006%) | 15m: 0.02/0.04 | 1h: N/A | P&L: $-3.10 (70)
2026-02-03T06:09:16.647315 [21252s] 📉 15M MEAN-REV: K@0.06 (extreme low) + BTC stable → YES
2026-02-03T06:09:16.648006 [21252s] ❌ 15M mean_reversion_low CLOSE (STOP(-25%)): $-0.30 | Total: $-3.40
2026-02-03T06:09:29.660208 [21265s] BTC: $77,940.90 (4ex, +0.014%) | 15m: 0.03/0.06 | 1h: N/A | P&L: $-3.40 (71)
2026-02-03T06:10:04.696183 [21300s] 💾 Checkpoint
2026-02-03T06:10:29.741622 [21325s] BTC: $77,973.98 (4ex, +0.043%) | 15m: 0.04/0.07 | 1h: N/A | P&L: $-3.40 (71)
2026-02-03T06:11:29.807068 [21385s] BTC: $78,000.75 (4ex, +0.037%) | 15m: 0.03/0.05 | 1h: N/A | P&L: $-3.40 (71)
2026-02-03T06:12:29.880723 [21445s] BTC: $78,050.34 (4ex, +0.064%) | 15m: 0.03/0.08 | 1h: N/A | P&L: $-3.40 (71)
2026-02-03T06:13:29.951188 [21505s] BTC: $78,034.14 (4ex, -0.021%) | 15m: 0.01/0.02 | 1h: N/A | P&L: $-3.40 (71)
2026-02-03T06:14:30.033413 [21565s] BTC: $78,050.24 (4ex, +0.021%) | 15m: 0.00/0.01 | 1h: N/A | P&L: $-3.40 (71)
2026-02-03T06:15:04.704263 [21600s] 💾 Checkpoint
2026-02-03T06:15:14.086930 [21609s] 🔄 15M transition
2026-02-03T06:15:15.088277 [21610s] 🔄 15M transition
2026-02-03T06:15:16.089319 [21611s] 🔄 15M transition
2026-02-03T06:15:17.090625 [21612s] 🔄 15M transition
2026-02-03T06:15:18.091742 [21613s] 🔄 15M transition
2026-02-03T06:15:30.104541 [21625s] BTC: $78,069.18 (4ex, +0.024%) | 15m: 0.49/0.51 | 1h: N/A | P&L: $-3.40 (71)
2026-02-03T06:16:30.171347 [21685s] BTC: $78,044.65 (4ex, -0.031%) | 15m: 0.41/0.45 | 1h: N/A | P&L: $-3.40 (71)
2026-02-03T06:17:30.247380 [21745s] BTC: $78,028.98 (4ex, -0.030%) | 15m: 0.47/0.51 | 1h: N/A | P&L: $-3.40 (71)
2026-02-03T06:18:30.317231 [21806s] BTC: $78,087.58 (4ex, +0.075%) | 15m: 0.67/0.69 | 1h: N/A | P&L: $-3.40 (71)
2026-02-03T06:19:27.389823 [21863s] 🎯 15M DELAY: BTC +0.154% K +0.0% → YES@$0.84
2026-02-03T06:19:30.396642 [21866s] BTC: $78,226.38 (4ex, +0.173%) | 15m: 0.83/0.84 | 1h: N/A | P&L: $-3.40 (71)
2026-02-03T06:20:04.713397 [21900s] 💾 Checkpoint
2026-02-03T06:20:30.512068 [21926s] BTC: $78,279.05 (4ex, +0.067%) | 15m: 0.89/0.91 | 1h: N/A | P&L: $-3.40 (71)
2026-02-03T06:20:46.539709 [21942s] ✅ 15M delay_arb CLOSE (PROFIT): $+1.00 | Total: $-2.40
2026-02-03T06:21:30.591014 [21986s] BTC: $78,223.80 (4ex, -0.067%) | 15m: 0.91/0.93 | 1h: N/A | P&L: $-2.40 (72)
2026-02-03T06:21:46.610009 [22002s] 📈 15M MEAN-REV: K@0.91 (extreme high) + BTC stable → NO
2026-02-03T06:21:46.610561 [22002s] ✅ 15M mean_reversion_high CLOSE (PROFIT): $+0.20 | Total: $-2.20
2026-02-03T06:22:30.666903 [22046s] BTC: $78,325.13 (4ex, +0.058%) | 15m: 0.95/0.97 | 1h: N/A | P&L: $-2.20 (73)
2026-02-03T06:22:46.682772 [22062s] 📈 15M MEAN-REV: K@0.95 (extreme high) + BTC stable → NO
2026-02-03T06:22:46.683425 [22062s] ✅ 15M mean_reversion_high CLOSE (PROFIT): $+0.20 | Total: $-2.00
2026-02-03T06:23:30.751877 [22106s] BTC: $78,284.35 (4ex, -0.052%) | 15m: 0.95/0.98 | 1h: N/A | P&L: $-2.00 (74)
2026-02-03T06:23:46.774748 [22122s] 📈 15M MEAN-REV: K@0.95 (extreme high) + BTC stable → NO
2026-02-03T06:23:46.775308 [22122s] ✅ 15M mean_reversion_high CLOSE (PROFIT): $+0.30 | Total: $-1.70
2026-02-03T06:24:30.832262 [22166s] BTC: $78,306.81 (4ex, +0.030%) | 15m: 0.96/0.98 | 1h: N/A | P&L: $-1.70 (75)
2026-02-03T06:24:46.854616 [22182s] 📈 15M MEAN-REV: K@0.96 (extreme high) + BTC stable → NO
2026-02-03T06:24:46.855199 [22182s] ✅ 15M mean_reversion_high CLOSE (PROFIT): $+0.20 | Total: $-1.50
2026-02-03T06:25:04.721568 [22200s] 💾 Checkpoint
2026-02-03T06:25:30.930096 [22226s] BTC: $78,311.41 (4ex, +0.006%) | 15m: 0.97/0.99 | 1h: N/A | P&L: $-1.50 (76)
2026-02-03T06:26:31.016333 [22286s] BTC: $78,326.88 (4ex, +0.020%) | 15m: 0.99/1.00 | 1h: N/A | P&L: $-1.50 (76)
2026-02-03T06:27:31.102735 [22346s] BTC: $78,327.80 (4ex, +0.001%) | 15m: 0.99/1.00 | 1h: N/A | P&L: $-1.50 (76)
2026-02-03T06:28:31.187138 [22406s] BTC: $78,356.47 (4ex, +0.037%) | 15m: 0.99/1.00 | 1h: N/A | P&L: $-1.50 (76)
2026-02-03T06:29:31.264549 [22466s] BTC: $78,476.84 (4ex, +0.077%) | 15m: 0.99/1.00 | 1h: N/A | P&L: $-1.50 (76)
2026-02-03T06:30:04.731685 [22500s] 💾 Checkpoint
2026-02-03T06:30:21.322871 [22517s] 🔄 15M transition
2026-02-03T06:30:22.324166 [22518s] 🔄 15M transition
2026-02-03T06:30:23.325301 [22519s] 🔄 15M transition
2026-02-03T06:30:24.326646 [22520s] 🔄 15M transition
2026-02-03T06:30:25.327461 [22521s] 🔄 15M transition
2026-02-03T06:30:31.336217 [22527s] BTC: $78,431.06 (4ex, -0.057%) | 15m: 0.45/0.55 | 1h: N/A | P&L: $-1.50 (76)
2026-02-03T06:31:31.414609 [22587s] BTC: $78,424.62 (4ex, -0.008%) | 15m: 0.35/0.38 | 1h: N/A | P&L: $-1.50 (76)
2026-02-03T06:32:31.486848 [22647s] BTC: $78,406.57 (4ex, -0.039%) | 15m: 0.28/0.29 | 1h: N/A | P&L: $-1.50 (76)
2026-02-03T06:33:31.567398 [22707s] BTC: $78,423.83 (4ex, +0.022%) | 15m: 0.31/0.35 | 1h: N/A | P&L: $-1.50 (76)
2026-02-03T06:34:31.647276 [22767s] BTC: $78,451.29 (4ex, +0.038%) | 15m: 0.36/0.41 | 1h: N/A | P&L: $-1.50 (76)
2026-02-03T06:35:04.742041 [22800s] 💾 Checkpoint
2026-02-03T06:35:31.716768 [22827s] BTC: $78,521.17 (4ex, +0.090%) | 15m: 0.60/0.64 | 1h: N/A | P&L: $-1.50 (76)
2026-02-03T06:36:31.791117 [22887s] BTC: $78,518.72 (4ex, -0.002%) | 15m: 0.48/0.52 | 1h: N/A | P&L: $-1.50 (76)
2026-02-03T06:37:31.859230 [22947s] BTC: $78,529.36 (4ex, +0.014%) | 15m: 0.48/0.50 | 1h: N/A | P&L: $-1.50 (76)
2026-02-03T06:38:16.082750 
⚠️ SIGNAL RECEIVED: SIGTERM (signum=15) at 2026-02-03T06:38:16.082661
2026-02-03T06:38:16.911676 
======================================================================
SUMMARY
======================================================================
Duration: 383min | Signals: 76
Trades: 76 | P&L: $-1.50
mean_reversion_high: 32 trades, 97% win, $+6.50
mean_reversion_low: 37 trades, 22% win, $-3.70
delay_arb: 7 trades, 43% win, $-4.30
======================================================================

