2026-02-03T22:18:22.813194 
======================================================================
v9 — Corrected Best-of-Breed: V6 discipline + best strategies
======================================================================
Duration: 480min | Start: 22:18:22 UTC
Strategies:
  MR-High: K > 0.8 + momentum < 0.05 → buy NO (V6 params)
  Delay Arb: sustained momentum > 0.15% → follow BTC direction
Risk: cooldown=60s GLOBAL, max_pos=1/mkt, timeout=360s, spread<0.05, vol>50
KEY FIX: V6 discipline (60s cooldown, 1 pos/mkt) instead of V8's (5s, 5 pos/mkt)
======================================================================

2026-02-03T22:18:23.814002 [    1s] 🔍 DEBUG KXBTC15M-26FEB031730-30: K=0.11 ask=0.14 ttc=696s can_enter=True(ok)
2026-02-03T22:18:46.878306 [   24s] 🎯 DELAY KXBTC15M-26FEB031730-30: BTC +0.163%(1m) +0.163%(30s) → YES@0.12
2026-02-03T22:18:47.378980 [   24s] ❌ delay_arb KXBTC15M-26FEB031730-30 CLOSE (STOP(-25%)): $-0.10 | Total: $-0.10
2026-02-03T22:18:54.387037 [   31s] 🔍 DEBUG KXBTC15M-26FEB031730-30: K=0.10 ask=0.12 ttc=666s can_enter=False(global_cooldown)
2026-02-03T22:19:23.423845 [   60s] BTC: $75,591.08 (-0.038%) | Brackets: 1 | Open: 0 | Trades: 1 (MR:0 DA:1) | P&L: $-0.10
2026-02-03T22:19:24.425151 [   61s] 🔍 DEBUG KXBTC15M-26FEB031730-30: K=0.28 ask=0.31 ttc=636s can_enter=False(global_cooldown)
2026-02-03T22:19:52.486544 [   89s] 🎯 DELAY KXBTC15M-26FEB031730-30: BTC +0.154%(1m) +0.154%(30s) → YES@0.40
2026-02-03T22:19:54.490065 [   91s] 🔍 DEBUG KXBTC15M-26FEB031730-30: K=0.38 ask=0.40 ttc=606s can_enter=False(max_positions)
2026-02-03T22:20:08.420089 
⚠️ SIGNAL: SIGTERM at 2026-02-03T22:20:08.419980
2026-02-03T22:20:08.511084 
======================================================================
v9 SUMMARY — Corrected Best-of-Breed (V6 discipline + best strategies)
======================================================================
Duration: 1min (0.0h)
Total Trades: 1
Trade Rate: 34.3/hr
P&L: $-0.10
Final Balance: $995.50

  delay_arb:
    Trades: 1, Win Rate: 0%, P&L: $-0.10, Avg: $-0.100
======================================================================

