2026-02-03T19:00:05.302468 
======================================================================
v6 - RESEARCH-NOTES.md Improvements
======================================================================
Duration: 480min | Start: 19:00:05
Changes: BTC momentum filter, adaptive stop-loss, entry filters,
         mean reversion at extremes, market timing restrictions
Markets: 15min + Hourly
======================================================================

2026-02-03T19:00:36.342848 [   31s] 🔄 15M transition
2026-02-03T19:00:37.343933 [   32s] 🔄 15M transition
2026-02-03T19:00:38.345124 [   33s] 🔄 15M transition
2026-02-03T19:00:39.346325 [   34s] 🔄 15M transition
2026-02-03T19:00:40.346985 [   35s] 🔄 15M transition
2026-02-03T19:01:05.372291 [   60s] BTC: $73,033.29 (4ex, -0.165%) | 15m: 0.50/0.94 | 1h: N/A | P&L: $+0.00 (0)
2026-02-03T19:01:56.426863 [  111s] 🎯 15M DELAY: BTC -0.162% K +0.0% → NO@$0.56
2026-02-03T19:02:05.441374 [  120s] BTC: $72,916.19 (4ex, -0.001%) | 15m: 0.44/0.46 | 1h: N/A | P&L: $+0.00 (0)
2026-02-03T19:02:07.444509 [  122s] ❌ 15M delay_arb CLOSE (STOP(-25%)): $-1.50 | Total: $-1.50
2026-02-03T19:03:05.501070 [  180s] BTC: $72,982.90 (4ex, +0.047%) | 15m: 0.28/0.30 | 1h: N/A | P&L: $-1.50 (1)
2026-02-03T19:04:05.569613 [  240s] BTC: $73,095.91 (4ex, -0.030%) | 15m: 0.40/0.44 | 1h: N/A | P&L: $-1.50 (1)
2026-02-03T19:05:05.308773 [  300s] 💾 Checkpoint
2026-02-03T19:05:05.630305 [  300s] BTC: $73,046.43 (4ex, -0.124%) | 15m: 0.42/0.44 | 1h: N/A | P&L: $-1.50 (1)
2026-02-03T19:06:02.684370 [  357s] 🎯 15M DELAY: BTC +0.190% K +0.0% → YES@$0.46
2026-02-03T19:06:05.689854 [  360s] BTC: $73,246.30 (4ex, +0.149%) | 15m: 0.44/0.46 | 1h: N/A | P&L: $-1.50 (1)
2026-02-03T19:06:09.694522 [  364s] ✅ 15M delay_arb CLOSE (PROFIT): $+2.80 | Total: $+1.30
2026-02-03T19:07:05.751115 [  420s] BTC: $73,463.80 (4ex, +0.041%) | 15m: 0.83/0.85 | 1h: N/A | P&L: $+1.30 (2)
2026-02-03T19:07:09.755106 [  424s] 📈 15M MEAN-REV: K@0.84 (extreme high) + BTC stable → NO
2026-02-03T19:07:09.755646 [  424s] ✅ 15M mean_reversion_high CLOSE (PROFIT): $+0.30 | Total: $+1.60
2026-02-03T19:08:05.815760 [  480s] BTC: $73,427.26 (4ex, +0.073%) | 15m: 0.81/0.83 | 1h: N/A | P&L: $+1.60 (3)
2026-02-03T19:08:18.828031 [  493s] 📈 15M MEAN-REV: K@0.87 (extreme high) + BTC stable → NO
2026-02-03T19:09:05.902328 [  540s] BTC: $73,430.67 (4ex, -0.007%) | 15m: 0.87/0.88 | 1h: N/A | P&L: $+1.60 (3)
2026-02-03T19:09:40.952473 [  575s] ✅ 15M mean_reversion_high CLOSE (PROFIT): $+0.90 | Total: $+2.50
2026-02-03T19:10:05.310835 [  600s] 💾 Checkpoint
2026-02-03T19:10:05.986406 [  600s] BTC: $73,620.42 (4ex, +0.144%) | 15m: 0.94/0.96 | 1h: N/A | P&L: $+2.50 (4)
2026-02-03T19:11:06.050637 [  660s] BTC: $73,544.99 (4ex, -0.150%) | 15m: 0.98/0.99 | 1h: N/A | P&L: $+2.50 (4)
2026-02-03T19:12:06.108386 [  720s] BTC: $74,031.09 (4ex, +0.074%) | 15m: 0.99/1.00 | 1h: N/A | P&L: $+2.50 (4)
2026-02-03T19:13:06.173068 [  780s] BTC: $74,395.37 (4ex, -0.068%) | 15m: 0.99/1.00 | 1h: N/A | P&L: $+2.50 (4)
2026-02-03T19:14:06.232315 [  840s] BTC: $74,612.09 (4ex, +0.030%) | 15m: 0.99/1.00 | 1h: N/A | P&L: $+2.50 (4)
2026-02-03T19:15:05.313749 [  900s] 💾 Checkpoint
2026-02-03T19:15:06.304183 [  901s] BTC: $74,519.24 (4ex, -0.037%) | 15m: 0.99/1.00 | 1h: N/A | P&L: $+2.50 (4)
2026-02-03T19:15:14.320540 [  909s] 🔄 15M transition
2026-02-03T19:15:15.321431 [  910s] 🔄 15M transition
2026-02-03T19:15:16.322582 [  911s] 🔄 15M transition
2026-02-03T19:15:17.323635 [  912s] 🔄 15M transition
2026-02-03T19:15:18.324185 [  913s] 🔄 15M transition
2026-02-03T19:16:06.384923 [  961s] BTC: $74,415.58 (4ex, +0.045%) | 15m: 0.36/0.59 | 1h: N/A | P&L: $+2.50 (4)
2026-02-03T19:16:27.692305 
⚠️ SIGNAL RECEIVED: SIGTERM (signum=15) at 2026-02-03T19:16:27.692240
2026-02-03T19:16:28.405963 
======================================================================
SUMMARY
======================================================================
Duration: 16min | Signals: 4
Trades: 4 | P&L: $+2.50
delay_arb: 2 trades, 50% win, $+1.30
mean_reversion_high: 2 trades, 100% win, $+1.20
======================================================================

