2026-02-03T18:25:02.332238 
======================================================================
v6 - RESEARCH-NOTES.md Improvements
======================================================================
Duration: 480min | Start: 18:25:02
Changes: BTC momentum filter, adaptive stop-loss, entry filters,
         mean reversion at extremes, market timing restrictions
Markets: 15min + Hourly
======================================================================

2026-02-03T18:26:02.398948 [   60s] BTC: $74,037.47 (4ex, -0.007%) | 15m: 0.02/0.04 | 1h: N/A | P&L: $+0.00 (0)
2026-02-03T18:27:02.454390 [  120s] BTC: $73,989.31 (4ex, -0.026%) | 15m: 0.01/0.02 | 1h: N/A | P&L: $+0.00 (0)
2026-02-03T18:28:02.511725 [  180s] BTC: $74,213.49 (4ex, +0.074%) | 15m: 0.00/0.01 | 1h: N/A | P&L: $+0.00 (0)
2026-02-03T18:29:02.575635 [  240s] BTC: $74,127.07 (4ex, -0.036%) | 15m: 0.00/0.01 | 1h: N/A | P&L: $+0.00 (0)
2026-02-03T18:30:02.340201 [  300s] 💾 Checkpoint
2026-02-03T18:30:02.638887 [  300s] BTC: $74,043.88 (4ex, +0.038%) | 15m: 0.00/0.01 | 1h: N/A | P&L: $+0.00 (0)
2026-02-03T18:30:21.661857 [  319s] 🔄 15M transition
2026-02-03T18:30:22.663314 [  320s] 🔄 15M transition
2026-02-03T18:30:23.664126 [  321s] 🔄 15M transition
2026-02-03T18:30:24.665367 [  322s] 🔄 15M transition
2026-02-03T18:30:25.666324 [  323s] 🔄 15M transition
2026-02-03T18:31:02.700578 [  360s] 🎯 15M DELAY: BTC +0.157% K +0.0% → YES@$0.48
2026-02-03T18:31:02.701148 [  360s] BTC: $74,172.62 (4ex, +0.157%) | 15m: 0.46/0.48 | 1h: N/A | P&L: $+0.00 (0)
2026-02-03T18:31:21.727900 [  379s] ✅ 15M delay_arb CLOSE (PROFIT): $+0.70 | Total: $+0.70
2026-02-03T18:32:02.767023 [  420s] BTC: $74,027.20 (4ex, +0.046%) | 15m: 0.43/0.48 | 1h: N/A | P&L: $+0.70 (1)
2026-02-03T18:33:02.834124 [  480s] BTC: $73,852.45 (4ex, -0.003%) | 15m: 0.27/0.31 | 1h: N/A | P&L: $+0.70 (1)
2026-02-03T18:34:02.907877 [  540s] 🎯 15M DELAY: BTC +0.166% K +0.0% → YES@$0.38
2026-02-03T18:34:02.908415 [  540s] BTC: $74,072.50 (4ex, +0.166%) | 15m: 0.36/0.38 | 1h: N/A | P&L: $+0.70 (1)
2026-02-03T18:34:23.936856 [  561s] ✅ 15M delay_arb CLOSE (PROFIT): $+1.70 | Total: $+2.40
2026-02-03T18:35:02.342134 [  600s] 💾 Checkpoint
2026-02-03T18:35:02.971341 [  600s] BTC: $74,147.87 (4ex, +0.088%) | 15m: 0.46/0.49 | 1h: N/A | P&L: $+2.40 (2)
2026-02-03T18:36:03.057605 [  660s] BTC: $74,075.60 (4ex, -0.013%) | 15m: 0.51/0.52 | 1h: N/A | P&L: $+2.40 (2)
2026-02-03T18:37:03.129592 [  720s] BTC: $73,932.02 (4ex, -0.058%) | 15m: 0.32/0.33 | 1h: N/A | P&L: $+2.40 (2)
2026-02-03T18:38:03.188830 [  780s] BTC: $73,921.76 (4ex, -0.058%) | 15m: 0.30/0.31 | 1h: N/A | P&L: $+2.40 (2)
2026-02-03T18:38:40.232462 [  817s] 🎯 15M DELAY: BTC +0.165% K +0.0% → YES@$0.31
2026-02-03T18:38:56.256202 [  833s] ✅ 15M delay_arb CLOSE (PROFIT): $+1.90 | Total: $+4.30
2026-02-03T18:39:03.270489 [  840s] BTC: $74,008.64 (4ex, -0.105%) | 15m: 0.50/0.51 | 1h: N/A | P&L: $+4.30 (3)
2026-02-03T18:40:02.344144 [  900s] 💾 Checkpoint
2026-02-03T18:40:03.331151 [  900s] BTC: $74,128.54 (4ex, +0.103%) | 15m: 0.52/0.53 | 1h: N/A | P&L: $+4.30 (3)
2026-02-03T18:41:03.392254 [  961s] BTC: $74,046.99 (4ex, -0.012%) | 15m: 0.35/0.37 | 1h: N/A | P&L: $+4.30 (3)
2026-02-03T18:42:03.458497 [ 1021s] BTC: $74,073.51 (4ex, -0.002%) | 15m: 0.41/0.43 | 1h: N/A | P&L: $+4.30 (3)
2026-02-03T18:43:03.522855 [ 1081s] BTC: $73,872.03 (4ex, -0.034%) | 15m: 0.06/0.08 | 1h: N/A | P&L: $+4.30 (3)
2026-02-03T18:44:03.583635 [ 1141s] BTC: $73,870.79 (4ex, +0.023%) | 15m: 0.01/0.03 | 1h: N/A | P&L: $+4.30 (3)
2026-02-03T18:45:02.346130 [ 1200s] 💾 Checkpoint
2026-02-03T18:45:03.641979 [ 1201s] BTC: $73,680.69 (4ex, +0.019%) | 15m: 0.00/0.01 | 1h: N/A | P&L: $+4.30 (3)
2026-02-03T18:45:29.674456 [ 1227s] 🔄 15M transition
2026-02-03T18:45:30.675389 [ 1228s] 🔄 15M transition
2026-02-03T18:45:31.676548 [ 1229s] 🔄 15M transition
2026-02-03T18:45:32.677213 [ 1230s] 🔄 15M transition
2026-02-03T18:45:33.678076 [ 1231s] 🔄 15M transition
2026-02-03T18:46:03.709975 [ 1261s] BTC: $73,571.14 (4ex, -0.016%) | 15m: 0.27/0.29 | 1h: N/A | P&L: $+4.30 (3)
2026-02-03T18:46:29.738455 [ 1287s] 📉 15M MEAN-REV: K@0.23 (extreme low) + BTC stable → YES
2026-02-03T18:46:59.784376 [ 1317s] ❌ 15M mean_reversion_low CLOSE (STOP(-25%)): $-0.90 | Total: $+3.40
2026-02-03T18:47:03.789833 [ 1321s] BTC: $73,408.31 (4ex, +0.068%) | 15m: 0.14/0.16 | 1h: N/A | P&L: $+3.40 (4)
2026-02-03T18:48:03.862270 [ 1381s] BTC: $73,455.49 (4ex, -0.129%) | 15m: 0.25/0.27 | 1h: N/A | P&L: $+3.40 (4)
2026-02-03T18:48:07.866345 [ 1385s] 🎯 15M DELAY: BTC -0.180% K +0.0% → NO@$0.75
2026-02-03T18:49:03.954141 [ 1441s] BTC: $73,290.73 (4ex, +0.080%) | 15m: 0.10/0.11 | 1h: N/A | P&L: $+3.40 (4)
2026-02-03T18:50:02.349082 [ 1500s] 💾 Checkpoint
2026-02-03T18:50:04.049460 [ 1501s] BTC: $73,233.68 (4ex, -0.054%) | 15m: 0.08/0.11 | 1h: N/A | P&L: $+3.40 (4)
2026-02-03T18:51:04.154382 [ 1561s] BTC: $73,153.29 (4ex, -0.007%) | 15m: 0.07/0.08 | 1h: N/A | P&L: $+3.40 (4)
2026-02-03T18:52:04.240732 [ 1621s] BTC: $73,137.62 (4ex, +0.034%) | 15m: 0.05/0.07 | 1h: N/A | P&L: $+3.40 (4)
2026-02-03T18:53:04.329188 [ 1681s] BTC: $73,244.36 (4ex, -0.016%) | 15m: 0.07/0.09 | 1h: N/A | P&L: $+3.40 (4)
2026-02-03T18:54:03.416936 [ 1741s] ❌ 15M delay_arb CLOSE (STOP(-25%)): $-1.90 | Total: $+1.50
2026-02-03T18:54:04.418176 [ 1742s] BTC: $73,152.08 (4ex, -0.068%) | 15m: 0.05/0.06 | 1h: N/A | P&L: $+1.50 (5)
2026-02-03T18:55:02.351087 [ 1800s] 💾 Checkpoint
2026-02-03T18:55:04.479928 [ 1802s] BTC: $73,143.96 (4ex, +0.032%) | 15m: 0.02/0.03 | 1h: N/A | P&L: $+1.50 (5)
2026-02-03T18:56:04.537955 [ 1862s] BTC: $73,377.78 (4ex, -0.027%) | 15m: 0.05/0.07 | 1h: N/A | P&L: $+1.50 (5)
2026-02-03T18:57:04.614154 [ 1922s] BTC: $73,288.56 (4ex, -0.046%) | 15m: 0.04/0.06 | 1h: N/A | P&L: $+1.50 (5)
2026-02-03T18:58:04.678874 [ 1982s] BTC: $73,161.68 (4ex, +0.084%) | 15m: 0.00/0.01 | 1h: N/A | P&L: $+1.50 (5)
2026-02-03T18:59:04.740432 [ 2042s] BTC: $73,188.55 (4ex, -0.012%) | 15m: 0.00/0.01 | 1h: N/A | P&L: $+1.50 (5)
2026-02-03T19:00:02.352366 [ 2100s] 💾 Checkpoint
2026-02-03T19:00:04.815209 [ 2102s] BTC: $73,048.83 (4ex, -0.035%) | 15m: 0.00/0.01 | 1h: N/A | P&L: $+1.50 (5)
2026-02-03T19:00:36.850231 [ 2134s] 🔄 15M transition
2026-02-03T19:00:37.851414 [ 2135s] 🔄 15M transition
2026-02-03T19:00:38.853076 [ 2136s] 🔄 15M transition
2026-02-03T19:00:39.855496 [ 2137s] 🔄 15M transition
2026-02-03T19:00:40.856597 [ 2138s] 🔄 15M transition
2026-02-03T19:01:04.886676 [ 2162s] BTC: $73,033.98 (4ex, -0.192%) | 15m: 0.50/0.94 | 1h: N/A | P&L: $+1.50 (5)
