2026-02-03T18:15:13.832396 
======================================================================
v8 — Best-of-Breed: V6 MR High + V7 Delay Arb
======================================================================
Duration: 1min | Start: 18:15:13 UTC
Strategies:
  MR-High: K > 0.8 + momentum < 0.05 → buy NO (V6 params, 100% WR)
  Delay Arb: sustained momentum > 0.2% → follow BTC (V7 params, 100% WR)
Risk: cooldown=5s, max_pos=5/mkt, timeout=180s, profit=8.0%
======================================================================

2026-02-03T18:15:14.836019 [    1s] 🔍 DEBUG KXBTC15M-26FEB031330-30: K=0.37 ask=0.45 ttc=885s can_enter=True(ok)
2026-02-03T18:15:44.873401 [   31s] 🔍 DEBUG KXBTC15M-26FEB031330-30: K=0.43 ask=0.45 ttc=855s can_enter=True(ok)
2026-02-03T18:16:13.909637 [   60s] BTC: $74,609.67 (+0.001%) | Brackets: 1 | Open: 0 | Trades: 0 (MR:0 DA:0) | P&L: $+0.00
2026-02-03T18:16:13.910164 
======================================================================
v8 SUMMARY — Best-of-Breed (V6 MR High + V7 Delay Arb)
======================================================================
Duration: 1min (0.0h)
Total Trades: 0
Trade Rate: 0.0/hr
P&L: $+0.00
Final Balance: $1000.00

======================================================================

