2026-02-03T15:21:14.861005 
======================================================================
v6 - RESEARCH-NOTES.md Improvements
======================================================================
Duration: 480min | Start: 15:21:14
Changes: BTC momentum filter, adaptive stop-loss, entry filters,
         mean reversion at extremes, market timing restrictions
Markets: 15min + Hourly
======================================================================

2026-02-03T15:21:16.865730 [    2s] 📈 15M MEAN-REV: K@0.82 (extreme high) + BTC stable → NO
2026-02-03T15:21:16.865947 [    2s] ✅ 15M mean_reversion_high CLOSE (PROFIT): $+0.40 | Total: $+0.40
2026-02-03T15:22:14.951988 [   60s] BTC: $77,441.17 (4ex, -0.123%) | 15m: 0.91/0.93 | 1h: N/A | P&L: $+0.40 (1)
2026-02-03T15:22:16.953700 [   62s] 📈 15M MEAN-REV: K@0.91 (extreme high) + BTC stable → NO
2026-02-03T15:22:16.954329 [   62s] ✅ 15M mean_reversion_high CLOSE (PROFIT): $+0.20 | Total: $+0.60
2026-02-03T15:23:15.022334 [  120s] BTC: $77,488.75 (4ex, +0.123%) | 15m: 0.81/0.84 | 1h: N/A | P&L: $+0.60 (2)
2026-02-03T15:23:23.031451 [  128s] 📈 15M MEAN-REV: K@0.90 (extreme high) + BTC stable → NO
2026-02-03T15:23:23.031998 [  128s] ✅ 15M mean_reversion_high CLOSE (PROFIT): $+0.10 | Total: $+0.70
2026-02-03T15:24:15.084843 [  180s] BTC: $77,416.45 (4ex, -0.051%) | 15m: 0.89/0.91 | 1h: N/A | P&L: $+0.70 (3)
2026-02-03T15:24:23.094251 [  188s] 📈 15M MEAN-REV: K@0.82 (extreme high) + BTC stable → NO
2026-02-03T15:24:23.094753 [  188s] ✅ 15M mean_reversion_high CLOSE (PROFIT): $+0.30 | Total: $+1.00
2026-02-03T15:25:15.160128 [  240s] BTC: $77,130.31 (4ex, -0.142%) | 15m: 0.75/0.77 | 1h: N/A | P&L: $+1.00 (4)
2026-02-03T15:26:14.866385 [  300s] 💾 Checkpoint
2026-02-03T15:26:15.220836 [  300s] BTC: $77,290.86 (4ex, +0.230%) | 15m: 0.44/0.48 | 1h: N/A | P&L: $+1.00 (4)
2026-02-03T15:27:15.288875 [  360s] BTC: $77,860.99 (4ex, -0.224%) | 15m: 0.96/0.99 | 1h: N/A | P&L: $+1.00 (4)
2026-02-03T15:28:15.357165 [  420s] BTC: $77,838.12 (4ex, +0.149%) | 15m: 0.94/0.98 | 1h: N/A | P&L: $+1.00 (4)
2026-02-03T15:29:15.421655 [  480s] BTC: $77,800.54 (4ex, -0.044%) | 15m: 0.99/1.00 | 1h: N/A | P&L: $+1.00 (4)
2026-02-03T15:30:15.488591 [  540s] BTC: $77,710.75 (4ex, -0.008%) | 15m: 0.99/1.00 | 1h: N/A | P&L: $+1.00 (4)
2026-02-03T15:30:25.497612 [  550s] 🔄 15M transition
2026-02-03T15:30:26.499824 [  551s] 🔄 15M transition
2026-02-03T15:30:27.500885 [  552s] 🔄 15M transition
2026-02-03T15:30:28.501825 [  553s] 🔄 15M transition
2026-02-03T15:30:29.502540 [  554s] 🔄 15M transition
2026-02-03T15:31:14.868223 [  600s] 💾 Checkpoint
2026-02-03T15:31:15.553374 [  600s] BTC: $77,678.48 (4ex, +0.056%) | 15m: 0.41/0.45 | 1h: N/A | P&L: $+1.00 (4)
2026-02-03T15:31:46.589821 [  631s] 🎯 15M DELAY: BTC -0.177% K +0.0% → NO@$0.53
2026-02-03T15:32:15.662747 [  660s] BTC: $77,573.02 (4ex, +0.018%) | 15m: 0.32/0.35 | 1h: N/A | P&L: $+1.00 (4)
2026-02-03T15:32:56.727916 [  701s] ✅ 15M delay_arb CLOSE (PROFIT): $+1.40 | Total: $+2.40
2026-02-03T15:33:15.744042 [  720s] BTC: $77,969.21 (4ex, +0.091%) | 15m: 0.59/0.61 | 1h: N/A | P&L: $+2.40 (5)
2026-02-03T15:34:03.797663 [  768s] 🎯 15M DELAY: BTC -0.153% K +0.0% → NO@$0.32
2026-02-03T15:34:15.818430 [  780s] BTC: $77,908.64 (4ex, -0.090%) | 15m: 0.68/0.70 | 1h: N/A | P&L: $+2.40 (5)
2026-02-03T15:35:15.908969 [  841s] BTC: $77,839.15 (4ex, -0.080%) | 15m: 0.58/0.61 | 1h: N/A | P&L: $+2.40 (5)
2026-02-03T15:35:27.927146 [  853s] ❌ 15M delay_arb CLOSE (STOP(-25%)): $-1.50 | Total: $+0.90
2026-02-03T15:36:14.870204 [  900s] 💾 Checkpoint
2026-02-03T15:36:15.977646 [  901s] BTC: $77,721.42 (4ex, -0.081%) | 15m: 0.39/0.42 | 1h: N/A | P&L: $+0.90 (6)
2026-02-03T15:37:16.042643 [  961s] BTC: $77,697.60 (4ex, -0.075%) | 15m: 0.48/0.53 | 1h: N/A | P&L: $+0.90 (6)
2026-02-03T15:37:56.088637 [ 1001s] 🎯 15M DELAY: BTC +0.154% K +0.0% → YES@$0.47
2026-02-03T15:38:00.094933 [ 1005s] ✅ 15M delay_arb CLOSE (PROFIT): $+1.10 | Total: $+2.00
2026-02-03T15:38:16.111946 [ 1021s] BTC: $77,850.32 (4ex, +0.091%) | 15m: 0.58/0.60 | 1h: N/A | P&L: $+2.00 (7)
2026-02-03T15:39:16.173080 [ 1081s] BTC: $77,832.46 (4ex, -0.004%) | 15m: 0.69/0.73 | 1h: N/A | P&L: $+2.00 (7)
2026-02-03T15:40:16.244029 [ 1141s] BTC: $77,757.64 (4ex, +0.021%) | 15m: 0.52/0.55 | 1h: N/A | P&L: $+2.00 (7)
2026-02-03T15:41:14.873687 [ 1200s] 💾 Checkpoint
2026-02-03T15:41:16.315670 [ 1201s] BTC: $77,665.74 (4ex, -0.118%) | 15m: 0.46/0.49 | 1h: N/A | P&L: $+2.00 (7)
2026-02-03T15:42:16.375649 [ 1261s] BTC: $77,584.79 (4ex, -0.027%) | 15m: 0.10/0.13 | 1h: N/A | P&L: $+2.00 (7)
2026-02-03T15:43:16.439700 [ 1321s] BTC: $77,595.42 (4ex, +0.008%) | 15m: 0.02/0.03 | 1h: N/A | P&L: $+2.00 (7)
2026-02-03T15:44:16.510828 [ 1381s] BTC: $77,492.12 (4ex, -0.006%) | 15m: 0.00/0.01 | 1h: N/A | P&L: $+2.00 (7)
2026-02-03T15:45:03.561064 [ 1428s] 🔄 15M transition
2026-02-03T15:45:04.561531 [ 1429s] 🔄 15M transition
2026-02-03T15:45:05.564046 [ 1430s] 🔄 15M transition
2026-02-03T15:45:06.565055 [ 1431s] 🔄 15M transition
2026-02-03T15:45:07.566024 [ 1432s] 🔄 15M transition
2026-02-03T15:45:16.575332 [ 1441s] BTC: $77,312.27 (4ex, -0.159%) | 15m: 0.45/0.55 | 1h: N/A | P&L: $+2.00 (7)
2026-02-03T15:46:14.876016 [ 1500s] 💾 Checkpoint
2026-02-03T15:46:16.634940 [ 1501s] BTC: $77,415.79 (4ex, +0.075%) | 15m: 0.39/0.41 | 1h: N/A | P&L: $+2.00 (7)
2026-02-03T15:47:16.700667 [ 1561s] BTC: $77,477.38 (4ex, +0.128%) | 15m: 0.44/0.48 | 1h: N/A | P&L: $+2.00 (7)
2026-02-03T15:47:28.715096 [ 1573s] 🎯 15M DELAY: BTC +0.156% K +0.0% → YES@$0.48
2026-02-03T15:47:34.723973 [ 1579s] ✅ 15M delay_arb CLOSE (PROFIT): $+2.10 | Total: $+4.10
2026-02-03T15:48:16.766474 [ 1621s] BTC: $77,772.33 (4ex, +0.021%) | 15m: 0.81/0.84 | 1h: N/A | P&L: $+4.10 (8)
2026-02-03T15:48:39.800009 [ 1644s] 📈 15M MEAN-REV: K@0.83 (extreme high) + BTC stable → NO
2026-02-03T15:48:39.800542 [ 1644s] ✅ 15M mean_reversion_high CLOSE (PROFIT): $+0.30 | Total: $+4.40
2026-02-03T15:49:16.844025 [ 1681s] BTC: $77,841.46 (4ex, +0.036%) | 15m: 0.82/0.83 | 1h: N/A | P&L: $+4.40 (9)
2026-02-03T15:49:39.867635 [ 1705s] 📈 15M MEAN-REV: K@0.83 (extreme high) + BTC stable → NO
2026-02-03T15:49:39.868168 [ 1705s] ✅ 15M mean_reversion_high CLOSE (PROFIT): $+0.30 | Total: $+4.70
2026-02-03T15:50:16.907029 [ 1742s] BTC: $77,925.21 (4ex, +0.116%) | 15m: 0.86/0.89 | 1h: N/A | P&L: $+4.70 (10)
2026-02-03T15:50:39.924748 [ 1765s] 📈 15M MEAN-REV: K@0.89 (extreme high) + BTC stable → NO
2026-02-03T15:50:39.925356 [ 1765s] ✅ 15M mean_reversion_high CLOSE (PROFIT): $+0.50 | Total: $+5.20
2026-02-03T15:51:14.878414 [ 1800s] 💾 Checkpoint
2026-02-03T15:51:16.969056 [ 1802s] BTC: $78,006.66 (4ex, +0.052%) | 15m: 0.92/0.95 | 1h: N/A | P&L: $+5.20 (11)
2026-02-03T15:51:39.994971 [ 1825s] 📈 15M MEAN-REV: K@0.93 (extreme high) + BTC stable → NO
2026-02-03T15:51:39.995409 [ 1825s] ✅ 15M mean_reversion_high CLOSE (PROFIT): $+0.10 | Total: $+5.30
2026-02-03T15:52:17.033856 [ 1862s] BTC: $77,835.37 (4ex, -0.138%) | 15m: 0.90/0.93 | 1h: N/A | P&L: $+5.30 (12)
2026-02-03T15:53:11.104909 [ 1916s] 📈 15M MEAN-REV: K@0.88 (extreme high) + BTC stable → NO
2026-02-03T15:53:11.105489 [ 1916s] ✅ 15M mean_reversion_high CLOSE (PROFIT): $+0.30 | Total: $+5.60
2026-02-03T15:53:17.116360 [ 1922s] BTC: $77,855.39 (4ex, +0.054%) | 15m: 0.88/0.91 | 1h: N/A | P&L: $+5.60 (13)
2026-02-03T15:54:14.175726 [ 1979s] 📈 15M MEAN-REV: K@0.92 (extreme high) + BTC stable → NO
2026-02-03T15:54:14.176262 [ 1979s] ✅ 15M mean_reversion_high CLOSE (PROFIT): $+0.30 | Total: $+5.90
2026-02-03T15:54:17.180045 [ 1982s] BTC: $77,929.07 (4ex, +0.032%) | 15m: 0.92/0.95 | 1h: N/A | P&L: $+5.90 (14)
2026-02-03T15:55:17.242684 [ 2042s] BTC: $77,962.15 (4ex, +0.009%) | 15m: 0.97/0.99 | 1h: N/A | P&L: $+5.90 (14)
2026-02-03T15:56:14.881707 [ 2100s] 💾 Checkpoint
2026-02-03T15:56:17.307776 [ 2102s] BTC: $78,009.41 (4ex, +0.074%) | 15m: 0.97/0.98 | 1h: N/A | P&L: $+5.90 (14)
2026-02-03T15:57:17.375517 [ 2162s] BTC: $77,976.52 (4ex, -0.005%) | 15m: 0.98/0.99 | 1h: N/A | P&L: $+5.90 (14)
2026-02-03T15:58:17.431609 [ 2222s] BTC: $78,099.05 (4ex, +0.013%) | 15m: 0.99/1.00 | 1h: N/A | P&L: $+5.90 (14)
2026-02-03T15:59:17.495970 [ 2282s] BTC: $78,113.07 (4ex, +0.034%) | 15m: 0.99/1.00 | 1h: N/A | P&L: $+5.90 (14)
2026-02-03T16:00:11.548861 [ 2336s] 🔄 15M transition
2026-02-03T16:00:12.549767 [ 2337s] 🔄 15M transition
2026-02-03T16:00:13.550829 [ 2338s] 🔄 15M transition
2026-02-03T16:00:14.551974 [ 2339s] 🔄 15M transition
2026-02-03T16:00:15.554086 [ 2340s] 🔄 15M transition
2026-02-03T16:00:17.556776 [ 2342s] BTC: $78,029.61 (4ex, -0.067%) | 15m: 0.45/0.47 | 1h: N/A | P&L: $+5.90 (14)
2026-02-03T16:01:14.884976 [ 2400s] 💾 Checkpoint
2026-02-03T16:01:17.640679 [ 2402s] BTC: $77,976.27 (4ex, -0.031%) | 15m: 0.34/0.37 | 1h: N/A | P&L: $+5.90 (14)
2026-02-03T16:02:17.736769 [ 2462s] BTC: $77,965.39 (4ex, +0.005%) | 15m: 0.30/0.35 | 1h: N/A | P&L: $+5.90 (14)
2026-02-03T16:03:17.828753 [ 2522s] BTC: $77,872.15 (4ex, -0.031%) | 15m: 0.27/0.28 | 1h: N/A | P&L: $+5.90 (14)
2026-02-03T16:04:17.896556 [ 2583s] BTC: $77,846.98 (4ex, -0.060%) | 15m: 0.26/0.29 | 1h: N/A | P&L: $+5.90 (14)
2026-02-03T16:05:06.958328 [ 2632s] 📉 15M MEAN-REV: K@0.17 (extreme low) + BTC stable → YES
2026-02-03T16:05:17.977701 [ 2643s] BTC: $77,766.71 (4ex, -0.040%) | 15m: 0.14/0.17 | 1h: N/A | P&L: $+5.90 (14)
2026-02-03T16:06:14.888473 [ 2700s] 💾 Checkpoint
2026-02-03T16:06:18.081166 [ 2703s] BTC: $77,750.03 (4ex, -0.040%) | 15m: 0.15/0.20 | 1h: N/A | P&L: $+5.90 (14)
2026-02-03T16:06:55.145406 [ 2740s] ❌ 15M mean_reversion_low CLOSE (STOP(-25%)): $-0.70 | Total: $+5.20
2026-02-03T16:07:18.177594 [ 2763s] BTC: $77,621.01 (4ex, -0.024%) | 15m: 0.10/0.11 | 1h: N/A | P&L: $+5.20 (15)
2026-02-03T16:07:55.220692 [ 2800s] 📉 15M MEAN-REV: K@0.09 (extreme low) + BTC stable → YES
2026-02-03T16:07:55.221404 [ 2800s] ❌ 15M mean_reversion_low CLOSE (STOP(-25%)): $-0.30 | Total: $+4.90
2026-02-03T16:08:18.244066 [ 2823s] BTC: $77,626.66 (4ex, -0.020%) | 15m: 0.06/0.09 | 1h: N/A | P&L: $+4.90 (16)
2026-02-03T16:08:55.283317 [ 2860s] 📉 15M MEAN-REV: K@0.08 (extreme low) + BTC stable → YES
2026-02-03T16:08:55.284063 [ 2860s] ❌ 15M mean_reversion_low CLOSE (STOP(-25%)): $-0.30 | Total: $+4.60
2026-02-03T16:09:18.312410 [ 2883s] BTC: $77,653.55 (4ex, -0.033%) | 15m: 0.05/0.09 | 1h: N/A | P&L: $+4.60 (17)
2026-02-03T16:10:18.382377 [ 2943s] BTC: $77,415.73 (4ex, -0.126%) | 15m: 0.01/0.04 | 1h: N/A | P&L: $+4.60 (17)
2026-02-03T16:11:14.892247 [ 3000s] 💾 Checkpoint
2026-02-03T16:11:18.449765 [ 3003s] BTC: $77,387.56 (4ex, +0.014%) | 15m: 0.00/0.02 | 1h: N/A | P&L: $+4.60 (17)
2026-02-03T16:12:18.527410 [ 3063s] BTC: $77,411.26 (4ex, -0.006%) | 15m: 0.00/0.01 | 1h: N/A | P&L: $+4.60 (17)
2026-02-03T16:13:18.607486 [ 3123s] BTC: $77,400.21 (4ex, +0.029%) | 15m: 0.00/0.01 | 1h: N/A | P&L: $+4.60 (17)
2026-02-03T16:14:18.678726 [ 3183s] BTC: $77,329.23 (4ex, -0.069%) | 15m: 0.00/0.01 | 1h: N/A | P&L: $+4.60 (17)
2026-02-03T16:15:18.763107 [ 3243s] BTC: $77,295.52 (4ex, -0.012%) | 15m: 0.00/0.01 | 1h: N/A | P&L: $+4.60 (17)
2026-02-03T16:15:29.772746 [ 3254s] 🔄 15M transition
2026-02-03T16:15:30.774029 [ 3255s] 🔄 15M transition
2026-02-03T16:15:31.774462 [ 3256s] 🔄 15M transition
2026-02-03T16:15:32.774941 [ 3257s] 🔄 15M transition
2026-02-03T16:15:33.775659 [ 3258s] 🔄 15M transition
2026-02-03T16:16:14.895113 [ 3300s] 💾 Checkpoint
2026-02-03T16:16:18.821726 [ 3303s] BTC: $77,291.64 (4ex, -0.036%) | 15m: 0.46/0.50 | 1h: N/A | P&L: $+4.60 (17)
2026-02-03T16:16:54.855126 [ 3339s] 🎯 15M DELAY: BTC -0.227% K +0.0% → NO@$0.51
2026-02-03T16:17:00.869139 [ 3346s] ❌ 15M delay_arb CLOSE (STOP(-25%)): $-1.60 | Total: $+3.00
2026-02-03T16:17:18.890130 [ 3364s] BTC: $77,151.52 (4ex, +0.007%) | 15m: 0.32/0.33 | 1h: N/A | P&L: $+3.00 (18)
2026-02-03T16:18:00.934495 [ 3406s] 📉 15M MEAN-REV: K@0.18 (extreme low) + BTC stable → YES
2026-02-03T16:18:18.963258 [ 3424s] BTC: $77,067.82 (4ex, +0.041%) | 15m: 0.16/0.18 | 1h: N/A | P&L: $+3.00 (18)
2026-02-03T16:19:01.034656 [ 3466s] ✅ 15M mean_reversion_low CLOSE (PROFIT): $+0.20 | Total: $+3.20
2026-02-03T16:19:19.049012 [ 3484s] BTC: $77,161.57 (4ex, +0.097%) | 15m: 0.20/0.23 | 1h: N/A | P&L: $+3.20 (19)
2026-02-03T16:20:19.119481 [ 3544s] BTC: $77,067.04 (4ex, -0.090%) | 15m: 0.20/0.23 | 1h: N/A | P&L: $+3.20 (19)
2026-02-03T16:20:32.137975 [ 3557s] 📉 15M MEAN-REV: K@0.21 (extreme low) + BTC stable → YES
2026-02-03T16:21:14.899987 [ 3600s] 💾 Checkpoint
2026-02-03T16:21:19.209462 [ 3604s] BTC: $77,131.45 (4ex, +0.002%) | 15m: 0.20/0.22 | 1h: N/A | P&L: $+3.20 (19)
2026-02-03T16:22:19.305823 [ 3664s] BTC: $77,133.13 (4ex, -0.017%) | 15m: 0.20/0.22 | 1h: N/A | P&L: $+3.20 (19)
2026-02-03T16:22:33.329100 [ 3678s] ❌ 15M mean_reversion_low CLOSE (STOP(-25%)): $-0.60 | Total: $+2.60
2026-02-03T16:23:19.372747 [ 3724s] BTC: $76,937.20 (4ex, +0.025%) | 15m: 0.10/0.11 | 1h: N/A | P&L: $+2.60 (20)
2026-02-03T16:23:33.388593 [ 3738s] 📉 15M MEAN-REV: K@0.07 (extreme low) + BTC stable → YES
2026-02-03T16:23:33.389212 [ 3738s] ❌ 15M mean_reversion_low CLOSE (STOP(-25%)): $-0.30 | Total: $+2.30
2026-02-03T16:24:19.439336 [ 3784s] BTC: $76,828.21 (4ex, +0.051%) | 15m: 0.02/0.04 | 1h: N/A | P&L: $+2.30 (21)
2026-02-03T16:24:33.455290 [ 3798s] 📉 15M MEAN-REV: K@0.04 (extreme low) + BTC stable → YES
2026-02-03T16:24:33.455967 [ 3798s] ❌ 15M mean_reversion_low CLOSE (STOP(-25%)): $-0.20 | Total: $+2.10
2026-02-03T16:25:19.512492 [ 3844s] BTC: $76,727.02 (4ex, +0.028%) | 15m: 0.01/0.02 | 1h: N/A | P&L: $+2.10 (22)
2026-02-03T16:26:14.905000 [ 3900s] 💾 Checkpoint
2026-02-03T16:26:19.571916 [ 3904s] BTC: $76,700.28 (4ex, -0.089%) | 15m: 0.01/0.02 | 1h: N/A | P&L: $+2.10 (22)
2026-02-03T16:27:19.638530 [ 3964s] BTC: $76,834.42 (4ex, +0.103%) | 15m: 0.01/0.03 | 1h: N/A | P&L: $+2.10 (22)
2026-02-03T16:28:19.701901 [ 4024s] BTC: $76,857.29 (4ex, -0.065%) | 15m: 0.00/0.01 | 1h: N/A | P&L: $+2.10 (22)
2026-02-03T16:29:19.767402 [ 4084s] BTC: $76,806.19 (4ex, +0.001%) | 15m: 0.00/0.01 | 1h: N/A | P&L: $+2.10 (22)
2026-02-03T16:30:06.815415 [ 4131s] 🔄 15M transition
2026-02-03T16:30:07.816209 [ 4132s] 🔄 15M transition
2026-02-03T16:30:08.817321 [ 4133s] 🔄 15M transition
2026-02-03T16:30:09.818228 [ 4134s] 🔄 15M transition
2026-02-03T16:30:10.819410 [ 4135s] 🔄 15M transition
2026-02-03T16:30:19.831064 [ 4144s] BTC: $76,715.76 (4ex, +0.083%) | 15m: 0.51/0.55 | 1h: N/A | P&L: $+2.10 (22)
2026-02-03T16:31:14.908987 [ 4200s] 💾 Checkpoint
2026-02-03T16:31:19.885341 [ 4205s] BTC: $76,661.16 (4ex, +0.000%) | 15m: 0.46/0.47 | 1h: N/A | P&L: $+2.10 (22)
2026-02-03T16:32:19.943101 [ 4265s] BTC: $76,708.42 (4ex, +0.051%) | 15m: 0.41/0.45 | 1h: N/A | P&L: $+2.10 (22)
2026-02-03T16:33:20.000307 [ 4325s] BTC: $76,619.47 (4ex, -0.105%) | 15m: 0.44/0.49 | 1h: N/A | P&L: $+2.10 (22)
2026-02-03T16:33:24.003085 [ 4329s] 🎯 15M DELAY: BTC -0.162% K +0.0% → NO@$0.56
2026-02-03T16:33:24.003649 [ 4329s] ✅ 15M delay_arb CLOSE (PROFIT): $+0.50 | Total: $+2.60
2026-02-03T16:34:20.062876 [ 4385s] BTC: $76,722.89 (4ex, +0.013%) | 15m: 0.46/0.48 | 1h: N/A | P&L: $+2.60 (23)
2026-02-03T16:35:20.127274 [ 4445s] BTC: $76,660.49 (4ex, -0.007%) | 15m: 0.40/0.45 | 1h: N/A | P&L: $+2.60 (23)
2026-02-03T16:36:14.913040 [ 4500s] 💾 Checkpoint
2026-02-03T16:36:20.189074 [ 4505s] BTC: $76,729.03 (4ex, +0.081%) | 15m: 0.46/0.50 | 1h: N/A | P&L: $+2.60 (23)
2026-02-03T16:37:20.254617 [ 4565s] BTC: $76,690.40 (4ex, -0.084%) | 15m: 0.45/0.50 | 1h: N/A | P&L: $+2.60 (23)
2026-02-03T16:38:20.314044 [ 4625s] BTC: $76,780.20 (4ex, +0.084%) | 15m: 0.46/0.51 | 1h: N/A | P&L: $+2.60 (23)
2026-02-03T16:39:20.380679 [ 4685s] BTC: $76,706.78 (4ex, -0.045%) | 15m: 0.42/0.45 | 1h: N/A | P&L: $+2.60 (23)
2026-02-03T16:40:20.447694 [ 4745s] BTC: $76,652.10 (4ex, +0.005%) | 15m: 0.19/0.20 | 1h: N/A | P&L: $+2.60 (23)
2026-02-03T16:41:14.917036 [ 4800s] 💾 Checkpoint
2026-02-03T16:41:20.508903 [ 4805s] BTC: $76,768.56 (4ex, +0.100%) | 15m: 0.58/0.60 | 1h: N/A | P&L: $+2.60 (23)
2026-02-03T16:42:20.579548 [ 4865s] BTC: $76,741.12 (4ex, +0.049%) | 15m: 0.60/0.63 | 1h: N/A | P&L: $+2.60 (23)
2026-02-03T16:43:20.640466 [ 4925s] BTC: $76,632.15 (4ex, -0.077%) | 15m: 0.17/0.20 | 1h: N/A | P&L: $+2.60 (23)
2026-02-03T16:44:20.705965 [ 4985s] BTC: $76,667.01 (4ex, +0.018%) | 15m: 0.02/0.04 | 1h: N/A | P&L: $+2.60 (23)
2026-02-03T16:45:14.776666 [ 5039s] 🔄 15M transition
2026-02-03T16:45:15.777676 [ 5040s] 🔄 15M transition
2026-02-03T16:45:16.778150 [ 5041s] 🔄 15M transition
2026-02-03T16:45:17.779227 [ 5042s] 🔄 15M transition
2026-02-03T16:45:18.781452 [ 5043s] 🔄 15M transition
2026-02-03T16:45:20.785381 [ 5045s] BTC: $76,578.87 (4ex, -0.128%) | 15m: 0.45/0.55 | 1h: N/A | P&L: $+2.60 (23)
2026-02-03T16:46:14.920827 [ 5100s] 💾 Checkpoint
2026-02-03T16:46:20.855211 [ 5105s] BTC: $76,553.50 (4ex, -0.045%) | 15m: 0.38/0.39 | 1h: N/A | P&L: $+2.60 (23)
2026-02-03T16:46:54.887770 [ 5140s] 🎯 15M DELAY: BTC +0.154% K +0.0% → YES@$0.31
2026-02-03T16:47:15.926211 [ 5161s] ✅ 15M delay_arb CLOSE (PROFIT): $+1.30 | Total: $+3.90
2026-02-03T16:47:20.934640 [ 5166s] BTC: $76,640.78 (4ex, +0.104%) | 15m: 0.44/0.45 | 1h: N/A | P&L: $+3.90 (24)
2026-02-03T16:48:21.000208 [ 5226s] BTC: $76,673.72 (4ex, -0.068%) | 15m: 0.58/0.61 | 1h: N/A | P&L: $+3.90 (24)
2026-02-03T16:49:21.071305 [ 5286s] BTC: $76,689.91 (4ex, +0.017%) | 15m: 0.52/0.55 | 1h: N/A | P&L: $+3.90 (24)
2026-02-03T16:50:21.150373 [ 5346s] BTC: $76,636.56 (4ex, -0.063%) | 15m: 0.46/0.48 | 1h: N/A | P&L: $+3.90 (24)
2026-02-03T16:50:34.169422 [ 5359s] 🎯 15M DELAY: BTC -0.151% K +0.0% → NO@$0.54
2026-02-03T16:51:14.925713 [ 5400s] 💾 Checkpoint
2026-02-03T16:51:21.242999 [ 5406s] BTC: $76,574.80 (4ex, -0.018%) | 15m: 0.32/0.33 | 1h: N/A | P&L: $+3.90 (24)
2026-02-03T16:51:48.301779 [ 5433s] ❌ 15M delay_arb CLOSE (STOP(-25%)): $-1.40 | Total: $+2.50
2026-02-03T16:52:21.336507 [ 5466s] BTC: $76,600.82 (4ex, +0.027%) | 15m: 0.33/0.36 | 1h: N/A | P&L: $+2.50 (25)
2026-02-03T16:53:21.404953 [ 5526s] BTC: $76,592.83 (4ex, +0.008%) | 15m: 0.35/0.37 | 1h: N/A | P&L: $+2.50 (25)
2026-02-03T16:54:21.469659 [ 5586s] BTC: $76,595.25 (4ex, +0.034%) | 15m: 0.33/0.36 | 1h: N/A | P&L: $+2.50 (25)
2026-02-03T16:55:21.534146 [ 5646s] BTC: $76,567.54 (4ex, +0.027%) | 15m: 0.25/0.28 | 1h: N/A | P&L: $+2.50 (25)
2026-02-03T16:56:14.929112 [ 5700s] 💾 Checkpoint
2026-02-03T16:56:21.600080 [ 5706s] BTC: $76,627.45 (4ex, +0.020%) | 15m: 0.35/0.39 | 1h: N/A | P&L: $+2.50 (25)
2026-02-03T16:57:21.658306 [ 5766s] BTC: $76,606.80 (4ex, +0.078%) | 15m: 0.28/0.32 | 1h: N/A | P&L: $+2.50 (25)
2026-02-03T16:58:21.719380 [ 5826s] BTC: $76,565.88 (4ex, -0.079%) | 15m: 0.10/0.11 | 1h: N/A | P&L: $+2.50 (25)
2026-02-03T16:59:21.774367 [ 5886s] BTC: $76,512.06 (4ex, -0.016%) | 15m: 0.00/0.01 | 1h: N/A | P&L: $+2.50 (25)
2026-02-03T17:00:21.858765 [ 5946s] BTC: $76,425.05 (4ex, -0.028%) | 15m: 0.00/0.01 | 1h: N/A | P&L: $+2.50 (25)
2026-02-03T17:00:22.860658 [ 5948s] 🔄 15M transition
2026-02-03T17:00:23.861729 [ 5949s] 🔄 15M transition
2026-02-03T17:00:24.862846 [ 5950s] 🔄 15M transition
2026-02-03T17:00:25.864070 [ 5951s] 🔄 15M transition
2026-02-03T17:00:26.864854 [ 5952s] 🔄 15M transition
2026-02-03T17:01:14.933752 [ 6000s] 💾 Checkpoint
2026-02-03T17:01:21.927867 [ 6007s] BTC: $76,388.24 (4ex, +0.059%) | 15m: 0.38/0.40 | 1h: N/A | P&L: $+2.50 (25)
2026-02-03T17:02:21.987899 [ 6067s] BTC: $76,381.31 (4ex, +0.050%) | 15m: 0.33/0.34 | 1h: N/A | P&L: $+2.50 (25)
2026-02-03T17:03:22.060675 [ 6127s] BTC: $76,350.22 (4ex, -0.021%) | 15m: 0.32/0.35 | 1h: N/A | P&L: $+2.50 (25)
2026-02-03T17:04:22.137905 [ 6187s] BTC: $76,352.53 (4ex, +0.017%) | 15m: 0.31/0.32 | 1h: N/A | P&L: $+2.50 (25)
2026-02-03T17:05:22.204962 [ 6247s] BTC: $76,344.33 (4ex, -0.013%) | 15m: 0.29/0.32 | 1h: N/A | P&L: $+2.50 (25)
2026-02-03T17:05:55.240764 [ 6280s] 📉 15M MEAN-REV: K@0.18 (extreme low) + BTC stable → YES
2026-02-03T17:06:14.940251 [ 6300s] 💾 Checkpoint
2026-02-03T17:06:22.282299 [ 6307s] BTC: $76,213.67 (4ex, -0.053%) | 15m: 0.16/0.18 | 1h: N/A | P&L: $+2.50 (25)
2026-02-03T17:06:25.287843 [ 6310s] ❌ 15M mean_reversion_low CLOSE (STOP(-25%)): $-0.70 | Total: $+1.80
2026-02-03T17:07:22.346937 [ 6367s] BTC: $76,134.75 (4ex, -0.071%) | 15m: 0.08/0.11 | 1h: N/A | P&L: $+1.80 (26)
2026-02-03T17:07:25.351190 [ 6370s] 📉 15M MEAN-REV: K@0.11 (extreme low) + BTC stable → YES
2026-02-03T17:07:25.351748 [ 6370s] ❌ 15M mean_reversion_low CLOSE (STOP(-25%)): $-0.30 | Total: $+1.50
2026-02-03T17:08:22.428344 [ 6427s] BTC: $76,105.99 (4ex, +0.086%) | 15m: 0.03/0.05 | 1h: N/A | P&L: $+1.50 (27)
2026-02-03T17:08:25.430987 [ 6430s] 📉 15M MEAN-REV: K@0.05 (extreme low) + BTC stable → YES
2026-02-03T17:08:25.431572 [ 6430s] ❌ 15M mean_reversion_low CLOSE (STOP(-25%)): $-0.20 | Total: $+1.30
2026-02-03T17:09:22.500968 [ 6487s] BTC: $76,063.00 (4ex, -0.050%) | 15m: 0.04/0.06 | 1h: N/A | P&L: $+1.30 (28)
2026-02-03T17:09:25.503597 [ 6490s] 📉 15M MEAN-REV: K@0.06 (extreme low) + BTC stable → YES
2026-02-03T17:09:25.504164 [ 6490s] ❌ 15M mean_reversion_low CLOSE (STOP(-25%)): $-0.20 | Total: $+1.10
2026-02-03T17:10:22.564211 [ 6547s] BTC: $76,115.08 (4ex, +0.044%) | 15m: 0.01/0.03 | 1h: N/A | P&L: $+1.10 (29)
2026-02-03T17:11:14.943838 [ 6600s] 💾 Checkpoint
2026-02-03T17:11:22.624578 [ 6607s] BTC: $76,069.29 (4ex, +0.048%) | 15m: 0.00/0.01 | 1h: N/A | P&L: $+1.10 (29)
2026-02-03T17:12:22.684771 [ 6667s] BTC: $75,856.38 (4ex, -0.002%) | 15m: 0.00/0.01 | 1h: N/A | P&L: $+1.10 (29)
2026-02-03T17:13:22.748052 [ 6727s] BTC: $75,823.68 (4ex, -0.038%) | 15m: 0.00/0.01 | 1h: N/A | P&L: $+1.10 (29)
2026-02-03T17:14:22.821714 [ 6787s] BTC: $75,674.72 (4ex, -0.007%) | 15m: 0.00/0.01 | 1h: N/A | P&L: $+1.10 (29)
2026-02-03T17:15:22.893479 [ 6848s] BTC: $75,673.66 (4ex, +0.056%) | 15m: 0.00/0.01 | 1h: N/A | P&L: $+1.10 (29)
2026-02-03T17:15:29.902057 [ 6855s] 🔄 15M transition
2026-02-03T17:15:30.902756 [ 6856s] 🔄 15M transition
2026-02-03T17:15:31.904022 [ 6857s] 🔄 15M transition
2026-02-03T17:15:32.904610 [ 6858s] 🔄 15M transition
2026-02-03T17:15:33.907037 [ 6859s] 🔄 15M transition
2026-02-03T17:16:14.948851 [ 6900s] 💾 Checkpoint
2026-02-03T17:16:22.958258 [ 6908s] BTC: $75,773.94 (4ex, +0.134%) | 15m: 0.52/0.53 | 1h: N/A | P&L: $+1.10 (29)
2026-02-03T17:17:23.024585 [ 6968s] BTC: $75,745.33 (4ex, +0.031%) | 15m: 0.49/0.59 | 1h: N/A | P&L: $+1.10 (29)
2026-02-03T17:17:57.069869 [ 7002s] 🎯 15M DELAY: BTC -0.152% K +0.0% → NO@$0.41
2026-02-03T17:18:23.108573 [ 7028s] BTC: $75,682.37 (4ex, +0.043%) | 15m: 0.46/0.50 | 1h: N/A | P&L: $+1.10 (29)
2026-02-03T17:18:32.122157 [ 7037s] ❌ 15M delay_arb CLOSE (STOP(-25%)): $-1.10 | Total: $+0.00
2026-02-03T17:19:23.171595 [ 7088s] BTC: $75,794.18 (4ex, -0.005%) | 15m: 0.58/0.61 | 1h: N/A | P&L: $+0.00 (30)
2026-02-03T17:20:23.233540 [ 7148s] BTC: $75,692.13 (4ex, -0.105%) | 15m: 0.60/0.62 | 1h: N/A | P&L: $+0.00 (30)
2026-02-03T17:21:14.953183 [ 7200s] 💾 Checkpoint
2026-02-03T17:21:23.296592 [ 7208s] BTC: $75,785.87 (4ex, -0.035%) | 15m: 0.64/0.65 | 1h: N/A | P&L: $+0.00 (30)
2026-02-03T17:22:04.338726 [ 7249s] 🎯 15M DELAY: BTC +0.194% K +0.0% → YES@$0.82
2026-02-03T17:22:23.365688 [ 7268s] BTC: $75,947.54 (4ex, +0.070%) | 15m: 0.81/0.82 | 1h: N/A | P&L: $+0.00 (30)
2026-02-03T17:23:23.466610 [ 7328s] BTC: $75,936.12 (4ex, -0.018%) | 15m: 0.80/0.83 | 1h: N/A | P&L: $+0.00 (30)
2026-02-03T17:24:23.561044 [ 7388s] BTC: $75,967.19 (4ex, +0.004%) | 15m: 0.87/0.90 | 1h: N/A | P&L: $+0.00 (30)
2026-02-03T17:24:34.582811 [ 7399s] ✅ 15M delay_arb CLOSE (PROFIT): $+0.70 | Total: $+0.70
2026-02-03T17:25:23.636024 [ 7448s] BTC: $75,925.43 (4ex, -0.022%) | 15m: 0.89/0.91 | 1h: N/A | P&L: $+0.70 (31)
2026-02-03T17:26:14.958201 [ 7500s] 💾 Checkpoint
2026-02-03T17:26:23.698972 [ 7508s] BTC: $75,802.22 (4ex, -0.281%) | 15m: 0.93/0.94 | 1h: N/A | P&L: $+0.70 (31)
2026-02-03T17:27:23.767624 [ 7568s] BTC: $75,854.99 (4ex, +0.026%) | 15m: 0.87/0.90 | 1h: N/A | P&L: $+0.70 (31)
2026-02-03T17:28:23.831929 [ 7628s] BTC: $75,847.66 (4ex, +0.029%) | 15m: 0.89/0.90 | 1h: N/A | P&L: $+0.70 (31)
2026-02-03T17:29:23.909669 [ 7689s] BTC: $75,853.88 (4ex, -0.042%) | 15m: 0.99/1.00 | 1h: N/A | P&L: $+0.70 (31)
2026-02-03T17:30:07.981179 [ 7733s] 🔄 15M transition
2026-02-03T17:30:08.981740 [ 7734s] 🔄 15M transition
2026-02-03T17:30:09.982810 [ 7735s] 🔄 15M transition
2026-02-03T17:30:10.983257 [ 7736s] 🔄 15M transition
2026-02-03T17:30:11.985017 [ 7737s] 🔄 15M transition
2026-02-03T17:30:23.996866 [ 7749s] BTC: $75,791.40 (4ex, -0.058%) | 15m: 0.45/0.55 | 1h: N/A | P&L: $+0.70 (31)
2026-02-03T17:31:14.963220 [ 7800s] 💾 Checkpoint
2026-02-03T17:31:24.087874 [ 7809s] BTC: $75,784.31 (4ex, -0.052%) | 15m: 0.38/0.42 | 1h: N/A | P&L: $+0.70 (31)
2026-02-03T17:32:24.172657 [ 7869s] BTC: $75,801.29 (4ex, +0.000%) | 15m: 0.45/0.49 | 1h: N/A | P&L: $+0.70 (31)
2026-02-03T17:33:24.236228 [ 7929s] BTC: $75,813.46 (4ex, +0.045%) | 15m: 0.39/0.41 | 1h: N/A | P&L: $+0.70 (31)
2026-02-03T17:34:24.304721 [ 7989s] BTC: $75,849.45 (4ex, +0.023%) | 15m: 0.49/0.50 | 1h: N/A | P&L: $+0.70 (31)
2026-02-03T17:35:24.383118 [ 8049s] BTC: $75,746.35 (4ex, +0.003%) | 15m: 0.32/0.34 | 1h: N/A | P&L: $+0.70 (31)
2026-02-03T17:36:14.967663 [ 8100s] 💾 Checkpoint
2026-02-03T17:36:24.448189 [ 8109s] BTC: $75,730.90 (4ex, +0.001%) | 15m: 0.27/0.28 | 1h: N/A | P&L: $+0.70 (31)
2026-02-03T17:36:40.465391 [ 8125s] 🎯 15M DELAY: BTC -0.165% K +0.0% → NO@$0.73
2026-02-03T17:37:24.534636 [ 8169s] BTC: $75,635.50 (4ex, -0.068%) | 15m: 0.21/0.23 | 1h: N/A | P&L: $+0.70 (31)
2026-02-03T17:38:24.624239 [ 8229s] BTC: $75,559.33 (4ex, -0.030%) | 15m: 0.09/0.10 | 1h: N/A | P&L: $+0.70 (31)
2026-02-03T17:38:42.654319 [ 8247s] ❌ 15M delay_arb CLOSE (STOP(-25%)): $-2.00 | Total: $-1.30
2026-02-03T17:39:24.705642 [ 8289s] BTC: $75,487.87 (4ex, -0.081%) | 15m: 0.04/0.06 | 1h: N/A | P&L: $-1.30 (32)
2026-02-03T17:39:42.728055 [ 8307s] 📉 15M MEAN-REV: K@0.05 (extreme low) + BTC stable → YES
2026-02-03T17:40:12.780017 [ 8337s] ❌ 15M mean_reversion_low CLOSE (STOP(-25%)): $-0.20 | Total: $-1.50
2026-02-03T17:40:24.793324 [ 8349s] BTC: $75,351.51 (4ex, -0.029%) | 15m: 0.03/0.04 | 1h: N/A | P&L: $-1.50 (33)
2026-02-03T17:41:14.973321 [ 8400s] 💾 Checkpoint
2026-02-03T17:41:24.851598 [ 8409s] BTC: $75,278.27 (4ex, -0.065%) | 15m: 0.01/0.03 | 1h: N/A | P&L: $-1.50 (33)
2026-02-03T17:42:24.909023 [ 8470s] BTC: $75,239.35 (4ex, -0.009%) | 15m: 0.00/0.01 | 1h: N/A | P&L: $-1.50 (33)
2026-02-03T17:43:24.970111 [ 8530s] BTC: $75,176.01 (4ex, +0.010%) | 15m: 0.00/0.01 | 1h: N/A | P&L: $-1.50 (33)
2026-02-03T17:44:25.039514 [ 8590s] BTC: $75,147.98 (4ex, -0.062%) | 15m: 0.00/0.01 | 1h: N/A | P&L: $-1.50 (33)
2026-02-03T17:45:15.099615 [ 8640s] 🔄 15M transition
2026-02-03T17:45:16.100185 [ 8641s] 🔄 15M transition
2026-02-03T17:45:17.101094 [ 8642s] 🔄 15M transition
2026-02-03T17:45:18.102664 [ 8643s] 🔄 15M transition
2026-02-03T17:45:19.103393 [ 8644s] 🔄 15M transition
2026-02-03T17:45:25.109761 [ 8650s] BTC: $75,094.65 (4ex, +0.007%) | 15m: 0.50/0.55 | 1h: N/A | P&L: $-1.50 (33)
2026-02-03T17:46:14.977755 [ 8700s] 💾 Checkpoint
2026-02-03T17:46:25.173811 [ 8710s] BTC: $75,050.74 (4ex, -0.016%) | 15m: 0.41/0.45 | 1h: N/A | P&L: $-1.50 (33)
2026-02-03T17:47:06.218364 [ 8751s] 🎯 15M DELAY: BTC +0.158% K +0.0% → YES@$0.34
2026-02-03T17:47:16.234413 [ 8761s] ✅ 15M delay_arb CLOSE (PROFIT): $+1.60 | Total: $+0.10
2026-02-03T17:47:25.243456 [ 8770s] BTC: $75,087.14 (4ex, -0.024%) | 15m: 0.50/0.52 | 1h: N/A | P&L: $+0.10 (34)
2026-02-03T17:48:25.303569 [ 8830s] BTC: $74,973.17 (4ex, -0.029%) | 15m: 0.29/0.30 | 1h: N/A | P&L: $+0.10 (34)
2026-02-03T17:49:25.375718 [ 8890s] BTC: $74,911.12 (4ex, -0.040%) | 15m: 0.20/0.22 | 1h: N/A | P&L: $+0.10 (34)
2026-02-03T17:49:47.395660 [ 8912s] 📉 15M MEAN-REV: K@0.20 (extreme low) + BTC stable → YES
2026-02-03T17:50:18.451854 [ 8943s] ✅ 15M mean_reversion_low CLOSE (PROFIT): $+0.70 | Total: $+0.80
2026-02-03T17:50:25.459114 [ 8950s] BTC: $75,010.80 (4ex, +0.016%) | 15m: 0.27/0.28 | 1h: N/A | P&L: $+0.80 (35)
2026-02-03T17:51:14.982640 [ 9000s] 💾 Checkpoint
2026-02-03T17:51:25.550134 [ 9010s] BTC: $75,286.99 (4ex, +0.019%) | 15m: 0.72/0.76 | 1h: N/A | P&L: $+0.80 (35)
2026-02-03T17:51:56.576526 [ 9041s] 🎯 15M DELAY: BTC -0.151% K +0.0% → NO@$0.35
2026-02-03T17:51:56.577292 [ 9041s] ✅ 15M delay_arb CLOSE (PROFIT): $+0.40 | Total: $+1.20
2026-02-03T17:52:25.605429 [ 9070s] BTC: $75,159.59 (4ex, +0.041%) | 15m: 0.51/0.52 | 1h: N/A | P&L: $+1.20 (36)
2026-02-03T17:53:25.667914 [ 9130s] BTC: $75,025.91 (4ex, -0.044%) | 15m: 0.23/0.25 | 1h: N/A | P&L: $+1.20 (36)
2026-02-03T17:54:25.731681 [ 9190s] BTC: $75,025.50 (4ex, -0.022%) | 15m: 0.33/0.36 | 1h: N/A | P&L: $+1.20 (36)
2026-02-03T17:54:50.761935 [ 9215s] 📉 15M MEAN-REV: K@0.20 (extreme low) + BTC stable → YES
2026-02-03T17:55:20.809491 [ 9245s] ❌ 15M mean_reversion_low CLOSE (STOP(-25%)): $-1.20 | Total: $+0.00
2026-02-03T17:55:25.817708 [ 9250s] BTC: $74,914.89 (4ex, -0.012%) | 15m: 0.08/0.09 | 1h: N/A | P&L: $+0.00 (37)
2026-02-03T17:56:14.988549 [ 9300s] 💾 Checkpoint
2026-02-03T17:56:25.888828 [ 9311s] BTC: $74,882.76 (4ex, -0.020%) | 15m: 0.06/0.07 | 1h: N/A | P&L: $+0.00 (37)
2026-02-03T17:57:25.956754 [ 9371s] BTC: $74,896.72 (4ex, -0.022%) | 15m: 0.05/0.06 | 1h: N/A | P&L: $+0.00 (37)
2026-02-03T17:58:26.028971 [ 9431s] BTC: $74,867.40 (4ex, +0.027%) | 15m: 0.00/0.01 | 1h: N/A | P&L: $+0.00 (37)
2026-02-03T17:59:26.095996 [ 9491s] BTC: $74,890.15 (4ex, +0.012%) | 15m: 0.00/0.01 | 1h: N/A | P&L: $+0.00 (37)
2026-02-03T18:00:23.172716 [ 9548s] 🔄 15M transition
2026-02-03T18:00:24.176483 [ 9549s] 🔄 15M transition
2026-02-03T18:00:25.177229 [ 9550s] 🔄 15M transition
2026-02-03T18:00:26.178491 [ 9551s] 🔄 15M transition
2026-02-03T18:00:26.178583 [ 9551s] BTC: $74,901.68 (4ex, -0.028%) | 15m: 0.55/0.66 | 1h: N/A | P&L: $+0.00 (37)
2026-02-03T18:00:27.179729 [ 9552s] 🔄 15M transition
2026-02-03T18:00:56.205530 [ 9581s] 🎯 15M DELAY: BTC +0.269% K +0.0% → YES@$0.64
2026-02-03T18:01:14.993455 [ 9600s] 💾 Checkpoint
2026-02-03T18:01:23.269445 [ 9608s] ✅ 15M delay_arb CLOSE (PROFIT): $+1.00 | Total: $+1.00
2026-02-03T18:01:26.274123 [ 9611s] BTC: $75,085.59 (4ex, +0.028%) | 15m: 0.74/0.78 | 1h: N/A | P&L: $+1.00 (38)
2026-02-03T18:02:26.336749 [ 9671s] BTC: $75,035.94 (4ex, +0.023%) | 15m: 0.70/0.72 | 1h: N/A | P&L: $+1.00 (38)
2026-02-03T18:03:26.401981 [ 9731s] BTC: $74,980.76 (4ex, +0.074%) | 15m: 0.66/0.68 | 1h: N/A | P&L: $+1.00 (38)
2026-02-03T18:04:26.469214 [ 9791s] BTC: $75,068.48 (4ex, -0.010%) | 15m: 0.71/0.73 | 1h: N/A | P&L: $+1.00 (38)
2026-02-03T18:05:26.534110 [ 9851s] BTC: $75,054.50 (4ex, +0.050%) | 15m: 0.72/0.75 | 1h: N/A | P&L: $+1.00 (38)
2026-02-03T18:06:14.999672 [ 9900s] 💾 Checkpoint
2026-02-03T18:06:26.602943 [ 9911s] BTC: $75,064.62 (4ex, +0.043%) | 15m: 0.73/0.75 | 1h: N/A | P&L: $+1.00 (38)
2026-02-03T18:06:34.610877 [ 9919s] 🎯 15M DELAY: BTC +0.161% K +0.0% → YES@$0.82
2026-02-03T18:07:01.665018 [ 9946s] ✅ 15M delay_arb CLOSE (PROFIT): $+0.70 | Total: $+1.70
2026-02-03T18:07:26.691069 [ 9971s] BTC: $74,959.59 (4ex, -0.111%) | 15m: 0.89/0.90 | 1h: N/A | P&L: $+1.70 (39)
2026-02-03T18:08:14.738542 [10019s] 🎯 15M DELAY: BTC +0.157% K +0.0% → YES@$0.46
2026-02-03T18:08:26.756950 [10031s] BTC: $74,958.22 (4ex, +0.017%) | 15m: 0.42/0.46 | 1h: N/A | P&L: $+1.70 (39)
2026-02-03T18:08:30.592239 
⚠️ SIGNAL RECEIVED: SIGTERM (signum=15) at 2026-02-03T18:08:30.592137
2026-02-03T18:08:30.762189 
======================================================================
SUMMARY
======================================================================
Duration: 167min | Signals: 40
Trades: 39 | P&L: $+1.70
mean_reversion_high: 10 trades, 100% win, $+2.80
delay_arb: 15 trades, 67% win, $+3.20
mean_reversion_low: 14 trades, 14% win, $-4.30
======================================================================

