2026-02-03T06:38:34.572039 
======================================================================
v6 - RESEARCH-NOTES.md Improvements
======================================================================
Duration: 480min | Start: 06:38:34
Changes: BTC momentum filter, adaptive stop-loss, entry filters,
         mean reversion at extremes, market timing restrictions
Markets: 15min + Hourly
======================================================================

2026-02-03T06:39:30.643739 [   56s] 📉 15M MEAN-REV: K@0.20 (extreme low) + BTC stable → YES
2026-02-03T06:39:34.650163 [   60s] BTC: $78,438.61 (4ex, -0.029%) | 15m: 0.18/0.20 | 1h: N/A | P&L: $+0.00 (0)
2026-02-03T06:40:00.686439 [   86s] ❌ 15M mean_reversion_low CLOSE (STOP(-25%)): $-1.00 | Total: $-1.00
2026-02-03T06:40:34.731440 [  120s] BTC: $78,446.30 (4ex, +0.014%) | 15m: 0.13/0.16 | 1h: N/A | P&L: $-1.00 (1)
2026-02-03T06:41:34.814527 [  180s] BTC: $78,442.74 (4ex, -0.002%) | 15m: 0.14/0.16 | 1h: N/A | P&L: $-1.00 (1)
2026-02-03T06:42:34.925077 [  240s] BTC: $78,443.76 (4ex, +0.001%) | 15m: 0.10/0.11 | 1h: N/A | P&L: $-1.00 (1)
2026-02-03T06:43:34.578253 [  300s] 💾 Checkpoint
2026-02-03T06:43:35.018391 [  300s] BTC: $78,448.03 (4ex, +0.002%) | 15m: 0.06/0.07 | 1h: N/A | P&L: $-1.00 (1)
2026-02-03T06:44:35.090734 [  360s] BTC: $78,419.17 (4ex, -0.037%) | 15m: 0.00/0.01 | 1h: N/A | P&L: $-1.00 (1)
2026-02-03T06:45:03.128920 [  388s] 🔄 15M transition
2026-02-03T06:45:04.130170 [  389s] 🔄 15M transition
2026-02-03T06:45:05.132116 [  390s] 🔄 15M transition
2026-02-03T06:45:06.133568 [  391s] 🔄 15M transition
2026-02-03T06:45:07.135111 [  392s] 🔄 15M transition
2026-02-03T06:45:35.171730 [  420s] BTC: $78,423.96 (4ex, +0.006%) | 15m: 0.46/0.55 | 1h: N/A | P&L: $-1.00 (1)
2026-02-03T06:46:35.244690 [  480s] BTC: $78,452.44 (4ex, +0.031%) | 15m: 0.62/0.64 | 1h: N/A | P&L: $-1.00 (1)
2026-02-03T06:47:35.304558 [  540s] BTC: $78,472.67 (4ex, +0.026%) | 15m: 0.69/0.70 | 1h: N/A | P&L: $-1.00 (1)
2026-02-03T06:48:34.580024 [  600s] 💾 Checkpoint
2026-02-03T06:48:35.389725 [  600s] BTC: $78,568.85 (4ex, +0.092%) | 15m: 0.88/0.89 | 1h: N/A | P&L: $-1.00 (1)
2026-02-03T06:48:38.392603 [  603s] 📈 15M MEAN-REV: K@0.88 (extreme high) + BTC stable → NO
2026-02-03T06:48:38.393088 [  603s] ✅ 15M mean_reversion_high CLOSE (PROFIT): $+0.10 | Total: $-0.90
2026-02-03T06:49:35.451646 [  660s] BTC: $78,515.96 (4ex, -0.067%) | 15m: 0.73/0.76 | 1h: N/A | P&L: $-0.90 (2)
2026-02-03T06:50:35.515408 [  720s] BTC: $78,495.15 (4ex, -0.024%) | 15m: 0.65/0.67 | 1h: N/A | P&L: $-0.90 (2)
2026-02-03T06:51:35.575547 [  781s] BTC: $78,521.67 (4ex, +0.027%) | 15m: 0.76/0.79 | 1h: N/A | P&L: $-0.90 (2)
2026-02-03T06:52:06.608634 [  812s] 📈 15M MEAN-REV: K@0.81 (extreme high) + BTC stable → NO
2026-02-03T06:52:35.649716 [  841s] BTC: $78,542.50 (4ex, +0.023%) | 15m: 0.81/0.82 | 1h: N/A | P&L: $-0.90 (2)
2026-02-03T06:52:36.652420 [  842s] ✅ 15M mean_reversion_high CLOSE (PROFIT): $+0.30 | Total: $-0.60
2026-02-03T06:53:34.581511 [  900s] 💾 Checkpoint
2026-02-03T06:53:35.718040 [  901s] BTC: $78,523.65 (4ex, -0.024%) | 15m: 0.81/0.84 | 1h: N/A | P&L: $-0.60 (3)
2026-02-03T06:53:36.719282 [  902s] 📈 15M MEAN-REV: K@0.81 (extreme high) + BTC stable → NO
2026-02-03T06:53:36.719757 [  902s] ✅ 15M mean_reversion_high CLOSE (PROFIT): $+0.30 | Total: $-0.30
2026-02-03T06:54:35.792209 [  961s] BTC: $78,520.05 (4ex, -0.005%) | 15m: 0.83/0.85 | 1h: N/A | P&L: $-0.30 (4)
2026-02-03T06:54:36.793900 [  962s] 📈 15M MEAN-REV: K@0.84 (extreme high) + BTC stable → NO
2026-02-03T06:55:07.843767 [  993s] ✅ 15M mean_reversion_high CLOSE (PROFIT): $+0.80 | Total: $+0.50
2026-02-03T06:55:35.882840 [ 1021s] BTC: $78,525.31 (4ex, +0.007%) | 15m: 0.91/0.92 | 1h: N/A | P&L: $+0.50 (5)
2026-02-03T06:56:35.954933 [ 1081s] BTC: $78,508.52 (4ex, -0.040%) | 15m: 0.92/0.95 | 1h: N/A | P&L: $+0.50 (5)
2026-02-03T06:57:36.024139 [ 1141s] BTC: $78,516.25 (4ex, +0.012%) | 15m: 0.90/0.91 | 1h: N/A | P&L: $+0.50 (5)
2026-02-03T06:58:34.584082 [ 1200s] 💾 Checkpoint
2026-02-03T06:58:36.091991 [ 1201s] BTC: $78,524.26 (4ex, +0.010%) | 15m: 0.98/0.99 | 1h: N/A | P&L: $+0.50 (5)
2026-02-03T06:59:36.158105 [ 1261s] BTC: $78,521.42 (4ex, -0.004%) | 15m: 0.99/1.00 | 1h: N/A | P&L: $+0.50 (5)
2026-02-03T07:00:09.195907 [ 1294s] 🔄 15M transition
2026-02-03T07:00:10.197295 [ 1295s] 🔄 15M transition
2026-02-03T07:00:11.198762 [ 1296s] 🔄 15M transition
2026-02-03T07:00:12.200243 [ 1297s] 🔄 15M transition
2026-02-03T07:00:13.202056 [ 1298s] 🔄 15M transition
2026-02-03T07:00:36.229322 [ 1321s] BTC: $78,541.40 (4ex, +0.025%) | 15m: 0.45/0.55 | 1h: N/A | P&L: $+0.50 (5)
2026-02-03T07:01:36.298430 [ 1381s] BTC: $78,511.32 (4ex, -0.038%) | 15m: 0.44/0.47 | 1h: N/A | P&L: $+0.50 (5)
2026-02-03T07:02:36.378658 [ 1441s] BTC: $78,493.33 (4ex, -0.023%) | 15m: 0.37/0.41 | 1h: N/A | P&L: $+0.50 (5)
2026-02-03T07:03:34.586020 [ 1500s] 💾 Checkpoint
2026-02-03T07:03:36.454091 [ 1501s] BTC: $78,497.66 (4ex, +0.004%) | 15m: 0.37/0.40 | 1h: N/A | P&L: $+0.50 (5)
2026-02-03T07:04:36.536948 [ 1561s] BTC: $78,501.24 (4ex, +0.005%) | 15m: 0.38/0.42 | 1h: N/A | P&L: $+0.50 (5)
2026-02-03T07:05:36.609743 [ 1622s] BTC: $78,557.94 (4ex, +0.072%) | 15m: 0.34/0.37 | 1h: N/A | P&L: $+0.50 (5)
2026-02-03T07:06:36.676662 [ 1682s] BTC: $78,570.69 (4ex, +0.013%) | 15m: 0.52/0.56 | 1h: N/A | P&L: $+0.50 (5)
2026-02-03T07:07:36.758759 [ 1742s] BTC: $78,610.30 (4ex, +0.001%) | 15m: 0.77/0.79 | 1h: N/A | P&L: $+0.50 (5)
2026-02-03T07:08:34.588969 [ 1800s] 💾 Checkpoint
2026-02-03T07:08:36.826131 [ 1802s] BTC: $78,670.48 (4ex, +0.077%) | 15m: 0.77/0.82 | 1h: N/A | P&L: $+0.50 (5)
2026-02-03T07:09:02.853548 [ 1828s] 🎯 15M DELAY: BTC +0.157% K +0.0% → YES@$0.91
2026-02-03T07:09:36.928828 [ 1862s] BTC: $78,731.85 (4ex, +0.024%) | 15m: 0.94/0.95 | 1h: N/A | P&L: $+0.50 (5)
2026-02-03T07:10:37.031095 [ 1922s] BTC: $78,723.19 (4ex, -0.011%) | 15m: 0.94/0.96 | 1h: N/A | P&L: $+0.50 (5)
2026-02-03T07:11:37.133908 [ 1982s] BTC: $78,726.43 (4ex, +0.004%) | 15m: 0.94/0.98 | 1h: N/A | P&L: $+0.50 (5)
2026-02-03T07:12:14.191498 [ 2019s] ✅ 15M delay_arb CLOSE (PROFIT): $+0.80 | Total: $+1.30
2026-02-03T07:12:37.218314 [ 2042s] BTC: $78,797.60 (4ex, +0.063%) | 15m: 0.99/1.00 | 1h: N/A | P&L: $+1.30 (6)
2026-02-03T07:13:34.590895 [ 2100s] 💾 Checkpoint
2026-02-03T07:13:37.282838 [ 2102s] BTC: $78,736.20 (4ex, -0.070%) | 15m: 0.99/1.00 | 1h: N/A | P&L: $+1.30 (6)
2026-02-03T07:14:37.351111 [ 2162s] BTC: $78,734.71 (4ex, +0.006%) | 15m: 0.99/1.00 | 1h: N/A | P&L: $+1.30 (6)
2026-02-03T07:15:16.394371 [ 2201s] 🔄 15M transition
2026-02-03T07:15:17.395889 [ 2202s] 🔄 15M transition
2026-02-03T07:15:18.397395 [ 2203s] 🔄 15M transition
2026-02-03T07:15:19.397847 [ 2204s] 🔄 15M transition
2026-02-03T07:15:20.398564 [ 2205s] 🔄 15M transition
2026-02-03T07:15:37.416436 [ 2222s] BTC: $78,722.57 (4ex, -0.014%) | 15m: 0.16/0.45 | 1h: N/A | P&L: $+1.30 (6)
2026-02-03T07:16:37.485214 [ 2282s] BTC: $78,704.43 (4ex, -0.023%) | 15m: 0.40/0.44 | 1h: N/A | P&L: $+1.30 (6)
2026-02-03T07:17:37.551148 [ 2342s] BTC: $78,679.66 (4ex, -0.018%) | 15m: 0.37/0.40 | 1h: N/A | P&L: $+1.30 (6)
2026-02-03T07:18:34.593715 [ 2400s] 💾 Checkpoint
2026-02-03T07:18:37.614101 [ 2403s] BTC: $78,637.99 (4ex, -0.053%) | 15m: 0.23/0.27 | 1h: N/A | P&L: $+1.30 (6)
2026-02-03T07:18:47.627037 [ 2413s] 📉 15M MEAN-REV: K@0.20 (extreme low) + BTC stable → YES
2026-02-03T07:19:17.675102 [ 2443s] ❌ 15M mean_reversion_low CLOSE (STOP(-25%)): $-0.90 | Total: $+0.40
2026-02-03T07:19:37.706711 [ 2463s] BTC: $78,622.39 (4ex, -0.020%) | 15m: 0.11/0.13 | 1h: N/A | P&L: $+0.40 (7)
2026-02-03T07:20:17.754976 [ 2503s] 📉 15M MEAN-REV: K@0.20 (extreme low) + BTC stable → YES
2026-02-03T07:20:37.784574 [ 2523s] BTC: $78,634.01 (4ex, +0.015%) | 15m: 0.18/0.21 | 1h: N/A | P&L: $+0.40 (7)
2026-02-03T07:21:18.858540 [ 2564s] ✅ 15M mean_reversion_low CLOSE (PROFIT): $+0.60 | Total: $+1.00
2026-02-03T07:21:37.877906 [ 2583s] BTC: $78,673.55 (4ex, +0.050%) | 15m: 0.26/0.30 | 1h: N/A | P&L: $+1.00 (8)
2026-02-03T07:22:37.946418 [ 2643s] BTC: $78,675.69 (4ex, +0.004%) | 15m: 0.28/0.32 | 1h: N/A | P&L: $+1.00 (8)
2026-02-03T07:23:20.000031 [ 2685s] 📉 15M MEAN-REV: K@0.15 (extreme low) + BTC stable → YES
2026-02-03T07:23:34.596352 [ 2700s] 💾 Checkpoint
2026-02-03T07:23:38.031640 [ 2703s] BTC: $78,647.29 (4ex, -0.036%) | 15m: 0.14/0.15 | 1h: N/A | P&L: $+1.00 (8)
2026-02-03T07:24:21.112532 [ 2746s] ❌ 15M mean_reversion_low CLOSE (STOP(-25%)): $-0.70 | Total: $+0.30
2026-02-03T07:24:38.131107 [ 2763s] BTC: $78,624.12 (4ex, -0.029%) | 15m: 0.08/0.11 | 1h: N/A | P&L: $+0.30 (9)
2026-02-03T07:25:38.196272 [ 2823s] BTC: $78,650.77 (4ex, +0.034%) | 15m: 0.09/0.10 | 1h: N/A | P&L: $+0.30 (9)
2026-02-03T07:26:38.261158 [ 2883s] BTC: $78,639.41 (4ex, -0.014%) | 15m: 0.36/0.39 | 1h: N/A | P&L: $+0.30 (9)
2026-02-03T07:27:38.333491 [ 2943s] BTC: $78,652.22 (4ex, +0.020%) | 15m: 0.13/0.16 | 1h: N/A | P&L: $+0.30 (9)
2026-02-03T07:28:34.599032 [ 3000s] 💾 Checkpoint
2026-02-03T07:28:38.399089 [ 3003s] BTC: $78,647.89 (4ex, -0.004%) | 15m: 0.01/0.02 | 1h: N/A | P&L: $+0.30 (9)
2026-02-03T07:29:38.463837 [ 3063s] BTC: $78,626.52 (4ex, -0.026%) | 15m: 0.00/0.01 | 1h: N/A | P&L: $+0.30 (9)
2026-02-03T07:30:23.516896 [ 3108s] 🔄 15M transition
2026-02-03T07:30:24.518593 [ 3109s] 🔄 15M transition
2026-02-03T07:30:25.520285 [ 3110s] 🔄 15M transition
2026-02-03T07:30:26.521261 [ 3111s] 🔄 15M transition
2026-02-03T07:30:27.522948 [ 3112s] 🔄 15M transition
2026-02-03T07:30:38.548574 [ 3123s] BTC: $78,617.16 (4ex, -0.012%) | 15m: 0.14/0.45 | 1h: N/A | P&L: $+0.30 (9)
2026-02-03T07:31:38.621508 [ 3184s] BTC: $78,684.08 (4ex, +0.084%) | 15m: 0.61/0.64 | 1h: N/A | P&L: $+0.30 (9)
2026-02-03T07:32:38.694637 [ 3244s] BTC: $78,769.78 (4ex, +0.102%) | 15m: 0.80/0.82 | 1h: N/A | P&L: $+0.30 (9)
2026-02-03T07:33:25.750391 [ 3291s] 📈 15M MEAN-REV: K@0.82 (extreme high) + BTC stable → NO
2026-02-03T07:33:25.751005 [ 3291s] ✅ 15M mean_reversion_high CLOSE (PROFIT): $+0.30 | Total: $+0.60
2026-02-03T07:33:34.601915 [ 3300s] 💾 Checkpoint
2026-02-03T07:33:38.763852 [ 3304s] BTC: $78,771.81 (4ex, +0.042%) | 15m: 0.82/0.85 | 1h: N/A | P&L: $+0.60 (10)
2026-02-03T07:34:25.823361 [ 3351s] 📈 15M MEAN-REV: K@0.85 (extreme high) + BTC stable → NO
2026-02-03T07:34:38.845404 [ 3364s] BTC: $78,761.17 (4ex, -0.014%) | 15m: 0.85/0.86 | 1h: N/A | P&L: $+0.60 (10)
2026-02-03T07:34:55.870504 [ 3381s] ✅ 15M mean_reversion_high CLOSE (PROFIT): $+0.30 | Total: $+0.90
2026-02-03T07:35:38.915275 [ 3424s] BTC: $78,775.09 (4ex, +0.003%) | 15m: 0.86/0.87 | 1h: N/A | P&L: $+0.90 (11)
2026-02-03T07:35:55.932603 [ 3441s] 📈 15M MEAN-REV: K@0.86 (extreme high) + BTC stable → NO
2026-02-03T07:35:56.934500 [ 3442s] ✅ 15M mean_reversion_high CLOSE (PROFIT): $+0.80 | Total: $+1.70
2026-02-03T07:36:38.985225 [ 3484s] BTC: $78,831.43 (4ex, -0.035%) | 15m: 0.90/0.92 | 1h: N/A | P&L: $+1.70 (12)
2026-02-03T07:36:57.003906 [ 3502s] 📈 15M MEAN-REV: K@0.91 (extreme high) + BTC stable → NO
2026-02-03T07:36:57.004395 [ 3502s] ✅ 15M mean_reversion_high CLOSE (PROFIT): $+0.10 | Total: $+1.80
2026-02-03T07:37:39.052344 [ 3544s] BTC: $78,777.55 (4ex, -0.098%) | 15m: 0.82/0.85 | 1h: N/A | P&L: $+1.80 (13)
2026-02-03T07:37:57.069756 [ 3562s] 📈 15M MEAN-REV: K@0.82 (extreme high) + BTC stable → NO
2026-02-03T07:37:57.070297 [ 3562s] ✅ 15M mean_reversion_high CLOSE (PROFIT): $+0.30 | Total: $+2.10
2026-02-03T07:38:34.605555 [ 3600s] 💾 Checkpoint
2026-02-03T07:38:39.134862 [ 3604s] BTC: $78,804.60 (4ex, +0.034%) | 15m: 0.90/0.92 | 1h: N/A | P&L: $+2.10 (14)
2026-02-03T07:38:57.158831 [ 3622s] 📈 15M MEAN-REV: K@0.90 (extreme high) + BTC stable → NO
2026-02-03T07:38:57.159382 [ 3622s] ✅ 15M mean_reversion_high CLOSE (PROFIT): $+0.20 | Total: $+2.30
2026-02-03T07:39:39.213482 [ 3664s] BTC: $78,797.18 (4ex, -0.002%) | 15m: 0.90/0.92 | 1h: N/A | P&L: $+2.30 (15)
2026-02-03T07:39:57.234060 [ 3682s] 📈 15M MEAN-REV: K@0.90 (extreme high) + BTC stable → NO
2026-02-03T07:39:57.234545 [ 3682s] ✅ 15M mean_reversion_high CLOSE (PROFIT): $+0.20 | Total: $+2.50
2026-02-03T07:40:39.288281 [ 3724s] BTC: $78,777.54 (4ex, -0.025%) | 15m: 0.93/0.96 | 1h: N/A | P&L: $+2.50 (16)
2026-02-03T07:41:39.354669 [ 3784s] BTC: $78,754.62 (4ex, -0.029%) | 15m: 0.94/0.95 | 1h: N/A | P&L: $+2.50 (16)
2026-02-03T07:42:39.422303 [ 3844s] BTC: $78,742.30 (4ex, -0.016%) | 15m: 0.96/0.98 | 1h: N/A | P&L: $+2.50 (16)
2026-02-03T07:43:34.608037 [ 3900s] 💾 Checkpoint
2026-02-03T07:43:39.496971 [ 3904s] BTC: $78,734.83 (4ex, -0.009%) | 15m: 0.98/0.99 | 1h: N/A | P&L: $+2.50 (16)
2026-02-03T07:44:39.573082 [ 3965s] BTC: $78,762.97 (4ex, +0.036%) | 15m: 0.99/1.00 | 1h: N/A | P&L: $+2.50 (16)
2026-02-03T07:45:31.642457 [ 4017s] 🔄 15M transition
2026-02-03T07:45:32.643075 [ 4018s] 🔄 15M transition
2026-02-03T07:45:33.644104 [ 4019s] 🔄 15M transition
2026-02-03T07:45:34.646731 [ 4020s] 🔄 15M transition
2026-02-03T07:45:35.648200 [ 4021s] 🔄 15M transition
2026-02-03T07:45:39.656255 [ 4025s] BTC: $78,772.41 (4ex, +0.012%) | 15m: 0.48/0.55 | 1h: N/A | P&L: $+2.50 (16)
2026-02-03T07:46:39.722753 [ 4085s] BTC: $78,732.20 (4ex, -0.051%) | 15m: 0.37/0.39 | 1h: N/A | P&L: $+2.50 (16)
2026-02-03T07:47:39.800173 [ 4145s] BTC: $78,738.06 (4ex, +0.007%) | 15m: 0.47/0.49 | 1h: N/A | P&L: $+2.50 (16)
2026-02-03T07:48:34.611810 [ 4200s] 💾 Checkpoint
2026-02-03T07:48:39.865635 [ 4205s] BTC: $78,744.87 (4ex, +0.009%) | 15m: 0.45/0.47 | 1h: N/A | P&L: $+2.50 (16)
2026-02-03T07:49:39.933145 [ 4265s] BTC: $78,749.32 (4ex, +0.006%) | 15m: 0.48/0.51 | 1h: N/A | P&L: $+2.50 (16)
2026-02-03T07:50:40.009122 [ 4325s] BTC: $78,746.53 (4ex, -0.004%) | 15m: 0.55/0.58 | 1h: N/A | P&L: $+2.50 (16)
2026-02-03T07:51:40.071182 [ 4385s] BTC: $78,738.94 (4ex, -0.010%) | 15m: 0.34/0.35 | 1h: N/A | P&L: $+2.50 (16)
2026-02-03T07:52:40.136880 [ 4445s] BTC: $78,715.71 (4ex, -0.029%) | 15m: 0.24/0.27 | 1h: N/A | P&L: $+2.50 (16)
2026-02-03T07:53:34.614741 [ 4500s] 💾 Checkpoint
2026-02-03T07:53:35.198742 [ 4500s] 📉 15M MEAN-REV: K@0.18 (extreme low) + BTC stable → YES
2026-02-03T07:53:40.205904 [ 4505s] BTC: $78,703.18 (4ex, -0.016%) | 15m: 0.16/0.18 | 1h: N/A | P&L: $+2.50 (16)
2026-02-03T07:54:40.298435 [ 4565s] BTC: $78,719.80 (4ex, +0.021%) | 15m: 0.18/0.19 | 1h: N/A | P&L: $+2.50 (16)
2026-02-03T07:55:36.377763 [ 4621s] ❌ 15M mean_reversion_low CLOSE (STOP(-25%)): $-0.50 | Total: $+2.00
2026-02-03T07:55:40.380878 [ 4625s] BTC: $78,691.47 (4ex, -0.036%) | 15m: 0.13/0.14 | 1h: N/A | P&L: $+2.00 (17)
2026-02-03T07:56:40.443333 [ 4685s] BTC: $78,686.98 (4ex, -0.006%) | 15m: 0.05/0.08 | 1h: N/A | P&L: $+2.00 (17)
2026-02-03T07:57:40.508613 [ 4745s] BTC: $78,717.90 (4ex, +0.040%) | 15m: 0.12/0.14 | 1h: N/A | P&L: $+2.00 (17)
2026-02-03T07:58:34.618056 [ 4800s] 💾 Checkpoint
2026-02-03T07:58:40.569422 [ 4805s] BTC: $78,692.26 (4ex, -0.033%) | 15m: 0.02/0.03 | 1h: N/A | P&L: $+2.00 (17)
2026-02-03T07:59:40.641203 [ 4866s] BTC: $78,679.47 (4ex, -0.016%) | 15m: 0.00/0.01 | 1h: N/A | P&L: $+2.00 (17)
2026-02-03T08:00:08.676031 [ 4894s] 🔄 15M transition
2026-02-03T08:00:09.677167 [ 4895s] 🔄 15M transition
2026-02-03T08:00:10.678637 [ 4896s] 🔄 15M transition
2026-02-03T08:00:11.679477 [ 4897s] 🔄 15M transition
2026-02-03T08:00:12.680745 [ 4898s] 🔄 15M transition
2026-02-03T08:00:40.710066 [ 4926s] BTC: $78,733.10 (4ex, +0.063%) | 15m: 0.61/0.65 | 1h: N/A | P&L: $+2.00 (17)
2026-02-03T08:01:40.773237 [ 4986s] BTC: $78,808.11 (4ex, +0.099%) | 15m: 0.82/0.85 | 1h: N/A | P&L: $+2.00 (17)
2026-02-03T08:02:00.792061 [ 5006s] 📈 15M MEAN-REV: K@0.82 (extreme high) + BTC stable → NO
2026-02-03T08:02:00.792698 [ 5006s] ✅ 15M mean_reversion_high CLOSE (PROFIT): $+0.30 | Total: $+2.30
2026-02-03T08:02:40.837355 [ 5046s] BTC: $78,754.42 (4ex, -0.043%) | 15m: 0.65/0.68 | 1h: N/A | P&L: $+2.30 (18)
2026-02-03T08:03:00.860585 [ 5066s] 🎯 15M DELAY: BTC -0.158% K +0.0% → NO@$0.35
2026-02-03T08:03:00.861264 [ 5066s] ✅ 15M delay_arb CLOSE (PROFIT): $+0.30 | Total: $+2.60
2026-02-03T08:03:34.621653 [ 5100s] 💾 Checkpoint
2026-02-03T08:03:40.900346 [ 5106s] BTC: $78,657.68 (4ex, -0.107%) | 15m: 0.41/0.43 | 1h: N/A | P&L: $+2.60 (19)
2026-02-03T08:04:40.964600 [ 5166s] BTC: $78,731.05 (4ex, +0.093%) | 15m: 0.66/0.69 | 1h: N/A | P&L: $+2.60 (19)
2026-02-03T08:05:41.030424 [ 5226s] BTC: $78,731.12 (4ex, +0.000%) | 15m: 0.66/0.69 | 1h: N/A | P&L: $+2.60 (19)
2026-02-03T08:06:41.099456 [ 5286s] BTC: $78,686.24 (4ex, -0.057%) | 15m: 0.60/0.65 | 1h: N/A | P&L: $+2.60 (19)
2026-02-03T08:07:41.170635 [ 5346s] BTC: $78,635.61 (4ex, -0.064%) | 15m: 0.38/0.42 | 1h: N/A | P&L: $+2.60 (19)
2026-02-03T08:08:34.623541 [ 5400s] 💾 Checkpoint
2026-02-03T08:08:41.247187 [ 5406s] BTC: $78,722.18 (4ex, +0.110%) | 15m: 0.50/0.55 | 1h: N/A | P&L: $+2.60 (19)
2026-02-03T08:09:41.319160 [ 5466s] BTC: $78,664.34 (4ex, -0.075%) | 15m: 0.48/0.51 | 1h: N/A | P&L: $+2.60 (19)
2026-02-03T08:10:41.389127 [ 5526s] BTC: $78,581.80 (4ex, -0.086%) | 15m: 0.11/0.13 | 1h: N/A | P&L: $+2.60 (19)
2026-02-03T08:11:41.453650 [ 5586s] BTC: $78,546.94 (4ex, -0.044%) | 15m: 0.10/0.12 | 1h: N/A | P&L: $+2.60 (19)
2026-02-03T08:12:41.528326 [ 5646s] BTC: $78,567.00 (4ex, +0.026%) | 15m: 0.05/0.07 | 1h: N/A | P&L: $+2.60 (19)
2026-02-03T08:13:34.626612 [ 5700s] 💾 Checkpoint
2026-02-03T08:13:41.599135 [ 5707s] BTC: $78,532.10 (4ex, -0.044%) | 15m: 0.03/0.04 | 1h: N/A | P&L: $+2.60 (19)
2026-02-03T08:14:41.670469 [ 5767s] BTC: $78,428.15 (4ex, -0.082%) | 15m: 0.00/0.01 | 1h: N/A | P&L: $+2.60 (19)
2026-02-03T08:15:15.711052 [ 5801s] 🔄 15M transition
2026-02-03T08:15:16.711944 [ 5802s] 🔄 15M transition
2026-02-03T08:15:17.713713 [ 5803s] 🔄 15M transition
2026-02-03T08:15:18.715211 [ 5804s] 🔄 15M transition
2026-02-03T08:15:19.716980 [ 5805s] 🔄 15M transition
2026-02-03T08:15:41.738933 [ 5827s] BTC: $78,433.23 (4ex, +0.006%) | 15m: 0.45/0.55 | 1h: N/A | P&L: $+2.60 (19)
2026-02-03T08:16:41.809952 [ 5887s] BTC: $78,427.46 (4ex, -0.007%) | 15m: 0.42/0.43 | 1h: N/A | P&L: $+2.60 (19)
2026-02-03T08:17:41.881183 [ 5947s] BTC: $78,508.10 (4ex, +0.102%) | 15m: 0.63/0.64 | 1h: N/A | P&L: $+2.60 (19)
2026-02-03T08:18:34.629677 [ 6000s] 💾 Checkpoint
2026-02-03T08:18:41.958771 [ 6007s] BTC: $78,595.76 (4ex, +0.112%) | 15m: 0.78/0.82 | 1h: N/A | P&L: $+2.60 (19)
2026-02-03T08:19:08.995156 [ 6034s] 📈 15M MEAN-REV: K@0.84 (extreme high) + BTC stable → NO
2026-02-03T08:19:08.995828 [ 6034s] ✅ 15M mean_reversion_high CLOSE (PROFIT): $+0.30 | Total: $+2.90
2026-02-03T08:19:42.040273 [ 6067s] BTC: $78,622.15 (4ex, +0.033%) | 15m: 0.84/0.86 | 1h: N/A | P&L: $+2.90 (20)
2026-02-03T08:20:09.078008 [ 6094s] 📈 15M MEAN-REV: K@0.90 (extreme high) + BTC stable → NO
2026-02-03T08:20:09.078560 [ 6094s] ✅ 15M mean_reversion_high CLOSE (PROFIT): $+0.30 | Total: $+3.20
2026-02-03T08:20:42.118449 [ 6127s] BTC: $78,633.32 (4ex, +0.008%) | 15m: 0.86/0.88 | 1h: N/A | P&L: $+3.20 (21)
2026-02-03T08:21:09.145221 [ 6154s] 📈 15M MEAN-REV: K@0.86 (extreme high) + BTC stable → NO
2026-02-03T08:21:42.206696 [ 6187s] BTC: $78,642.11 (4ex, +0.011%) | 15m: 0.86/0.87 | 1h: N/A | P&L: $+3.20 (21)
2026-02-03T08:21:49.216858 [ 6194s] ✅ 15M mean_reversion_high CLOSE (PROFIT): $+0.40 | Total: $+3.60
2026-02-03T08:22:42.289412 [ 6247s] BTC: $78,665.19 (4ex, +0.026%) | 15m: 0.90/0.93 | 1h: N/A | P&L: $+3.60 (22)
2026-02-03T08:22:49.298076 [ 6254s] 📈 15M MEAN-REV: K@0.90 (extreme high) + BTC stable → NO
2026-02-03T08:22:49.298607 [ 6254s] ✅ 15M mean_reversion_high CLOSE (PROFIT): $+0.30 | Total: $+3.90
2026-02-03T08:23:34.632568 [ 6300s] 💾 Checkpoint
2026-02-03T08:23:42.369291 [ 6307s] BTC: $78,673.78 (4ex, +0.012%) | 15m: 0.90/0.93 | 1h: N/A | P&L: $+3.90 (23)
2026-02-03T08:23:49.376159 [ 6314s] 📈 15M MEAN-REV: K@0.90 (extreme high) + BTC stable → NO
2026-02-03T08:23:49.376772 [ 6314s] ✅ 15M mean_reversion_high CLOSE (PROFIT): $+0.30 | Total: $+4.20
2026-02-03T08:24:42.450476 [ 6367s] BTC: $78,758.71 (4ex, +0.108%) | 15m: 0.96/0.97 | 1h: N/A | P&L: $+4.20 (24)
2026-02-03T08:25:42.526932 [ 6427s] BTC: $78,881.36 (4ex, +0.106%) | 15m: 0.99/1.00 | 1h: N/A | P&L: $+4.20 (24)
2026-02-03T08:26:42.592626 [ 6488s] BTC: $78,882.38 (4ex, +0.021%) | 15m: 0.99/1.00 | 1h: N/A | P&L: $+4.20 (24)
2026-02-03T08:27:42.663553 [ 6548s] BTC: $78,897.60 (4ex, +0.019%) | 15m: 0.99/1.00 | 1h: N/A | P&L: $+4.20 (24)
2026-02-03T08:28:34.635871 [ 6600s] 💾 Checkpoint
2026-02-03T08:28:42.720966 [ 6608s] BTC: $78,879.31 (4ex, -0.022%) | 15m: 0.99/1.00 | 1h: N/A | P&L: $+4.20 (24)
2026-02-03T08:29:42.787957 [ 6668s] BTC: $78,868.51 (4ex, -0.014%) | 15m: 0.99/1.00 | 1h: N/A | P&L: $+4.20 (24)
2026-02-03T08:30:23.823955 [ 6709s] 🔄 15M transition
2026-02-03T08:30:24.825014 [ 6710s] 🔄 15M transition
2026-02-03T08:30:25.825629 [ 6711s] 🔄 15M transition
2026-02-03T08:30:26.826608 [ 6712s] 🔄 15M transition
2026-02-03T08:30:27.828646 [ 6713s] 🔄 15M transition
2026-02-03T08:30:42.845638 [ 6728s] BTC: $78,855.93 (4ex, -0.016%) | 15m: 0.44/0.45 | 1h: N/A | P&L: $+4.20 (24)
2026-02-03T08:31:42.904976 [ 6788s] BTC: $78,816.70 (4ex, -0.050%) | 15m: 0.47/0.51 | 1h: N/A | P&L: $+4.20 (24)
2026-02-03T08:32:12.937150 [ 6818s] 🎯 15M DELAY: BTC -0.155% K +0.0% → NO@$0.74
2026-02-03T08:32:39.975586 [ 6845s] ✅ 15M delay_arb CLOSE (PROFIT): $+1.00 | Total: $+5.20
2026-02-03T08:32:42.978182 [ 6848s] BTC: $78,779.28 (4ex, -0.047%) | 15m: 0.32/0.36 | 1h: N/A | P&L: $+5.20 (25)
2026-02-03T08:33:34.639519 [ 6900s] 💾 Checkpoint
2026-02-03T08:33:43.052069 [ 6908s] BTC: $78,786.48 (4ex, +0.008%) | 15m: 0.32/0.33 | 1h: N/A | P&L: $+5.20 (25)
2026-02-03T08:34:43.132478 [ 6968s] BTC: $78,816.23 (4ex, +0.038%) | 15m: 0.38/0.40 | 1h: N/A | P&L: $+5.20 (25)
2026-02-03T08:35:43.200989 [ 7028s] BTC: $78,884.11 (4ex, +0.086%) | 15m: 0.63/0.65 | 1h: N/A | P&L: $+5.20 (25)
2026-02-03T08:36:43.267895 [ 7088s] BTC: $78,947.50 (4ex, +0.083%) | 15m: 0.68/0.70 | 1h: N/A | P&L: $+5.20 (25)
2026-02-03T08:37:43.337414 [ 7148s] BTC: $78,947.13 (4ex, -0.000%) | 15m: 0.71/0.72 | 1h: N/A | P&L: $+5.20 (25)
2026-02-03T08:38:34.643404 [ 7200s] 💾 Checkpoint
2026-02-03T08:38:43.405429 [ 7208s] BTC: $78,972.62 (4ex, +0.040%) | 15m: 0.78/0.80 | 1h: N/A | P&L: $+5.20 (25)
2026-02-03T08:39:07.431952 [ 7232s] 🎯 15M DELAY: BTC -0.151% K +0.0% → NO@$0.22
2026-02-03T08:39:07.432670 [ 7232s] ✅ 15M delay_arb CLOSE (PROFIT): $+0.20 | Total: $+5.40
2026-02-03T08:39:43.475487 [ 7268s] BTC: $78,918.96 (4ex, +0.006%) | 15m: 0.68/0.71 | 1h: N/A | P&L: $+5.40 (26)
2026-02-03T08:40:43.550097 [ 7328s] BTC: $78,911.63 (4ex, -0.013%) | 15m: 0.72/0.75 | 1h: N/A | P&L: $+5.40 (26)
2026-02-03T08:41:43.618674 [ 7389s] BTC: $78,934.84 (4ex, +0.029%) | 15m: 0.76/0.77 | 1h: N/A | P&L: $+5.40 (26)
2026-02-03T08:42:43.706270 [ 7449s] BTC: $78,920.02 (4ex, -0.017%) | 15m: 0.82/0.85 | 1h: N/A | P&L: $+5.40 (26)
2026-02-03T08:43:34.647808 [ 7500s] 💾 Checkpoint
2026-02-03T08:43:43.782224 [ 7509s] BTC: $78,942.18 (4ex, +0.028%) | 15m: 0.90/0.93 | 1h: N/A | P&L: $+5.40 (26)
2026-02-03T08:44:43.853051 [ 7569s] BTC: $78,949.82 (4ex, +0.009%) | 15m: 0.98/0.99 | 1h: N/A | P&L: $+5.40 (26)
2026-02-03T08:45:15.889722 [ 7601s] 🔄 15M transition
2026-02-03T08:45:16.890700 [ 7602s] 🔄 15M transition
2026-02-03T08:45:17.892010 [ 7603s] 🔄 15M transition
2026-02-03T08:45:18.893581 [ 7604s] 🔄 15M transition
2026-02-03T08:45:19.894267 [ 7605s] 🔄 15M transition
2026-02-03T08:45:43.920777 [ 7629s] BTC: $78,915.21 (4ex, -0.044%) | 15m: 0.11/0.44 | 1h: N/A | P&L: $+5.40 (26)
2026-02-03T08:46:44.006437 [ 7689s] BTC: $78,946.14 (4ex, +0.039%) | 15m: 0.34/0.37 | 1h: N/A | P&L: $+5.40 (26)
2026-02-03T08:47:44.084662 [ 7749s] BTC: $78,935.24 (4ex, -0.014%) | 15m: 0.40/0.43 | 1h: N/A | P&L: $+5.40 (26)
2026-02-03T08:48:34.651548 [ 7800s] 💾 Checkpoint
2026-02-03T08:48:44.164141 [ 7809s] BTC: $78,903.93 (4ex, -0.040%) | 15m: 0.40/0.44 | 1h: N/A | P&L: $+5.40 (26)
2026-02-03T08:49:44.236590 [ 7869s] BTC: $78,846.32 (4ex, -0.073%) | 15m: 0.22/0.23 | 1h: N/A | P&L: $+5.40 (26)
2026-02-03T08:50:06.263115 [ 7891s] 📉 15M MEAN-REV: K@0.16 (extreme low) + BTC stable → YES
2026-02-03T08:50:23.289690 [ 7908s] ❌ 15M mean_reversion_low CLOSE (STOP(-25%)): $-0.60 | Total: $+4.80
2026-02-03T08:50:44.311390 [ 7929s] BTC: $78,832.64 (4ex, -0.017%) | 15m: 0.10/0.13 | 1h: N/A | P&L: $+4.80 (27)
2026-02-03T08:51:23.362260 [ 7968s] 📉 15M MEAN-REV: K@0.12 (extreme low) + BTC stable → YES
2026-02-03T08:51:24.364302 [ 7969s] ❌ 15M mean_reversion_low CLOSE (STOP(-25%)): $-0.40 | Total: $+4.40
2026-02-03T08:51:44.388905 [ 7989s] BTC: $78,803.47 (4ex, -0.037%) | 15m: 0.08/0.10 | 1h: N/A | P&L: $+4.40 (28)
2026-02-03T08:52:24.435459 [ 8029s] 📉 15M MEAN-REV: K@0.10 (extreme low) + BTC stable → YES
2026-02-03T08:52:44.469208 [ 8049s] BTC: $78,801.03 (4ex, -0.003%) | 15m: 0.09/0.10 | 1h: N/A | P&L: $+4.40 (28)
2026-02-03T08:52:54.483355 [ 8059s] ❌ 15M mean_reversion_low CLOSE (STOP(-25%)): $-0.50 | Total: $+3.90
2026-02-03T08:53:34.655464 [ 8100s] 💾 Checkpoint
2026-02-03T08:53:44.541526 [ 8109s] BTC: $78,767.47 (4ex, -0.043%) | 15m: 0.04/0.05 | 1h: N/A | P&L: $+3.90 (29)
2026-02-03T08:53:54.550878 [ 8119s] 📉 15M MEAN-REV: K@0.05 (extreme low) + BTC stable → YES
2026-02-03T08:54:25.599682 [ 8151s] ❌ 15M mean_reversion_low CLOSE (STOP(-25%)): $-0.30 | Total: $+3.60
2026-02-03T08:54:44.616143 [ 8170s] BTC: $78,717.43 (4ex, -0.064%) | 15m: 0.02/0.03 | 1h: N/A | P&L: $+3.60 (30)
2026-02-03T08:55:44.677366 [ 8230s] BTC: $78,646.93 (4ex, -0.080%) | 15m: 0.01/0.02 | 1h: N/A | P&L: $+3.60 (30)
2026-02-03T08:56:44.731309 [ 8290s] BTC: $78,654.01 (4ex, +0.009%) | 15m: 0.00/0.01 | 1h: N/A | P&L: $+3.60 (30)
2026-02-03T08:57:44.829852 [ 8350s] BTC: $78,652.03 (4ex, -0.003%) | 15m: 0.00/0.01 | 1h: N/A | P&L: $+3.60 (30)
2026-02-03T08:58:34.660355 [ 8400s] 💾 Checkpoint
2026-02-03T08:58:44.896153 [ 8410s] BTC: $78,667.14 (4ex, +0.019%) | 15m: 0.00/0.01 | 1h: N/A | P&L: $+3.60 (30)
2026-02-03T08:59:44.967578 [ 8470s] BTC: $78,673.45 (4ex, +0.008%) | 15m: 0.00/0.01 | 1h: N/A | P&L: $+3.60 (30)
2026-02-03T09:00:29.031112 [ 8514s] 🔄 15M transition
2026-02-03T09:00:30.032703 [ 8515s] 🔄 15M transition
2026-02-03T09:00:31.034390 [ 8516s] 🔄 15M transition
2026-02-03T09:00:32.035871 [ 8517s] 🔄 15M transition
2026-02-03T09:00:33.037022 [ 8518s] 🔄 15M transition
2026-02-03T09:00:45.048870 [ 8530s] BTC: $78,722.26 (4ex, +0.062%) | 15m: 0.56/0.61 | 1h: N/A | P&L: $+3.60 (30)
2026-02-03T09:01:45.124362 [ 8590s] BTC: $78,746.98 (4ex, +0.041%) | 15m: 0.72/0.74 | 1h: N/A | P&L: $+3.60 (30)
2026-02-03T09:02:45.187859 [ 8650s] BTC: $78,740.01 (4ex, -0.009%) | 15m: 0.70/0.71 | 1h: N/A | P&L: $+3.60 (30)
2026-02-03T09:03:34.664571 [ 8700s] 💾 Checkpoint
2026-02-03T09:03:45.250145 [ 8710s] BTC: $78,677.26 (4ex, +0.022%) | 15m: 0.48/0.51 | 1h: N/A | P&L: $+3.60 (30)
2026-02-03T09:04:45.316054 [ 8770s] BTC: $78,681.64 (4ex, +0.006%) | 15m: 0.52/0.54 | 1h: N/A | P&L: $+3.60 (30)
2026-02-03T09:05:45.394143 [ 8830s] BTC: $78,730.64 (4ex, +0.067%) | 15m: 0.67/0.68 | 1h: N/A | P&L: $+3.60 (30)
2026-02-03T09:06:45.458306 [ 8890s] BTC: $78,744.68 (4ex, +0.018%) | 15m: 0.80/0.82 | 1h: N/A | P&L: $+3.60 (30)
2026-02-03T09:07:45.532633 [ 8950s] BTC: $78,686.37 (4ex, -0.074%) | 15m: 0.67/0.71 | 1h: N/A | P&L: $+3.60 (30)
2026-02-03T09:08:34.668440 [ 9000s] 💾 Checkpoint
2026-02-03T09:08:45.603103 [ 9011s] BTC: $78,698.79 (4ex, +0.016%) | 15m: 0.54/0.58 | 1h: N/A | P&L: $+3.60 (30)
2026-02-03T09:09:45.673978 [ 9071s] BTC: $78,693.64 (4ex, -0.007%) | 15m: 0.72/0.73 | 1h: N/A | P&L: $+3.60 (30)
2026-02-03T09:10:45.737440 [ 9131s] BTC: $78,569.81 (4ex, -0.060%) | 15m: 0.06/0.09 | 1h: N/A | P&L: $+3.60 (30)
2026-02-03T09:11:45.794360 [ 9191s] BTC: $78,372.27 (4ex, -0.004%) | 15m: 0.00/0.01 | 1h: N/A | P&L: $+3.60 (30)
2026-02-03T09:12:45.858997 [ 9251s] BTC: $78,236.50 (4ex, -0.112%) | 15m: 0.00/0.01 | 1h: N/A | P&L: $+3.60 (30)
2026-02-03T09:13:34.673755 [ 9300s] 💾 Checkpoint
2026-02-03T09:13:45.925519 [ 9311s] BTC: $78,155.08 (4ex, -0.066%) | 15m: 0.00/0.01 | 1h: N/A | P&L: $+3.60 (30)
2026-02-03T09:14:45.996033 [ 9371s] BTC: $78,155.38 (4ex, -0.015%) | 15m: 0.00/0.01 | 1h: N/A | P&L: $+3.60 (30)
2026-02-03T09:15:06.024648 [ 9391s] 🔄 15M transition
2026-02-03T09:15:07.025426 [ 9392s] 🔄 15M transition
2026-02-03T09:15:08.028079 [ 9393s] 🔄 15M transition
2026-02-03T09:15:09.028893 [ 9394s] 🔄 15M transition
2026-02-03T09:15:10.029935 [ 9395s] 🔄 15M transition
2026-02-03T09:15:46.069857 [ 9431s] BTC: $78,167.09 (4ex, +0.003%) | 15m: 0.39/0.47 | 1h: N/A | P&L: $+3.60 (30)
2026-02-03T09:16:14.101770 [ 9459s] 🎯 15M DELAY: BTC -0.151% K +0.0% → NO@$0.55
2026-02-03T09:16:46.152231 [ 9491s] BTC: $78,134.85 (4ex, +0.128%) | 15m: 0.37/0.41 | 1h: N/A | P&L: $+3.60 (30)
2026-02-03T09:17:07.185510 [ 9512s] ✅ 15M delay_arb CLOSE (PROFIT): $+2.10 | Total: $+5.70
2026-02-03T09:17:46.224082 [ 9551s] BTC: $78,277.57 (4ex, +0.035%) | 15m: 0.61/0.63 | 1h: N/A | P&L: $+5.70 (31)
2026-02-03T09:18:34.678319 [ 9600s] 💾 Checkpoint
2026-02-03T09:18:46.285719 [ 9611s] BTC: $78,230.59 (4ex, +0.043%) | 15m: 0.50/0.54 | 1h: N/A | P&L: $+5.70 (31)
2026-02-03T09:19:46.352733 [ 9671s] BTC: $78,275.66 (4ex, +0.031%) | 15m: 0.62/0.65 | 1h: N/A | P&L: $+5.70 (31)
2026-02-03T09:20:46.423319 [ 9731s] BTC: $78,279.56 (4ex, +0.005%) | 15m: 0.70/0.73 | 1h: N/A | P&L: $+5.70 (31)
2026-02-03T09:21:46.488476 [ 9791s] BTC: $78,296.49 (4ex, +0.023%) | 15m: 0.74/0.77 | 1h: N/A | P&L: $+5.70 (31)
2026-02-03T09:22:46.557363 [ 9851s] BTC: $78,211.40 (4ex, -0.105%) | 15m: 0.68/0.72 | 1h: N/A | P&L: $+5.70 (31)
2026-02-03T09:23:34.683539 [ 9900s] 💾 Checkpoint
2026-02-03T09:23:46.621383 [ 9912s] BTC: $78,146.76 (4ex, -0.078%) | 15m: 0.37/0.38 | 1h: N/A | P&L: $+5.70 (31)
2026-02-03T09:24:42.681108 [ 9968s] 📉 15M MEAN-REV: K@0.17 (extreme low) + BTC stable → YES
2026-02-03T09:24:46.688579 [ 9972s] BTC: $78,049.66 (4ex, -0.033%) | 15m: 0.14/0.17 | 1h: N/A | P&L: $+5.70 (31)
2026-02-03T09:25:10.725322 [ 9996s] ❌ 15M mean_reversion_low CLOSE (STOP(-25%)): $-1.00 | Total: $+4.70
2026-02-03T09:25:46.762743 [10032s] BTC: $78,007.27 (4ex, -0.036%) | 15m: 0.05/0.07 | 1h: N/A | P&L: $+4.70 (32)
2026-02-03T09:26:46.828384 [10092s] BTC: $77,970.22 (4ex, -0.023%) | 15m: 0.03/0.04 | 1h: N/A | P&L: $+4.70 (32)
2026-02-03T09:27:46.891914 [10152s] BTC: $77,940.75 (4ex, -0.045%) | 15m: 0.00/0.01 | 1h: N/A | P&L: $+4.70 (32)
2026-02-03T09:28:34.688906 [10200s] 💾 Checkpoint
2026-02-03T09:28:46.959174 [10212s] BTC: $77,937.18 (4ex, -0.033%) | 15m: 0.00/0.01 | 1h: N/A | P&L: $+4.70 (32)
2026-02-03T09:29:47.020779 [10272s] BTC: $77,931.36 (4ex, +0.000%) | 15m: 0.00/0.01 | 1h: N/A | P&L: $+4.70 (32)
2026-02-03T09:30:14.050990 [10299s] 🔄 15M transition
2026-02-03T09:30:15.051931 [10300s] 🔄 15M transition
2026-02-03T09:30:16.053450 [10301s] 🔄 15M transition
2026-02-03T09:30:17.054522 [10302s] 🔄 15M transition
2026-02-03T09:30:18.055558 [10303s] 🔄 15M transition
2026-02-03T09:30:47.089830 [10332s] BTC: $77,961.88 (4ex, +0.050%) | 15m: 0.51/0.56 | 1h: N/A | P&L: $+4.70 (32)
2026-02-03T09:31:47.145682 [10392s] BTC: $77,997.26 (4ex, +0.022%) | 15m: 0.67/0.71 | 1h: N/A | P&L: $+4.70 (32)
2026-02-03T09:32:47.199515 [10452s] BTC: $78,071.73 (4ex, +0.099%) | 15m: 0.80/0.83 | 1h: N/A | P&L: $+4.70 (32)
2026-02-03T09:33:34.692915 [10500s] 💾 Checkpoint
2026-02-03T09:33:47.260842 [10512s] BTC: $78,043.56 (4ex, +0.003%) | 15m: 0.80/0.82 | 1h: N/A | P&L: $+4.70 (32)
2026-02-03T09:34:15.294261 [10540s] 📈 15M MEAN-REV: K@0.81 (extreme high) + BTC stable → NO
2026-02-03T09:34:45.341758 [10570s] ✅ 15M mean_reversion_high CLOSE (PROFIT): $+0.70 | Total: $+5.40
2026-02-03T09:34:47.343404 [10572s] BTC: $78,088.35 (4ex, +0.057%) | 15m: 0.86/0.88 | 1h: N/A | P&L: $+5.40 (33)
2026-02-03T09:35:45.411077 [10630s] 🎯 15M DELAY: BTC +0.206% K +0.0% → YES@$0.90
2026-02-03T09:35:47.415342 [10632s] BTC: $78,254.32 (4ex, +0.196%) | 15m: 0.95/0.97 | 1h: N/A | P&L: $+5.40 (33)
2026-02-03T09:36:47.512962 [10692s] BTC: $78,253.79 (4ex, +0.000%) | 15m: 0.95/0.96 | 1h: N/A | P&L: $+5.40 (33)
2026-02-03T09:37:47.608017 [10753s] BTC: $78,246.37 (4ex, +0.015%) | 15m: 0.94/0.97 | 1h: N/A | P&L: $+5.40 (33)
2026-02-03T09:38:34.698278 [10800s] 💾 Checkpoint
2026-02-03T09:38:47.707456 [10813s] BTC: $78,233.62 (4ex, -0.016%) | 15m: 0.96/0.97 | 1h: N/A | P&L: $+5.40 (33)
2026-02-03T09:39:47.803822 [10873s] BTC: $78,241.83 (4ex, +0.010%) | 15m: 0.97/0.98 | 1h: N/A | P&L: $+5.40 (33)
2026-02-03T09:40:47.896996 [10933s] BTC: $78,229.45 (4ex, -0.016%) | 15m: 0.97/0.99 | 1h: N/A | P&L: $+5.40 (33)
2026-02-03T09:40:48.898885 [10934s] ✅ 15M delay_arb CLOSE (PROFIT): $+0.80 | Total: $+6.20
2026-02-03T09:41:47.968053 [10993s] BTC: $78,301.28 (4ex, +0.094%) | 15m: 0.99/1.00 | 1h: N/A | P&L: $+6.20 (34)
2026-02-03T09:42:48.043111 [11053s] BTC: $78,280.26 (4ex, -0.029%) | 15m: 0.99/1.00 | 1h: N/A | P&L: $+6.20 (34)
2026-02-03T09:43:34.702991 [11100s] 💾 Checkpoint
2026-02-03T09:43:48.113154 [11113s] BTC: $78,269.48 (4ex, -0.014%) | 15m: 0.99/1.00 | 1h: N/A | P&L: $+6.20 (34)
2026-02-03T09:44:48.188012 [11173s] BTC: $78,261.32 (4ex, -0.010%) | 15m: 0.98/1.00 | 1h: N/A | P&L: $+6.20 (34)
2026-02-03T09:45:21.227108 [11206s] 🔄 15M transition
2026-02-03T09:45:22.227747 [11207s] 🔄 15M transition
2026-02-03T09:45:23.228845 [11208s] 🔄 15M transition
2026-02-03T09:45:24.230442 [11209s] 🔄 15M transition
2026-02-03T09:45:25.232080 [11210s] 🔄 15M transition
2026-02-03T09:45:48.263127 [11233s] BTC: $78,263.54 (4ex, +0.003%) | 15m: 0.11/0.55 | 1h: N/A | P&L: $+6.20 (34)
2026-02-03T09:46:48.336583 [11293s] BTC: $78,221.01 (4ex, -0.052%) | 15m: 0.46/0.50 | 1h: N/A | P&L: $+6.20 (34)
2026-02-03T09:47:48.403394 [11353s] BTC: $78,224.90 (4ex, +0.005%) | 15m: 0.39/0.41 | 1h: N/A | P&L: $+6.20 (34)
2026-02-03T09:48:34.708122 [11400s] 💾 Checkpoint
2026-02-03T09:48:48.471356 [11413s] BTC: $78,216.94 (4ex, -0.010%) | 15m: 0.39/0.42 | 1h: N/A | P&L: $+6.20 (34)
2026-02-03T09:49:48.538275 [11473s] BTC: $78,200.70 (4ex, -0.021%) | 15m: 0.28/0.31 | 1h: N/A | P&L: $+6.20 (34)
2026-02-03T09:50:48.621682 [11534s] BTC: $78,199.22 (4ex, -0.002%) | 15m: 0.30/0.34 | 1h: N/A | P&L: $+6.20 (34)
2026-02-03T09:51:48.702422 [11594s] BTC: $78,262.24 (4ex, +0.076%) | 15m: 0.39/0.43 | 1h: N/A | P&L: $+6.20 (34)
2026-02-03T09:52:48.781547 [11654s] BTC: $78,298.02 (4ex, +0.046%) | 15m: 0.58/0.61 | 1h: N/A | P&L: $+6.20 (34)
2026-02-03T09:53:34.713381 [11700s] 💾 Checkpoint
2026-02-03T09:53:48.853562 [11714s] BTC: $78,364.96 (4ex, +0.086%) | 15m: 0.81/0.82 | 1h: N/A | P&L: $+6.20 (34)
2026-02-03T09:54:20.889210 [11746s] 📈 15M MEAN-REV: K@0.87 (extreme high) + BTC stable → NO
2026-02-03T09:54:25.898720 [11751s] ✅ 15M mean_reversion_high CLOSE (PROFIT): $+0.20 | Total: $+6.40
2026-02-03T09:54:48.925189 [11774s] BTC: $78,331.74 (4ex, -0.042%) | 15m: 0.87/0.89 | 1h: N/A | P&L: $+6.40 (35)
2026-02-03T09:55:48.997171 [11834s] BTC: $78,320.13 (4ex, -0.015%) | 15m: 0.75/0.78 | 1h: N/A | P&L: $+6.40 (35)
2026-02-03T09:56:49.068323 [11894s] BTC: $78,340.56 (4ex, +0.026%) | 15m: 0.84/0.85 | 1h: N/A | P&L: $+6.40 (35)
2026-02-03T09:57:49.122521 [11954s] BTC: $78,374.22 (4ex, +0.039%) | 15m: 0.97/0.98 | 1h: N/A | P&L: $+6.40 (35)
2026-02-03T09:58:34.718305 [12000s] 💾 Checkpoint
2026-02-03T09:58:49.185075 [12014s] BTC: $78,337.90 (4ex, -0.046%) | 15m: 0.98/0.99 | 1h: N/A | P&L: $+6.40 (35)
2026-02-03T09:59:49.244168 [12074s] BTC: $78,343.31 (4ex, +0.007%) | 15m: 0.98/0.99 | 1h: N/A | P&L: $+6.40 (35)
2026-02-03T10:00:28.288749 [12113s] 🔄 15M transition
2026-02-03T10:00:29.289573 [12114s] 🔄 15M transition
2026-02-03T10:00:30.291424 [12115s] 🔄 15M transition
2026-02-03T10:00:31.293041 [12116s] 🔄 15M transition
2026-02-03T10:00:32.294623 [12117s] 🔄 15M transition
2026-02-03T10:00:49.314603 [12134s] BTC: $78,352.35 (4ex, +0.012%) | 15m: 0.55/0.56 | 1h: N/A | P&L: $+6.40 (35)
2026-02-03T10:01:49.383875 [12194s] BTC: $78,304.13 (4ex, -0.062%) | 15m: 0.40/0.43 | 1h: N/A | P&L: $+6.40 (35)
2026-02-03T10:02:49.448452 [12254s] BTC: $78,373.09 (4ex, +0.088%) | 15m: 0.38/0.43 | 1h: N/A | P&L: $+6.40 (35)
2026-02-03T10:03:34.722584 [12300s] 💾 Checkpoint
2026-02-03T10:03:49.527648 [12314s] BTC: $78,398.45 (4ex, +0.025%) | 15m: 0.72/0.74 | 1h: N/A | P&L: $+6.40 (35)
2026-02-03T10:04:49.594654 [12375s] BTC: $78,420.52 (4ex, +0.028%) | 15m: 0.60/0.64 | 1h: N/A | P&L: $+6.40 (35)
2026-02-03T10:05:49.670178 [12435s] BTC: $78,427.55 (4ex, +0.012%) | 15m: 0.68/0.71 | 1h: N/A | P&L: $+6.40 (35)
2026-02-03T10:06:49.746289 [12495s] BTC: $78,418.94 (4ex, -0.005%) | 15m: 0.65/0.67 | 1h: N/A | P&L: $+6.40 (35)
2026-02-03T10:07:49.802830 [12555s] BTC: $78,461.64 (4ex, +0.040%) | 15m: 0.79/0.82 | 1h: N/A | P&L: $+6.40 (35)
2026-02-03T10:08:01.815402 [12567s] 📈 15M MEAN-REV: K@0.85 (extreme high) + BTC stable → NO
2026-02-03T10:08:31.861621 [12597s] ❌ 15M mean_reversion_high CLOSE (STOP(-25%)): $-0.40 | Total: $+6.00
2026-02-03T10:08:34.728730 [12600s] 💾 Checkpoint
2026-02-03T10:08:49.883775 [12615s] BTC: $78,437.80 (4ex, -0.030%) | 15m: 0.77/0.81 | 1h: N/A | P&L: $+6.00 (36)
2026-02-03T10:09:32.936273 [12658s] 📈 15M MEAN-REV: K@0.81 (extreme high) + BTC stable → NO
2026-02-03T10:09:32.936778 [12658s] ✅ 15M mean_reversion_high CLOSE (PROFIT): $+0.30 | Total: $+6.30
2026-02-03T10:09:49.954080 [12675s] BTC: $78,467.31 (4ex, +0.049%) | 15m: 0.81/0.84 | 1h: N/A | P&L: $+6.30 (37)
2026-02-03T10:10:50.015604 [12735s] BTC: $78,482.72 (4ex, +0.004%) | 15m: 0.95/0.96 | 1h: N/A | P&L: $+6.30 (37)
2026-02-03T10:11:50.098085 [12795s] BTC: $78,443.57 (4ex, -0.050%) | 15m: 0.94/0.97 | 1h: N/A | P&L: $+6.30 (37)
2026-02-03T10:12:50.175102 [12855s] BTC: $78,469.25 (4ex, +0.033%) | 15m: 0.97/0.98 | 1h: N/A | P&L: $+6.30 (37)
2026-02-03T10:13:34.734197 [12900s] 💾 Checkpoint
2026-02-03T10:13:50.248100 [12915s] BTC: $78,468.83 (4ex, -0.001%) | 15m: 0.98/0.99 | 1h: N/A | P&L: $+6.30 (37)
2026-02-03T10:14:50.341333 [12975s] BTC: $78,478.96 (4ex, +0.013%) | 15m: 0.99/1.00 | 1h: N/A | P&L: $+6.30 (37)
2026-02-03T10:15:05.363279 [12990s] 🔄 15M transition
2026-02-03T10:15:06.365027 [12991s] 🔄 15M transition
2026-02-03T10:15:07.367553 [12992s] 🔄 15M transition
2026-02-03T10:15:08.368997 [12993s] 🔄 15M transition
2026-02-03T10:15:09.370130 [12994s] 🔄 15M transition
2026-02-03T10:15:50.421900 [13035s] BTC: $78,476.60 (4ex, -0.003%) | 15m: 0.55/0.60 | 1h: N/A | P&L: $+6.30 (37)
2026-02-03T10:16:50.500475 [13095s] BTC: $78,485.53 (4ex, +0.011%) | 15m: 0.54/0.57 | 1h: N/A | P&L: $+6.30 (37)
2026-02-03T10:17:50.572471 [13156s] BTC: $78,465.70 (4ex, -0.025%) | 15m: 0.40/0.44 | 1h: N/A | P&L: $+6.30 (37)
2026-02-03T10:18:34.739733 [13200s] 💾 Checkpoint
2026-02-03T10:18:50.664251 [13216s] BTC: $78,440.67 (4ex, -0.032%) | 15m: 0.40/0.43 | 1h: N/A | P&L: $+6.30 (37)
2026-02-03T10:19:50.749479 [13276s] BTC: $78,386.73 (4ex, -0.069%) | 15m: 0.21/0.23 | 1h: N/A | P&L: $+6.30 (37)
2026-02-03T10:20:08.774236 [13294s] 📉 15M MEAN-REV: K@0.20 (extreme low) + BTC stable → YES
2026-02-03T10:20:38.818983 [13324s] ❌ 15M mean_reversion_low CLOSE (STOP(-25%)): $-1.00 | Total: $+5.30
2026-02-03T10:20:50.831781 [13336s] BTC: $78,353.33 (4ex, -0.043%) | 15m: 0.10/0.12 | 1h: N/A | P&L: $+5.30 (38)
2026-02-03T10:21:38.881630 [13384s] 📉 15M MEAN-REV: K@0.16 (extreme low) + BTC stable → YES
2026-02-03T10:21:50.898013 [13396s] BTC: $78,361.95 (4ex, +0.011%) | 15m: 0.13/0.16 | 1h: N/A | P&L: $+5.30 (38)
2026-02-03T10:22:08.924584 [13414s] ❌ 15M mean_reversion_low CLOSE (STOP(-25%)): $-0.70 | Total: $+4.60
2026-02-03T10:22:50.969457 [13456s] BTC: $78,367.51 (4ex, +0.008%) | 15m: 0.09/0.10 | 1h: N/A | P&L: $+4.60 (39)
2026-02-03T10:23:08.989993 [13474s] 📉 15M MEAN-REV: K@0.10 (extreme low) + BTC stable → YES
2026-02-03T10:23:09.992692 [13475s] ✅ 15M mean_reversion_low CLOSE (PROFIT): $+1.30 | Total: $+5.90
2026-02-03T10:23:34.745312 [13500s] 💾 Checkpoint
2026-02-03T10:23:51.039120 [13516s] BTC: $78,413.46 (4ex, +0.059%) | 15m: 0.25/0.27 | 1h: N/A | P&L: $+5.90 (40)
2026-02-03T10:24:40.107479 [13565s] 📉 15M MEAN-REV: K@0.17 (extreme low) + BTC stable → YES
2026-02-03T10:24:51.123345 [13576s] BTC: $78,397.41 (4ex, -0.020%) | 15m: 0.16/0.17 | 1h: N/A | P&L: $+5.90 (40)
2026-02-03T10:25:51.221281 [13636s] BTC: $78,393.79 (4ex, -0.005%) | 15m: 0.15/0.18 | 1h: N/A | P&L: $+5.90 (40)
2026-02-03T10:26:51.323262 [13696s] BTC: $78,419.31 (4ex, +0.033%) | 15m: 0.18/0.21 | 1h: N/A | P&L: $+5.90 (40)
2026-02-03T10:27:11.350674 [13716s] ❌ 15M mean_reversion_low CLOSE (STOP(-25%)): $-0.50 | Total: $+5.40
2026-02-03T10:27:51.393209 [13756s] BTC: $78,401.22 (4ex, -0.023%) | 15m: 0.03/0.04 | 1h: N/A | P&L: $+5.40 (41)
2026-02-03T10:28:34.751320 [13800s] 💾 Checkpoint
2026-02-03T10:28:51.466155 [13816s] BTC: $78,423.93 (4ex, +0.029%) | 15m: 0.03/0.04 | 1h: N/A | P&L: $+5.40 (41)
2026-02-03T10:29:51.537251 [13876s] BTC: $78,419.55 (4ex, -0.006%) | 15m: 0.01/0.05 | 1h: N/A | P&L: $+5.40 (41)
2026-02-03T10:30:13.568562 [13898s] 🔄 15M transition
2026-02-03T10:30:14.570276 [13899s] 🔄 15M transition
2026-02-03T10:30:15.571295 [13900s] 🔄 15M transition
2026-02-03T10:30:16.572439 [13902s] 🔄 15M transition
2026-02-03T10:30:17.574178 [13903s] 🔄 15M transition
2026-02-03T10:30:51.610245 [13937s] BTC: $78,335.43 (4ex, -0.107%) | 15m: 0.22/0.27 | 1h: N/A | P&L: $+5.40 (41)
2026-02-03T10:31:39.666391 [13985s] 📉 15M MEAN-REV: K@0.19 (extreme low) + BTC stable → YES
2026-02-03T10:31:51.686920 [13997s] BTC: $78,305.46 (4ex, -0.038%) | 15m: 0.16/0.19 | 1h: N/A | P&L: $+5.40 (41)
2026-02-03T10:32:13.722647 [14019s] ❌ 15M mean_reversion_low CLOSE (STOP(-25%)): $-0.90 | Total: $+4.50
2026-02-03T10:32:51.768198 [14057s] BTC: $78,261.16 (4ex, -0.057%) | 15m: 0.10/0.12 | 1h: N/A | P&L: $+4.50 (42)
2026-02-03T10:33:34.757510 [14100s] 💾 Checkpoint
2026-02-03T10:33:51.843116 [14117s] BTC: $78,208.19 (4ex, -0.068%) | 15m: 0.05/0.06 | 1h: N/A | P&L: $+4.50 (42)
2026-02-03T10:34:04.859943 [14130s] 📉 15M MEAN-REV: K@0.06 (extreme low) + BTC stable → YES
2026-02-03T10:34:14.874980 [14140s] ❌ 15M mean_reversion_low CLOSE (STOP(-25%)): $-0.40 | Total: $+4.10
2026-02-03T10:34:51.917552 [14177s] BTC: $78,170.86 (4ex, -0.048%) | 15m: 0.01/0.04 | 1h: N/A | P&L: $+4.10 (43)
2026-02-03T10:35:14.953911 [14200s] 📉 15M MEAN-REV: K@0.04 (extreme low) + BTC stable → YES
2026-02-03T10:35:14.954715 [14200s] ❌ 15M mean_reversion_low CLOSE (STOP(-25%)): $-0.30 | Total: $+3.80
2026-02-03T10:35:51.995916 [14237s] BTC: $78,138.37 (4ex, -0.053%) | 15m: 0.02/0.05 | 1h: N/A | P&L: $+3.80 (44)
2026-02-03T10:36:48.053470 [14293s] 📉 15M MEAN-REV: K@0.04 (extreme low) + BTC stable → YES
2026-02-03T10:36:48.054180 [14293s] ❌ 15M mean_reversion_low CLOSE (STOP(-25%)): $-0.20 | Total: $+3.60
2026-02-03T10:36:52.059654 [14297s] BTC: $78,119.64 (4ex, -0.022%) | 15m: 0.02/0.04 | 1h: N/A | P&L: $+3.60 (45)
2026-02-03T10:37:48.133708 [14353s] 📉 15M MEAN-REV: K@0.04 (extreme low) + BTC stable → YES
2026-02-03T10:37:48.134424 [14353s] ❌ 15M mean_reversion_low CLOSE (STOP(-25%)): $-0.30 | Total: $+3.30
2026-02-03T10:37:52.138234 [14357s] BTC: $78,123.76 (4ex, +0.005%) | 15m: 0.01/0.04 | 1h: N/A | P&L: $+3.30 (46)
2026-02-03T10:38:34.763976 [14400s] 💾 Checkpoint
2026-02-03T10:38:48.205979 [14413s] 📉 15M MEAN-REV: K@0.05 (extreme low) + BTC stable → YES
2026-02-03T10:38:48.206544 [14413s] ❌ 15M mean_reversion_low CLOSE (STOP(-25%)): $-0.30 | Total: $+3.00
2026-02-03T10:38:52.211771 [14417s] BTC: $78,171.65 (4ex, +0.061%) | 15m: 0.02/0.05 | 1h: N/A | P&L: $+3.00 (47)
2026-02-03T10:39:48.280948 [14473s] 📉 15M MEAN-REV: K@0.06 (extreme low) + BTC stable → YES
2026-02-03T10:39:48.281469 [14473s] ❌ 15M mean_reversion_low CLOSE (STOP(-25%)): $-0.50 | Total: $+2.50
2026-02-03T10:39:52.286648 [14477s] BTC: $78,183.24 (4ex, +0.015%) | 15m: 0.01/0.06 | 1h: N/A | P&L: $+2.50 (48)
2026-02-03T10:40:52.363496 [14537s] BTC: $78,157.79 (4ex, -0.034%) | 15m: 0.00/0.02 | 1h: N/A | P&L: $+2.50 (48)
2026-02-03T10:41:52.499240 [14597s] BTC: $78,134.85 (4ex, -0.018%) | 15m: 0.00/0.01 | 1h: N/A | P&L: $+2.50 (48)
2026-02-03T10:42:52.570532 [14657s] BTC: $78,107.87 (4ex, -0.035%) | 15m: 0.00/0.01 | 1h: N/A | P&L: $+2.50 (48)
2026-02-03T10:43:34.770994 [14700s] 💾 Checkpoint
2026-02-03T10:43:52.639433 [14718s] BTC: $78,100.77 (4ex, -0.009%) | 15m: 0.00/0.01 | 1h: N/A | P&L: $+2.50 (48)
2026-02-03T10:44:52.714185 [14778s] BTC: $78,105.26 (4ex, +0.006%) | 15m: 0.00/0.01 | 1h: N/A | P&L: $+2.50 (48)
2026-02-03T10:45:20.755555 [14806s] 🔄 15M transition
2026-02-03T10:45:21.756598 [14807s] 🔄 15M transition
2026-02-03T10:45:22.758292 [14808s] 🔄 15M transition
2026-02-03T10:45:23.758965 [14809s] 🔄 15M transition
2026-02-03T10:45:24.760160 [14810s] 🔄 15M transition
2026-02-03T10:45:52.791085 [14838s] BTC: $78,076.91 (4ex, -0.036%) | 15m: 0.39/0.41 | 1h: N/A | P&L: $+2.50 (48)
2026-02-03T10:46:52.861023 [14898s] BTC: $78,129.62 (4ex, +0.071%) | 15m: 0.64/0.67 | 1h: N/A | P&L: $+2.50 (48)
2026-02-03T10:47:52.945096 [14958s] BTC: $78,148.72 (4ex, +0.024%) | 15m: 0.71/0.72 | 1h: N/A | P&L: $+2.50 (48)
2026-02-03T10:48:34.777209 [15000s] 💾 Checkpoint
2026-02-03T10:48:53.015219 [15018s] BTC: $78,140.70 (4ex, -0.010%) | 15m: 0.66/0.69 | 1h: N/A | P&L: $+2.50 (48)
2026-02-03T10:49:53.093931 [15078s] BTC: $78,136.96 (4ex, -0.005%) | 15m: 0.64/0.67 | 1h: N/A | P&L: $+2.50 (48)
2026-02-03T10:50:53.161105 [15138s] BTC: $78,135.53 (4ex, -0.001%) | 15m: 0.65/0.66 | 1h: N/A | P&L: $+2.50 (48)
2026-02-03T10:51:53.224882 [15198s] BTC: $78,102.72 (4ex, +0.005%) | 15m: 0.42/0.46 | 1h: N/A | P&L: $+2.50 (48)
2026-02-03T10:52:53.290462 [15258s] BTC: $78,051.67 (4ex, -0.063%) | 15m: 0.37/0.39 | 1h: N/A | P&L: $+2.50 (48)
2026-02-03T10:53:24.322881 [15289s] 📉 15M MEAN-REV: K@0.20 (extreme low) + BTC stable → YES
2026-02-03T10:53:34.782855 [15300s] 💾 Checkpoint
2026-02-03T10:53:53.369302 [15318s] BTC: $78,035.59 (4ex, -0.017%) | 15m: 0.19/0.20 | 1h: N/A | P&L: $+2.50 (48)
2026-02-03T10:54:53.462328 [15378s] BTC: $78,055.08 (4ex, +0.020%) | 15m: 0.15/0.18 | 1h: N/A | P&L: $+2.50 (48)
2026-02-03T10:54:55.467715 [15380s] ✅ 15M mean_reversion_low CLOSE (PROFIT): $+0.60 | Total: $+3.10
2026-02-03T10:55:53.525706 [15438s] BTC: $78,032.06 (4ex, -0.032%) | 15m: 0.10/0.12 | 1h: N/A | P&L: $+3.10 (49)
2026-02-03T10:56:53.601093 [15499s] BTC: $78,041.66 (4ex, +0.012%) | 15m: 0.09/0.11 | 1h: N/A | P&L: $+3.10 (49)
2026-02-03T10:57:53.671095 [15559s] BTC: $78,048.78 (4ex, +0.009%) | 15m: 0.11/0.13 | 1h: N/A | P&L: $+3.10 (49)
2026-02-03T10:58:34.789802 [15600s] 💾 Checkpoint
2026-02-03T10:58:53.746179 [15619s] BTC: $78,027.13 (4ex, -0.028%) | 15m: 0.01/0.03 | 1h: N/A | P&L: $+3.10 (49)
2026-02-03T10:59:53.816141 [15679s] BTC: $78,065.82 (4ex, +0.050%) | 15m: 0.00/0.01 | 1h: N/A | P&L: $+3.10 (49)
2026-02-03T11:00:28.860843 [15714s] 🔄 15M transition
2026-02-03T11:00:29.862560 [15715s] 🔄 15M transition
2026-02-03T11:00:30.863468 [15716s] 🔄 15M transition
2026-02-03T11:00:31.864048 [15717s] 🔄 15M transition
2026-02-03T11:00:32.865429 [15718s] 🔄 15M transition
2026-02-03T11:00:53.890561 [15739s] BTC: $78,061.12 (4ex, -0.006%) | 15m: 0.63/0.65 | 1h: N/A | P&L: $+3.10 (49)
2026-02-03T11:01:53.978263 [15799s] BTC: $78,091.64 (4ex, +0.039%) | 15m: 0.59/0.63 | 1h: N/A | P&L: $+3.10 (49)
2026-02-03T11:02:54.056079 [15859s] BTC: $78,077.00 (4ex, -0.020%) | 15m: 0.63/0.64 | 1h: N/A | P&L: $+3.10 (49)
2026-02-03T11:03:34.796677 [15900s] 💾 Checkpoint
2026-02-03T11:03:54.127079 [15919s] BTC: $78,086.63 (4ex, +0.052%) | 15m: 0.58/0.63 | 1h: N/A | P&L: $+3.10 (49)
2026-02-03T11:04:54.190871 [15979s] BTC: $78,124.50 (4ex, +0.071%) | 15m: 0.57/0.58 | 1h: N/A | P&L: $+3.10 (49)
2026-02-03T11:05:53.264878 [16038s] 📈 15M MEAN-REV: K@0.86 (extreme high) + BTC stable → NO
2026-02-03T11:05:54.267236 [16039s] BTC: $78,161.40 (4ex, +0.032%) | 15m: 0.86/0.87 | 1h: N/A | P&L: $+3.10 (49)
2026-02-03T11:06:31.330337 [16076s] ✅ 15M mean_reversion_high CLOSE (PROFIT): $+0.20 | Total: $+3.30
2026-02-03T11:06:54.357139 [16099s] BTC: $78,148.80 (4ex, -0.016%) | 15m: 0.84/0.88 | 1h: N/A | P&L: $+3.30 (50)
2026-02-03T11:07:31.407520 [16136s] 📈 15M MEAN-REV: K@0.85 (extreme high) + BTC stable → NO
2026-02-03T11:07:31.408138 [16136s] ✅ 15M mean_reversion_high CLOSE (PROFIT): $+0.30 | Total: $+3.60
2026-02-03T11:07:54.434856 [16159s] BTC: $78,127.33 (4ex, -0.027%) | 15m: 0.86/0.87 | 1h: N/A | P&L: $+3.60 (51)
2026-02-03T11:08:34.804725 [16200s] 💾 Checkpoint
2026-02-03T11:08:54.502198 [16219s] BTC: $78,115.57 (4ex, +0.006%) | 15m: 0.70/0.73 | 1h: N/A | P&L: $+3.60 (51)
2026-02-03T11:09:54.579517 [16280s] BTC: $78,111.96 (4ex, -0.002%) | 15m: 0.78/0.81 | 1h: N/A | P&L: $+3.60 (51)
2026-02-03T11:10:54.652472 [16340s] BTC: $78,127.10 (4ex, +0.019%) | 15m: 0.89/0.92 | 1h: N/A | P&L: $+3.60 (51)
2026-02-03T11:11:54.719654 [16400s] BTC: $78,126.77 (4ex, +0.002%) | 15m: 0.92/0.94 | 1h: N/A | P&L: $+3.60 (51)
2026-02-03T11:12:54.776356 [16460s] BTC: $78,147.74 (4ex, +0.027%) | 15m: 0.97/0.98 | 1h: N/A | P&L: $+3.60 (51)
2026-02-03T11:13:34.813984 [16500s] 💾 Checkpoint
2026-02-03T11:13:54.841182 [16520s] BTC: $78,166.60 (4ex, +0.024%) | 15m: 0.99/1.00 | 1h: N/A | P&L: $+3.60 (51)
2026-02-03T11:14:54.911915 [16580s] BTC: $78,171.06 (4ex, +0.006%) | 15m: 0.99/1.00 | 1h: N/A | P&L: $+3.60 (51)
2026-02-03T11:15:05.928162 [16591s] 🔄 15M transition
2026-02-03T11:15:06.929742 [16592s] 🔄 15M transition
2026-02-03T11:15:07.930600 [16593s] 🔄 15M transition
2026-02-03T11:15:08.931656 [16594s] 🔄 15M transition
2026-02-03T11:15:09.932560 [16595s] 🔄 15M transition
2026-02-03T11:15:54.983692 [16640s] BTC: $78,118.36 (4ex, -0.067%) | 15m: 0.56/0.57 | 1h: N/A | P&L: $+3.60 (51)
2026-02-03T11:16:55.056603 [16700s] BTC: $78,133.73 (4ex, +0.020%) | 15m: 0.30/0.32 | 1h: N/A | P&L: $+3.60 (51)
2026-02-03T11:17:55.127397 [16760s] BTC: $78,171.42 (4ex, +0.048%) | 15m: 0.52/0.55 | 1h: N/A | P&L: $+3.60 (51)
2026-02-03T11:18:34.818881 [16800s] 💾 Checkpoint
2026-02-03T11:18:55.201150 [16820s] BTC: $78,125.68 (4ex, -0.059%) | 15m: 0.39/0.42 | 1h: N/A | P&L: $+3.60 (51)
2026-02-03T11:19:55.266610 [16880s] BTC: $78,067.77 (4ex, -0.074%) | 15m: 0.24/0.27 | 1h: N/A | P&L: $+3.60 (51)
2026-02-03T11:20:38.315111 [16923s] 📉 15M MEAN-REV: K@0.17 (extreme low) + BTC stable → YES
2026-02-03T11:20:55.344537 [16940s] BTC: $78,052.49 (4ex, -0.020%) | 15m: 0.15/0.17 | 1h: N/A | P&L: $+3.60 (51)
2026-02-03T11:21:09.368979 [16954s] ✅ 15M mean_reversion_low CLOSE (PROFIT): $+0.50 | Total: $+4.10
2026-02-03T11:21:55.422524 [17000s] BTC: $78,062.54 (4ex, +0.013%) | 15m: 0.18/0.20 | 1h: N/A | P&L: $+4.10 (52)
2026-02-03T11:22:09.442564 [17014s] 📉 15M MEAN-REV: K@0.22 (extreme low) + BTC stable → YES
2026-02-03T11:22:39.491619 [17044s] ❌ 15M mean_reversion_low CLOSE (STOP(-25%)): $-0.70 | Total: $+3.40
2026-02-03T11:22:55.509509 [17060s] BTC: $78,081.53 (4ex, +0.024%) | 15m: 0.15/0.17 | 1h: N/A | P&L: $+3.40 (53)
2026-02-03T11:23:34.825432 [17100s] 💾 Checkpoint
2026-02-03T11:23:39.559632 [17104s] 📉 15M MEAN-REV: K@0.14 (extreme low) + BTC stable → YES
2026-02-03T11:23:40.561934 [17105s] ✅ 15M mean_reversion_low CLOSE (PROFIT): $+0.30 | Total: $+3.70
2026-02-03T11:23:55.580937 [17121s] BTC: $78,088.52 (4ex, +0.008%) | 15m: 0.17/0.19 | 1h: N/A | P&L: $+3.70 (54)
2026-02-03T11:24:40.640774 [17166s] 📉 15M MEAN-REV: K@0.15 (extreme low) + BTC stable → YES
2026-02-03T11:24:55.667542 [17181s] BTC: $78,078.63 (4ex, -0.004%) | 15m: 0.13/0.15 | 1h: N/A | P&L: $+3.70 (54)
2026-02-03T11:25:10.693952 [17196s] ❌ 15M mean_reversion_low CLOSE (STOP(-25%)): $-0.60 | Total: $+3.10
2026-02-03T11:25:55.749625 [17241s] BTC: $78,033.83 (4ex, -0.057%) | 15m: 0.06/0.07 | 1h: N/A | P&L: $+3.10 (55)
2026-02-03T11:26:55.825343 [17301s] BTC: $77,962.49 (4ex, -0.091%) | 15m: 0.00/0.03 | 1h: N/A | P&L: $+3.10 (55)
2026-02-03T11:27:55.900355 [17361s] BTC: $77,964.34 (4ex, +0.002%) | 15m: 0.00/0.01 | 1h: N/A | P&L: $+3.10 (55)
2026-02-03T11:28:34.832707 [17400s] 💾 Checkpoint
2026-02-03T11:28:55.989602 [17421s] BTC: $77,985.94 (4ex, +0.024%) | 15m: 0.00/0.01 | 1h: N/A | P&L: $+3.10 (55)
2026-02-03T11:29:56.061959 [17481s] BTC: $77,987.16 (4ex, +0.002%) | 15m: 0.00/0.01 | 1h: N/A | P&L: $+3.10 (55)
2026-02-03T11:30:13.088728 [17498s] 🔄 15M transition
2026-02-03T11:30:14.090214 [17499s] 🔄 15M transition
2026-02-03T11:30:15.091210 [17500s] 🔄 15M transition
2026-02-03T11:30:16.092961 [17501s] 🔄 15M transition
2026-02-03T11:30:17.093832 [17502s] 🔄 15M transition
2026-02-03T11:30:56.141452 [17541s] BTC: $77,993.05 (4ex, +0.008%) | 15m: 0.55/0.56 | 1h: N/A | P&L: $+3.10 (55)
2026-02-03T11:31:56.217820 [17601s] BTC: $77,969.51 (4ex, -0.030%) | 15m: 0.45/0.50 | 1h: N/A | P&L: $+3.10 (55)
2026-02-03T11:32:56.284122 [17661s] BTC: $78,024.83 (4ex, +0.073%) | 15m: 0.51/0.54 | 1h: N/A | P&L: $+3.10 (55)
2026-02-03T11:33:34.840028 [17700s] 💾 Checkpoint
2026-02-03T11:33:39.337665 [17704s] 🎯 15M DELAY: BTC +0.151% K +0.0% → YES@$0.70
2026-02-03T11:33:45.347285 [17710s] ✅ 15M delay_arb CLOSE (PROFIT): $+1.40 | Total: $+4.50
2026-02-03T11:33:56.358356 [17721s] BTC: $78,128.53 (4ex, +0.125%) | 15m: 0.84/0.86 | 1h: N/A | P&L: $+4.50 (56)
2026-02-03T11:34:56.424964 [17781s] BTC: $78,108.36 (4ex, -0.026%) | 15m: 0.78/0.81 | 1h: N/A | P&L: $+4.50 (56)
2026-02-03T11:35:25.459272 [17810s] 🎯 15M DELAY: BTC +0.150% K +0.0% → YES@$0.88
2026-02-03T11:35:56.514659 [17841s] BTC: $78,165.86 (4ex, +0.074%) | 15m: 0.91/0.93 | 1h: N/A | P&L: $+4.50 (56)
2026-02-03T11:36:56.626432 [17902s] BTC: $78,173.44 (4ex, +0.011%) | 15m: 0.91/0.93 | 1h: N/A | P&L: $+4.50 (56)
2026-02-03T11:37:56.720905 [17962s] BTC: $78,177.91 (4ex, +0.006%) | 15m: 0.93/0.95 | 1h: N/A | P&L: $+4.50 (56)
2026-02-03T11:38:34.847902 [18000s] 💾 Checkpoint
2026-02-03T11:38:56.812550 [18022s] BTC: $78,169.69 (4ex, -0.011%) | 15m: 0.95/0.97 | 1h: N/A | P&L: $+4.50 (56)
2026-02-03T11:39:56.908213 [18082s] BTC: $78,107.54 (4ex, -0.079%) | 15m: 0.90/0.94 | 1h: N/A | P&L: $+4.50 (56)
2026-02-03T11:40:48.988988 [18134s] ✅ 15M delay_arb CLOSE (PROFIT): $+0.80 | Total: $+5.30
2026-02-03T11:40:56.995737 [18142s] BTC: $78,194.11 (4ex, +0.130%) | 15m: 0.96/0.98 | 1h: N/A | P&L: $+5.30 (57)
2026-02-03T11:41:57.068645 [18202s] BTC: $78,173.20 (4ex, -0.025%) | 15m: 0.97/0.98 | 1h: N/A | P&L: $+5.30 (57)
2026-02-03T11:42:57.139897 [18262s] BTC: $78,167.65 (4ex, -0.007%) | 15m: 0.98/0.99 | 1h: N/A | P&L: $+5.30 (57)
2026-02-03T11:43:34.856378 [18300s] 💾 Checkpoint
2026-02-03T11:43:57.206736 [18322s] BTC: $78,179.65 (4ex, +0.015%) | 15m: 0.99/1.00 | 1h: N/A | P&L: $+5.30 (57)
2026-02-03T11:44:57.274685 [18382s] BTC: $78,156.16 (4ex, -0.030%) | 15m: 0.99/1.00 | 1h: N/A | P&L: $+5.30 (57)
2026-02-03T11:45:21.305246 [18406s] 🔄 15M transition
2026-02-03T11:45:22.306763 [18407s] 🔄 15M transition
2026-02-03T11:45:23.308125 [18408s] 🔄 15M transition
2026-02-03T11:45:24.309454 [18409s] 🔄 15M transition
2026-02-03T11:45:25.311237 [18410s] 🔄 15M transition
2026-02-03T11:45:57.350863 [18442s] BTC: $78,172.20 (4ex, +0.021%) | 15m: 0.52/0.54 | 1h: N/A | P&L: $+5.30 (57)
2026-02-03T11:46:57.427764 [18502s] BTC: $78,246.32 (4ex, +0.095%) | 15m: 0.75/0.78 | 1h: N/A | P&L: $+5.30 (57)
2026-02-03T11:47:57.495693 [18562s] BTC: $78,207.25 (4ex, -0.051%) | 15m: 0.67/0.70 | 1h: N/A | P&L: $+5.30 (57)
2026-02-03T11:48:34.863699 [18600s] 💾 Checkpoint
2026-02-03T11:48:57.568931 [18622s] BTC: $78,261.25 (4ex, +0.069%) | 15m: 0.78/0.79 | 1h: N/A | P&L: $+5.30 (57)
2026-02-03T11:49:57.645194 [18683s] BTC: $78,235.24 (4ex, -0.033%) | 15m: 0.71/0.75 | 1h: N/A | P&L: $+5.30 (57)
2026-02-03T11:50:57.716711 [18743s] BTC: $78,212.33 (4ex, -0.029%) | 15m: 0.64/0.66 | 1h: N/A | P&L: $+5.30 (57)
2026-02-03T11:51:57.789925 [18803s] BTC: $78,210.02 (4ex, -0.003%) | 15m: 0.65/0.66 | 1h: N/A | P&L: $+5.30 (57)
2026-02-03T11:52:57.874437 [18863s] BTC: $78,192.33 (4ex, -0.023%) | 15m: 0.59/0.60 | 1h: N/A | P&L: $+5.30 (57)
2026-02-03T11:53:34.871195 [18900s] 💾 Checkpoint
2026-02-03T11:53:57.950184 [18923s] BTC: $78,179.79 (4ex, -0.016%) | 15m: 0.60/0.62 | 1h: N/A | P&L: $+5.30 (57)
2026-02-03T11:54:58.042102 [18983s] BTC: $78,164.75 (4ex, -0.014%) | 15m: 0.52/0.56 | 1h: N/A | P&L: $+5.30 (57)
2026-02-03T11:55:58.114930 [19043s] BTC: $78,192.07 (4ex, +0.035%) | 15m: 0.72/0.73 | 1h: N/A | P&L: $+5.30 (57)
2026-02-03T11:56:58.198900 [19103s] BTC: $78,223.52 (4ex, +0.040%) | 15m: 0.87/0.90 | 1h: N/A | P&L: $+5.30 (57)
2026-02-03T11:57:58.273137 [19163s] BTC: $78,181.59 (4ex, -0.054%) | 15m: 0.65/0.66 | 1h: N/A | P&L: $+5.30 (57)
2026-02-03T11:58:34.877747 [19200s] 💾 Checkpoint
2026-02-03T11:58:58.343537 [19223s] BTC: $78,070.90 (4ex, -0.142%) | 15m: 0.00/0.01 | 1h: N/A | P&L: $+5.30 (57)
2026-02-03T11:59:58.413533 [19283s] BTC: $78,042.25 (4ex, -0.037%) | 15m: 0.00/0.01 | 1h: N/A | P&L: $+5.30 (57)
2026-02-03T12:00:28.452299 [19313s] 🔄 15M transition
2026-02-03T12:00:29.453691 [19314s] 🔄 15M transition
2026-02-03T12:00:30.454591 [19315s] 🔄 15M transition
2026-02-03T12:00:31.456591 [19316s] 🔄 15M transition
2026-02-03T12:00:32.457023 [19317s] 🔄 15M transition
2026-02-03T12:00:58.494669 [19343s] BTC: $78,070.56 (4ex, +0.033%) | 15m: 0.37/0.43 | 1h: N/A | P&L: $+5.30 (57)
2026-02-03T12:01:58.554321 [19403s] BTC: $78,027.29 (4ex, -0.055%) | 15m: 0.50/0.52 | 1h: N/A | P&L: $+5.30 (57)
2026-02-03T12:02:58.624376 [19464s] BTC: $77,967.40 (4ex, -0.077%) | 15m: 0.43/0.48 | 1h: N/A | P&L: $+5.30 (57)
2026-02-03T12:03:34.885089 [19500s] 💾 Checkpoint
2026-02-03T12:03:58.688912 [19524s] BTC: $77,987.16 (4ex, -0.006%) | 15m: 0.29/0.31 | 1h: N/A | P&L: $+5.30 (57)
2026-02-03T12:04:58.752828 [19584s] BTC: $77,985.50 (4ex, -0.003%) | 15m: 0.41/0.45 | 1h: N/A | P&L: $+5.30 (57)
2026-02-03T12:05:58.820030 [19644s] BTC: $77,955.04 (4ex, -0.039%) | 15m: 0.35/0.36 | 1h: N/A | P&L: $+5.30 (57)
2026-02-03T12:06:58.891295 [19704s] BTC: $77,977.55 (4ex, +0.029%) | 15m: 0.44/0.48 | 1h: N/A | P&L: $+5.30 (57)
2026-02-03T12:07:58.958458 [19764s] BTC: $78,014.71 (4ex, +0.047%) | 15m: 0.38/0.42 | 1h: N/A | P&L: $+5.30 (57)
2026-02-03T12:08:34.892397 [19800s] 💾 Checkpoint
2026-02-03T12:08:59.019935 [19824s] BTC: $78,045.24 (4ex, +0.039%) | 15m: 0.73/0.74 | 1h: N/A | P&L: $+5.30 (57)
2026-02-03T12:09:59.091619 [19884s] BTC: $78,047.77 (4ex, +0.003%) | 15m: 0.68/0.70 | 1h: N/A | P&L: $+5.30 (57)
2026-02-03T12:10:59.161035 [19944s] BTC: $78,038.89 (4ex, -0.011%) | 15m: 0.58/0.60 | 1h: N/A | P&L: $+5.30 (57)
2026-02-03T12:11:59.224955 [20004s] BTC: $78,048.29 (4ex, +0.012%) | 15m: 0.60/0.64 | 1h: N/A | P&L: $+5.30 (57)
2026-02-03T12:12:59.295125 [20064s] BTC: $78,109.31 (4ex, +0.072%) | 15m: 0.89/0.91 | 1h: N/A | P&L: $+5.30 (57)
2026-02-03T12:13:34.900277 [20100s] 💾 Checkpoint
2026-02-03T12:13:59.359077 [20124s] BTC: $78,171.05 (4ex, -0.068%) | 15m: 0.99/1.00 | 1h: N/A | P&L: $+5.30 (57)
2026-02-03T12:14:59.435097 [20184s] BTC: $78,157.42 (4ex, -0.009%) | 15m: 0.99/1.00 | 1h: N/A | P&L: $+5.30 (57)
2026-02-03T12:15:06.447249 [20191s] 🔄 15M transition
2026-02-03T12:15:07.448973 [20192s] 🔄 15M transition
2026-02-03T12:15:08.450425 [20193s] 🔄 15M transition
2026-02-03T12:15:09.451885 [20194s] 🔄 15M transition
2026-02-03T12:15:10.453001 [20195s] 🔄 15M transition
2026-02-03T12:15:59.512046 [20244s] BTC: $78,118.74 (4ex, -0.049%) | 15m: 0.55/0.56 | 1h: N/A | P&L: $+5.30 (57)
2026-02-03T12:16:59.596310 [20305s] BTC: $78,110.26 (4ex, -0.011%) | 15m: 0.36/0.38 | 1h: N/A | P&L: $+5.30 (57)
2026-02-03T12:17:59.670171 [20365s] BTC: $78,106.87 (4ex, -0.004%) | 15m: 0.35/0.36 | 1h: N/A | P&L: $+5.30 (57)
2026-02-03T12:18:34.906337 [20400s] 💾 Checkpoint
2026-02-03T12:18:59.756532 [20425s] BTC: $78,117.68 (4ex, +0.014%) | 15m: 0.37/0.38 | 1h: N/A | P&L: $+5.30 (57)
2026-02-03T12:19:59.826753 [20485s] BTC: $78,091.98 (4ex, -0.033%) | 15m: 0.30/0.31 | 1h: N/A | P&L: $+5.30 (57)
2026-02-03T12:20:59.894253 [20545s] BTC: $78,123.71 (4ex, +0.036%) | 15m: 0.28/0.29 | 1h: N/A | P&L: $+5.30 (57)
2026-02-03T12:21:59.962335 [20605s] BTC: $78,151.80 (4ex, +0.036%) | 15m: 0.57/0.59 | 1h: N/A | P&L: $+5.30 (57)
2026-02-03T12:23:00.040338 [20665s] BTC: $78,130.33 (4ex, -0.027%) | 15m: 0.42/0.46 | 1h: N/A | P&L: $+5.30 (57)
2026-02-03T12:23:34.912849 [20700s] 💾 Checkpoint
2026-02-03T12:23:45.093507 [20710s] 📉 15M MEAN-REV: K@0.21 (extreme low) + BTC stable → YES
2026-02-03T12:24:00.122917 [20725s] BTC: $78,115.29 (4ex, -0.019%) | 15m: 0.18/0.21 | 1h: N/A | P&L: $+5.30 (57)
2026-02-03T12:24:11.144594 [20736s] ✅ 15M mean_reversion_low CLOSE (PROFIT): $+0.20 | Total: $+5.50
2026-02-03T12:25:00.213977 [20785s] BTC: $78,123.67 (4ex, +0.011%) | 15m: 0.22/0.26 | 1h: N/A | P&L: $+5.50 (58)
2026-02-03T12:26:00.301901 [20845s] BTC: $78,150.21 (4ex, +0.034%) | 15m: 0.51/0.54 | 1h: N/A | P&L: $+5.50 (58)
2026-02-03T12:27:00.377193 [20905s] BTC: $78,169.96 (4ex, +0.025%) | 15m: 0.54/0.56 | 1h: N/A | P&L: $+5.50 (58)
2026-02-03T12:28:00.443741 [20965s] BTC: $78,181.46 (4ex, +0.015%) | 15m: 0.84/0.87 | 1h: N/A | P&L: $+5.50 (58)
2026-02-03T12:28:34.918949 [21000s] 💾 Checkpoint
2026-02-03T12:29:00.500595 [21025s] BTC: $78,187.66 (4ex, +0.004%) | 15m: 0.80/0.83 | 1h: N/A | P&L: $+5.50 (58)
2026-02-03T12:30:00.559315 [21085s] BTC: $78,234.63 (4ex, +0.060%) | 15m: 0.99/1.00 | 1h: N/A | P&L: $+5.50 (58)
2026-02-03T12:30:13.574961 [21099s] 🔄 15M transition
2026-02-03T12:30:14.576031 [21100s] 🔄 15M transition
2026-02-03T12:30:15.577190 [21101s] 🔄 15M transition
2026-02-03T12:30:16.578400 [21102s] 🔄 15M transition
2026-02-03T12:30:17.578924 [21103s] 🔄 15M transition
2026-02-03T12:31:00.621520 [21146s] BTC: $78,211.34 (4ex, -0.024%) | 15m: 0.45/0.48 | 1h: N/A | P&L: $+5.50 (58)
2026-02-03T12:32:00.685408 [21206s] BTC: $78,233.16 (4ex, +0.032%) | 15m: 0.46/0.54 | 1h: N/A | P&L: $+5.50 (58)
2026-02-03T12:33:00.745690 [21266s] BTC: $78,242.46 (4ex, +0.011%) | 15m: 0.51/0.55 | 1h: N/A | P&L: $+5.50 (58)
2026-02-03T12:33:34.926774 [21300s] 💾 Checkpoint
2026-02-03T12:34:00.824502 [21326s] BTC: $78,191.27 (4ex, -0.065%) | 15m: 0.55/0.59 | 1h: N/A | P&L: $+5.50 (58)
2026-02-03T12:35:00.891187 [21386s] BTC: $78,159.87 (4ex, -0.021%) | 15m: 0.28/0.29 | 1h: N/A | P&L: $+5.50 (58)
2026-02-03T12:36:00.956884 [21446s] BTC: $78,150.03 (4ex, -0.010%) | 15m: 0.20/0.25 | 1h: N/A | P&L: $+5.50 (58)
2026-02-03T12:37:01.018152 [21506s] BTC: $78,183.79 (4ex, +0.043%) | 15m: 0.25/0.28 | 1h: N/A | P&L: $+5.50 (58)
2026-02-03T12:38:01.098192 [21566s] BTC: $78,224.02 (4ex, +0.051%) | 15m: 0.40/0.45 | 1h: N/A | P&L: $+5.50 (58)
2026-02-03T12:38:34.933468 [21600s] 💾 Checkpoint
2026-02-03T12:39:01.167508 [21626s] BTC: $78,265.21 (4ex, +0.053%) | 15m: 0.60/0.61 | 1h: N/A | P&L: $+5.50 (58)
2026-02-03T12:40:01.241984 [21686s] BTC: $78,269.18 (4ex, +0.005%) | 15m: 0.58/0.62 | 1h: N/A | P&L: $+5.50 (58)
2026-02-03T12:41:01.309521 [21746s] BTC: $78,248.76 (4ex, -0.008%) | 15m: 0.49/0.52 | 1h: N/A | P&L: $+5.50 (58)
2026-02-03T12:42:01.378188 [21806s] BTC: $78,253.55 (4ex, +0.007%) | 15m: 0.46/0.50 | 1h: N/A | P&L: $+5.50 (58)
2026-02-03T12:43:01.439345 [21866s] BTC: $78,251.44 (4ex, +0.008%) | 15m: 0.47/0.51 | 1h: N/A | P&L: $+5.50 (58)
2026-02-03T12:43:34.940165 [21900s] 💾 Checkpoint
2026-02-03T12:44:01.504550 [21926s] BTC: $78,217.99 (4ex, -0.043%) | 15m: 0.07/0.09 | 1h: N/A | P&L: $+5.50 (58)
2026-02-03T12:45:01.570045 [21986s] BTC: $78,182.00 (4ex, -0.056%) | 15m: 0.00/0.01 | 1h: N/A | P&L: $+5.50 (58)
2026-02-03T12:45:21.591934 [22007s] 🔄 15M transition
2026-02-03T12:45:22.592879 [22008s] 🔄 15M transition
2026-02-03T12:45:23.593302 [22009s] 🔄 15M transition
2026-02-03T12:45:24.594354 [22010s] 🔄 15M transition
2026-02-03T12:45:25.595840 [22011s] 🔄 15M transition
2026-02-03T12:46:01.637087 [22047s] BTC: $78,215.38 (4ex, +0.029%) | 15m: 0.41/0.45 | 1h: N/A | P&L: $+5.50 (58)
2026-02-03T12:47:01.711918 [22107s] BTC: $78,306.83 (4ex, +0.079%) | 15m: 0.67/0.71 | 1h: N/A | P&L: $+5.50 (58)
2026-02-03T12:48:01.779891 [22167s] BTC: $78,326.59 (4ex, +0.012%) | 15m: 0.73/0.75 | 1h: N/A | P&L: $+5.50 (58)
2026-02-03T12:48:34.947498 [22200s] 💾 Checkpoint
2026-02-03T12:49:01.851987 [22227s] BTC: $78,329.54 (4ex, +0.004%) | 15m: 0.77/0.80 | 1h: N/A | P&L: $+5.50 (58)
2026-02-03T12:49:23.877610 [22249s] 📈 15M MEAN-REV: K@0.81 (extreme high) + BTC stable → NO
2026-02-03T12:50:01.940591 [22287s] BTC: $78,345.79 (4ex, -0.003%) | 15m: 0.80/0.81 | 1h: N/A | P&L: $+5.50 (58)
2026-02-03T12:50:54.019299 [22339s] ❌ 15M mean_reversion_high CLOSE (STOP(-25%)): $-0.70 | Total: $+4.80
2026-02-03T12:51:02.028256 [22347s] BTC: $78,294.46 (4ex, -0.053%) | 15m: 0.70/0.74 | 1h: N/A | P&L: $+4.80 (59)
2026-02-03T12:52:02.106146 [22407s] BTC: $78,259.13 (4ex, -0.044%) | 15m: 0.53/0.56 | 1h: N/A | P&L: $+4.80 (59)
2026-02-03T12:53:02.170014 [22467s] BTC: $78,274.87 (4ex, +0.024%) | 15m: 0.77/0.80 | 1h: N/A | P&L: $+4.80 (59)
2026-02-03T12:53:34.956187 [22500s] 💾 Checkpoint
2026-02-03T12:54:02.231916 [22527s] BTC: $78,288.27 (4ex, +0.017%) | 15m: 0.72/0.73 | 1h: N/A | P&L: $+4.80 (59)
2026-02-03T12:54:56.295406 [22581s] 📈 15M MEAN-REV: K@0.87 (extreme high) + BTC stable → NO
2026-02-03T12:55:02.306570 [22587s] BTC: $78,323.02 (4ex, +0.047%) | 15m: 0.87/0.88 | 1h: N/A | P&L: $+4.80 (59)
2026-02-03T12:55:26.346971 [22611s] ✅ 15M mean_reversion_high CLOSE (PROFIT): $+0.50 | Total: $+5.30
2026-02-03T12:56:02.391116 [22647s] BTC: $78,342.56 (4ex, +0.008%) | 15m: 0.93/0.95 | 1h: N/A | P&L: $+5.30 (60)
2026-02-03T12:57:02.467870 [22707s] BTC: $78,349.85 (4ex, +0.012%) | 15m: 0.95/0.98 | 1h: N/A | P&L: $+5.30 (60)
2026-02-03T12:58:02.538769 [22767s] BTC: $78,290.66 (4ex, -0.076%) | 15m: 0.91/0.93 | 1h: N/A | P&L: $+5.30 (60)
2026-02-03T12:58:34.965202 [22800s] 💾 Checkpoint
2026-02-03T12:59:02.609480 [22828s] BTC: $78,285.79 (4ex, -0.007%) | 15m: 0.98/0.99 | 1h: N/A | P&L: $+5.30 (60)
2026-02-03T13:00:02.677221 [22888s] BTC: $78,280.12 (4ex, +0.003%) | 15m: 0.99/1.00 | 1h: N/A | P&L: $+5.30 (60)
2026-02-03T13:00:29.709954 [22915s] 🔄 15M transition
2026-02-03T13:00:30.712116 [22916s] 🔄 15M transition
2026-02-03T13:00:31.713112 [22917s] 🔄 15M transition
2026-02-03T13:00:32.714123 [22918s] 🔄 15M transition
2026-02-03T13:00:33.715036 [22919s] 🔄 15M transition
2026-02-03T13:01:02.763432 [22948s] BTC: $78,273.71 (4ex, -0.015%) | 15m: 0.52/0.54 | 1h: N/A | P&L: $+5.30 (60)
2026-02-03T13:02:02.842453 [23008s] BTC: $78,214.69 (4ex, -0.050%) | 15m: 0.30/0.34 | 1h: N/A | P&L: $+5.30 (60)
2026-02-03T13:03:02.913028 [23068s] BTC: $78,210.83 (4ex, +0.001%) | 15m: 0.26/0.29 | 1h: N/A | P&L: $+5.30 (60)
2026-02-03T13:03:34.972931 [23100s] 💾 Checkpoint
2026-02-03T13:04:02.987661 [23128s] BTC: $78,217.29 (4ex, +0.035%) | 15m: 0.35/0.36 | 1h: N/A | P&L: $+5.30 (60)
2026-02-03T13:05:03.079874 [23188s] BTC: $78,189.94 (4ex, -0.015%) | 15m: 0.23/0.26 | 1h: N/A | P&L: $+5.30 (60)
2026-02-03T13:06:03.144645 [23248s] BTC: $78,245.79 (4ex, +0.071%) | 15m: 0.39/0.41 | 1h: N/A | P&L: $+5.30 (60)
2026-02-03T13:07:03.217392 [23308s] BTC: $78,334.29 (4ex, +0.056%) | 15m: 0.83/0.84 | 1h: N/A | P&L: $+5.30 (60)
2026-02-03T13:07:05.219739 [23310s] 📈 15M MEAN-REV: K@0.83 (extreme high) + BTC stable → NO
2026-02-03T13:07:33.269897 [23338s] ❌ 15M mean_reversion_high CLOSE (STOP(-25%)): $-0.50 | Total: $+4.80
2026-02-03T13:08:03.307103 [23368s] BTC: $78,324.46 (4ex, -0.010%) | 15m: 0.76/0.79 | 1h: N/A | P&L: $+4.80 (61)
2026-02-03T13:08:34.981154 [23400s] 💾 Checkpoint
2026-02-03T13:09:03.373239 [23428s] BTC: $78,312.72 (4ex, -0.010%) | 15m: 0.60/0.65 | 1h: N/A | P&L: $+4.80 (61)
2026-02-03T13:10:03.455849 [23488s] BTC: $78,309.81 (4ex, +0.018%) | 15m: 0.44/0.47 | 1h: N/A | P&L: $+4.80 (61)
2026-02-03T13:11:03.511960 [23548s] BTC: $78,287.97 (4ex, -0.028%) | 15m: 0.49/0.54 | 1h: N/A | P&L: $+4.80 (61)
2026-02-03T13:12:03.571579 [23608s] BTC: $78,327.82 (4ex, +0.051%) | 15m: 0.72/0.76 | 1h: N/A | P&L: $+4.80 (61)
2026-02-03T13:13:03.631034 [23669s] BTC: $78,289.66 (4ex, -0.053%) | 15m: 0.79/0.82 | 1h: N/A | P&L: $+4.80 (61)
2026-02-03T13:13:34.988029 [23700s] 💾 Checkpoint
2026-02-03T13:14:03.689992 [23729s] BTC: $78,324.63 (4ex, +0.045%) | 15m: 0.77/0.86 | 1h: N/A | P&L: $+4.80 (61)
2026-02-03T13:15:03.754853 [23789s] BTC: $78,335.71 (4ex, +0.014%) | 15m: 0.99/1.00 | 1h: N/A | P&L: $+4.80 (61)
2026-02-03T13:15:06.759110 [23792s] 🔄 15M transition
2026-02-03T13:15:07.760287 [23793s] 🔄 15M transition
2026-02-03T13:15:08.761248 [23794s] 🔄 15M transition
2026-02-03T13:15:09.762855 [23795s] 🔄 15M transition
2026-02-03T13:15:10.764407 [23796s] 🔄 15M transition
2026-02-03T13:16:03.824328 [23849s] BTC: $78,325.11 (4ex, -0.009%) | 15m: 0.34/0.50 | 1h: N/A | P&L: $+4.80 (61)
2026-02-03T13:17:03.891607 [23909s] BTC: $78,338.95 (4ex, +0.018%) | 15m: 0.50/0.52 | 1h: N/A | P&L: $+4.80 (61)
2026-02-03T13:18:03.967552 [23969s] BTC: $78,314.28 (4ex, -0.031%) | 15m: 0.41/0.45 | 1h: N/A | P&L: $+4.80 (61)
2026-02-03T13:18:34.997138 [24000s] 💾 Checkpoint
2026-02-03T13:19:04.037029 [24029s] BTC: $78,287.67 (4ex, -0.036%) | 15m: 0.39/0.42 | 1h: N/A | P&L: $+4.80 (61)
2026-02-03T13:20:04.119266 [24089s] BTC: $78,275.27 (4ex, -0.016%) | 15m: 0.28/0.32 | 1h: N/A | P&L: $+4.80 (61)
2026-02-03T13:21:04.195940 [24149s] BTC: $78,234.45 (4ex, -0.059%) | 15m: 0.15/0.16 | 1h: N/A | P&L: $+4.80 (61)
2026-02-03T13:21:12.203716 [24157s] 📉 15M MEAN-REV: K@0.16 (extreme low) + BTC stable → YES
2026-02-03T13:22:00.285680 [24205s] ❌ 15M mean_reversion_low CLOSE (STOP(-25%)): $-0.50 | Total: $+4.30
2026-02-03T13:22:04.290099 [24209s] BTC: $78,208.99 (4ex, -0.033%) | 15m: 0.11/0.13 | 1h: N/A | P&L: $+4.30 (62)
2026-02-03T13:23:00.359742 [24265s] 📉 15M MEAN-REV: K@0.18 (extreme low) + BTC stable → YES
2026-02-03T13:23:01.364380 [24266s] ❌ 15M mean_reversion_low CLOSE (STOP(-25%)): $-0.80 | Total: $+3.50
2026-02-03T13:23:04.367370 [24269s] BTC: $78,190.65 (4ex, -0.022%) | 15m: 0.10/0.12 | 1h: N/A | P&L: $+3.50 (63)
2026-02-03T13:23:35.004068 [24300s] 💾 Checkpoint
2026-02-03T13:24:01.444718 [24326s] 📉 15M MEAN-REV: K@0.19 (extreme low) + BTC stable → YES
2026-02-03T13:24:04.461264 [24329s] BTC: $78,212.18 (4ex, +0.061%) | 15m: 0.16/0.19 | 1h: N/A | P&L: $+3.50 (63)
2026-02-03T13:24:31.533054 [24356s] ❌ 15M mean_reversion_low CLOSE (STOP(-25%)): $-1.30 | Total: $+2.20
2026-02-03T13:25:04.575027 [24390s] BTC: $78,190.83 (4ex, -0.027%) | 15m: 0.05/0.07 | 1h: N/A | P&L: $+2.20 (64)
2026-02-03T13:26:04.651106 [24450s] BTC: $78,206.66 (4ex, +0.020%) | 15m: 0.05/0.07 | 1h: N/A | P&L: $+2.20 (64)
2026-02-03T13:27:04.720712 [24510s] BTC: $78,223.02 (4ex, +0.020%) | 15m: 0.03/0.04 | 1h: N/A | P&L: $+2.20 (64)
2026-02-03T13:28:04.797073 [24570s] BTC: $78,241.47 (4ex, +0.024%) | 15m: 0.02/0.04 | 1h: N/A | P&L: $+2.20 (64)
2026-02-03T13:28:35.012408 [24600s] 💾 Checkpoint
2026-02-03T13:29:04.873509 [24630s] BTC: $78,244.81 (4ex, +0.004%) | 15m: 0.00/0.01 | 1h: N/A | P&L: $+2.20 (64)
2026-02-03T13:30:04.944525 [24690s] 🔄 15M transition
2026-02-03T13:30:04.944652 [24690s] BTC: $78,325.77 (4ex, +0.043%) | 15m: 0.45/0.55 | 1h: N/A | P&L: $+2.20 (64)
2026-02-03T13:30:05.946216 [24691s] 🔄 15M transition
2026-02-03T13:30:06.947570 [24692s] 🔄 15M transition
2026-02-03T13:30:07.948830 [24693s] 🔄 15M transition
2026-02-03T13:30:08.950299 [24694s] 🔄 15M transition
2026-02-03T13:31:05.036419 [24750s] BTC: $78,339.40 (4ex, +0.018%) | 15m: 0.60/0.64 | 1h: N/A | P&L: $+2.20 (64)
2026-02-03T13:32:05.110948 [24810s] BTC: $78,301.20 (4ex, -0.049%) | 15m: 0.54/0.58 | 1h: N/A | P&L: $+2.20 (64)
2026-02-03T13:33:05.174922 [24870s] BTC: $78,278.74 (4ex, -0.029%) | 15m: 0.46/0.48 | 1h: N/A | P&L: $+2.20 (64)
2026-02-03T13:33:35.020668 [24900s] 💾 Checkpoint
2026-02-03T13:34:05.239242 [24930s] BTC: $78,234.91 (4ex, -0.060%) | 15m: 0.34/0.39 | 1h: N/A | P&L: $+2.20 (64)
2026-02-03T13:35:05.303915 [24990s] BTC: $78,294.65 (4ex, +0.076%) | 15m: 0.42/0.44 | 1h: N/A | P&L: $+2.20 (64)
2026-02-03T13:36:05.365701 [25050s] BTC: $78,268.52 (4ex, -0.033%) | 15m: 0.38/0.42 | 1h: N/A | P&L: $+2.20 (64)
2026-02-03T13:37:05.429371 [25110s] BTC: $78,267.41 (4ex, -0.003%) | 15m: 0.34/0.39 | 1h: N/A | P&L: $+2.20 (64)
2026-02-03T13:38:05.504437 [25170s] BTC: $78,357.94 (4ex, +0.115%) | 15m: 0.47/0.49 | 1h: N/A | P&L: $+2.20 (64)
2026-02-03T13:38:35.028358 [25200s] 💾 Checkpoint
2026-02-03T13:39:05.575128 [25231s] BTC: $78,332.07 (4ex, -0.030%) | 15m: 0.59/0.63 | 1h: N/A | P&L: $+2.20 (64)
2026-02-03T13:40:05.642882 [25291s] BTC: $78,326.14 (4ex, -0.004%) | 15m: 0.50/0.53 | 1h: N/A | P&L: $+2.20 (64)
2026-02-03T13:41:05.712305 [25351s] BTC: $78,300.77 (4ex, -0.032%) | 15m: 0.51/0.56 | 1h: N/A | P&L: $+2.20 (64)
2026-02-03T13:42:05.788263 [25411s] BTC: $78,262.74 (4ex, +0.002%) | 15m: 0.19/0.22 | 1h: N/A | P&L: $+2.20 (64)
2026-02-03T13:42:24.160572 
⚠️ SIGNAL RECEIVED: SIGTERM (signum=15) at 2026-02-03T13:42:24.160507
2026-02-03T13:42:24.810604 
======================================================================
SUMMARY
======================================================================
Duration: 423min | Signals: 64
Trades: 64 | P&L: $+2.20
mean_reversion_low: 30 trades, 20% win, $-11.40
mean_reversion_high: 26 trades, 88% win, $+6.20
delay_arb: 8 trades, 100% win, $+7.40
======================================================================

