2026-02-03T15:21:14.880913 
======================================================================
v7 — Research-Validated High-Frequency Validation Mode
======================================================================
Duration: 720min | Start: 15:21:14 UTC
Strategies: MR-High (≥0.6), Delay Arb (0.2%), Parity Arb, Endgame
Params: cooldown=5s, max_pos=5/mkt, timeout=180s
Goal: 50-100+ trades/hr for statistical validation
======================================================================

2026-02-03T15:21:15.887064 [    1s] 🔍 DEBUG KXBTC15M-26FEB031030-30: K=0.82 ask=0.88 ttc=524s can_enter=True(ok)
2026-02-03T15:21:45.933994 [   31s] 🔍 DEBUG KXBTC15M-26FEB031030-30: K=0.90 ask=0.91 ttc=494s can_enter=True(ok)
2026-02-03T15:22:14.966453 [   60s] BTC: $77,441.17 (-0.123%) | Brackets: 1 | Open: 0 | Trades: 0 (0.0/hr) | P&L: $+0.00
2026-02-03T15:22:15.968168 [   61s] 🔍 DEBUG KXBTC15M-26FEB031030-30: K=0.89 ask=0.91 ttc=464s can_enter=True(ok)
2026-02-03T15:22:45.997826 [   91s] 🔍 DEBUG KXBTC15M-26FEB031030-30: K=0.85 ask=0.88 ttc=434s can_enter=True(ok)
2026-02-03T15:23:15.043516 [  120s] BTC: $77,488.32 (+0.121%) | Brackets: 1 | Open: 0 | Trades: 0 (0.0/hr) | P&L: $+0.00
2026-02-03T15:23:16.045573 [  121s] 🔍 DEBUG KXBTC15M-26FEB031030-30: K=0.81 ask=0.84 ttc=404s can_enter=True(ok)
2026-02-03T15:23:46.076687 [  151s] 🔍 DEBUG KXBTC15M-26FEB031030-30: K=0.84 ask=0.87 ttc=374s can_enter=True(ok)
2026-02-03T15:24:15.105532 [  180s] BTC: $77,416.45 (-0.051%) | Brackets: 1 | Open: 0 | Trades: 0 (0.0/hr) | P&L: $+0.00
2026-02-03T15:24:16.106434 [  181s] 🔍 DEBUG KXBTC15M-26FEB031030-30: K=0.90 ask=0.92 ttc=344s can_enter=True(ok)
2026-02-03T15:24:46.137709 [  211s] 🔍 DEBUG KXBTC15M-26FEB031030-30: K=0.81 ask=0.82 ttc=314s can_enter=True(ok)
2026-02-03T15:24:57.148856 [  222s] 📈 MR-HIGH KXBTC15M-26FEB031030-30: K@0.68 → NO@0.32
2026-02-03T15:25:15.177180 [  240s] BTC: $77,130.31 (-0.142%) | Brackets: 1 | Open: 1 | Trades: 0 (0.0/hr) | P&L: $+0.00
2026-02-03T15:25:16.178057 [  241s] 🔍 DEBUG KXBTC15M-26FEB031030-30: K=0.68 ask=0.70 ttc=284s can_enter=True(ok)
2026-02-03T15:25:28.194588 [  253s] ✅ mean_reversion_high KXBTC15M-26FEB031030-30 CLOSE (PROFIT): $+1.70 | Total: $+1.70
2026-02-03T15:25:46.213351 [  271s] 🔍 DEBUG KXBTC15M-26FEB031030-30: K=0.49 ask=0.51 ttc=254s can_enter=True(ok)
2026-02-03T15:26:15.242863 [  300s] BTC: $77,290.86 (+0.230%) | Brackets: 1 | Open: 0 | Trades: 1 (12.0/hr) | P&L: $+1.70
2026-02-03T15:26:16.244716 [  301s] 🔍 DEBUG KXBTC15M-26FEB031030-30: K=0.53 ask=0.55 ttc=224s can_enter=True(ok)
2026-02-03T15:26:46.285380 [  331s] 🔍 DEBUG KXBTC15M-26FEB031030-30: K=0.94 ask=0.95 ttc=194s can_enter=True(ok)
2026-02-03T15:27:15.314469 [  360s] BTC: $77,865.50 (-0.216%) | Brackets: 1 | Open: 0 | Trades: 1 (10.0/hr) | P&L: $+1.70
2026-02-03T15:27:16.315750 [  361s] 🔍 DEBUG KXBTC15M-26FEB031030-30: K=0.96 ask=0.99 ttc=164s can_enter=True(ok)
2026-02-03T15:27:46.345777 [  391s] 🔍 DEBUG KXBTC15M-26FEB031030-30: K=0.98 ask=1.00 ttc=134s can_enter=True(ok)
2026-02-03T15:28:15.380984 [  420s] BTC: $77,838.04 (+0.150%) | Brackets: 1 | Open: 0 | Trades: 1 (8.6/hr) | P&L: $+1.70
2026-02-03T15:28:16.382242 [  421s] 🔍 DEBUG KXBTC15M-26FEB031030-30: K=0.94 ask=0.99 ttc=104s can_enter=False(too_close)
2026-02-03T15:28:46.416994 [  451s] 🔍 DEBUG KXBTC15M-26FEB031030-30: K=0.96 ask=1.00 ttc=74s can_enter=False(too_close)
2026-02-03T15:29:15.446778 [  480s] BTC: $77,800.54 (-0.044%) | Brackets: 1 | Open: 0 | Trades: 1 (7.5/hr) | P&L: $+1.70
2026-02-03T15:29:16.447711 [  481s] 🔍 DEBUG KXBTC15M-26FEB031030-30: K=0.99 ask=1.00 ttc=44s can_enter=False(too_close)
2026-02-03T15:29:46.474541 [  511s] 🔍 DEBUG KXBTC15M-26FEB031030-30: K=0.99 ask=1.00 ttc=14s can_enter=False(too_close)
2026-02-03T15:30:15.508598 [  540s] BTC: $77,710.75 (-0.008%) | Brackets: 1 | Open: 0 | Trades: 1 (6.7/hr) | P&L: $+1.70
2026-02-03T15:30:16.509598 [  541s] 🔍 DEBUG KXBTC15M-26FEB031030-30: K=0.99 ask=1.00 ttc=-17s can_enter=False(too_close)
2026-02-03T15:30:46.540395 [  571s] 🔍 DEBUG KXBTC15M-26FEB031045-45: K=0.40 ask=0.45 ttc=853s can_enter=True(ok)
2026-02-03T15:31:15.569166 [  600s] BTC: $77,678.48 (+0.056%) | Brackets: 1 | Open: 0 | Trades: 1 (6.0/hr) | P&L: $+1.70
2026-02-03T15:31:16.569550 [  601s] 🔍 DEBUG KXBTC15M-26FEB031045-45: K=0.39 ask=0.40 ttc=823s can_enter=True(ok)
2026-02-03T15:31:46.600903 [  631s] 🔍 DEBUG KXBTC15M-26FEB031045-45: K=0.48 ask=0.51 ttc=793s can_enter=True(ok)
2026-02-03T15:31:50.603730 [  635s] 🎯 DELAY KXBTC15M-26FEB031045-45: BTC -0.204%(1m) -0.204%(30s) → NO@0.52
2026-02-03T15:32:01.618894 [  646s] ✅ delay_arb KXBTC15M-26FEB031045-45 CLOSE (PROFIT): $+1.40 | Total: $+3.10
2026-02-03T15:32:15.633636 [  660s] BTC: $77,573.02 (+0.018%) | Brackets: 1 | Open: 0 | Trades: 2 (10.9/hr) | P&L: $+3.10
2026-02-03T15:32:16.634729 [  661s] 🔍 DEBUG KXBTC15M-26FEB031045-45: K=0.32 ask=0.34 ttc=763s can_enter=True(ok)
2026-02-03T15:32:46.663700 [  691s] 🔍 DEBUG KXBTC15M-26FEB031045-45: K=0.32 ask=0.37 ttc=733s can_enter=True(ok)
2026-02-03T15:32:55.671449 [  700s] 🎯 DELAY KXBTC15M-26FEB031045-45: BTC +0.202%(1m) +0.202%(30s) → YES@0.37
2026-02-03T15:33:01.680507 [  706s] ✅ delay_arb KXBTC15M-26FEB031045-45 CLOSE (PROFIT): $+2.60 | Total: $+5.70
2026-02-03T15:33:09.689727 [  714s] 🎯 DELAY KXBTC15M-26FEB031045-45: BTC +0.215%(1m) +0.215%(30s) → YES@0.65
2026-02-03T15:33:15.697661 [  720s] BTC: $77,971.54 (+0.094%) | Brackets: 1 | Open: 1 | Trades: 3 (15.0/hr) | P&L: $+5.70
2026-02-03T15:33:16.699090 [  721s] 🔍 DEBUG KXBTC15M-26FEB031045-45: K=0.63 ask=0.65 ttc=703s can_enter=True(ok)
2026-02-03T15:33:32.722989 [  737s] ✅ delay_arb KXBTC15M-26FEB031045-45 CLOSE (PROFIT): $+0.60 | Total: $+6.30
2026-02-03T15:33:37.728266 [  742s] 📈 MR-HIGH KXBTC15M-26FEB031045-45: K@0.71 → NO@0.29
2026-02-03T15:33:46.740521 [  751s] 🔍 DEBUG KXBTC15M-26FEB031045-45: K=0.71 ask=0.74 ttc=673s can_enter=True(ok)
2026-02-03T15:34:02.766913 [  767s] ✅ mean_reversion_high KXBTC15M-26FEB031045-45 CLOSE (PROFIT): $+0.60 | Total: $+6.90
2026-02-03T15:34:07.771919 [  772s] 📈 MR-HIGH KXBTC15M-26FEB031045-45: K@0.63 → NO@0.37
2026-02-03T15:34:15.784035 [  780s] BTC: $77,908.64 (-0.090%) | Brackets: 1 | Open: 1 | Trades: 5 (23.1/hr) | P&L: $+6.90
2026-02-03T15:34:16.785227 [  781s] 🔍 DEBUG KXBTC15M-26FEB031045-45: K=0.63 ask=0.65 ttc=643s can_enter=True(ok)
2026-02-03T15:34:46.823326 [  811s] 🔍 DEBUG KXBTC15M-26FEB031045-45: K=0.58 ask=0.62 ttc=613s can_enter=True(ok)
2026-02-03T15:35:02.850592 [  827s] ✅ mean_reversion_high KXBTC15M-26FEB031045-45 CLOSE (PROFIT): $+0.40 | Total: $+7.30
2026-02-03T15:35:15.864514 [  840s] BTC: $77,839.15 (-0.080%) | Brackets: 1 | Open: 0 | Trades: 6 (25.7/hr) | P&L: $+7.30
2026-02-03T15:35:16.865527 [  841s] 🔍 DEBUG KXBTC15M-26FEB031045-45: K=0.56 ask=0.59 ttc=583s can_enter=True(ok)
2026-02-03T15:35:46.899613 [  872s] 🔍 DEBUG KXBTC15M-26FEB031045-45: K=0.53 ask=0.55 ttc=553s can_enter=True(ok)
2026-02-03T15:36:15.932916 [  901s] BTC: $77,721.42 (-0.081%) | Brackets: 1 | Open: 0 | Trades: 6 (24.0/hr) | P&L: $+7.30
2026-02-03T15:36:16.933601 [  902s] 🔍 DEBUG KXBTC15M-26FEB031045-45: K=0.34 ask=0.36 ttc=523s can_enter=True(ok)
2026-02-03T15:36:46.967422 [  932s] 🔍 DEBUG KXBTC15M-26FEB031045-45: K=0.36 ask=0.40 ttc=493s can_enter=True(ok)
2026-02-03T15:37:15.997904 [  961s] BTC: $77,697.60 (-0.077%) | Brackets: 1 | Open: 0 | Trades: 6 (22.5/hr) | P&L: $+7.30
2026-02-03T15:37:16.998596 [  962s] 🔍 DEBUG KXBTC15M-26FEB031045-45: K=0.50 ask=0.54 ttc=463s can_enter=True(ok)
2026-02-03T15:37:47.028110 [  992s] 🔍 DEBUG KXBTC15M-26FEB031045-45: K=0.45 ask=0.49 ttc=433s can_enter=True(ok)
2026-02-03T15:38:16.060316 [ 1021s] BTC: $77,849.48 (+0.089%) | Brackets: 1 | Open: 0 | Trades: 6 (21.2/hr) | P&L: $+7.30
2026-02-03T15:38:17.061535 [ 1022s] 🔍 DEBUG KXBTC15M-26FEB031045-45: K=0.61 ask=0.66 ttc=403s can_enter=True(ok)
2026-02-03T15:38:26.071849 [ 1031s] 📈 MR-HIGH KXBTC15M-26FEB031045-45: K@0.61 → NO@0.39
2026-02-03T15:38:35.088613 [ 1040s] ❌ mean_reversion_high KXBTC15M-26FEB031045-45 CLOSE (STOP(-25%)): $-1.00 | Total: $+6.30
2026-02-03T15:38:40.093238 [ 1045s] 📈 MR-HIGH KXBTC15M-26FEB031045-45: K@0.68 → NO@0.32
2026-02-03T15:38:47.105059 [ 1052s] 🔍 DEBUG KXBTC15M-26FEB031045-45: K=0.68 ask=0.71 ttc=373s can_enter=True(ok)
2026-02-03T15:39:16.148754 [ 1081s] BTC: $77,832.46 (-0.004%) | Brackets: 1 | Open: 1 | Trades: 7 (23.3/hr) | P&L: $+6.30
2026-02-03T15:39:17.151110 [ 1082s] 🔍 DEBUG KXBTC15M-26FEB031045-45: K=0.65 ask=0.70 ttc=343s can_enter=True(ok)
2026-02-03T15:39:35.182028 [ 1100s] ✅ mean_reversion_high KXBTC15M-26FEB031045-45 CLOSE (PROFIT): $+0.70 | Total: $+7.00
2026-02-03T15:39:47.198400 [ 1112s] 🔍 DEBUG KXBTC15M-26FEB031045-45: K=0.58 ask=0.61 ttc=313s can_enter=True(ok)
2026-02-03T15:40:16.229359 [ 1141s] BTC: $77,757.64 (+0.021%) | Brackets: 1 | Open: 0 | Trades: 8 (25.2/hr) | P&L: $+7.00
2026-02-03T15:40:17.230048 [ 1142s] 🔍 DEBUG KXBTC15M-26FEB031045-45: K=0.50 ask=0.55 ttc=283s can_enter=True(ok)
2026-02-03T15:40:47.264955 [ 1172s] 🔍 DEBUG KXBTC15M-26FEB031045-45: K=0.46 ask=0.51 ttc=253s can_enter=True(ok)
2026-02-03T15:41:16.298001 [ 1201s] BTC: $77,665.74 (-0.118%) | Brackets: 1 | Open: 0 | Trades: 8 (24.0/hr) | P&L: $+7.00
2026-02-03T15:41:17.298870 [ 1202s] 🔍 DEBUG KXBTC15M-26FEB031045-45: K=0.38 ask=0.46 ttc=223s can_enter=True(ok)
2026-02-03T15:41:47.329345 [ 1232s] 🔍 DEBUG KXBTC15M-26FEB031045-45: K=0.17 ask=0.21 ttc=193s can_enter=True(ok)
2026-02-03T15:42:16.361341 [ 1261s] BTC: $77,584.79 (-0.027%) | Brackets: 1 | Open: 0 | Trades: 8 (22.8/hr) | P&L: $+7.00
2026-02-03T15:42:17.362977 [ 1262s] 🔍 DEBUG KXBTC15M-26FEB031045-45: K=0.07 ask=0.11 ttc=163s can_enter=True(ok)
2026-02-03T15:42:47.395213 [ 1292s] 🔍 DEBUG KXBTC15M-26FEB031045-45: K=0.03 ask=0.06 ttc=133s can_enter=True(ok)
2026-02-03T15:43:16.425658 [ 1321s] BTC: $77,595.42 (+0.008%) | Brackets: 1 | Open: 0 | Trades: 8 (21.8/hr) | P&L: $+7.00
2026-02-03T15:43:17.426762 [ 1322s] 🔍 DEBUG KXBTC15M-26FEB031045-45: K=0.02 ask=0.03 ttc=103s can_enter=False(too_close)
2026-02-03T15:43:47.458670 [ 1352s] 🔍 DEBUG KXBTC15M-26FEB031045-45: K=0.01 ask=0.02 ttc=73s can_enter=False(too_close)
2026-02-03T15:44:16.491254 [ 1381s] BTC: $77,493.12 (-0.007%) | Brackets: 1 | Open: 0 | Trades: 8 (20.9/hr) | P&L: $+7.00
2026-02-03T15:44:17.491973 [ 1382s] 🔍 DEBUG KXBTC15M-26FEB031045-45: K=0.00 ask=0.01 ttc=43s can_enter=False(too_close)
2026-02-03T15:44:47.521868 [ 1412s] 🔍 DEBUG KXBTC15M-26FEB031045-45: K=0.00 ask=0.01 ttc=12s can_enter=False(too_close)
2026-02-03T15:45:16.553385 [ 1441s] BTC: $77,312.27 (-0.160%) | Brackets: 1 | Open: 0 | Trades: 8 (20.0/hr) | P&L: $+7.00
2026-02-03T15:45:17.555404 [ 1442s] 🔍 DEBUG KXBTC15M-26FEB031100-00: K=0.45 ask=0.54 ttc=882s can_enter=True(ok)
2026-02-03T15:45:47.584577 [ 1472s] 🔍 DEBUG KXBTC15M-26FEB031100-00: K=0.25 ask=0.43 ttc=852s can_enter=False(spread_wide)
2026-02-03T15:46:16.620155 [ 1501s] BTC: $77,415.79 (+0.075%) | Brackets: 1 | Open: 0 | Trades: 8 (19.2/hr) | P&L: $+7.00
2026-02-03T15:46:17.621113 [ 1502s] 🔍 DEBUG KXBTC15M-26FEB031100-00: K=0.41 ask=0.42 ttc=822s can_enter=True(ok)
2026-02-03T15:46:47.653324 [ 1532s] 🔍 DEBUG KXBTC15M-26FEB031100-00: K=0.36 ask=0.37 ttc=792s can_enter=True(ok)
2026-02-03T15:47:16.679317 [ 1561s] BTC: $77,477.58 (+0.130%) | Brackets: 1 | Open: 0 | Trades: 8 (18.4/hr) | P&L: $+7.00
2026-02-03T15:47:17.679999 [ 1562s] 🔍 DEBUG KXBTC15M-26FEB031100-00: K=0.46 ask=0.49 ttc=762s can_enter=True(ok)
2026-02-03T15:47:33.696500 [ 1578s] 🎯 DELAY KXBTC15M-26FEB031100-00: BTC +0.217%(1m) +0.217%(30s) → YES@0.49
2026-02-03T15:47:39.705462 [ 1584s] ✅ delay_arb KXBTC15M-26FEB031100-00 CLOSE (PROFIT): $+1.90 | Total: $+8.90
2026-02-03T15:47:46.712171 [ 1591s] 🎯 DELAY KXBTC15M-26FEB031100-00: BTC +0.214%(1m) +0.214%(30s) → YES@0.72
2026-02-03T15:47:47.713415 [ 1592s] 🔍 DEBUG KXBTC15M-26FEB031100-00: K=0.68 ask=0.72 ttc=732s can_enter=True(ok)
2026-02-03T15:48:09.744515 [ 1614s] ✅ delay_arb KXBTC15M-26FEB031100-00 CLOSE (PROFIT): $+0.80 | Total: $+9.70
2026-02-03T15:48:16.753240 [ 1621s] BTC: $77,772.33 (+0.019%) | Brackets: 1 | Open: 0 | Trades: 10 (22.2/hr) | P&L: $+9.70
2026-02-03T15:48:17.753940 [ 1622s] 🔍 DEBUG KXBTC15M-26FEB031100-00: K=0.80 ask=0.83 ttc=702s can_enter=True(ok)
2026-02-03T15:48:47.788677 [ 1652s] 🔍 DEBUG KXBTC15M-26FEB031100-00: K=0.82 ask=0.83 ttc=672s can_enter=True(ok)
2026-02-03T15:49:16.819712 [ 1681s] BTC: $77,841.46 (+0.036%) | Brackets: 1 | Open: 0 | Trades: 10 (21.4/hr) | P&L: $+9.70
2026-02-03T15:49:17.820604 [ 1682s] 🔍 DEBUG KXBTC15M-26FEB031100-00: K=0.83 ask=0.86 ttc=642s can_enter=True(ok)
2026-02-03T15:49:47.850307 [ 1712s] 🔍 DEBUG KXBTC15M-26FEB031100-00: K=0.83 ask=0.85 ttc=612s can_enter=True(ok)
2026-02-03T15:50:16.875301 [ 1741s] BTC: $77,924.81 (+0.115%) | Brackets: 1 | Open: 0 | Trades: 10 (20.7/hr) | P&L: $+9.70
2026-02-03T15:50:17.876756 [ 1742s] 🔍 DEBUG KXBTC15M-26FEB031100-00: K=0.86 ask=0.89 ttc=582s can_enter=True(ok)
2026-02-03T15:50:47.905676 [ 1773s] 🔍 DEBUG KXBTC15M-26FEB031100-00: K=0.90 ask=0.93 ttc=552s can_enter=True(ok)
2026-02-03T15:51:16.936225 [ 1802s] BTC: $78,006.66 (+0.052%) | Brackets: 1 | Open: 0 | Trades: 10 (20.0/hr) | P&L: $+9.70
2026-02-03T15:51:17.937161 [ 1803s] 🔍 DEBUG KXBTC15M-26FEB031100-00: K=0.91 ask=0.95 ttc=522s can_enter=True(ok)
2026-02-03T15:51:47.971269 [ 1833s] 🔍 DEBUG KXBTC15M-26FEB031100-00: K=0.90 ask=0.95 ttc=492s can_enter=True(ok)
2026-02-03T15:52:16.997575 [ 1862s] BTC: $77,835.37 (-0.138%) | Brackets: 1 | Open: 0 | Trades: 10 (19.3/hr) | P&L: $+9.70
2026-02-03T15:52:17.998699 [ 1863s] 🔍 DEBUG KXBTC15M-26FEB031100-00: K=0.88 ask=0.90 ttc=462s can_enter=True(ok)
2026-02-03T15:52:48.038714 [ 1893s] 🔍 DEBUG KXBTC15M-26FEB031100-00: K=0.85 ask=0.86 ttc=432s can_enter=True(ok)
2026-02-03T15:53:17.075828 [ 1922s] BTC: $77,855.39 (+0.054%) | Brackets: 1 | Open: 0 | Trades: 10 (18.7/hr) | P&L: $+9.70
2026-02-03T15:53:18.077018 [ 1923s] 🔍 DEBUG KXBTC15M-26FEB031100-00: K=0.85 ask=0.92 ttc=402s can_enter=True(ok)
2026-02-03T15:53:48.112477 [ 1953s] 🔍 DEBUG KXBTC15M-26FEB031100-00: K=0.91 ask=0.93 ttc=372s can_enter=True(ok)
2026-02-03T15:54:17.143231 [ 1982s] BTC: $77,929.07 (+0.032%) | Brackets: 1 | Open: 0 | Trades: 10 (18.2/hr) | P&L: $+9.70
2026-02-03T15:54:18.144472 [ 1983s] 🔍 DEBUG KXBTC15M-26FEB031100-00: K=0.93 ask=0.95 ttc=342s can_enter=True(ok)
2026-02-03T15:54:48.183141 [ 2013s] 🔍 DEBUG KXBTC15M-26FEB031100-00: K=0.95 ask=0.98 ttc=312s can_enter=True(ok)
2026-02-03T15:55:17.215648 [ 2042s] BTC: $77,962.15 (+0.009%) | Brackets: 1 | Open: 0 | Trades: 10 (17.6/hr) | P&L: $+9.70
2026-02-03T15:55:18.216381 [ 2043s] 🔍 DEBUG KXBTC15M-26FEB031100-00: K=0.98 ask=0.99 ttc=282s can_enter=True(ok)
2026-02-03T15:55:48.245936 [ 2073s] 🔍 DEBUG KXBTC15M-26FEB031100-00: K=0.96 ask=0.98 ttc=252s can_enter=True(ok)
2026-02-03T15:56:17.278704 [ 2102s] BTC: $78,009.41 (+0.073%) | Brackets: 1 | Open: 0 | Trades: 10 (17.1/hr) | P&L: $+9.70
2026-02-03T15:56:18.279573 [ 2103s] 🔍 DEBUG KXBTC15M-26FEB031100-00: K=0.97 ask=0.98 ttc=222s can_enter=True(ok)
2026-02-03T15:56:48.310899 [ 2133s] 🔍 DEBUG KXBTC15M-26FEB031100-00: K=0.98 ask=1.00 ttc=192s can_enter=True(ok)
2026-02-03T15:57:17.338502 [ 2162s] BTC: $77,976.52 (-0.005%) | Brackets: 1 | Open: 0 | Trades: 10 (16.7/hr) | P&L: $+9.70
2026-02-03T15:57:18.339387 [ 2163s] 🔍 DEBUG KXBTC15M-26FEB031100-00: K=0.98 ask=0.99 ttc=162s can_enter=True(ok)
2026-02-03T15:57:48.370430 [ 2193s] 🔍 DEBUG KXBTC15M-26FEB031100-00: K=0.99 ask=1.00 ttc=132s can_enter=True(ok)
2026-02-03T15:58:17.411151 [ 2222s] BTC: $78,099.05 (+0.009%) | Brackets: 1 | Open: 0 | Trades: 10 (16.2/hr) | P&L: $+9.70
2026-02-03T15:58:18.412554 [ 2223s] 🔍 DEBUG KXBTC15M-26FEB031100-00: K=0.98 ask=1.00 ttc=102s can_enter=False(too_close)
2026-02-03T15:58:48.442875 [ 2253s] 🔍 DEBUG KXBTC15M-26FEB031100-00: K=0.99 ask=1.00 ttc=72s can_enter=False(too_close)
2026-02-03T15:59:17.474232 [ 2282s] BTC: $78,113.07 (+0.034%) | Brackets: 1 | Open: 0 | Trades: 10 (15.8/hr) | P&L: $+9.70
2026-02-03T15:59:18.475668 [ 2283s] 🔍 DEBUG KXBTC15M-26FEB031100-00: K=0.99 ask=1.00 ttc=42s can_enter=False(too_close)
2026-02-03T15:59:48.507385 [ 2313s] 🔍 DEBUG KXBTC15M-26FEB031100-00: K=0.90 ask=1.00 ttc=11s can_enter=False(too_close)
2026-02-03T16:00:17.540164 [ 2342s] BTC: $78,029.61 (-0.067%) | Brackets: 1 | Open: 0 | Trades: 10 (15.4/hr) | P&L: $+9.70
2026-02-03T16:00:18.541256 [ 2343s] 🔍 DEBUG KXBTC15M-26FEB031115-15: K=0.37 ask=0.45 ttc=881s can_enter=True(ok)
2026-02-03T16:00:48.577153 [ 2373s] 🔍 DEBUG KXBTC15M-26FEB031115-15: K=0.36 ask=0.42 ttc=851s can_enter=True(ok)
2026-02-03T16:01:17.610868 [ 2402s] BTC: $77,976.70 (-0.031%) | Brackets: 1 | Open: 0 | Trades: 10 (15.0/hr) | P&L: $+9.70
2026-02-03T16:01:18.611876 [ 2403s] 🔍 DEBUG KXBTC15M-26FEB031115-15: K=0.36 ask=0.37 ttc=821s can_enter=True(ok)
2026-02-03T16:01:48.647175 [ 2433s] 🔍 DEBUG KXBTC15M-26FEB031115-15: K=0.30 ask=0.34 ttc=791s can_enter=True(ok)
2026-02-03T16:02:17.677129 [ 2462s] BTC: $77,965.39 (+0.005%) | Brackets: 1 | Open: 0 | Trades: 10 (14.6/hr) | P&L: $+9.70
2026-02-03T16:02:18.678566 [ 2463s] 🔍 DEBUG KXBTC15M-26FEB031115-15: K=0.29 ask=0.32 ttc=761s can_enter=True(ok)
2026-02-03T16:02:48.710737 [ 2493s] 🔍 DEBUG KXBTC15M-26FEB031115-15: K=0.26 ask=0.27 ttc=731s can_enter=True(ok)
2026-02-03T16:03:17.750584 [ 2522s] BTC: $77,872.15 (-0.031%) | Brackets: 1 | Open: 0 | Trades: 10 (14.3/hr) | P&L: $+9.70
2026-02-03T16:03:18.752109 [ 2523s] 🔍 DEBUG KXBTC15M-26FEB031115-15: K=0.25 ask=0.26 ttc=701s can_enter=True(ok)
2026-02-03T16:03:48.789200 [ 2553s] 🔍 DEBUG KXBTC15M-26FEB031115-15: K=0.30 ask=0.32 ttc=671s can_enter=True(ok)
2026-02-03T16:04:17.846936 [ 2582s] BTC: $77,846.98 (-0.060%) | Brackets: 1 | Open: 0 | Trades: 10 (13.9/hr) | P&L: $+9.70
2026-02-03T16:04:18.848032 [ 2583s] 🔍 DEBUG KXBTC15M-26FEB031115-15: K=0.22 ask=0.23 ttc=641s can_enter=True(ok)
2026-02-03T16:04:48.883602 [ 2614s] 🔍 DEBUG KXBTC15M-26FEB031115-15: K=0.15 ask=0.17 ttc=611s can_enter=True(ok)
2026-02-03T16:05:17.928216 [ 2643s] BTC: $77,769.72 (-0.036%) | Brackets: 1 | Open: 0 | Trades: 10 (13.6/hr) | P&L: $+9.70
2026-02-03T16:05:18.930190 [ 2644s] 🔍 DEBUG KXBTC15M-26FEB031115-15: K=0.12 ask=0.14 ttc=581s can_enter=True(ok)
2026-02-03T16:05:48.967707 [ 2674s] 🔍 DEBUG KXBTC15M-26FEB031115-15: K=0.15 ask=0.16 ttc=551s can_enter=True(ok)
2026-02-03T16:06:17.998264 [ 2703s] BTC: $77,750.03 (-0.040%) | Brackets: 1 | Open: 0 | Trades: 10 (13.3/hr) | P&L: $+9.70
2026-02-03T16:06:19.000338 [ 2704s] 🔍 DEBUG KXBTC15M-26FEB031115-15: K=0.15 ask=0.16 ttc=521s can_enter=True(ok)
2026-02-03T16:06:49.038515 [ 2734s] 🔍 DEBUG KXBTC15M-26FEB031115-15: K=0.13 ask=0.16 ttc=491s can_enter=True(ok)
2026-02-03T16:07:18.069420 [ 2763s] BTC: $77,621.01 (-0.024%) | Brackets: 1 | Open: 0 | Trades: 10 (13.0/hr) | P&L: $+9.70
2026-02-03T16:07:19.070604 [ 2764s] 🔍 DEBUG KXBTC15M-26FEB031115-15: K=0.08 ask=0.09 ttc=461s can_enter=True(ok)
2026-02-03T16:07:49.111117 [ 2794s] 🔍 DEBUG KXBTC15M-26FEB031115-15: K=0.06 ask=0.10 ttc=431s can_enter=True(ok)
2026-02-03T16:08:18.148670 [ 2823s] BTC: $77,629.13 (-0.017%) | Brackets: 1 | Open: 0 | Trades: 10 (12.8/hr) | P&L: $+9.70
2026-02-03T16:08:19.150174 [ 2824s] 🔍 DEBUG KXBTC15M-26FEB031115-15: K=0.06 ask=0.09 ttc=401s can_enter=True(ok)
2026-02-03T16:08:49.181507 [ 2854s] 🔍 DEBUG KXBTC15M-26FEB031115-15: K=0.05 ask=0.08 ttc=371s can_enter=True(ok)
2026-02-03T16:09:18.216185 [ 2883s] BTC: $77,650.37 (-0.039%) | Brackets: 1 | Open: 0 | Trades: 10 (12.5/hr) | P&L: $+9.70
2026-02-03T16:09:19.216942 [ 2884s] 🔍 DEBUG KXBTC15M-26FEB031115-15: K=0.05 ask=0.06 ttc=341s can_enter=True(ok)
2026-02-03T16:09:49.246737 [ 2914s] 🔍 DEBUG KXBTC15M-26FEB031115-15: K=0.05 ask=0.08 ttc=311s can_enter=True(ok)
2026-02-03T16:10:18.280134 [ 2943s] BTC: $77,415.73 (-0.126%) | Brackets: 1 | Open: 0 | Trades: 10 (12.2/hr) | P&L: $+9.70
2026-02-03T16:10:19.281575 [ 2944s] 🔍 DEBUG KXBTC15M-26FEB031115-15: K=0.02 ask=0.05 ttc=281s can_enter=True(ok)
2026-02-03T16:10:49.316725 [ 2974s] 🔍 DEBUG KXBTC15M-26FEB031115-15: K=0.01 ask=0.03 ttc=251s can_enter=True(ok)
2026-02-03T16:11:18.347447 [ 3003s] BTC: $77,387.56 (+0.014%) | Brackets: 1 | Open: 0 | Trades: 10 (12.0/hr) | P&L: $+9.70
2026-02-03T16:11:19.349074 [ 3004s] 🔍 DEBUG KXBTC15M-26FEB031115-15: K=0.00 ask=0.02 ttc=221s can_enter=True(ok)
2026-02-03T16:11:49.382712 [ 3034s] 🔍 DEBUG KXBTC15M-26FEB031115-15: K=0.00 ask=0.01 ttc=191s can_enter=True(ok)
2026-02-03T16:12:18.428427 [ 3063s] BTC: $77,410.04 (-0.004%) | Brackets: 1 | Open: 0 | Trades: 10 (11.8/hr) | P&L: $+9.70
2026-02-03T16:12:19.430130 [ 3064s] 🔍 DEBUG KXBTC15M-26FEB031115-15: K=0.00 ask=0.01 ttc=161s can_enter=True(ok)
2026-02-03T16:12:49.459851 [ 3094s] 🔍 DEBUG KXBTC15M-26FEB031115-15: K=0.00 ask=0.01 ttc=131s can_enter=True(ok)
2026-02-03T16:13:18.497049 [ 3123s] BTC: $77,400.21 (+0.029%) | Brackets: 1 | Open: 0 | Trades: 10 (11.5/hr) | P&L: $+9.70
2026-02-03T16:13:19.497944 [ 3124s] 🔍 DEBUG KXBTC15M-26FEB031115-15: K=0.00 ask=0.01 ttc=101s can_enter=False(too_close)
2026-02-03T16:13:49.534040 [ 3154s] 🔍 DEBUG KXBTC15M-26FEB031115-15: K=0.00 ask=0.01 ttc=70s can_enter=False(too_close)
2026-02-03T16:14:18.566309 [ 3183s] BTC: $77,329.23 (-0.069%) | Brackets: 1 | Open: 0 | Trades: 10 (11.3/hr) | P&L: $+9.70
2026-02-03T16:14:19.567329 [ 3184s] 🔍 DEBUG KXBTC15M-26FEB031115-15: K=0.00 ask=0.01 ttc=40s can_enter=False(too_close)
2026-02-03T16:14:49.599938 [ 3214s] 🔍 DEBUG KXBTC15M-26FEB031115-15: K=0.00 ask=0.01 ttc=10s can_enter=False(too_close)
2026-02-03T16:15:18.637832 [ 3243s] BTC: $77,295.52 (-0.012%) | Brackets: 1 | Open: 0 | Trades: 10 (11.1/hr) | P&L: $+9.70
2026-02-03T16:15:19.639180 [ 3244s] 🔍 DEBUG KXBTC15M-26FEB031115-15: K=0.00 ask=0.01 ttc=-20s can_enter=False(too_close)
2026-02-03T16:15:49.676598 [ 3274s] 🔍 DEBUG KXBTC15M-26FEB031130-30: K=0.47 ask=0.55 ttc=850s can_enter=True(ok)
2026-02-03T16:16:18.711388 [ 3303s] BTC: $77,291.64 (-0.036%) | Brackets: 1 | Open: 0 | Trades: 10 (10.9/hr) | P&L: $+9.70
2026-02-03T16:16:19.712651 [ 3304s] 🔍 DEBUG KXBTC15M-26FEB031130-30: K=0.47 ask=0.51 ttc=820s can_enter=True(ok)
2026-02-03T16:16:49.744858 [ 3334s] 🔍 DEBUG KXBTC15M-26FEB031130-30: K=0.48 ask=0.52 ttc=790s can_enter=True(ok)
2026-02-03T16:16:54.750520 [ 3339s] 🎯 DELAY KXBTC15M-26FEB031130-30: BTC -0.219%(1m) -0.219%(30s) → NO@0.65
2026-02-03T16:17:18.789135 [ 3363s] BTC: $77,151.72 (+0.007%) | Brackets: 1 | Open: 1 | Trades: 10 (10.7/hr) | P&L: $+9.70
2026-02-03T16:17:19.791276 [ 3364s] 🔍 DEBUG KXBTC15M-26FEB031130-30: K=0.35 ask=0.37 ttc=760s can_enter=True(ok)
2026-02-03T16:17:25.800773 [ 3370s] ✅ delay_arb KXBTC15M-26FEB031130-30 CLOSE (PROFIT): $+0.70 | Total: $+10.40
2026-02-03T16:17:49.829494 [ 3394s] 🔍 DEBUG KXBTC15M-26FEB031130-30: K=0.27 ask=0.28 ttc=730s can_enter=True(ok)
2026-02-03T16:18:18.861021 [ 3423s] BTC: $77,070.03 (+0.045%) | Brackets: 1 | Open: 0 | Trades: 11 (11.6/hr) | P&L: $+10.40
2026-02-03T16:18:19.862167 [ 3424s] 🔍 DEBUG KXBTC15M-26FEB031130-30: K=0.15 ask=0.18 ttc=700s can_enter=True(ok)
2026-02-03T16:18:49.890858 [ 3455s] 🔍 DEBUG KXBTC15M-26FEB031130-30: K=0.14 ask=0.18 ttc=670s can_enter=True(ok)
2026-02-03T16:19:18.920542 [ 3484s] BTC: $77,161.57 (+0.097%) | Brackets: 1 | Open: 0 | Trades: 11 (11.4/hr) | P&L: $+10.40
2026-02-03T16:19:19.922967 [ 3485s] 🔍 DEBUG KXBTC15M-26FEB031130-30: K=0.21 ask=0.24 ttc=640s can_enter=True(ok)
2026-02-03T16:19:49.955084 [ 3515s] 🔍 DEBUG KXBTC15M-26FEB031130-30: K=0.32 ask=0.34 ttc=610s can_enter=True(ok)
2026-02-03T16:20:18.985244 [ 3544s] BTC: $77,067.04 (-0.090%) | Brackets: 1 | Open: 0 | Trades: 11 (11.2/hr) | P&L: $+10.40
2026-02-03T16:20:19.986327 [ 3545s] 🔍 DEBUG KXBTC15M-26FEB031130-30: K=0.24 ask=0.26 ttc=580s can_enter=True(ok)
2026-02-03T16:20:50.019741 [ 3575s] 🔍 DEBUG KXBTC15M-26FEB031130-30: K=0.12 ask=0.23 ttc=550s can_enter=False(spread_wide)
2026-02-03T16:21:19.049165 [ 3604s] BTC: $77,131.45 (+0.002%) | Brackets: 1 | Open: 0 | Trades: 11 (11.0/hr) | P&L: $+10.40
2026-02-03T16:21:20.050342 [ 3605s] 🔍 DEBUG KXBTC15M-26FEB031130-30: K=0.20 ask=0.21 ttc=520s can_enter=True(ok)
2026-02-03T16:21:50.083485 [ 3635s] 🔍 DEBUG KXBTC15M-26FEB031130-30: K=0.20 ask=0.22 ttc=490s can_enter=True(ok)
2026-02-03T16:22:19.117473 [ 3664s] BTC: $77,127.76 (-0.026%) | Brackets: 1 | Open: 0 | Trades: 11 (10.8/hr) | P&L: $+10.40
2026-02-03T16:22:20.118227 [ 3665s] 🔍 DEBUG KXBTC15M-26FEB031130-30: K=0.21 ask=0.24 ttc=460s can_enter=True(ok)
2026-02-03T16:22:50.151016 [ 3695s] 🔍 DEBUG KXBTC15M-26FEB031130-30: K=0.19 ask=0.21 ttc=430s can_enter=True(ok)
2026-02-03T16:23:19.188518 [ 3724s] BTC: $76,940.71 (+0.025%) | Brackets: 1 | Open: 0 | Trades: 11 (10.6/hr) | P&L: $+10.40
2026-02-03T16:23:20.190503 [ 3725s] 🔍 DEBUG KXBTC15M-26FEB031130-30: K=0.10 ask=0.11 ttc=400s can_enter=True(ok)
2026-02-03T16:23:50.224070 [ 3755s] 🔍 DEBUG KXBTC15M-26FEB031130-30: K=0.05 ask=0.07 ttc=370s can_enter=True(ok)
2026-02-03T16:24:19.253586 [ 3784s] BTC: $76,828.21 (+0.051%) | Brackets: 1 | Open: 0 | Trades: 11 (10.5/hr) | P&L: $+10.40
2026-02-03T16:24:20.254984 [ 3785s] 🔍 DEBUG KXBTC15M-26FEB031130-30: K=0.03 ask=0.05 ttc=340s can_enter=True(ok)
2026-02-03T16:24:50.287910 [ 3815s] 🔍 DEBUG KXBTC15M-26FEB031130-30: K=0.02 ask=0.03 ttc=310s can_enter=True(ok)
2026-02-03T16:25:19.320234 [ 3844s] BTC: $76,724.44 (+0.023%) | Brackets: 1 | Open: 0 | Trades: 11 (10.3/hr) | P&L: $+10.40
2026-02-03T16:25:20.321360 [ 3845s] 🔍 DEBUG KXBTC15M-26FEB031130-30: K=0.01 ask=0.02 ttc=280s can_enter=True(ok)
2026-02-03T16:25:50.354060 [ 3875s] 🔍 DEBUG KXBTC15M-26FEB031130-30: K=0.00 ask=0.02 ttc=250s can_enter=True(ok)
2026-02-03T16:26:19.381160 [ 3904s] BTC: $76,697.82 (-0.106%) | Brackets: 1 | Open: 0 | Trades: 11 (10.1/hr) | P&L: $+10.40
2026-02-03T16:26:20.382995 [ 3905s] 🔍 DEBUG KXBTC15M-26FEB031130-30: K=0.02 ask=0.07 ttc=220s can_enter=True(ok)
2026-02-03T16:26:50.418608 [ 3935s] 🔍 DEBUG KXBTC15M-26FEB031130-30: K=0.00 ask=0.01 ttc=190s can_enter=True(ok)
2026-02-03T16:27:19.452958 [ 3964s] BTC: $76,834.62 (+0.103%) | Brackets: 1 | Open: 0 | Trades: 11 (10.0/hr) | P&L: $+10.40
2026-02-03T16:27:20.454329 [ 3965s] 🔍 DEBUG KXBTC15M-26FEB031130-30: K=0.00 ask=0.01 ttc=160s can_enter=True(ok)
2026-02-03T16:27:50.490569 [ 3995s] 🔍 DEBUG KXBTC15M-26FEB031130-30: K=0.00 ask=0.02 ttc=130s can_enter=True(ok)
2026-02-03T16:28:19.518612 [ 4024s] BTC: $76,857.29 (-0.065%) | Brackets: 1 | Open: 0 | Trades: 11 (9.8/hr) | P&L: $+10.40
2026-02-03T16:28:20.520283 [ 4025s] 🔍 DEBUG KXBTC15M-26FEB031130-30: K=0.00 ask=0.01 ttc=99s can_enter=False(too_close)
2026-02-03T16:28:50.555717 [ 4055s] 🔍 DEBUG KXBTC15M-26FEB031130-30: K=0.00 ask=0.01 ttc=69s can_enter=False(too_close)
2026-02-03T16:29:19.585731 [ 4084s] BTC: $76,806.19 (+0.001%) | Brackets: 1 | Open: 0 | Trades: 11 (9.7/hr) | P&L: $+10.40
2026-02-03T16:29:20.586349 [ 4085s] 🔍 DEBUG KXBTC15M-26FEB031130-30: K=0.00 ask=0.01 ttc=39s can_enter=False(too_close)
2026-02-03T16:29:50.621894 [ 4115s] 🔍 DEBUG KXBTC15M-26FEB031130-30: K=0.00 ask=0.01 ttc=9s can_enter=False(too_close)
2026-02-03T16:30:19.664511 [ 4144s] BTC: $76,714.29 (+0.081%) | Brackets: 1 | Open: 0 | Trades: 11 (9.6/hr) | P&L: $+10.40
2026-02-03T16:30:20.665870 [ 4145s] 🔍 DEBUG KXBTC15M-26FEB031145-45: K=0.48 ask=0.55 ttc=879s can_enter=True(ok)
2026-02-03T16:30:50.695844 [ 4175s] 🔍 DEBUG KXBTC15M-26FEB031145-45: K=0.51 ask=0.52 ttc=849s can_enter=True(ok)
2026-02-03T16:31:19.743633 [ 4204s] BTC: $76,662.70 (+0.002%) | Brackets: 1 | Open: 0 | Trades: 11 (9.4/hr) | P&L: $+10.40
2026-02-03T16:31:20.744299 [ 4205s] 🔍 DEBUG KXBTC15M-26FEB031145-45: K=0.48 ask=0.53 ttc=819s can_enter=True(ok)
2026-02-03T16:31:50.778988 [ 4235s] 🔍 DEBUG KXBTC15M-26FEB031145-45: K=0.42 ask=0.46 ttc=789s can_enter=True(ok)
2026-02-03T16:32:19.809194 [ 4264s] BTC: $76,708.42 (+0.051%) | Brackets: 1 | Open: 0 | Trades: 11 (9.3/hr) | P&L: $+10.40
2026-02-03T16:32:20.810923 [ 4265s] 🔍 DEBUG KXBTC15M-26FEB031145-45: K=0.42 ask=0.43 ttc=759s can_enter=True(ok)
2026-02-03T16:32:50.839844 [ 4295s] 🔍 DEBUG KXBTC15M-26FEB031145-45: K=0.42 ask=0.46 ttc=729s can_enter=True(ok)
2026-02-03T16:33:19.869685 [ 4324s] BTC: $76,633.62 (-0.088%) | Brackets: 1 | Open: 0 | Trades: 11 (9.2/hr) | P&L: $+10.40
2026-02-03T16:33:20.870637 [ 4325s] 🔍 DEBUG KXBTC15M-26FEB031145-45: K=0.46 ask=0.50 ttc=699s can_enter=True(ok)
2026-02-03T16:33:50.907066 [ 4356s] 🔍 DEBUG KXBTC15M-26FEB031145-45: K=0.35 ask=0.39 ttc=669s can_enter=True(ok)
2026-02-03T16:34:19.935111 [ 4385s] BTC: $76,723.10 (+0.014%) | Brackets: 1 | Open: 0 | Trades: 11 (9.0/hr) | P&L: $+10.40
2026-02-03T16:34:20.935585 [ 4386s] 🔍 DEBUG KXBTC15M-26FEB031145-45: K=0.44 ask=0.46 ttc=639s can_enter=True(ok)
2026-02-03T16:34:50.968973 [ 4416s] 🔍 DEBUG KXBTC15M-26FEB031145-45: K=0.58 ask=0.60 ttc=609s can_enter=True(ok)
2026-02-03T16:35:19.997450 [ 4445s] BTC: $76,660.49 (-0.012%) | Brackets: 1 | Open: 0 | Trades: 11 (8.9/hr) | P&L: $+10.40
2026-02-03T16:35:20.998623 [ 4446s] 🔍 DEBUG KXBTC15M-26FEB031145-45: K=0.51 ask=0.54 ttc=579s can_enter=True(ok)
2026-02-03T16:35:51.032440 [ 4476s] 🔍 DEBUG KXBTC15M-26FEB031145-45: K=0.50 ask=0.54 ttc=549s can_enter=True(ok)
2026-02-03T16:36:20.060842 [ 4505s] BTC: $76,729.43 (+0.082%) | Brackets: 1 | Open: 0 | Trades: 11 (8.8/hr) | P&L: $+10.40
2026-02-03T16:36:21.063780 [ 4506s] 🔍 DEBUG KXBTC15M-26FEB031145-45: K=0.41 ask=0.44 ttc=519s can_enter=True(ok)
2026-02-03T16:36:51.098840 [ 4536s] 🔍 DEBUG KXBTC15M-26FEB031145-45: K=0.63 ask=0.65 ttc=489s can_enter=True(ok)
2026-02-03T16:36:51.098975 [ 4536s] 📈 MR-HIGH KXBTC15M-26FEB031145-45: K@0.63 → NO@0.37
2026-02-03T16:37:05.120975 [ 4550s] ✅ mean_reversion_high KXBTC15M-26FEB031145-45 CLOSE (PROFIT): $+1.20 | Total: $+11.60
2026-02-03T16:37:20.134030 [ 4565s] BTC: $76,688.64 (-0.095%) | Brackets: 1 | Open: 0 | Trades: 12 (9.5/hr) | P&L: $+11.60
2026-02-03T16:37:21.135509 [ 4566s] 🔍 DEBUG KXBTC15M-26FEB031145-45: K=0.46 ask=0.51 ttc=459s can_enter=True(ok)
2026-02-03T16:37:51.182073 [ 4596s] 🔍 DEBUG KXBTC15M-26FEB031145-45: K=0.51 ask=0.56 ttc=429s can_enter=True(ok)
2026-02-03T16:38:20.214867 [ 4625s] BTC: $76,780.55 (+0.084%) | Brackets: 1 | Open: 0 | Trades: 12 (9.3/hr) | P&L: $+11.60
2026-02-03T16:38:21.216188 [ 4626s] 🔍 DEBUG KXBTC15M-26FEB031145-45: K=0.45 ask=0.50 ttc=399s can_enter=True(ok)
2026-02-03T16:38:51.248117 [ 4656s] 🔍 DEBUG KXBTC15M-26FEB031145-45: K=0.59 ask=0.63 ttc=369s can_enter=True(ok)
2026-02-03T16:39:20.280608 [ 4685s] BTC: $76,706.78 (-0.045%) | Brackets: 1 | Open: 0 | Trades: 12 (9.2/hr) | P&L: $+11.60
2026-02-03T16:39:21.282205 [ 4686s] 🔍 DEBUG KXBTC15M-26FEB031145-45: K=0.39 ask=0.44 ttc=339s can_enter=True(ok)
2026-02-03T16:39:51.314553 [ 4716s] 🔍 DEBUG KXBTC15M-26FEB031145-45: K=0.39 ask=0.42 ttc=309s can_enter=True(ok)
2026-02-03T16:40:20.351204 [ 4745s] BTC: $76,652.10 (+0.005%) | Brackets: 1 | Open: 0 | Trades: 12 (9.1/hr) | P&L: $+11.60
2026-02-03T16:40:21.352564 [ 4746s] 🔍 DEBUG KXBTC15M-26FEB031145-45: K=0.22 ask=0.23 ttc=279s can_enter=True(ok)
2026-02-03T16:40:51.387971 [ 4776s] 🔍 DEBUG KXBTC15M-26FEB031145-45: K=0.37 ask=0.38 ttc=249s can_enter=True(ok)
2026-02-03T16:41:20.418338 [ 4805s] BTC: $76,768.56 (+0.100%) | Brackets: 1 | Open: 0 | Trades: 12 (9.0/hr) | P&L: $+11.60
2026-02-03T16:41:21.419719 [ 4806s] 🔍 DEBUG KXBTC15M-26FEB031145-45: K=0.56 ask=0.61 ttc=219s can_enter=True(ok)
2026-02-03T16:41:51.456005 [ 4836s] 🔍 DEBUG KXBTC15M-26FEB031145-45: K=0.49 ask=0.52 ttc=189s can_enter=True(ok)
2026-02-03T16:42:07.472842 [ 4852s] 📈 MR-HIGH KXBTC15M-26FEB031145-45: K@0.65 → NO@0.35
2026-02-03T16:42:20.492451 [ 4865s] BTC: $76,744.77 (+0.053%) | Brackets: 1 | Open: 1 | Trades: 12 (8.9/hr) | P&L: $+11.60
2026-02-03T16:42:21.494113 [ 4866s] 🔍 DEBUG KXBTC15M-26FEB031145-45: K=0.65 ask=0.67 ttc=159s can_enter=True(ok)
2026-02-03T16:42:51.538085 [ 4896s] 🔍 DEBUG KXBTC15M-26FEB031145-45: K=0.66 ask=0.67 ttc=128s can_enter=True(ok)
2026-02-03T16:43:08.566519 [ 4913s] ✅ mean_reversion_high KXBTC15M-26FEB031145-45 CLOSE (PROFIT): $+4.80 | Total: $+16.40
2026-02-03T16:43:20.580109 [ 4925s] BTC: $76,632.15 (-0.077%) | Brackets: 1 | Open: 0 | Trades: 13 (9.5/hr) | P&L: $+16.40
2026-02-03T16:43:21.581767 [ 4926s] 🔍 DEBUG KXBTC15M-26FEB031145-45: K=0.16 ask=0.17 ttc=98s can_enter=False(too_close)
2026-02-03T16:43:51.614019 [ 4956s] 🔍 DEBUG KXBTC15M-26FEB031145-45: K=0.11 ask=0.14 ttc=68s can_enter=False(too_close)
2026-02-03T16:44:20.645431 [ 4985s] BTC: $76,667.01 (+0.018%) | Brackets: 1 | Open: 0 | Trades: 13 (9.4/hr) | P&L: $+16.40
2026-02-03T16:44:21.646349 [ 4986s] 🔍 DEBUG KXBTC15M-26FEB031145-45: K=0.02 ask=0.04 ttc=38s can_enter=False(too_close)
2026-02-03T16:44:51.683357 [ 5016s] 🔍 DEBUG KXBTC15M-26FEB031145-45: K=0.00 ask=0.01 ttc=8s can_enter=False(too_close)
2026-02-03T16:45:20.715060 [ 5045s] BTC: $76,578.93 (-0.129%) | Brackets: 1 | Open: 0 | Trades: 13 (9.3/hr) | P&L: $+16.40
2026-02-03T16:45:21.716012 [ 5046s] 🔍 DEBUG KXBTC15M-26FEB031200-00: K=0.45 ask=0.55 ttc=878s can_enter=False(spread_wide)
2026-02-03T16:45:51.742765 [ 5076s] 🔍 DEBUG KXBTC15M-26FEB031200-00: K=0.43 ask=0.50 ttc=848s can_enter=True(ok)
2026-02-03T16:46:20.778491 [ 5105s] BTC: $76,553.50 (-0.045%) | Brackets: 1 | Open: 0 | Trades: 13 (9.2/hr) | P&L: $+16.40
2026-02-03T16:46:21.779930 [ 5106s] 🔍 DEBUG KXBTC15M-26FEB031200-00: K=0.38 ask=0.40 ttc=818s can_enter=True(ok)
2026-02-03T16:46:51.812994 [ 5136s] 🔍 DEBUG KXBTC15M-26FEB031200-00: K=0.30 ask=0.31 ttc=788s can_enter=True(ok)
2026-02-03T16:47:01.828245 [ 5146s] 🎯 DELAY KXBTC15M-26FEB031200-00: BTC +0.207%(1m) +0.207%(30s) → YES@0.31
2026-02-03T16:47:10.844862 [ 5155s] ✅ delay_arb KXBTC15M-26FEB031200-00 CLOSE (PROFIT): $+1.20 | Total: $+17.60
2026-02-03T16:47:20.855222 [ 5165s] BTC: $76,640.79 (+0.107%) | Brackets: 1 | Open: 0 | Trades: 14 (9.8/hr) | P&L: $+17.60
2026-02-03T16:47:21.856700 [ 5166s] 🔍 DEBUG KXBTC15M-26FEB031200-00: K=0.43 ask=0.45 ttc=758s can_enter=True(ok)
2026-02-03T16:47:51.885736 [ 5197s] 🔍 DEBUG KXBTC15M-26FEB031200-00: K=0.46 ask=0.49 ttc=728s can_enter=True(ok)
2026-02-03T16:48:10.903003 [ 5216s] 📈 MR-HIGH KXBTC15M-26FEB031200-00: K@0.64 → NO@0.36
2026-02-03T16:48:20.929885 [ 5226s] BTC: $76,673.72 (-0.068%) | Brackets: 1 | Open: 1 | Trades: 14 (9.6/hr) | P&L: $+17.60
2026-02-03T16:48:21.931081 [ 5227s] 🔍 DEBUG KXBTC15M-26FEB031200-00: K=0.64 ask=0.66 ttc=698s can_enter=True(ok)
2026-02-03T16:48:40.960934 [ 5246s] ✅ mean_reversion_high KXBTC15M-26FEB031200-00 CLOSE (PROFIT): $+0.60 | Total: $+18.20
2026-02-03T16:48:51.975866 [ 5257s] 🔍 DEBUG KXBTC15M-26FEB031200-00: K=0.54 ask=0.58 ttc=668s can_enter=True(ok)
2026-02-03T16:49:21.004018 [ 5286s] BTC: $76,689.91 (+0.017%) | Brackets: 1 | Open: 0 | Trades: 15 (10.2/hr) | P&L: $+18.20
2026-02-03T16:49:22.004758 [ 5287s] 🔍 DEBUG KXBTC15M-26FEB031200-00: K=0.54 ask=0.58 ttc=638s can_enter=True(ok)
2026-02-03T16:49:52.042167 [ 5317s] 🔍 DEBUG KXBTC15M-26FEB031200-00: K=0.56 ask=0.59 ttc=608s can_enter=True(ok)
2026-02-03T16:50:21.081143 [ 5346s] BTC: $76,636.56 (-0.063%) | Brackets: 1 | Open: 0 | Trades: 15 (10.1/hr) | P&L: $+18.20
2026-02-03T16:50:22.082162 [ 5347s] 🔍 DEBUG KXBTC15M-26FEB031200-00: K=0.53 ask=0.57 ttc=578s can_enter=True(ok)
2026-02-03T16:50:52.111703 [ 5377s] 🔍 DEBUG KXBTC15M-26FEB031200-00: K=0.29 ask=0.33 ttc=548s can_enter=True(ok)
2026-02-03T16:51:21.141595 [ 5406s] BTC: $76,574.80 (-0.018%) | Brackets: 1 | Open: 0 | Trades: 15 (10.0/hr) | P&L: $+18.20
2026-02-03T16:51:22.144143 [ 5407s] 🔍 DEBUG KXBTC15M-26FEB031200-00: K=0.28 ask=0.30 ttc=518s can_enter=True(ok)
2026-02-03T16:51:52.185359 [ 5437s] 🔍 DEBUG KXBTC15M-26FEB031200-00: K=0.29 ask=0.31 ttc=488s can_enter=True(ok)
2026-02-03T16:52:21.213855 [ 5466s] BTC: $76,600.82 (+0.028%) | Brackets: 1 | Open: 0 | Trades: 15 (9.9/hr) | P&L: $+18.20
2026-02-03T16:52:22.215119 [ 5467s] 🔍 DEBUG KXBTC15M-26FEB031200-00: K=0.32 ask=0.35 ttc=458s can_enter=True(ok)
2026-02-03T16:52:52.246223 [ 5497s] 🔍 DEBUG KXBTC15M-26FEB031200-00: K=0.35 ask=0.38 ttc=428s can_enter=True(ok)
2026-02-03T16:53:21.276133 [ 5526s] BTC: $76,590.53 (+0.004%) | Brackets: 1 | Open: 0 | Trades: 15 (9.8/hr) | P&L: $+18.20
2026-02-03T16:53:22.276763 [ 5527s] 🔍 DEBUG KXBTC15M-26FEB031200-00: K=0.30 ask=0.32 ttc=398s can_enter=True(ok)
2026-02-03T16:53:52.309257 [ 5557s] 🔍 DEBUG KXBTC15M-26FEB031200-00: K=0.32 ask=0.35 ttc=368s can_enter=True(ok)
2026-02-03T16:54:21.341745 [ 5586s] BTC: $76,595.25 (+0.034%) | Brackets: 1 | Open: 0 | Trades: 15 (9.7/hr) | P&L: $+18.20
2026-02-03T16:54:22.343439 [ 5587s] 🔍 DEBUG KXBTC15M-26FEB031200-00: K=0.33 ask=0.36 ttc=338s can_enter=True(ok)
2026-02-03T16:54:52.381016 [ 5617s] 🔍 DEBUG KXBTC15M-26FEB031200-00: K=0.36 ask=0.38 ttc=308s can_enter=True(ok)
2026-02-03T16:55:21.411900 [ 5646s] BTC: $76,567.54 (+0.027%) | Brackets: 1 | Open: 0 | Trades: 15 (9.6/hr) | P&L: $+18.20
2026-02-03T16:55:22.412845 [ 5647s] 🔍 DEBUG KXBTC15M-26FEB031200-00: K=0.28 ask=0.30 ttc=278s can_enter=True(ok)
2026-02-03T16:55:52.445543 [ 5677s] 🔍 DEBUG KXBTC15M-26FEB031200-00: K=0.31 ask=0.35 ttc=248s can_enter=True(ok)
2026-02-03T16:56:21.476516 [ 5706s] BTC: $76,627.45 (+0.020%) | Brackets: 1 | Open: 0 | Trades: 15 (9.5/hr) | P&L: $+18.20
2026-02-03T16:56:22.477269 [ 5707s] 🔍 DEBUG KXBTC15M-26FEB031200-00: K=0.32 ask=0.35 ttc=218s can_enter=True(ok)
2026-02-03T16:56:52.508029 [ 5737s] 🔍 DEBUG KXBTC15M-26FEB031200-00: K=0.11 ask=0.14 ttc=187s can_enter=True(ok)
2026-02-03T16:57:21.542503 [ 5766s] BTC: $76,606.80 (+0.078%) | Brackets: 1 | Open: 0 | Trades: 15 (9.4/hr) | P&L: $+18.20
2026-02-03T16:57:22.543681 [ 5767s] 🔍 DEBUG KXBTC15M-26FEB031200-00: K=0.26 ask=0.29 ttc=157s can_enter=True(ok)
2026-02-03T16:57:52.571374 [ 5797s] 🔍 DEBUG KXBTC15M-26FEB031200-00: K=0.22 ask=0.25 ttc=127s can_enter=True(ok)
2026-02-03T16:58:21.601915 [ 5826s] BTC: $76,568.71 (-0.076%) | Brackets: 1 | Open: 0 | Trades: 15 (9.3/hr) | P&L: $+18.20
2026-02-03T16:58:22.603114 [ 5827s] 🔍 DEBUG KXBTC15M-26FEB031200-00: K=0.21 ask=0.24 ttc=97s can_enter=False(too_close)
2026-02-03T16:58:52.633113 [ 5857s] 🔍 DEBUG KXBTC15M-26FEB031200-00: K=0.02 ask=0.04 ttc=67s can_enter=False(too_close)
2026-02-03T16:59:21.661510 [ 5886s] BTC: $76,512.06 (-0.018%) | Brackets: 1 | Open: 0 | Trades: 15 (9.2/hr) | P&L: $+18.20
2026-02-03T16:59:22.662653 [ 5887s] 🔍 DEBUG KXBTC15M-26FEB031200-00: K=0.00 ask=0.01 ttc=37s can_enter=False(too_close)
2026-02-03T16:59:52.695568 [ 5917s] 🔍 DEBUG KXBTC15M-26FEB031200-00: K=0.00 ask=0.01 ttc=7s can_enter=False(too_close)
2026-02-03T17:00:21.726129 [ 5946s] BTC: $76,427.52 (-0.025%) | Brackets: 1 | Open: 0 | Trades: 15 (9.1/hr) | P&L: $+18.20
2026-02-03T17:00:22.727542 [ 5947s] 🔍 DEBUG KXBTC15M-26FEB031215-15: K=0.35 ask=0.55 ttc=877s can_enter=False(spread_wide)
2026-02-03T17:00:52.761132 [ 5977s] 🔍 DEBUG KXBTC15M-26FEB031215-15: K=0.38 ask=0.43 ttc=847s can_enter=True(ok)
2026-02-03T17:01:21.790964 [ 6006s] BTC: $76,388.24 (+0.059%) | Brackets: 1 | Open: 0 | Trades: 15 (9.0/hr) | P&L: $+18.20
2026-02-03T17:01:22.792027 [ 6007s] 🔍 DEBUG KXBTC15M-26FEB031215-15: K=0.33 ask=0.34 ttc=817s can_enter=True(ok)
2026-02-03T17:01:52.826570 [ 6037s] 🔍 DEBUG KXBTC15M-26FEB031215-15: K=0.32 ask=0.33 ttc=787s can_enter=True(ok)
2026-02-03T17:02:21.855284 [ 6066s] BTC: $76,381.31 (+0.049%) | Brackets: 1 | Open: 0 | Trades: 15 (8.9/hr) | P&L: $+18.20
2026-02-03T17:02:22.856571 [ 6067s] 🔍 DEBUG KXBTC15M-26FEB031215-15: K=0.34 ask=0.37 ttc=757s can_enter=True(ok)
2026-02-03T17:02:52.891626 [ 6098s] 🔍 DEBUG KXBTC15M-26FEB031215-15: K=0.31 ask=0.34 ttc=727s can_enter=True(ok)
2026-02-03T17:03:21.926307 [ 6127s] BTC: $76,349.88 (-0.019%) | Brackets: 1 | Open: 0 | Trades: 15 (8.8/hr) | P&L: $+18.20
2026-02-03T17:03:22.927626 [ 6128s] 🔍 DEBUG KXBTC15M-26FEB031215-15: K=0.28 ask=0.30 ttc=697s can_enter=True(ok)
2026-02-03T17:03:52.957406 [ 6158s] 🔍 DEBUG KXBTC15M-26FEB031215-15: K=0.31 ask=0.32 ttc=667s can_enter=True(ok)
2026-02-03T17:04:21.987361 [ 6187s] BTC: $76,352.53 (+0.017%) | Brackets: 1 | Open: 0 | Trades: 15 (8.7/hr) | P&L: $+18.20
2026-02-03T17:04:22.988729 [ 6188s] 🔍 DEBUG KXBTC15M-26FEB031215-15: K=0.28 ask=0.30 ttc=637s can_enter=True(ok)
2026-02-03T17:04:53.018361 [ 6218s] 🔍 DEBUG KXBTC15M-26FEB031215-15: K=0.28 ask=0.30 ttc=607s can_enter=True(ok)
2026-02-03T17:05:22.046917 [ 6247s] BTC: $76,344.16 (-0.011%) | Brackets: 1 | Open: 0 | Trades: 15 (8.6/hr) | P&L: $+18.20
2026-02-03T17:05:23.047834 [ 6248s] 🔍 DEBUG KXBTC15M-26FEB031215-15: K=0.26 ask=0.29 ttc=577s can_enter=True(ok)
2026-02-03T17:05:53.087480 [ 6278s] 🔍 DEBUG KXBTC15M-26FEB031215-15: K=0.14 ask=0.18 ttc=547s can_enter=True(ok)
2026-02-03T17:06:22.116002 [ 6307s] BTC: $76,213.48 (-0.056%) | Brackets: 1 | Open: 0 | Trades: 15 (8.6/hr) | P&L: $+18.20
2026-02-03T17:06:23.117353 [ 6308s] 🔍 DEBUG KXBTC15M-26FEB031215-15: K=0.14 ask=0.16 ttc=517s can_enter=True(ok)
2026-02-03T17:06:53.148756 [ 6338s] 🔍 DEBUG KXBTC15M-26FEB031215-15: K=0.10 ask=0.13 ttc=487s can_enter=True(ok)
2026-02-03T17:07:22.177266 [ 6367s] BTC: $76,132.67 (-0.073%) | Brackets: 1 | Open: 0 | Trades: 15 (8.5/hr) | P&L: $+18.20
2026-02-03T17:07:23.178096 [ 6368s] 🔍 DEBUG KXBTC15M-26FEB031215-15: K=0.05 ask=0.07 ttc=457s can_enter=True(ok)
2026-02-03T17:07:53.208339 [ 6398s] 🔍 DEBUG KXBTC15M-26FEB031215-15: K=0.03 ask=0.06 ttc=427s can_enter=True(ok)
2026-02-03T17:08:22.239411 [ 6427s] BTC: $76,099.80 (+0.073%) | Brackets: 1 | Open: 0 | Trades: 15 (8.4/hr) | P&L: $+18.20
2026-02-03T17:08:23.240137 [ 6428s] 🔍 DEBUG KXBTC15M-26FEB031215-15: K=0.06 ask=0.07 ttc=397s can_enter=True(ok)
2026-02-03T17:08:53.271044 [ 6458s] 🔍 DEBUG KXBTC15M-26FEB031215-15: K=0.04 ask=0.05 ttc=367s can_enter=True(ok)
2026-02-03T17:09:22.305313 [ 6487s] BTC: $76,066.85 (-0.045%) | Brackets: 1 | Open: 0 | Trades: 15 (8.3/hr) | P&L: $+18.20
2026-02-03T17:09:23.306614 [ 6488s] 🔍 DEBUG KXBTC15M-26FEB031215-15: K=0.02 ask=0.05 ttc=337s can_enter=True(ok)
2026-02-03T17:09:53.339082 [ 6518s] 🔍 DEBUG KXBTC15M-26FEB031215-15: K=0.01 ask=0.04 ttc=307s can_enter=True(ok)
2026-02-03T17:10:22.371145 [ 6547s] BTC: $76,115.08 (+0.044%) | Brackets: 1 | Open: 0 | Trades: 15 (8.2/hr) | P&L: $+18.20
2026-02-03T17:10:23.371643 [ 6548s] 🔍 DEBUG KXBTC15M-26FEB031215-15: K=0.02 ask=0.04 ttc=277s can_enter=True(ok)
2026-02-03T17:10:53.400581 [ 6578s] 🔍 DEBUG KXBTC15M-26FEB031215-15: K=0.00 ask=0.02 ttc=247s can_enter=True(ok)
2026-02-03T17:11:22.428723 [ 6607s] BTC: $76,069.29 (+0.048%) | Brackets: 1 | Open: 0 | Trades: 15 (8.2/hr) | P&L: $+18.20
2026-02-03T17:11:23.429672 [ 6608s] 🔍 DEBUG KXBTC15M-26FEB031215-15: K=0.01 ask=0.02 ttc=217s can_enter=True(ok)
2026-02-03T17:11:53.467541 [ 6638s] 🔍 DEBUG KXBTC15M-26FEB031215-15: K=0.00 ask=0.01 ttc=187s can_enter=True(ok)
2026-02-03T17:12:22.498334 [ 6667s] BTC: $75,856.38 (-0.002%) | Brackets: 1 | Open: 0 | Trades: 15 (8.1/hr) | P&L: $+18.20
2026-02-03T17:12:23.499923 [ 6668s] 🔍 DEBUG KXBTC15M-26FEB031215-15: K=0.00 ask=0.01 ttc=157s can_enter=True(ok)
2026-02-03T17:12:53.527680 [ 6698s] 🔍 DEBUG KXBTC15M-26FEB031215-15: K=0.00 ask=0.01 ttc=126s can_enter=True(ok)
2026-02-03T17:13:22.556982 [ 6727s] BTC: $75,823.60 (-0.039%) | Brackets: 1 | Open: 0 | Trades: 15 (8.0/hr) | P&L: $+18.20
2026-02-03T17:13:23.558211 [ 6728s] 🔍 DEBUG KXBTC15M-26FEB031215-15: K=0.00 ask=0.01 ttc=96s can_enter=False(too_close)
2026-02-03T17:13:53.610706 [ 6758s] 🔍 DEBUG KXBTC15M-26FEB031215-15: K=0.00 ask=0.01 ttc=66s can_enter=False(too_close)
2026-02-03T17:14:22.648911 [ 6787s] BTC: $75,674.72 (-0.007%) | Brackets: 1 | Open: 0 | Trades: 15 (8.0/hr) | P&L: $+18.20
2026-02-03T17:14:23.649944 [ 6788s] 🔍 DEBUG KXBTC15M-26FEB031215-15: K=0.00 ask=0.01 ttc=36s can_enter=False(too_close)
2026-02-03T17:14:53.680767 [ 6818s] 🔍 DEBUG KXBTC15M-26FEB031215-15: K=0.00 ask=0.01 ttc=6s can_enter=False(too_close)
2026-02-03T17:15:22.717136 [ 6847s] BTC: $75,676.03 (+0.056%) | Brackets: 1 | Open: 0 | Trades: 15 (7.9/hr) | P&L: $+18.20
2026-02-03T17:15:23.718071 [ 6848s] 🔍 DEBUG KXBTC15M-26FEB031215-15: K=0.00 ask=0.01 ttc=-24s can_enter=False(too_close)
2026-02-03T17:15:53.752552 [ 6878s] 🔍 DEBUG KXBTC15M-26FEB031230-30: K=0.47 ask=0.63 ttc=846s can_enter=False(spread_wide)
2026-02-03T17:16:22.781504 [ 6907s] BTC: $75,770.31 (+0.129%) | Brackets: 1 | Open: 0 | Trades: 15 (7.8/hr) | P&L: $+18.20
2026-02-03T17:16:23.782043 [ 6908s] 🔍 DEBUG KXBTC15M-26FEB031230-30: K=0.52 ask=0.55 ttc=816s can_enter=True(ok)
2026-02-03T17:16:53.820756 [ 6938s] 🔍 DEBUG KXBTC15M-26FEB031230-30: K=0.56 ask=0.58 ttc=786s can_enter=True(ok)
2026-02-03T17:17:22.850007 [ 6967s] BTC: $75,743.57 (+0.030%) | Brackets: 1 | Open: 0 | Trades: 15 (7.8/hr) | P&L: $+18.20
2026-02-03T17:17:23.850622 [ 6968s] 🔍 DEBUG KXBTC15M-26FEB031230-30: K=0.57 ask=0.59 ttc=756s can_enter=True(ok)
2026-02-03T17:17:53.880658 [ 6999s] 🔍 DEBUG KXBTC15M-26FEB031230-30: K=0.54 ask=0.55 ttc=726s can_enter=True(ok)
2026-02-03T17:18:22.922289 [ 7028s] BTC: $75,682.37 (+0.042%) | Brackets: 1 | Open: 0 | Trades: 15 (7.7/hr) | P&L: $+18.20
2026-02-03T17:18:23.923680 [ 7029s] 🔍 DEBUG KXBTC15M-26FEB031230-30: K=0.48 ask=0.51 ttc=696s can_enter=True(ok)
2026-02-03T17:18:53.954840 [ 7059s] 🔍 DEBUG KXBTC15M-26FEB031230-30: K=0.43 ask=0.46 ttc=666s can_enter=True(ok)
2026-02-03T17:19:22.991914 [ 7088s] BTC: $75,795.10 (-0.004%) | Brackets: 1 | Open: 0 | Trades: 15 (7.6/hr) | P&L: $+18.20
2026-02-03T17:19:23.992536 [ 7089s] 🔍 DEBUG KXBTC15M-26FEB031230-30: K=0.48 ask=0.52 ttc=636s can_enter=True(ok)
2026-02-03T17:19:26.994242 [ 7092s] 📈 MR-HIGH KXBTC15M-26FEB031230-30: K@0.62 → NO@0.38
2026-02-03T17:19:54.033353 [ 7119s] 🔍 DEBUG KXBTC15M-26FEB031230-30: K=0.62 ask=0.65 ttc=606s can_enter=True(ok)
2026-02-03T17:20:23.078138 [ 7148s] BTC: $75,692.83 (-0.105%) | Brackets: 1 | Open: 1 | Trades: 15 (7.6/hr) | P&L: $+18.20
2026-02-03T17:20:24.079146 [ 7149s] 🔍 DEBUG KXBTC15M-26FEB031230-30: K=0.61 ask=0.63 ttc=576s can_enter=True(ok)
2026-02-03T17:20:28.084922 [ 7153s] ✅ mean_reversion_high KXBTC15M-26FEB031230-30 CLOSE (PROFIT): $+1.20 | Total: $+19.40
2026-02-03T17:20:54.112496 [ 7179s] 🔍 DEBUG KXBTC15M-26FEB031230-30: K=0.47 ask=0.50 ttc=546s can_enter=True(ok)
2026-02-03T17:21:23.142741 [ 7208s] BTC: $75,782.68 (-0.043%) | Brackets: 1 | Open: 0 | Trades: 16 (8.0/hr) | P&L: $+19.40
2026-02-03T17:21:24.144563 [ 7209s] 🔍 DEBUG KXBTC15M-26FEB031230-30: K=0.60 ask=0.64 ttc=516s can_enter=True(ok)
2026-02-03T17:21:28.148595 [ 7213s] 📈 MR-HIGH KXBTC15M-26FEB031230-30: K@0.62 → NO@0.38
2026-02-03T17:21:54.192097 [ 7239s] 🔍 DEBUG KXBTC15M-26FEB031230-30: K=0.62 ask=0.66 ttc=486s can_enter=True(ok)
2026-02-03T17:21:58.197686 [ 7243s] ❌ mean_reversion_high KXBTC15M-26FEB031230-30 CLOSE (STOP(-25%)): $-1.00 | Total: $+18.40
2026-02-03T17:22:20.214314 [ 7265s] 📈 MR-HIGH KXBTC15M-26FEB031230-30: K@0.71 → NO@0.29
2026-02-03T17:22:23.221461 [ 7268s] BTC: $75,947.54 (+0.070%) | Brackets: 1 | Open: 1 | Trades: 17 (8.4/hr) | P&L: $+18.40
2026-02-03T17:22:24.222769 [ 7269s] 🔍 DEBUG KXBTC15M-26FEB031230-30: K=0.71 ask=0.72 ttc=456s can_enter=True(ok)
2026-02-03T17:22:29.230644 [ 7274s] ❌ mean_reversion_high KXBTC15M-26FEB031230-30 CLOSE (STOP(-25%)): $-1.20 | Total: $+17.20
2026-02-03T17:22:54.257313 [ 7299s] 🔍 DEBUG KXBTC15M-26FEB031230-30: K=0.82 ask=0.83 ttc=426s can_enter=True(ok)
2026-02-03T17:23:23.288269 [ 7328s] BTC: $75,936.12 (-0.019%) | Brackets: 1 | Open: 0 | Trades: 18 (8.8/hr) | P&L: $+17.20
2026-02-03T17:23:24.289460 [ 7329s] 🔍 DEBUG KXBTC15M-26FEB031230-30: K=0.82 ask=0.84 ttc=396s can_enter=True(ok)
2026-02-03T17:23:54.327573 [ 7359s] 🔍 DEBUG KXBTC15M-26FEB031230-30: K=0.83 ask=0.87 ttc=366s can_enter=True(ok)
2026-02-03T17:24:23.382864 [ 7388s] BTC: $75,967.19 (+0.004%) | Brackets: 1 | Open: 0 | Trades: 18 (8.8/hr) | P&L: $+17.20
2026-02-03T17:24:24.384133 [ 7389s] 🔍 DEBUG KXBTC15M-26FEB031230-30: K=0.88 ask=0.90 ttc=336s can_enter=True(ok)
2026-02-03T17:24:54.414181 [ 7419s] 🔍 DEBUG KXBTC15M-26FEB031230-30: K=0.90 ask=0.92 ttc=306s can_enter=True(ok)
2026-02-03T17:25:23.449692 [ 7448s] BTC: $75,925.43 (-0.022%) | Brackets: 1 | Open: 0 | Trades: 18 (8.7/hr) | P&L: $+17.20
2026-02-03T17:25:24.450844 [ 7449s] 🔍 DEBUG KXBTC15M-26FEB031230-30: K=0.88 ask=0.90 ttc=276s can_enter=True(ok)
2026-02-03T17:25:54.486372 [ 7479s] 🔍 DEBUG KXBTC15M-26FEB031230-30: K=0.90 ask=0.92 ttc=246s can_enter=True(ok)
2026-02-03T17:26:23.514332 [ 7508s] BTC: $75,802.22 (-0.281%) | Brackets: 1 | Open: 0 | Trades: 18 (8.6/hr) | P&L: $+17.20
2026-02-03T17:26:24.515588 [ 7509s] 🔍 DEBUG KXBTC15M-26FEB031230-30: K=0.94 ask=0.96 ttc=215s can_enter=True(ok)
2026-02-03T17:26:54.547474 [ 7539s] 🔍 DEBUG KXBTC15M-26FEB031230-30: K=0.77 ask=0.79 ttc=185s can_enter=True(ok)
2026-02-03T17:27:23.579642 [ 7568s] BTC: $75,854.99 (+0.026%) | Brackets: 1 | Open: 0 | Trades: 18 (8.6/hr) | P&L: $+17.20
2026-02-03T17:27:24.581845 [ 7569s] 🔍 DEBUG KXBTC15M-26FEB031230-30: K=0.85 ask=0.87 ttc=155s can_enter=True(ok)
2026-02-03T17:27:54.612271 [ 7599s] 🔍 DEBUG KXBTC15M-26FEB031230-30: K=0.91 ask=0.93 ttc=125s can_enter=True(ok)
2026-02-03T17:28:23.642959 [ 7628s] BTC: $75,847.66 (+0.034%) | Brackets: 1 | Open: 0 | Trades: 18 (8.5/hr) | P&L: $+17.20
2026-02-03T17:28:24.644448 [ 7629s] 🔍 DEBUG KXBTC15M-26FEB031230-30: K=0.90 ask=0.91 ttc=95s can_enter=False(too_close)
2026-02-03T17:28:54.676752 [ 7659s] 🔍 DEBUG KXBTC15M-26FEB031230-30: K=0.95 ask=0.97 ttc=65s can_enter=False(too_close)
2026-02-03T17:29:23.710974 [ 7688s] BTC: $75,853.88 (-0.042%) | Brackets: 1 | Open: 0 | Trades: 18 (8.4/hr) | P&L: $+17.20
2026-02-03T17:29:24.711965 [ 7689s] 🔍 DEBUG KXBTC15M-26FEB031230-30: K=0.98 ask=0.99 ttc=35s can_enter=False(too_close)
2026-02-03T17:29:54.748230 [ 7719s] 🔍 DEBUG KXBTC15M-26FEB031230-30: K=0.99 ask=1.00 ttc=5s can_enter=False(too_close)
2026-02-03T17:30:23.796234 [ 7748s] BTC: $75,790.70 (-0.059%) | Brackets: 1 | Open: 0 | Trades: 18 (8.4/hr) | P&L: $+17.20
2026-02-03T17:30:24.798252 [ 7749s] 🔍 DEBUG KXBTC15M-26FEB031245-45: K=0.45 ask=0.55 ttc=875s can_enter=False(spread_wide)
2026-02-03T17:30:54.827685 [ 7779s] 🔍 DEBUG KXBTC15M-26FEB031245-45: K=0.39 ask=0.42 ttc=845s can_enter=True(ok)
2026-02-03T17:31:23.861327 [ 7808s] BTC: $75,785.79 (-0.050%) | Brackets: 1 | Open: 0 | Trades: 18 (8.3/hr) | P&L: $+17.20
2026-02-03T17:31:24.862776 [ 7809s] 🔍 DEBUG KXBTC15M-26FEB031245-45: K=0.46 ask=0.48 ttc=815s can_enter=True(ok)
2026-02-03T17:31:54.899497 [ 7840s] 🔍 DEBUG KXBTC15M-26FEB031245-45: K=0.40 ask=0.45 ttc=785s can_enter=True(ok)
2026-02-03T17:32:23.930914 [ 7869s] BTC: $75,796.30 (+0.001%) | Brackets: 1 | Open: 0 | Trades: 18 (8.2/hr) | P&L: $+17.20
2026-02-03T17:32:24.932211 [ 7870s] 🔍 DEBUG KXBTC15M-26FEB031245-45: K=0.46 ask=0.50 ttc=755s can_enter=True(ok)
2026-02-03T17:32:54.984541 [ 7900s] 🔍 DEBUG KXBTC15M-26FEB031245-45: K=0.40 ask=0.44 ttc=725s can_enter=True(ok)
2026-02-03T17:33:24.015692 [ 7929s] BTC: $75,811.43 (+0.042%) | Brackets: 1 | Open: 0 | Trades: 18 (8.2/hr) | P&L: $+17.20
2026-02-03T17:33:25.016706 [ 7930s] 🔍 DEBUG KXBTC15M-26FEB031245-45: K=0.38 ask=0.40 ttc=695s can_enter=True(ok)
2026-02-03T17:33:55.056207 [ 7960s] 🔍 DEBUG KXBTC15M-26FEB031245-45: K=0.35 ask=0.37 ttc=665s can_enter=True(ok)
2026-02-03T17:34:24.095653 [ 7989s] BTC: $75,849.34 (+0.022%) | Brackets: 1 | Open: 0 | Trades: 18 (8.1/hr) | P&L: $+17.20
2026-02-03T17:34:25.096347 [ 7990s] 🔍 DEBUG KXBTC15M-26FEB031245-45: K=0.47 ask=0.49 ttc=635s can_enter=True(ok)
2026-02-03T17:34:55.159108 [ 8020s] 🔍 DEBUG KXBTC15M-26FEB031245-45: K=0.45 ask=0.46 ttc=605s can_enter=True(ok)
2026-02-03T17:35:24.195732 [ 8049s] BTC: $75,746.35 (+0.003%) | Brackets: 1 | Open: 0 | Trades: 18 (8.1/hr) | P&L: $+17.20
2026-02-03T17:35:25.196695 [ 8050s] 🔍 DEBUG KXBTC15M-26FEB031245-45: K=0.30 ask=0.31 ttc=575s can_enter=True(ok)
2026-02-03T17:35:55.233042 [ 8080s] 🔍 DEBUG KXBTC15M-26FEB031245-45: K=0.32 ask=0.36 ttc=545s can_enter=True(ok)
2026-02-03T17:36:24.275103 [ 8109s] BTC: $75,730.90 (+0.001%) | Brackets: 1 | Open: 0 | Trades: 18 (8.0/hr) | P&L: $+17.20
2026-02-03T17:36:25.275725 [ 8110s] 🔍 DEBUG KXBTC15M-26FEB031245-45: K=0.27 ask=0.28 ttc=515s can_enter=True(ok)
2026-02-03T17:36:55.307774 [ 8140s] 🔍 DEBUG KXBTC15M-26FEB031245-45: K=0.22 ask=0.24 ttc=485s can_enter=True(ok)
2026-02-03T17:37:24.339116 [ 8169s] BTC: $75,639.00 (-0.065%) | Brackets: 1 | Open: 0 | Trades: 18 (7.9/hr) | P&L: $+17.20
2026-02-03T17:37:25.340116 [ 8170s] 🔍 DEBUG KXBTC15M-26FEB031245-45: K=0.26 ask=0.27 ttc=455s can_enter=True(ok)
2026-02-03T17:37:55.370772 [ 8200s] 🔍 DEBUG KXBTC15M-26FEB031245-45: K=0.15 ask=0.16 ttc=425s can_enter=True(ok)
2026-02-03T17:38:24.403169 [ 8229s] BTC: $75,559.33 (-0.030%) | Brackets: 1 | Open: 0 | Trades: 18 (7.9/hr) | P&L: $+17.20
2026-02-03T17:38:25.404515 [ 8230s] 🔍 DEBUG KXBTC15M-26FEB031245-45: K=0.08 ask=0.10 ttc=395s can_enter=True(ok)
2026-02-03T17:38:55.454767 [ 8260s] 🔍 DEBUG KXBTC15M-26FEB031245-45: K=0.06 ask=0.07 ttc=365s can_enter=True(ok)
2026-02-03T17:39:24.486101 [ 8289s] BTC: $75,488.38 (-0.081%) | Brackets: 1 | Open: 0 | Trades: 18 (7.8/hr) | P&L: $+17.20
2026-02-03T17:39:25.488043 [ 8290s] 🔍 DEBUG KXBTC15M-26FEB031245-45: K=0.06 ask=0.08 ttc=335s can_enter=True(ok)
2026-02-03T17:39:55.522389 [ 8320s] 🔍 DEBUG KXBTC15M-26FEB031245-45: K=0.04 ask=0.05 ttc=304s can_enter=True(ok)
2026-02-03T17:40:24.565835 [ 8349s] BTC: $75,354.46 (-0.026%) | Brackets: 1 | Open: 0 | Trades: 18 (7.8/hr) | P&L: $+17.20
2026-02-03T17:40:25.566577 [ 8350s] 🔍 DEBUG KXBTC15M-26FEB031245-45: K=0.03 ask=0.04 ttc=274s can_enter=True(ok)
2026-02-03T17:40:55.613144 [ 8380s] 🔍 DEBUG KXBTC15M-26FEB031245-45: K=0.02 ask=0.03 ttc=244s can_enter=True(ok)
2026-02-03T17:41:24.642996 [ 8409s] BTC: $75,276.18 (-0.070%) | Brackets: 1 | Open: 0 | Trades: 18 (7.7/hr) | P&L: $+17.20
2026-02-03T17:41:25.644335 [ 8410s] 🔍 DEBUG KXBTC15M-26FEB031245-45: K=0.01 ask=0.04 ttc=214s can_enter=True(ok)
2026-02-03T17:41:55.672570 [ 8440s] 🔍 DEBUG KXBTC15M-26FEB031245-45: K=0.01 ask=0.02 ttc=184s can_enter=True(ok)
2026-02-03T17:42:24.703150 [ 8469s] BTC: $75,236.93 (-0.008%) | Brackets: 1 | Open: 0 | Trades: 18 (7.7/hr) | P&L: $+17.20
2026-02-03T17:42:25.705634 [ 8470s] 🔍 DEBUG KXBTC15M-26FEB031245-45: K=0.00 ask=0.01 ttc=154s can_enter=True(ok)
2026-02-03T17:42:55.737637 [ 8500s] 🔍 DEBUG KXBTC15M-26FEB031245-45: K=0.00 ask=0.01 ttc=124s can_enter=True(ok)
2026-02-03T17:43:24.766117 [ 8529s] BTC: $75,178.95 (+0.016%) | Brackets: 1 | Open: 0 | Trades: 18 (7.6/hr) | P&L: $+17.20
2026-02-03T17:43:25.767251 [ 8530s] 🔍 DEBUG KXBTC15M-26FEB031245-45: K=0.00 ask=0.01 ttc=94s can_enter=False(too_close)
2026-02-03T17:43:55.800079 [ 8560s] 🔍 DEBUG KXBTC15M-26FEB031245-45: K=0.00 ask=0.01 ttc=64s can_enter=False(too_close)
2026-02-03T17:44:24.827268 [ 8589s] BTC: $75,147.97 (-0.054%) | Brackets: 1 | Open: 0 | Trades: 18 (7.5/hr) | P&L: $+17.20
2026-02-03T17:44:25.828698 [ 8590s] 🔍 DEBUG KXBTC15M-26FEB031245-45: K=0.00 ask=0.01 ttc=34s can_enter=False(too_close)
2026-02-03T17:44:55.858279 [ 8620s] 🔍 DEBUG KXBTC15M-26FEB031245-45: K=0.00 ask=0.01 ttc=4s can_enter=False(too_close)
2026-02-03T17:45:24.891719 [ 8650s] BTC: $75,094.65 (+0.010%) | Brackets: 1 | Open: 0 | Trades: 18 (7.5/hr) | P&L: $+17.20
2026-02-03T17:45:25.894107 [ 8651s] 🔍 DEBUG KXBTC15M-26FEB031300-00: K=0.16 ask=0.45 ttc=874s can_enter=False(spread_wide)
2026-02-03T17:45:55.946713 [ 8681s] 🔍 DEBUG KXBTC15M-26FEB031300-00: K=0.50 ask=0.51 ttc=844s can_enter=True(ok)
2026-02-03T17:46:24.975325 [ 8710s] BTC: $75,050.74 (-0.017%) | Brackets: 1 | Open: 0 | Trades: 18 (7.4/hr) | P&L: $+17.20
2026-02-03T17:46:25.976879 [ 8711s] 🔍 DEBUG KXBTC15M-26FEB031300-00: K=0.45 ask=0.49 ttc=814s can_enter=True(ok)
2026-02-03T17:46:56.003031 [ 8741s] 🔍 DEBUG KXBTC15M-26FEB031300-00: K=0.31 ask=0.32 ttc=784s can_enter=True(ok)
2026-02-03T17:47:25.034899 [ 8770s] BTC: $75,089.83 (-0.023%) | Brackets: 1 | Open: 0 | Trades: 18 (7.4/hr) | P&L: $+17.20
2026-02-03T17:47:26.035399 [ 8771s] 🔍 DEBUG KXBTC15M-26FEB031300-00: K=0.50 ask=0.51 ttc=754s can_enter=True(ok)
2026-02-03T17:47:56.068465 [ 8801s] 🔍 DEBUG KXBTC15M-26FEB031300-00: K=0.41 ask=0.42 ttc=724s can_enter=True(ok)
2026-02-03T17:48:25.096125 [ 8830s] BTC: $74,978.79 (-0.022%) | Brackets: 1 | Open: 0 | Trades: 18 (7.3/hr) | P&L: $+17.20
2026-02-03T17:48:26.096972 [ 8831s] 🔍 DEBUG KXBTC15M-26FEB031300-00: K=0.28 ask=0.31 ttc=694s can_enter=True(ok)
2026-02-03T17:48:56.125209 [ 8861s] 🔍 DEBUG KXBTC15M-26FEB031300-00: K=0.19 ask=0.20 ttc=664s can_enter=True(ok)
2026-02-03T17:49:25.156115 [ 8890s] BTC: $74,911.12 (-0.038%) | Brackets: 1 | Open: 0 | Trades: 18 (7.3/hr) | P&L: $+17.20
2026-02-03T17:49:26.157514 [ 8891s] 🔍 DEBUG KXBTC15M-26FEB031300-00: K=0.20 ask=0.23 ttc=634s can_enter=True(ok)
2026-02-03T17:49:56.192657 [ 8921s] 🔍 DEBUG KXBTC15M-26FEB031300-00: K=0.19 ask=0.20 ttc=604s can_enter=True(ok)
2026-02-03T17:50:25.223727 [ 8950s] BTC: $75,013.58 (+0.025%) | Brackets: 1 | Open: 0 | Trades: 18 (7.2/hr) | P&L: $+17.20
2026-02-03T17:50:26.224320 [ 8951s] 🔍 DEBUG KXBTC15M-26FEB031300-00: K=0.22 ask=0.23 ttc=574s can_enter=True(ok)
2026-02-03T17:50:56.253951 [ 8981s] 🔍 DEBUG KXBTC15M-26FEB031300-00: K=0.50 ask=0.53 ttc=544s can_enter=True(ok)
2026-02-03T17:51:16.283844 [ 9001s] 📈 MR-HIGH KXBTC15M-26FEB031300-00: K@0.68 → NO@0.32
2026-02-03T17:51:25.298138 [ 9010s] BTC: $75,286.99 (+0.019%) | Brackets: 1 | Open: 1 | Trades: 18 (7.2/hr) | P&L: $+17.20
2026-02-03T17:51:26.300489 [ 9011s] 🔍 DEBUG KXBTC15M-26FEB031300-00: K=0.68 ask=0.71 ttc=514s can_enter=True(ok)
2026-02-03T17:51:44.328344 [ 9029s] ❌ mean_reversion_high KXBTC15M-26FEB031300-00 CLOSE (STOP(-25%)): $-0.90 | Total: $+16.30
2026-02-03T17:51:56.341322 [ 9041s] 🔍 DEBUG KXBTC15M-26FEB031300-00: K=0.75 ask=0.77 ttc=484s can_enter=True(ok)
2026-02-03T17:51:59.344992 [ 9044s] 🎯 DELAY KXBTC15M-26FEB031300-00: BTC -0.206%(1m) -0.206%(30s) → NO@0.25
2026-02-03T17:52:14.371268 [ 9059s] ✅ delay_arb KXBTC15M-26FEB031300-00 CLOSE (PROFIT): $+2.90 | Total: $+19.20
2026-02-03T17:52:25.382475 [ 9070s] BTC: $75,158.61 (+0.032%) | Brackets: 1 | Open: 0 | Trades: 20 (7.9/hr) | P&L: $+19.20
2026-02-03T17:52:26.383025 [ 9071s] 🔍 DEBUG KXBTC15M-26FEB031300-00: K=0.44 ask=0.46 ttc=454s can_enter=True(ok)
2026-02-03T17:52:56.412970 [ 9101s] 🔍 DEBUG KXBTC15M-26FEB031300-00: K=0.45 ask=0.46 ttc=424s can_enter=True(ok)
2026-02-03T17:53:25.443405 [ 9130s] BTC: $75,023.91 (-0.046%) | Brackets: 1 | Open: 0 | Trades: 20 (7.9/hr) | P&L: $+19.20
2026-02-03T17:53:26.444291 [ 9131s] 🔍 DEBUG KXBTC15M-26FEB031300-00: K=0.23 ask=0.25 ttc=394s can_enter=True(ok)
2026-02-03T17:53:56.473958 [ 9161s] 🔍 DEBUG KXBTC15M-26FEB031300-00: K=0.25 ask=0.26 ttc=364s can_enter=True(ok)
2026-02-03T17:54:25.502148 [ 9190s] BTC: $75,025.50 (-0.022%) | Brackets: 1 | Open: 0 | Trades: 20 (7.8/hr) | P&L: $+19.20
2026-02-03T17:54:26.503213 [ 9191s] 🔍 DEBUG KXBTC15M-26FEB031300-00: K=0.28 ask=0.30 ttc=333s can_enter=True(ok)
2026-02-03T17:54:56.536087 [ 9221s] 🔍 DEBUG KXBTC15M-26FEB031300-00: K=0.20 ask=0.21 ttc=303s can_enter=True(ok)
2026-02-03T17:55:25.573575 [ 9250s] BTC: $74,914.89 (-0.012%) | Brackets: 1 | Open: 0 | Trades: 20 (7.8/hr) | P&L: $+19.20
2026-02-03T17:55:26.574270 [ 9251s] 🔍 DEBUG KXBTC15M-26FEB031300-00: K=0.08 ask=0.10 ttc=273s can_enter=True(ok)
2026-02-03T17:55:56.606101 [ 9281s] 🔍 DEBUG KXBTC15M-26FEB031300-00: K=0.06 ask=0.07 ttc=243s can_enter=True(ok)
2026-02-03T17:56:25.641618 [ 9310s] BTC: $74,882.76 (-0.025%) | Brackets: 1 | Open: 0 | Trades: 20 (7.7/hr) | P&L: $+19.20
2026-02-03T17:56:26.642766 [ 9311s] 🔍 DEBUG KXBTC15M-26FEB031300-00: K=0.07 ask=0.08 ttc=213s can_enter=True(ok)
2026-02-03T17:56:56.674856 [ 9341s] 🔍 DEBUG KXBTC15M-26FEB031300-00: K=0.07 ask=0.08 ttc=183s can_enter=True(ok)
2026-02-03T17:57:25.706113 [ 9370s] BTC: $74,897.87 (-0.021%) | Brackets: 1 | Open: 0 | Trades: 20 (7.7/hr) | P&L: $+19.20
2026-02-03T17:57:26.706886 [ 9371s] 🔍 DEBUG KXBTC15M-26FEB031300-00: K=0.04 ask=0.05 ttc=153s can_enter=True(ok)
2026-02-03T17:57:56.739087 [ 9401s] 🔍 DEBUG KXBTC15M-26FEB031300-00: K=0.02 ask=0.03 ttc=123s can_enter=True(ok)
2026-02-03T17:58:25.770626 [ 9430s] BTC: $74,867.74 (+0.030%) | Brackets: 1 | Open: 0 | Trades: 20 (7.6/hr) | P&L: $+19.20
2026-02-03T17:58:26.771520 [ 9431s] 🔍 DEBUG KXBTC15M-26FEB031300-00: K=0.00 ask=0.01 ttc=93s can_enter=False(too_close)
2026-02-03T17:58:56.816311 [ 9461s] 🔍 DEBUG KXBTC15M-26FEB031300-00: K=0.00 ask=0.01 ttc=63s can_enter=False(too_close)
2026-02-03T17:59:25.845701 [ 9490s] BTC: $74,888.67 (+0.009%) | Brackets: 1 | Open: 0 | Trades: 20 (7.6/hr) | P&L: $+19.20
2026-02-03T17:59:26.846261 [ 9491s] 🔍 DEBUG KXBTC15M-26FEB031300-00: K=0.00 ask=0.01 ttc=33s can_enter=False(too_close)
2026-02-03T17:59:56.876287 [ 9521s] 🔍 DEBUG KXBTC15M-26FEB031300-00: K=0.00 ask=0.01 ttc=3s can_enter=False(too_close)
2026-02-03T18:00:25.920573 [ 9551s] BTC: $74,903.51 (-0.027%) | Brackets: 1 | Open: 0 | Trades: 20 (7.5/hr) | P&L: $+19.20
2026-02-03T18:00:26.921740 [ 9552s] 🔍 DEBUG KXBTC15M-26FEB031315-15: K=0.55 ask=0.94 ttc=873s can_enter=False(spread_wide)
2026-02-03T18:00:55.956135 [ 9581s] 🎯 DELAY KXBTC15M-26FEB031315-15: BTC +0.269%(1m) +0.269%(30s) → YES@0.59
2026-02-03T18:00:56.957779 [ 9582s] 🔍 DEBUG KXBTC15M-26FEB031315-15: K=0.56 ask=0.59 ttc=843s can_enter=True(ok)
2026-02-03T18:01:18.993297 [ 9604s] ✅ delay_arb KXBTC15M-26FEB031315-15 CLOSE (PROFIT): $+1.60 | Total: $+20.80
2026-02-03T18:01:26.001970 [ 9611s] BTC: $75,083.86 (+0.029%) | Brackets: 1 | Open: 0 | Trades: 21 (7.9/hr) | P&L: $+20.80
2026-02-03T18:01:27.003657 [ 9612s] 🔍 DEBUG KXBTC15M-26FEB031315-15: K=0.75 ask=0.77 ttc=813s can_enter=True(ok)
2026-02-03T18:01:49.025574 [ 9634s] 📈 MR-HIGH KXBTC15M-26FEB031315-15: K@0.70 → NO@0.30
2026-02-03T18:01:57.037060 [ 9642s] 🔍 DEBUG KXBTC15M-26FEB031315-15: K=0.70 ask=0.73 ttc=783s can_enter=True(ok)
2026-02-03T18:02:26.079763 [ 9671s] BTC: $75,041.81 (+0.029%) | Brackets: 1 | Open: 1 | Trades: 21 (7.8/hr) | P&L: $+20.80
2026-02-03T18:02:27.081080 [ 9672s] 🔍 DEBUG KXBTC15M-26FEB031315-15: K=0.71 ask=0.72 ttc=753s can_enter=True(ok)
2026-02-03T18:02:50.117341 [ 9695s] ✅ mean_reversion_high KXBTC15M-26FEB031315-15 CLOSE (PROFIT): $+0.80 | Total: $+21.60
2026-02-03T18:02:57.123260 [ 9702s] 🔍 DEBUG KXBTC15M-26FEB031315-15: K=0.60 ask=0.62 ttc=723s can_enter=True(ok)
2026-02-03T18:03:26.173618 [ 9731s] BTC: $74,979.10 (+0.084%) | Brackets: 1 | Open: 0 | Trades: 22 (8.1/hr) | P&L: $+21.60
2026-02-03T18:03:27.175025 [ 9732s] 🔍 DEBUG KXBTC15M-26FEB031315-15: K=0.62 ask=0.66 ttc=693s can_enter=True(ok)
2026-02-03T18:03:44.195501 [ 9749s] 📈 MR-HIGH KXBTC15M-26FEB031315-15: K@0.62 → NO@0.38
2026-02-03T18:03:50.202920 [ 9755s] ❌ mean_reversion_high KXBTC15M-26FEB031315-15 CLOSE (STOP(-25%)): $-1.30 | Total: $+20.30
2026-02-03T18:03:55.208492 [ 9760s] 📈 MR-HIGH KXBTC15M-26FEB031315-15: K@0.73 → NO@0.27
2026-02-03T18:03:57.211739 [ 9762s] 🔍 DEBUG KXBTC15M-26FEB031315-15: K=0.73 ask=0.75 ttc=663s can_enter=True(ok)
2026-02-03T18:04:26.254345 [ 9791s] BTC: $75,051.17 (-0.034%) | Brackets: 1 | Open: 1 | Trades: 23 (8.5/hr) | P&L: $+20.30
2026-02-03T18:04:27.255898 [ 9792s] 🔍 DEBUG KXBTC15M-26FEB031315-15: K=0.76 ask=0.79 ttc=633s can_enter=True(ok)
2026-02-03T18:04:57.302018 [ 9822s] 🔍 DEBUG KXBTC15M-26FEB031315-15: K=0.76 ask=0.78 ttc=603s can_enter=True(ok)
2026-02-03T18:05:26.376049 [ 9851s] BTC: $75,054.50 (+0.053%) | Brackets: 1 | Open: 1 | Trades: 23 (8.4/hr) | P&L: $+20.30
2026-02-03T18:05:27.376975 [ 9852s] 🔍 DEBUG KXBTC15M-26FEB031315-15: K=0.76 ask=0.78 ttc=573s can_enter=True(ok)
2026-02-03T18:05:57.425156 [ 9882s] 🔍 DEBUG KXBTC15M-26FEB031315-15: K=0.74 ask=0.75 ttc=543s can_enter=True(ok)
2026-02-03T18:06:26.475367 [ 9911s] BTC: $75,060.04 (+0.038%) | Brackets: 1 | Open: 1 | Trades: 23 (8.4/hr) | P&L: $+20.30
2026-02-03T18:06:27.478297 [ 9912s] 🔍 DEBUG KXBTC15M-26FEB031315-15: K=0.73 ask=0.74 ttc=513s can_enter=True(ok)
2026-02-03T18:06:52.517277 [ 9937s] ❌ mean_reversion_high KXBTC15M-26FEB031315-15 CLOSE (STOP(-25%)): $-1.90 | Total: $+18.40
2026-02-03T18:06:57.521288 [ 9942s] 🔍 DEBUG KXBTC15M-26FEB031315-15: K=0.90 ask=0.92 ttc=482s can_enter=True(ok)
2026-02-03T18:07:26.571585 [ 9971s] BTC: $74,964.11 (-0.105%) | Brackets: 1 | Open: 0 | Trades: 24 (8.7/hr) | P&L: $+18.40
2026-02-03T18:07:27.572409 [ 9972s] 🔍 DEBUG KXBTC15M-26FEB031315-15: K=0.75 ask=0.77 ttc=452s can_enter=True(ok)
2026-02-03T18:07:52.600587 [ 9997s] 📈 MR-HIGH KXBTC15M-26FEB031315-15: K@0.61 → NO@0.39
2026-02-03T18:07:57.608055 [10002s] 🔍 DEBUG KXBTC15M-26FEB031315-15: K=0.61 ask=0.64 ttc=422s can_enter=True(ok)
2026-02-03T18:08:26.651310 [10031s] BTC: $74,958.22 (+0.042%) | Brackets: 1 | Open: 1 | Trades: 24 (8.6/hr) | P&L: $+18.40
2026-02-03T18:08:27.652457 [10032s] 🔍 DEBUG KXBTC15M-26FEB031315-15: K=0.62 ask=0.65 ttc=392s can_enter=True(ok)
2026-02-03T18:08:30.627572 
⚠️ SIGNAL: SIGTERM at 2026-02-03T18:08:30.627469
2026-02-03T18:08:30.665457 
======================================================================
v7 SUMMARY
======================================================================
Duration: 167min (2.8h)
Total Trades: 24
Trade Rate: 8.6/hr
P&L: $+18.40
Final Balance: $1014.50

  delay_arb:
    Trades: 9, Win Rate: 100%, P&L: $+13.70, Avg: $+1.522
  mean_reversion_high:
    Trades: 15, Win Rate: 60%, P&L: $+4.70, Avg: $+0.313
======================================================================

