2026-02-03T04:58:30.412166 
======================================================================
v7 — Research-Validated High-Frequency Validation Mode
======================================================================
Duration: 180min | Start: 04:58:30 UTC
Strategies: MR-High (≥0.6), Delay Arb (0.2%), Parity Arb, Endgame
Params: cooldown=5s, max_pos=5/mkt, timeout=180s
Goal: 50-100+ trades/hr for statistical validation
======================================================================

2026-02-03T04:58:31.413482 [    1s] 🔍 DEBUG KXBTC15M-26FEB030000-00: K=0.00 ask=0.01 ttc=89s can_enter=False(too_close)
2026-02-03T04:59:01.453314 [   31s] 🔍 DEBUG KXBTC15M-26FEB030000-00: K=0.00 ask=0.01 ttc=59s can_enter=False(too_close)
2026-02-03T04:59:30.501455 [   60s] BTC: $78,750.21 (+0.035%) | Brackets: 1 | Open: 0 | Trades: 0 (0.0/hr) | P&L: $+0.00
2026-02-03T04:59:31.503242 [   61s] 🔍 DEBUG KXBTC15M-26FEB030000-00: K=0.00 ask=0.01 ttc=28s can_enter=False(too_close)
2026-02-03T05:00:01.543326 [   91s] 🔍 DEBUG KXBTC15M-26FEB030000-00: K=0.00 ask=0.01 ttc=-2s can_enter=False(too_close)
2026-02-03T05:00:30.586633 [  120s] BTC: $78,738.81 (-0.014%) | Brackets: 1 | Open: 0 | Trades: 0 (0.0/hr) | P&L: $+0.00
2026-02-03T05:00:31.588027 [  121s] 🔍 DEBUG KXBTC15M-26FEB030015-15: K=0.28 ask=0.45 ttc=868s can_enter=False(spread_wide)
2026-02-03T05:00:52.618146 [  142s] 🏃 MOMENTUM KXBTC15M-26FEB030015-15: K@0.40 BTC -0.052% → NO@0.60
2026-02-03T05:01:01.635243 [  151s] 🔍 DEBUG KXBTC15M-26FEB030015-15: K=0.40 ask=0.44 ttc=838s can_enter=True(ok)
2026-02-03T05:01:30.687675 [  180s] BTC: $78,719.90 (-0.024%) | Brackets: 1 | Open: 1 | Trades: 0 (0.0/hr) | P&L: $+0.00
2026-02-03T05:01:31.689069 [  181s] 🔍 DEBUG KXBTC15M-26FEB030015-15: K=0.31 ask=0.36 ttc=808s can_enter=True(ok)
2026-02-03T05:02:01.737299 [  211s] 🔍 DEBUG KXBTC15M-26FEB030015-15: K=0.36 ask=0.38 ttc=778s can_enter=True(ok)
2026-02-03T05:02:12.754018 [  222s] ❌ momentum_follow KXBTC15M-26FEB030015-15 CLOSE (PROFIT): $-1.20 | Total: $-1.20
2026-02-03T05:02:17.759459 [  227s] 🚜 NO-FARM KXBTC15M-26FEB030015-15: K@0.27 → NO@0.73 (70% resolve NO)
2026-02-03T05:02:30.782581 [  240s] BTC: $78,677.21 (-0.054%) | Brackets: 1 | Open: 1 | Trades: 1 (15.0/hr) | P&L: $-1.20
2026-02-03T05:02:31.784367 [  241s] 🔍 DEBUG KXBTC15M-26FEB030015-15: K=0.27 ask=0.28 ttc=748s can_enter=True(ok)
2026-02-03T05:02:59.625717 
⚠️ SIGNAL: SIGTERM at 2026-02-03T05:02:59.625638
2026-02-03T05:02:59.834175 
======================================================================
v7 SUMMARY
======================================================================
Duration: 4min (0.1h)
Total Trades: 1
Trade Rate: 13.4/hr
P&L: $-1.20
Final Balance: $993.90

  momentum_follow:
    Trades: 1, Win Rate: 0%, P&L: $-1.20, Avg: $-1.200
======================================================================

