2026-02-04T03:25:02.357390 
======================================================================
v6 - RESEARCH-NOTES.md Improvements
======================================================================
Duration: 480min | Start: 03:25:02
Changes: BTC momentum filter, adaptive stop-loss, entry filters,
         mean reversion at extremes, market timing restrictions
Markets: 15min + Hourly
======================================================================

2026-02-04T03:26:02.420555 [   60s] BTC: $76,382.46 (4ex, +0.023%) | 15m: 0.12/0.15 | 1h: N/A | P&L: $+0.00 (0)
2026-02-04T03:27:02.484947 [  120s] BTC: $76,369.06 (4ex, -0.018%) | 15m: 0.07/0.09 | 1h: N/A | P&L: $+0.00 (0)
2026-02-04T03:28:02.554222 [  180s] BTC: $76,361.03 (4ex, -0.004%) | 15m: 0.01/0.03 | 1h: N/A | P&L: $+0.00 (0)
2026-02-04T03:29:02.618090 [  240s] BTC: $76,316.71 (4ex, -0.058%) | 15m: 0.00/0.01 | 1h: N/A | P&L: $+0.00 (0)
2026-02-04T03:30:02.368685 [  300s] 💾 Checkpoint
2026-02-04T03:30:02.695823 [  300s] BTC: $76,308.43 (4ex, -0.011%) | 15m: 0.00/0.01 | 1h: N/A | P&L: $+0.00 (0)
2026-02-04T03:30:25.728077 [  323s] 🔄 15M transition
2026-02-04T03:30:26.728583 [  324s] 🔄 15M transition
2026-02-04T03:30:27.729641 [  325s] 🔄 15M transition
2026-02-04T03:30:28.731169 [  326s] 🔄 15M transition
2026-02-04T03:30:29.732777 [  327s] 🔄 15M transition
2026-02-04T03:31:02.774465 [  360s] BTC: $76,322.40 (4ex, +0.018%) | 15m: 0.49/0.54 | 1h: N/A | P&L: $+0.00 (0)
2026-02-04T03:31:32.855662 [  390s] 🎯 15M DELAY: BTC +0.157% K +0.0% → YES@$0.63
2026-02-04T03:32:02.901533 [  420s] BTC: $76,427.95 (4ex, +0.078%) | 15m: 0.72/0.77 | 1h: N/A | P&L: $+0.00 (0)
2026-02-04T03:33:02.993030 [  480s] BTC: $76,396.23 (4ex, -0.043%) | 15m: 0.72/0.73 | 1h: N/A | P&L: $+0.00 (0)
2026-02-04T03:34:03.087506 [  540s] BTC: $76,432.99 (4ex, +0.048%) | 15m: 0.75/0.77 | 1h: N/A | P&L: $+0.00 (0)
2026-02-04T03:35:02.371424 [  600s] 💾 Checkpoint
2026-02-04T03:35:03.190721 [  600s] BTC: $76,427.58 (4ex, -0.007%) | 15m: 0.80/0.84 | 1h: N/A | P&L: $+0.00 (0)
2026-02-04T03:36:03.299896 [  660s] BTC: $76,438.87 (4ex, +0.015%) | 15m: 0.84/0.85 | 1h: N/A | P&L: $+0.00 (0)
2026-02-04T03:36:28.370573 [  685s] ✅ 15M delay_arb CLOSE (PROFIT): $+0.70 | Total: $+0.70
2026-02-04T03:37:03.410924 [  721s] BTC: $76,440.24 (4ex, +0.002%) | 15m: 0.84/0.88 | 1h: N/A | P&L: $+0.70 (1)
2026-02-04T03:37:33.478750 [  751s] 🎯 15M DELAY: BTC +0.186% K +0.0% → YES@$0.93
2026-02-04T03:38:03.521862 [  781s] BTC: $76,779.65 (4ex, +0.102%) | 15m: 0.98/0.99 | 1h: N/A | P&L: $+0.70 (1)
2026-02-04T03:39:03.620761 [  841s] BTC: $76,794.11 (4ex, +0.046%) | 15m: 0.98/1.00 | 1h: N/A | P&L: $+0.70 (1)
2026-02-04T03:40:02.375677 [  900s] 💾 Checkpoint
2026-02-04T03:40:03.717853 [  901s] BTC: $76,752.68 (4ex, -0.060%) | 15m: 0.99/1.00 | 1h: N/A | P&L: $+0.70 (1)
2026-02-04T03:41:03.811963 [  961s] BTC: $76,787.20 (4ex, +0.059%) | 15m: 0.99/1.00 | 1h: N/A | P&L: $+0.70 (1)
2026-02-04T03:42:03.908587 [ 1021s] BTC: $76,846.97 (4ex, +0.045%) | 15m: 0.99/1.00 | 1h: N/A | P&L: $+0.70 (1)
2026-02-04T03:43:04.002640 [ 1081s] BTC: $76,784.69 (4ex, -0.047%) | 15m: 0.99/1.00 | 1h: N/A | P&L: $+0.70 (1)
2026-02-04T03:43:34.082760 [ 1111s] ✅ 15M delay_arb CLOSE (TIMEOUT): $+0.20 | Total: $+0.90
2026-02-04T03:44:04.117726 [ 1141s] BTC: $76,659.81 (4ex, -0.017%) | 15m: 0.99/1.00 | 1h: N/A | P&L: $+0.90 (2)
2026-02-04T03:45:02.378381 [ 1200s] 💾 Checkpoint
2026-02-04T03:45:03.177243 [ 1200s] 🔄 15M transition
2026-02-04T03:45:04.178369 [ 1201s] 🔄 15M transition
2026-02-04T03:45:04.178441 [ 1201s] BTC: $76,604.81 (4ex, -0.023%) | 15m: 0.45/0.55 | 1h: N/A | P&L: $+0.90 (2)
2026-02-04T03:45:05.179888 [ 1202s] 🔄 15M transition
2026-02-04T03:45:06.181442 [ 1203s] 🔄 15M transition
2026-02-04T03:45:07.184629 [ 1204s] 🔄 15M transition
2026-02-04T03:46:04.247038 [ 1261s] BTC: $76,662.91 (4ex, +0.017%) | 15m: 0.59/0.60 | 1h: N/A | P&L: $+0.90 (2)
2026-02-04T03:47:04.312941 [ 1321s] BTC: $76,660.09 (4ex, -0.003%) | 15m: 0.55/0.57 | 1h: N/A | P&L: $+0.90 (2)
2026-02-04T03:48:04.379298 [ 1382s] BTC: $76,656.18 (4ex, -0.005%) | 15m: 0.54/0.56 | 1h: N/A | P&L: $+0.90 (2)
2026-02-04T03:49:04.443401 [ 1442s] BTC: $76,633.61 (4ex, -0.040%) | 15m: 0.50/0.51 | 1h: N/A | P&L: $+0.90 (2)
2026-02-04T03:50:02.380581 [ 1500s] 💾 Checkpoint
2026-02-04T03:50:04.513163 [ 1502s] BTC: $76,627.73 (4ex, -0.008%) | 15m: 0.53/0.55 | 1h: N/A | P&L: $+0.90 (2)
2026-02-04T03:51:04.583564 [ 1562s] BTC: $76,610.77 (4ex, -0.022%) | 15m: 0.44/0.47 | 1h: N/A | P&L: $+0.90 (2)
2026-02-04T03:52:04.649725 [ 1622s] BTC: $76,609.51 (4ex, -0.002%) | 15m: 0.43/0.47 | 1h: N/A | P&L: $+0.90 (2)
2026-02-04T03:53:04.720525 [ 1682s] BTC: $76,607.86 (4ex, +0.007%) | 15m: 0.37/0.40 | 1h: N/A | P&L: $+0.90 (2)
2026-02-04T03:54:04.791157 [ 1742s] BTC: $76,616.92 (4ex, +0.012%) | 15m: 0.49/0.50 | 1h: N/A | P&L: $+0.90 (2)
2026-02-04T03:55:02.382827 [ 1800s] 💾 Checkpoint
2026-02-04T03:55:04.861722 [ 1802s] BTC: $76,649.38 (4ex, +0.003%) | 15m: 0.74/0.75 | 1h: N/A | P&L: $+0.90 (2)
2026-02-04T03:56:04.930943 [ 1862s] BTC: $76,640.91 (4ex, -0.011%) | 15m: 0.66/0.69 | 1h: N/A | P&L: $+0.90 (2)
2026-02-04T03:57:04.994963 [ 1922s] BTC: $76,644.68 (4ex, +0.005%) | 15m: 0.66/0.69 | 1h: N/A | P&L: $+0.90 (2)
2026-02-04T03:58:05.070770 [ 1982s] BTC: $76,649.89 (4ex, +0.007%) | 15m: 0.62/0.64 | 1h: N/A | P&L: $+0.90 (2)
2026-02-04T03:59:05.143275 [ 2042s] BTC: $76,645.64 (4ex, -0.006%) | 15m: 0.67/0.71 | 1h: N/A | P&L: $+0.90 (2)
2026-02-04T04:00:02.384399 [ 2100s] 💾 Checkpoint
2026-02-04T04:00:05.223145 [ 2102s] BTC: $76,636.17 (4ex, -0.011%) | 15m: 0.97/0.99 | 1h: N/A | P&L: $+0.90 (2)
2026-02-04T04:00:10.228353 [ 2107s] 🔄 15M transition
2026-02-04T04:00:11.229228 [ 2108s] 🔄 15M transition
2026-02-04T04:00:12.233070 [ 2109s] 🔄 15M transition
2026-02-04T04:00:13.234481 [ 2110s] 🔄 15M transition
2026-02-04T04:00:14.235819 [ 2111s] 🔄 15M transition
2026-02-04T04:01:05.302269 [ 2162s] BTC: $76,558.28 (4ex, -0.087%) | 15m: 0.35/0.37 | 1h: N/A | P&L: $+0.90 (2)
2026-02-04T04:02:05.368626 [ 2223s] BTC: $76,595.27 (4ex, +0.048%) | 15m: 0.36/0.40 | 1h: N/A | P&L: $+0.90 (2)
2026-02-04T04:03:05.445295 [ 2283s] BTC: $76,589.45 (4ex, -0.009%) | 15m: 0.40/0.41 | 1h: N/A | P&L: $+0.90 (2)
2026-02-04T04:04:05.521501 [ 2343s] BTC: $76,575.92 (4ex, -0.018%) | 15m: 0.42/0.43 | 1h: N/A | P&L: $+0.90 (2)
2026-02-04T04:05:02.385938 [ 2400s] 💾 Checkpoint
2026-02-04T04:05:05.599749 [ 2403s] BTC: $76,562.46 (4ex, -0.022%) | 15m: 0.31/0.33 | 1h: N/A | P&L: $+0.90 (2)
2026-02-04T04:06:05.669904 [ 2463s] BTC: $76,648.05 (4ex, +0.100%) | 15m: 0.51/0.52 | 1h: N/A | P&L: $+0.90 (2)
2026-02-04T04:06:25.774603 [ 2483s] 🎯 15M DELAY: BTC +0.153% K +0.0% → YES@$0.70
2026-02-04T04:07:05.832259 [ 2523s] BTC: $76,733.86 (4ex, +0.002%) | 15m: 0.75/0.78 | 1h: N/A | P&L: $+0.90 (2)
2026-02-04T04:08:05.936582 [ 2583s] BTC: $76,712.56 (4ex, +0.009%) | 15m: 0.73/0.77 | 1h: N/A | P&L: $+0.90 (2)
2026-02-04T04:09:06.030732 [ 2643s] BTC: $76,675.15 (4ex, -0.049%) | 15m: 0.60/0.62 | 1h: N/A | P&L: $+0.90 (2)
2026-02-04T04:10:02.389059 [ 2700s] 💾 Checkpoint
2026-02-04T04:10:06.134836 [ 2703s] BTC: $76,669.89 (4ex, -0.007%) | 15m: 0.67/0.69 | 1h: N/A | P&L: $+0.90 (2)
2026-02-04T04:11:06.237487 [ 2763s] BTC: $76,674.15 (4ex, +0.006%) | 15m: 0.70/0.73 | 1h: N/A | P&L: $+0.90 (2)
2026-02-04T04:12:06.342578 [ 2823s] BTC: $76,708.41 (4ex, +0.045%) | 15m: 0.86/0.89 | 1h: N/A | P&L: $+0.90 (2)
2026-02-04T04:12:16.393041 [ 2834s] ✅ 15M delay_arb CLOSE (PROFIT): $+1.40 | Total: $+2.30
2026-02-04T04:13:06.452201 [ 2884s] BTC: $76,715.87 (4ex, +0.009%) | 15m: 0.93/0.96 | 1h: N/A | P&L: $+2.30 (3)
2026-02-04T04:14:06.515048 [ 2944s] BTC: $76,676.83 (4ex, -0.045%) | 15m: 0.98/0.99 | 1h: N/A | P&L: $+2.30 (3)
2026-02-04T04:15:02.398853 [ 3000s] 💾 Checkpoint
2026-02-04T04:15:06.595679 [ 3004s] BTC: $76,666.73 (4ex, +0.033%) | 15m: 0.05/0.30 | 1h: N/A | P&L: $+2.30 (3)
2026-02-04T04:15:17.608316 [ 3015s] 🔄 15M transition
2026-02-04T04:15:18.609071 [ 3016s] 🔄 15M transition
2026-02-04T04:15:19.609961 [ 3017s] 🔄 15M transition
2026-02-04T04:15:20.610718 [ 3018s] 🔄 15M transition
2026-02-04T04:15:21.611610 [ 3019s] 🔄 15M transition
2026-02-04T04:16:06.664834 [ 3064s] BTC: $76,614.07 (4ex, -0.067%) | 15m: 0.40/0.42 | 1h: N/A | P&L: $+2.30 (3)
2026-02-04T04:17:06.733999 [ 3124s] BTC: $76,553.08 (4ex, -0.062%) | 15m: 0.32/0.34 | 1h: N/A | P&L: $+2.30 (3)
2026-02-04T04:18:06.812062 [ 3184s] BTC: $76,579.30 (4ex, +0.034%) | 15m: 0.36/0.39 | 1h: N/A | P&L: $+2.30 (3)
2026-02-04T04:19:06.902117 [ 3244s] BTC: $76,566.15 (4ex, -0.017%) | 15m: 0.26/0.30 | 1h: N/A | P&L: $+2.30 (3)
2026-02-04T04:20:02.402568 [ 3300s] 💾 Checkpoint
2026-02-04T04:20:06.976515 [ 3304s] BTC: $76,574.29 (4ex, +0.011%) | 15m: 0.31/0.32 | 1h: N/A | P&L: $+2.30 (3)
2026-02-04T04:21:07.084406 [ 3364s] BTC: $76,587.24 (4ex, +0.017%) | 15m: 0.43/0.44 | 1h: N/A | P&L: $+2.30 (3)
2026-02-04T04:22:07.158511 [ 3424s] BTC: $76,575.66 (4ex, -0.011%) | 15m: 0.31/0.34 | 1h: N/A | P&L: $+2.30 (3)
2026-02-04T04:23:07.235168 [ 3484s] BTC: $76,595.43 (4ex, +0.026%) | 15m: 0.37/0.41 | 1h: N/A | P&L: $+2.30 (3)
2026-02-04T04:24:07.323773 [ 3544s] BTC: $76,578.62 (4ex, -0.023%) | 15m: 0.33/0.35 | 1h: N/A | P&L: $+2.30 (3)
2026-02-04T04:24:22.374346 [ 3559s] 📉 15M MEAN-REV: K@0.18 (extreme low) + BTC stable → YES
2026-02-04T04:24:52.490641 [ 3590s] ❌ 15M mean_reversion_low CLOSE (STOP(-25%)): $-1.10 | Total: $+1.20
2026-02-04T04:25:02.405437 [ 3600s] 💾 Checkpoint
2026-02-04T04:25:07.515053 [ 3605s] BTC: $76,523.80 (4ex, -0.050%) | 15m: 0.07/0.08 | 1h: N/A | P&L: $+1.20 (4)
2026-02-04T04:26:07.577184 [ 3665s] BTC: $76,518.31 (4ex, -0.007%) | 15m: 0.07/0.09 | 1h: N/A | P&L: $+1.20 (4)
2026-02-04T04:27:07.646169 [ 3725s] BTC: $76,521.78 (4ex, +0.005%) | 15m: 0.04/0.06 | 1h: N/A | P&L: $+1.20 (4)
2026-02-04T04:28:07.716342 [ 3785s] BTC: $76,509.86 (4ex, -0.006%) | 15m: 0.01/0.03 | 1h: N/A | P&L: $+1.20 (4)
2026-02-04T04:29:07.789690 [ 3845s] BTC: $76,516.21 (4ex, +0.008%) | 15m: 0.00/0.01 | 1h: N/A | P&L: $+1.20 (4)
2026-02-04T04:30:02.408285 [ 3900s] 💾 Checkpoint
2026-02-04T04:30:07.860946 [ 3905s] BTC: $76,506.72 (4ex, -0.012%) | 15m: 0.00/0.01 | 1h: N/A | P&L: $+1.20 (4)
2026-02-04T04:30:25.882446 [ 3923s] 🔄 15M transition
2026-02-04T04:30:26.884039 [ 3924s] 🔄 15M transition
2026-02-04T04:30:27.885093 [ 3925s] 🔄 15M transition
2026-02-04T04:30:28.885951 [ 3926s] 🔄 15M transition
2026-02-04T04:30:29.887359 [ 3927s] 🔄 15M transition
2026-02-04T04:31:07.930864 [ 3965s] BTC: $76,619.50 (4ex, +0.137%) | 15m: 0.64/0.68 | 1h: N/A | P&L: $+1.20 (4)
2026-02-04T04:31:09.967133 [ 3967s] 🎯 15M DELAY: BTC +0.153% K +0.0% → YES@$0.68
2026-02-04T04:32:08.064997 [ 4025s] BTC: $76,645.95 (4ex, +0.032%) | 15m: 0.84/0.87 | 1h: N/A | P&L: $+1.20 (4)
2026-02-04T04:33:08.173326 [ 4085s] BTC: $76,609.14 (4ex, -0.028%) | 15m: 0.69/0.70 | 1h: N/A | P&L: $+1.20 (4)
2026-02-04T04:34:08.281320 [ 4145s] BTC: $76,599.43 (4ex, -0.013%) | 15m: 0.66/0.69 | 1h: N/A | P&L: $+1.20 (4)
2026-02-04T04:35:02.412231 [ 4200s] 💾 Checkpoint
2026-02-04T04:35:08.389943 [ 4206s] BTC: $76,634.19 (4ex, +0.045%) | 15m: 0.80/0.81 | 1h: N/A | P&L: $+1.20 (4)
2026-02-04T04:36:08.498111 [ 4266s] BTC: $76,640.40 (4ex, +0.008%) | 15m: 0.86/0.87 | 1h: N/A | P&L: $+1.20 (4)
2026-02-04T04:37:08.611013 [ 4326s] BTC: $76,626.70 (4ex, -0.018%) | 15m: 0.85/0.87 | 1h: N/A | P&L: $+1.20 (4)
2026-02-04T04:37:10.648842 [ 4328s] ❌ 15M delay_arb CLOSE (TIMEOUT): $+0.00 | Total: $+1.20
2026-02-04T04:38:08.709098 [ 4386s] BTC: $76,564.87 (4ex, -0.081%) | 15m: 0.70/0.71 | 1h: N/A | P&L: $+1.20 (5)
2026-02-04T04:39:08.781938 [ 4446s] BTC: $76,581.30 (4ex, +0.021%) | 15m: 0.78/0.79 | 1h: N/A | P&L: $+1.20 (5)
2026-02-04T04:40:02.415032 [ 4500s] 💾 Checkpoint
2026-02-04T04:40:08.846301 [ 4506s] BTC: $76,576.40 (4ex, -0.006%) | 15m: 0.84/0.86 | 1h: N/A | P&L: $+1.20 (5)
2026-02-04T04:41:08.912192 [ 4566s] BTC: $76,570.41 (4ex, -0.008%) | 15m: 0.85/0.86 | 1h: N/A | P&L: $+1.20 (5)
2026-02-04T04:42:08.992548 [ 4626s] BTC: $76,564.86 (4ex, -0.007%) | 15m: 0.89/0.91 | 1h: N/A | P&L: $+1.20 (5)
2026-02-04T04:43:09.063922 [ 4686s] BTC: $76,533.75 (4ex, -0.041%) | 15m: 0.93/0.96 | 1h: N/A | P&L: $+1.20 (5)
2026-02-04T04:44:09.138614 [ 4746s] BTC: $76,541.68 (4ex, +0.010%) | 15m: 0.75/0.94 | 1h: N/A | P&L: $+1.20 (5)
2026-02-04T04:45:02.417230 [ 4800s] 💾 Checkpoint
2026-02-04T04:45:09.209093 [ 4806s] BTC: $76,525.07 (4ex, -0.022%) | 15m: 0.99/1.00 | 1h: N/A | P&L: $+1.20 (5)
2026-02-04T04:45:33.240237 [ 4830s] 🔄 15M transition
2026-02-04T04:45:34.241092 [ 4831s] 🔄 15M transition
2026-02-04T04:45:35.243176 [ 4832s] 🔄 15M transition
2026-02-04T04:45:36.244392 [ 4833s] 🔄 15M transition
2026-02-04T04:45:37.245612 [ 4834s] 🔄 15M transition
2026-02-04T04:46:09.281319 [ 4866s] BTC: $76,481.36 (4ex, -0.058%) | 15m: 0.35/0.36 | 1h: N/A | P&L: $+1.20 (5)
2026-02-04T04:47:09.351957 [ 4926s] BTC: $76,449.69 (4ex, -0.041%) | 15m: 0.21/0.22 | 1h: N/A | P&L: $+1.20 (5)
2026-02-04T04:48:09.423249 [ 4987s] BTC: $76,467.89 (4ex, +0.020%) | 15m: 0.26/0.29 | 1h: N/A | P&L: $+1.20 (5)
2026-02-04T04:49:09.500471 [ 5047s] BTC: $76,466.03 (4ex, -0.002%) | 15m: 0.25/0.27 | 1h: N/A | P&L: $+1.20 (5)
2026-02-04T04:50:02.427084 [ 5100s] 💾 Checkpoint
2026-02-04T04:50:09.570774 [ 5107s] BTC: $76,452.89 (4ex, -0.017%) | 15m: 0.21/0.22 | 1h: N/A | P&L: $+1.20 (5)
2026-02-04T04:51:05.668452 [ 5163s] 📉 15M MEAN-REV: K@0.18 (extreme low) + BTC stable → YES
2026-02-04T04:51:09.676114 [ 5167s] BTC: $76,445.74 (4ex, -0.009%) | 15m: 0.16/0.18 | 1h: N/A | P&L: $+1.20 (5)
2026-02-04T04:52:05.795718 [ 5223s] ❌ 15M mean_reversion_low CLOSE (STOP(-25%)): $-0.90 | Total: $+0.30
2026-02-04T04:52:09.800905 [ 5227s] BTC: $76,427.21 (4ex, -0.024%) | 15m: 0.09/0.11 | 1h: N/A | P&L: $+0.30 (6)
2026-02-04T04:53:09.874768 [ 5287s] BTC: $76,374.81 (4ex, -0.063%) | 15m: 0.04/0.05 | 1h: N/A | P&L: $+0.30 (6)
2026-02-04T04:53:39.946089 [ 5317s] 📉 15M MEAN-REV: K@0.08 (extreme low) + BTC stable → YES
2026-02-04T04:53:40.447180 [ 5317s] ❌ 15M mean_reversion_low CLOSE (STOP(-25%)): $-0.28 | Total: $+0.02
2026-02-04T04:54:10.481018 [ 5348s] BTC: $76,374.97 (4ex, +0.001%) | 15m: 0.05/0.07 | 1h: N/A | P&L: $+0.02 (7)
2026-02-04T04:54:40.551946 [ 5378s] 📉 15M MEAN-REV: K@0.06 (extreme low) + BTC stable → YES
2026-02-04T04:54:41.053142 [ 5378s] ❌ 15M mean_reversion_low CLOSE (STOP(-25%)): $-0.30 | Total: $-0.28
2026-02-04T04:55:02.430989 [ 5400s] 💾 Checkpoint
2026-02-04T04:55:11.086342 [ 5408s] BTC: $76,387.57 (4ex, +0.016%) | 15m: 0.04/0.05 | 1h: N/A | P&L: $-0.28 (8)
2026-02-04T04:56:11.154705 [ 5468s] BTC: $76,407.38 (4ex, +0.026%) | 15m: 0.04/0.06 | 1h: N/A | P&L: $-0.28 (8)
2026-02-04T04:57:11.236946 [ 5528s] BTC: $76,376.14 (4ex, -0.043%) | 15m: 0.01/0.02 | 1h: N/A | P&L: $-0.28 (8)
2026-02-04T04:58:11.293092 [ 5588s] BTC: $76,399.46 (4ex, +0.040%) | 15m: 0.01/0.02 | 1h: N/A | P&L: $-0.28 (8)
2026-02-04T04:59:11.364737 [ 5649s] BTC: $76,396.63 (4ex, -0.004%) | 15m: 0.00/0.01 | 1h: N/A | P&L: $-0.28 (8)
2026-02-04T05:00:02.434295 [ 5700s] 💾 Checkpoint
2026-02-04T05:00:10.434049 [ 5708s] 🔄 15M transition
2026-02-04T05:00:11.434899 [ 5709s] 🔄 15M transition
2026-02-04T05:00:11.434977 [ 5709s] BTC: $76,410.70 (4ex, +0.019%) | 15m: 0.45/0.50 | 1h: N/A | P&L: $-0.28 (8)
2026-02-04T05:00:12.435636 [ 5710s] 🔄 15M transition
2026-02-04T05:00:13.438111 [ 5711s] 🔄 15M transition
2026-02-04T05:00:14.438778 [ 5712s] 🔄 15M transition
2026-02-04T05:01:11.504041 [ 5769s] BTC: $76,405.30 (4ex, -0.006%) | 15m: 0.46/0.51 | 1h: N/A | P&L: $-0.28 (8)
2026-02-04T05:02:11.565915 [ 5829s] BTC: $76,411.79 (4ex, +0.010%) | 15m: 0.52/0.56 | 1h: N/A | P&L: $-0.28 (8)
2026-02-04T05:03:11.634058 [ 5889s] BTC: $76,388.63 (4ex, -0.030%) | 15m: 0.41/0.44 | 1h: N/A | P&L: $-0.28 (8)
2026-02-04T05:04:11.701747 [ 5949s] BTC: $76,401.31 (4ex, +0.018%) | 15m: 0.48/0.50 | 1h: N/A | P&L: $-0.28 (8)
2026-02-04T05:05:02.437456 [ 6000s] 💾 Checkpoint
2026-02-04T05:05:11.764434 [ 6009s] BTC: $76,412.62 (4ex, -0.001%) | 15m: 0.46/0.51 | 1h: N/A | P&L: $-0.28 (8)
2026-02-04T05:06:11.826219 [ 6069s] BTC: $76,366.21 (4ex, -0.048%) | 15m: 0.31/0.34 | 1h: N/A | P&L: $-0.28 (8)
2026-02-04T05:07:11.883742 [ 6129s] BTC: $76,419.45 (4ex, +0.070%) | 15m: 0.44/0.48 | 1h: N/A | P&L: $-0.28 (8)
2026-02-04T05:08:11.945691 [ 6189s] BTC: $76,361.60 (4ex, -0.071%) | 15m: 0.42/0.45 | 1h: N/A | P&L: $-0.28 (8)
2026-02-04T05:09:12.005382 [ 6249s] BTC: $76,363.78 (4ex, +0.003%) | 15m: 0.22/0.29 | 1h: N/A | P&L: $-0.28 (8)
2026-02-04T05:10:02.442653 [ 6300s] 💾 Checkpoint
2026-02-04T05:10:12.085601 [ 6309s] BTC: $76,394.59 (4ex, +0.040%) | 15m: 0.29/0.31 | 1h: N/A | P&L: $-0.28 (8)
2026-02-04T05:11:12.154371 [ 6369s] BTC: $76,418.76 (4ex, +0.027%) | 15m: 0.53/0.57 | 1h: N/A | P&L: $-0.28 (8)
2026-02-04T05:12:12.224076 [ 6429s] BTC: $76,425.91 (4ex, +0.009%) | 15m: 0.61/0.63 | 1h: N/A | P&L: $-0.28 (8)
2026-02-04T05:13:12.310915 [ 6489s] BTC: $76,445.86 (4ex, +0.026%) | 15m: 0.68/0.73 | 1h: N/A | P&L: $-0.28 (8)
2026-02-04T05:14:12.392346 [ 6550s] BTC: $76,428.99 (4ex, -0.022%) | 15m: 0.91/0.93 | 1h: N/A | P&L: $-0.28 (8)
2026-02-04T05:15:02.445862 [ 6600s] 💾 Checkpoint
2026-02-04T05:15:12.465209 [ 6610s] BTC: $76,414.24 (4ex, -0.019%) | 15m: 0.85/0.97 | 1h: N/A | P&L: $-0.28 (8)
2026-02-04T05:15:17.471822 [ 6615s] 🔄 15M transition
2026-02-04T05:15:18.473376 [ 6616s] 🔄 15M transition
2026-02-04T05:15:19.474874 [ 6617s] 🔄 15M transition
2026-02-04T05:15:20.475630 [ 6618s] 🔄 15M transition
2026-02-04T05:15:21.476535 [ 6619s] 🔄 15M transition
2026-02-04T05:16:12.552677 [ 6670s] BTC: $76,409.94 (4ex, -0.006%) | 15m: 0.50/0.53 | 1h: N/A | P&L: $-0.28 (8)
2026-02-04T05:17:12.637481 [ 6730s] BTC: $76,407.96 (4ex, -0.003%) | 15m: 0.43/0.46 | 1h: N/A | P&L: $-0.28 (8)
2026-02-04T05:18:12.716759 [ 6790s] BTC: $76,436.25 (4ex, +0.036%) | 15m: 0.47/0.48 | 1h: N/A | P&L: $-0.28 (8)
2026-02-04T05:19:12.788374 [ 6850s] BTC: $76,390.62 (4ex, -0.060%) | 15m: 0.59/0.60 | 1h: N/A | P&L: $-0.28 (8)
2026-02-04T05:20:02.448891 [ 6900s] 💾 Checkpoint
2026-02-04T05:20:12.876363 [ 6910s] BTC: $76,338.21 (4ex, -0.069%) | 15m: 0.24/0.27 | 1h: N/A | P&L: $-0.28 (8)
2026-02-04T05:20:53.953260 [ 6951s] 📉 15M MEAN-REV: K@0.11 (extreme low) + BTC stable → YES
2026-02-04T05:21:12.980994 [ 6970s] BTC: $76,329.64 (4ex, -0.011%) | 15m: 0.10/0.11 | 1h: N/A | P&L: $-0.28 (8)
2026-02-04T05:21:20.024055 [ 6977s] ✅ 15M mean_reversion_low CLOSE (PROFIT): $+0.09 | Total: $-0.19
2026-02-04T05:22:13.099294 [ 7030s] BTC: $76,321.09 (4ex, -0.011%) | 15m: 0.08/0.11 | 1h: N/A | P&L: $-0.19 (9)
2026-02-04T05:22:20.143722 [ 7037s] 📉 15M MEAN-REV: K@0.11 (extreme low) + BTC stable → YES
2026-02-04T05:22:20.640823 [ 7037s] ❌ 15M mean_reversion_low CLOSE (STOP(-25%)): $-1.00 | Total: $-1.19
2026-02-04T05:23:13.710057 [ 7091s] BTC: $76,333.05 (4ex, +0.016%) | 15m: 0.11/0.12 | 1h: N/A | P&L: $-1.19 (10)
2026-02-04T05:23:20.754114 [ 7098s] 📉 15M MEAN-REV: K@0.12 (extreme low) + BTC stable → YES
2026-02-04T05:23:51.845201 [ 7129s] ❌ 15M mean_reversion_low CLOSE (STOP(-25%)): $-0.40 | Total: $-1.59
2026-02-04T05:24:13.877521 [ 7151s] BTC: $76,343.84 (4ex, +0.014%) | 15m: 0.09/0.11 | 1h: N/A | P&L: $-1.59 (11)
2026-02-04T05:24:51.960323 [ 7189s] 📉 15M MEAN-REV: K@0.13 (extreme low) + BTC stable → YES
2026-02-04T05:25:02.452966 [ 7200s] 💾 Checkpoint
2026-02-04T05:25:14.001769 [ 7211s] BTC: $76,360.16 (4ex, +0.021%) | 15m: 0.12/0.13 | 1h: N/A | P&L: $-1.59 (11)
2026-02-04T05:25:23.048130 [ 7220s] ✅ 15M mean_reversion_low CLOSE (PROFIT): $+3.20 | Total: $+1.61
2026-02-04T05:26:14.113136 [ 7271s] BTC: $76,399.49 (4ex, +0.045%) | 15m: 0.36/0.39 | 1h: N/A | P&L: $+1.61 (12)
2026-02-04T05:27:14.191902 [ 7331s] BTC: $76,372.78 (4ex, -0.039%) | 15m: 0.22/0.23 | 1h: N/A | P&L: $+1.61 (12)
2026-02-04T05:28:14.255074 [ 7391s] BTC: $76,370.46 (4ex, -0.006%) | 15m: 0.48/0.50 | 1h: N/A | P&L: $+1.61 (12)
2026-02-04T05:29:14.326427 [ 7451s] BTC: $76,362.87 (4ex, -0.010%) | 15m: 0.04/0.05 | 1h: N/A | P&L: $+1.61 (12)
2026-02-04T05:30:02.456270 [ 7500s] 💾 Checkpoint
2026-02-04T05:30:14.398472 [ 7512s] BTC: $76,376.31 (4ex, +0.018%) | 15m: 0.00/0.01 | 1h: N/A | P&L: $+1.61 (12)
2026-02-04T05:30:25.415105 [ 7523s] 🔄 15M transition
2026-02-04T05:30:26.416070 [ 7524s] 🔄 15M transition
2026-02-04T05:30:27.417218 [ 7525s] 🔄 15M transition
2026-02-04T05:30:28.418486 [ 7526s] 🔄 15M transition
2026-02-04T05:30:29.420036 [ 7527s] 🔄 15M transition
2026-02-04T05:31:14.468156 [ 7572s] BTC: $76,336.36 (4ex, -0.052%) | 15m: 0.40/0.42 | 1h: N/A | P&L: $+1.61 (12)
2026-02-04T05:32:14.542096 [ 7632s] BTC: $76,349.01 (4ex, +0.014%) | 15m: 0.40/0.41 | 1h: N/A | P&L: $+1.61 (12)
2026-02-04T05:33:14.608944 [ 7692s] BTC: $76,344.77 (4ex, -0.006%) | 15m: 0.36/0.39 | 1h: N/A | P&L: $+1.61 (12)
2026-02-04T05:34:14.687845 [ 7752s] BTC: $76,331.42 (4ex, -0.019%) | 15m: 0.29/0.32 | 1h: N/A | P&L: $+1.61 (12)
2026-02-04T05:35:02.466163 [ 7800s] 💾 Checkpoint
2026-02-04T05:35:14.765287 [ 7812s] BTC: $76,329.60 (4ex, -0.002%) | 15m: 0.29/0.30 | 1h: N/A | P&L: $+1.61 (12)
2026-02-04T05:36:14.853266 [ 7872s] BTC: $76,323.35 (4ex, -0.008%) | 15m: 0.24/0.25 | 1h: N/A | P&L: $+1.61 (12)
2026-02-04T05:36:57.980582 [ 7915s] 📉 15M MEAN-REV: K@0.19 (extreme low) + BTC stable → YES
2026-02-04T05:37:15.010749 [ 7932s] BTC: $76,306.74 (4ex, -0.022%) | 15m: 0.18/0.19 | 1h: N/A | P&L: $+1.61 (12)
2026-02-04T05:37:59.122436 [ 7976s] ❌ 15M mean_reversion_low CLOSE (STOP(-25%)): $-0.60 | Total: $+1.01
2026-02-04T05:38:15.144539 [ 7992s] BTC: $76,289.15 (4ex, -0.021%) | 15m: 0.13/0.16 | 1h: N/A | P&L: $+1.01 (13)
2026-02-04T05:38:59.231111 [ 8036s] 📉 15M MEAN-REV: K@0.16 (extreme low) + BTC stable → YES
2026-02-04T05:38:59.732707 [ 8036s] ❌ 15M mean_reversion_low CLOSE (STOP(-25%)): $-0.66 | Total: $+0.35
2026-02-04T05:39:15.751175 [ 8053s] BTC: $76,283.77 (4ex, -0.007%) | 15m: 0.13/0.16 | 1h: N/A | P&L: $+0.35 (14)
2026-02-04T05:39:59.843818 [ 8097s] 📉 15M MEAN-REV: K@0.07 (extreme low) + BTC stable → YES
2026-02-04T05:40:00.351098 [ 8097s] ❌ 15M mean_reversion_low CLOSE (STOP(-25%)): $-0.38 | Total: $-0.03
2026-02-04T05:40:02.470697 [ 8100s] 💾 Checkpoint
2026-02-04T05:40:16.375471 [ 8114s] BTC: $76,275.20 (4ex, -0.011%) | 15m: 0.05/0.07 | 1h: N/A | P&L: $-0.03 (15)
2026-02-04T05:41:16.454012 [ 8174s] BTC: $76,231.55 (4ex, -0.057%) | 15m: 0.03/0.04 | 1h: N/A | P&L: $-0.03 (15)
2026-02-04T05:42:16.517474 [ 8234s] BTC: $76,195.22 (4ex, -0.045%) | 15m: 0.01/0.04 | 1h: N/A | P&L: $-0.03 (15)
2026-02-04T05:43:16.582592 [ 8294s] BTC: $76,190.27 (4ex, -0.006%) | 15m: 0.00/0.01 | 1h: N/A | P&L: $-0.03 (15)
2026-02-04T05:44:12.697025 
⚠️ SIGNAL RECEIVED: SIGTERM (signum=15) at 2026-02-04T05:44:12.696959
2026-02-04T05:44:13.659106 
======================================================================
SUMMARY
======================================================================
Duration: 139min | Signals: 15
Trades: 15 | P&L: $-0.03
delay_arb: 4 trades, 75% win, $+2.30
mean_reversion_low: 11 trades, 18% win, $-2.33
======================================================================

