2026-02-04T06:35:02.335293 
======================================================================
v10 - WebSocket + Enhanced Features
======================================================================
Duration: 480min | Start: 06:35:02
New Features: WebSocket real-time updates, flash crash detection,
              dynamic position sizing, enhanced mean reversion
Data Mode: WebSocket
Markets: 15min + Hourly
======================================================================

2026-02-04T06:36:02.419942 [   60s] BTC: $76,471.95 (4ex, +0.067%) | REST | 15m: N/A | 1h: N/A | P&L: $+0.00 (0, 0.0% WR, 0 flash)
2026-02-04T06:37:02.487826 [  120s] BTC: $76,592.31 (4ex, +0.157%) | REST | 15m: N/A | 1h: N/A | P&L: $+0.00 (0, 0.0% WR, 0 flash)
2026-02-04T06:38:02.556116 [  180s] BTC: $76,583.36 (4ex, -0.012%) | REST | 15m: N/A | 1h: N/A | P&L: $+0.00 (0, 0.0% WR, 0 flash)
2026-02-04T06:39:02.625134 [  240s] BTC: $76,638.87 (4ex, +0.072%) | REST | 15m: N/A | 1h: N/A | P&L: $+0.00 (0, 0.0% WR, 0 flash)
2026-02-04T06:40:02.336989 [  300s] 💾 Checkpoint
2026-02-04T06:40:02.695673 [  300s] BTC: $76,636.48 (4ex, -0.001%) | REST | 15m: N/A | 1h: N/A | P&L: $+0.00 (0, 0.0% WR, 0 flash)
2026-02-04T06:41:02.763656 [  360s] BTC: $76,616.25 (4ex, -0.027%) | REST | 15m: N/A | 1h: N/A | P&L: $+0.00 (0, 0.0% WR, 0 flash)
2026-02-04T06:42:02.838685 [  420s] BTC: $76,612.91 (4ex, -0.004%) | REST | 15m: N/A | 1h: N/A | P&L: $+0.00 (0, 0.0% WR, 0 flash)
2026-02-04T06:43:02.922775 [  480s] BTC: $76,640.35 (4ex, +0.034%) | REST | 15m: N/A | 1h: N/A | P&L: $+0.00 (0, 0.0% WR, 0 flash)
2026-02-04T06:44:02.982723 [  540s] BTC: $76,635.13 (4ex, -0.007%) | REST | 15m: N/A | 1h: N/A | P&L: $+0.00 (0, 0.0% WR, 0 flash)
2026-02-04T06:45:02.339439 [  600s] 💾 Checkpoint
2026-02-04T06:45:03.048482 [  600s] BTC: $76,639.55 (4ex, +0.006%) | REST | 15m: N/A | 1h: N/A | P&L: $+0.00 (0, 0.0% WR, 0 flash)
2026-02-04T06:46:03.111547 [  660s] BTC: $76,657.07 (4ex, +0.017%) | REST | 15m: N/A | 1h: N/A | P&L: $+0.00 (0, 0.0% WR, 0 flash)
2026-02-04T06:47:03.168030 [  720s] BTC: $76,712.39 (4ex, +0.045%) | REST | 15m: N/A | 1h: N/A | P&L: $+0.00 (0, 0.0% WR, 0 flash)
