2026-02-03T18:40:57.051773 
======================================================================
v6 - RESEARCH-NOTES.md Improvements
======================================================================
Duration: 480min | Start: 18:40:57
Changes: BTC momentum filter, adaptive stop-loss, entry filters,
         mean reversion at extremes, market timing restrictions
Markets: 15min + Hourly
======================================================================

2026-02-03T18:41:57.115231 [   60s] BTC: $74,053.20 (4ex, -0.042%) | 15m: 0.40/0.42 | 1h: N/A | P&L: $+0.00 (0)
2026-02-03T18:42:57.187602 [  120s] BTC: $73,897.28 (4ex, -0.061%) | 15m: 0.22/0.23 | 1h: N/A | P&L: $+0.00 (0)
2026-02-03T18:43:57.245501 [  180s] BTC: $73,889.17 (4ex, +0.033%) | 15m: 0.02/0.04 | 1h: N/A | P&L: $+0.00 (0)
2026-02-03T18:44:57.299659 [  240s] BTC: $73,667.27 (4ex, +0.011%) | 15m: 0.00/0.01 | 1h: N/A | P&L: $+0.00 (0)
2026-02-03T18:45:29.330575 [  272s] 🔄 15M transition
2026-02-03T18:45:30.331904 [  273s] 🔄 15M transition
2026-02-03T18:45:31.333100 [  274s] 🔄 15M transition
2026-02-03T18:45:32.333575 [  275s] 🔄 15M transition
2026-02-03T18:45:33.334544 [  276s] 🔄 15M transition
2026-02-03T18:45:57.058137 [  300s] 💾 Checkpoint
2026-02-03T18:45:57.357648 [  300s] BTC: $73,561.80 (4ex, -0.033%) | 15m: 0.55/0.65 | 1h: N/A | P&L: $+0.00 (0)
2026-02-03T18:46:30.389136 [  333s] 📉 15M MEAN-REV: K@0.23 (extreme low) + BTC stable → YES
2026-02-03T18:46:57.424445 [  360s] BTC: $73,351.18 (4ex, +0.002%) | 15m: 0.19/0.23 | 1h: N/A | P&L: $+0.00 (0)
2026-02-03T18:47:00.427774 [  363s] ❌ 15M mean_reversion_low CLOSE (STOP(-25%)): $-0.90 | Total: $-0.90
2026-02-03T18:47:57.483922 [  420s] BTC: $73,547.89 (4ex, -0.003%) | 15m: 0.27/0.28 | 1h: N/A | P&L: $-0.90 (1)
2026-02-03T18:48:07.496075 [  430s] 🎯 15M DELAY: BTC -0.160% K +0.0% → NO@$0.75
2026-02-03T18:48:57.568382 [  480s] BTC: $73,242.08 (4ex, +0.018%) | 15m: 0.12/0.17 | 1h: N/A | P&L: $-0.90 (1)
2026-02-03T18:49:57.681552 [  540s] BTC: $73,237.26 (4ex, -0.036%) | 15m: 0.12/0.13 | 1h: N/A | P&L: $-0.90 (1)
2026-02-03T18:50:57.059886 [  600s] 💾 Checkpoint
2026-02-03T18:50:57.775709 [  600s] BTC: $73,149.57 (4ex, -0.091%) | 15m: 0.06/0.07 | 1h: N/A | P&L: $-0.90 (1)
2026-02-03T18:51:57.866098 [  660s] BTC: $73,083.48 (4ex, -0.115%) | 15m: 0.06/0.08 | 1h: N/A | P&L: $-0.90 (1)
2026-02-03T18:52:57.958967 [  720s] BTC: $73,266.30 (4ex, +0.043%) | 15m: 0.06/0.08 | 1h: N/A | P&L: $-0.90 (1)
2026-02-03T18:53:58.051014 [  780s] BTC: $73,164.80 (4ex, -0.054%) | 15m: 0.05/0.07 | 1h: N/A | P&L: $-0.90 (1)
2026-02-03T18:54:04.072673 [  787s] ❌ 15M delay_arb CLOSE (STOP(-25%)): $-1.90 | Total: $-2.80
2026-02-03T18:54:58.128520 [  841s] BTC: $73,114.34 (4ex, -0.056%) | 15m: 0.03/0.06 | 1h: N/A | P&L: $-2.80 (2)
2026-02-03T18:55:57.061429 [  900s] 💾 Checkpoint
2026-02-03T18:55:58.188647 [  901s] BTC: $73,354.88 (4ex, -0.028%) | 15m: 0.05/0.06 | 1h: N/A | P&L: $-2.80 (2)
2026-02-03T18:56:58.257493 [  961s] BTC: $73,278.46 (4ex, -0.131%) | 15m: 0.04/0.06 | 1h: N/A | P&L: $-2.80 (2)
2026-02-03T18:57:58.316882 [ 1021s] BTC: $73,101.34 (4ex, -0.010%) | 15m: 0.00/0.01 | 1h: N/A | P&L: $-2.80 (2)
2026-02-03T18:58:58.382486 [ 1081s] BTC: $73,179.56 (4ex, -0.015%) | 15m: 0.00/0.01 | 1h: N/A | P&L: $-2.80 (2)
2026-02-03T18:59:35.153973 
⚠️ SIGNAL RECEIVED: SIGTERM (signum=15) at 2026-02-03T18:59:35.153902
2026-02-03T18:59:35.420137 
======================================================================
SUMMARY
======================================================================
Duration: 18min | Signals: 2
Trades: 2 | P&L: $-2.80
mean_reversion_low: 1 trades, 0% win, $-0.90
delay_arb: 1 trades, 0% win, $-1.90
======================================================================

