2026-02-04T06:19:11.516863 
======================================================================
v10 - WebSocket + Enhanced Features
======================================================================
Duration: 480min | Start: 06:19:11
New Features: WebSocket real-time updates, flash crash detection,
              dynamic position sizing, enhanced mean reversion
Data Mode: WebSocket
Markets: 15min + Hourly
======================================================================

2026-02-04T06:20:11.596436 [   60s] BTC: $76,427.47 (4ex, +0.060%) | REST | 15m: N/A | 1h: N/A | P&L: $+0.00 (0, 0.0% WR, 0 flash)
2026-02-04T06:21:11.677748 [  120s] BTC: $76,407.91 (4ex, -0.026%) | REST | 15m: N/A | 1h: N/A | P&L: $+0.00 (0, 0.0% WR, 0 flash)
2026-02-04T06:22:11.769003 [  180s] BTC: $76,370.68 (4ex, +0.015%) | REST | 15m: N/A | 1h: N/A | P&L: $+0.00 (0, 0.0% WR, 0 flash)
2026-02-04T06:23:11.832850 [  240s] BTC: $76,385.19 (4ex, +0.020%) | REST | 15m: N/A | 1h: N/A | P&L: $+0.00 (0, 0.0% WR, 0 flash)
2026-02-04T06:24:11.519065 [  300s] 💾 Checkpoint
2026-02-04T06:24:11.891695 [  300s] BTC: $76,371.05 (4ex, -0.019%) | REST | 15m: N/A | 1h: N/A | P&L: $+0.00 (0, 0.0% WR, 0 flash)
2026-02-04T06:25:11.945327 [  360s] BTC: $76,368.10 (4ex, -0.008%) | REST | 15m: N/A | 1h: N/A | P&L: $+0.00 (0, 0.0% WR, 0 flash)
2026-02-04T06:26:12.004164 [  420s] BTC: $76,388.29 (4ex, +0.026%) | REST | 15m: N/A | 1h: N/A | P&L: $+0.00 (0, 0.0% WR, 0 flash)
2026-02-04T06:27:12.066775 [  480s] BTC: $76,407.20 (4ex, +0.025%) | REST | 15m: N/A | 1h: N/A | P&L: $+0.00 (0, 0.0% WR, 0 flash)
2026-02-04T06:28:12.133865 [  540s] BTC: $76,442.56 (4ex, +0.045%) | REST | 15m: N/A | 1h: N/A | P&L: $+0.00 (0, 0.0% WR, 0 flash)
2026-02-04T06:29:11.521613 [  600s] 💾 Checkpoint
2026-02-04T06:29:12.196481 [  600s] BTC: $76,412.76 (4ex, -0.039%) | REST | 15m: N/A | 1h: N/A | P&L: $+0.00 (0, 0.0% WR, 0 flash)
2026-02-04T06:30:01.535704 
⚠️ SIGNAL RECEIVED: SIGTERM (signum=15) at 2026-02-04T06:30:01.535612
2026-02-04T06:30:02.256980 
======================================================================
SUMMARY v10
======================================================================
Duration: 10min | Mode: REST | Signals: 0
Trades: 0 | P&L: $+0.00 | Flash Crashes: 0
Avg position size: $0 (base: $10)
======================================================================

