2026-02-03T15:18:19.415705 
======================================================================
v6 - RESEARCH-NOTES.md Improvements
======================================================================
Duration: 480min | Start: 15:18:19
Changes: BTC momentum filter, adaptive stop-loss, entry filters,
         mean reversion at extremes, market timing restrictions
Markets: 15min + Hourly
======================================================================

2026-02-03T15:18:50.450211 [   31s] 📈 15M MEAN-REV: K@0.81 (extreme high) + BTC stable → NO
2026-02-03T15:19:19.527527 [   60s] BTC: $77,336.72 (4ex, +0.004%) | 15m: 0.81/0.82 | 1h: N/A | P&L: $+0.00 (0)
2026-02-03T15:19:20.528464 [   61s] ❌ 15M mean_reversion_high CLOSE (STOP(-25%)): $-0.70 | Total: $-0.70
2026-02-03T15:20:19.595133 [  120s] BTC: $77,343.14 (4ex, +0.052%) | 15m: 0.74/0.75 | 1h: N/A | P&L: $-0.70 (1)
2026-02-03T15:20:24.600015 [  125s] 🎯 15M DELAY: BTC +0.156% K +0.0% → YES@$0.81
2026-02-03T15:21:04.277015 
⚠️ SIGNAL RECEIVED: SIGTERM (signum=15) at 2026-02-03T15:21:04.276923
2026-02-03T15:21:04.667777 
======================================================================
SUMMARY
======================================================================
Duration: 2min | Signals: 2
Trades: 1 | P&L: $-0.70
mean_reversion_high: 1 trades, 0% win, $-0.70
======================================================================

