2026-02-03T04:51:50.574897 
======================================================================
v7 — Research-Validated High-Frequency Validation Mode
======================================================================
Duration: 180min | Start: 04:51:50 UTC
Strategies: MR-High (≥0.6), Delay Arb (0.2%), Parity Arb, Endgame
Params: cooldown=5s, max_pos=5/mkt, timeout=180s
Goal: 50-100+ trades/hr for statistical validation
======================================================================

2026-02-03T04:52:50.639082 [   60s] BTC: $78,798.44 (-0.000%) | Brackets: 1 | Open: 0 | Trades: 0 (0.0/hr) | P&L: $+0.00
2026-02-03T04:53:50.699541 [  120s] BTC: $78,775.34 (-0.029%) | Brackets: 1 | Open: 0 | Trades: 0 (0.0/hr) | P&L: $+0.00
2026-02-03T04:54:50.764838 [  180s] BTC: $78,769.12 (-0.008%) | Brackets: 1 | Open: 0 | Trades: 0 (0.0/hr) | P&L: $+0.00
2026-02-03T04:55:50.833638 [  240s] BTC: $78,770.49 (+0.002%) | Brackets: 1 | Open: 0 | Trades: 0 (0.0/hr) | P&L: $+0.00
2026-02-03T04:56:50.899948 [  300s] BTC: $78,798.48 (+0.036%) | Brackets: 1 | Open: 0 | Trades: 0 (0.0/hr) | P&L: $+0.00
2026-02-03T04:57:50.969305 [  360s] BTC: $78,767.74 (-0.039%) | Brackets: 1 | Open: 0 | Trades: 0 (0.0/hr) | P&L: $+0.00
2026-02-03T04:58:51.042048 [  420s] BTC: $78,739.18 (-0.036%) | Brackets: 1 | Open: 0 | Trades: 0 (0.0/hr) | P&L: $+0.00
2026-02-03T04:59:51.117221 [  480s] BTC: $78,745.48 (+0.008%) | Brackets: 1 | Open: 0 | Trades: 0 (0.0/hr) | P&L: $+0.00
2026-02-03T05:00:51.191091 [  540s] BTC: $78,721.19 (-0.031%) | Brackets: 1 | Open: 0 | Trades: 0 (0.0/hr) | P&L: $+0.00
2026-02-03T05:01:51.287162 [  600s] BTC: $78,708.85 (-0.001%) | Brackets: 1 | Open: 0 | Trades: 0 (0.0/hr) | P&L: $+0.00
2026-02-03T05:02:51.378474 [  660s] BTC: $78,672.46 (-0.046%) | Brackets: 1 | Open: 0 | Trades: 0 (0.0/hr) | P&L: $+0.00
2026-02-03T05:02:59.631248 
⚠️ SIGNAL: SIGTERM at 2026-02-03T05:02:59.631182
2026-02-03T05:03:00.390831 
======================================================================
v7 SUMMARY
======================================================================
Duration: 11min (0.2h)
Total Trades: 0
Trade Rate: 0.0/hr
P&L: $+0.00
Final Balance: $1000.00

======================================================================

