2026-02-02T18:36:13.429200 
======================================================================
REAL-TIME PAPER TRADING v3 (Stability Enhanced)
======================================================================
Duration: 5min | Start: 18:36:13
Strategy: Delay Arb + Flash Crash
Checkpoints: Every 5min
======================================================================

2026-02-02T18:37:13.504303 [   60s] BRTI*: $78,578.08 (4ex, -0.068%) | K: 0.90/0.91 | P&L: $+0.00 (0)
2026-02-02T18:38:13.570296 [  120s] BRTI*: $78,546.10 (4ex, -0.040%) | K: 0.91/0.92 | P&L: $+0.00 (0)
2026-02-02T18:39:13.640019 [  180s] BRTI*: $78,579.73 (4ex, -0.027%) | K: 0.92/0.93 | P&L: $+0.00 (0)
2026-02-02T18:40:13.710639 [  240s] BRTI*: $78,641.59 (4ex, -0.012%) | K: 0.97/0.99 | P&L: $+0.00 (0)
2026-02-02T18:41:13.471319 [  300s] 💾 Checkpoint saved
2026-02-02T18:41:13.784696 [  300s] BRTI*: $78,617.29 (4ex, -0.021%) | K: 0.97/0.98 | P&L: $+0.00 (0)
2026-02-02T18:41:13.784772 
======================================================================
SUMMARY
======================================================================
Duration: 5min | Signals: 0
Trades: 0 | P&L: $+0.00
======================================================================

