2026-02-03T18:29:59.946297 
======================================================================
v8 — Best-of-Breed: V6 MR High + V7 Delay Arb
======================================================================
Duration: 480min | Start: 18:29:59 UTC
Strategies:
  MR-High: K > 0.8 + momentum < 0.05 → buy NO (V6 params, 100% WR)
  Delay Arb: sustained momentum > 0.2% → follow BTC (V7 params, 100% WR)
Risk: cooldown=5s, max_pos=5/mkt, timeout=180s, profit=8.0%
======================================================================

2026-02-03T18:30:00.947418 [    1s] 🔍 DEBUG KXBTC15M-26FEB031330-30: K=0.00 ask=0.01 ttc=-1s can_enter=False(too_close)
2026-02-03T18:30:30.978839 [   31s] 🔍 DEBUG KXBTC15M-26FEB031345-45: K=0.35 ask=0.54 ttc=869s can_enter=False(spread_wide)
2026-02-03T18:31:00.007016 [   60s] BTC: $74,093.92 (+0.011%) | Brackets: 1 | Open: 0 | Trades: 0 (MR:0 DA:0) | P&L: $+0.00
2026-02-03T18:31:01.008499 [   61s] 🔍 DEBUG KXBTC15M-26FEB031345-45: K=0.48 ask=0.50 ttc=839s can_enter=True(ok)
2026-02-03T18:31:31.039986 [   91s] 🔍 DEBUG KXBTC15M-26FEB031345-45: K=0.55 ask=0.56 ttc=809s can_enter=True(ok)
2026-02-03T18:32:00.068660 [  120s] BTC: $74,028.86 (+0.028%) | Brackets: 1 | Open: 0 | Trades: 0 (MR:0 DA:0) | P&L: $+0.00
2026-02-03T18:32:01.070106 [  121s] 🔍 DEBUG KXBTC15M-26FEB031345-45: K=0.49 ask=0.52 ttc=779s can_enter=True(ok)
2026-02-03T18:32:31.100184 [  151s] 🔍 DEBUG KXBTC15M-26FEB031345-45: K=0.36 ask=0.40 ttc=749s can_enter=True(ok)
2026-02-03T18:33:00.132057 [  180s] BTC: $73,842.46 (-0.050%) | Brackets: 1 | Open: 0 | Trades: 0 (MR:0 DA:0) | P&L: $+0.00
2026-02-03T18:33:01.132667 [  181s] 🔍 DEBUG KXBTC15M-26FEB031345-45: K=0.30 ask=0.31 ttc=719s can_enter=True(ok)
2026-02-03T18:33:31.166765 [  211s] 🔍 DEBUG KXBTC15M-26FEB031345-45: K=0.32 ask=0.34 ttc=689s can_enter=True(ok)
2026-02-03T18:34:00.197717 [  240s] BTC: $74,043.71 (+0.135%) | Brackets: 1 | Open: 0 | Trades: 0 (MR:0 DA:0) | P&L: $+0.00
2026-02-03T18:34:01.198548 [  241s] 🔍 DEBUG KXBTC15M-26FEB031345-45: K=0.39 ask=0.42 ttc=659s can_enter=True(ok)
2026-02-03T18:34:31.227997 [  271s] 🔍 DEBUG KXBTC15M-26FEB031345-45: K=0.55 ask=0.56 ttc=629s can_enter=True(ok)
2026-02-03T18:35:00.251511 [  300s] BTC: $74,142.72 (+0.063%) | Brackets: 1 | Open: 0 | Trades: 0 (MR:0 DA:0) | P&L: $+0.00
2026-02-03T18:35:01.252731 [  301s] 🔍 DEBUG KXBTC15M-26FEB031345-45: K=0.50 ask=0.51 ttc=599s can_enter=True(ok)
2026-02-03T18:35:31.285963 [  331s] 🔍 DEBUG KXBTC15M-26FEB031345-45: K=0.53 ask=0.55 ttc=569s can_enter=True(ok)
2026-02-03T18:36:00.317476 [  360s] BTC: $74,074.17 (-0.045%) | Brackets: 1 | Open: 0 | Trades: 0 (MR:0 DA:0) | P&L: $+0.00
2026-02-03T18:36:01.318742 [  361s] 🔍 DEBUG KXBTC15M-26FEB031345-45: K=0.46 ask=0.48 ttc=539s can_enter=True(ok)
2026-02-03T18:36:31.350916 [  391s] 🔍 DEBUG KXBTC15M-26FEB031345-45: K=0.48 ask=0.50 ttc=509s can_enter=True(ok)
2026-02-03T18:37:00.384451 [  420s] BTC: $73,916.23 (-0.098%) | Brackets: 1 | Open: 0 | Trades: 0 (MR:0 DA:0) | P&L: $+0.00
2026-02-03T18:37:01.385464 [  421s] 🔍 DEBUG KXBTC15M-26FEB031345-45: K=0.29 ask=0.30 ttc=479s can_enter=True(ok)
2026-02-03T18:37:31.414533 [  451s] 🔍 DEBUG KXBTC15M-26FEB031345-45: K=0.30 ask=0.31 ttc=449s can_enter=True(ok)
2026-02-03T18:38:00.450492 [  480s] BTC: $73,912.10 (-0.049%) | Brackets: 1 | Open: 0 | Trades: 0 (MR:0 DA:0) | P&L: $+0.00
2026-02-03T18:38:01.451378 [  481s] 🔍 DEBUG KXBTC15M-26FEB031345-45: K=0.29 ask=0.30 ttc=419s can_enter=True(ok)
2026-02-03T18:38:31.480359 [  511s] 🔍 DEBUG KXBTC15M-26FEB031345-45: K=0.28 ask=0.31 ttc=389s can_enter=True(ok)
2026-02-03T18:39:00.512729 [  540s] BTC: $74,025.34 (-0.085%) | Brackets: 1 | Open: 0 | Trades: 0 (MR:0 DA:0) | P&L: $+0.00
2026-02-03T18:39:01.514162 [  541s] 🔍 DEBUG KXBTC15M-26FEB031345-45: K=0.41 ask=0.42 ttc=358s can_enter=True(ok)
2026-02-03T18:39:31.545235 [  571s] 🔍 DEBUG KXBTC15M-26FEB031345-45: K=0.37 ask=0.39 ttc=328s can_enter=True(ok)
2026-02-03T18:40:00.579120 [  600s] BTC: $74,095.10 (+0.093%) | Brackets: 1 | Open: 0 | Trades: 0 (MR:0 DA:0) | P&L: $+0.00
2026-02-03T18:40:01.580691 [  601s] 🔍 DEBUG KXBTC15M-26FEB031345-45: K=0.54 ask=0.55 ttc=298s can_enter=True(ok)
2026-02-03T18:40:31.612164 [  631s] 🔍 DEBUG KXBTC15M-26FEB031345-45: K=0.54 ask=0.57 ttc=268s can_enter=True(ok)
2026-02-03T18:41:00.641302 [  660s] BTC: $74,026.25 (-0.103%) | Brackets: 1 | Open: 0 | Trades: 0 (MR:0 DA:0) | P&L: $+0.00
2026-02-03T18:41:01.642395 [  661s] 🔍 DEBUG KXBTC15M-26FEB031345-45: K=0.36 ask=0.37 ttc=238s can_enter=True(ok)
2026-02-03T18:41:31.678141 [  691s] 🔍 DEBUG KXBTC15M-26FEB031345-45: K=0.40 ask=0.42 ttc=208s can_enter=True(ok)
2026-02-03T18:42:00.710628 [  720s] BTC: $74,058.23 (-0.052%) | Brackets: 1 | Open: 0 | Trades: 0 (MR:0 DA:0) | P&L: $+0.00
2026-02-03T18:42:01.711201 [  721s] 🔍 DEBUG KXBTC15M-26FEB031345-45: K=0.40 ask=0.41 ttc=178s can_enter=True(ok)
2026-02-03T18:42:31.744902 [  751s] 🔍 DEBUG KXBTC15M-26FEB031345-45: K=0.22 ask=0.23 ttc=148s can_enter=True(ok)
2026-02-03T18:43:00.798901 [  780s] BTC: $73,869.59 (-0.046%) | Brackets: 1 | Open: 0 | Trades: 0 (MR:0 DA:0) | P&L: $+0.00
2026-02-03T18:43:01.799894 [  781s] 🔍 DEBUG KXBTC15M-26FEB031345-45: K=0.04 ask=0.05 ttc=118s can_enter=False(too_close)
2026-02-03T18:43:31.828664 [  811s] 🔍 DEBUG KXBTC15M-26FEB031345-45: K=0.02 ask=0.03 ttc=88s can_enter=False(too_close)
2026-02-03T18:44:00.866946 [  840s] BTC: $73,897.99 (+0.066%) | Brackets: 1 | Open: 0 | Trades: 0 (MR:0 DA:0) | P&L: $+0.00
2026-02-03T18:44:01.868964 [  841s] 🔍 DEBUG KXBTC15M-26FEB031345-45: K=0.01 ask=0.03 ttc=58s can_enter=False(too_close)
2026-02-03T18:44:31.898190 [  871s] 🔍 DEBUG KXBTC15M-26FEB031345-45: K=0.00 ask=0.01 ttc=28s can_enter=False(too_close)
2026-02-03T18:45:00.928847 [  900s] BTC: $73,663.18 (+0.014%) | Brackets: 1 | Open: 0 | Trades: 0 (MR:0 DA:0) | P&L: $+0.00
2026-02-03T18:45:01.929923 [  901s] 🔍 DEBUG KXBTC15M-26FEB031345-45: K=0.00 ask=0.01 ttc=-2s can_enter=False(too_close)
2026-02-03T18:45:31.957678 [  932s] 🔍 DEBUG KXBTC15M-26FEB031400-00: K=0.55 ask=0.65 ttc=868s can_enter=True(ok)
2026-02-03T18:46:00.983539 [  961s] BTC: $73,543.84 (-0.061%) | Brackets: 1 | Open: 0 | Trades: 0 (MR:0 DA:0) | P&L: $+0.00
2026-02-03T18:46:01.984667 [  962s] 🔍 DEBUG KXBTC15M-26FEB031400-00: K=0.55 ask=0.65 ttc=838s can_enter=True(ok)
2026-02-03T18:46:32.019266 [  992s] 🔍 DEBUG KXBTC15M-26FEB031400-00: K=0.27 ask=0.31 ttc=808s can_enter=True(ok)
2026-02-03T18:47:01.050531 [ 1021s] BTC: $73,349.86 (+0.014%) | Brackets: 1 | Open: 0 | Trades: 0 (MR:0 DA:0) | P&L: $+0.00
2026-02-03T18:47:02.051102 [ 1022s] 🔍 DEBUG KXBTC15M-26FEB031400-00: K=0.19 ask=0.21 ttc=778s can_enter=True(ok)
2026-02-03T18:47:32.086498 [ 1052s] 🔍 DEBUG KXBTC15M-26FEB031400-00: K=0.15 ask=0.16 ttc=748s can_enter=True(ok)
2026-02-03T18:48:01.123923 [ 1081s] BTC: $73,523.25 (-0.035%) | Brackets: 1 | Open: 0 | Trades: 0 (MR:0 DA:0) | P&L: $+0.00
2026-02-03T18:48:02.124896 [ 1082s] 🔍 DEBUG KXBTC15M-26FEB031400-00: K=0.25 ask=0.27 ttc=718s can_enter=True(ok)
2026-02-03T18:48:32.154043 [ 1112s] 🔍 DEBUG KXBTC15M-26FEB031400-00: K=0.22 ask=0.23 ttc=688s can_enter=True(ok)
2026-02-03T18:49:01.182413 [ 1141s] BTC: $73,235.23 (+0.014%) | Brackets: 1 | Open: 0 | Trades: 0 (MR:0 DA:0) | P&L: $+0.00
2026-02-03T18:49:02.183617 [ 1142s] 🔍 DEBUG KXBTC15M-26FEB031400-00: K=0.12 ask=0.14 ttc=658s can_enter=True(ok)
2026-02-03T18:49:32.219083 [ 1172s] 🔍 DEBUG KXBTC15M-26FEB031400-00: K=0.10 ask=0.13 ttc=628s can_enter=True(ok)
2026-02-03T18:50:01.247609 [ 1201s] BTC: $73,240.43 (-0.050%) | Brackets: 1 | Open: 0 | Trades: 0 (MR:0 DA:0) | P&L: $+0.00
2026-02-03T18:50:02.249087 [ 1202s] 🔍 DEBUG KXBTC15M-26FEB031400-00: K=0.12 ask=0.13 ttc=598s can_enter=True(ok)
2026-02-03T18:50:32.276838 [ 1232s] 🔍 DEBUG KXBTC15M-26FEB031400-00: K=0.08 ask=0.10 ttc=568s can_enter=True(ok)
2026-02-03T18:51:01.310497 [ 1261s] BTC: $73,141.46 (-0.086%) | Brackets: 1 | Open: 0 | Trades: 0 (MR:0 DA:0) | P&L: $+0.00
2026-02-03T18:51:02.311404 [ 1262s] 🔍 DEBUG KXBTC15M-26FEB031400-00: K=0.06 ask=0.07 ttc=538s can_enter=True(ok)
2026-02-03T18:51:32.342216 [ 1292s] 🔍 DEBUG KXBTC15M-26FEB031400-00: K=0.06 ask=0.07 ttc=508s can_enter=True(ok)
2026-02-03T18:52:01.374508 [ 1321s] BTC: $73,127.90 (-0.093%) | Brackets: 1 | Open: 0 | Trades: 0 (MR:0 DA:0) | P&L: $+0.00
2026-02-03T18:52:02.375257 [ 1322s] 🔍 DEBUG KXBTC15M-26FEB031400-00: K=0.06 ask=0.09 ttc=478s can_enter=True(ok)
2026-02-03T18:52:32.403565 [ 1352s] 🔍 DEBUG KXBTC15M-26FEB031400-00: K=0.05 ask=0.07 ttc=448s can_enter=True(ok)
2026-02-03T18:53:01.433118 [ 1381s] BTC: $73,240.57 (-0.014%) | Brackets: 1 | Open: 0 | Trades: 0 (MR:0 DA:0) | P&L: $+0.00
2026-02-03T18:53:02.434136 [ 1382s] 🔍 DEBUG KXBTC15M-26FEB031400-00: K=0.05 ask=0.07 ttc=418s can_enter=True(ok)
2026-02-03T18:53:32.463162 [ 1412s] 🔍 DEBUG KXBTC15M-26FEB031400-00: K=0.07 ask=0.08 ttc=388s can_enter=True(ok)
2026-02-03T18:54:01.495166 [ 1441s] BTC: $73,155.68 (-0.066%) | Brackets: 1 | Open: 0 | Trades: 0 (MR:0 DA:0) | P&L: $+0.00
2026-02-03T18:54:02.495827 [ 1442s] 🔍 DEBUG KXBTC15M-26FEB031400-00: K=0.05 ask=0.07 ttc=358s can_enter=True(ok)
2026-02-03T18:54:32.528544 [ 1472s] 🔍 DEBUG KXBTC15M-26FEB031400-00: K=0.05 ask=0.06 ttc=327s can_enter=True(ok)
2026-02-03T18:55:01.565185 [ 1501s] BTC: $73,163.73 (+0.050%) | Brackets: 1 | Open: 0 | Trades: 0 (MR:0 DA:0) | P&L: $+0.00
2026-02-03T18:55:02.565992 [ 1502s] 🔍 DEBUG KXBTC15M-26FEB031400-00: K=0.03 ask=0.05 ttc=297s can_enter=True(ok)
2026-02-03T18:55:32.594054 [ 1532s] 🔍 DEBUG KXBTC15M-26FEB031400-00: K=0.02 ask=0.03 ttc=267s can_enter=True(ok)
2026-02-03T18:56:01.618566 [ 1561s] BTC: $73,367.28 (-0.038%) | Brackets: 1 | Open: 0 | Trades: 0 (MR:0 DA:0) | P&L: $+0.00
2026-02-03T18:56:02.619366 [ 1562s] 🔍 DEBUG KXBTC15M-26FEB031400-00: K=0.05 ask=0.06 ttc=237s can_enter=True(ok)
2026-02-03T18:56:32.650898 [ 1592s] 🔍 DEBUG KXBTC15M-26FEB031400-00: K=0.05 ask=0.07 ttc=207s can_enter=True(ok)
2026-02-03T18:57:01.678517 [ 1621s] BTC: $73,315.31 (-0.073%) | Brackets: 1 | Open: 0 | Trades: 0 (MR:0 DA:0) | P&L: $+0.00
2026-02-03T18:57:02.679576 [ 1622s] 🔍 DEBUG KXBTC15M-26FEB031400-00: K=0.05 ask=0.06 ttc=177s can_enter=True(ok)
2026-02-03T18:57:32.716866 [ 1652s] 🔍 DEBUG KXBTC15M-26FEB031400-00: K=0.01 ask=0.02 ttc=147s can_enter=True(ok)
2026-02-03T18:58:01.746032 [ 1681s] BTC: $73,114.35 (+0.008%) | Brackets: 1 | Open: 0 | Trades: 0 (MR:0 DA:0) | P&L: $+0.00
2026-02-03T18:58:02.746708 [ 1682s] 🔍 DEBUG KXBTC15M-26FEB031400-00: K=0.00 ask=0.01 ttc=117s can_enter=False(too_close)
2026-02-03T18:58:32.777522 [ 1712s] 🔍 DEBUG KXBTC15M-26FEB031400-00: K=0.00 ask=0.01 ttc=87s can_enter=False(too_close)
2026-02-03T18:59:01.809486 [ 1741s] BTC: $73,185.53 (-0.007%) | Brackets: 1 | Open: 0 | Trades: 0 (MR:0 DA:0) | P&L: $+0.00
2026-02-03T18:59:02.811660 [ 1742s] 🔍 DEBUG KXBTC15M-26FEB031400-00: K=0.00 ask=0.01 ttc=57s can_enter=False(too_close)
2026-02-03T18:59:32.844670 [ 1772s] 🔍 DEBUG KXBTC15M-26FEB031400-00: K=0.00 ask=0.01 ttc=27s can_enter=False(too_close)
2026-02-03T18:59:35.152297 
⚠️ SIGNAL: SIGTERM at 2026-02-03T18:59:35.152193
2026-02-03T18:59:35.849677 
======================================================================
v8 SUMMARY — Best-of-Breed (V6 MR High + V7 Delay Arb)
======================================================================
Duration: 29min (0.5h)
Total Trades: 0
Trade Rate: 0.0/hr
P&L: $+0.00
Final Balance: $1000.00

======================================================================

