2026-02-02T23:13:09.565121 
======================================================================
v6 - RESEARCH-NOTES.md Improvements
======================================================================
Duration: 480min | Start: 23:13:09
Changes: BTC momentum filter, adaptive stop-loss, entry filters,
         mean reversion at extremes, market timing restrictions
Markets: 15min + Hourly
======================================================================

2026-02-02T23:14:09.639158 [   60s] BTC: $78,708.55 (4ex, -0.002%) | 15m: 0.06/0.17 | 1h: N/A | P&L: $+0.00 (0)
2026-02-02T23:15:06.703218 [  117s] 🔄 15M transition
2026-02-02T23:15:07.704402 [  118s] 🔄 15M transition
2026-02-02T23:15:08.705007 [  119s] 🔄 15M transition
2026-02-02T23:15:09.705930 [  120s] 🔄 15M transition
2026-02-02T23:15:09.706015 [  120s] BTC: $78,740.85 (4ex, +0.032%) | 15m: 0.45/0.55 | 1h: N/A | P&L: $+0.00 (0)
2026-02-02T23:15:10.706883 [  121s] 🔄 15M transition
2026-02-02T23:16:09.759344 [  180s] BTC: $78,762.18 (4ex, +0.008%) | 15m: 0.62/0.65 | 1h: N/A | P&L: $+0.00 (0)
2026-02-02T23:17:09.839544 [  240s] BTC: $78,739.83 (4ex, -0.028%) | 15m: 0.51/0.52 | 1h: N/A | P&L: $+0.00 (0)
2026-02-02T23:18:09.572322 [  300s] 💾 Checkpoint
2026-02-02T23:18:09.894911 [  300s] BTC: $78,714.27 (4ex, -0.051%) | 15m: 0.46/0.48 | 1h: N/A | P&L: $+0.00 (0)
2026-02-02T23:19:09.964165 [  360s] BTC: $78,724.47 (4ex, +0.013%) | 15m: 0.55/0.58 | 1h: N/A | P&L: $+0.00 (0)
2026-02-02T23:20:10.027630 [  420s] BTC: $78,704.69 (4ex, -0.025%) | 15m: 0.47/0.49 | 1h: N/A | P&L: $+0.00 (0)
2026-02-02T23:21:10.093455 [  480s] BTC: $78,656.35 (4ex, -0.061%) | 15m: 0.28/0.29 | 1h: N/A | P&L: $+0.00 (0)
2026-02-02T23:21:43.130062 [  513s] 📉 15M MEAN-REV: K@0.20 (extreme low) + BTC stable → YES
2026-02-02T23:22:10.174066 [  540s] ❌ 15M mean_reversion_low CLOSE (STOP(-25%)): $-0.70 | Total: $-0.70
2026-02-02T23:22:10.174122 [  540s] BTC: $78,621.00 (4ex, -0.045%) | 15m: 0.13/0.16 | 1h: N/A | P&L: $-0.70 (1)
2026-02-02T23:23:09.575645 [  600s] 💾 Checkpoint
2026-02-02T23:23:10.236889 [  600s] 📉 15M MEAN-REV: K@0.08 (extreme low) + BTC stable → YES
2026-02-02T23:23:10.237520 [  600s] BTC: $78,602.94 (4ex, +0.010%) | 15m: 0.06/0.08 | 1h: N/A | P&L: $-0.70 (1)
2026-02-02T23:24:10.325523 [  660s] BTC: $78,622.00 (4ex, +0.024%) | 15m: 0.08/0.10 | 1h: N/A | P&L: $-0.70 (1)
2026-02-02T23:24:11.327681 [  661s] ✅ 15M mean_reversion_low CLOSE (PROFIT): $+0.10 | Total: $-0.60
2026-02-02T23:25:10.394346 [  720s] BTC: $78,637.72 (4ex, +0.022%) | 15m: 0.08/0.13 | 1h: N/A | P&L: $-0.60 (2)
2026-02-02T23:26:10.462202 [  780s] BTC: $78,548.91 (4ex, -0.090%) | 15m: 0.07/0.08 | 1h: N/A | P&L: $-0.60 (2)
2026-02-02T23:27:10.537886 [  840s] BTC: $78,563.34 (4ex, +0.035%) | 15m: 0.01/0.03 | 1h: N/A | P&L: $-0.60 (2)
2026-02-02T23:28:09.577857 [  900s] 💾 Checkpoint
2026-02-02T23:28:10.609127 [  901s] BTC: $78,531.64 (4ex, -0.037%) | 15m: 0.00/0.01 | 1h: N/A | P&L: $-0.60 (2)
2026-02-02T23:29:10.678997 [  961s] BTC: $78,543.47 (4ex, +0.015%) | 15m: 0.00/0.01 | 1h: N/A | P&L: $-0.60 (2)
2026-02-02T23:30:10.759993 [ 1021s] BTC: $78,556.11 (4ex, +0.016%) | 15m: 0.00/0.01 | 1h: N/A | P&L: $-0.60 (2)
2026-02-02T23:30:18.769277 [ 1029s] 🔄 15M transition
2026-02-02T23:30:19.771182 [ 1030s] 🔄 15M transition
2026-02-02T23:30:20.772891 [ 1031s] 🔄 15M transition
2026-02-02T23:30:21.773930 [ 1032s] 🔄 15M transition
2026-02-02T23:30:22.776268 [ 1033s] 🔄 15M transition
2026-02-02T23:31:10.830297 [ 1081s] BTC: $78,566.00 (4ex, +0.013%) | 15m: 0.60/0.61 | 1h: N/A | P&L: $-0.60 (2)
2026-02-02T23:32:10.894351 [ 1141s] BTC: $78,574.29 (4ex, +0.020%) | 15m: 0.55/0.59 | 1h: N/A | P&L: $-0.60 (2)
2026-02-02T23:33:09.579744 [ 1200s] 💾 Checkpoint
2026-02-02T23:33:10.979661 [ 1201s] BTC: $78,619.52 (4ex, +0.058%) | 15m: 0.66/0.68 | 1h: N/A | P&L: $-0.60 (2)
2026-02-02T23:33:19.143286 
======================================================================
SUMMARY
======================================================================
Duration: 20min | Signals: 2
Trades: 2 | P&L: $-0.60
mean_reversion_low: 2 trades, 50% win, $-0.60
======================================================================

