2026-02-02T18:41:49.352704 
======================================================================
REAL-TIME PAPER TRADING v3 (Stability Enhanced)
======================================================================
Duration: 480min | Start: 18:41:49
Strategy: Delay Arb + Flash Crash
Checkpoints: Every 5min
======================================================================

2026-02-02T18:42:49.425110 [   60s] BRTI*: $78,596.34 (4ex, -0.021%) | K: 0.99/1.00 | P&L: $+0.00 (0)
2026-02-02T18:43:49.490176 [  120s] BRTI*: $78,516.51 (4ex, -0.083%) | K: 0.99/1.00 | P&L: $+0.00 (0)
2026-02-02T18:44:49.568772 [  180s] BRTI*: $78,547.51 (4ex, +0.006%) | K: 0.99/1.00 | P&L: $+0.00 (0)
2026-02-02T18:45:10.596307 [  201s] 🔄 Market transition: KXBTC15M-26FEB021345-45 → KXBTC15M-26FEB021400-00
2026-02-02T18:45:11.598086 [  202s] 🔄 Market transition: KXBTC15M-26FEB021400-00 → KXBTC15M-26FEB021400-00
2026-02-02T18:45:12.598960 [  203s] 🔄 Market transition: KXBTC15M-26FEB021400-00 → KXBTC15M-26FEB021400-00
2026-02-02T18:45:13.599585 [  204s] 🔄 Market transition: KXBTC15M-26FEB021400-00 → KXBTC15M-26FEB021400-00
2026-02-02T18:45:14.600546 [  205s] 🔄 Market transition: KXBTC15M-26FEB021400-00 → KXBTC15M-26FEB021400-00
2026-02-02T18:45:49.637212 [  240s] BRTI*: $78,613.99 (4ex, +0.051%) | K: 0.54/0.57 | P&L: $+0.00 (0)
2026-02-02T18:46:49.387096 [  300s] 💾 Checkpoint saved
2026-02-02T18:46:49.702899 [  300s] BRTI*: $78,538.92 (4ex, -0.029%) | K: 0.46/0.47 | P&L: $+0.00 (0)
2026-02-02T18:47:49.773049 [  360s] BRTI*: $78,570.59 (4ex, +0.004%) | K: 0.50/0.53 | P&L: $+0.00 (0)
2026-02-02T18:48:49.841913 [  420s] BRTI*: $78,596.58 (4ex, +0.023%) | K: 0.58/0.59 | P&L: $+0.00 (0)
2026-02-02T18:49:49.914623 [  480s] BRTI*: $78,601.59 (4ex, +0.042%) | K: 0.57/0.60 | P&L: $+0.00 (0)
2026-02-02T18:50:49.976327 [  540s] BRTI*: $78,577.75 (4ex, +0.013%) | K: 0.49/0.52 | P&L: $+0.00 (0)
2026-02-02T18:51:49.388352 [  600s] 💾 Checkpoint saved
2026-02-02T18:51:50.044348 [  600s] BRTI*: $78,570.31 (4ex, -0.043%) | K: 0.61/0.63 | P&L: $+0.00 (0)
2026-02-02T18:52:50.109525 [  660s] BRTI*: $78,603.56 (4ex, -0.026%) | K: 0.61/0.63 | P&L: $+0.00 (0)
2026-02-02T18:53:50.192202 [  720s] BRTI*: $78,615.17 (4ex, +0.033%) | K: 0.66/0.67 | P&L: $+0.00 (0)
2026-02-02T18:54:50.253182 [  780s] BRTI*: $78,584.88 (4ex, -0.023%) | K: 0.57/0.61 | P&L: $+0.00 (0)
2026-02-02T18:55:50.326175 [  840s] BRTI*: $78,619.53 (4ex, +0.015%) | K: 0.75/0.76 | P&L: $+0.00 (0)
2026-02-02T18:56:49.389989 [  900s] 💾 Checkpoint saved
2026-02-02T18:56:50.392641 [  901s] BRTI*: $78,616.47 (4ex, +0.017%) | K: 0.78/0.79 | P&L: $+0.00 (0)
2026-02-02T18:57:50.456290 [  961s] BRTI*: $78,575.09 (4ex, -0.025%) | K: 0.57/0.58 | P&L: $+0.00 (0)
2026-02-02T18:58:50.519658 [ 1021s] BRTI*: $78,573.11 (4ex, +0.023%) | K: 0.65/0.70 | P&L: $+0.00 (0)
2026-02-02T18:59:14.545498 [ 1045s] ⚡ CRASH: K dropped -33.8% → YES @ $0.69
2026-02-02T18:59:14.545560 [ 1045s] ❌ CLOSE (STOP): $-2.60 [LOSS] | Total: $-2.60
2026-02-02T18:59:50.588968 [ 1081s] BRTI*: $78,562.64 (4ex, +0.011%) | K: 0.96/0.97 | P&L: $-2.60 (1)
2026-02-02T19:00:45.644056 [ 1136s] 🔄 Market transition: KXBTC15M-26FEB021400-00 → KXBTC15M-26FEB021415-15
2026-02-02T19:00:46.645305 [ 1137s] 🔄 Market transition: KXBTC15M-26FEB021415-15 → KXBTC15M-26FEB021415-15
2026-02-02T19:00:47.646257 [ 1138s] 🔄 Market transition: KXBTC15M-26FEB021415-15 → KXBTC15M-26FEB021415-15
2026-02-02T19:00:48.646709 [ 1139s] 🔄 Market transition: KXBTC15M-26FEB021415-15 → KXBTC15M-26FEB021415-15
2026-02-02T19:00:49.647958 [ 1140s] 🔄 Market transition: KXBTC15M-26FEB021415-15 → KXBTC15M-26FEB021415-15
2026-02-02T19:00:50.648602 [ 1141s] BRTI*: $78,558.50 (4ex, +0.106%) | K: 0.40/0.55 | P&L: $-2.60 (1)
2026-02-02T19:01:49.391172 [ 1200s] 💾 Checkpoint saved
2026-02-02T19:01:50.721545 [ 1201s] BRTI*: $78,555.10 (4ex, +0.027%) | K: 0.42/0.44 | P&L: $-2.60 (1)
2026-02-02T19:02:50.786080 [ 1261s] BRTI*: $78,632.83 (4ex, +0.064%) | K: 0.66/0.67 | P&L: $-2.60 (1)
2026-02-02T19:03:50.859586 [ 1321s] BRTI*: $78,613.11 (4ex, +0.024%) | K: 0.59/0.62 | P&L: $-2.60 (1)
2026-02-02T19:04:15.888689 [ 1346s] ⚡ CRASH: K dropped -40.7% → YES @ $0.36
2026-02-02T19:04:50.925466 [ 1381s] BRTI*: $78,497.14 (4ex, -0.069%) | K: 0.37/0.39 | P&L: $-2.60 (1)
2026-02-02T19:05:15.950777 [ 1406s] ❌ CLOSE (STOP): $-1.70 [LOSS] | Total: $-4.30
2026-02-02T19:05:46.986625 [ 1437s] ⚡ CRASH: K dropped -36.8% → YES @ $0.15
2026-02-02T19:05:46.986700 [ 1437s] ❌ CLOSE (STOP): $-0.30 [LOSS] | Total: $-4.60
2026-02-02T19:05:50.991021 [ 1441s] BRTI*: $78,388.55 (4ex, -0.004%) | K: 0.12/0.15 | P&L: $-4.60 (3)
2026-02-02T19:06:49.392492 [ 1500s] 💾 Checkpoint saved
2026-02-02T19:06:51.079496 [ 1501s] BRTI*: $78,396.10 (4ex, +0.022%) | K: 0.17/0.19 | P&L: $-4.60 (3)
2026-02-02T19:07:51.145703 [ 1561s] BRTI*: $78,378.57 (4ex, -0.041%) | K: 0.15/0.17 | P&L: $-4.60 (3)
2026-02-02T19:08:51.206295 [ 1621s] BRTI*: $78,360.37 (4ex, -0.027%) | K: 0.09/0.10 | P&L: $-4.60 (3)
2026-02-02T19:09:51.266645 [ 1681s] BRTI*: $78,328.37 (4ex, -0.054%) | K: 0.07/0.08 | P&L: $-4.60 (3)
2026-02-02T19:10:51.335504 [ 1741s] BRTI*: $78,384.89 (4ex, +0.003%) | K: 0.09/0.10 | P&L: $-4.60 (3)
2026-02-02T19:11:26.367567 [ 1777s] 🎯 DELAY: BTC +0.155% K +0.0% → YES @ $0.15
2026-02-02T19:11:26.367648 [ 1777s] ❌ CLOSE (STOP): $-0.70 [LOSS] | Total: $-5.30
2026-02-02T19:11:27.368521 [ 1778s] 🎯 DELAY: BTC +0.155% K +0.0% → YES @ $0.15
2026-02-02T19:11:27.368579 [ 1778s] ❌ CLOSE (STOP): $-0.70 [LOSS] | Total: $-6.00
