2026-02-03T05:23:43.311502 
======================================================================
v7 — Research-Validated High-Frequency Validation Mode
======================================================================
Duration: 180min | Start: 05:23:43 UTC
Strategies: MR-High (≥0.6), Delay Arb (0.2%), Parity Arb, Endgame
Params: cooldown=5s, max_pos=5/mkt, timeout=180s
Goal: 50-100+ trades/hr for statistical validation
======================================================================

2026-02-03T05:23:44.313224 [    1s] 🔍 DEBUG KXBTC15M-26FEB030030-30: K=0.32 ask=0.34 ttc=376s can_enter=True(ok)
2026-02-03T05:24:14.354100 [   31s] 🔍 DEBUG KXBTC15M-26FEB030030-30: K=0.35 ask=0.39 ttc=346s can_enter=True(ok)
2026-02-03T05:24:43.384116 [   60s] BTC: $78,382.97 (-0.031%) | Brackets: 1 | Open: 0 | Trades: 0 (0.0/hr) | P&L: $+0.00
2026-02-03T05:24:44.385941 [   61s] 🔍 DEBUG KXBTC15M-26FEB030030-30: K=0.26 ask=0.30 ttc=316s can_enter=True(ok)
2026-02-03T05:25:14.423780 [   91s] 🔍 DEBUG KXBTC15M-26FEB030030-30: K=0.16 ask=0.19 ttc=286s can_enter=True(ok)
2026-02-03T05:25:43.460547 [  120s] BTC: $78,374.12 (-0.013%) | Brackets: 1 | Open: 0 | Trades: 0 (0.0/hr) | P&L: $+0.00
2026-02-03T05:25:44.461542 [  121s] 🔍 DEBUG KXBTC15M-26FEB030030-30: K=0.17 ask=0.19 ttc=256s can_enter=True(ok)
2026-02-03T05:26:14.498831 [  151s] 🔍 DEBUG KXBTC15M-26FEB030030-30: K=0.11 ask=0.13 ttc=226s can_enter=True(ok)
2026-02-03T05:26:43.545096 [  180s] BTC: $78,350.14 (-0.031%) | Brackets: 1 | Open: 0 | Trades: 0 (0.0/hr) | P&L: $+0.00
2026-02-03T05:26:44.547085 [  181s] 🔍 DEBUG KXBTC15M-26FEB030030-30: K=0.05 ask=0.10 ttc=195s can_enter=True(ok)
2026-02-03T05:27:14.583227 [  211s] 🔍 DEBUG KXBTC15M-26FEB030030-30: K=0.03 ask=0.09 ttc=165s can_enter=True(ok)
2026-02-03T05:27:43.618942 [  240s] BTC: $78,370.23 (+0.026%) | Brackets: 1 | Open: 0 | Trades: 0 (0.0/hr) | P&L: $+0.00
2026-02-03T05:27:44.620525 [  241s] 🔍 DEBUG KXBTC15M-26FEB030030-30: K=0.08 ask=0.10 ttc=135s can_enter=True(ok)
2026-02-03T05:28:14.663584 [  271s] 🔍 DEBUG KXBTC15M-26FEB030030-30: K=0.05 ask=0.07 ttc=105s can_enter=False(too_close)
2026-02-03T05:28:43.702154 [  300s] BTC: $78,367.71 (-0.003%) | Brackets: 1 | Open: 0 | Trades: 0 (0.0/hr) | P&L: $+0.00
2026-02-03T05:28:44.702733 [  301s] 🔍 DEBUG KXBTC15M-26FEB030030-30: K=0.03 ask=0.04 ttc=75s can_enter=False(too_close)
2026-02-03T05:29:14.742131 [  331s] 🔍 DEBUG KXBTC15M-26FEB030030-30: K=0.01 ask=0.02 ttc=45s can_enter=False(too_close)
2026-02-03T05:29:43.774644 [  360s] BTC: $78,382.55 (+0.019%) | Brackets: 1 | Open: 0 | Trades: 0 (0.0/hr) | P&L: $+0.00
2026-02-03T05:29:44.776486 [  361s] 🔍 DEBUG KXBTC15M-26FEB030030-30: K=0.00 ask=0.01 ttc=15s can_enter=False(too_close)
2026-02-03T05:30:14.814236 [  391s] 🔍 DEBUG KXBTC15M-26FEB030030-30: K=0.00 ask=0.01 ttc=-15s can_enter=False(too_close)
2026-02-03T05:30:43.852109 [  420s] BTC: $78,397.67 (+0.019%) | Brackets: 2 | Open: 0 | Trades: 0 (0.0/hr) | P&L: $+0.00
2026-02-03T05:30:44.853660 [  421s] 🔍 DEBUG KXBTC15M-26FEB030045-45: K=0.72 ask=0.94 ttc=855s can_enter=False(spread_wide)
2026-02-03T05:31:14.892965 [  451s] 🔍 DEBUG KXBTC15M-26FEB030045-45: K=0.57 ask=0.58 ttc=825s can_enter=True(ok)
2026-02-03T05:31:43.926024 [  480s] BTC: $78,398.21 (+0.000%) | Brackets: 1 | Open: 0 | Trades: 0 (0.0/hr) | P&L: $+0.00
2026-02-03T05:31:44.927389 [  481s] 🔍 DEBUG KXBTC15M-26FEB030045-45: K=0.57 ask=0.59 ttc=795s can_enter=True(ok)
2026-02-03T05:32:14.955886 [  511s] 🔍 DEBUG KXBTC15M-26FEB030045-45: K=0.55 ask=0.60 ttc=765s can_enter=True(ok)
2026-02-03T05:32:22.963647 [  519s] 📈 MR-HIGH KXBTC15M-26FEB030045-45: K@0.63 → NO@0.37
2026-02-03T05:32:43.995841 [  540s] BTC: $78,377.00 (-0.027%) | Brackets: 1 | Open: 1 | Trades: 0 (0.0/hr) | P&L: $+0.00
2026-02-03T05:32:44.997235 [  541s] 🔍 DEBUG KXBTC15M-26FEB030045-45: K=0.63 ask=0.64 ttc=735s can_enter=True(ok)
2026-02-03T05:32:53.009119 [  549s] ✅ mean_reversion_high KXBTC15M-26FEB030045-45 CLOSE (PROFIT): $+1.10 | Total: $+1.10
2026-02-03T05:33:15.033515 [  571s] 🔍 DEBUG KXBTC15M-26FEB030045-45: K=0.48 ask=0.52 ttc=705s can_enter=True(ok)
2026-02-03T05:33:44.071932 [  600s] BTC: $78,405.23 (+0.036%) | Brackets: 1 | Open: 0 | Trades: 1 (6.0/hr) | P&L: $+1.10
2026-02-03T05:33:45.073438 [  601s] 🔍 DEBUG KXBTC15M-26FEB030045-45: K=0.52 ask=0.55 ttc=675s can_enter=True(ok)
2026-02-03T05:34:15.120149 [  631s] 🔍 DEBUG KXBTC15M-26FEB030045-45: K=0.54 ask=0.61 ttc=645s can_enter=True(ok)
2026-02-03T05:34:44.151286 [  660s] BTC: $78,395.10 (-0.011%) | Brackets: 1 | Open: 0 | Trades: 1 (5.5/hr) | P&L: $+1.10
2026-02-03T05:34:45.152619 [  661s] 🔍 DEBUG KXBTC15M-26FEB030045-45: K=0.53 ask=0.57 ttc=615s can_enter=True(ok)
2026-02-03T05:35:15.188157 [  691s] 🔍 DEBUG KXBTC15M-26FEB030045-45: K=0.56 ask=0.66 ttc=585s can_enter=True(ok)
2026-02-03T05:35:29.201375 [  705s] 📈 MR-HIGH KXBTC15M-26FEB030045-45: K@0.68 → NO@0.32
2026-02-03T05:35:44.223671 [  720s] BTC: $78,385.58 (-0.014%) | Brackets: 1 | Open: 1 | Trades: 1 (5.0/hr) | P&L: $+1.10
2026-02-03T05:35:45.224910 [  721s] 🔍 DEBUG KXBTC15M-26FEB030045-45: K=0.68 ask=0.72 ttc=555s can_enter=True(ok)
2026-02-03T05:35:55.238685 [  731s] ✅ mean_reversion_high KXBTC15M-26FEB030045-45 CLOSE (PROFIT): $+2.10 | Total: $+3.20
2026-02-03T05:36:15.261474 [  751s] 🔍 DEBUG KXBTC15M-26FEB030045-45: K=0.42 ask=0.47 ttc=525s can_enter=True(ok)
2026-02-03T05:36:26.277476 [  762s] 📈 MR-HIGH KXBTC15M-26FEB030045-45: K@0.64 → NO@0.36
2026-02-03T05:36:44.304655 [  780s] BTC: $78,394.57 (+0.011%) | Brackets: 1 | Open: 1 | Trades: 2 (9.2/hr) | P&L: $+3.20
2026-02-03T05:36:45.306120 [  781s] 🔍 DEBUG KXBTC15M-26FEB030045-45: K=0.64 ask=0.68 ttc=495s can_enter=True(ok)
2026-02-03T05:37:15.347250 [  812s] 🔍 DEBUG KXBTC15M-26FEB030045-45: K=0.60 ask=0.65 ttc=465s can_enter=True(ok)
2026-02-03T05:37:44.390906 [  841s] BTC: $78,390.80 (-0.005%) | Brackets: 1 | Open: 1 | Trades: 2 (8.6/hr) | P&L: $+3.20
2026-02-03T05:37:45.391954 [  842s] 🔍 DEBUG KXBTC15M-26FEB030045-45: K=0.58 ask=0.63 ttc=435s can_enter=True(ok)
2026-02-03T05:38:15.442763 [  872s] 🔍 DEBUG KXBTC15M-26FEB030045-45: K=0.58 ask=0.63 ttc=405s can_enter=True(ok)
2026-02-03T05:38:26.459551 [  883s] ❌ mean_reversion_high KXBTC15M-26FEB030045-45 CLOSE (STOP(-25%)): $-1.10 | Total: $+2.10
2026-02-03T05:38:31.466318 [  888s] 📈 MR-HIGH KXBTC15M-26FEB030045-45: K@0.71 → NO@0.29
2026-02-03T05:38:44.487338 [  901s] BTC: $78,412.20 (+0.027%) | Brackets: 1 | Open: 1 | Trades: 3 (12.0/hr) | P&L: $+2.10
2026-02-03T05:38:45.488317 [  902s] 🔍 DEBUG KXBTC15M-26FEB030045-45: K=0.71 ask=0.75 ttc=375s can_enter=True(ok)
2026-02-03T05:39:15.538016 [  932s] 🔍 DEBUG KXBTC15M-26FEB030045-45: K=0.67 ask=0.71 ttc=344s can_enter=True(ok)
2026-02-03T05:39:27.556878 [  944s] ✅ mean_reversion_high KXBTC15M-26FEB030045-45 CLOSE (PROFIT): $+1.80 | Total: $+3.90
2026-02-03T05:39:44.576373 [  961s] BTC: $78,375.13 (-0.047%) | Brackets: 1 | Open: 0 | Trades: 4 (15.0/hr) | P&L: $+3.90
2026-02-03T05:39:45.577033 [  962s] 🔍 DEBUG KXBTC15M-26FEB030045-45: K=0.50 ask=0.53 ttc=314s can_enter=True(ok)
2026-02-03T05:40:15.623772 [  992s] 🔍 DEBUG KXBTC15M-26FEB030045-45: K=0.45 ask=0.48 ttc=284s can_enter=True(ok)
2026-02-03T05:40:44.657042 [ 1021s] BTC: $78,332.75 (-0.057%) | Brackets: 1 | Open: 0 | Trades: 4 (14.1/hr) | P&L: $+3.90
2026-02-03T05:40:45.658152 [ 1022s] 🔍 DEBUG KXBTC15M-26FEB030045-45: K=0.22 ask=0.25 ttc=254s can_enter=True(ok)
2026-02-03T05:41:15.695170 [ 1052s] 🔍 DEBUG KXBTC15M-26FEB030045-45: K=0.29 ask=0.32 ttc=224s can_enter=True(ok)
2026-02-03T05:41:44.731066 [ 1081s] BTC: $78,348.24 (+0.021%) | Brackets: 1 | Open: 0 | Trades: 4 (13.3/hr) | P&L: $+3.90
2026-02-03T05:41:45.733598 [ 1082s] 🔍 DEBUG KXBTC15M-26FEB030045-45: K=0.29 ask=0.33 ttc=194s can_enter=True(ok)
2026-02-03T05:42:15.772574 [ 1112s] 🔍 DEBUG KXBTC15M-26FEB030045-45: K=0.27 ask=0.31 ttc=164s can_enter=True(ok)
2026-02-03T05:42:44.808172 [ 1141s] BTC: $78,367.99 (+0.025%) | Brackets: 1 | Open: 0 | Trades: 4 (12.6/hr) | P&L: $+3.90
2026-02-03T05:42:45.809331 [ 1142s] 🔍 DEBUG KXBTC15M-26FEB030045-45: K=0.59 ask=0.60 ttc=134s can_enter=True(ok)
2026-02-03T05:43:15.851303 [ 1172s] 🔍 DEBUG KXBTC15M-26FEB030045-45: K=0.11 ask=0.12 ttc=104s can_enter=False(too_close)
2026-02-03T05:43:44.895409 [ 1201s] BTC: $78,288.08 (-0.081%) | Brackets: 1 | Open: 0 | Trades: 4 (12.0/hr) | P&L: $+3.90
2026-02-03T05:43:45.897168 [ 1202s] 🔍 DEBUG KXBTC15M-26FEB030045-45: K=0.02 ask=0.04 ttc=74s can_enter=False(too_close)
2026-02-03T05:44:15.935283 [ 1232s] 🔍 DEBUG KXBTC15M-26FEB030045-45: K=0.00 ask=0.01 ttc=44s can_enter=False(too_close)
2026-02-03T05:44:44.970522 [ 1261s] BTC: $78,311.47 (+0.029%) | Brackets: 1 | Open: 0 | Trades: 4 (11.4/hr) | P&L: $+3.90
2026-02-03T05:44:45.971723 [ 1262s] 🔍 DEBUG KXBTC15M-26FEB030045-45: K=0.00 ask=0.01 ttc=14s can_enter=False(too_close)
2026-02-03T05:45:16.017656 [ 1292s] 🔍 DEBUG KXBTC15M-26FEB030045-45: K=0.00 ask=0.01 ttc=-16s can_enter=False(too_close)
2026-02-03T05:45:45.057415 [ 1321s] BTC: $78,317.45 (+0.008%) | Brackets: 2 | Open: 0 | Trades: 4 (10.9/hr) | P&L: $+3.90
2026-02-03T05:45:46.058568 [ 1322s] 🔍 DEBUG KXBTC15M-26FEB030100-00: K=0.55 ask=0.60 ttc=854s can_enter=True(ok)
2026-02-03T05:46:16.093997 [ 1352s] 🔍 DEBUG KXBTC15M-26FEB030100-00: K=0.58 ask=0.59 ttc=824s can_enter=True(ok)
2026-02-03T05:46:45.134152 [ 1381s] BTC: $78,327.84 (+0.013%) | Brackets: 1 | Open: 0 | Trades: 4 (10.4/hr) | P&L: $+3.90
2026-02-03T05:46:46.135736 [ 1382s] 🔍 DEBUG KXBTC15M-26FEB030100-00: K=0.54 ask=0.55 ttc=794s can_enter=True(ok)
2026-02-03T05:47:16.172956 [ 1412s] 🔍 DEBUG KXBTC15M-26FEB030100-00: K=0.70 ask=0.72 ttc=764s can_enter=True(ok)
2026-02-03T05:47:45.210926 [ 1441s] BTC: $78,394.49 (+0.085%) | Brackets: 1 | Open: 0 | Trades: 4 (10.0/hr) | P&L: $+3.90
2026-02-03T05:47:46.212011 [ 1442s] 🔍 DEBUG KXBTC15M-26FEB030100-00: K=0.80 ask=0.82 ttc=734s can_enter=True(ok)
2026-02-03T05:47:56.222431 [ 1452s] 📈 MR-HIGH KXBTC15M-26FEB030100-00: K@0.80 → NO@0.20
2026-02-03T05:48:16.257063 [ 1472s] 🔍 DEBUG KXBTC15M-26FEB030100-00: K=0.78 ask=0.80 ttc=704s can_enter=True(ok)
2026-02-03T05:48:45.302330 [ 1501s] BTC: $78,406.68 (+0.018%) | Brackets: 1 | Open: 1 | Trades: 4 (9.6/hr) | P&L: $+3.90
2026-02-03T05:48:46.303418 [ 1502s] 🔍 DEBUG KXBTC15M-26FEB030100-00: K=0.82 ask=0.85 ttc=674s can_enter=True(ok)
2026-02-03T05:49:02.330219 [ 1519s] ❌ mean_reversion_high KXBTC15M-26FEB030100-00 CLOSE (STOP(-25%)): $-0.60 | Total: $+3.30
2026-02-03T05:49:07.335854 [ 1524s] 📈 MR-HIGH KXBTC15M-26FEB030100-00: K@0.83 → NO@0.17
2026-02-03T05:49:16.351414 [ 1533s] 🔍 DEBUG KXBTC15M-26FEB030100-00: K=0.83 ask=0.86 ttc=644s can_enter=True(ok)
2026-02-03T05:49:32.378588 [ 1549s] ❌ mean_reversion_high KXBTC15M-26FEB030100-00 CLOSE (STOP(-25%)): $-0.50 | Total: $+2.80
2026-02-03T05:49:37.386268 [ 1554s] 📈 MR-HIGH KXBTC15M-26FEB030100-00: K@0.85 → NO@0.15
2026-02-03T05:49:45.399316 [ 1562s] BTC: $78,421.77 (+0.019%) | Brackets: 1 | Open: 1 | Trades: 6 (13.8/hr) | P&L: $+2.80
2026-02-03T05:49:46.400335 [ 1563s] 🔍 DEBUG KXBTC15M-26FEB030100-00: K=0.85 ask=0.88 ttc=614s can_enter=True(ok)
2026-02-03T05:50:16.456657 [ 1593s] 🔍 DEBUG KXBTC15M-26FEB030100-00: K=0.82 ask=0.85 ttc=584s can_enter=True(ok)
2026-02-03T05:50:32.483001 [ 1609s] ✅ mean_reversion_high KXBTC15M-26FEB030100-00 CLOSE (PROFIT): $+0.90 | Total: $+3.70
2026-02-03T05:50:37.491195 [ 1614s] 📈 MR-HIGH KXBTC15M-26FEB030100-00: K@0.73 → NO@0.27
2026-02-03T05:50:45.505846 [ 1622s] BTC: $78,377.36 (-0.056%) | Brackets: 1 | Open: 1 | Trades: 7 (15.5/hr) | P&L: $+3.70
2026-02-03T05:50:46.507324 [ 1623s] 🔍 DEBUG KXBTC15M-26FEB030100-00: K=0.73 ask=0.76 ttc=553s can_enter=True(ok)
2026-02-03T05:51:02.531988 [ 1639s] ❌ mean_reversion_high KXBTC15M-26FEB030100-00 CLOSE (STOP(-25%)): $-0.70 | Total: $+3.00
2026-02-03T05:51:07.537979 [ 1644s] 📈 MR-HIGH KXBTC15M-26FEB030100-00: K@0.73 → NO@0.27
2026-02-03T05:51:07.538392 [ 1644s] ❌ mean_reversion_high KXBTC15M-26FEB030100-00 CLOSE (STOP(-25%)): $-0.70 | Total: $+2.30
2026-02-03T05:51:12.544517 [ 1649s] 📈 MR-HIGH KXBTC15M-26FEB030100-00: K@0.73 → NO@0.27
2026-02-03T05:51:12.544954 [ 1649s] ❌ mean_reversion_high KXBTC15M-26FEB030100-00 CLOSE (STOP(-25%)): $-0.70 | Total: $+1.60
2026-02-03T05:51:16.549051 [ 1653s] 🔍 DEBUG KXBTC15M-26FEB030100-00: K=0.73 ask=0.80 ttc=523s can_enter=False(cooldown)
2026-02-03T05:51:17.549688 [ 1654s] 📈 MR-HIGH KXBTC15M-26FEB030100-00: K@0.73 → NO@0.27
2026-02-03T05:51:17.550224 [ 1654s] ❌ mean_reversion_high KXBTC15M-26FEB030100-00 CLOSE (STOP(-25%)): $-0.70 | Total: $+0.90
2026-02-03T05:51:22.555081 [ 1659s] 📈 MR-HIGH KXBTC15M-26FEB030100-00: K@0.73 → NO@0.27
2026-02-03T05:51:22.555503 [ 1659s] ❌ mean_reversion_high KXBTC15M-26FEB030100-00 CLOSE (STOP(-25%)): $-0.70 | Total: $+0.20
2026-02-03T05:51:27.560387 [ 1664s] 📈 MR-HIGH KXBTC15M-26FEB030100-00: K@0.73 → NO@0.27
2026-02-03T05:51:27.560939 [ 1664s] ❌ mean_reversion_high KXBTC15M-26FEB030100-00 CLOSE (STOP(-25%)): $-0.70 | Total: $-0.50
2026-02-03T05:51:32.567684 [ 1669s] 📈 MR-HIGH KXBTC15M-26FEB030100-00: K@0.73 → NO@0.27
2026-02-03T05:51:32.568184 [ 1669s] ❌ mean_reversion_high KXBTC15M-26FEB030100-00 CLOSE (STOP(-25%)): $-0.70 | Total: $-1.20
2026-02-03T05:51:37.574935 [ 1674s] 📈 MR-HIGH KXBTC15M-26FEB030100-00: K@0.74 → NO@0.26
2026-02-03T05:51:45.590779 [ 1682s] BTC: $78,370.87 (-0.008%) | Brackets: 1 | Open: 1 | Trades: 14 (30.0/hr) | P&L: $-1.20
2026-02-03T05:51:46.591879 [ 1683s] 🔍 DEBUG KXBTC15M-26FEB030100-00: K=0.74 ask=0.78 ttc=493s can_enter=True(ok)
2026-02-03T05:52:16.645742 [ 1713s] 🔍 DEBUG KXBTC15M-26FEB030100-00: K=0.77 ask=0.79 ttc=463s can_enter=True(ok)
2026-02-03T05:52:33.679611 [ 1730s] ✅ mean_reversion_high KXBTC15M-26FEB030100-00 CLOSE (PROFIT): $+0.50 | Total: $-0.70
2026-02-03T05:52:38.686032 [ 1735s] 📈 MR-HIGH KXBTC15M-26FEB030100-00: K@0.66 → NO@0.34
2026-02-03T05:52:45.696439 [ 1742s] BTC: $78,364.05 (-0.009%) | Brackets: 1 | Open: 1 | Trades: 15 (31.0/hr) | P&L: $-0.70
2026-02-03T05:52:46.699242 [ 1743s] 🔍 DEBUG KXBTC15M-26FEB030100-00: K=0.66 ask=0.69 ttc=433s can_enter=True(ok)
2026-02-03T05:53:03.734170 [ 1760s] ❌ mean_reversion_high KXBTC15M-26FEB030100-00 CLOSE (STOP(-25%)): $-1.70 | Total: $-2.40
2026-02-03T05:53:08.743466 [ 1765s] 📈 MR-HIGH KXBTC15M-26FEB030100-00: K@0.80 → NO@0.20
2026-02-03T05:53:16.758992 [ 1773s] 🔍 DEBUG KXBTC15M-26FEB030100-00: K=0.80 ask=0.83 ttc=403s can_enter=True(ok)
2026-02-03T05:53:33.790362 [ 1790s] ❌ mean_reversion_high KXBTC15M-26FEB030100-00 CLOSE (STOP(-25%)): $-0.80 | Total: $-3.20
2026-02-03T05:53:39.797151 [ 1796s] 📈 MR-HIGH KXBTC15M-26FEB030100-00: K@0.85 → NO@0.15
2026-02-03T05:53:45.806724 [ 1802s] BTC: $78,373.62 (+0.012%) | Brackets: 1 | Open: 1 | Trades: 17 (34.0/hr) | P&L: $-3.20
2026-02-03T05:53:46.809568 [ 1803s] 🔍 DEBUG KXBTC15M-26FEB030100-00: K=0.85 ask=0.88 ttc=373s can_enter=True(ok)
2026-02-03T05:54:16.855153 [ 1833s] 🔍 DEBUG KXBTC15M-26FEB030100-00: K=0.84 ask=0.86 ttc=343s can_enter=True(ok)
2026-02-03T05:54:34.879093 [ 1851s] ✅ mean_reversion_high KXBTC15M-26FEB030100-00 CLOSE (PROFIT): $+0.80 | Total: $-2.40
2026-02-03T05:54:39.886913 [ 1856s] 📈 MR-HIGH KXBTC15M-26FEB030100-00: K@0.73 → NO@0.27
2026-02-03T05:54:45.898138 [ 1862s] BTC: $78,348.41 (-0.029%) | Brackets: 1 | Open: 1 | Trades: 18 (34.8/hr) | P&L: $-2.40
2026-02-03T05:54:46.900116 [ 1863s] 🔍 DEBUG KXBTC15M-26FEB030100-00: K=0.73 ask=0.77 ttc=313s can_enter=True(ok)
2026-02-03T05:55:04.939080 [ 1881s] ✅ mean_reversion_high KXBTC15M-26FEB030100-00 CLOSE (PROFIT): $+0.90 | Total: $-1.50
2026-02-03T05:55:09.945203 [ 1886s] 📈 MR-HIGH KXBTC15M-26FEB030100-00: K@0.62 → NO@0.38
2026-02-03T05:55:16.955459 [ 1893s] 🔍 DEBUG KXBTC15M-26FEB030100-00: K=0.62 ask=0.64 ttc=283s can_enter=True(ok)
2026-02-03T05:55:34.983469 [ 1911s] ✅ mean_reversion_high KXBTC15M-26FEB030100-00 CLOSE (PROFIT): $+3.00 | Total: $+1.50
2026-02-03T05:55:45.997298 [ 1922s] BTC: $78,285.22 (-0.081%) | Brackets: 1 | Open: 0 | Trades: 20 (37.5/hr) | P&L: $+1.50
2026-02-03T05:55:46.999483 [ 1923s] 🔍 DEBUG KXBTC15M-26FEB030100-00: K=0.28 ask=0.32 ttc=253s can_enter=True(ok)
2026-02-03T05:56:17.036716 [ 1953s] 🔍 DEBUG KXBTC15M-26FEB030100-00: K=0.34 ask=0.37 ttc=223s can_enter=True(ok)
2026-02-03T05:56:46.072003 [ 1982s] BTC: $78,294.77 (+0.012%) | Brackets: 1 | Open: 0 | Trades: 20 (36.3/hr) | P&L: $+1.50
2026-02-03T05:56:47.073690 [ 1983s] 🔍 DEBUG KXBTC15M-26FEB030100-00: K=0.36 ask=0.38 ttc=193s can_enter=True(ok)
2026-02-03T05:57:17.122057 [ 2013s] 🔍 DEBUG KXBTC15M-26FEB030100-00: K=0.42 ask=0.46 ttc=163s can_enter=True(ok)
2026-02-03T05:57:46.156833 [ 2042s] BTC: $78,295.52 (+0.001%) | Brackets: 1 | Open: 0 | Trades: 20 (35.3/hr) | P&L: $+1.50
2026-02-03T05:57:47.158767 [ 2043s] 🔍 DEBUG KXBTC15M-26FEB030100-00: K=0.37 ask=0.41 ttc=133s can_enter=True(ok)
2026-02-03T05:58:17.193949 [ 2073s] 🔍 DEBUG KXBTC15M-26FEB030100-00: K=0.02 ask=0.04 ttc=103s can_enter=False(too_close)
2026-02-03T05:58:46.224450 [ 2102s] BTC: $78,205.15 (+0.002%) | Brackets: 1 | Open: 0 | Trades: 20 (34.3/hr) | P&L: $+1.50
2026-02-03T05:58:47.225375 [ 2103s] 🔍 DEBUG KXBTC15M-26FEB030100-00: K=0.02 ask=0.03 ttc=73s can_enter=False(too_close)
2026-02-03T05:59:17.258424 [ 2133s] 🔍 DEBUG KXBTC15M-26FEB030100-00: K=0.01 ask=0.02 ttc=43s can_enter=False(too_close)
2026-02-03T05:59:46.295986 [ 2162s] BTC: $78,180.44 (-0.033%) | Brackets: 1 | Open: 0 | Trades: 20 (33.3/hr) | P&L: $+1.50
2026-02-03T05:59:47.297304 [ 2163s] 🔍 DEBUG KXBTC15M-26FEB030100-00: K=0.00 ask=0.02 ttc=13s can_enter=False(too_close)
2026-02-03T06:00:17.335865 [ 2194s] 🔍 DEBUG KXBTC15M-26FEB030115-15: K=0.45 ask=0.55 ttc=883s can_enter=False(spread_wide)
2026-02-03T06:00:46.378327 [ 2223s] BTC: $78,200.38 (+0.025%) | Brackets: 2 | Open: 0 | Trades: 20 (32.4/hr) | P&L: $+1.50
2026-02-03T06:00:47.379238 [ 2224s] 🔍 DEBUG KXBTC15M-26FEB030115-15: K=0.50 ask=0.53 ttc=853s can_enter=True(ok)
2026-02-03T06:01:17.415036 [ 2254s] 🔍 DEBUG KXBTC15M-26FEB030115-15: K=0.50 ask=0.51 ttc=823s can_enter=True(ok)
2026-02-03T06:01:46.452752 [ 2283s] BTC: $78,168.95 (-0.040%) | Brackets: 1 | Open: 0 | Trades: 20 (31.5/hr) | P&L: $+1.50
2026-02-03T06:01:47.453727 [ 2284s] 🔍 DEBUG KXBTC15M-26FEB030115-15: K=0.45 ask=0.48 ttc=793s can_enter=True(ok)
2026-02-03T06:02:17.489529 [ 2314s] 🔍 DEBUG KXBTC15M-26FEB030115-15: K=0.35 ask=0.38 ttc=763s can_enter=True(ok)
2026-02-03T06:02:46.525071 [ 2343s] BTC: $78,185.48 (+0.018%) | Brackets: 1 | Open: 0 | Trades: 20 (30.7/hr) | P&L: $+1.50
2026-02-03T06:02:47.526391 [ 2344s] 🔍 DEBUG KXBTC15M-26FEB030115-15: K=0.50 ask=0.53 ttc=732s can_enter=True(ok)
2026-02-03T06:03:17.568647 [ 2374s] 🔍 DEBUG KXBTC15M-26FEB030115-15: K=0.65 ask=0.68 ttc=702s can_enter=True(ok)
2026-02-03T06:03:30.586089 [ 2387s] 📈 MR-HIGH KXBTC15M-26FEB030115-15: K@0.65 → NO@0.35
2026-02-03T06:03:46.613481 [ 2403s] BTC: $78,224.60 (+0.041%) | Brackets: 1 | Open: 1 | Trades: 20 (30.0/hr) | P&L: $+1.50
2026-02-03T06:03:47.614665 [ 2404s] 🔍 DEBUG KXBTC15M-26FEB030115-15: K=0.60 ask=0.64 ttc=672s can_enter=True(ok)
2026-02-03T06:04:09.651284 [ 2426s] ✅ mean_reversion_high KXBTC15M-26FEB030115-15 CLOSE (PROFIT): $+1.60 | Total: $+3.10
2026-02-03T06:04:17.659436 [ 2434s] 🔍 DEBUG KXBTC15M-26FEB030115-15: K=0.48 ask=0.49 ttc=642s can_enter=True(ok)
2026-02-03T06:04:46.695456 [ 2463s] BTC: $78,187.94 (-0.046%) | Brackets: 1 | Open: 0 | Trades: 21 (30.7/hr) | P&L: $+3.10
2026-02-03T06:04:47.697334 [ 2464s] 🔍 DEBUG KXBTC15M-26FEB030115-15: K=0.43 ask=0.47 ttc=612s can_enter=True(ok)
2026-02-03T06:05:17.745323 [ 2494s] 🔍 DEBUG KXBTC15M-26FEB030115-15: K=0.38 ask=0.49 ttc=582s can_enter=False(spread_wide)
2026-02-03T06:05:46.783945 [ 2523s] BTC: $78,106.48 (-0.106%) | Brackets: 1 | Open: 0 | Trades: 21 (30.0/hr) | P&L: $+3.10
2026-02-03T06:05:47.785470 [ 2524s] 🔍 DEBUG KXBTC15M-26FEB030115-15: K=0.35 ask=0.36 ttc=552s can_enter=True(ok)
2026-02-03T06:06:17.822274 [ 2554s] 🔍 DEBUG KXBTC15M-26FEB030115-15: K=0.35 ask=0.40 ttc=522s can_enter=True(ok)
2026-02-03T06:06:46.877039 [ 2583s] BTC: $78,105.74 (-0.001%) | Brackets: 1 | Open: 0 | Trades: 21 (29.3/hr) | P&L: $+3.10
2026-02-03T06:06:47.878975 [ 2584s] 🔍 DEBUG KXBTC15M-26FEB030115-15: K=0.25 ask=0.28 ttc=492s can_enter=True(ok)
2026-02-03T06:07:17.921073 [ 2614s] 🔍 DEBUG KXBTC15M-26FEB030115-15: K=0.12 ask=0.15 ttc=462s can_enter=True(ok)
2026-02-03T06:07:46.952773 [ 2643s] BTC: $77,928.70 (-0.089%) | Brackets: 1 | Open: 0 | Trades: 21 (28.6/hr) | P&L: $+3.10
2026-02-03T06:07:47.954438 [ 2644s] 🔍 DEBUG KXBTC15M-26FEB030115-15: K=0.05 ask=0.07 ttc=432s can_enter=True(ok)
2026-02-03T06:08:17.992652 [ 2674s] 🔍 DEBUG KXBTC15M-26FEB030115-15: K=0.02 ask=0.05 ttc=402s can_enter=True(ok)
2026-02-03T06:08:47.039546 [ 2703s] BTC: $77,932.61 (+0.000%) | Brackets: 1 | Open: 0 | Trades: 21 (28.0/hr) | P&L: $+3.10
2026-02-03T06:08:48.040460 [ 2704s] 🔍 DEBUG KXBTC15M-26FEB030115-15: K=0.03 ask=0.04 ttc=372s can_enter=True(ok)
2026-02-03T06:09:18.078243 [ 2734s] 🔍 DEBUG KXBTC15M-26FEB030115-15: K=0.03 ask=0.06 ttc=342s can_enter=True(ok)
2026-02-03T06:09:47.119887 [ 2763s] BTC: $77,947.21 (-0.014%) | Brackets: 1 | Open: 0 | Trades: 21 (27.4/hr) | P&L: $+3.10
2026-02-03T06:09:48.121256 [ 2764s] 🔍 DEBUG KXBTC15M-26FEB030115-15: K=0.03 ask=0.05 ttc=312s can_enter=True(ok)
2026-02-03T06:10:18.164272 [ 2794s] 🔍 DEBUG KXBTC15M-26FEB030115-15: K=0.04 ask=0.07 ttc=282s can_enter=True(ok)
2026-02-03T06:10:47.218414 [ 2823s] BTC: $77,977.08 (+0.035%) | Brackets: 1 | Open: 0 | Trades: 21 (26.8/hr) | P&L: $+3.10
2026-02-03T06:10:48.220012 [ 2824s] 🔍 DEBUG KXBTC15M-26FEB030115-15: K=0.03 ask=0.06 ttc=252s can_enter=True(ok)
2026-02-03T06:11:18.261952 [ 2854s] 🔍 DEBUG KXBTC15M-26FEB030115-15: K=0.03 ask=0.05 ttc=222s can_enter=True(ok)
2026-02-03T06:11:47.300931 [ 2883s] BTC: $78,038.10 (+0.076%) | Brackets: 1 | Open: 0 | Trades: 21 (26.2/hr) | P&L: $+3.10
2026-02-03T06:11:48.301751 [ 2884s] 🔍 DEBUG KXBTC15M-26FEB030115-15: K=0.04 ask=0.09 ttc=192s can_enter=True(ok)
2026-02-03T06:12:18.348057 [ 2915s] 🔍 DEBUG KXBTC15M-26FEB030115-15: K=0.02 ask=0.03 ttc=162s can_enter=True(ok)
2026-02-03T06:12:47.401340 [ 2944s] BTC: $78,056.60 (+0.021%) | Brackets: 1 | Open: 0 | Trades: 21 (25.7/hr) | P&L: $+3.10
2026-02-03T06:12:48.402150 [ 2945s] 🔍 DEBUG KXBTC15M-26FEB030115-15: K=0.02 ask=0.03 ttc=132s can_enter=True(ok)
2026-02-03T06:13:18.444247 [ 2975s] 🔍 DEBUG KXBTC15M-26FEB030115-15: K=0.01 ask=0.04 ttc=102s can_enter=False(too_close)
2026-02-03T06:13:47.487391 [ 3004s] BTC: $78,064.68 (+0.010%) | Brackets: 1 | Open: 0 | Trades: 21 (25.2/hr) | P&L: $+3.10
2026-02-03T06:13:48.490233 [ 3005s] 🔍 DEBUG KXBTC15M-26FEB030115-15: K=0.00 ask=0.01 ttc=72s can_enter=False(too_close)
2026-02-03T06:14:18.531751 [ 3035s] 🔍 DEBUG KXBTC15M-26FEB030115-15: K=0.00 ask=0.01 ttc=41s can_enter=False(too_close)
2026-02-03T06:14:47.576107 [ 3064s] BTC: $78,023.69 (-0.053%) | Brackets: 1 | Open: 0 | Trades: 21 (24.7/hr) | P&L: $+3.10
2026-02-03T06:14:48.577218 [ 3065s] 🔍 DEBUG KXBTC15M-26FEB030115-15: K=0.00 ask=0.01 ttc=11s can_enter=False(too_close)
2026-02-03T06:15:18.614863 [ 3095s] 🔍 DEBUG KXBTC15M-26FEB030130-30: K=0.49 ask=0.51 ttc=881s can_enter=True(ok)
2026-02-03T06:15:47.655921 [ 3124s] BTC: $78,065.80 (+0.054%) | Brackets: 1 | Open: 0 | Trades: 21 (24.2/hr) | P&L: $+3.10
2026-02-03T06:15:48.657556 [ 3125s] 🔍 DEBUG KXBTC15M-26FEB030130-30: K=0.57 ask=0.62 ttc=851s can_enter=True(ok)
2026-02-03T06:16:18.700010 [ 3155s] 🔍 DEBUG KXBTC15M-26FEB030130-30: K=0.41 ask=0.45 ttc=821s can_enter=True(ok)
2026-02-03T06:16:47.736566 [ 3184s] BTC: $78,052.14 (-0.013%) | Brackets: 1 | Open: 0 | Trades: 21 (23.7/hr) | P&L: $+3.10
2026-02-03T06:16:48.737369 [ 3185s] 🔍 DEBUG KXBTC15M-26FEB030130-30: K=0.56 ask=0.59 ttc=791s can_enter=True(ok)
2026-02-03T06:17:18.777524 [ 3215s] 🔍 DEBUG KXBTC15M-26FEB030130-30: K=0.48 ask=0.51 ttc=761s can_enter=True(ok)
2026-02-03T06:17:47.814248 [ 3244s] BTC: $78,037.64 (-0.019%) | Brackets: 1 | Open: 0 | Trades: 21 (23.3/hr) | P&L: $+3.10
2026-02-03T06:17:48.815287 [ 3245s] 🔍 DEBUG KXBTC15M-26FEB030130-30: K=0.51 ask=0.55 ttc=731s can_enter=True(ok)
2026-02-03T06:18:18.856193 [ 3275s] 🔍 DEBUG KXBTC15M-26FEB030130-30: K=0.67 ask=0.69 ttc=701s can_enter=True(ok)
2026-02-03T06:18:47.896382 [ 3304s] BTC: $78,091.06 (+0.066%) | Brackets: 1 | Open: 0 | Trades: 21 (22.9/hr) | P&L: $+3.10
2026-02-03T06:18:48.898348 [ 3305s] 🔍 DEBUG KXBTC15M-26FEB030130-30: K=0.70 ask=0.74 ttc=671s can_enter=True(ok)
2026-02-03T06:19:18.938292 [ 3335s] 🔍 DEBUG KXBTC15M-26FEB030130-30: K=0.83 ask=0.84 ttc=641s can_enter=True(ok)
2026-02-03T06:19:47.972457 [ 3364s] BTC: $78,255.32 (+0.162%) | Brackets: 1 | Open: 0 | Trades: 21 (22.5/hr) | P&L: $+3.10
2026-02-03T06:19:48.974262 [ 3365s] 🔍 DEBUG KXBTC15M-26FEB030130-30: K=0.90 ask=0.92 ttc=611s can_enter=True(ok)
2026-02-03T06:20:19.026196 [ 3395s] 🔍 DEBUG KXBTC15M-26FEB030130-30: K=0.90 ask=0.92 ttc=581s can_enter=True(ok)
2026-02-03T06:20:45.057331 [ 3421s] 📈 MR-HIGH KXBTC15M-26FEB030130-30: K@0.90 → NO@0.10
2026-02-03T06:20:48.064141 [ 3424s] ❌ mean_reversion_high KXBTC15M-26FEB030130-30 CLOSE (STOP(-25%)): $-0.60 | Total: $+2.50
2026-02-03T06:20:48.064214 [ 3424s] BTC: $78,281.44 (+0.034%) | Brackets: 1 | Open: 0 | Trades: 22 (23.1/hr) | P&L: $+2.50
2026-02-03T06:20:49.065575 [ 3425s] 🔍 DEBUG KXBTC15M-26FEB030130-30: K=0.94 ask=0.96 ttc=551s can_enter=False(cooldown)
2026-02-03T06:20:53.070696 [ 3429s] 📈 MR-HIGH KXBTC15M-26FEB030130-30: K@0.94 → NO@0.06
2026-02-03T06:20:53.071136 [ 3429s] ❌ mean_reversion_high KXBTC15M-26FEB030130-30 CLOSE (STOP(-25%)): $-0.20 | Total: $+2.30
2026-02-03T06:20:58.076905 [ 3434s] 📈 MR-HIGH KXBTC15M-26FEB030130-30: K@0.94 → NO@0.06
2026-02-03T06:20:58.077435 [ 3434s] ❌ mean_reversion_high KXBTC15M-26FEB030130-30 CLOSE (STOP(-25%)): $-0.20 | Total: $+2.10
2026-02-03T06:21:03.090417 [ 3439s] 📈 MR-HIGH KXBTC15M-26FEB030130-30: K@0.94 → NO@0.06
2026-02-03T06:21:03.090868 [ 3439s] ❌ mean_reversion_high KXBTC15M-26FEB030130-30 CLOSE (STOP(-25%)): $-0.20 | Total: $+1.90
2026-02-03T06:21:08.096524 [ 3444s] 📈 MR-HIGH KXBTC15M-26FEB030130-30: K@0.94 → NO@0.06
2026-02-03T06:21:08.097144 [ 3444s] ❌ mean_reversion_high KXBTC15M-26FEB030130-30 CLOSE (STOP(-25%)): $-0.20 | Total: $+1.70
2026-02-03T06:21:13.105021 [ 3449s] 📈 MR-HIGH KXBTC15M-26FEB030130-30: K@0.94 → NO@0.06
2026-02-03T06:21:13.105538 [ 3449s] ❌ mean_reversion_high KXBTC15M-26FEB030130-30 CLOSE (STOP(-25%)): $-0.20 | Total: $+1.50
2026-02-03T06:21:18.110200 [ 3454s] 📈 MR-HIGH KXBTC15M-26FEB030130-30: K@0.90 → NO@0.10
2026-02-03T06:21:18.110738 [ 3454s] ❌ mean_reversion_high KXBTC15M-26FEB030130-30 CLOSE (STOP(-25%)): $-0.30 | Total: $+1.20
2026-02-03T06:21:19.111160 [ 3455s] 🔍 DEBUG KXBTC15M-26FEB030130-30: K=0.90 ask=0.93 ttc=521s can_enter=False(cooldown)
2026-02-03T06:21:23.117212 [ 3459s] 📈 MR-HIGH KXBTC15M-26FEB030130-30: K@0.90 → NO@0.10
2026-02-03T06:21:23.117747 [ 3459s] ❌ mean_reversion_high KXBTC15M-26FEB030130-30 CLOSE (STOP(-25%)): $-0.30 | Total: $+0.90
2026-02-03T06:21:28.122378 [ 3464s] 📈 MR-HIGH KXBTC15M-26FEB030130-30: K@0.90 → NO@0.10
2026-02-03T06:21:28.122962 [ 3464s] ❌ mean_reversion_high KXBTC15M-26FEB030130-30 CLOSE (STOP(-25%)): $-0.30 | Total: $+0.60
2026-02-03T06:21:33.133127 [ 3469s] 📈 MR-HIGH KXBTC15M-26FEB030130-30: K@0.90 → NO@0.10
2026-02-03T06:21:33.133568 [ 3469s] ❌ mean_reversion_high KXBTC15M-26FEB030130-30 CLOSE (STOP(-25%)): $-0.30 | Total: $+0.30
2026-02-03T06:21:38.140550 [ 3474s] 📈 MR-HIGH KXBTC15M-26FEB030130-30: K@0.90 → NO@0.10
2026-02-03T06:21:38.141007 [ 3474s] ❌ mean_reversion_high KXBTC15M-26FEB030130-30 CLOSE (STOP(-25%)): $-0.30 | Total: $-0.00
2026-02-03T06:21:43.147711 [ 3479s] 📈 MR-HIGH KXBTC15M-26FEB030130-30: K@0.90 → NO@0.10
2026-02-03T06:21:43.148254 [ 3479s] ❌ mean_reversion_high KXBTC15M-26FEB030130-30 CLOSE (STOP(-25%)): $-0.30 | Total: $-0.30
2026-02-03T06:21:48.155892 [ 3484s] 📈 MR-HIGH KXBTC15M-26FEB030130-30: K@0.93 → NO@0.07
2026-02-03T06:21:48.156488 [ 3484s] ❌ mean_reversion_high KXBTC15M-26FEB030130-30 CLOSE (STOP(-25%)): $-0.20 | Total: $-0.50
2026-02-03T06:21:48.156569 [ 3484s] BTC: $78,280.10 (+0.018%) | Brackets: 1 | Open: 0 | Trades: 34 (35.1/hr) | P&L: $-0.50
2026-02-03T06:21:49.157324 [ 3485s] 🔍 DEBUG KXBTC15M-26FEB030130-30: K=0.93 ask=0.95 ttc=491s can_enter=False(cooldown)
2026-02-03T06:21:53.161884 [ 3489s] 📈 MR-HIGH KXBTC15M-26FEB030130-30: K@0.93 → NO@0.07
2026-02-03T06:21:53.162434 [ 3489s] ❌ mean_reversion_high KXBTC15M-26FEB030130-30 CLOSE (STOP(-25%)): $-0.20 | Total: $-0.70
2026-02-03T06:22:19.192343 [ 3515s] 🔍 DEBUG KXBTC15M-26FEB030130-30: K=0.95 ask=0.97 ttc=461s can_enter=True(ok)
2026-02-03T06:22:34.208114 [ 3530s] 📈 MR-HIGH KXBTC15M-26FEB030130-30: K@0.95 → NO@0.05
2026-02-03T06:22:34.208545 [ 3530s] ❌ mean_reversion_high KXBTC15M-26FEB030130-30 CLOSE (STOP(-25%)): $-0.20 | Total: $-0.90
2026-02-03T06:22:39.214575 [ 3535s] 📈 MR-HIGH KXBTC15M-26FEB030130-30: K@0.95 → NO@0.05
2026-02-03T06:22:39.215066 [ 3535s] ❌ mean_reversion_high KXBTC15M-26FEB030130-30 CLOSE (STOP(-25%)): $-0.20 | Total: $-1.10
2026-02-03T06:22:44.220111 [ 3540s] 📈 MR-HIGH KXBTC15M-26FEB030130-30: K@0.95 → NO@0.05
2026-02-03T06:22:44.220544 [ 3540s] ❌ mean_reversion_high KXBTC15M-26FEB030130-30 CLOSE (STOP(-25%)): $-0.20 | Total: $-1.30
2026-02-03T06:22:48.225451 [ 3544s] BTC: $78,306.61 (+0.005%) | Brackets: 1 | Open: 0 | Trades: 38 (38.6/hr) | P&L: $-1.30
2026-02-03T06:22:49.227299 [ 3545s] 🔍 DEBUG KXBTC15M-26FEB030130-30: K=0.95 ask=0.97 ttc=431s can_enter=True(ok)
2026-02-03T06:22:49.229094 [ 3545s] 📈 MR-HIGH KXBTC15M-26FEB030130-30: K@0.95 → NO@0.05
2026-02-03T06:22:49.229833 [ 3545s] ❌ mean_reversion_high KXBTC15M-26FEB030130-30 CLOSE (STOP(-25%)): $-0.20 | Total: $-1.50
2026-02-03T06:22:54.235171 [ 3550s] 📈 MR-HIGH KXBTC15M-26FEB030130-30: K@0.95 → NO@0.05
2026-02-03T06:22:54.235579 [ 3550s] ❌ mean_reversion_high KXBTC15M-26FEB030130-30 CLOSE (STOP(-25%)): $-0.20 | Total: $-1.70
2026-02-03T06:22:59.241991 [ 3555s] 📈 MR-HIGH KXBTC15M-26FEB030130-30: K@0.95 → NO@0.05
2026-02-03T06:22:59.242450 [ 3555s] ❌ mean_reversion_high KXBTC15M-26FEB030130-30 CLOSE (STOP(-25%)): $-0.20 | Total: $-1.90
2026-02-03T06:23:04.250685 [ 3560s] 📈 MR-HIGH KXBTC15M-26FEB030130-30: K@0.95 → NO@0.05
2026-02-03T06:23:04.251223 [ 3560s] ❌ mean_reversion_high KXBTC15M-26FEB030130-30 CLOSE (STOP(-25%)): $-0.20 | Total: $-2.10
2026-02-03T06:23:09.257188 [ 3565s] 📈 MR-HIGH KXBTC15M-26FEB030130-30: K@0.95 → NO@0.05
2026-02-03T06:23:09.257684 [ 3565s] ❌ mean_reversion_high KXBTC15M-26FEB030130-30 CLOSE (STOP(-25%)): $-0.20 | Total: $-2.30
2026-02-03T06:23:14.267633 [ 3570s] 📈 MR-HIGH KXBTC15M-26FEB030130-30: K@0.95 → NO@0.05
2026-02-03T06:23:14.268195 [ 3570s] ❌ mean_reversion_high KXBTC15M-26FEB030130-30 CLOSE (STOP(-25%)): $-0.20 | Total: $-2.50
2026-02-03T06:23:19.274923 [ 3575s] 🔍 DEBUG KXBTC15M-26FEB030130-30: K=0.95 ask=0.98 ttc=401s can_enter=True(ok)
2026-02-03T06:23:19.274986 [ 3575s] 📈 MR-HIGH KXBTC15M-26FEB030130-30: K@0.95 → NO@0.05
2026-02-03T06:23:19.275409 [ 3575s] ❌ mean_reversion_high KXBTC15M-26FEB030130-30 CLOSE (STOP(-25%)): $-0.30 | Total: $-2.80
2026-02-03T06:23:24.282128 [ 3580s] 📈 MR-HIGH KXBTC15M-26FEB030130-30: K@0.95 → NO@0.05
2026-02-03T06:23:24.282455 [ 3580s] ❌ mean_reversion_high KXBTC15M-26FEB030130-30 CLOSE (STOP(-25%)): $-0.30 | Total: $-3.10
2026-02-03T06:23:29.289178 [ 3585s] 📈 MR-HIGH KXBTC15M-26FEB030130-30: K@0.95 → NO@0.05
2026-02-03T06:23:29.289640 [ 3585s] ❌ mean_reversion_high KXBTC15M-26FEB030130-30 CLOSE (STOP(-25%)): $-0.30 | Total: $-3.40
2026-02-03T06:23:34.294224 [ 3590s] 📈 MR-HIGH KXBTC15M-26FEB030130-30: K@0.95 → NO@0.05
2026-02-03T06:23:34.294650 [ 3590s] ❌ mean_reversion_high KXBTC15M-26FEB030130-30 CLOSE (STOP(-25%)): $-0.30 | Total: $-3.70
2026-02-03T06:23:39.300010 [ 3595s] 📈 MR-HIGH KXBTC15M-26FEB030130-30: K@0.95 → NO@0.05
2026-02-03T06:23:39.300516 [ 3595s] ❌ mean_reversion_high KXBTC15M-26FEB030130-30 CLOSE (STOP(-25%)): $-0.30 | Total: $-4.00
2026-02-03T06:23:44.306618 [ 3600s] 📈 MR-HIGH KXBTC15M-26FEB030130-30: K@0.95 → NO@0.05
2026-02-03T06:23:44.307061 [ 3600s] ❌ mean_reversion_high KXBTC15M-26FEB030130-30 CLOSE (STOP(-25%)): $-0.30 | Total: $-4.30
2026-02-03T06:23:48.312360 [ 3605s] BTC: $78,278.88 (-0.035%) | Brackets: 1 | Open: 0 | Trades: 50 (49.9/hr) | P&L: $-4.30
2026-02-03T06:23:49.315025 [ 3606s] 🔍 DEBUG KXBTC15M-26FEB030130-30: K=0.95 ask=0.96 ttc=371s can_enter=True(ok)
2026-02-03T06:23:49.315109 [ 3606s] 📈 MR-HIGH KXBTC15M-26FEB030130-30: K@0.95 → NO@0.05
2026-02-03T06:24:19.361866 [ 3636s] 🔍 DEBUG KXBTC15M-26FEB030130-30: K=0.95 ask=0.98 ttc=341s can_enter=True(ok)
2026-02-03T06:24:19.362371 [ 3636s] ❌ mean_reversion_high KXBTC15M-26FEB030130-30 CLOSE (STOP(-25%)): $-0.30 | Total: $-4.60
2026-02-03T06:24:24.369161 [ 3641s] 📈 MR-HIGH KXBTC15M-26FEB030130-30: K@0.95 → NO@0.05
2026-02-03T06:24:24.369705 [ 3641s] ❌ mean_reversion_high KXBTC15M-26FEB030130-30 CLOSE (STOP(-25%)): $-0.30 | Total: $-4.90
2026-02-03T06:24:29.375157 [ 3646s] 📈 MR-HIGH KXBTC15M-26FEB030130-30: K@0.95 → NO@0.05
2026-02-03T06:24:29.375558 [ 3646s] ❌ mean_reversion_high KXBTC15M-26FEB030130-30 CLOSE (STOP(-25%)): $-0.30 | Total: $-5.20
2026-02-03T06:24:34.382874 [ 3651s] 📈 MR-HIGH KXBTC15M-26FEB030130-30: K@0.95 → NO@0.05
2026-02-03T06:24:34.383364 [ 3651s] ❌ mean_reversion_high KXBTC15M-26FEB030130-30 CLOSE (STOP(-25%)): $-0.30 | Total: $-5.50
2026-02-03T06:24:39.390635 [ 3656s] 📈 MR-HIGH KXBTC15M-26FEB030130-30: K@0.95 → NO@0.05
2026-02-03T06:24:39.391187 [ 3656s] ❌ mean_reversion_high KXBTC15M-26FEB030130-30 CLOSE (STOP(-25%)): $-0.30 | Total: $-5.80
2026-02-03T06:24:44.396529 [ 3661s] 📈 MR-HIGH KXBTC15M-26FEB030130-30: K@0.95 → NO@0.05
2026-02-03T06:24:44.397288 [ 3661s] ❌ mean_reversion_high KXBTC15M-26FEB030130-30 CLOSE (STOP(-25%)): $-0.30 | Total: $-6.10
2026-02-03T06:24:48.401943 [ 3665s] BTC: $78,305.70 (+0.034%) | Brackets: 1 | Open: 0 | Trades: 56 (55.0/hr) | P&L: $-6.10
2026-02-03T06:24:49.402887 [ 3666s] 🔍 DEBUG KXBTC15M-26FEB030130-30: K=0.95 ask=0.98 ttc=311s can_enter=True(ok)
2026-02-03T06:24:49.402940 [ 3666s] 📈 MR-HIGH KXBTC15M-26FEB030130-30: K@0.95 → NO@0.05
2026-02-03T06:24:49.403204 [ 3666s] ❌ mean_reversion_high KXBTC15M-26FEB030130-30 CLOSE (STOP(-25%)): $-0.30 | Total: $-6.40
2026-02-03T06:24:54.409110 [ 3671s] 📈 MR-HIGH KXBTC15M-26FEB030130-30: K@0.96 → NO@0.04
2026-02-03T06:24:54.409571 [ 3671s] ❌ mean_reversion_high KXBTC15M-26FEB030130-30 CLOSE (STOP(-25%)): $-0.20 | Total: $-6.60
2026-02-03T06:24:59.415690 [ 3676s] 📈 MR-HIGH KXBTC15M-26FEB030130-30: K@0.96 → NO@0.04
2026-02-03T06:24:59.416772 [ 3676s] ❌ mean_reversion_high KXBTC15M-26FEB030130-30 CLOSE (STOP(-25%)): $-0.20 | Total: $-6.80
2026-02-03T06:25:04.422956 [ 3681s] 📈 MR-HIGH KXBTC15M-26FEB030130-30: K@0.96 → NO@0.04
2026-02-03T06:25:04.423389 [ 3681s] ❌ mean_reversion_high KXBTC15M-26FEB030130-30 CLOSE (STOP(-25%)): $-0.20 | Total: $-7.00
2026-02-03T06:25:09.431356 [ 3686s] 📈 MR-HIGH KXBTC15M-26FEB030130-30: K@0.96 → NO@0.04
2026-02-03T06:25:09.431763 [ 3686s] ❌ mean_reversion_high KXBTC15M-26FEB030130-30 CLOSE (STOP(-25%)): $-0.20 | Total: $-7.20
2026-02-03T06:25:14.437675 [ 3691s] 📈 MR-HIGH KXBTC15M-26FEB030130-30: K@0.96 → NO@0.04
2026-02-03T06:25:14.438209 [ 3691s] ❌ mean_reversion_high KXBTC15M-26FEB030130-30 CLOSE (STOP(-25%)): $-0.20 | Total: $-7.40
2026-02-03T06:25:19.444322 [ 3696s] 🔍 DEBUG KXBTC15M-26FEB030130-30: K=0.96 ask=0.98 ttc=281s can_enter=True(ok)
2026-02-03T06:25:19.444382 [ 3696s] 📈 MR-HIGH KXBTC15M-26FEB030130-30: K@0.96 → NO@0.04
2026-02-03T06:25:19.444876 [ 3696s] ❌ mean_reversion_high KXBTC15M-26FEB030130-30 CLOSE (STOP(-25%)): $-0.20 | Total: $-7.60
2026-02-03T06:25:24.449779 [ 3701s] 📈 MR-HIGH KXBTC15M-26FEB030130-30: K@0.97 → NO@0.03
2026-02-03T06:25:24.450221 [ 3701s] ❌ mean_reversion_high KXBTC15M-26FEB030130-30 CLOSE (STOP(-25%)): $-0.20 | Total: $-7.80
2026-02-03T06:25:29.457465 [ 3706s] 📈 MR-HIGH KXBTC15M-26FEB030130-30: K@0.97 → NO@0.03
2026-02-03T06:25:29.458006 [ 3706s] ❌ mean_reversion_high KXBTC15M-26FEB030130-30 CLOSE (STOP(-25%)): $-0.20 | Total: $-8.00
2026-02-03T06:25:34.463566 [ 3711s] 📈 MR-HIGH KXBTC15M-26FEB030130-30: K@0.97 → NO@0.03
2026-02-03T06:25:34.464097 [ 3711s] ❌ mean_reversion_high KXBTC15M-26FEB030130-30 CLOSE (STOP(-25%)): $-0.20 | Total: $-8.20
2026-02-03T06:25:39.470242 [ 3716s] 📈 MR-HIGH KXBTC15M-26FEB030130-30: K@0.97 → NO@0.03
2026-02-03T06:25:39.470672 [ 3716s] ❌ mean_reversion_high KXBTC15M-26FEB030130-30 CLOSE (STOP(-25%)): $-0.20 | Total: $-8.40
2026-02-03T06:25:44.477649 [ 3721s] 📈 MR-HIGH KXBTC15M-26FEB030130-30: K@0.97 → NO@0.03
2026-02-03T06:25:44.478201 [ 3721s] ❌ mean_reversion_high KXBTC15M-26FEB030130-30 CLOSE (STOP(-25%)): $-0.20 | Total: $-8.60
2026-02-03T06:25:48.483490 [ 3725s] BTC: $78,316.36 (+0.016%) | Brackets: 1 | Open: 0 | Trades: 68 (65.7/hr) | P&L: $-8.60
2026-02-03T06:25:49.484765 [ 3726s] 🔍 DEBUG KXBTC15M-26FEB030130-30: K=0.97 ask=0.99 ttc=251s can_enter=True(ok)
2026-02-03T06:25:49.484861 [ 3726s] 📈 MR-HIGH KXBTC15M-26FEB030130-30: K@0.97 → NO@0.03
2026-02-03T06:25:49.485400 [ 3726s] ❌ mean_reversion_high KXBTC15M-26FEB030130-30 CLOSE (STOP(-25%)): $-0.20 | Total: $-8.80
2026-02-03T06:25:54.491028 [ 3731s] 📈 MR-HIGH KXBTC15M-26FEB030130-30: K@0.99 → NO@0.01
2026-02-03T06:25:54.491497 [ 3731s] ❌ mean_reversion_high KXBTC15M-26FEB030130-30 CLOSE (STOP(-25%)): $-0.10 | Total: $-8.90
2026-02-03T06:25:59.497756 [ 3736s] 📈 MR-HIGH KXBTC15M-26FEB030130-30: K@0.99 → NO@0.01
2026-02-03T06:25:59.498601 [ 3736s] ❌ mean_reversion_high KXBTC15M-26FEB030130-30 CLOSE (STOP(-25%)): $-0.10 | Total: $-9.00
2026-02-03T06:26:04.506250 [ 3741s] 📈 MR-HIGH KXBTC15M-26FEB030130-30: K@0.99 → NO@0.01
2026-02-03T06:26:04.506628 [ 3741s] ❌ mean_reversion_high KXBTC15M-26FEB030130-30 CLOSE (STOP(-25%)): $-0.10 | Total: $-9.10
2026-02-03T06:26:09.512354 [ 3746s] 📈 MR-HIGH KXBTC15M-26FEB030130-30: K@0.99 → NO@0.01
2026-02-03T06:26:09.512862 [ 3746s] ❌ mean_reversion_high KXBTC15M-26FEB030130-30 CLOSE (STOP(-25%)): $-0.10 | Total: $-9.20
2026-02-03T06:26:14.518659 [ 3751s] 📈 MR-HIGH KXBTC15M-26FEB030130-30: K@0.99 → NO@0.01
2026-02-03T06:26:14.519601 [ 3751s] ❌ mean_reversion_high KXBTC15M-26FEB030130-30 CLOSE (STOP(-25%)): $-0.10 | Total: $-9.30
2026-02-03T06:26:19.525563 [ 3756s] 🔍 DEBUG KXBTC15M-26FEB030130-30: K=0.99 ask=1.00 ttc=220s can_enter=True(ok)
2026-02-03T06:26:19.525676 [ 3756s] 📈 MR-HIGH KXBTC15M-26FEB030130-30: K@0.99 → NO@0.01
2026-02-03T06:26:19.526197 [ 3756s] ❌ mean_reversion_high KXBTC15M-26FEB030130-30 CLOSE (STOP(-25%)): $-0.10 | Total: $-9.40
2026-02-03T06:26:24.532418 [ 3761s] 📈 MR-HIGH KXBTC15M-26FEB030130-30: K@0.99 → NO@0.01
2026-02-03T06:26:24.533085 [ 3761s] ❌ mean_reversion_high KXBTC15M-26FEB030130-30 CLOSE (STOP(-25%)): $-0.10 | Total: $-9.50
2026-02-03T06:26:29.540280 [ 3766s] 📈 MR-HIGH KXBTC15M-26FEB030130-30: K@0.99 → NO@0.01
2026-02-03T06:26:29.540737 [ 3766s] ❌ mean_reversion_high KXBTC15M-26FEB030130-30 CLOSE (STOP(-25%)): $-0.10 | Total: $-9.60
2026-02-03T06:26:34.548175 [ 3771s] 📈 MR-HIGH KXBTC15M-26FEB030130-30: K@0.99 → NO@0.01
2026-02-03T06:26:34.548587 [ 3771s] ❌ mean_reversion_high KXBTC15M-26FEB030130-30 CLOSE (STOP(-25%)): $-0.10 | Total: $-9.70
2026-02-03T06:26:39.554207 [ 3776s] 📈 MR-HIGH KXBTC15M-26FEB030130-30: K@0.99 → NO@0.01
2026-02-03T06:26:39.554646 [ 3776s] ❌ mean_reversion_high KXBTC15M-26FEB030130-30 CLOSE (STOP(-25%)): $-0.10 | Total: $-9.80
2026-02-03T06:26:44.563423 [ 3781s] 📈 MR-HIGH KXBTC15M-26FEB030130-30: K@0.99 → NO@0.01
2026-02-03T06:26:44.564283 [ 3781s] ❌ mean_reversion_high KXBTC15M-26FEB030130-30 CLOSE (STOP(-25%)): $-0.10 | Total: $-9.90
2026-02-03T06:26:48.570297 [ 3785s] BTC: $78,333.65 (+0.022%) | Brackets: 1 | Open: 0 | Trades: 80 (76.1/hr) | P&L: $-9.90
2026-02-03T06:26:49.571156 [ 3786s] 🔍 DEBUG KXBTC15M-26FEB030130-30: K=0.99 ask=1.00 ttc=190s can_enter=True(ok)
2026-02-03T06:26:49.571239 [ 3786s] 📈 MR-HIGH KXBTC15M-26FEB030130-30: K@0.99 → NO@0.01
2026-02-03T06:26:49.571713 [ 3786s] ❌ mean_reversion_high KXBTC15M-26FEB030130-30 CLOSE (STOP(-25%)): $-0.10 | Total: $-10.00
2026-02-03T06:26:54.578410 [ 3791s] 📈 MR-HIGH KXBTC15M-26FEB030130-30: K@0.99 → NO@0.01
2026-02-03T06:26:54.578873 [ 3791s] ❌ mean_reversion_high KXBTC15M-26FEB030130-30 CLOSE (STOP(-25%)): $-0.10 | Total: $-10.10
2026-02-03T06:26:59.586995 [ 3796s] 📈 MR-HIGH KXBTC15M-26FEB030130-30: K@0.99 → NO@0.01
2026-02-03T06:26:59.587426 [ 3796s] ❌ mean_reversion_high KXBTC15M-26FEB030130-30 CLOSE (STOP(-25%)): $-0.10 | Total: $-10.20
2026-02-03T06:27:04.597263 [ 3801s] 📈 MR-HIGH KXBTC15M-26FEB030130-30: K@0.99 → NO@0.01
2026-02-03T06:27:04.597706 [ 3801s] ❌ mean_reversion_high KXBTC15M-26FEB030130-30 CLOSE (STOP(-25%)): $-0.10 | Total: $-10.30
2026-02-03T06:27:09.604196 [ 3806s] 📈 MR-HIGH KXBTC15M-26FEB030130-30: K@0.99 → NO@0.01
2026-02-03T06:27:09.604678 [ 3806s] ❌ mean_reversion_high KXBTC15M-26FEB030130-30 CLOSE (STOP(-25%)): $-0.10 | Total: $-10.40
2026-02-03T06:27:14.610569 [ 3811s] 📈 MR-HIGH KXBTC15M-26FEB030130-30: K@0.99 → NO@0.01
2026-02-03T06:27:14.610900 [ 3811s] ❌ mean_reversion_high KXBTC15M-26FEB030130-30 CLOSE (STOP(-25%)): $-0.10 | Total: $-10.50
2026-02-03T06:27:19.619423 [ 3816s] 🔍 DEBUG KXBTC15M-26FEB030130-30: K=0.99 ask=1.00 ttc=160s can_enter=True(ok)
2026-02-03T06:27:19.619494 [ 3816s] 📈 MR-HIGH KXBTC15M-26FEB030130-30: K@0.99 → NO@0.01
2026-02-03T06:27:19.619877 [ 3816s] ❌ mean_reversion_high KXBTC15M-26FEB030130-30 CLOSE (STOP(-25%)): $-0.10 | Total: $-10.60
2026-02-03T06:27:24.626896 [ 3821s] 📈 MR-HIGH KXBTC15M-26FEB030130-30: K@0.99 → NO@0.01
2026-02-03T06:27:24.627369 [ 3821s] ❌ mean_reversion_high KXBTC15M-26FEB030130-30 CLOSE (STOP(-25%)): $-0.10 | Total: $-10.70
2026-02-03T06:27:29.634479 [ 3826s] 📈 MR-HIGH KXBTC15M-26FEB030130-30: K@0.99 → NO@0.01
2026-02-03T06:27:29.634958 [ 3826s] ❌ mean_reversion_high KXBTC15M-26FEB030130-30 CLOSE (STOP(-25%)): $-0.10 | Total: $-10.80
2026-02-03T06:27:34.642096 [ 3831s] 📈 MR-HIGH KXBTC15M-26FEB030130-30: K@0.99 → NO@0.01
2026-02-03T06:27:34.642474 [ 3831s] ❌ mean_reversion_high KXBTC15M-26FEB030130-30 CLOSE (STOP(-25%)): $-0.10 | Total: $-10.90
2026-02-03T06:27:39.647954 [ 3836s] 📈 MR-HIGH KXBTC15M-26FEB030130-30: K@0.99 → NO@0.01
2026-02-03T06:27:39.648357 [ 3836s] ❌ mean_reversion_high KXBTC15M-26FEB030130-30 CLOSE (STOP(-25%)): $-0.10 | Total: $-11.00
2026-02-03T06:27:44.655276 [ 3841s] 📈 MR-HIGH KXBTC15M-26FEB030130-30: K@0.99 → NO@0.01
2026-02-03T06:27:44.655752 [ 3841s] ❌ mean_reversion_high KXBTC15M-26FEB030130-30 CLOSE (STOP(-25%)): $-0.10 | Total: $-11.10
2026-02-03T06:27:48.663131 [ 3845s] BTC: $78,318.79 (-0.019%) | Brackets: 1 | Open: 0 | Trades: 92 (86.1/hr) | P&L: $-11.10
2026-02-03T06:27:49.666185 [ 3846s] 🔍 DEBUG KXBTC15M-26FEB030130-30: K=0.99 ask=1.00 ttc=130s can_enter=True(ok)
2026-02-03T06:27:49.666248 [ 3846s] 📈 MR-HIGH KXBTC15M-26FEB030130-30: K@0.99 → NO@0.01
2026-02-03T06:27:49.666701 [ 3846s] ❌ mean_reversion_high KXBTC15M-26FEB030130-30 CLOSE (STOP(-25%)): $-0.10 | Total: $-11.20
2026-02-03T06:27:54.674914 [ 3851s] 📈 MR-HIGH KXBTC15M-26FEB030130-30: K@0.99 → NO@0.01
2026-02-03T06:27:54.675461 [ 3851s] ❌ mean_reversion_high KXBTC15M-26FEB030130-30 CLOSE (STOP(-25%)): $-0.10 | Total: $-11.30
2026-02-03T06:27:59.682336 [ 3856s] 📈 MR-HIGH KXBTC15M-26FEB030130-30: K@0.99 → NO@0.01
2026-02-03T06:27:59.682916 [ 3856s] ❌ mean_reversion_high KXBTC15M-26FEB030130-30 CLOSE (STOP(-25%)): $-0.10 | Total: $-11.40
2026-02-03T06:28:19.705519 [ 3876s] 🔍 DEBUG KXBTC15M-26FEB030130-30: K=0.99 ask=1.00 ttc=100s can_enter=False(too_close)
2026-02-03T06:28:48.745368 [ 3905s] BTC: $78,373.76 (+0.070%) | Brackets: 1 | Open: 0 | Trades: 95 (87.6/hr) | P&L: $-11.40
2026-02-03T06:28:49.746224 [ 3906s] 🔍 DEBUG KXBTC15M-26FEB030130-30: K=0.99 ask=1.00 ttc=70s can_enter=False(too_close)
2026-02-03T06:29:19.781711 [ 3936s] 🔍 DEBUG KXBTC15M-26FEB030130-30: K=0.99 ask=1.00 ttc=40s can_enter=False(too_close)
2026-02-03T06:29:48.816601 [ 3965s] BTC: $78,466.03 (+0.031%) | Brackets: 1 | Open: 0 | Trades: 95 (86.3/hr) | P&L: $-11.40
2026-02-03T06:29:49.819088 [ 3966s] 🔍 DEBUG KXBTC15M-26FEB030130-30: K=0.99 ask=1.00 ttc=10s can_enter=False(too_close)
2026-02-03T06:30:19.860987 [ 3996s] 🔍 DEBUG KXBTC15M-26FEB030130-30: K=0.99 ask=1.00 ttc=-20s can_enter=False(too_close)
2026-02-03T06:30:48.895104 [ 4025s] BTC: $78,421.91 (-0.056%) | Brackets: 1 | Open: 0 | Trades: 95 (85.0/hr) | P&L: $-11.40
2026-02-03T06:30:49.896330 [ 4026s] 🔍 DEBUG KXBTC15M-26FEB030145-45: K=0.45 ask=0.55 ttc=850s can_enter=False(spread_wide)
2026-02-03T06:31:19.938681 [ 4056s] 🔍 DEBUG KXBTC15M-26FEB030145-45: K=0.33 ask=0.36 ttc=820s can_enter=True(ok)
2026-02-03T06:31:48.977378 [ 4085s] BTC: $78,439.80 (+0.023%) | Brackets: 1 | Open: 0 | Trades: 95 (83.7/hr) | P&L: $-11.40
2026-02-03T06:31:49.978521 [ 4086s] 🔍 DEBUG KXBTC15M-26FEB030145-45: K=0.35 ask=0.38 ttc=790s can_enter=True(ok)
2026-02-03T06:32:20.013231 [ 4116s] 🔍 DEBUG KXBTC15M-26FEB030145-45: K=0.35 ask=0.39 ttc=760s can_enter=True(ok)
2026-02-03T06:32:49.053135 [ 4145s] BTC: $78,415.36 (-0.027%) | Brackets: 1 | Open: 0 | Trades: 95 (82.5/hr) | P&L: $-11.40
2026-02-03T06:32:50.054234 [ 4146s] 🔍 DEBUG KXBTC15M-26FEB030145-45: K=0.28 ask=0.29 ttc=730s can_enter=True(ok)
2026-02-03T06:33:20.092114 [ 4176s] 🔍 DEBUG KXBTC15M-26FEB030145-45: K=0.31 ask=0.34 ttc=700s can_enter=True(ok)
2026-02-03T06:33:38.072367 
⚠️ SIGNAL: SIGTERM at 2026-02-03T06:33:38.072287
2026-02-03T06:33:38.124457 
======================================================================
v7 SUMMARY
======================================================================
Duration: 69min (1.2h)
Total Trades: 95
Trade Rate: 81.5/hr
P&L: $-11.40
Final Balance: $988.60

  mean_reversion_high:
    Trades: 95, Win Rate: 9%, P&L: $-11.40, Avg: $-0.120
======================================================================

