2026-02-04T05:40:01.612711 
======================================================================
v6 - RESEARCH-NOTES.md Improvements
======================================================================
Duration: 480min | Start: 05:40:01
Changes: BTC momentum filter, adaptive stop-loss, entry filters,
         mean reversion at extremes, market timing restrictions
Markets: 15min + Hourly
======================================================================

2026-02-04T05:41:01.690621 [   60s] BTC: $76,250.37 (4ex, +0.008%) | 15m: 0.06/0.08 | 1h: N/A | P&L: $+0.00 (0)
2026-02-04T05:42:01.763589 [  120s] BTC: $76,196.56 (4ex, -0.071%) | 15m: 0.01/0.04 | 1h: N/A | P&L: $+0.00 (0)
2026-02-04T05:43:01.832527 [  180s] BTC: $76,199.48 (4ex, +0.004%) | 15m: 0.00/0.02 | 1h: N/A | P&L: $+0.00 (0)
2026-02-04T05:44:01.902467 [  240s] BTC: $76,188.05 (4ex, -0.015%) | 15m: 0.00/0.01 | 1h: N/A | P&L: $+0.00 (0)
2026-02-04T05:45:01.623861 [  300s] 💾 Checkpoint
2026-02-04T05:45:01.959136 [  300s] BTC: $76,178.62 (4ex, -0.012%) | 15m: 0.00/0.01 | 1h: N/A | P&L: $+0.00 (0)
2026-02-04T05:45:34.995095 [  333s] 🔄 15M transition
2026-02-04T05:45:35.995836 [  334s] 🔄 15M transition
2026-02-04T05:45:36.997358 [  335s] 🔄 15M transition
2026-02-04T05:45:37.998474 [  336s] 🔄 15M transition
2026-02-04T05:45:39.000036 [  337s] 🔄 15M transition
2026-02-04T05:46:02.027199 [  360s] BTC: $76,190.64 (4ex, +0.018%) | 15m: 0.43/0.45 | 1h: N/A | P&L: $+0.00 (0)
2026-02-04T05:47:02.086574 [  420s] BTC: $76,228.77 (4ex, +0.050%) | 15m: 0.62/0.65 | 1h: N/A | P&L: $+0.00 (0)
2026-02-04T05:48:02.148575 [  480s] BTC: $76,208.32 (4ex, -0.027%) | 15m: 0.62/0.63 | 1h: N/A | P&L: $+0.00 (0)
2026-02-04T05:49:02.213063 [  540s] BTC: $76,198.64 (4ex, -0.013%) | 15m: 0.44/0.46 | 1h: N/A | P&L: $+0.00 (0)
2026-02-04T05:50:01.627247 [  600s] 💾 Checkpoint
2026-02-04T05:50:02.282214 [  600s] BTC: $76,202.33 (4ex, +0.005%) | 15m: 0.54/0.58 | 1h: N/A | P&L: $+0.00 (0)
2026-02-04T05:51:02.361147 [  660s] BTC: $76,227.34 (4ex, +0.033%) | 15m: 0.60/0.64 | 1h: N/A | P&L: $+0.00 (0)
2026-02-04T05:52:02.434213 [  720s] BTC: $76,183.42 (4ex, -0.058%) | 15m: 0.62/0.65 | 1h: N/A | P&L: $+0.00 (0)
2026-02-04T05:53:02.497092 [  780s] BTC: $76,124.41 (4ex, -0.001%) | 15m: 0.27/0.32 | 1h: N/A | P&L: $+0.00 (0)
2026-02-04T05:54:02.568839 [  840s] BTC: $76,057.76 (4ex, -0.082%) | 15m: 0.09/0.13 | 1h: N/A | P&L: $+0.00 (0)
2026-02-04T05:55:01.629329 [  900s] 💾 Checkpoint
2026-02-04T05:55:02.636135 [  901s] BTC: $76,057.84 (4ex, +0.008%) | 15m: 0.05/0.08 | 1h: N/A | P&L: $+0.00 (0)
2026-02-04T05:56:02.702702 [  961s] BTC: $76,102.20 (4ex, +0.014%) | 15m: 0.10/0.12 | 1h: N/A | P&L: $+0.00 (0)
2026-02-04T05:57:02.770419 [ 1021s] BTC: $76,125.97 (4ex, +0.034%) | 15m: 0.12/0.15 | 1h: N/A | P&L: $+0.00 (0)
2026-02-04T05:58:02.841837 [ 1081s] BTC: $76,162.31 (4ex, +0.048%) | 15m: 0.45/0.49 | 1h: N/A | P&L: $+0.00 (0)
2026-02-04T05:59:02.910877 [ 1141s] BTC: $76,171.06 (4ex, +0.011%) | 15m: 0.29/0.44 | 1h: N/A | P&L: $+0.00 (0)
2026-02-04T06:00:01.640078 [ 1200s] 💾 Checkpoint
2026-02-04T06:00:02.982372 [ 1201s] BTC: $76,207.18 (4ex, +0.047%) | 15m: 0.50/0.92 | 1h: N/A | P&L: $+0.00 (0)
2026-02-04T06:00:11.992645 [ 1210s] 🔄 15M transition
2026-02-04T06:00:12.995034 [ 1211s] 🔄 15M transition
2026-02-04T06:00:13.996224 [ 1212s] 🔄 15M transition
2026-02-04T06:00:14.996870 [ 1213s] 🔄 15M transition
2026-02-04T06:00:15.999129 [ 1214s] 🔄 15M transition
2026-02-04T06:01:03.052075 [ 1261s] BTC: $76,210.04 (4ex, -0.018%) | 15m: 0.55/0.61 | 1h: N/A | P&L: $+0.00 (0)
2026-02-04T06:02:03.123354 [ 1321s] BTC: $76,237.59 (4ex, +0.036%) | 15m: 0.53/0.57 | 1h: N/A | P&L: $+0.00 (0)
2026-02-04T06:03:03.192947 [ 1381s] BTC: $76,233.54 (4ex, -0.016%) | 15m: 0.71/0.73 | 1h: N/A | P&L: $+0.00 (0)
2026-02-04T06:04:03.263634 [ 1441s] BTC: $76,296.16 (4ex, +0.081%) | 15m: 0.78/0.80 | 1h: N/A | P&L: $+0.00 (0)
2026-02-04T06:04:23.329431 [ 1461s] 📈 15M MEAN-REV: K@0.83 (extreme high) + BTC stable → NO
2026-02-04T06:04:23.825587 [ 1461s] ✅ 15M mean_reversion_high CLOSE (PROFIT): $+0.30 | Total: $+0.30
2026-02-04T06:05:01.641928 [ 1500s] 💾 Checkpoint
2026-02-04T06:05:03.871688 [ 1502s] BTC: $76,329.24 (4ex, +0.043%) | 15m: 0.84/0.86 | 1h: N/A | P&L: $+0.30 (1)
2026-02-04T06:05:23.931323 [ 1522s] 📈 15M MEAN-REV: K@0.86 (extreme high) + BTC stable → NO
2026-02-04T06:05:24.433224 [ 1522s] ✅ 15M mean_reversion_high CLOSE (PROFIT): $+0.20 | Total: $+0.50
2026-02-04T06:06:04.489956 [ 1562s] BTC: $76,374.60 (4ex, +0.062%) | 15m: 0.87/0.92 | 1h: N/A | P&L: $+0.50 (2)
2026-02-04T06:06:41.564037 [ 1599s] 📈 15M MEAN-REV: K@0.92 (extreme high) + BTC stable → NO
2026-02-04T06:06:44.601592 [ 1602s] ✅ 15M mean_reversion_high CLOSE (PROFIT): $+0.20 | Total: $+0.70
2026-02-04T06:07:04.622875 [ 1623s] BTC: $76,385.20 (4ex, +0.014%) | 15m: 0.94/0.96 | 1h: N/A | P&L: $+0.70 (3)
2026-02-04T06:07:44.701830 [ 1663s] 📈 15M MEAN-REV: K@0.94 (extreme high) + BTC stable → NO
2026-02-04T06:07:45.200616 [ 1663s] ✅ 15M mean_reversion_high CLOSE (PROFIT): $+0.36 | Total: $+1.06
2026-02-04T06:08:05.228116 [ 1683s] BTC: $76,389.25 (4ex, +0.005%) | 15m: 0.94/0.97 | 1h: N/A | P&L: $+1.06 (4)
2026-02-04T06:08:45.308465 [ 1723s] 📈 15M MEAN-REV: K@0.96 (extreme high) + BTC stable → NO
2026-02-04T06:08:45.808756 [ 1723s] ✅ 15M mean_reversion_high CLOSE (PROFIT): $+0.10 | Total: $+1.16
2026-02-04T06:09:05.831348 [ 1744s] BTC: $76,409.97 (4ex, +0.025%) | 15m: 0.96/0.97 | 1h: N/A | P&L: $+1.16 (5)
2026-02-04T06:09:47.913063 [ 1786s] 📈 15M MEAN-REV: K@0.98 (extreme high) + BTC stable → NO
2026-02-04T06:09:48.412676 [ 1786s] ✅ 15M mean_reversion_high CLOSE (PROFIT): $+0.10 | Total: $+1.26
2026-02-04T06:10:01.649931 [ 1800s] 💾 Checkpoint
2026-02-04T06:10:06.446376 [ 1804s] BTC: $76,450.80 (4ex, +0.053%) | 15m: 0.98/0.99 | 1h: N/A | P&L: $+1.26 (6)
2026-02-04T06:11:06.516913 [ 1864s] BTC: $76,498.34 (4ex, +0.040%) | 15m: 0.99/1.00 | 1h: N/A | P&L: $+1.26 (6)
2026-02-04T06:12:06.585236 [ 1924s] BTC: $76,496.66 (4ex, -0.002%) | 15m: 0.99/1.00 | 1h: N/A | P&L: $+1.26 (6)
2026-02-04T06:13:06.664855 [ 1985s] BTC: $76,494.89 (4ex, -0.002%) | 15m: 0.99/1.00 | 1h: N/A | P&L: $+1.26 (6)
2026-02-04T06:14:06.746107 [ 2045s] BTC: $76,500.29 (4ex, +0.007%) | 15m: 0.99/1.00 | 1h: N/A | P&L: $+1.26 (6)
2026-02-04T06:15:01.657247 [ 2100s] 💾 Checkpoint
2026-02-04T06:15:06.838226 [ 2105s] BTC: $76,492.72 (4ex, -0.010%) | 15m: 0.99/1.00 | 1h: N/A | P&L: $+1.26 (6)
2026-02-04T06:15:18.855152 [ 2117s] 🔄 15M transition
2026-02-04T06:15:19.856936 [ 2118s] 🔄 15M transition
2026-02-04T06:15:20.857845 [ 2119s] 🔄 15M transition
2026-02-04T06:15:21.859154 [ 2120s] 🔄 15M transition
2026-02-04T06:15:22.860668 [ 2121s] 🔄 15M transition
2026-02-04T06:16:06.923959 [ 2165s] BTC: $76,470.24 (4ex, -0.029%) | 15m: 0.39/0.40 | 1h: N/A | P&L: $+1.26 (6)
2026-02-04T06:17:07.025424 [ 2225s] BTC: $76,468.33 (4ex, -0.002%) | 15m: 0.38/0.40 | 1h: N/A | P&L: $+1.26 (6)
2026-02-04T06:18:07.090662 [ 2285s] BTC: $76,431.47 (4ex, -0.052%) | 15m: 0.27/0.29 | 1h: N/A | P&L: $+1.26 (6)
2026-02-04T06:19:07.164982 [ 2345s] BTC: $76,401.50 (4ex, -0.039%) | 15m: 0.19/0.22 | 1h: N/A | P&L: $+1.26 (6)
2026-02-04T06:20:01.660558 [ 2400s] 💾 Checkpoint
2026-02-04T06:20:07.241955 [ 2405s] BTC: $76,417.01 (4ex, +0.020%) | 15m: 0.21/0.22 | 1h: N/A | P&L: $+1.26 (6)
2026-02-04T06:21:07.306482 [ 2465s] BTC: $76,414.58 (4ex, -0.003%) | 15m: 0.22/0.25 | 1h: N/A | P&L: $+1.26 (6)
2026-02-04T06:22:07.370688 [ 2525s] BTC: $76,363.81 (4ex, -0.016%) | 15m: 0.10/0.12 | 1h: N/A | P&L: $+1.26 (6)
2026-02-04T06:23:07.440356 [ 2585s] BTC: $76,385.71 (4ex, +0.026%) | 15m: 0.09/0.10 | 1h: N/A | P&L: $+1.26 (6)
2026-02-04T06:24:07.514308 [ 2645s] BTC: $76,366.07 (4ex, -0.026%) | 15m: 0.06/0.09 | 1h: N/A | P&L: $+1.26 (6)
2026-02-04T06:25:01.671653 [ 2700s] 💾 Checkpoint
2026-02-04T06:25:07.586328 [ 2705s] BTC: $76,369.29 (4ex, +0.004%) | 15m: 0.03/0.05 | 1h: N/A | P&L: $+1.26 (6)
2026-02-04T06:26:07.661440 [ 2766s] BTC: $76,390.87 (4ex, +0.027%) | 15m: 0.05/0.06 | 1h: N/A | P&L: $+1.26 (6)
2026-02-04T06:27:07.745393 [ 2826s] BTC: $76,402.53 (4ex, +0.015%) | 15m: 0.02/0.03 | 1h: N/A | P&L: $+1.26 (6)
2026-02-04T06:28:07.819473 [ 2886s] BTC: $76,440.35 (4ex, +0.049%) | 15m: 0.06/0.07 | 1h: N/A | P&L: $+1.26 (6)
2026-02-04T06:29:07.894687 [ 2946s] BTC: $76,422.56 (4ex, -0.023%) | 15m: 0.02/0.07 | 1h: N/A | P&L: $+1.26 (6)
2026-02-04T06:30:01.673972 [ 3000s] 💾 Checkpoint
2026-02-04T06:30:07.976983 [ 3006s] BTC: $76,412.94 (4ex, -0.010%) | 15m: 0.00/0.01 | 1h: N/A | P&L: $+1.26 (6)
2026-02-04T06:30:25.998964 [ 3024s] 🔄 15M transition
2026-02-04T06:30:26.999853 [ 3025s] 🔄 15M transition
2026-02-04T06:30:28.001129 [ 3026s] 🔄 15M transition
2026-02-04T06:30:29.002373 [ 3027s] 🔄 15M transition
2026-02-04T06:30:30.004011 [ 3028s] 🔄 15M transition
2026-02-04T06:31:08.057731 [ 3066s] BTC: $76,420.62 (4ex, +0.010%) | 15m: 0.46/0.50 | 1h: N/A | P&L: $+1.26 (6)
2026-02-04T06:32:08.133473 [ 3126s] BTC: $76,421.89 (4ex, +0.002%) | 15m: 0.60/0.61 | 1h: N/A | P&L: $+1.26 (6)
2026-02-04T06:33:08.211155 [ 3186s] BTC: $76,418.56 (4ex, -0.004%) | 15m: 0.47/0.48 | 1h: N/A | P&L: $+1.26 (6)
2026-02-04T06:34:08.283071 [ 3246s] BTC: $76,468.38 (4ex, +0.065%) | 15m: 0.63/0.64 | 1h: N/A | P&L: $+1.26 (6)
2026-02-04T06:35:01.681948 [ 3300s] 💾 Checkpoint
2026-02-04T06:35:08.368148 [ 3306s] BTC: $76,457.71 (4ex, -0.014%) | 15m: 0.59/0.63 | 1h: N/A | P&L: $+1.26 (6)
2026-02-04T06:36:08.481662 [ 3366s] BTC: $76,478.90 (4ex, +0.028%) | 15m: 0.71/0.72 | 1h: N/A | P&L: $+1.26 (6)
2026-02-04T06:36:28.539893 [ 3386s] 📈 15M MEAN-REV: K@0.84 (extreme high) + BTC stable → NO
2026-02-04T06:36:29.039882 [ 3386s] ✅ 15M mean_reversion_high CLOSE (PROFIT): $+0.28 | Total: $+1.54
2026-02-04T06:37:09.088072 [ 3427s] BTC: $76,609.88 (4ex, +0.171%) | 15m: 0.94/0.95 | 1h: N/A | P&L: $+1.54 (7)
2026-02-04T06:37:42.165203 [ 3460s] 📈 15M MEAN-REV: K@0.94 (extreme high) + BTC stable → NO
2026-02-04T06:37:42.667733 [ 3460s] ✅ 15M mean_reversion_high CLOSE (PROFIT): $+0.50 | Total: $+2.04
2026-02-04T06:38:09.697056 [ 3488s] BTC: $76,583.38 (4ex, -0.042%) | 15m: 0.91/0.95 | 1h: N/A | P&L: $+2.04 (8)
2026-02-04T06:39:09.751414 [ 3548s] BTC: $76,636.59 (4ex, +0.069%) | 15m: 0.97/0.98 | 1h: N/A | P&L: $+2.04 (8)
2026-02-04T06:39:22.797194 [ 3561s] 📈 15M MEAN-REV: K@0.97 (extreme high) + BTC stable → NO
2026-02-04T06:39:23.296501 [ 3561s] ✅ 15M mean_reversion_high CLOSE (PROFIT): $+0.10 | Total: $+2.14
2026-02-04T06:40:01.685916 [ 3600s] 💾 Checkpoint
2026-02-04T06:40:10.366703 [ 3608s] BTC: $76,636.21 (4ex, -0.000%) | 15m: 0.97/0.98 | 1h: N/A | P&L: $+2.14 (9)
2026-02-04T06:41:10.435811 [ 3668s] BTC: $76,619.13 (4ex, -0.021%) | 15m: 0.98/0.99 | 1h: N/A | P&L: $+2.14 (9)
2026-02-04T06:42:10.505248 [ 3728s] BTC: $76,614.74 (4ex, -0.006%) | 15m: 0.98/0.99 | 1h: N/A | P&L: $+2.14 (9)
2026-02-04T06:43:10.587715 [ 3788s] BTC: $76,642.41 (4ex, +0.036%) | 15m: 0.99/1.00 | 1h: N/A | P&L: $+2.14 (9)
2026-02-04T06:44:10.663083 [ 3849s] BTC: $76,626.74 (4ex, -0.020%) | 15m: 0.99/1.00 | 1h: N/A | P&L: $+2.14 (9)
2026-02-04T06:45:01.703356 [ 3900s] 💾 Checkpoint
2026-02-04T06:45:02.739765 [ 3901s] 🔄 15M transition
2026-02-04T06:45:03.742044 [ 3902s] 🔄 15M transition
2026-02-04T06:45:04.743548 [ 3903s] 🔄 15M transition
2026-02-04T06:45:05.744717 [ 3904s] 🔄 15M transition
2026-02-04T06:45:06.746088 [ 3905s] 🔄 15M transition
2026-02-04T06:45:10.751657 [ 3909s] BTC: $76,641.49 (4ex, +0.019%) | 15m: 0.45/0.55 | 1h: N/A | P&L: $+2.14 (9)
2026-02-04T06:46:10.816193 [ 3969s] BTC: $76,676.59 (4ex, +0.041%) | 15m: 0.56/0.59 | 1h: N/A | P&L: $+2.14 (9)
2026-02-04T06:47:10.893578 [ 4029s] BTC: $76,711.40 (4ex, +0.050%) | 15m: 0.71/0.73 | 1h: N/A | P&L: $+2.14 (9)
2026-02-04T06:48:10.965744 [ 4089s] BTC: $76,647.49 (4ex, -0.084%) | 15m: 0.57/0.60 | 1h: N/A | P&L: $+2.14 (9)
2026-02-04T06:49:11.048408 [ 4149s] BTC: $76,625.19 (4ex, -0.029%) | 15m: 0.42/0.44 | 1h: N/A | P&L: $+2.14 (9)
2026-02-04T06:50:01.717588 [ 4200s] 💾 Checkpoint
2026-02-04T06:50:11.137142 [ 4209s] BTC: $76,583.61 (4ex, -0.054%) | 15m: 0.32/0.35 | 1h: N/A | P&L: $+2.14 (9)
2026-02-04T06:51:11.196872 [ 4269s] BTC: $76,573.95 (4ex, -0.013%) | 15m: 0.26/0.28 | 1h: N/A | P&L: $+2.14 (9)
