2026-02-03T19:16:36.324481 
======================================================================
v6 - RESEARCH-NOTES.md Improvements
======================================================================
Duration: 480min | Start: 19:16:36
Changes: BTC momentum filter, adaptive stop-loss, entry filters,
         mean reversion at extremes, market timing restrictions
Markets: 15min + Hourly
======================================================================

2026-02-03T19:17:17.426202 [   41s] 📉 15M MEAN-REV: K@0.19 (extreme low) + BTC stable → YES
2026-02-03T19:17:36.451994 [   60s] BTC: $74,356.54 (4ex, +0.115%) | 15m: 0.17/0.19 | 1h: N/A | P&L: $+0.00 (0)
2026-02-03T19:17:47.506409 [   71s] ✅ 15M mean_reversion_low CLOSE (PROFIT): $+1.00 | Total: $+1.00
2026-02-03T19:18:36.559511 [  120s] BTC: $74,627.06 (4ex, +0.046%) | 15m: 0.46/0.48 | 1h: N/A | P&L: $+1.00 (1)
2026-02-03T19:19:12.648306 [  156s] 🎯 15M DELAY: BTC +0.175% K +0.0% → YES@$0.52
2026-02-03T19:19:36.678476 [  180s] BTC: $74,831.56 (4ex, +0.015%) | 15m: 0.61/0.63 | 1h: N/A | P&L: $+1.00 (1)
2026-02-03T19:19:48.729990 [  192s] ✅ 15M delay_arb CLOSE (PROFIT): $+1.20 | Total: $+2.20
2026-02-03T19:20:36.783078 [  240s] BTC: $75,153.39 (4ex, +0.013%) | 15m: 0.80/0.85 | 1h: N/A | P&L: $+2.20 (2)
2026-02-03T19:20:54.834297 [  258s] 📈 15M MEAN-REV: K@0.90 (extreme high) + BTC stable → NO
2026-02-03T19:20:55.335400 [  258s] ✅ 15M mean_reversion_high CLOSE (PROFIT): $+0.10 | Total: $+2.30
2026-02-03T19:21:36.330606 [  300s] 💾 Checkpoint
2026-02-03T19:21:37.378831 [  301s] BTC: $75,037.16 (4ex, +0.033%) | 15m: 0.76/0.82 | 1h: N/A | P&L: $+2.30 (3)
2026-02-03T19:21:55.438399 [  319s] 📈 15M MEAN-REV: K@0.86 (extreme high) + BTC stable → NO
2026-02-03T19:22:20.514748 [  344s] ❌ 15M mean_reversion_high CLOSE (STOP(-25%)): $-1.10 | Total: $+1.20
2026-02-03T19:22:37.535117 [  361s] BTC: $74,826.92 (4ex, -0.109%) | 15m: 0.74/0.77 | 1h: N/A | P&L: $+1.20 (4)
2026-02-03T19:23:37.600359 [  421s] BTC: $74,700.18 (4ex, +0.035%) | 15m: 0.57/0.58 | 1h: N/A | P&L: $+1.20 (4)
2026-02-03T19:23:46.643402 [  430s] 🎯 15M DELAY: BTC +0.153% K +0.0% → YES@$0.58
2026-02-03T19:23:55.692263 [  439s] ✅ 15M delay_arb CLOSE (PROFIT): $+0.60 | Total: $+1.80
2026-02-03T19:24:37.737338 [  481s] BTC: $74,780.77 (4ex, -0.026%) | 15m: 0.70/0.76 | 1h: N/A | P&L: $+1.80 (5)
2026-02-03T19:25:37.808298 [  541s] BTC: $74,639.98 (4ex, -0.071%) | 15m: 0.51/0.52 | 1h: N/A | P&L: $+1.80 (5)
2026-02-03T19:26:36.333419 [  600s] 💾 Checkpoint
2026-02-03T19:26:37.864238 [  601s] BTC: $74,582.10 (4ex, +0.115%) | 15m: 0.40/0.41 | 1h: N/A | P&L: $+1.80 (5)
2026-02-03T19:27:37.919830 [  661s] BTC: $74,647.39 (4ex, +0.054%) | 15m: 0.55/0.58 | 1h: N/A | P&L: $+1.80 (5)
2026-02-03T19:28:37.988022 [  721s] BTC: $74,696.54 (4ex, +0.033%) | 15m: 0.66/0.67 | 1h: N/A | P&L: $+1.80 (5)
2026-02-03T19:29:38.047839 [  781s] BTC: $74,875.61 (4ex, +0.075%) | 15m: 0.99/1.00 | 1h: N/A | P&L: $+1.80 (5)
2026-02-03T19:30:29.116060 [  832s] 🔄 15M transition
2026-02-03T19:30:30.117533 [  833s] 🔄 15M transition
2026-02-03T19:30:31.118957 [  834s] 🔄 15M transition
2026-02-03T19:30:32.119759 [  835s] 🔄 15M transition
2026-02-03T19:30:33.121253 [  836s] 🔄 15M transition
2026-02-03T19:30:38.124625 [  841s] BTC: $74,882.03 (4ex, +0.014%) | 15m: 0.54/0.58 | 1h: N/A | P&L: $+1.80 (5)
2026-02-03T19:31:36.336546 [  900s] 💾 Checkpoint
2026-02-03T19:31:38.188495 [  901s] BTC: $74,819.80 (4ex, +0.052%) | 15m: 0.42/0.43 | 1h: N/A | P&L: $+1.80 (5)
2026-02-03T19:32:23.265021 [  946s] 🎯 15M DELAY: BTC +0.223% K +0.0% → YES@$0.48
2026-02-03T19:32:23.765937 [  946s] ❌ 15M delay_arb CLOSE (STOP(-25%)): $-0.10 | Total: $+1.70
2026-02-03T19:32:38.781371 [  962s] BTC: $75,046.58 (4ex, -0.055%) | 15m: 0.71/0.74 | 1h: N/A | P&L: $+1.70 (6)
2026-02-03T19:33:38.843224 [ 1022s] BTC: $75,062.12 (4ex, +0.018%) | 15m: 0.68/0.71 | 1h: N/A | P&L: $+1.70 (6)
2026-02-03T19:34:38.907887 [ 1082s] BTC: $74,915.66 (4ex, -0.030%) | 15m: 0.52/0.55 | 1h: N/A | P&L: $+1.70 (6)
2026-02-03T19:35:38.974898 [ 1142s] BTC: $74,891.73 (4ex, +0.060%) | 15m: 0.49/0.51 | 1h: N/A | P&L: $+1.70 (6)
2026-02-03T19:36:25.067268 [ 1188s] 🎯 15M DELAY: BTC -0.158% K +0.0% → NO@$0.45
2026-02-03T19:36:25.568412 [ 1188s] ✅ 15M delay_arb CLOSE (PROFIT): $+0.20 | Total: $+1.90
2026-02-03T19:36:36.339885 [ 1200s] 💾 Checkpoint
2026-02-03T19:36:39.585770 [ 1203s] BTC: $74,807.63 (4ex, +0.028%) | 15m: 0.38/0.40 | 1h: N/A | P&L: $+1.90 (7)
2026-02-03T19:37:39.654044 [ 1263s] BTC: $74,753.70 (4ex, -0.006%) | 15m: 0.38/0.40 | 1h: N/A | P&L: $+1.90 (7)
2026-02-03T19:38:16.727258 [ 1300s] 🎯 15M DELAY: BTC +0.159% K +0.0% → YES@$0.53
2026-02-03T19:38:39.761382 [ 1323s] BTC: $74,855.31 (4ex, -0.050%) | 15m: 0.57/0.58 | 1h: N/A | P&L: $+1.90 (7)
2026-02-03T19:39:39.851122 [ 1383s] BTC: $74,935.90 (4ex, -0.004%) | 15m: 0.64/0.67 | 1h: N/A | P&L: $+1.90 (7)
2026-02-03T19:40:39.944389 [ 1443s] BTC: $74,836.05 (4ex, +0.041%) | 15m: 0.50/0.51 | 1h: N/A | P&L: $+1.90 (7)
2026-02-03T19:41:05.016598 [ 1468s] ✅ 15M delay_arb CLOSE (PROFIT): $+1.10 | Total: $+3.00
2026-02-03T19:41:36.343861 [ 1500s] 💾 Checkpoint
2026-02-03T19:41:40.048753 [ 1503s] BTC: $74,992.90 (4ex, +0.035%) | 15m: 0.85/0.86 | 1h: N/A | P&L: $+3.00 (8)
2026-02-03T19:42:40.114243 [ 1563s] BTC: $75,028.49 (4ex, -0.044%) | 15m: 0.95/0.96 | 1h: N/A | P&L: $+3.00 (8)
2026-02-03T19:43:40.177321 [ 1623s] BTC: $74,931.40 (4ex, -0.091%) | 15m: 0.83/0.86 | 1h: N/A | P&L: $+3.00 (8)
2026-02-03T19:44:40.242736 [ 1683s] BTC: $74,832.45 (4ex, +0.013%) | 15m: 0.21/0.58 | 1h: N/A | P&L: $+3.00 (8)
2026-02-03T19:45:07.275115 [ 1710s] 🔄 15M transition
2026-02-03T19:45:08.277047 [ 1711s] 🔄 15M transition
2026-02-03T19:45:09.277839 [ 1712s] 🔄 15M transition
2026-02-03T19:45:10.279093 [ 1713s] 🔄 15M transition
2026-02-03T19:45:11.280279 [ 1714s] 🔄 15M transition
2026-02-03T19:45:40.313635 [ 1743s] BTC: $74,813.61 (4ex, -0.029%) | 15m: 0.42/0.57 | 1h: N/A | P&L: $+3.00 (8)
2026-02-03T19:46:36.348232 [ 1800s] 💾 Checkpoint
2026-02-03T19:46:40.376532 [ 1804s] BTC: $74,619.04 (4ex, -0.066%) | 15m: 0.30/0.33 | 1h: N/A | P&L: $+3.00 (8)
2026-02-03T19:47:38.466094 [ 1862s] 📉 15M MEAN-REV: K@0.20 (extreme low) + BTC stable → YES
2026-02-03T19:47:40.470572 [ 1864s] BTC: $74,509.44 (4ex, -0.027%) | 15m: 0.18/0.20 | 1h: N/A | P&L: $+3.00 (8)
2026-02-03T19:48:38.589630 [ 1922s] ❌ 15M mean_reversion_low CLOSE (STOP(-25%)): $-0.60 | Total: $+2.40
2026-02-03T19:48:40.591559 [ 1924s] BTC: $74,445.24 (4ex, -0.027%) | 15m: 0.14/0.16 | 1h: N/A | P&L: $+2.40 (9)
2026-02-03T19:49:38.686180 [ 1982s] 📉 15M MEAN-REV: K@0.13 (extreme low) + BTC stable → YES
2026-02-03T19:49:40.689913 [ 1984s] BTC: $74,382.69 (4ex, +0.069%) | 15m: 0.11/0.12 | 1h: N/A | P&L: $+2.40 (9)
2026-02-03T19:50:39.817259 [ 2043s] ✅ 15M mean_reversion_low CLOSE (PROFIT): $+1.10 | Total: $+3.50
2026-02-03T19:50:40.818709 [ 2044s] BTC: $74,575.81 (4ex, +0.231%) | 15m: 0.23/0.24 | 1h: N/A | P&L: $+3.50 (10)
2026-02-03T19:51:36.351419 [ 2100s] 💾 Checkpoint
2026-02-03T19:51:40.886821 [ 2104s] BTC: $74,569.65 (4ex, -0.137%) | 15m: 0.17/0.19 | 1h: N/A | P&L: $+3.50 (10)
2026-02-03T19:51:47.933506 [ 2111s] 📉 15M MEAN-REV: K@0.19 (extreme low) + BTC stable → YES
2026-02-03T19:51:48.431255 [ 2111s] ❌ 15M mean_reversion_low CLOSE (STOP(-25%)): $-0.30 | Total: $+3.20
2026-02-03T19:52:41.487192 [ 2165s] BTC: $74,482.68 (4ex, -0.144%) | 15m: 0.10/0.13 | 1h: N/A | P&L: $+3.20 (11)
2026-02-03T19:52:55.543187 [ 2179s] 📉 15M MEAN-REV: K@0.13 (extreme low) + BTC stable → YES
2026-02-03T19:53:11.607088 [ 2195s] ❌ 15M mean_reversion_low CLOSE (STOP(-25%)): $-0.50 | Total: $+2.70
2026-02-03T19:53:41.637617 [ 2225s] BTC: $74,516.52 (4ex, -0.019%) | 15m: 0.07/0.09 | 1h: N/A | P&L: $+2.70 (12)
2026-02-03T19:54:11.709018 [ 2255s] 📉 15M MEAN-REV: K@0.15 (extreme low) + BTC stable → YES
2026-02-03T19:54:41.753551 [ 2285s] BTC: $74,561.68 (4ex, +0.063%) | 15m: 0.13/0.16 | 1h: N/A | P&L: $+2.70 (12)
2026-02-03T19:55:17.842122 [ 2321s] ✅ 15M mean_reversion_low CLOSE (PROFIT): $+1.00 | Total: $+3.70
2026-02-03T19:55:41.866518 [ 2345s] BTC: $74,691.87 (4ex, +0.057%) | 15m: 0.23/0.25 | 1h: N/A | P&L: $+3.70 (13)
2026-02-03T19:56:36.355996 [ 2400s] 💾 Checkpoint
2026-02-03T19:56:41.925258 [ 2405s] BTC: $74,937.94 (4ex, -0.011%) | 15m: 0.71/0.72 | 1h: N/A | P&L: $+3.70 (13)
2026-02-03T19:57:41.992227 [ 2465s] BTC: $74,948.30 (4ex, +0.057%) | 15m: 0.64/0.65 | 1h: N/A | P&L: $+3.70 (13)
2026-02-03T19:58:42.078924 [ 2525s] BTC: $74,964.09 (4ex, +0.013%) | 15m: 0.91/0.92 | 1h: N/A | P&L: $+3.70 (13)
2026-02-03T19:59:42.148442 [ 2585s] BTC: $74,907.11 (4ex, +0.010%) | 15m: 0.99/1.00 | 1h: N/A | P&L: $+3.70 (13)
2026-02-03T20:00:25.198022 [ 2628s] 🔄 15M transition
2026-02-03T20:00:26.198584 [ 2629s] 🔄 15M transition
2026-02-03T20:00:27.199185 [ 2630s] 🔄 15M transition
2026-02-03T20:00:28.200006 [ 2631s] 🔄 15M transition
2026-02-03T20:00:29.201531 [ 2632s] 🔄 15M transition
2026-02-03T20:00:42.217097 [ 2645s] BTC: $74,913.68 (4ex, +0.013%) | 15m: 0.44/0.45 | 1h: N/A | P&L: $+3.70 (13)
2026-02-03T20:01:27.295579 [ 2690s] 🎯 15M DELAY: BTC -0.155% K +0.0% → NO@$0.58
2026-02-03T20:01:27.795619 [ 2690s] ✅ 15M delay_arb CLOSE (PROFIT): $+0.30 | Total: $+4.00
2026-02-03T20:01:36.362383 [ 2700s] 💾 Checkpoint
2026-02-03T20:01:42.812576 [ 2706s] BTC: $74,906.78 (4ex, +0.006%) | 15m: 0.42/0.47 | 1h: N/A | P&L: $+4.00 (14)
2026-02-03T20:02:42.885002 [ 2766s] BTC: $74,930.33 (4ex, -0.079%) | 15m: 0.52/0.57 | 1h: N/A | P&L: $+4.00 (14)
2026-02-03T20:02:50.926688 [ 2774s] 🎯 15M DELAY: BTC -0.177% K +0.0% → NO@$0.48
2026-02-03T20:02:51.428650 [ 2774s] ✅ 15M delay_arb CLOSE (PROFIT): $+0.10 | Total: $+4.10
2026-02-03T20:03:43.483044 [ 2827s] BTC: $74,708.49 (4ex, -0.090%) | 15m: 0.27/0.28 | 1h: N/A | P&L: $+4.10 (15)
2026-02-03T20:04:43.561131 [ 2887s] BTC: $74,659.01 (4ex, -0.115%) | 15m: 0.24/0.28 | 1h: N/A | P&L: $+4.10 (15)
2026-02-03T20:05:28.653454 [ 2932s] 📉 15M MEAN-REV: K@0.21 (extreme low) + BTC stable → YES
2026-02-03T20:05:43.682293 [ 2947s] BTC: $74,588.50 (4ex, -0.036%) | 15m: 0.17/0.21 | 1h: N/A | P&L: $+4.10 (15)
2026-02-03T20:05:58.741853 [ 2962s] ❌ 15M mean_reversion_low CLOSE (STOP(-25%)): $-0.70 | Total: $+3.40
2026-02-03T20:06:36.367557 [ 3000s] 💾 Checkpoint
2026-02-03T20:06:43.801482 [ 3007s] BTC: $74,650.47 (4ex, +0.043%) | 15m: 0.14/0.15 | 1h: N/A | P&L: $+3.40 (16)
2026-02-03T20:06:58.846379 [ 3022s] 📉 15M MEAN-REV: K@0.16 (extreme low) + BTC stable → YES
2026-02-03T20:07:43.918958 [ 3067s] BTC: $74,643.93 (4ex, +0.024%) | 15m: 0.16/0.19 | 1h: N/A | P&L: $+3.40 (16)
2026-02-03T20:08:30.020228 [ 3113s] ❌ 15M mean_reversion_low CLOSE (STOP(-25%)): $-0.90 | Total: $+2.50
2026-02-03T20:08:44.037065 [ 3127s] BTC: $74,564.81 (4ex, -0.028%) | 15m: 0.06/0.09 | 1h: N/A | P&L: $+2.50 (17)
2026-02-03T20:09:30.133119 [ 3173s] 📉 15M MEAN-REV: K@0.07 (extreme low) + BTC stable → YES
2026-02-03T20:09:30.628694 [ 3173s] ❌ 15M mean_reversion_low CLOSE (STOP(-25%)): $-0.20 | Total: $+2.30
2026-02-03T20:09:44.647059 [ 3188s] BTC: $74,556.53 (4ex, +0.038%) | 15m: 0.04/0.06 | 1h: N/A | P&L: $+2.30 (18)
2026-02-03T20:10:44.714413 [ 3248s] BTC: $74,544.29 (4ex, -0.033%) | 15m: 0.06/0.11 | 1h: N/A | P&L: $+2.30 (18)
2026-02-03T20:11:36.372502 [ 3300s] 💾 Checkpoint
2026-02-03T20:11:44.779195 [ 3308s] BTC: $74,572.44 (4ex, +0.042%) | 15m: 0.01/0.02 | 1h: N/A | P&L: $+2.30 (18)
2026-02-03T20:12:44.846578 [ 3368s] BTC: $74,630.61 (4ex, +0.011%) | 15m: 0.02/0.04 | 1h: N/A | P&L: $+2.30 (18)
2026-02-03T20:13:44.912089 [ 3428s] BTC: $74,622.82 (4ex, +0.002%) | 15m: 0.00/0.01 | 1h: N/A | P&L: $+2.30 (18)
2026-02-03T20:14:44.976604 [ 3488s] BTC: $74,599.19 (4ex, -0.016%) | 15m: 0.00/0.01 | 1h: N/A | P&L: $+2.30 (18)
2026-02-03T20:15:03.997699 [ 3507s] 🔄 15M transition
2026-02-03T20:15:04.998896 [ 3508s] 🔄 15M transition
2026-02-03T20:15:05.999854 [ 3509s] 🔄 15M transition
2026-02-03T20:15:07.000884 [ 3510s] 🔄 15M transition
2026-02-03T20:15:08.002004 [ 3511s] 🔄 15M transition
2026-02-03T20:15:45.047379 [ 3548s] BTC: $74,548.03 (4ex, -0.099%) | 15m: 0.48/0.55 | 1h: N/A | P&L: $+2.30 (18)
2026-02-03T20:16:36.379855 [ 3600s] 💾 Checkpoint
2026-02-03T20:16:45.117680 [ 3608s] BTC: $74,642.87 (4ex, +0.022%) | 15m: 0.53/0.54 | 1h: N/A | P&L: $+2.30 (18)
2026-02-03T20:17:04.180260 [ 3627s] 🎯 15M DELAY: BTC +0.150% K +0.0% → YES@$0.54
2026-02-03T20:17:04.674873 [ 3627s] ❌ 15M delay_arb CLOSE (STOP(-25%)): $-0.44 | Total: $+1.86
2026-02-03T20:17:45.719426 [ 3669s] BTC: $74,802.53 (4ex, +0.090%) | 15m: 0.72/0.75 | 1h: N/A | P&L: $+1.86 (19)
2026-02-03T20:18:21.792097 [ 3705s] 📈 15M MEAN-REV: K@0.81 (extreme high) + BTC stable → NO
2026-02-03T20:18:22.283558 [ 3705s] ✅ 15M mean_reversion_high CLOSE (PROFIT): $+0.27 | Total: $+2.13
2026-02-03T20:18:46.310208 [ 3729s] BTC: $75,056.35 (4ex, +0.149%) | 15m: 0.91/0.93 | 1h: N/A | P&L: $+2.13 (20)
2026-02-03T20:19:27.382319 [ 3771s] 📈 15M MEAN-REV: K@0.92 (extreme high) + BTC stable → NO
2026-02-03T20:19:27.923257 [ 3771s] ✅ 15M mean_reversion_high CLOSE (PROFIT): $+0.40 | Total: $+2.53
2026-02-03T20:19:46.941936 [ 3790s] BTC: $75,077.97 (4ex, -0.061%) | 15m: 0.91/0.93 | 1h: N/A | P&L: $+2.53 (21)
2026-02-03T20:20:33.025631 [ 3836s] 🎯 15M DELAY: BTC +0.182% K +0.0% → YES@$0.93
2026-02-03T20:20:47.049273 [ 3850s] BTC: $75,202.18 (4ex, -0.063%) | 15m: 0.93/0.95 | 1h: N/A | P&L: $+2.53 (21)
2026-02-03T20:21:36.399648 [ 3900s] 💾 Checkpoint
2026-02-03T20:21:47.161588 [ 3910s] BTC: $75,022.26 (4ex, -0.116%) | 15m: 0.93/0.95 | 1h: N/A | P&L: $+2.53 (21)
2026-02-03T20:22:47.259250 [ 3970s] BTC: $75,121.49 (4ex, +0.061%) | 15m: 0.94/0.96 | 1h: N/A | P&L: $+2.53 (21)
2026-02-03T20:23:47.344068 [ 4031s] BTC: $75,294.02 (4ex, -0.014%) | 15m: 0.98/0.99 | 1h: N/A | P&L: $+2.53 (21)
2026-02-03T20:24:26.992541 
⚠️ SIGNAL RECEIVED: SIGTERM (signum=15) at 2026-02-03T20:24:26.992491
2026-02-03T20:24:27.406357 
======================================================================
SUMMARY
======================================================================
Duration: 67min | Signals: 22
Trades: 21 | P&L: $+2.53
mean_reversion_low: 9 trades, 33% win, $-0.10
delay_arb: 8 trades, 75% win, $+2.96
mean_reversion_high: 4 trades, 75% win, $-0.33
======================================================================

