2026-02-03T19:16:42.637022 
======================================================================
v8 — Best-of-Breed: V6 MR High + V7 Delay Arb
======================================================================
Duration: 480min | Start: 19:16:42 UTC
Strategies:
  MR-High: K > 0.8 + momentum < 0.05 → buy NO (V6 params, 100% WR)
  Delay Arb: sustained momentum > 0.2% → follow BTC (V7 params, 100% WR)
Risk: cooldown=5s, max_pos=5/mkt, timeout=180s, profit=8.0%
======================================================================

2026-02-03T19:16:43.639137 [    1s] 🔍 DEBUG KXBTC15M-26FEB031430-30: K=0.24 ask=0.28 ttc=796s can_enter=True(ok)
2026-02-03T19:17:13.686653 [   31s] 🔍 DEBUG KXBTC15M-26FEB031430-30: K=0.21 ask=0.22 ttc=766s can_enter=True(ok)
2026-02-03T19:17:42.715774 [   60s] BTC: $74,335.29 (+0.077%) | Brackets: 1 | Open: 0 | Trades: 0 (MR:0 DA:0) | P&L: $+0.00
2026-02-03T19:17:43.716756 [   61s] 🔍 DEBUG KXBTC15M-26FEB031430-30: K=0.19 ask=0.20 ttc=736s can_enter=True(ok)
2026-02-03T19:18:00.766191 [   78s] 🎯 DELAY KXBTC15M-26FEB031430-30: BTC +0.213%(1m) +0.213%(30s) → YES@0.31
2026-02-03T19:18:13.788203 [   91s] 🔍 DEBUG KXBTC15M-26FEB031430-30: K=0.30 ask=0.31 ttc=706s can_enter=True(ok)
2026-02-03T19:18:18.830844 [   96s] ✅ delay_arb KXBTC15M-26FEB031430-30 CLOSE (PROFIT): $+0.80 | Total: $+0.80
2026-02-03T19:18:42.854628 [  120s] BTC: $74,621.89 (+0.018%) | Brackets: 1 | Open: 0 | Trades: 1 (MR:0 DA:1) | P&L: $+0.80
2026-02-03T19:18:43.856197 [  121s] 🔍 DEBUG KXBTC15M-26FEB031430-30: K=0.46 ask=0.48 ttc=676s can_enter=True(ok)
2026-02-03T19:19:13.889640 [  151s] 🔍 DEBUG KXBTC15M-26FEB031430-30: K=0.51 ask=0.52 ttc=646s can_enter=True(ok)
2026-02-03T19:19:42.917431 [  180s] BTC: $74,856.06 (-0.008%) | Brackets: 1 | Open: 0 | Trades: 1 (MR:0 DA:1) | P&L: $+0.80
2026-02-03T19:19:43.918400 [  181s] 🔍 DEBUG KXBTC15M-26FEB031430-30: K=0.61 ask=0.63 ttc=616s can_enter=True(ok)
2026-02-03T19:20:13.948079 [  211s] 🔍 DEBUG KXBTC15M-26FEB031430-30: K=0.74 ask=0.75 ttc=586s can_enter=True(ok)
2026-02-03T19:20:42.981838 [  240s] BTC: $75,136.54 (-0.032%) | Brackets: 1 | Open: 0 | Trades: 1 (MR:0 DA:1) | P&L: $+0.80
2026-02-03T19:20:43.982854 [  241s] 🔍 DEBUG KXBTC15M-26FEB031430-30: K=0.80 ask=0.83 ttc=556s can_enter=True(ok)
2026-02-03T19:20:55.058102 [  252s] 📈 MR-HIGH KXBTC15M-26FEB031430-30: K@0.90 → NO@0.10 (mom=+0.013%)
2026-02-03T19:21:14.085548 [  271s] 🔍 DEBUG KXBTC15M-26FEB031430-30: K=0.90 ask=0.92 ttc=526s can_enter=True(ok)
2026-02-03T19:21:20.125114 [  277s] ✅ mean_reversion_high KXBTC15M-26FEB031430-30 CLOSE (PROFIT): $+1.40 | Total: $+2.20
2026-02-03T19:21:43.144755 [  300s] BTC: $75,046.96 (+0.032%) | Brackets: 1 | Open: 0 | Trades: 2 (MR:1 DA:1) | P&L: $+2.20
2026-02-03T19:21:44.145621 [  301s] 🔍 DEBUG KXBTC15M-26FEB031430-30: K=0.76 ask=0.82 ttc=496s can_enter=True(ok)
2026-02-03T19:21:50.188880 [  307s] 📈 MR-HIGH KXBTC15M-26FEB031430-30: K@0.86 → NO@0.14 (mom=-0.015%)
2026-02-03T19:22:14.222734 [  331s] 🔍 DEBUG KXBTC15M-26FEB031430-30: K=0.86 ask=0.88 ttc=466s can_enter=True(ok)
2026-02-03T19:22:21.269573 [  338s] ✅ mean_reversion_high KXBTC15M-26FEB031430-30 CLOSE (PROFIT): $+0.90 | Total: $+3.10
2026-02-03T19:22:43.298677 [  360s] BTC: $74,821.92 (-0.092%) | Brackets: 1 | Open: 0 | Trades: 3 (MR:2 DA:1) | P&L: $+3.10
2026-02-03T19:22:44.299969 [  361s] 🔍 DEBUG KXBTC15M-26FEB031430-30: K=0.74 ask=0.77 ttc=436s can_enter=True(ok)
2026-02-03T19:23:14.333535 [  391s] 🔍 DEBUG KXBTC15M-26FEB031430-30: K=0.60 ask=0.61 ttc=406s can_enter=True(ok)
2026-02-03T19:23:43.368471 [  420s] BTC: $74,713.45 (+0.055%) | Brackets: 1 | Open: 0 | Trades: 3 (MR:2 DA:1) | P&L: $+3.10
2026-02-03T19:23:44.370036 [  421s] 🔍 DEBUG KXBTC15M-26FEB031430-30: K=0.57 ask=0.58 ttc=376s can_enter=True(ok)
2026-02-03T19:24:14.400390 [  451s] 🔍 DEBUG KXBTC15M-26FEB031430-30: K=0.65 ask=0.70 ttc=346s can_enter=True(ok)
2026-02-03T19:24:43.434018 [  480s] BTC: $74,785.36 (-0.073%) | Brackets: 1 | Open: 0 | Trades: 3 (MR:2 DA:1) | P&L: $+3.10
2026-02-03T19:24:44.435072 [  481s] 🔍 DEBUG KXBTC15M-26FEB031430-30: K=0.69 ask=0.72 ttc=316s can_enter=True(ok)
2026-02-03T19:25:14.469669 [  511s] 🔍 DEBUG KXBTC15M-26FEB031430-30: K=0.66 ask=0.67 ttc=286s can_enter=True(ok)
2026-02-03T19:25:43.503735 [  540s] BTC: $74,620.35 (-0.082%) | Brackets: 1 | Open: 0 | Trades: 3 (MR:2 DA:1) | P&L: $+3.10
2026-02-03T19:25:44.505000 [  541s] 🔍 DEBUG KXBTC15M-26FEB031430-30: K=0.56 ask=0.57 ttc=255s can_enter=True(ok)
2026-02-03T19:26:14.538070 [  571s] 🔍 DEBUG KXBTC15M-26FEB031430-30: K=0.38 ask=0.41 ttc=225s can_enter=True(ok)
2026-02-03T19:26:43.570859 [  600s] BTC: $74,576.36 (+0.085%) | Brackets: 1 | Open: 0 | Trades: 3 (MR:2 DA:1) | P&L: $+3.10
2026-02-03T19:26:44.571647 [  601s] 🔍 DEBUG KXBTC15M-26FEB031430-30: K=0.35 ask=0.37 ttc=195s can_enter=True(ok)
2026-02-03T19:27:14.600664 [  631s] 🔍 DEBUG KXBTC15M-26FEB031430-30: K=0.65 ask=0.67 ttc=165s can_enter=True(ok)
2026-02-03T19:27:43.629054 [  660s] BTC: $74,679.19 (+0.050%) | Brackets: 1 | Open: 0 | Trades: 3 (MR:2 DA:1) | P&L: $+3.10
2026-02-03T19:27:44.630478 [  661s] 🔍 DEBUG KXBTC15M-26FEB031430-30: K=0.57 ask=0.61 ttc=135s can_enter=True(ok)
2026-02-03T19:28:14.656961 [  692s] 🔍 DEBUG KXBTC15M-26FEB031430-30: K=0.74 ask=0.75 ttc=105s can_enter=False(too_close)
2026-02-03T19:28:43.691061 [  721s] BTC: $74,686.55 (+0.012%) | Brackets: 1 | Open: 0 | Trades: 3 (MR:2 DA:1) | P&L: $+3.10
2026-02-03T19:28:44.692778 [  722s] 🔍 DEBUG KXBTC15M-26FEB031430-30: K=0.66 ask=0.69 ttc=75s can_enter=False(too_close)
2026-02-03T19:29:14.724366 [  752s] 🔍 DEBUG KXBTC15M-26FEB031430-30: K=0.83 ask=0.85 ttc=45s can_enter=False(too_close)
2026-02-03T19:29:43.755480 [  781s] BTC: $74,820.85 (-0.117%) | Brackets: 1 | Open: 0 | Trades: 3 (MR:2 DA:1) | P&L: $+3.10
2026-02-03T19:29:44.757508 [  782s] 🔍 DEBUG KXBTC15M-26FEB031430-30: K=0.99 ask=1.00 ttc=15s can_enter=False(too_close)
2026-02-03T19:30:14.793736 [  812s] 🔍 DEBUG KXBTC15M-26FEB031430-30: K=0.99 ask=1.00 ttc=-15s can_enter=False(too_close)
2026-02-03T19:30:43.833709 [  841s] BTC: $74,848.17 (-0.053%) | Brackets: 1 | Open: 0 | Trades: 3 (MR:2 DA:1) | P&L: $+3.10
2026-02-03T19:30:44.835150 [  842s] 🔍 DEBUG KXBTC15M-26FEB031445-45: K=0.42 ask=0.45 ttc=855s can_enter=True(ok)
2026-02-03T19:31:14.866505 [  872s] 🔍 DEBUG KXBTC15M-26FEB031445-45: K=0.48 ask=0.53 ttc=825s can_enter=True(ok)
2026-02-03T19:31:43.898269 [  901s] BTC: $74,835.86 (+0.087%) | Brackets: 1 | Open: 0 | Trades: 3 (MR:2 DA:1) | P&L: $+3.10
2026-02-03T19:31:44.899544 [  902s] 🔍 DEBUG KXBTC15M-26FEB031445-45: K=0.40 ask=0.42 ttc=795s can_enter=True(ok)
2026-02-03T19:32:14.941994 [  932s] 🔍 DEBUG KXBTC15M-26FEB031445-45: K=0.48 ask=0.50 ttc=765s can_enter=True(ok)
2026-02-03T19:32:23.984580 [  941s] 🎯 DELAY KXBTC15M-26FEB031445-45: BTC +0.225%(1m) +0.225%(30s) → YES@0.50
2026-02-03T19:32:44.015622 [  961s] BTC: $75,027.93 (-0.129%) | Brackets: 1 | Open: 1 | Trades: 3 (MR:2 DA:1) | P&L: $+3.10
2026-02-03T19:32:45.016778 [  962s] 🔍 DEBUG KXBTC15M-26FEB031445-45: K=0.64 ask=0.66 ttc=735s can_enter=True(ok)
2026-02-03T19:33:15.066156 [  992s] 🔍 DEBUG KXBTC15M-26FEB031445-45: K=0.59 ask=0.61 ttc=705s can_enter=True(ok)
2026-02-03T19:33:44.108644 [ 1021s] BTC: $75,083.73 (+0.035%) | Brackets: 1 | Open: 1 | Trades: 3 (MR:2 DA:1) | P&L: $+3.10
2026-02-03T19:33:45.109418 [ 1022s] 🔍 DEBUG KXBTC15M-26FEB031445-45: K=0.67 ask=0.69 ttc=675s can_enter=True(ok)
2026-02-03T19:34:15.158255 [ 1052s] 🔍 DEBUG KXBTC15M-26FEB031445-45: K=0.69 ask=0.71 ttc=645s can_enter=True(ok)
2026-02-03T19:34:44.203585 [ 1081s] BTC: $74,911.88 (+0.007%) | Brackets: 1 | Open: 1 | Trades: 3 (MR:2 DA:1) | P&L: $+3.10
2026-02-03T19:34:45.205147 [ 1082s] 🔍 DEBUG KXBTC15M-26FEB031445-45: K=0.56 ask=0.57 ttc=615s can_enter=True(ok)
2026-02-03T19:35:15.246903 [ 1112s] 🔍 DEBUG KXBTC15M-26FEB031445-45: K=0.48 ask=0.49 ttc=585s can_enter=True(ok)
2026-02-03T19:35:24.296336 [ 1121s] ❌ delay_arb KXBTC15M-26FEB031445-45 CLOSE (TIMEOUT): $-1.60 | Total: $+1.50
2026-02-03T19:35:44.320676 [ 1141s] BTC: $74,878.80 (+0.031%) | Brackets: 1 | Open: 0 | Trades: 4 (MR:2 DA:2) | P&L: $+1.50
2026-02-03T19:35:45.322061 [ 1142s] 🔍 DEBUG KXBTC15M-26FEB031445-45: K=0.49 ask=0.51 ttc=555s can_enter=True(ok)
2026-02-03T19:36:15.358954 [ 1172s] 🔍 DEBUG KXBTC15M-26FEB031445-45: K=0.48 ask=0.51 ttc=525s can_enter=True(ok)
2026-02-03T19:36:44.391654 [ 1201s] BTC: $74,766.60 (+0.004%) | Brackets: 1 | Open: 0 | Trades: 4 (MR:2 DA:2) | P&L: $+1.50
2026-02-03T19:36:45.392279 [ 1202s] 🔍 DEBUG KXBTC15M-26FEB031445-45: K=0.38 ask=0.40 ttc=495s can_enter=True(ok)
2026-02-03T19:37:15.423916 [ 1232s] 🔍 DEBUG KXBTC15M-26FEB031445-45: K=0.44 ask=0.46 ttc=465s can_enter=True(ok)
2026-02-03T19:37:44.455511 [ 1261s] BTC: $74,769.90 (+0.019%) | Brackets: 1 | Open: 0 | Trades: 4 (MR:2 DA:2) | P&L: $+1.50
2026-02-03T19:37:45.456629 [ 1262s] 🔍 DEBUG KXBTC15M-26FEB031445-45: K=0.40 ask=0.42 ttc=435s can_enter=True(ok)
2026-02-03T19:38:15.487292 [ 1292s] 🔍 DEBUG KXBTC15M-26FEB031445-45: K=0.40 ask=0.42 ttc=405s can_enter=True(ok)
2026-02-03T19:38:44.510828 [ 1321s] BTC: $74,847.47 (-0.058%) | Brackets: 1 | Open: 0 | Trades: 4 (MR:2 DA:2) | P&L: $+1.50
2026-02-03T19:38:45.512587 [ 1322s] 🔍 DEBUG KXBTC15M-26FEB031445-45: K=0.59 ask=0.61 ttc=374s can_enter=True(ok)
2026-02-03T19:39:15.551099 [ 1352s] 🔍 DEBUG KXBTC15M-26FEB031445-45: K=0.57 ask=0.59 ttc=344s can_enter=True(ok)
2026-02-03T19:39:44.585170 [ 1381s] BTC: $74,934.16 (-0.027%) | Brackets: 1 | Open: 0 | Trades: 4 (MR:2 DA:2) | P&L: $+1.50
2026-02-03T19:39:45.586860 [ 1382s] 🔍 DEBUG KXBTC15M-26FEB031445-45: K=0.69 ask=0.72 ttc=314s can_enter=True(ok)
2026-02-03T19:40:15.620336 [ 1412s] 🔍 DEBUG KXBTC15M-26FEB031445-45: K=0.58 ask=0.60 ttc=284s can_enter=True(ok)
2026-02-03T19:40:44.649712 [ 1442s] BTC: $74,863.57 (+0.092%) | Brackets: 1 | Open: 0 | Trades: 4 (MR:2 DA:2) | P&L: $+1.50
2026-02-03T19:40:45.651153 [ 1443s] 🔍 DEBUG KXBTC15M-26FEB031445-45: K=0.51 ask=0.52 ttc=254s can_enter=True(ok)
2026-02-03T19:41:15.685446 [ 1473s] 🔍 DEBUG KXBTC15M-26FEB031445-45: K=0.71 ask=0.73 ttc=224s can_enter=True(ok)
2026-02-03T19:41:33.741725 [ 1491s] 📈 MR-HIGH KXBTC15M-26FEB031445-45: K@0.85 → NO@0.15 (mom=+0.027%)
2026-02-03T19:41:44.756910 [ 1502s] BTC: $74,989.63 (+0.033%) | Brackets: 1 | Open: 1 | Trades: 4 (MR:2 DA:2) | P&L: $+1.50
2026-02-03T19:41:45.758001 [ 1503s] 🔍 DEBUG KXBTC15M-26FEB031445-45: K=0.85 ask=0.86 ttc=194s can_enter=True(ok)
2026-02-03T19:41:59.812992 [ 1517s] ❌ mean_reversion_high KXBTC15M-26FEB031445-45 CLOSE (STOP(-25%)): $-1.10 | Total: $+0.40
2026-02-03T19:42:06.856658 [ 1524s] 📈 MR-HIGH KXBTC15M-26FEB031445-45: K@0.95 → NO@0.05 (mom=+0.046%)
2026-02-03T19:42:15.870066 [ 1533s] 🔍 DEBUG KXBTC15M-26FEB031445-45: K=0.95 ask=0.96 ttc=164s can_enter=True(ok)
2026-02-03T19:42:44.915738 [ 1562s] BTC: $75,009.24 (-0.060%) | Brackets: 1 | Open: 1 | Trades: 5 (MR:3 DA:2) | P&L: $+0.40
2026-02-03T19:42:45.917073 [ 1563s] 🔍 DEBUG KXBTC15M-26FEB031445-45: K=0.94 ask=0.96 ttc=134s can_enter=True(ok)
2026-02-03T19:43:00.981379 [ 1578s] ✅ mean_reversion_high KXBTC15M-26FEB031445-45 CLOSE (PROFIT): $+0.40 | Total: $+0.80
2026-02-03T19:43:15.996595 [ 1593s] 🔍 DEBUG KXBTC15M-26FEB031445-45: K=0.91 ask=0.92 ttc=104s can_enter=False(too_close)
2026-02-03T19:43:45.027960 [ 1622s] BTC: $74,911.10 (-0.106%) | Brackets: 1 | Open: 0 | Trades: 6 (MR:4 DA:2) | P&L: $+0.80
2026-02-03T19:43:46.028915 [ 1623s] 🔍 DEBUG KXBTC15M-26FEB031445-45: K=0.76 ask=0.77 ttc=74s can_enter=False(too_close)
2026-02-03T19:44:16.076179 [ 1653s] 🔍 DEBUG KXBTC15M-26FEB031445-45: K=0.80 ask=0.87 ttc=44s can_enter=False(too_close)
2026-02-03T19:44:45.106732 [ 1682s] BTC: $74,823.09 (-0.029%) | Brackets: 1 | Open: 0 | Trades: 6 (MR:4 DA:2) | P&L: $+0.80
2026-02-03T19:44:46.107680 [ 1683s] 🔍 DEBUG KXBTC15M-26FEB031445-45: K=0.46 ask=0.64 ttc=14s can_enter=False(too_close)
2026-02-03T19:45:16.144696 [ 1713s] 🔍 DEBUG KXBTC15M-26FEB031445-45: K=0.46 ask=0.64 ttc=-16s can_enter=False(too_close)
2026-02-03T19:45:45.176258 [ 1742s] BTC: $74,815.93 (-0.032%) | Brackets: 1 | Open: 0 | Trades: 6 (MR:4 DA:2) | P&L: $+0.80
2026-02-03T19:45:46.177578 [ 1743s] 🔍 DEBUG KXBTC15M-26FEB031500-00: K=0.41 ask=0.61 ttc=854s can_enter=False(spread_wide)
2026-02-03T19:46:16.209970 [ 1773s] 🔍 DEBUG KXBTC15M-26FEB031500-00: K=0.41 ask=0.42 ttc=824s can_enter=True(ok)
2026-02-03T19:46:45.240025 [ 1802s] BTC: $74,621.92 (-0.055%) | Brackets: 1 | Open: 0 | Trades: 6 (MR:4 DA:2) | P&L: $+0.80
2026-02-03T19:46:46.241707 [ 1803s] 🔍 DEBUG KXBTC15M-26FEB031500-00: K=0.29 ask=0.33 ttc=794s can_enter=True(ok)
2026-02-03T19:47:16.273336 [ 1833s] 🔍 DEBUG KXBTC15M-26FEB031500-00: K=0.24 ask=0.27 ttc=764s can_enter=True(ok)
2026-02-03T19:47:45.305491 [ 1862s] BTC: $74,494.28 (-0.052%) | Brackets: 1 | Open: 0 | Trades: 6 (MR:4 DA:2) | P&L: $+0.80
2026-02-03T19:47:46.306562 [ 1863s] 🔍 DEBUG KXBTC15M-26FEB031500-00: K=0.19 ask=0.20 ttc=734s can_enter=True(ok)
2026-02-03T19:48:16.337082 [ 1893s] 🔍 DEBUG KXBTC15M-26FEB031500-00: K=0.15 ask=0.16 ttc=704s can_enter=True(ok)
2026-02-03T19:48:45.367387 [ 1922s] BTC: $74,418.46 (-0.092%) | Brackets: 1 | Open: 0 | Trades: 6 (MR:4 DA:2) | P&L: $+0.80
2026-02-03T19:48:46.369053 [ 1923s] 🔍 DEBUG KXBTC15M-26FEB031500-00: K=0.16 ask=0.17 ttc=674s can_enter=True(ok)
2026-02-03T19:49:16.397917 [ 1953s] 🔍 DEBUG KXBTC15M-26FEB031500-00: K=0.11 ask=0.13 ttc=644s can_enter=True(ok)
2026-02-03T19:49:45.427277 [ 1982s] BTC: $74,385.50 (+0.046%) | Brackets: 1 | Open: 0 | Trades: 6 (MR:4 DA:2) | P&L: $+0.80
2026-02-03T19:49:46.428878 [ 1983s] 🔍 DEBUG KXBTC15M-26FEB031500-00: K=0.10 ask=0.11 ttc=614s can_enter=True(ok)
2026-02-03T19:50:16.460105 [ 2013s] 🔍 DEBUG KXBTC15M-26FEB031500-00: K=0.11 ask=0.12 ttc=584s can_enter=True(ok)
2026-02-03T19:50:37.573240 [ 2034s] 🎯 DELAY KXBTC15M-26FEB031500-00: BTC +0.233%(1m) +0.233%(30s) → YES@0.19
2026-02-03T19:50:45.586292 [ 2042s] BTC: $74,574.31 (+0.207%) | Brackets: 1 | Open: 1 | Trades: 6 (MR:4 DA:2) | P&L: $+0.80
2026-02-03T19:50:46.587858 [ 2043s] 🔍 DEBUG KXBTC15M-26FEB031500-00: K=0.18 ask=0.19 ttc=553s can_enter=True(ok)
2026-02-03T19:51:10.659506 [ 2067s] ✅ delay_arb KXBTC15M-26FEB031500-00 CLOSE (PROFIT): $+0.88 | Total: $+1.68
2026-02-03T19:51:16.664759 [ 2074s] 🔍 DEBUG KXBTC15M-26FEB031500-00: K=0.26 ask=0.27 ttc=523s can_enter=True(ok)
2026-02-03T19:51:45.695022 [ 2103s] BTC: $74,583.72 (-0.114%) | Brackets: 1 | Open: 0 | Trades: 7 (MR:4 DA:3) | P&L: $+1.68
2026-02-03T19:51:46.696078 [ 2104s] 🔍 DEBUG KXBTC15M-26FEB031500-00: K=0.20 ask=0.22 ttc=493s can_enter=True(ok)
2026-02-03T19:52:16.727103 [ 2134s] 🔍 DEBUG KXBTC15M-26FEB031500-00: K=0.16 ask=0.18 ttc=463s can_enter=True(ok)
2026-02-03T19:52:45.762632 [ 2163s] BTC: $74,484.69 (-0.130%) | Brackets: 1 | Open: 0 | Trades: 7 (MR:4 DA:3) | P&L: $+1.68
2026-02-03T19:52:46.763911 [ 2164s] 🔍 DEBUG KXBTC15M-26FEB031500-00: K=0.10 ask=0.13 ttc=433s can_enter=True(ok)
2026-02-03T19:53:16.795630 [ 2194s] 🔍 DEBUG KXBTC15M-26FEB031500-00: K=0.07 ask=0.09 ttc=403s can_enter=True(ok)
2026-02-03T19:53:45.820213 [ 2223s] BTC: $74,511.84 (+0.002%) | Brackets: 1 | Open: 0 | Trades: 7 (MR:4 DA:3) | P&L: $+1.68
2026-02-03T19:53:46.821012 [ 2224s] 🔍 DEBUG KXBTC15M-26FEB031500-00: K=0.14 ask=0.17 ttc=373s can_enter=True(ok)
2026-02-03T19:54:16.848740 [ 2254s] 🔍 DEBUG KXBTC15M-26FEB031500-00: K=0.12 ask=0.15 ttc=343s can_enter=True(ok)
2026-02-03T19:54:45.879610 [ 2283s] BTC: $74,556.72 (+0.039%) | Brackets: 1 | Open: 0 | Trades: 7 (MR:4 DA:3) | P&L: $+1.68
2026-02-03T19:54:46.880961 [ 2284s] 🔍 DEBUG KXBTC15M-26FEB031500-00: K=0.13 ask=0.16 ttc=313s can_enter=True(ok)
2026-02-03T19:55:16.910744 [ 2314s] 🔍 DEBUG KXBTC15M-26FEB031500-00: K=0.13 ask=0.16 ttc=283s can_enter=True(ok)
2026-02-03T19:55:45.939836 [ 2343s] BTC: $74,690.28 (+0.057%) | Brackets: 1 | Open: 0 | Trades: 7 (MR:4 DA:3) | P&L: $+1.68
2026-02-03T19:55:46.940267 [ 2344s] 🔍 DEBUG KXBTC15M-26FEB031500-00: K=0.30 ask=0.34 ttc=253s can_enter=True(ok)
2026-02-03T19:56:16.974421 [ 2374s] 🔍 DEBUG KXBTC15M-26FEB031500-00: K=0.71 ask=0.72 ttc=223s can_enter=True(ok)
2026-02-03T19:56:46.001762 [ 2403s] BTC: $74,929.17 (-0.031%) | Brackets: 1 | Open: 0 | Trades: 7 (MR:4 DA:3) | P&L: $+1.68
2026-02-03T19:56:47.003143 [ 2404s] 🔍 DEBUG KXBTC15M-26FEB031500-00: K=0.72 ask=0.75 ttc=193s can_enter=True(ok)
2026-02-03T19:57:17.034504 [ 2434s] 🔍 DEBUG KXBTC15M-26FEB031500-00: K=0.56 ask=0.61 ttc=163s can_enter=True(ok)
2026-02-03T19:57:46.061417 [ 2463s] BTC: $74,945.69 (+0.028%) | Brackets: 1 | Open: 0 | Trades: 7 (MR:4 DA:3) | P&L: $+1.68
2026-02-03T19:57:47.062001 [ 2464s] 🔍 DEBUG KXBTC15M-26FEB031500-00: K=0.75 ask=0.80 ttc=133s can_enter=True(ok)
2026-02-03T19:58:17.096165 [ 2494s] 🔍 DEBUG KXBTC15M-26FEB031500-00: K=0.89 ask=0.90 ttc=103s can_enter=False(too_close)
2026-02-03T19:58:46.126921 [ 2523s] BTC: $74,970.06 (+0.023%) | Brackets: 1 | Open: 0 | Trades: 7 (MR:4 DA:3) | P&L: $+1.68
2026-02-03T19:58:47.127904 [ 2524s] 🔍 DEBUG KXBTC15M-26FEB031500-00: K=0.92 ask=0.96 ttc=73s can_enter=False(too_close)
2026-02-03T19:59:17.159440 [ 2554s] 🔍 DEBUG KXBTC15M-26FEB031500-00: K=0.91 ask=0.99 ttc=43s can_enter=False(too_close)
2026-02-03T19:59:46.197682 [ 2583s] BTC: $74,913.62 (+0.012%) | Brackets: 1 | Open: 0 | Trades: 7 (MR:4 DA:3) | P&L: $+1.68
2026-02-03T19:59:47.199091 [ 2584s] 🔍 DEBUG KXBTC15M-26FEB031500-00: K=0.99 ask=1.00 ttc=13s can_enter=False(too_close)
2026-02-03T20:00:17.249530 [ 2614s] 🔍 DEBUG KXBTC15M-26FEB031515-15: K=0.20 ask=0.45 ttc=883s can_enter=False(spread_wide)
2026-02-03T20:00:46.283053 [ 2643s] BTC: $74,914.04 (+0.012%) | Brackets: 1 | Open: 0 | Trades: 7 (MR:4 DA:3) | P&L: $+1.68
2026-02-03T20:00:47.283672 [ 2644s] 🔍 DEBUG KXBTC15M-26FEB031515-15: K=0.44 ask=0.45 ttc=853s can_enter=True(ok)
2026-02-03T20:01:17.313541 [ 2674s] 🔍 DEBUG KXBTC15M-26FEB031515-15: K=0.55 ask=0.58 ttc=823s can_enter=True(ok)
2026-02-03T20:01:46.341058 [ 2703s] BTC: $74,903.04 (+0.025%) | Brackets: 1 | Open: 0 | Trades: 7 (MR:4 DA:3) | P&L: $+1.68
2026-02-03T20:01:47.341587 [ 2704s] 🔍 DEBUG KXBTC15M-26FEB031515-15: K=0.47 ask=0.50 ttc=793s can_enter=True(ok)
2026-02-03T20:02:17.372078 [ 2734s] 🔍 DEBUG KXBTC15M-26FEB031515-15: K=0.48 ask=0.50 ttc=763s can_enter=True(ok)
2026-02-03T20:02:46.400250 [ 2763s] BTC: $74,892.84 (-0.131%) | Brackets: 1 | Open: 0 | Trades: 7 (MR:4 DA:3) | P&L: $+1.68
2026-02-03T20:02:47.401647 [ 2764s] 🔍 DEBUG KXBTC15M-26FEB031515-15: K=0.47 ask=0.48 ttc=733s can_enter=True(ok)
2026-02-03T20:03:17.440104 [ 2794s] 🔍 DEBUG KXBTC15M-26FEB031515-15: K=0.35 ask=0.37 ttc=703s can_enter=True(ok)
2026-02-03T20:03:46.467116 [ 2823s] BTC: $74,722.43 (-0.039%) | Brackets: 1 | Open: 0 | Trades: 7 (MR:4 DA:3) | P&L: $+1.68
2026-02-03T20:03:47.467923 [ 2824s] 🔍 DEBUG KXBTC15M-26FEB031515-15: K=0.27 ask=0.31 ttc=673s can_enter=True(ok)
2026-02-03T20:04:17.500863 [ 2854s] 🔍 DEBUG KXBTC15M-26FEB031515-15: K=0.27 ask=0.31 ttc=642s can_enter=True(ok)
2026-02-03T20:04:46.529535 [ 2883s] BTC: $74,660.16 (-0.104%) | Brackets: 1 | Open: 0 | Trades: 7 (MR:4 DA:3) | P&L: $+1.68
2026-02-03T20:04:47.531220 [ 2884s] 🔍 DEBUG KXBTC15M-26FEB031515-15: K=0.20 ask=0.22 ttc=612s can_enter=True(ok)
2026-02-03T20:05:17.577116 [ 2914s] 🔍 DEBUG KXBTC15M-26FEB031515-15: K=0.20 ask=0.22 ttc=582s can_enter=True(ok)
2026-02-03T20:05:46.604713 [ 2943s] BTC: $74,574.63 (-0.046%) | Brackets: 1 | Open: 0 | Trades: 7 (MR:4 DA:3) | P&L: $+1.68
2026-02-03T20:05:47.605882 [ 2944s] 🔍 DEBUG KXBTC15M-26FEB031515-15: K=0.17 ask=0.20 ttc=552s can_enter=True(ok)
2026-02-03T20:06:17.644125 [ 2975s] 🔍 DEBUG KXBTC15M-26FEB031515-15: K=0.14 ask=0.15 ttc=522s can_enter=True(ok)
2026-02-03T20:06:46.695416 [ 3004s] BTC: $74,658.59 (+0.055%) | Brackets: 1 | Open: 0 | Trades: 7 (MR:4 DA:3) | P&L: $+1.68
2026-02-03T20:06:47.697392 [ 3005s] 🔍 DEBUG KXBTC15M-26FEB031515-15: K=0.14 ask=0.15 ttc=492s can_enter=True(ok)
2026-02-03T20:07:17.725179 [ 3035s] 🔍 DEBUG KXBTC15M-26FEB031515-15: K=0.16 ask=0.17 ttc=462s can_enter=True(ok)
2026-02-03T20:07:46.750722 [ 3064s] BTC: $74,652.93 (+0.028%) | Brackets: 1 | Open: 0 | Trades: 7 (MR:4 DA:3) | P&L: $+1.68
2026-02-03T20:07:47.751687 [ 3065s] 🔍 DEBUG KXBTC15M-26FEB031515-15: K=0.14 ask=0.17 ttc=432s can_enter=True(ok)
2026-02-03T20:08:17.781550 [ 3095s] 🔍 DEBUG KXBTC15M-26FEB031515-15: K=0.15 ask=0.17 ttc=402s can_enter=True(ok)
2026-02-03T20:08:46.811707 [ 3124s] BTC: $74,554.02 (-0.036%) | Brackets: 1 | Open: 0 | Trades: 7 (MR:4 DA:3) | P&L: $+1.68
2026-02-03T20:08:47.812885 [ 3125s] 🔍 DEBUG KXBTC15M-26FEB031515-15: K=0.10 ask=0.11 ttc=372s can_enter=True(ok)
2026-02-03T20:09:17.857141 [ 3155s] 🔍 DEBUG KXBTC15M-26FEB031515-15: K=0.05 ask=0.07 ttc=342s can_enter=True(ok)
2026-02-03T20:09:46.888888 [ 3184s] BTC: $74,577.74 (+0.053%) | Brackets: 1 | Open: 0 | Trades: 7 (MR:4 DA:3) | P&L: $+1.68
2026-02-03T20:09:47.889621 [ 3185s] 🔍 DEBUG KXBTC15M-26FEB031515-15: K=0.04 ask=0.06 ttc=312s can_enter=True(ok)
2026-02-03T20:10:17.924716 [ 3215s] 🔍 DEBUG KXBTC15M-26FEB031515-15: K=0.05 ask=0.07 ttc=282s can_enter=True(ok)
2026-02-03T20:10:46.957634 [ 3244s] BTC: $74,544.25 (-0.044%) | Brackets: 1 | Open: 0 | Trades: 7 (MR:4 DA:3) | P&L: $+1.68
2026-02-03T20:10:47.958516 [ 3245s] 🔍 DEBUG KXBTC15M-26FEB031515-15: K=0.05 ask=0.08 ttc=252s can_enter=True(ok)
2026-02-03T20:11:17.996389 [ 3275s] 🔍 DEBUG KXBTC15M-26FEB031515-15: K=0.02 ask=0.04 ttc=222s can_enter=True(ok)
2026-02-03T20:11:47.027199 [ 3304s] BTC: $74,592.59 (+0.077%) | Brackets: 1 | Open: 0 | Trades: 7 (MR:4 DA:3) | P&L: $+1.68
2026-02-03T20:11:48.027931 [ 3305s] 🔍 DEBUG KXBTC15M-26FEB031515-15: K=0.01 ask=0.02 ttc=192s can_enter=True(ok)
2026-02-03T20:12:18.062214 [ 3335s] 🔍 DEBUG KXBTC15M-26FEB031515-15: K=0.01 ask=0.02 ttc=162s can_enter=True(ok)
2026-02-03T20:12:47.096712 [ 3364s] BTC: $74,618.71 (-0.011%) | Brackets: 1 | Open: 0 | Trades: 7 (MR:4 DA:3) | P&L: $+1.68
2026-02-03T20:12:48.098145 [ 3365s] 🔍 DEBUG KXBTC15M-26FEB031515-15: K=0.01 ask=0.03 ttc=132s can_enter=True(ok)
2026-02-03T20:13:18.128657 [ 3395s] 🔍 DEBUG KXBTC15M-26FEB031515-15: K=0.01 ask=0.02 ttc=102s can_enter=False(too_close)
2026-02-03T20:13:47.158900 [ 3424s] BTC: $74,627.44 (+0.015%) | Brackets: 1 | Open: 0 | Trades: 7 (MR:4 DA:3) | P&L: $+1.68
2026-02-03T20:13:48.160394 [ 3425s] 🔍 DEBUG KXBTC15M-26FEB031515-15: K=0.00 ask=0.01 ttc=72s can_enter=False(too_close)
2026-02-03T20:14:18.191455 [ 3455s] 🔍 DEBUG KXBTC15M-26FEB031515-15: K=0.00 ask=0.01 ttc=42s can_enter=False(too_close)
2026-02-03T20:14:47.218164 [ 3484s] BTC: $74,597.26 (-0.029%) | Brackets: 1 | Open: 0 | Trades: 7 (MR:4 DA:3) | P&L: $+1.68
2026-02-03T20:14:48.219303 [ 3485s] 🔍 DEBUG KXBTC15M-26FEB031515-15: K=0.00 ask=0.01 ttc=12s can_enter=False(too_close)
2026-02-03T20:15:18.256006 [ 3515s] 🔍 DEBUG KXBTC15M-26FEB031515-15: K=0.00 ask=0.01 ttc=-18s can_enter=False(too_close)
2026-02-03T20:15:47.287657 [ 3544s] BTC: $74,549.63 (-0.088%) | Brackets: 1 | Open: 0 | Trades: 7 (MR:4 DA:3) | P&L: $+1.68
2026-02-03T20:15:48.288207 [ 3545s] 🔍 DEBUG KXBTC15M-26FEB031530-30: K=0.46 ask=0.55 ttc=852s can_enter=True(ok)
2026-02-03T20:16:18.320174 [ 3575s] 🔍 DEBUG KXBTC15M-26FEB031530-30: K=0.45 ask=0.48 ttc=822s can_enter=True(ok)
2026-02-03T20:16:47.351493 [ 3604s] BTC: $74,648.87 (+0.030%) | Brackets: 1 | Open: 0 | Trades: 7 (MR:4 DA:3) | P&L: $+1.68
2026-02-03T20:16:48.364524 [ 3605s] 🔍 DEBUG KXBTC15M-26FEB031530-30: K=0.53 ask=0.54 ttc=792s can_enter=True(ok)
2026-02-03T20:17:18.390622 [ 3635s] 🔍 DEBUG KXBTC15M-26FEB031530-30: K=0.56 ask=0.57 ttc=762s can_enter=True(ok)
2026-02-03T20:17:47.418056 [ 3664s] BTC: $74,803.45 (+0.087%) | Brackets: 1 | Open: 0 | Trades: 7 (MR:4 DA:3) | P&L: $+1.68
2026-02-03T20:17:48.418766 [ 3665s] 🔍 DEBUG KXBTC15M-26FEB031530-30: K=0.69 ask=0.72 ttc=732s can_enter=True(ok)
2026-02-03T20:18:18.447745 [ 3695s] 🔍 DEBUG KXBTC15M-26FEB031530-30: K=0.80 ask=0.83 ttc=702s can_enter=True(ok)
2026-02-03T20:18:30.499337 [ 3707s] 📈 MR-HIGH KXBTC15M-26FEB031530-30: K@0.85 → NO@0.15 (mom=+0.039%)
2026-02-03T20:18:47.525106 [ 3724s] BTC: $75,050.15 (+0.142%) | Brackets: 1 | Open: 1 | Trades: 7 (MR:4 DA:3) | P&L: $+1.68
2026-02-03T20:18:48.526448 [ 3725s] 🔍 DEBUG KXBTC15M-26FEB031530-30: K=0.85 ask=0.87 ttc=671s can_enter=True(ok)
2026-02-03T20:19:00.585039 [ 3737s] ❌ mean_reversion_high KXBTC15M-26FEB031530-30 CLOSE (STOP(-25%)): $-0.90 | Total: $+0.78
2026-02-03T20:19:05.621451 [ 3742s] 📈 MR-HIGH KXBTC15M-26FEB031530-30: K@0.91 → NO@0.09 (mom=+0.029%)
2026-02-03T20:19:18.641703 [ 3756s] 🔍 DEBUG KXBTC15M-26FEB031530-30: K=0.91 ask=0.93 ttc=641s can_enter=True(ok)
2026-02-03T20:19:47.691030 [ 3785s] BTC: $75,070.96 (-0.065%) | Brackets: 1 | Open: 1 | Trades: 8 (MR:5 DA:3) | P&L: $+0.78
2026-02-03T20:19:48.691913 [ 3786s] 🔍 DEBUG KXBTC15M-26FEB031530-30: K=0.90 ask=0.93 ttc=611s can_enter=True(ok)
2026-02-03T20:20:18.737667 [ 3816s] 🔍 DEBUG KXBTC15M-26FEB031530-30: K=0.91 ask=0.92 ttc=581s can_enter=True(ok)
2026-02-03T20:20:31.789382 [ 3829s] ❌ mean_reversion_high KXBTC15M-26FEB031530-30 CLOSE (STOP(-25%)): $-0.40 | Total: $+0.38
2026-02-03T20:20:41.833460 [ 3839s] 📈 MR-HIGH KXBTC15M-26FEB031530-30: K@0.93 → NO@0.07 (mom=+0.036%)
2026-02-03T20:20:42.333411 [ 3839s] ❌ mean_reversion_high KXBTC15M-26FEB031530-30 CLOSE (STOP(-25%)): $-0.20 | Total: $+0.18
2026-02-03T20:20:47.370987 [ 3844s] 📈 MR-HIGH KXBTC15M-26FEB031530-30: K@0.93 → NO@0.07 (mom=-0.061%)
2026-02-03T20:20:47.870963 [ 3844s] ❌ mean_reversion_high KXBTC15M-26FEB031530-30 CLOSE (STOP(-25%)): $-0.20 | Total: $-0.02
2026-02-03T20:20:47.871042 [ 3844s] BTC: $75,192.21 (-0.061%) | Brackets: 1 | Open: 0 | Trades: 11 (MR:8 DA:3) | P&L: $-0.02
2026-02-03T20:20:48.872267 [ 3846s] 🔍 DEBUG KXBTC15M-26FEB031530-30: K=0.93 ask=0.95 ttc=551s can_enter=False(cooldown)
2026-02-03T20:20:52.909361 [ 3850s] 📈 MR-HIGH KXBTC15M-26FEB031530-30: K@0.93 → NO@0.07 (mom=-0.115%)
2026-02-03T20:20:53.408590 [ 3850s] ❌ mean_reversion_high KXBTC15M-26FEB031530-30 CLOSE (STOP(-25%)): $-0.18 | Total: $-0.20
2026-02-03T20:20:58.447157 [ 3855s] 📈 MR-HIGH KXBTC15M-26FEB031530-30: K@0.93 → NO@0.07 (mom=-0.147%)
2026-02-03T20:20:58.946893 [ 3855s] ❌ mean_reversion_high KXBTC15M-26FEB031530-30 CLOSE (STOP(-25%)): $-0.20 | Total: $-0.40
2026-02-03T20:21:03.984933 [ 3861s] 📈 MR-HIGH KXBTC15M-26FEB031530-30: K@0.91 → NO@0.09 (mom=-0.143%)
2026-02-03T20:21:19.012071 [ 3876s] 🔍 DEBUG KXBTC15M-26FEB031530-30: K=0.91 ask=0.93 ttc=521s can_enter=True(ok)
2026-02-03T20:21:32.079902 [ 3889s] ❌ mean_reversion_high KXBTC15M-26FEB031530-30 CLOSE (STOP(-25%)): $-0.60 | Total: $-1.00
2026-02-03T20:21:38.119940 [ 3895s] 📈 MR-HIGH KXBTC15M-26FEB031530-30: K@0.95 → NO@0.05 (mom=+0.025%)
2026-02-03T20:21:38.650771 [ 3895s] ❌ mean_reversion_high KXBTC15M-26FEB031530-30 CLOSE (STOP(-25%)): $-0.40 | Total: $-1.40
2026-02-03T20:21:43.690493 [ 3901s] 📈 MR-HIGH KXBTC15M-26FEB031530-30: K@0.95 → NO@0.05 (mom=-0.023%)
2026-02-03T20:21:44.190459 [ 3901s] ❌ mean_reversion_high KXBTC15M-26FEB031530-30 CLOSE (STOP(-25%)): $-0.30 | Total: $-1.70
2026-02-03T20:21:48.196379 [ 3905s] BTC: $75,018.97 (-0.121%) | Brackets: 1 | Open: 0 | Trades: 16 (MR:13 DA:3) | P&L: $-1.70
2026-02-03T20:21:49.198084 [ 3906s] 🔍 DEBUG KXBTC15M-26FEB031530-30: K=0.93 ask=0.95 ttc=491s can_enter=True(ok)
2026-02-03T20:21:49.232389 [ 3906s] 📈 MR-HIGH KXBTC15M-26FEB031530-30: K@0.93 → NO@0.07 (mom=-0.124%)
2026-02-03T20:21:49.730290 [ 3906s] ❌ mean_reversion_high KXBTC15M-26FEB031530-30 CLOSE (STOP(-25%)): $-0.18 | Total: $-1.88
2026-02-03T20:21:54.767215 [ 3912s] 📈 MR-HIGH KXBTC15M-26FEB031530-30: K@0.93 → NO@0.07 (mom=-0.135%)
2026-02-03T20:21:55.268092 [ 3912s] ❌ mean_reversion_high KXBTC15M-26FEB031530-30 CLOSE (STOP(-25%)): $-0.10 | Total: $-1.98
2026-02-03T20:22:00.311288 [ 3917s] 📈 MR-HIGH KXBTC15M-26FEB031530-30: K@0.93 → NO@0.07 (mom=-0.091%)
2026-02-03T20:22:00.843456 [ 3917s] ❌ mean_reversion_high KXBTC15M-26FEB031530-30 CLOSE (STOP(-25%)): $-0.20 | Total: $-2.18
2026-02-03T20:22:05.878683 [ 3923s] 📈 MR-HIGH KXBTC15M-26FEB031530-30: K@0.93 → NO@0.07 (mom=-0.043%)
2026-02-03T20:22:06.379913 [ 3923s] ❌ mean_reversion_high KXBTC15M-26FEB031530-30 CLOSE (STOP(-25%)): $-0.20 | Total: $-2.38
2026-02-03T20:22:11.417460 [ 3928s] 📈 MR-HIGH KXBTC15M-26FEB031530-30: K@0.93 → NO@0.07 (mom=+0.005%)
2026-02-03T20:22:11.916991 [ 3928s] ❌ mean_reversion_high KXBTC15M-26FEB031530-30 CLOSE (STOP(-25%)): $-0.30 | Total: $-2.68
2026-02-03T20:22:19.927508 [ 3937s] 🔍 DEBUG KXBTC15M-26FEB031530-30: K=0.93 ask=0.95 ttc=460s can_enter=True(ok)
2026-02-03T20:22:29.969850 [ 3947s] 📈 MR-HIGH KXBTC15M-26FEB031530-30: K@0.93 → NO@0.07 (mom=+0.022%)
2026-02-03T20:22:30.479197 [ 3947s] ❌ mean_reversion_high KXBTC15M-26FEB031530-30 CLOSE (PROFIT): $-0.12 | Total: $-2.80
2026-02-03T20:22:35.519519 [ 3952s] 📈 MR-HIGH KXBTC15M-26FEB031530-30: K@0.96 → NO@0.04 (mom=+0.036%)
2026-02-03T20:22:36.016082 [ 3952s] ❌ mean_reversion_high KXBTC15M-26FEB031530-30 CLOSE (STOP(-25%)): $-0.20 | Total: $-3.00
2026-02-03T20:22:41.057936 [ 3958s] 📈 MR-HIGH KXBTC15M-26FEB031530-30: K@0.96 → NO@0.04 (mom=+0.045%)
2026-02-03T20:22:41.570293 [ 3958s] ❌ mean_reversion_high KXBTC15M-26FEB031530-30 CLOSE (STOP(-25%)): $-0.20 | Total: $-3.20
2026-02-03T20:22:48.578512 [ 3965s] BTC: $75,127.28 (+0.073%) | Brackets: 1 | Open: 0 | Trades: 24 (MR:21 DA:3) | P&L: $-3.20
2026-02-03T20:22:50.580658 [ 3967s] 🔍 DEBUG KXBTC15M-26FEB031530-30: K=0.96 ask=0.98 ttc=429s can_enter=True(ok)
2026-02-03T20:22:52.616859 [ 3969s] 📈 MR-HIGH KXBTC15M-26FEB031530-30: K@0.96 → NO@0.04 (mom=+0.033%)
2026-02-03T20:22:53.118565 [ 3969s] ❌ mean_reversion_high KXBTC15M-26FEB031530-30 CLOSE (STOP(-25%)): $-0.10 | Total: $-3.30
2026-02-03T20:22:58.156629 [ 3975s] 📈 MR-HIGH KXBTC15M-26FEB031530-30: K@0.96 → NO@0.04 (mom=+0.028%)
2026-02-03T20:22:58.656504 [ 3975s] ❌ mean_reversion_high KXBTC15M-26FEB031530-30 CLOSE (STOP(-25%)): $-0.10 | Total: $-3.40
2026-02-03T20:23:03.693387 [ 3981s] 📈 MR-HIGH KXBTC15M-26FEB031530-30: K@0.97 → NO@0.03 (mom=+0.018%)
2026-02-03T20:23:04.201727 [ 3981s] ❌ mean_reversion_high KXBTC15M-26FEB031530-30 CLOSE (STOP(-25%)): $-0.20 | Total: $-3.60
2026-02-03T20:23:09.241742 [ 3986s] 📈 MR-HIGH KXBTC15M-26FEB031530-30: K@0.97 → NO@0.03 (mom=-0.018%)
2026-02-03T20:23:09.741675 [ 3986s] ❌ mean_reversion_high KXBTC15M-26FEB031530-30 CLOSE (STOP(-25%)): $-0.20 | Total: $-3.80
2026-02-03T20:23:20.756026 [ 3998s] 🔍 DEBUG KXBTC15M-26FEB031530-30: K=0.97 ask=0.99 ttc=399s can_enter=True(ok)
2026-02-03T20:23:29.796053 [ 4007s] 📈 MR-HIGH KXBTC15M-26FEB031530-30: K@0.97 → NO@0.03 (mom=+0.028%)
2026-02-03T20:23:30.308577 [ 4007s] ❌ mean_reversion_high KXBTC15M-26FEB031530-30 CLOSE (STOP(-25%)): $-0.10 | Total: $-3.90
2026-02-03T20:23:35.346068 [ 4012s] 📈 MR-HIGH KXBTC15M-26FEB031530-30: K@0.98 → NO@0.02 (mom=-0.005%)
2026-02-03T20:23:35.843733 [ 4012s] ❌ mean_reversion_high KXBTC15M-26FEB031530-30 CLOSE (STOP(-25%)): $-0.10 | Total: $-4.00
2026-02-03T20:23:40.881140 [ 4018s] 📈 MR-HIGH KXBTC15M-26FEB031530-30: K@0.98 → NO@0.02 (mom=+0.034%)
2026-02-03T20:23:41.380754 [ 4018s] ❌ mean_reversion_high KXBTC15M-26FEB031530-30 CLOSE (STOP(-25%)): $-0.10 | Total: $-4.10
2026-02-03T20:23:46.417944 [ 4023s] 📈 MR-HIGH KXBTC15M-26FEB031530-30: K@0.98 → NO@0.02 (mom=-0.012%)
2026-02-03T20:23:46.919724 [ 4023s] ❌ mean_reversion_high KXBTC15M-26FEB031530-30 CLOSE (STOP(-25%)): $-0.10 | Total: $-4.20
2026-02-03T20:23:48.921368 [ 4026s] BTC: $75,294.82 (-0.004%) | Brackets: 1 | Open: 0 | Trades: 32 (MR:29 DA:3) | P&L: $-4.20
2026-02-03T20:23:50.923660 [ 4028s] 🔍 DEBUG KXBTC15M-26FEB031530-30: K=0.98 ask=0.99 ttc=369s can_enter=False(cooldown)
2026-02-03T20:23:51.959725 [ 4029s] 📈 MR-HIGH KXBTC15M-26FEB031530-30: K@0.98 → NO@0.02 (mom=-0.006%)
2026-02-03T20:23:52.457912 [ 4029s] ❌ mean_reversion_high KXBTC15M-26FEB031530-30 CLOSE (STOP(-25%)): $-0.10 | Total: $-4.30
2026-02-03T20:23:57.497273 [ 4034s] 📈 MR-HIGH KXBTC15M-26FEB031530-30: K@0.98 → NO@0.02 (mom=-0.020%)
2026-02-03T20:23:58.035551 [ 4034s] ❌ mean_reversion_high KXBTC15M-26FEB031530-30 CLOSE (STOP(-25%)): $-0.10 | Total: $-4.40
2026-02-03T20:24:03.075746 [ 4040s] 📈 MR-HIGH KXBTC15M-26FEB031530-30: K@0.98 → NO@0.02 (mom=-0.001%)
2026-02-03T20:24:03.575160 [ 4040s] ❌ mean_reversion_high KXBTC15M-26FEB031530-30 CLOSE (STOP(-25%)): $-0.10 | Total: $-4.50
2026-02-03T20:24:08.643074 [ 4045s] 📈 MR-HIGH KXBTC15M-26FEB031530-30: K@0.99 → NO@0.01 (mom=+0.032%)
2026-02-03T20:24:09.112809 [ 4045s] ❌ mean_reversion_high KXBTC15M-26FEB031530-30 CLOSE (STOP(-25%)): $-0.10 | Total: $-4.60
2026-02-03T20:24:14.149564 [ 4051s] 📈 MR-HIGH KXBTC15M-26FEB031530-30: K@0.99 → NO@0.01 (mom=+0.046%)
2026-02-03T20:24:14.654104 [ 4051s] ❌ mean_reversion_high KXBTC15M-26FEB031530-30 CLOSE (STOP(-25%)): $-0.10 | Total: $-4.70
2026-02-03T20:24:19.690546 [ 4057s] 📈 MR-HIGH KXBTC15M-26FEB031530-30: K@0.99 → NO@0.01 (mom=+0.023%)
2026-02-03T20:24:20.193260 [ 4057s] ❌ mean_reversion_high KXBTC15M-26FEB031530-30 CLOSE (STOP(-25%)): $-0.10 | Total: $-4.80
2026-02-03T20:24:21.195198 [ 4058s] 🔍 DEBUG KXBTC15M-26FEB031530-30: K=0.99 ask=1.00 ttc=339s can_enter=False(cooldown)
2026-02-03T20:24:25.232294 [ 4062s] 📈 MR-HIGH KXBTC15M-26FEB031530-30: K@0.99 → NO@0.01 (mom=+0.016%)
2026-02-03T20:24:25.767722 [ 4062s] ❌ mean_reversion_high KXBTC15M-26FEB031530-30 CLOSE (STOP(-25%)): $-0.10 | Total: $-4.90
2026-02-03T20:24:26.992376 
⚠️ SIGNAL: SIGTERM at 2026-02-03T20:24:26.992307
2026-02-03T20:24:27.781296 
======================================================================
v8 SUMMARY — Best-of-Breed (V6 MR High + V7 Delay Arb)
======================================================================
Duration: 67min (1.1h)
Total Trades: 39
Trade Rate: 34.5/hr
P&L: $-4.90
Final Balance: $995.10

  delay_arb:
    Trades: 3, Win Rate: 67%, P&L: $+0.08, Avg: $+0.027
  mean_reversion_high:
    Trades: 36, Win Rate: 8%, P&L: $-4.98, Avg: $-0.138
======================================================================

