2026-02-03T04:48:28.598724 
======================================================================
v7 — Research-Validated High-Frequency Validation Mode
======================================================================
Duration: 1min | Start: 04:48:28 UTC
Strategies: MR-High (≥0.75), Delay Arb (0.2%), Parity Arb, Endgame
Params: cooldown=5s, max_pos=5/mkt, timeout=180s
Goal: 50-100+ trades/hr for statistical validation
======================================================================

2026-02-03T04:49:03.395472 
⚠️ SIGNAL: SIGTERM at 2026-02-03T04:49:03.395364
2026-02-03T04:49:03.633622 
======================================================================
v7 SUMMARY
======================================================================
Duration: 0min (0.0h)
Total Trades: 0
Trade Rate: 0.0/hr
P&L: $+0.00
Final Balance: $1000.00

======================================================================

