2026-02-03T19:05:01.852120 
======================================================================
v8 — Best-of-Breed: V6 MR High + V7 Delay Arb
======================================================================
Duration: 480min | Start: 19:05:01 UTC
Strategies:
  MR-High: K > 0.8 + momentum < 0.05 → buy NO (V6 params, 100% WR)
  Delay Arb: sustained momentum > 0.2% → follow BTC (V7 params, 100% WR)
Risk: cooldown=5s, max_pos=5/mkt, timeout=180s, profit=8.0%
======================================================================

2026-02-03T19:05:02.853922 [    1s] 🔍 DEBUG KXBTC15M-26FEB031415-15: K=0.50 ask=0.52 ttc=597s can_enter=True(ok)
2026-02-03T19:05:32.885279 [   31s] 🔍 DEBUG KXBTC15M-26FEB031415-15: K=0.40 ask=0.43 ttc=567s can_enter=True(ok)
2026-02-03T19:06:01.918311 [   60s] BTC: $73,208.90 (+0.166%) | Brackets: 1 | Open: 0 | Trades: 0 (MR:0 DA:0) | P&L: $+0.00
2026-02-03T19:06:02.918987 [   61s] 🔍 DEBUG KXBTC15M-26FEB031415-15: K=0.44 ask=0.45 ttc=537s can_enter=True(ok)
2026-02-03T19:06:10.929620 [   69s] 🎯 DELAY KXBTC15M-26FEB031415-15: BTC +0.222%(1m) +0.222%(30s) → YES@0.45
2026-02-03T19:06:12.932166 [   71s] ✅ delay_arb KXBTC15M-26FEB031415-15 CLOSE (PROFIT): $+3.50 | Total: $+3.50
2026-02-03T19:06:32.951568 [   91s] 🔍 DEBUG KXBTC15M-26FEB031415-15: K=0.80 ask=0.81 ttc=507s can_enter=True(ok)
2026-02-03T19:06:42.961017 [  101s] 📈 MR-HIGH KXBTC15M-26FEB031415-15: K@0.82 → NO@0.18 (mom=+0.007%)
2026-02-03T19:07:01.988457 [  120s] BTC: $73,440.88 (+0.002%) | Brackets: 1 | Open: 1 | Trades: 1 (MR:0 DA:1) | P&L: $+3.50
2026-02-03T19:07:02.989830 [  121s] 🔍 DEBUG KXBTC15M-26FEB031415-15: K=0.82 ask=0.84 ttc=477s can_enter=True(ok)
2026-02-03T19:07:14.008859 [  132s] ❌ mean_reversion_high KXBTC15M-26FEB031415-15 CLOSE (STOP(-25%)): $-0.50 | Total: $+3.00
2026-02-03T19:07:19.013359 [  137s] 📈 MR-HIGH KXBTC15M-26FEB031415-15: K@0.85 → NO@0.15 (mom=-0.074%)
2026-02-03T19:07:33.033300 [  151s] 🔍 DEBUG KXBTC15M-26FEB031415-15: K=0.85 ask=0.87 ttc=447s can_enter=True(ok)
2026-02-03T19:07:44.049946 [  162s] ✅ mean_reversion_high KXBTC15M-26FEB031415-15 CLOSE (PROFIT): $+0.20 | Total: $+3.20
2026-02-03T19:07:49.053674 [  167s] 📈 MR-HIGH KXBTC15M-26FEB031415-15: K@0.81 → NO@0.19 (mom=-0.066%)
2026-02-03T19:08:02.073249 [  180s] BTC: $73,389.57 (+0.007%) | Brackets: 1 | Open: 1 | Trades: 3 (MR:2 DA:1) | P&L: $+3.20
2026-02-03T19:08:03.074088 [  181s] 🔍 DEBUG KXBTC15M-26FEB031415-15: K=0.81 ask=0.83 ttc=417s can_enter=True(ok)
2026-02-03T19:08:14.089138 [  192s] ❌ mean_reversion_high KXBTC15M-26FEB031415-15 CLOSE (STOP(-25%)): $-0.70 | Total: $+2.50
2026-02-03T19:08:19.092708 [  197s] 📈 MR-HIGH KXBTC15M-26FEB031415-15: K@0.86 → NO@0.14 (mom=+0.032%)
2026-02-03T19:08:33.110363 [  211s] 🔍 DEBUG KXBTC15M-26FEB031415-15: K=0.86 ask=0.88 ttc=387s can_enter=True(ok)
2026-02-03T19:09:02.151497 [  240s] BTC: $73,457.73 (+0.015%) | Brackets: 1 | Open: 1 | Trades: 4 (MR:3 DA:1) | P&L: $+2.50
2026-02-03T19:09:03.152658 [  241s] 🔍 DEBUG KXBTC15M-26FEB031415-15: K=0.87 ask=0.88 ttc=357s can_enter=True(ok)
2026-02-03T19:09:33.198679 [  271s] 🔍 DEBUG KXBTC15M-26FEB031415-15: K=0.85 ask=0.87 ttc=327s can_enter=True(ok)
2026-02-03T19:09:44.214290 [  282s] ❌ mean_reversion_high KXBTC15M-26FEB031415-15 CLOSE (STOP(-25%)): $-1.00 | Total: $+1.50
2026-02-03T19:09:49.219344 [  287s] 📈 MR-HIGH KXBTC15M-26FEB031415-15: K@0.94 → NO@0.06 (mom=-0.014%)
2026-02-03T19:09:49.219932 [  287s] ❌ mean_reversion_high KXBTC15M-26FEB031415-15 CLOSE (STOP(-25%)): $-0.20 | Total: $+1.30
2026-02-03T19:09:54.225241 [  292s] 📈 MR-HIGH KXBTC15M-26FEB031415-15: K@0.94 → NO@0.06 (mom=-0.024%)
2026-02-03T19:09:54.225658 [  292s] ❌ mean_reversion_high KXBTC15M-26FEB031415-15 CLOSE (STOP(-25%)): $-0.20 | Total: $+1.10
2026-02-03T19:09:59.230749 [  297s] 📈 MR-HIGH KXBTC15M-26FEB031415-15: K@0.94 → NO@0.06 (mom=-0.022%)
2026-02-03T19:09:59.231298 [  297s] ❌ mean_reversion_high KXBTC15M-26FEB031415-15 CLOSE (STOP(-25%)): $-0.20 | Total: $+0.90
2026-02-03T19:10:02.240597 [  300s] BTC: $73,516.40 (-0.009%) | Brackets: 1 | Open: 0 | Trades: 8 (MR:7 DA:1) | P&L: $+0.90
2026-02-03T19:10:03.244484 [  301s] 🔍 DEBUG KXBTC15M-26FEB031415-15: K=0.94 ask=0.96 ttc=297s can_enter=False(cooldown)
2026-02-03T19:10:04.245130 [  302s] 📈 MR-HIGH KXBTC15M-26FEB031415-15: K@0.94 → NO@0.06 (mom=+0.044%)
2026-02-03T19:10:04.245594 [  302s] ❌ mean_reversion_high KXBTC15M-26FEB031415-15 CLOSE (STOP(-25%)): $-0.20 | Total: $+0.70
2026-02-03T19:10:19.260226 [  317s] 📈 MR-HIGH KXBTC15M-26FEB031415-15: K@0.97 → NO@0.03 (mom=+0.020%)
2026-02-03T19:10:19.260811 [  317s] ❌ mean_reversion_high KXBTC15M-26FEB031415-15 CLOSE (STOP(-25%)): $-0.20 | Total: $+0.50
2026-02-03T19:10:33.277280 [  331s] 🔍 DEBUG KXBTC15M-26FEB031415-15: K=0.97 ask=0.99 ttc=267s can_enter=True(ok)
2026-02-03T19:10:35.279216 [  333s] 📈 MR-HIGH KXBTC15M-26FEB031415-15: K@0.97 → NO@0.03 (mom=+0.020%)
2026-02-03T19:10:35.279697 [  333s] ❌ mean_reversion_high KXBTC15M-26FEB031415-15 CLOSE (STOP(-25%)): $-0.20 | Total: $+0.30
2026-02-03T19:10:40.283915 [  338s] 📈 MR-HIGH KXBTC15M-26FEB031415-15: K@0.97 → NO@0.03 (mom=+0.011%)
2026-02-03T19:10:40.284402 [  338s] ❌ mean_reversion_high KXBTC15M-26FEB031415-15 CLOSE (STOP(-25%)): $-0.20 | Total: $+0.10
2026-02-03T19:10:45.288933 [  343s] 📈 MR-HIGH KXBTC15M-26FEB031415-15: K@0.98 → NO@0.02 (mom=-0.006%)
2026-02-03T19:10:45.289546 [  343s] ❌ mean_reversion_high KXBTC15M-26FEB031415-15 CLOSE (STOP(-25%)): $-0.10 | Total: $-0.00
2026-02-03T19:10:50.294708 [  348s] 📈 MR-HIGH KXBTC15M-26FEB031415-15: K@0.98 → NO@0.02 (mom=-0.013%)
2026-02-03T19:10:50.295520 [  348s] ❌ mean_reversion_high KXBTC15M-26FEB031415-15 CLOSE (STOP(-25%)): $-0.10 | Total: $-0.10
2026-02-03T19:10:55.301277 [  353s] 📈 MR-HIGH KXBTC15M-26FEB031415-15: K@0.98 → NO@0.02 (mom=-0.069%)
2026-02-03T19:10:55.301751 [  353s] ❌ mean_reversion_high KXBTC15M-26FEB031415-15 CLOSE (STOP(-25%)): $-0.10 | Total: $-0.20
2026-02-03T19:11:00.306405 [  358s] 📈 MR-HIGH KXBTC15M-26FEB031415-15: K@0.98 → NO@0.02 (mom=-0.093%)
2026-02-03T19:11:00.307115 [  358s] ❌ mean_reversion_high KXBTC15M-26FEB031415-15 CLOSE (STOP(-25%)): $-0.10 | Total: $-0.30
2026-02-03T19:11:02.309012 [  360s] BTC: $73,655.86 (-0.071%) | Brackets: 1 | Open: 0 | Trades: 16 (MR:15 DA:1) | P&L: $-0.30
2026-02-03T19:11:03.310068 [  361s] 🔍 DEBUG KXBTC15M-26FEB031415-15: K=0.98 ask=0.99 ttc=237s can_enter=False(cooldown)
2026-02-03T19:11:05.313334 [  363s] 📈 MR-HIGH KXBTC15M-26FEB031415-15: K@0.98 → NO@0.02 (mom=-0.167%)
2026-02-03T19:11:05.313806 [  363s] ❌ mean_reversion_high KXBTC15M-26FEB031415-15 CLOSE (STOP(-25%)): $-0.10 | Total: $-0.40
2026-02-03T19:11:10.318238 [  368s] 📈 MR-HIGH KXBTC15M-26FEB031415-15: K@0.98 → NO@0.02 (mom=-0.140%)
2026-02-03T19:11:10.318761 [  368s] ❌ mean_reversion_high KXBTC15M-26FEB031415-15 CLOSE (STOP(-25%)): $-0.10 | Total: $-0.50
2026-02-03T19:11:15.322777 [  373s] 📈 MR-HIGH KXBTC15M-26FEB031415-15: K@0.97 → NO@0.03 (mom=-0.021%)
2026-02-03T19:11:15.323425 [  373s] ❌ mean_reversion_high KXBTC15M-26FEB031415-15 CLOSE (STOP(-25%)): $-0.10 | Total: $-0.60
2026-02-03T19:11:33.341573 [  391s] 🔍 DEBUG KXBTC15M-26FEB031415-15: K=0.97 ask=0.98 ttc=207s can_enter=True(ok)
2026-02-03T19:11:55.361091 [  413s] 📈 MR-HIGH KXBTC15M-26FEB031415-15: K@0.99 → NO@0.01 (mom=+0.045%)
2026-02-03T19:11:55.361596 [  413s] ❌ mean_reversion_high KXBTC15M-26FEB031415-15 CLOSE (STOP(-25%)): $-0.10 | Total: $-0.70
2026-02-03T19:12:00.365741 [  418s] 📈 MR-HIGH KXBTC15M-26FEB031415-15: K@0.99 → NO@0.01 (mom=-0.029%)
2026-02-03T19:12:00.366286 [  418s] ❌ mean_reversion_high KXBTC15M-26FEB031415-15 CLOSE (STOP(-25%)): $-0.10 | Total: $-0.80
2026-02-03T19:12:02.368067 [  420s] BTC: $73,976.49 (-0.062%) | Brackets: 1 | Open: 0 | Trades: 21 (MR:20 DA:1) | P&L: $-0.80
2026-02-03T19:12:03.369545 [  421s] 🔍 DEBUG KXBTC15M-26FEB031415-15: K=0.99 ask=1.00 ttc=177s can_enter=False(cooldown)
2026-02-03T19:12:05.370413 [  423s] 📈 MR-HIGH KXBTC15M-26FEB031415-15: K@0.99 → NO@0.01 (mom=-0.001%)
2026-02-03T19:12:05.370971 [  423s] ❌ mean_reversion_high KXBTC15M-26FEB031415-15 CLOSE (STOP(-25%)): $-0.10 | Total: $-0.90
2026-02-03T19:12:28.398953 [  446s] 📈 MR-HIGH KXBTC15M-26FEB031415-15: K@0.99 → NO@0.01 (mom=-0.002%)
2026-02-03T19:12:28.399480 [  446s] ❌ mean_reversion_high KXBTC15M-26FEB031415-15 CLOSE (STOP(-25%)): $-0.10 | Total: $-1.00
2026-02-03T19:12:33.406186 [  451s] 🔍 DEBUG KXBTC15M-26FEB031415-15: K=0.99 ask=1.00 ttc=147s can_enter=True(ok)
2026-02-03T19:12:33.406246 [  451s] 📈 MR-HIGH KXBTC15M-26FEB031415-15: K@0.99 → NO@0.01 (mom=-0.001%)
2026-02-03T19:12:33.406779 [  451s] ❌ mean_reversion_high KXBTC15M-26FEB031415-15 CLOSE (STOP(-25%)): $-0.10 | Total: $-1.10
2026-02-03T19:12:51.424148 [  469s] 📈 MR-HIGH KXBTC15M-26FEB031415-15: K@0.99 → NO@0.01 (mom=+0.043%)
2026-02-03T19:12:51.424591 [  469s] ❌ mean_reversion_high KXBTC15M-26FEB031415-15 CLOSE (STOP(-25%)): $-0.10 | Total: $-1.20
2026-02-03T19:12:58.430155 [  476s] 📈 MR-HIGH KXBTC15M-26FEB031415-15: K@0.99 → NO@0.01 (mom=+0.046%)
2026-02-03T19:12:58.430581 [  476s] ❌ mean_reversion_high KXBTC15M-26FEB031415-15 CLOSE (STOP(-25%)): $-0.10 | Total: $-1.30
2026-02-03T19:13:02.437070 [  480s] BTC: $74,431.93 (-0.026%) | Brackets: 1 | Open: 0 | Trades: 26 (MR:25 DA:1) | P&L: $-1.30
2026-02-03T19:13:03.437939 [  481s] 🔍 DEBUG KXBTC15M-26FEB031415-15: K=0.99 ask=1.00 ttc=117s can_enter=False(too_close)
2026-02-03T19:13:33.468371 [  511s] 🔍 DEBUG KXBTC15M-26FEB031415-15: K=0.99 ask=1.00 ttc=87s can_enter=False(too_close)
2026-02-03T19:14:02.501093 [  540s] BTC: $74,563.53 (-0.079%) | Brackets: 1 | Open: 0 | Trades: 26 (MR:25 DA:1) | P&L: $-1.30
2026-02-03T19:14:03.502470 [  541s] 🔍 DEBUG KXBTC15M-26FEB031415-15: K=0.99 ask=1.00 ttc=56s can_enter=False(too_close)
2026-02-03T19:14:33.535119 [  571s] 🔍 DEBUG KXBTC15M-26FEB031415-15: K=0.99 ask=1.00 ttc=26s can_enter=False(too_close)
2026-02-03T19:15:02.563891 [  600s] BTC: $74,538.82 (-0.047%) | Brackets: 1 | Open: 0 | Trades: 26 (MR:25 DA:1) | P&L: $-1.30
2026-02-03T19:15:03.564677 [  601s] 🔍 DEBUG KXBTC15M-26FEB031415-15: K=0.99 ask=1.00 ttc=-4s can_enter=False(too_close)
2026-02-03T19:15:33.608011 [  631s] 🔍 DEBUG KXBTC15M-26FEB031430-30: K=0.15 ask=0.45 ttc=866s can_enter=False(spread_wide)
2026-02-03T19:15:51.630638 [  649s] 🎯 DELAY KXBTC15M-26FEB031430-30: BTC -0.212%(1m) -0.212%(30s) → NO@0.65
2026-02-03T19:16:02.650218 [  660s] BTC: $74,405.83 (+0.015%) | Brackets: 1 | Open: 1 | Trades: 26 (MR:25 DA:1) | P&L: $-1.30
2026-02-03T19:16:03.650738 [  661s] 🔍 DEBUG KXBTC15M-26FEB031430-30: K=0.35 ask=0.37 ttc=836s can_enter=True(ok)
2026-02-03T19:16:17.675170 [  675s] ✅ delay_arb KXBTC15M-26FEB031430-30 CLOSE (PROFIT): $+0.70 | Total: $-0.60
2026-02-03T19:16:27.692762 
⚠️ SIGNAL: SIGTERM at 2026-02-03T19:16:27.692710
2026-02-03T19:16:28.692168 
======================================================================
v8 SUMMARY — Best-of-Breed (V6 MR High + V7 Delay Arb)
======================================================================
Duration: 11min (0.2h)
Total Trades: 27
Trade Rate: 141.7/hr
P&L: $-0.60
Final Balance: $999.40

  delay_arb:
    Trades: 2, Win Rate: 100%, P&L: $+4.20, Avg: $+2.100
  mean_reversion_high:
    Trades: 25, Win Rate: 4%, P&L: $-4.80, Avg: $-0.192
======================================================================

