2026-02-03T19:20:05.256135 
======================================================================
v6 - RESEARCH-NOTES.md Improvements
======================================================================
Duration: 480min | Start: 19:20:05
Changes: BTC momentum filter, adaptive stop-loss, entry filters,
         mean reversion at extremes, market timing restrictions
Markets: 15min + Hourly
======================================================================

2026-02-03T19:20:51.331286 [   46s] 📈 15M MEAN-REV: K@0.90 (extreme high) + BTC stable → NO
2026-02-03T19:20:51.829385 [   46s] ✅ 15M mean_reversion_high CLOSE (PROFIT): $+0.20 | Total: $+0.20
2026-02-03T19:21:05.843628 [   60s] BTC: $75,095.93 (4ex, -0.033%) | 15m: 0.90/0.92 | 1h: N/A | P&L: $+0.20 (1)
2026-02-03T19:21:51.921358 [  106s] 📈 15M MEAN-REV: K@0.86 (extreme high) + BTC stable → NO
2026-02-03T19:21:52.426271 [  106s] ✅ 15M mean_reversion_high CLOSE (PROFIT): $+0.40 | Total: $+0.60
2026-02-03T19:22:06.439377 [  121s] BTC: $75,034.16 (4ex, +0.014%) | 15m: 0.86/0.88 | 1h: N/A | P&L: $+0.60 (2)
2026-02-03T19:23:03.539470 [  178s] 🎯 15M DELAY: BTC -0.168% K +0.0% → NO@$0.40
2026-02-03T19:23:04.043516 [  178s] ✅ 15M delay_arb CLOSE (PROFIT): $+0.10 | Total: $+0.70
2026-02-03T19:23:07.046346 [  181s] BTC: $74,686.36 (4ex, -0.108%) | 15m: 0.60/0.61 | 1h: N/A | P&L: $+0.70 (3)
2026-02-03T19:24:07.102121 [  241s] BTC: $74,839.89 (4ex, +0.080%) | 15m: 0.71/0.72 | 1h: N/A | P&L: $+0.70 (3)
2026-02-03T19:25:05.263143 [  300s] 💾 Checkpoint
2026-02-03T19:25:07.165972 [  301s] BTC: $74,710.54 (4ex, -0.082%) | 15m: 0.66/0.68 | 1h: N/A | P&L: $+0.70 (3)
2026-02-03T19:26:07.222477 [  361s] BTC: $74,484.69 (4ex, -0.144%) | 15m: 0.31/0.32 | 1h: N/A | P&L: $+0.70 (3)
2026-02-03T19:27:07.284301 [  422s] BTC: $74,605.21 (4ex, -0.061%) | 15m: 0.63/0.65 | 1h: N/A | P&L: $+0.70 (3)
2026-02-03T19:28:07.350617 [  482s] BTC: $74,687.59 (4ex, +0.006%) | 15m: 0.68/0.69 | 1h: N/A | P&L: $+0.70 (3)
2026-02-03T19:29:07.410411 [  542s] BTC: $74,786.51 (4ex, +0.121%) | 15m: 0.85/0.86 | 1h: N/A | P&L: $+0.70 (3)
2026-02-03T19:30:05.265348 [  600s] 💾 Checkpoint
2026-02-03T19:30:07.475010 [  602s] BTC: $74,872.14 (4ex, +0.032%) | 15m: 0.99/1.00 | 1h: N/A | P&L: $+0.70 (3)
2026-02-03T19:30:30.501451 [  625s] 🔄 15M transition
2026-02-03T19:30:31.502742 [  626s] 🔄 15M transition
2026-02-03T19:30:32.505346 [  627s] 🔄 15M transition
2026-02-03T19:30:33.506919 [  628s] 🔄 15M transition
2026-02-03T19:30:34.507943 [  629s] 🔄 15M transition
2026-02-03T19:31:03.585344 [  658s] 🎯 15M DELAY: BTC -0.152% K +0.0% → NO@$0.53
2026-02-03T19:31:04.084489 [  658s] ✅ 15M delay_arb CLOSE (PROFIT): $+0.40 | Total: $+1.10
2026-02-03T19:31:08.087379 [  662s] BTC: $74,755.50 (4ex, -0.118%) | 15m: 0.47/0.49 | 1h: N/A | P&L: $+1.10 (4)
2026-02-03T19:32:08.151520 [  722s] BTC: $74,829.33 (4ex, +0.028%) | 15m: 0.47/0.48 | 1h: N/A | P&L: $+1.10 (4)
2026-02-03T19:32:23.205170 [  737s] 🎯 15M DELAY: BTC +0.223% K +0.0% → YES@$0.48
2026-02-03T19:32:23.702592 [  737s] ❌ 15M delay_arb CLOSE (STOP(-25%)): $-0.20 | Total: $+0.90
2026-02-03T19:33:08.749407 [  783s] BTC: $74,987.77 (4ex, -0.026%) | 15m: 0.55/0.59 | 1h: N/A | P&L: $+0.90 (5)
2026-02-03T19:34:08.824061 [  843s] BTC: $74,994.41 (4ex, -0.084%) | 15m: 0.67/0.68 | 1h: N/A | P&L: $+0.90 (5)
2026-02-03T19:35:05.267712 [  900s] 💾 Checkpoint
2026-02-03T19:35:08.880533 [  903s] BTC: $74,848.28 (4ex, -0.060%) | 15m: 0.43/0.46 | 1h: N/A | P&L: $+0.90 (5)
2026-02-03T19:36:08.973085 [  963s] BTC: $74,875.31 (4ex, -0.016%) | 15m: 0.55/0.56 | 1h: N/A | P&L: $+0.90 (5)
2026-02-03T19:36:25.020467 [  979s] 🎯 15M DELAY: BTC -0.158% K +0.0% → NO@$0.45
2026-02-03T19:36:25.548182 [  979s] ✅ 15M delay_arb CLOSE (PROFIT): $+0.20 | Total: $+1.10
2026-02-03T19:37:09.589173 [ 1024s] BTC: $74,742.36 (4ex, -0.045%) | 15m: 0.44/0.46 | 1h: N/A | P&L: $+1.10 (6)
2026-02-03T19:38:09.666878 [ 1084s] BTC: $74,846.37 (4ex, +0.098%) | 15m: 0.51/0.53 | 1h: N/A | P&L: $+1.10 (6)
2026-02-03T19:38:16.708531 [ 1091s] 🎯 15M DELAY: BTC +0.161% K +0.0% → YES@$0.53
2026-02-03T19:39:09.789714 [ 1144s] BTC: $74,907.36 (4ex, +0.044%) | 15m: 0.64/0.65 | 1h: N/A | P&L: $+1.10 (6)
2026-02-03T19:40:05.270138 [ 1200s] 💾 Checkpoint
2026-02-03T19:40:09.883736 [ 1204s] BTC: $74,837.84 (4ex, -0.130%) | 15m: 0.54/0.55 | 1h: N/A | P&L: $+1.10 (6)
2026-02-03T19:41:05.001389 [ 1259s] ✅ 15M delay_arb CLOSE (PROFIT): $+1.20 | Total: $+2.30
2026-02-03T19:41:10.007371 [ 1264s] BTC: $74,960.50 (4ex, +0.111%) | 15m: 0.75/0.76 | 1h: N/A | P&L: $+2.30 (7)
2026-02-03T19:42:10.066686 [ 1324s] BTC: $75,081.08 (4ex, +0.010%) | 15m: 0.95/0.96 | 1h: N/A | P&L: $+2.30 (7)
2026-02-03T19:43:10.129840 [ 1384s] BTC: $74,988.55 (4ex, +0.004%) | 15m: 0.92/0.94 | 1h: N/A | P&L: $+2.30 (7)
2026-02-03T19:44:10.193455 [ 1444s] BTC: $74,824.52 (4ex, -0.074%) | 15m: 0.45/0.80 | 1h: N/A | P&L: $+2.30 (7)
2026-02-03T19:45:05.273230 [ 1500s] 💾 Checkpoint
2026-02-03T19:45:07.259036 [ 1502s] 🔄 15M transition
2026-02-03T19:45:08.259820 [ 1503s] 🔄 15M transition
2026-02-03T19:45:09.260269 [ 1504s] 🔄 15M transition
2026-02-03T19:45:10.260809 [ 1505s] 🔄 15M transition
2026-02-03T19:45:10.260885 [ 1505s] BTC: $74,842.78 (4ex, -0.034%) | 15m: 0.45/0.55 | 1h: N/A | P&L: $+2.30 (7)
2026-02-03T19:45:11.263197 [ 1506s] 🔄 15M transition
2026-02-03T19:46:10.318991 [ 1565s] BTC: $74,679.66 (4ex, -0.078%) | 15m: 0.40/0.42 | 1h: N/A | P&L: $+2.30 (7)
2026-02-03T19:47:10.384610 [ 1625s] BTC: $74,564.02 (4ex, -0.090%) | 15m: 0.24/0.25 | 1h: N/A | P&L: $+2.30 (7)
2026-02-03T19:47:38.448432 [ 1653s] 📉 15M MEAN-REV: K@0.20 (extreme low) + BTC stable → YES
2026-02-03T19:48:10.499546 [ 1685s] BTC: $74,460.55 (4ex, +0.011%) | 15m: 0.15/0.16 | 1h: N/A | P&L: $+2.30 (7)
2026-02-03T19:48:38.576944 [ 1713s] ❌ 15M mean_reversion_low CLOSE (STOP(-25%)): $-0.60 | Total: $+1.70
2026-02-03T19:49:10.610894 [ 1745s] BTC: $74,409.99 (4ex, -0.022%) | 15m: 0.11/0.13 | 1h: N/A | P&L: $+1.70 (8)
2026-02-03T19:49:38.671656 [ 1773s] 📉 15M MEAN-REV: K@0.13 (extreme low) + BTC stable → YES
2026-02-03T19:50:05.277914 [ 1800s] 💾 Checkpoint
2026-02-03T19:50:10.721228 [ 1805s] BTC: $74,389.32 (4ex, +0.011%) | 15m: 0.11/0.12 | 1h: N/A | P&L: $+1.70 (8)
2026-02-03T19:50:39.798932 [ 1834s] ✅ 15M mean_reversion_low CLOSE (PROFIT): $+1.10 | Total: $+2.80
2026-02-03T19:51:10.831100 [ 1865s] BTC: $74,659.25 (4ex, +0.134%) | 15m: 0.29/0.32 | 1h: N/A | P&L: $+2.80 (9)
2026-02-03T19:51:47.905850 [ 1902s] 📉 15M MEAN-REV: K@0.19 (extreme low) + BTC stable → YES
2026-02-03T19:51:48.438371 [ 1902s] ❌ 15M mean_reversion_low CLOSE (STOP(-25%)): $-0.30 | Total: $+2.50
2026-02-03T19:52:11.468978 [ 1926s] BTC: $74,569.63 (4ex, -0.051%) | 15m: 0.16/0.18 | 1h: N/A | P&L: $+2.50 (10)
2026-02-03T19:52:55.554507 [ 1970s] 📉 15M MEAN-REV: K@0.13 (extreme low) + BTC stable → YES
2026-02-03T19:53:11.616352 [ 1986s] ❌ 15M mean_reversion_low CLOSE (STOP(-25%)): $-0.50 | Total: $+2.00
2026-02-03T19:53:11.616418 [ 1986s] BTC: $74,441.31 (4ex, -0.060%) | 15m: 0.07/0.09 | 1h: N/A | P&L: $+2.00 (11)
2026-02-03T19:54:11.708876 [ 2046s] 📉 15M MEAN-REV: K@0.15 (extreme low) + BTC stable → YES
2026-02-03T19:54:11.709397 [ 2046s] BTC: $74,518.11 (4ex, -0.000%) | 15m: 0.12/0.15 | 1h: N/A | P&L: $+2.00 (11)
2026-02-03T19:55:05.281161 [ 2100s] 💾 Checkpoint
2026-02-03T19:55:11.797319 [ 2106s] BTC: $74,645.03 (4ex, +0.059%) | 15m: 0.13/0.16 | 1h: N/A | P&L: $+2.00 (11)
2026-02-03T19:55:12.835096 [ 2107s] ✅ 15M mean_reversion_low CLOSE (PROFIT): $+0.70 | Total: $+2.70
2026-02-03T19:56:11.887622 [ 2166s] BTC: $74,909.79 (4ex, +0.251%) | 15m: 0.32/0.36 | 1h: N/A | P&L: $+2.70 (12)
2026-02-03T19:57:11.946672 [ 2226s] BTC: $74,871.96 (4ex, -0.031%) | 15m: 0.72/0.75 | 1h: N/A | P&L: $+2.70 (12)
2026-02-03T19:58:12.007384 [ 2286s] BTC: $74,949.12 (4ex, -0.012%) | 15m: 0.81/0.82 | 1h: N/A | P&L: $+2.70 (12)
2026-02-03T19:59:12.064217 [ 2346s] BTC: $74,939.89 (4ex, -0.015%) | 15m: 0.92/0.97 | 1h: N/A | P&L: $+2.70 (12)
2026-02-03T20:00:05.285777 [ 2400s] 💾 Checkpoint
2026-02-03T20:00:12.130583 [ 2406s] BTC: $74,913.35 (4ex, +0.018%) | 15m: 0.99/1.00 | 1h: N/A | P&L: $+2.70 (12)
2026-02-03T20:00:25.149404 [ 2419s] 🔄 15M transition
2026-02-03T20:00:26.150829 [ 2420s] 🔄 15M transition
2026-02-03T20:00:27.152047 [ 2421s] 🔄 15M transition
2026-02-03T20:00:28.153568 [ 2422s] 🔄 15M transition
2026-02-03T20:00:29.154914 [ 2423s] 🔄 15M transition
2026-02-03T20:01:12.206676 [ 2466s] BTC: $74,996.54 (4ex, +0.070%) | 15m: 0.49/0.53 | 1h: N/A | P&L: $+2.70 (12)
2026-02-03T20:01:27.259410 [ 2481s] 🎯 15M DELAY: BTC -0.151% K +0.0% → NO@$0.58
2026-02-03T20:01:27.756534 [ 2481s] ✅ 15M delay_arb CLOSE (PROFIT): $+0.30 | Total: $+3.00
2026-02-03T20:02:12.807673 [ 2527s] BTC: $74,973.26 (4ex, +0.092%) | 15m: 0.44/0.47 | 1h: N/A | P&L: $+3.00 (13)
2026-02-03T20:02:50.887286 [ 2565s] 🎯 15M DELAY: BTC -0.177% K +0.0% → NO@$0.48
2026-02-03T20:02:51.388024 [ 2565s] ✅ 15M delay_arb CLOSE (PROFIT): $+0.10 | Total: $+3.10
2026-02-03T20:03:13.411637 [ 2588s] BTC: $74,806.43 (4ex, -0.112%) | 15m: 0.47/0.49 | 1h: N/A | P&L: $+3.10 (14)
2026-02-03T20:04:13.485927 [ 2648s] BTC: $74,745.25 (4ex, +0.034%) | 15m: 0.27/0.31 | 1h: N/A | P&L: $+3.10 (14)
2026-02-03T20:05:05.291532 [ 2700s] 💾 Checkpoint
2026-02-03T20:05:13.553643 [ 2708s] BTC: $74,608.18 (4ex, -0.068%) | 15m: 0.20/0.22 | 1h: N/A | P&L: $+3.10 (14)
2026-02-03T20:05:33.605601 [ 2728s] 📉 15M MEAN-REV: K@0.21 (extreme low) + BTC stable → YES
2026-02-03T20:05:58.677035 [ 2753s] ❌ 15M mean_reversion_low CLOSE (STOP(-25%)): $-0.50 | Total: $+2.60
2026-02-03T20:06:13.697058 [ 2768s] BTC: $74,594.63 (4ex, +0.024%) | 15m: 0.13/0.15 | 1h: N/A | P&L: $+2.60 (15)
2026-02-03T20:06:58.782083 [ 2813s] 📉 15M MEAN-REV: K@0.15 (extreme low) + BTC stable → YES
2026-02-03T20:07:13.803243 [ 2828s] BTC: $74,615.95 (4ex, -0.046%) | 15m: 0.15/0.16 | 1h: N/A | P&L: $+2.60 (15)
2026-02-03T20:08:13.889208 [ 2888s] BTC: $74,608.93 (4ex, -0.051%) | 15m: 0.16/0.18 | 1h: N/A | P&L: $+2.60 (15)
2026-02-03T20:08:29.944960 [ 2904s] ❌ 15M mean_reversion_low CLOSE (STOP(-25%)): $-0.90 | Total: $+1.70
2026-02-03T20:09:13.994698 [ 2948s] BTC: $74,522.45 (4ex, -0.055%) | 15m: 0.04/0.07 | 1h: N/A | P&L: $+1.70 (16)
2026-02-03T20:09:30.069864 [ 2964s] 📉 15M MEAN-REV: K@0.07 (extreme low) + BTC stable → YES
2026-02-03T20:09:30.561672 [ 2964s] ❌ 15M mean_reversion_low CLOSE (STOP(-25%)): $-0.20 | Total: $+1.50
2026-02-03T20:10:05.295816 [ 3000s] 💾 Checkpoint
2026-02-03T20:10:14.606738 [ 3009s] BTC: $74,568.96 (4ex, -0.021%) | 15m: 0.04/0.06 | 1h: N/A | P&L: $+1.50 (17)
2026-02-03T20:11:14.671873 [ 3069s] BTC: $74,540.99 (4ex, -0.001%) | 15m: 0.01/0.02 | 1h: N/A | P&L: $+1.50 (17)
2026-02-03T20:12:14.741149 [ 3129s] BTC: $74,622.44 (4ex, +0.054%) | 15m: 0.01/0.03 | 1h: N/A | P&L: $+1.50 (17)
2026-02-03T20:13:14.806576 [ 3189s] BTC: $74,625.29 (4ex, +0.027%) | 15m: 0.01/0.02 | 1h: N/A | P&L: $+1.50 (17)
2026-02-03T20:14:14.868884 [ 3249s] BTC: $74,620.10 (4ex, -0.008%) | 15m: 0.00/0.01 | 1h: N/A | P&L: $+1.50 (17)
2026-02-03T20:15:03.923478 [ 3298s] 🔄 15M transition
2026-02-03T20:15:04.924527 [ 3299s] 🔄 15M transition
2026-02-03T20:15:05.300349 [ 3300s] 💾 Checkpoint
2026-02-03T20:15:05.925735 [ 3300s] 🔄 15M transition
2026-02-03T20:15:06.926703 [ 3301s] 🔄 15M transition
2026-02-03T20:15:07.927367 [ 3302s] 🔄 15M transition
2026-02-03T20:15:14.944713 [ 3309s] BTC: $74,610.08 (4ex, +0.013%) | 15m: 0.45/0.55 | 1h: N/A | P&L: $+1.50 (17)
2026-02-03T20:16:15.012359 [ 3369s] BTC: $74,626.69 (4ex, +0.112%) | 15m: 0.47/0.51 | 1h: N/A | P&L: $+1.50 (17)
2026-02-03T20:17:15.080041 [ 3429s] BTC: $74,717.07 (4ex, +0.060%) | 15m: 0.63/0.67 | 1h: N/A | P&L: $+1.50 (17)
2026-02-03T20:18:15.135652 [ 3489s] BTC: $74,843.72 (4ex, +0.060%) | 15m: 0.81/0.84 | 1h: N/A | P&L: $+1.50 (17)
2026-02-03T20:18:22.173615 [ 3496s] 📈 15M MEAN-REV: K@0.81 (extreme high) + BTC stable → NO
2026-02-03T20:18:22.673178 [ 3496s] ✅ 15M mean_reversion_high CLOSE (PROFIT): $+0.27 | Total: $+1.77
2026-02-03T20:19:15.737319 [ 3550s] BTC: $75,129.41 (4ex, +0.123%) | 15m: 0.92/0.94 | 1h: N/A | P&L: $+1.77 (18)
2026-02-03T20:19:27.827498 [ 3562s] 📈 15M MEAN-REV: K@0.92 (extreme high) + BTC stable → NO
2026-02-03T20:19:28.280742 [ 3562s] ✅ 15M mean_reversion_high CLOSE (PROFIT): $+0.40 | Total: $+2.17
2026-02-03T20:20:05.306255 [ 3600s] 💾 Checkpoint
2026-02-03T20:20:16.332153 [ 3611s] BTC: $75,083.40 (4ex, +0.031%) | 15m: 0.89/0.93 | 1h: N/A | P&L: $+2.17 (19)
2026-02-03T20:20:33.381940 [ 3628s] 🎯 15M DELAY: BTC +0.185% K +0.0% → YES@$0.93
2026-02-03T20:21:16.444472 [ 3671s] BTC: $75,092.62 (4ex, -0.027%) | 15m: 0.93/0.95 | 1h: N/A | P&L: $+2.17 (19)
2026-02-03T20:22:16.540047 [ 3731s] BTC: $75,078.81 (4ex, +0.083%) | 15m: 0.93/0.95 | 1h: N/A | P&L: $+2.17 (19)
2026-02-03T20:23:16.632484 [ 3791s] BTC: $75,206.53 (4ex, +0.114%) | 15m: 0.96/0.98 | 1h: N/A | P&L: $+2.17 (19)
2026-02-03T20:24:16.713756 [ 3851s] BTC: $75,328.38 (4ex, +0.040%) | 15m: 0.98/1.00 | 1h: N/A | P&L: $+2.17 (19)
2026-02-03T20:25:05.311043 [ 3900s] 💾 Checkpoint
2026-02-03T20:25:16.809572 [ 3911s] BTC: $75,509.63 (4ex, +0.051%) | 15m: 0.99/1.00 | 1h: N/A | P&L: $+2.17 (19)
2026-02-03T20:26:16.895576 [ 3971s] BTC: $75,644.21 (4ex, +0.152%) | 15m: 0.99/1.00 | 1h: N/A | P&L: $+2.17 (19)
2026-02-03T20:26:33.956277 [ 3988s] ✅ 15M delay_arb CLOSE (TIMEOUT): $+0.40 | Total: $+2.57
2026-02-03T20:27:17.012646 [ 4031s] BTC: $75,581.70 (4ex, -0.044%) | 15m: 0.99/1.00 | 1h: N/A | P&L: $+2.57 (20)
2026-02-03T20:28:17.081359 [ 4091s] BTC: $75,758.38 (4ex, +0.019%) | 15m: 0.99/1.00 | 1h: N/A | P&L: $+2.57 (20)
2026-02-03T20:29:17.150089 [ 4151s] BTC: $75,595.58 (4ex, -0.043%) | 15m: 0.99/1.00 | 1h: N/A | P&L: $+2.57 (20)
2026-02-03T20:30:05.316636 [ 4200s] 💾 Checkpoint
2026-02-03T20:30:17.220736 [ 4211s] BTC: $75,619.34 (4ex, +0.009%) | 15m: 0.99/1.00 | 1h: N/A | P&L: $+2.57 (20)
2026-02-03T20:30:21.225700 [ 4215s] 🔄 15M transition
2026-02-03T20:30:22.226201 [ 4216s] 🔄 15M transition
2026-02-03T20:30:23.226696 [ 4217s] 🔄 15M transition
2026-02-03T20:30:24.227433 [ 4218s] 🔄 15M transition
2026-02-03T20:30:25.228760 [ 4219s] 🔄 15M transition
2026-02-03T20:31:17.276857 [ 4272s] BTC: $75,957.64 (4ex, +0.093%) | 15m: 0.64/0.67 | 1h: N/A | P&L: $+2.57 (20)
2026-02-03T20:32:02.353461 [ 4317s] 🎯 15M DELAY: BTC +0.168% K +0.0% → YES@$0.85
2026-02-03T20:32:17.376222 [ 4332s] BTC: $76,321.14 (4ex, -0.139%) | 15m: 0.81/0.85 | 1h: N/A | P&L: $+2.57 (20)
2026-02-03T20:33:17.470035 [ 4392s] BTC: $76,121.76 (4ex, -0.016%) | 15m: 0.84/0.86 | 1h: N/A | P&L: $+2.57 (20)
2026-02-03T20:34:17.567131 [ 4452s] BTC: $76,141.21 (4ex, +0.034%) | 15m: 0.78/0.79 | 1h: N/A | P&L: $+2.57 (20)
2026-02-03T20:35:05.323970 [ 4500s] 💾 Checkpoint
2026-02-03T20:35:17.656558 [ 4512s] BTC: $76,176.50 (4ex, +0.081%) | 15m: 0.88/0.90 | 1h: N/A | P&L: $+2.57 (20)
2026-02-03T20:36:17.743537 [ 4572s] BTC: $76,460.18 (4ex, +0.099%) | 15m: 0.93/0.95 | 1h: N/A | P&L: $+2.57 (20)
2026-02-03T20:36:24.790009 [ 4579s] ✅ 15M delay_arb CLOSE (PROFIT): $+0.97 | Total: $+3.54
2026-02-03T20:37:17.850244 [ 4632s] BTC: $76,357.73 (4ex, -0.029%) | 15m: 0.94/0.97 | 1h: N/A | P&L: $+3.54 (21)
2026-02-03T20:37:28.893177 [ 4643s] 📈 15M MEAN-REV: K@0.94 (extreme high) + BTC stable → NO
2026-02-03T20:37:29.392142 [ 4643s] ✅ 15M mean_reversion_high CLOSE (PROFIT): $+0.30 | Total: $+3.84
2026-02-03T20:38:18.439822 [ 4693s] BTC: $76,190.30 (4ex, +0.022%) | 15m: 0.91/0.93 | 1h: N/A | P&L: $+3.84 (22)
2026-02-03T20:38:29.487640 [ 4704s] 📈 15M MEAN-REV: K@0.92 (extreme high) + BTC stable → NO
2026-02-03T20:38:29.985644 [ 4704s] ✅ 15M mean_reversion_high CLOSE (PROFIT): $+0.20 | Total: $+4.04
2026-02-03T20:39:19.041695 [ 4753s] BTC: $76,265.76 (4ex, -0.109%) | 15m: 0.93/0.97 | 1h: N/A | P&L: $+4.04 (23)
2026-02-03T20:39:30.083120 [ 4764s] 📈 15M MEAN-REV: K@0.96 (extreme high) + BTC stable → NO
2026-02-03T20:39:30.591911 [ 4764s] ✅ 15M mean_reversion_high CLOSE (PROFIT): $+0.30 | Total: $+4.34
2026-02-03T20:40:05.331329 [ 4800s] 💾 Checkpoint
2026-02-03T20:40:19.647269 [ 4814s] BTC: $76,388.32 (4ex, +0.047%) | 15m: 0.98/0.99 | 1h: N/A | P&L: $+4.34 (24)
2026-02-03T20:41:19.703336 [ 4874s] BTC: $76,228.85 (4ex, -0.072%) | 15m: 0.98/1.00 | 1h: N/A | P&L: $+4.34 (24)
2026-02-03T20:42:19.763386 [ 4934s] BTC: $76,241.19 (4ex, -0.004%) | 15m: 0.99/1.00 | 1h: N/A | P&L: $+4.34 (24)
2026-02-03T20:43:19.824662 [ 4994s] BTC: $76,288.53 (4ex, -0.057%) | 15m: 0.99/1.00 | 1h: N/A | P&L: $+4.34 (24)
2026-02-03T20:44:19.889051 [ 5054s] BTC: $76,300.01 (4ex, -0.003%) | 15m: 0.99/1.00 | 1h: N/A | P&L: $+4.34 (24)
2026-02-03T20:45:05.337814 [ 5100s] 💾 Checkpoint
2026-02-03T20:45:19.950656 [ 5114s] BTC: $76,293.24 (4ex, -0.011%) | 15m: 0.99/1.00 | 1h: N/A | P&L: $+4.34 (24)
2026-02-03T20:45:28.959914 [ 5123s] 🔄 15M transition
2026-02-03T20:45:29.961425 [ 5124s] 🔄 15M transition
2026-02-03T20:45:30.962369 [ 5125s] 🔄 15M transition
2026-02-03T20:45:31.963611 [ 5126s] 🔄 15M transition
2026-02-03T20:45:32.964777 [ 5127s] 🔄 15M transition
2026-02-03T20:46:20.020533 [ 5174s] BTC: $76,616.23 (4ex, +0.340%) | 15m: 0.37/0.49 | 1h: N/A | P&L: $+4.34 (24)
2026-02-03T20:46:34.070653 [ 5188s] 🎯 15M DELAY: BTC -0.160% K +0.0% → NO@$0.35
2026-02-03T20:46:34.567131 [ 5188s] ✅ 15M delay_arb CLOSE (PROFIT): $+0.30 | Total: $+4.64
2026-02-03T20:47:20.623067 [ 5235s] BTC: $76,489.51 (4ex, +0.052%) | 15m: 0.55/0.56 | 1h: N/A | P&L: $+4.64 (25)
2026-02-03T20:47:48.691304 [ 5263s] 🎯 15M DELAY: BTC -0.198% K +0.0% → NO@$0.36
2026-02-03T20:47:49.201197 [ 5263s] ✅ 15M delay_arb CLOSE (PROFIT): $+0.30 | Total: $+4.94
2026-02-03T20:48:21.243719 [ 5295s] BTC: $76,315.26 (4ex, -0.044%) | 15m: 0.48/0.51 | 1h: N/A | P&L: $+4.94 (26)
2026-02-03T20:49:21.307847 [ 5356s] BTC: $76,197.60 (4ex, -0.104%) | 15m: 0.42/0.44 | 1h: N/A | P&L: $+4.94 (26)
2026-02-03T20:49:25.343951 [ 5360s] 🎯 15M DELAY: BTC -0.160% K +0.0% → NO@$0.58
2026-02-03T20:49:25.843917 [ 5360s] ✅ 15M delay_arb CLOSE (PROFIT): $+0.40 | Total: $+5.34
2026-02-03T20:50:05.344760 [ 5400s] 💾 Checkpoint
2026-02-03T20:50:21.932028 [ 5416s] BTC: $76,254.52 (4ex, +0.067%) | 15m: 0.44/0.47 | 1h: N/A | P&L: $+5.34 (27)
2026-02-03T20:50:38.988496 [ 5433s] 🎯 15M DELAY: BTC +0.162% K +0.0% → YES@$0.53
2026-02-03T20:51:03.067010 [ 5457s] ✅ 15M delay_arb CLOSE (PROFIT): $+0.41 | Total: $+5.75
2026-02-03T20:51:22.095741 [ 5476s] BTC: $76,413.98 (4ex, -0.043%) | 15m: 0.64/0.67 | 1h: N/A | P&L: $+5.75 (28)
2026-02-03T20:52:22.171116 [ 5536s] BTC: $76,368.18 (4ex, -0.132%) | 15m: 0.65/0.66 | 1h: N/A | P&L: $+5.75 (28)
2026-02-03T20:53:14.269086 [ 5588s] 🎯 15M DELAY: BTC +0.151% K +0.0% → YES@$0.67
2026-02-03T20:53:22.282368 [ 5597s] BTC: $76,440.98 (4ex, +0.117%) | 15m: 0.64/0.67 | 1h: N/A | P&L: $+5.75 (28)
2026-02-03T20:54:22.376501 [ 5657s] BTC: $76,412.38 (4ex, +0.068%) | 15m: 0.57/0.60 | 1h: N/A | P&L: $+5.75 (28)
2026-02-03T20:55:05.352212 [ 5700s] 💾 Checkpoint
2026-02-03T20:55:22.472716 [ 5717s] BTC: $76,430.30 (4ex, +0.076%) | 15m: 0.65/0.68 | 1h: N/A | P&L: $+5.75 (28)
2026-02-03T20:56:22.573449 [ 5777s] BTC: $76,381.68 (4ex, -0.043%) | 15m: 0.71/0.73 | 1h: N/A | P&L: $+5.75 (28)
2026-02-03T20:57:22.670425 [ 5837s] BTC: $76,322.66 (4ex, -0.042%) | 15m: 0.66/0.68 | 1h: N/A | P&L: $+5.75 (28)
2026-02-03T20:58:06.772131 [ 5881s] ❌ 15M delay_arb CLOSE (STOP(-25%)): $-3.52 | Total: $+2.23
2026-02-03T20:58:22.788358 [ 5897s] BTC: $76,310.57 (4ex, -0.000%) | 15m: 0.39/0.42 | 1h: N/A | P&L: $+2.23 (29)
2026-02-03T20:59:22.851369 [ 5957s] BTC: $76,443.58 (4ex, +0.107%) | 15m: 0.62/0.95 | 1h: N/A | P&L: $+2.23 (29)
2026-02-03T21:00:05.365905 [ 6000s] 💾 Checkpoint
2026-02-03T21:00:07.930812 [ 6002s] 🔄 15M transition
2026-02-03T21:00:08.933690 [ 6003s] 🔄 15M transition
2026-02-03T21:00:09.935022 [ 6004s] 🔄 15M transition
2026-02-03T21:00:10.936286 [ 6005s] 🔄 15M transition
2026-02-03T21:00:11.938077 [ 6006s] 🔄 15M transition
2026-02-03T21:00:22.949946 [ 6017s] BTC: $76,478.43 (4ex, +0.090%) | 15m: 0.70/0.73 | 1h: N/A | P&L: $+2.23 (29)
2026-02-03T21:01:23.009426 [ 6077s] BTC: $76,447.85 (4ex, +0.040%) | 15m: 0.45/0.47 | 1h: N/A | P&L: $+2.23 (29)
2026-02-03T21:01:49.072734 [ 6103s] 🎯 15M DELAY: BTC +0.158% K +0.0% → YES@$0.59
2026-02-03T21:02:23.123226 [ 6137s] BTC: $76,675.35 (4ex, +0.085%) | 15m: 0.71/0.74 | 1h: N/A | P&L: $+2.23 (29)
2026-02-03T21:03:09.222201 [ 6183s] ✅ 15M delay_arb CLOSE (PROFIT): $+1.30 | Total: $+3.53
2026-02-03T21:03:23.233914 [ 6197s] BTC: $76,807.84 (4ex, +0.048%) | 15m: 0.85/0.86 | 1h: N/A | P&L: $+3.53 (30)
2026-02-03T21:04:09.326937 [ 6244s] 📈 15M MEAN-REV: K@0.81 (extreme high) + BTC stable → NO
2026-02-03T21:04:23.349515 [ 6258s] BTC: $76,830.40 (4ex, +0.141%) | 15m: 0.81/0.83 | 1h: N/A | P&L: $+3.53 (30)
2026-02-03T21:04:40.414317 [ 6275s] ✅ 15M mean_reversion_high CLOSE (PROFIT): $+0.10 | Total: $+3.63
2026-02-03T21:05:05.377943 [ 6300s] 💾 Checkpoint
2026-02-03T21:05:23.484705 [ 6318s] BTC: $76,829.99 (4ex, -0.014%) | 15m: 0.83/0.84 | 1h: N/A | P&L: $+3.63 (31)
2026-02-03T21:05:40.561669 [ 6335s] 📈 15M MEAN-REV: K@0.87 (extreme high) + BTC stable → NO
2026-02-03T21:06:10.645206 [ 6365s] ✅ 15M mean_reversion_high CLOSE (PROFIT): $+0.20 | Total: $+3.83
2026-02-03T21:06:23.657214 [ 6378s] BTC: $76,807.48 (4ex, +0.018%) | 15m: 0.88/0.89 | 1h: N/A | P&L: $+3.83 (32)
2026-02-03T21:07:10.744607 [ 6425s] 📈 15M MEAN-REV: K@0.86 (extreme high) + BTC stable → NO
2026-02-03T21:07:11.245898 [ 6425s] ✅ 15M mean_reversion_high CLOSE (PROFIT): $+0.30 | Total: $+4.13
2026-02-03T21:07:24.258319 [ 6439s] BTC: $76,686.87 (4ex, -0.065%) | 15m: 0.81/0.84 | 1h: N/A | P&L: $+4.13 (33)
2026-02-03T21:08:11.344596 [ 6486s] 📈 15M MEAN-REV: K@0.83 (extreme high) + BTC stable → NO
2026-02-03T21:08:12.378287 [ 6487s] ✅ 15M mean_reversion_high CLOSE (PROFIT): $+0.20 | Total: $+4.33
2026-02-03T21:08:24.393160 [ 6499s] BTC: $76,711.03 (4ex, +0.043%) | 15m: 0.85/0.89 | 1h: N/A | P&L: $+4.33 (34)
2026-02-03T21:09:22.488222 [ 6557s] 📈 15M MEAN-REV: K@0.96 (extreme high) + BTC stable → NO
2026-02-03T21:09:22.988952 [ 6557s] ✅ 15M mean_reversion_high CLOSE (PROFIT): $+0.20 | Total: $+4.53
2026-02-03T21:09:24.991682 [ 6559s] BTC: $76,819.74 (4ex, +0.055%) | 15m: 0.96/0.97 | 1h: N/A | P&L: $+4.53 (35)
2026-02-03T21:10:05.386472 [ 6600s] 💾 Checkpoint
2026-02-03T21:10:25.094873 [ 6619s] BTC: $76,793.14 (4ex, -0.077%) | 15m: 0.96/0.99 | 1h: N/A | P&L: $+4.53 (35)
2026-02-03T21:11:25.177333 [ 6679s] BTC: $76,777.66 (4ex, -0.021%) | 15m: 0.95/0.97 | 1h: N/A | P&L: $+4.53 (35)
2026-02-03T21:12:25.240088 [ 6739s] BTC: $76,753.65 (4ex, -0.028%) | 15m: 0.99/1.00 | 1h: N/A | P&L: $+4.53 (35)
2026-02-03T21:13:25.311220 [ 6800s] BTC: $76,676.52 (4ex, -0.128%) | 15m: 0.99/1.00 | 1h: N/A | P&L: $+4.53 (35)
2026-02-03T21:14:25.383560 [ 6860s] BTC: $76,676.23 (4ex, +0.035%) | 15m: 0.99/1.00 | 1h: N/A | P&L: $+4.53 (35)
2026-02-03T21:15:05.395900 [ 6900s] 💾 Checkpoint
2026-02-03T21:15:16.465753 [ 6911s] 🔄 15M transition
2026-02-03T21:15:17.467115 [ 6912s] 🔄 15M transition
2026-02-03T21:15:18.471149 [ 6913s] 🔄 15M transition
2026-02-03T21:15:19.472242 [ 6914s] 🔄 15M transition
2026-02-03T21:15:20.474124 [ 6915s] 🔄 15M transition
2026-02-03T21:15:25.480671 [ 6920s] BTC: $76,706.46 (4ex, +0.026%) | 15m: 0.44/0.45 | 1h: N/A | P&L: $+4.53 (35)
2026-02-03T21:16:21.586254 [ 6976s] 🎯 15M DELAY: BTC -0.152% K +0.0% → NO@$0.59
2026-02-03T21:16:22.083622 [ 6976s] ✅ 15M delay_arb CLOSE (PROFIT): $+0.08 | Total: $+4.61
2026-02-03T21:16:26.089274 [ 6980s] BTC: $76,506.73 (4ex, -0.241%) | 15m: 0.41/0.43 | 1h: N/A | P&L: $+4.61 (36)
2026-02-03T21:17:26.156690 [ 7040s] BTC: $76,481.58 (4ex, +0.041%) | 15m: 0.22/0.25 | 1h: N/A | P&L: $+4.61 (36)
2026-02-03T21:18:18.245464 [ 7092s] 📉 15M MEAN-REV: K@0.20 (extreme low) + BTC stable → YES
2026-02-03T21:18:26.258305 [ 7101s] BTC: $76,413.97 (4ex, -0.056%) | 15m: 0.17/0.20 | 1h: N/A | P&L: $+4.61 (36)
2026-02-03T21:18:48.326939 [ 7123s] ❌ 15M mean_reversion_low CLOSE (STOP(-25%)): $-0.60 | Total: $+4.01
2026-02-03T21:19:26.368979 [ 7161s] BTC: $76,353.29 (4ex, -0.075%) | 15m: 0.12/0.14 | 1h: N/A | P&L: $+4.01 (37)
2026-02-03T21:19:48.431128 [ 7183s] 📉 15M MEAN-REV: K@0.13 (extreme low) + BTC stable → YES
2026-02-03T21:20:05.406516 [ 7200s] 💾 Checkpoint
2026-02-03T21:20:18.530112 [ 7213s] ❌ 15M mean_reversion_low CLOSE (STOP(-25%)): $-0.40 | Total: $+3.61
2026-02-03T21:20:26.538559 [ 7221s] BTC: $76,369.12 (4ex, +0.002%) | 15m: 0.09/0.10 | 1h: N/A | P&L: $+3.61 (38)
2026-02-03T21:21:18.629587 [ 7273s] 📉 15M MEAN-REV: K@0.07 (extreme low) + BTC stable → YES
2026-02-03T21:21:26.642383 [ 7281s] BTC: $76,304.49 (4ex, -0.003%) | 15m: 0.05/0.06 | 1h: N/A | P&L: $+3.61 (38)
2026-02-03T21:21:49.714503 [ 7304s] ❌ 15M mean_reversion_low CLOSE (STOP(-25%)): $-0.20 | Total: $+3.41
2026-02-03T21:22:26.757109 [ 7341s] BTC: $76,372.82 (4ex, +0.070%) | 15m: 0.05/0.06 | 1h: N/A | P&L: $+3.41 (39)
2026-02-03T21:22:49.817888 [ 7364s] 📉 15M MEAN-REV: K@0.06 (extreme low) + BTC stable → YES
2026-02-03T21:22:50.318484 [ 7364s] ❌ 15M mean_reversion_low CLOSE (STOP(-25%)): $-0.20 | Total: $+3.21
2026-02-03T21:23:27.358928 [ 7402s] BTC: $76,337.50 (4ex, -0.026%) | 15m: 0.03/0.04 | 1h: N/A | P&L: $+3.21 (40)
2026-02-03T21:23:50.419996 [ 7425s] 📉 15M MEAN-REV: K@0.07 (extreme low) + BTC stable → YES
2026-02-03T21:23:50.917490 [ 7425s] ❌ 15M mean_reversion_low CLOSE (STOP(-25%)): $-0.20 | Total: $+3.01
2026-02-03T21:24:27.964731 [ 7462s] BTC: $76,443.24 (4ex, +0.103%) | 15m: 0.08/0.10 | 1h: N/A | P&L: $+3.01 (41)
2026-02-03T21:24:51.028383 [ 7485s] 📉 15M MEAN-REV: K@0.09 (extreme low) + BTC stable → YES
2026-02-03T21:25:05.417353 [ 7500s] 💾 Checkpoint
2026-02-03T21:25:22.138850 [ 7516s] ✅ 15M mean_reversion_low CLOSE (PROFIT): $+0.30 | Total: $+3.31
2026-02-03T21:25:28.146491 [ 7522s] BTC: $76,488.86 (4ex, +0.049%) | 15m: 0.12/0.15 | 1h: N/A | P&L: $+3.31 (42)
2026-02-03T21:26:28.216717 [ 7582s] BTC: $76,470.15 (4ex, +0.026%) | 15m: 0.04/0.07 | 1h: N/A | P&L: $+3.31 (42)
2026-02-03T21:27:28.275886 [ 7643s] BTC: $76,372.98 (4ex, -0.119%) | 15m: 0.01/0.02 | 1h: N/A | P&L: $+3.31 (42)
2026-02-03T21:28:28.345727 [ 7703s] BTC: $76,402.38 (4ex, +0.012%) | 15m: 0.00/0.01 | 1h: N/A | P&L: $+3.31 (42)
2026-02-03T21:29:28.416116 [ 7763s] BTC: $76,430.61 (4ex, +0.000%) | 15m: 0.00/0.01 | 1h: N/A | P&L: $+3.31 (42)
2026-02-03T21:30:05.428114 [ 7800s] 💾 Checkpoint
2026-02-03T21:30:24.526674 [ 7819s] 🔄 15M transition
2026-02-03T21:30:25.527599 [ 7820s] 🔄 15M transition
2026-02-03T21:30:26.529315 [ 7821s] 🔄 15M transition
2026-02-03T21:30:27.530533 [ 7822s] 🔄 15M transition
2026-02-03T21:30:28.531438 [ 7823s] 🔄 15M transition
2026-02-03T21:30:28.531537 [ 7823s] BTC: $76,435.28 (4ex, +0.040%) | 15m: 0.51/0.55 | 1h: N/A | P&L: $+3.31 (42)
2026-02-03T21:31:28.587024 [ 7883s] BTC: $76,524.65 (4ex, -0.032%) | 15m: 0.64/0.65 | 1h: N/A | P&L: $+3.31 (42)
2026-02-03T21:32:28.647052 [ 7943s] BTC: $76,504.60 (4ex, -0.018%) | 15m: 0.59/0.60 | 1h: N/A | P&L: $+3.31 (42)
2026-02-03T21:33:28.705984 [ 8003s] BTC: $76,520.07 (4ex, +0.049%) | 15m: 0.60/0.61 | 1h: N/A | P&L: $+3.31 (42)
2026-02-03T21:34:28.769545 [ 8063s] BTC: $76,481.93 (4ex, -0.085%) | 15m: 0.53/0.57 | 1h: N/A | P&L: $+3.31 (42)
2026-02-03T21:35:05.439904 [ 8100s] 💾 Checkpoint
2026-02-03T21:35:28.829963 [ 8123s] BTC: $76,460.36 (4ex, -0.061%) | 15m: 0.52/0.54 | 1h: N/A | P&L: $+3.31 (42)
2026-02-03T21:36:28.893046 [ 8183s] BTC: $76,428.86 (4ex, +0.017%) | 15m: 0.41/0.42 | 1h: N/A | P&L: $+3.31 (42)
2026-02-03T21:37:28.959914 [ 8243s] BTC: $76,345.99 (4ex, -0.066%) | 15m: 0.29/0.32 | 1h: N/A | P&L: $+3.31 (42)
2026-02-03T21:38:29.045284 [ 8303s] BTC: $76,255.05 (4ex, -0.098%) | 15m: 0.10/0.11 | 1h: N/A | P&L: $+3.31 (42)
2026-02-03T21:39:00.133578 [ 8334s] 📉 15M MEAN-REV: K@0.08 (extreme low) + BTC stable → YES
2026-02-03T21:39:29.219107 [ 8363s] ✅ 15M mean_reversion_low CLOSE (PROFIT): $+0.10 | Total: $+3.41
2026-02-03T21:39:29.219200 [ 8363s] BTC: $76,236.54 (4ex, +0.069%) | 15m: 0.08/0.10 | 1h: N/A | P&L: $+3.41 (43)
2026-02-03T21:40:05.452040 [ 8400s] 💾 Checkpoint
2026-02-03T21:40:29.283954 [ 8424s] BTC: $76,220.26 (4ex, +0.068%) | 15m: 0.05/0.07 | 1h: N/A | P&L: $+3.41 (43)
2026-02-03T21:41:29.358407 [ 8484s] BTC: $76,236.72 (4ex, +0.056%) | 15m: 0.03/0.05 | 1h: N/A | P&L: $+3.41 (43)
2026-02-03T21:42:29.421316 [ 8544s] BTC: $76,220.82 (4ex, -0.014%) | 15m: 0.02/0.03 | 1h: N/A | P&L: $+3.41 (43)
2026-02-03T21:43:29.490156 [ 8604s] BTC: $76,270.39 (4ex, +0.056%) | 15m: 0.00/0.01 | 1h: N/A | P&L: $+3.41 (43)
2026-02-03T21:44:29.559155 [ 8664s] BTC: $76,260.69 (4ex, -0.014%) | 15m: 0.00/0.01 | 1h: N/A | P&L: $+3.41 (43)
2026-02-03T21:45:01.590418 [ 8696s] 🔄 15M transition
2026-02-03T21:45:02.591678 [ 8697s] 🔄 15M transition
2026-02-03T21:45:03.594091 [ 8698s] 🔄 15M transition
2026-02-03T21:45:04.595384 [ 8699s] 🔄 15M transition
2026-02-03T21:45:05.466745 [ 8700s] 💾 Checkpoint
2026-02-03T21:45:05.595975 [ 8700s] 🔄 15M transition
2026-02-03T21:45:06.596904 [ 8701s] 🔄 15M transition
2026-02-03T21:45:29.625133 [ 8724s] BTC: $76,279.68 (4ex, +0.009%) | 15m: 0.45/0.55 | 1h: N/A | P&L: $+3.41 (43)
2026-02-03T21:46:29.704099 [ 8784s] BTC: $76,239.52 (4ex, -0.143%) | 15m: 0.62/0.66 | 1h: N/A | P&L: $+3.41 (43)
2026-02-03T21:46:30.748341 [ 8785s] 🎯 15M DELAY: BTC -0.157% K +0.0% → NO@$0.38
2026-02-03T21:46:31.241214 [ 8785s] ✅ 15M delay_arb CLOSE (PROFIT): $+0.20 | Total: $+3.61
2026-02-03T21:47:30.301522 [ 8845s] BTC: $76,220.92 (4ex, +0.047%) | 15m: 0.30/0.32 | 1h: N/A | P&L: $+3.61 (44)
2026-02-03T21:48:30.370256 [ 8905s] BTC: $76,230.85 (4ex, +0.050%) | 15m: 0.38/0.41 | 1h: N/A | P&L: $+3.61 (44)
2026-02-03T21:49:30.449149 [ 8965s] BTC: $76,185.45 (4ex, -0.053%) | 15m: 0.37/0.40 | 1h: N/A | P&L: $+3.61 (44)
2026-02-03T21:50:05.477105 [ 9000s] 💾 Checkpoint
2026-02-03T21:50:30.525042 [ 9025s] BTC: $76,182.80 (4ex, -0.018%) | 15m: 0.27/0.30 | 1h: N/A | P&L: $+3.61 (44)
2026-02-03T21:51:30.593784 [ 9085s] BTC: $76,211.97 (4ex, +0.033%) | 15m: 0.23/0.24 | 1h: N/A | P&L: $+3.61 (44)
2026-02-03T21:52:30.661478 [ 9145s] BTC: $76,199.48 (4ex, -0.002%) | 15m: 0.22/0.25 | 1h: N/A | P&L: $+3.61 (44)
2026-02-03T21:53:30.723423 [ 9205s] BTC: $76,230.11 (4ex, +0.020%) | 15m: 0.22/0.23 | 1h: N/A | P&L: $+3.61 (44)
2026-02-03T21:54:21.817073 [ 9256s] 🎯 15M DELAY: BTC -0.152% K +0.0% → NO@$0.81
2026-02-03T21:54:22.316835 [ 9256s] ✅ 15M delay_arb CLOSE (PROFIT): $+0.10 | Total: $+3.71
2026-02-03T21:54:31.328071 [ 9266s] BTC: $76,090.01 (4ex, -0.092%) | 15m: 0.19/0.20 | 1h: N/A | P&L: $+3.71 (45)
2026-02-03T21:55:05.487425 [ 9300s] 💾 Checkpoint
2026-02-03T21:55:31.401760 [ 9326s] BTC: $76,115.47 (4ex, +0.026%) | 15m: 0.06/0.07 | 1h: N/A | P&L: $+3.71 (45)
2026-02-03T21:56:31.471956 [ 9386s] BTC: $76,191.13 (4ex, +0.091%) | 15m: 0.08/0.11 | 1h: N/A | P&L: $+3.71 (45)
2026-02-03T21:57:31.531689 [ 9446s] BTC: $76,149.18 (4ex, -0.065%) | 15m: 0.12/0.14 | 1h: N/A | P&L: $+3.71 (45)
2026-02-03T21:58:31.595404 [ 9506s] BTC: $76,190.82 (4ex, +0.058%) | 15m: 0.02/0.03 | 1h: N/A | P&L: $+3.71 (45)
2026-02-03T21:59:31.666328 [ 9566s] BTC: $76,164.22 (4ex, -0.002%) | 15m: 0.00/0.01 | 1h: N/A | P&L: $+3.71 (45)
2026-02-03T22:00:05.498010 [ 9600s] 💾 Checkpoint
2026-02-03T22:00:09.721545 [ 9604s] 🔄 15M transition
2026-02-03T22:00:10.722099 [ 9605s] 🔄 15M transition
2026-02-03T22:00:11.724354 [ 9606s] 🔄 15M transition
2026-02-03T22:00:12.725600 [ 9607s] 🔄 15M transition
2026-02-03T22:00:13.727861 [ 9608s] 🔄 15M transition
2026-02-03T22:00:31.744891 [ 9626s] BTC: $76,160.22 (4ex, +0.007%) | 15m: 0.45/0.55 | 1h: N/A | P&L: $+3.71 (45)
2026-02-03T22:01:31.804256 [ 9686s] BTC: $76,181.60 (4ex, +0.022%) | 15m: 0.46/0.49 | 1h: N/A | P&L: $+3.71 (45)
2026-02-03T22:02:31.877057 [ 9746s] BTC: $76,149.27 (4ex, -0.019%) | 15m: 0.45/0.49 | 1h: N/A | P&L: $+3.71 (45)
2026-02-03T22:03:31.949341 [ 9806s] BTC: $76,154.56 (4ex, +0.001%) | 15m: 0.48/0.53 | 1h: N/A | P&L: $+3.71 (45)
2026-02-03T22:04:32.016702 [ 9866s] BTC: $76,140.15 (4ex, +0.014%) | 15m: 0.37/0.40 | 1h: N/A | P&L: $+3.71 (45)
2026-02-03T22:05:05.511201 [ 9900s] 💾 Checkpoint
2026-02-03T22:05:32.097117 [ 9926s] BTC: $76,102.00 (4ex, -0.046%) | 15m: 0.34/0.36 | 1h: N/A | P&L: $+3.71 (45)
2026-02-03T22:06:13.187092 [ 9967s] 📉 15M MEAN-REV: K@0.18 (extreme low) + BTC stable → YES
2026-02-03T22:06:32.230977 [ 9986s] BTC: $76,035.96 (4ex, -0.005%) | 15m: 0.17/0.18 | 1h: N/A | P&L: $+3.71 (45)
2026-02-03T22:06:43.339289 [ 9997s] ❌ 15M mean_reversion_low CLOSE (STOP(-25%)): $-0.80 | Total: $+2.91
2026-02-03T22:07:32.393711 [10047s] BTC: $75,882.49 (4ex, -0.057%) | 15m: 0.06/0.08 | 1h: N/A | P&L: $+2.91 (46)
2026-02-03T22:07:45.442752 [10060s] 📉 15M MEAN-REV: K@0.04 (extreme low) + BTC stable → YES
2026-02-03T22:08:14.518584 [10089s] ❌ 15M mean_reversion_low CLOSE (STOP(-25%)): $-0.20 | Total: $+2.71
2026-02-03T22:08:32.552821 [10107s] BTC: $75,823.62 (4ex, -0.044%) | 15m: 0.02/0.03 | 1h: N/A | P&L: $+2.71 (47)
2026-02-03T22:09:14.627422 [10149s] 📉 15M MEAN-REV: K@0.04 (extreme low) + BTC stable → YES
2026-02-03T22:09:15.128617 [10149s] ❌ 15M mean_reversion_low CLOSE (STOP(-25%)): $-0.27 | Total: $+2.44
2026-02-03T22:09:33.148498 [10167s] BTC: $75,715.11 (4ex, -0.022%) | 15m: 0.01/0.04 | 1h: N/A | P&L: $+2.44 (48)
2026-02-03T22:10:05.534746 [10200s] 💾 Checkpoint
2026-02-03T22:10:33.218684 [10227s] BTC: $75,718.17 (4ex, -0.015%) | 15m: 0.01/0.02 | 1h: N/A | P&L: $+2.44 (48)
2026-02-03T22:11:33.301894 [10288s] BTC: $75,691.66 (4ex, -0.038%) | 15m: 0.00/0.01 | 1h: N/A | P&L: $+2.44 (48)
2026-02-03T22:12:33.365172 [10348s] BTC: $75,857.03 (4ex, +0.079%) | 15m: 0.01/0.02 | 1h: N/A | P&L: $+2.44 (48)
2026-02-03T22:13:33.434123 [10408s] BTC: $75,779.34 (4ex, -0.093%) | 15m: 0.00/0.01 | 1h: N/A | P&L: $+2.44 (48)
2026-02-03T22:14:33.498772 [10468s] BTC: $75,734.49 (4ex, -0.042%) | 15m: 0.00/0.01 | 1h: N/A | P&L: $+2.44 (48)
2026-02-03T22:15:05.547005 [10500s] 💾 Checkpoint
2026-02-03T22:15:17.563184 [10512s] 🔄 15M transition
2026-02-03T22:15:18.563642 [10513s] 🔄 15M transition
2026-02-03T22:15:19.564447 [10514s] 🔄 15M transition
2026-02-03T22:15:20.565249 [10515s] 🔄 15M transition
2026-02-03T22:15:21.566195 [10516s] 🔄 15M transition
2026-02-03T22:15:33.582157 [10528s] BTC: $75,672.55 (4ex, -0.095%) | 15m: 0.57/0.65 | 1h: N/A | P&L: $+2.44 (48)
2026-02-03T22:16:33.668221 [10588s] BTC: $75,501.87 (4ex, -0.086%) | 15m: 0.22/0.24 | 1h: N/A | P&L: $+2.44 (48)
2026-02-03T22:16:48.721426 [10603s] 📉 15M MEAN-REV: K@0.15 (extreme low) + BTC stable → YES
2026-02-03T22:17:33.791616 [10648s] BTC: $75,457.55 (4ex, -0.005%) | 15m: 0.12/0.13 | 1h: N/A | P&L: $+2.44 (48)
2026-02-03T22:18:33.879982 [10708s] BTC: $75,475.37 (4ex, +0.009%) | 15m: 0.11/0.13 | 1h: N/A | P&L: $+2.44 (48)
2026-02-03T22:18:49.940117 [10724s] ✅ 15M mean_reversion_low CLOSE (PROFIT): $+1.30 | Total: $+3.74
2026-02-03T22:19:33.989741 [10768s] BTC: $75,643.26 (4ex, +0.043%) | 15m: 0.27/0.28 | 1h: N/A | P&L: $+3.74 (49)
2026-02-03T22:20:04.046919 [10798s] 🎯 15M DELAY: BTC +0.157% K +0.0% → YES@$0.44
2026-02-03T22:20:04.547862 [10798s] ❌ 15M delay_arb CLOSE (STOP(-25%)): $-0.30 | Total: $+3.44
2026-02-03T22:20:05.557281 [10800s] 💾 Checkpoint
2026-02-03T22:20:34.586285 [10829s] BTC: $75,905.47 (4ex, +0.117%) | 15m: 0.63/0.73 | 1h: N/A | P&L: $+3.44 (50)
2026-02-03T22:21:34.654167 [10889s] BTC: $75,900.85 (4ex, +0.005%) | 15m: 0.69/0.71 | 1h: N/A | P&L: $+3.44 (50)
2026-02-03T22:22:34.720568 [10949s] BTC: $75,798.39 (4ex, -0.080%) | 15m: 0.47/0.51 | 1h: N/A | P&L: $+3.44 (50)
2026-02-03T22:23:34.792414 [11009s] BTC: $75,721.15 (4ex, -0.123%) | 15m: 0.36/0.39 | 1h: N/A | P&L: $+3.44 (50)
2026-02-03T22:24:34.860930 [11069s] BTC: $75,687.22 (4ex, -0.053%) | 15m: 0.29/0.32 | 1h: N/A | P&L: $+3.44 (50)
2026-02-03T22:25:05.567773 [11100s] 💾 Checkpoint
2026-02-03T22:25:34.932459 [11129s] BTC: $75,759.26 (4ex, +0.111%) | 15m: 0.36/0.40 | 1h: N/A | P&L: $+3.44 (50)
2026-02-03T22:26:34.998316 [11189s] BTC: $75,864.28 (4ex, +0.058%) | 15m: 0.81/0.84 | 1h: N/A | P&L: $+3.44 (50)
2026-02-03T22:27:35.067144 [11249s] BTC: $75,842.56 (4ex, +0.016%) | 15m: 0.81/0.86 | 1h: N/A | P&L: $+3.44 (50)
2026-02-03T22:28:35.128580 [11309s] BTC: $75,887.11 (4ex, +0.033%) | 15m: 0.97/0.98 | 1h: N/A | P&L: $+3.44 (50)
2026-02-03T22:29:35.213006 [11369s] BTC: $75,881.09 (4ex, -0.104%) | 15m: 0.99/1.00 | 1h: N/A | P&L: $+3.44 (50)
2026-02-03T22:30:05.576960 [11400s] 💾 Checkpoint
2026-02-03T22:30:26.309820 [11421s] 🔄 15M transition
2026-02-03T22:30:27.311056 [11422s] 🔄 15M transition
2026-02-03T22:30:28.312048 [11423s] 🔄 15M transition
2026-02-03T22:30:29.314036 [11424s] 🔄 15M transition
2026-02-03T22:30:30.314958 [11425s] 🔄 15M transition
2026-02-03T22:30:35.318354 [11430s] BTC: $75,919.33 (4ex, -0.006%) | 15m: 0.44/0.45 | 1h: N/A | P&L: $+3.44 (50)
2026-02-03T22:31:35.380683 [11490s] BTC: $75,990.03 (4ex, +0.064%) | 15m: 0.62/0.63 | 1h: N/A | P&L: $+3.44 (50)
2026-02-03T22:32:33.478888 [11548s] 🎯 15M DELAY: BTC -0.153% K +0.0% → NO@$0.59
2026-02-03T22:32:33.978015 [11548s] ✅ 15M delay_arb CLOSE (PROFIT): $+0.30 | Total: $+3.74
2026-02-03T22:32:35.980838 [11550s] BTC: $75,847.55 (4ex, -0.157%) | 15m: 0.41/0.42 | 1h: N/A | P&L: $+3.74 (51)
2026-02-03T22:33:36.052061 [11610s] BTC: $75,852.33 (4ex, -0.015%) | 15m: 0.30/0.31 | 1h: N/A | P&L: $+3.74 (51)
2026-02-03T22:34:36.116072 [11670s] BTC: $75,834.26 (4ex, -0.005%) | 15m: 0.28/0.29 | 1h: N/A | P&L: $+3.74 (51)
2026-02-03T22:35:05.587088 [11700s] 💾 Checkpoint
2026-02-03T22:35:36.182167 [11730s] BTC: $75,871.47 (4ex, +0.041%) | 15m: 0.28/0.29 | 1h: N/A | P&L: $+3.74 (51)
2026-02-03T22:36:36.254518 [11790s] BTC: $75,912.20 (4ex, +0.070%) | 15m: 0.38/0.42 | 1h: N/A | P&L: $+3.74 (51)
2026-02-03T22:36:49.298815 [11804s] 🎯 15M DELAY: BTC +0.153% K +0.0% → YES@$0.42
2026-02-03T22:36:49.798102 [11804s] ❌ 15M delay_arb CLOSE (STOP(-25%)): $-0.40 | Total: $+3.34
2026-02-03T22:37:36.856893 [11851s] BTC: $75,946.59 (4ex, +0.001%) | 15m: 0.48/0.49 | 1h: N/A | P&L: $+3.34 (52)
2026-02-03T22:38:36.927139 [11911s] BTC: $75,903.07 (4ex, -0.007%) | 15m: 0.43/0.46 | 1h: N/A | P&L: $+3.34 (52)
2026-02-03T22:39:37.001578 [11971s] BTC: $75,901.36 (4ex, -0.008%) | 15m: 0.42/0.45 | 1h: N/A | P&L: $+3.34 (52)
2026-02-03T22:40:05.603547 [12000s] 💾 Checkpoint
2026-02-03T22:40:37.070051 [12031s] BTC: $75,899.08 (4ex, +0.005%) | 15m: 0.27/0.30 | 1h: N/A | P&L: $+3.34 (52)
2026-02-03T22:41:37.128948 [12091s] BTC: $75,891.87 (4ex, -0.099%) | 15m: 0.26/0.29 | 1h: N/A | P&L: $+3.34 (52)
2026-02-03T22:42:37.198960 [12151s] BTC: $75,795.59 (4ex, -0.071%) | 15m: 0.04/0.06 | 1h: N/A | P&L: $+3.34 (52)
2026-02-03T22:43:37.276240 [12212s] BTC: $75,792.05 (4ex, +0.013%) | 15m: 0.01/0.02 | 1h: N/A | P&L: $+3.34 (52)
2026-02-03T22:44:37.339819 [12272s] BTC: $75,785.33 (4ex, -0.020%) | 15m: 0.00/0.01 | 1h: N/A | P&L: $+3.34 (52)
2026-02-03T22:45:03.367106 [12298s] 🔄 15M transition
2026-02-03T22:45:04.368669 [12299s] 🔄 15M transition
2026-02-03T22:45:05.369466 [12300s] 🔄 15M transition
2026-02-03T22:45:05.617570 [12300s] 💾 Checkpoint
2026-02-03T22:45:06.371058 [12301s] 🔄 15M transition
2026-02-03T22:45:07.372483 [12302s] 🔄 15M transition
2026-02-03T22:45:37.407189 [12332s] BTC: $75,698.96 (4ex, -0.062%) | 15m: 0.35/0.42 | 1h: N/A | P&L: $+3.34 (52)
2026-02-03T22:46:37.473895 [12392s] BTC: $75,596.42 (4ex, -0.110%) | 15m: 0.12/0.13 | 1h: N/A | P&L: $+3.34 (52)
2026-02-03T22:47:07.539677 [12422s] 🎯 15M DELAY: BTC -0.172% K +0.0% → NO@$0.91
2026-02-03T22:47:34.612478 [12449s] ✅ 15M delay_arb CLOSE (PROFIT): $+0.95 | Total: $+4.29
2026-02-03T22:47:37.615323 [12452s] BTC: $75,549.73 (4ex, +0.122%) | 15m: 0.13/0.14 | 1h: N/A | P&L: $+4.29 (53)
2026-02-03T22:48:37.678289 [12512s] BTC: $75,459.94 (4ex, -0.140%) | 15m: 0.06/0.08 | 1h: N/A | P&L: $+4.29 (53)
2026-02-03T22:48:51.732168 [12526s] 📉 15M MEAN-REV: K@0.08 (extreme low) + BTC stable → YES
2026-02-03T22:49:05.787011 [12540s] ❌ 15M mean_reversion_low CLOSE (STOP(-25%)): $-0.30 | Total: $+3.99
2026-02-03T22:49:37.822147 [12572s] BTC: $75,367.11 (4ex, -0.099%) | 15m: 0.03/0.04 | 1h: N/A | P&L: $+3.99 (54)
2026-02-03T22:50:05.629714 [12600s] 💾 Checkpoint
2026-02-03T22:50:05.885421 [12600s] 📉 15M MEAN-REV: K@0.04 (extreme low) + BTC stable → YES
2026-02-03T22:50:06.920973 [12601s] ❌ 15M mean_reversion_low CLOSE (STOP(-25%)): $-0.20 | Total: $+3.79
2026-02-03T22:50:37.950638 [12632s] BTC: $75,377.96 (4ex, +0.021%) | 15m: 0.02/0.03 | 1h: N/A | P&L: $+3.79 (55)
2026-02-03T22:51:07.013504 [12661s] 📉 15M MEAN-REV: K@0.05 (extreme low) + BTC stable → YES
2026-02-03T22:51:07.513074 [12661s] ❌ 15M mean_reversion_low CLOSE (STOP(-25%)): $-0.20 | Total: $+3.59
2026-02-03T22:51:38.549215 [12693s] BTC: $75,464.57 (4ex, -0.023%) | 15m: 0.03/0.05 | 1h: N/A | P&L: $+3.59 (56)
2026-02-03T22:52:07.620085 [12722s] 📉 15M MEAN-REV: K@0.05 (extreme low) + BTC stable → YES
2026-02-03T22:52:08.119389 [12722s] ❌ 15M mean_reversion_low CLOSE (STOP(-25%)): $-0.20 | Total: $+3.39
2026-02-03T22:52:39.150334 [12753s] BTC: $75,433.60 (4ex, -0.053%) | 15m: 0.02/0.04 | 1h: N/A | P&L: $+3.39 (57)
2026-02-03T22:53:08.209424 [12782s] 📉 15M MEAN-REV: K@0.05 (extreme low) + BTC stable → YES
2026-02-03T22:53:08.709895 [12782s] ❌ 15M mean_reversion_low CLOSE (STOP(-25%)): $-0.20 | Total: $+3.19
2026-02-03T22:53:39.742596 [12814s] BTC: $75,577.60 (4ex, +0.132%) | 15m: 0.09/0.12 | 1h: N/A | P&L: $+3.19 (58)
2026-02-03T22:54:13.814745 [12848s] 📉 15M MEAN-REV: K@0.06 (extreme low) + BTC stable → YES
2026-02-03T22:54:39.858436 [12874s] BTC: $75,585.41 (4ex, +0.035%) | 15m: 0.06/0.09 | 1h: N/A | P&L: $+3.19 (58)
2026-02-03T22:55:05.641489 [12900s] 💾 Checkpoint
2026-02-03T22:55:08.931896 [12903s] ✅ 15M mean_reversion_low CLOSE (PROFIT): $+0.10 | Total: $+3.29
2026-02-03T22:55:39.964005 [12934s] BTC: $75,615.13 (4ex, -0.059%) | 15m: 0.08/0.10 | 1h: N/A | P&L: $+3.29 (59)
2026-02-03T22:56:40.029644 [12994s] BTC: $75,534.75 (4ex, -0.084%) | 15m: 0.01/0.02 | 1h: N/A | P&L: $+3.29 (59)
2026-02-03T22:57:40.093967 [13054s] BTC: $75,569.35 (4ex, +0.030%) | 15m: 0.00/0.02 | 1h: N/A | P&L: $+3.29 (59)
2026-02-03T22:58:40.157673 [13114s] BTC: $75,580.52 (4ex, +0.020%) | 15m: 0.00/0.01 | 1h: N/A | P&L: $+3.29 (59)
2026-02-03T22:59:40.247118 [13174s] BTC: $75,617.98 (4ex, +0.085%) | 15m: 0.00/0.01 | 1h: N/A | P&L: $+3.29 (59)
2026-02-03T23:00:05.656774 [13200s] 💾 Checkpoint
2026-02-03T23:00:11.285934 [13206s] 🔄 15M transition
2026-02-03T23:00:12.287157 [13207s] 🔄 15M transition
2026-02-03T23:00:13.288176 [13208s] 🔄 15M transition
2026-02-03T23:00:14.289546 [13209s] 🔄 15M transition
2026-02-03T23:00:15.291041 [13210s] 🔄 15M transition
2026-02-03T23:00:40.319065 [13235s] BTC: $75,550.56 (4ex, -0.140%) | 15m: 0.51/0.55 | 1h: N/A | P&L: $+3.29 (59)
2026-02-03T23:01:40.385861 [13295s] BTC: $75,594.25 (4ex, +0.016%) | 15m: 0.39/0.40 | 1h: N/A | P&L: $+3.29 (59)
2026-02-03T23:02:40.464922 [13355s] BTC: $75,621.90 (4ex, +0.052%) | 15m: 0.44/0.46 | 1h: N/A | P&L: $+3.29 (59)
2026-02-03T23:03:25.591941 [13400s] 🎯 15M DELAY: BTC -0.156% K +0.0% → NO@$0.59
2026-02-03T23:03:26.047009 [13400s] ✅ 15M delay_arb CLOSE (PROFIT): $+0.30 | Total: $+3.59
2026-02-03T23:03:41.067949 [13415s] BTC: $75,438.53 (4ex, -0.156%) | 15m: 0.41/0.45 | 1h: N/A | P&L: $+3.59 (60)
2026-02-03T23:04:32.158860 [13466s] 📉 15M MEAN-REV: K@0.19 (extreme low) + BTC stable → YES
2026-02-03T23:04:41.173870 [13475s] BTC: $75,427.77 (4ex, -0.033%) | 15m: 0.16/0.19 | 1h: N/A | P&L: $+3.59 (60)
2026-02-03T23:04:43.213835 [13477s] ❌ 15M mean_reversion_low CLOSE (STOP(-25%)): $-0.60 | Total: $+2.99
2026-02-03T23:05:05.671217 [13500s] 💾 Checkpoint
2026-02-03T23:05:41.275357 [13536s] BTC: $75,484.03 (4ex, +0.081%) | 15m: 0.10/0.14 | 1h: N/A | P&L: $+2.99 (61)
2026-02-03T23:05:43.312764 [13538s] 📉 15M MEAN-REV: K@0.14 (extreme low) + BTC stable → YES
2026-02-03T23:05:43.808300 [13538s] ❌ 15M mean_reversion_low CLOSE (STOP(-25%)): $-0.40 | Total: $+2.59
2026-02-03T23:06:41.870473 [13596s] BTC: $75,374.39 (4ex, +0.021%) | 15m: 0.14/0.17 | 1h: N/A | P&L: $+2.59 (62)
2026-02-03T23:06:43.906451 [13598s] 📉 15M MEAN-REV: K@0.17 (extreme low) + BTC stable → YES
2026-02-03T23:07:42.002104 [13656s] BTC: $75,376.27 (4ex, -0.019%) | 15m: 0.12/0.13 | 1h: N/A | P&L: $+2.59 (62)
2026-02-03T23:07:45.040901 [13659s] ❌ 15M mean_reversion_low CLOSE (STOP(-25%)): $-0.42 | Total: $+2.17
2026-02-03T23:08:42.107692 [13716s] BTC: $75,414.21 (4ex, +0.003%) | 15m: 0.14/0.15 | 1h: N/A | P&L: $+2.17 (63)
2026-02-03T23:08:45.148166 [13719s] 📉 15M MEAN-REV: K@0.15 (extreme low) + BTC stable → YES
2026-02-03T23:08:46.186378 [13720s] ❌ 15M mean_reversion_low CLOSE (STOP(-25%)): $-0.40 | Total: $+1.77
2026-02-03T23:09:42.245370 [13776s] BTC: $75,484.66 (4ex, +0.029%) | 15m: 0.20/0.23 | 1h: N/A | P&L: $+1.77 (64)
2026-02-03T23:10:05.684867 [13800s] 💾 Checkpoint
2026-02-03T23:10:42.336500 [13837s] BTC: $75,514.43 (4ex, -0.002%) | 15m: 0.40/0.44 | 1h: N/A | P&L: $+1.77 (64)
2026-02-03T23:11:42.410081 [13897s] BTC: $75,610.74 (4ex, +0.026%) | 15m: 0.72/0.75 | 1h: N/A | P&L: $+1.77 (64)
2026-02-03T23:12:42.477984 [13957s] BTC: $75,625.15 (4ex, +0.040%) | 15m: 0.53/0.58 | 1h: N/A | P&L: $+1.77 (64)
2026-02-03T23:13:42.534658 [14017s] BTC: $75,628.59 (4ex, +0.003%) | 15m: 0.82/0.86 | 1h: N/A | P&L: $+1.77 (64)
2026-02-03T23:14:42.600863 [14077s] BTC: $75,669.75 (4ex, +0.048%) | 15m: 0.99/1.00 | 1h: N/A | P&L: $+1.77 (64)
2026-02-03T23:15:04.626421 [14099s] 🔄 15M transition
2026-02-03T23:15:05.628064 [14100s] 🔄 15M transition
2026-02-03T23:15:05.700802 [14100s] 💾 Checkpoint
2026-02-03T23:15:06.628766 [14101s] 🔄 15M transition
2026-02-03T23:15:07.629737 [14102s] 🔄 15M transition
2026-02-03T23:15:08.630411 [14103s] 🔄 15M transition
2026-02-03T23:15:42.668374 [14137s] BTC: $75,751.64 (4ex, +0.075%) | 15m: 0.61/0.67 | 1h: N/A | P&L: $+1.77 (64)
2026-02-03T23:16:42.737142 [14197s] BTC: $75,725.39 (4ex, -0.047%) | 15m: 0.66/0.69 | 1h: N/A | P&L: $+1.77 (64)
2026-02-03T23:17:42.808874 [14257s] BTC: $75,649.17 (4ex, -0.037%) | 15m: 0.47/0.49 | 1h: N/A | P&L: $+1.77 (64)
2026-02-03T23:18:42.878118 [14317s] BTC: $75,658.73 (4ex, +0.064%) | 15m: 0.43/0.44 | 1h: N/A | P&L: $+1.77 (64)
2026-02-03T23:19:42.941952 [14377s] BTC: $75,714.74 (4ex, +0.013%) | 15m: 0.62/0.64 | 1h: N/A | P&L: $+1.77 (64)
2026-02-03T23:20:05.716141 [14400s] 💾 Checkpoint
2026-02-03T23:20:43.005124 [14437s] BTC: $75,641.45 (4ex, -0.025%) | 15m: 0.44/0.47 | 1h: N/A | P&L: $+1.77 (64)
2026-02-03T23:21:43.085968 [14497s] BTC: $75,623.95 (4ex, -0.029%) | 15m: 0.36/0.39 | 1h: N/A | P&L: $+1.77 (64)
2026-02-03T23:22:43.152254 [14557s] BTC: $75,593.29 (4ex, -0.033%) | 15m: 0.30/0.33 | 1h: N/A | P&L: $+1.77 (64)
2026-02-03T23:23:43.210854 [14617s] BTC: $75,646.62 (4ex, +0.012%) | 15m: 0.40/0.44 | 1h: N/A | P&L: $+1.77 (64)
2026-02-03T23:24:43.277185 [14678s] BTC: $75,738.25 (4ex, +0.060%) | 15m: 0.73/0.74 | 1h: N/A | P&L: $+1.77 (64)
2026-02-03T23:25:05.729096 [14700s] 💾 Checkpoint
2026-02-03T23:25:43.344013 [14738s] BTC: $75,849.41 (4ex, +0.142%) | 15m: 0.93/0.96 | 1h: N/A | P&L: $+1.77 (64)
2026-02-03T23:26:43.401446 [14798s] BTC: $75,853.66 (4ex, +0.001%) | 15m: 0.96/0.97 | 1h: N/A | P&L: $+1.77 (64)
2026-02-03T23:27:43.459869 [14858s] BTC: $75,783.90 (4ex, -0.090%) | 15m: 0.96/0.97 | 1h: N/A | P&L: $+1.77 (64)
2026-02-03T23:28:43.522101 [14918s] BTC: $75,729.97 (4ex, -0.047%) | 15m: 0.84/0.87 | 1h: N/A | P&L: $+1.77 (64)
2026-02-03T23:29:43.584080 [14978s] BTC: $75,695.82 (4ex, -0.064%) | 15m: 0.76/0.99 | 1h: N/A | P&L: $+1.77 (64)
2026-02-03T23:30:05.745517 [15000s] 💾 Checkpoint
2026-02-03T23:30:12.616085 [15007s] 🔄 15M transition
2026-02-03T23:30:13.617476 [15008s] 🔄 15M transition
2026-02-03T23:30:14.618720 [15009s] 🔄 15M transition
2026-02-03T23:30:15.619943 [15010s] 🔄 15M transition
2026-02-03T23:30:16.621022 [15011s] 🔄 15M transition
2026-02-03T23:30:43.653359 [15038s] BTC: $75,686.03 (4ex, +0.064%) | 15m: 0.44/0.45 | 1h: N/A | P&L: $+1.77 (64)
2026-02-03T23:31:43.719151 [15098s] BTC: $75,703.97 (4ex, +0.005%) | 15m: 0.50/0.55 | 1h: N/A | P&L: $+1.77 (64)
2026-02-03T23:32:43.783022 [15158s] BTC: $75,727.36 (4ex, +0.030%) | 15m: 0.55/0.59 | 1h: N/A | P&L: $+1.77 (64)
2026-02-03T23:33:43.846825 [15218s] BTC: $75,739.64 (4ex, +0.002%) | 15m: 0.63/0.64 | 1h: N/A | P&L: $+1.77 (64)
2026-02-03T23:34:43.930556 [15278s] BTC: $75,778.93 (4ex, +0.048%) | 15m: 0.64/0.68 | 1h: N/A | P&L: $+1.77 (64)
2026-02-03T23:35:05.760951 [15300s] 💾 Checkpoint
2026-02-03T23:35:44.017120 [15338s] BTC: $75,764.28 (4ex, -0.039%) | 15m: 0.79/0.80 | 1h: N/A | P&L: $+1.77 (64)
2026-02-03T23:36:44.085565 [15398s] BTC: $75,767.38 (4ex, +0.011%) | 15m: 0.67/0.70 | 1h: N/A | P&L: $+1.77 (64)
2026-02-03T23:37:44.150564 [15458s] BTC: $75,814.15 (4ex, +0.047%) | 15m: 0.74/0.75 | 1h: N/A | P&L: $+1.77 (64)
2026-02-03T23:37:46.188940 [15460s] 📈 15M MEAN-REV: K@0.84 (extreme high) + BTC stable → NO
2026-02-03T23:37:46.685355 [15460s] ✅ 15M mean_reversion_high CLOSE (PROFIT): $+0.22 | Total: $+1.99
2026-02-03T23:38:44.747716 [15519s] BTC: $75,837.36 (4ex, +0.010%) | 15m: 0.86/0.90 | 1h: N/A | P&L: $+1.99 (65)
2026-02-03T23:38:46.784731 [15521s] 📈 15M MEAN-REV: K@0.88 (extreme high) + BTC stable → NO
2026-02-03T23:38:47.286308 [15521s] ✅ 15M mean_reversion_high CLOSE (PROFIT): $+0.30 | Total: $+2.29
2026-02-03T23:39:45.350126 [15580s] BTC: $75,911.02 (4ex, +0.109%) | 15m: 0.93/0.95 | 1h: N/A | P&L: $+2.29 (66)
2026-02-03T23:40:05.776127 [15600s] 💾 Checkpoint
2026-02-03T23:40:45.422684 [15640s] BTC: $75,896.63 (4ex, -0.013%) | 15m: 0.96/0.98 | 1h: N/A | P&L: $+2.29 (66)
2026-02-03T23:41:45.491088 [15700s] BTC: $75,892.43 (4ex, -0.002%) | 15m: 0.95/0.96 | 1h: N/A | P&L: $+2.29 (66)
2026-02-03T23:42:45.545568 [15760s] BTC: $75,885.55 (4ex, +0.003%) | 15m: 0.97/0.98 | 1h: N/A | P&L: $+2.29 (66)
2026-02-03T23:43:45.607307 [15820s] BTC: $75,843.14 (4ex, +0.010%) | 15m: 0.97/0.98 | 1h: N/A | P&L: $+2.29 (66)
2026-02-03T23:44:45.673626 [15880s] BTC: $75,782.81 (4ex, +0.015%) | 15m: 0.99/1.00 | 1h: N/A | P&L: $+2.29 (66)
2026-02-03T23:45:05.786684 [15900s] 💾 Checkpoint
2026-02-03T23:45:19.708473 [15914s] 🔄 15M transition
2026-02-03T23:45:20.709075 [15915s] 🔄 15M transition
2026-02-03T23:45:21.710093 [15916s] 🔄 15M transition
2026-02-03T23:45:22.710738 [15917s] 🔄 15M transition
2026-02-03T23:45:23.712382 [15918s] 🔄 15M transition
2026-02-03T23:45:45.736462 [15940s] BTC: $75,739.36 (4ex, -0.056%) | 15m: 0.48/0.55 | 1h: N/A | P&L: $+2.29 (66)
2026-02-03T23:46:02.808001 [15957s] 🎯 15M DELAY: BTC -0.160% K +0.0% → NO@$0.69
2026-02-03T23:46:03.291545 [15957s] ✅ 15M delay_arb CLOSE (PROFIT): $+0.20 | Total: $+2.49
2026-02-03T23:46:46.334862 [16001s] BTC: $75,532.53 (4ex, -0.060%) | 15m: 0.15/0.17 | 1h: N/A | P&L: $+2.49 (67)
2026-02-03T23:47:03.390674 [16018s] 📉 15M MEAN-REV: K@0.14 (extreme low) + BTC stable → YES
2026-02-03T23:47:46.460296 [16061s] BTC: $75,543.50 (4ex, -0.007%) | 15m: 0.12/0.14 | 1h: N/A | P&L: $+2.49 (67)
2026-02-03T23:48:21.550159 [16096s] ✅ 15M mean_reversion_low CLOSE (PROFIT): $+0.50 | Total: $+2.99
2026-02-03T23:48:46.576357 [16121s] BTC: $75,663.93 (4ex, +0.118%) | 15m: 0.18/0.20 | 1h: N/A | P&L: $+2.99 (68)
2026-02-03T23:49:46.641754 [16181s] BTC: $75,596.65 (4ex, -0.071%) | 15m: 0.24/0.25 | 1h: N/A | P&L: $+2.99 (68)
2026-02-03T23:49:51.682246 [16186s] 📉 15M MEAN-REV: K@0.20 (extreme low) + BTC stable → YES
2026-02-03T23:50:05.804023 [16200s] 💾 Checkpoint
2026-02-03T23:50:22.770170 [16217s] ✅ 15M mean_reversion_low CLOSE (PROFIT): $+0.13 | Total: $+3.12
2026-02-03T23:50:46.796041 [16241s] BTC: $75,654.73 (4ex, +0.072%) | 15m: 0.27/0.29 | 1h: N/A | P&L: $+3.12 (69)
2026-02-03T23:51:46.864935 [16301s] BTC: $75,679.22 (4ex, +0.032%) | 15m: 0.32/0.36 | 1h: N/A | P&L: $+3.12 (69)
2026-02-03T23:52:46.923120 [16361s] BTC: $75,689.02 (4ex, +0.034%) | 15m: 0.29/0.33 | 1h: N/A | P&L: $+3.12 (69)
2026-02-03T23:53:46.984345 [16421s] BTC: $75,688.00 (4ex, -0.025%) | 15m: 0.29/0.33 | 1h: N/A | P&L: $+3.12 (69)
2026-02-03T23:54:24.090671 [16458s] 📉 15M MEAN-REV: K@0.14 (extreme low) + BTC stable → YES
2026-02-03T23:54:47.127193 [16481s] BTC: $75,648.58 (4ex, -0.037%) | 15m: 0.11/0.14 | 1h: N/A | P&L: $+3.12 (69)
2026-02-03T23:55:05.818520 [16500s] 💾 Checkpoint
2026-02-03T23:55:47.217063 [16541s] BTC: $75,662.36 (4ex, +0.020%) | 15m: 0.14/0.17 | 1h: N/A | P&L: $+3.12 (69)
2026-02-03T23:56:25.316742 [16580s] ❌ 15M mean_reversion_low CLOSE (STOP(-25%)): $-0.50 | Total: $+2.62
2026-02-03T23:56:47.338887 [16602s] BTC: $75,626.40 (4ex, -0.041%) | 15m: 0.09/0.10 | 1h: N/A | P&L: $+2.62 (70)
2026-02-03T23:57:47.401648 [16662s] BTC: $75,676.07 (4ex, +0.062%) | 15m: 0.03/0.05 | 1h: N/A | P&L: $+2.62 (70)
2026-02-03T23:58:47.464335 [16722s] BTC: $75,666.39 (4ex, +0.012%) | 15m: 0.01/0.02 | 1h: N/A | P&L: $+2.62 (70)
2026-02-03T23:59:47.527966 [16782s] BTC: $75,663.96 (4ex, -0.015%) | 15m: 0.00/0.01 | 1h: N/A | P&L: $+2.62 (70)
2026-02-04T00:00:05.836541 [16800s] 💾 Checkpoint
2026-02-04T00:00:27.593657 [16822s] 🔄 15M transition
2026-02-04T00:00:28.594615 [16823s] 🔄 15M transition
2026-02-04T00:00:29.595651 [16824s] 🔄 15M transition
2026-02-04T00:00:30.596649 [16825s] 🔄 15M transition
2026-02-04T00:00:31.597543 [16826s] 🔄 15M transition
2026-02-04T00:00:47.613690 [16842s] BTC: $75,675.41 (4ex, +0.008%) | 15m: 0.45/0.46 | 1h: N/A | P&L: $+2.62 (70)
2026-02-04T00:01:47.676623 [16902s] BTC: $75,624.32 (4ex, +0.025%) | 15m: 0.21/0.23 | 1h: N/A | P&L: $+2.62 (70)
2026-02-04T00:02:47.748201 [16962s] BTC: $75,640.10 (4ex, +0.045%) | 15m: 0.34/0.35 | 1h: N/A | P&L: $+2.62 (70)
2026-02-04T00:03:47.812259 [17022s] BTC: $75,550.95 (4ex, -0.067%) | 15m: 0.31/0.32 | 1h: N/A | P&L: $+2.62 (70)
2026-02-04T00:04:47.872536 [17082s] BTC: $75,544.22 (4ex, -0.018%) | 15m: 0.27/0.29 | 1h: N/A | P&L: $+2.62 (70)
2026-02-04T00:05:05.851682 [17100s] 💾 Checkpoint
2026-02-04T00:05:47.949138 [17142s] BTC: $75,555.63 (4ex, -0.009%) | 15m: 0.25/0.28 | 1h: N/A | P&L: $+2.62 (70)
2026-02-04T00:06:48.016718 [17202s] BTC: $75,619.91 (4ex, +0.069%) | 15m: 0.24/0.27 | 1h: N/A | P&L: $+2.62 (70)
2026-02-04T00:07:48.084147 [17262s] BTC: $75,592.68 (4ex, -0.053%) | 15m: 0.30/0.33 | 1h: N/A | P&L: $+2.62 (70)
2026-02-04T00:08:32.177697 [17306s] 📉 15M MEAN-REV: K@0.21 (extreme low) + BTC stable → YES
2026-02-04T00:08:48.207387 [17322s] BTC: $75,542.18 (4ex, -0.056%) | 15m: 0.19/0.21 | 1h: N/A | P&L: $+2.62 (70)
2026-02-04T00:09:02.274455 [17336s] ❌ 15M mean_reversion_low CLOSE (STOP(-25%)): $-0.50 | Total: $+2.12
2026-02-04T00:09:48.323088 [17383s] BTC: $75,534.77 (4ex, -0.030%) | 15m: 0.12/0.14 | 1h: N/A | P&L: $+2.12 (71)
2026-02-04T00:10:05.874928 [17400s] 💾 Checkpoint
2026-02-04T00:10:48.401308 [17443s] BTC: $75,517.92 (4ex, -0.012%) | 15m: 0.04/0.05 | 1h: N/A | P&L: $+2.12 (71)
2026-02-04T00:11:48.465766 [17503s] BTC: $75,493.26 (4ex, -0.068%) | 15m: 0.02/0.03 | 1h: N/A | P&L: $+2.12 (71)
2026-02-04T00:12:48.533392 [17563s] BTC: $75,520.16 (4ex, +0.013%) | 15m: 0.01/0.03 | 1h: N/A | P&L: $+2.12 (71)
2026-02-04T00:13:48.596762 [17623s] BTC: $75,451.83 (4ex, -0.046%) | 15m: 0.00/0.01 | 1h: N/A | P&L: $+2.12 (71)
2026-02-04T00:14:48.685283 [17683s] BTC: $75,402.04 (4ex, -0.038%) | 15m: 0.00/0.01 | 1h: N/A | P&L: $+2.12 (71)
2026-02-04T00:15:05.699968 [17700s] 🔄 15M transition
2026-02-04T00:15:05.893776 [17700s] 💾 Checkpoint
2026-02-04T00:15:06.700675 [17701s] 🔄 15M transition
2026-02-04T00:15:07.701667 [17702s] 🔄 15M transition
2026-02-04T00:15:08.702308 [17703s] 🔄 15M transition
2026-02-04T00:15:09.703442 [17704s] 🔄 15M transition
2026-02-04T00:15:48.744196 [17743s] BTC: $75,475.58 (4ex, -0.001%) | 15m: 0.55/0.56 | 1h: N/A | P&L: $+2.12 (71)
2026-02-04T00:16:48.815992 [17803s] BTC: $75,567.17 (4ex, +0.145%) | 15m: 0.74/0.76 | 1h: N/A | P&L: $+2.12 (71)
2026-02-04T00:16:55.858053 [17810s] 🎯 15M DELAY: BTC +0.165% K +0.0% → YES@$0.76
2026-02-04T00:17:48.939045 [17863s] BTC: $75,596.10 (4ex, +0.020%) | 15m: 0.84/0.86 | 1h: N/A | P&L: $+2.12 (71)
2026-02-04T00:18:49.040290 [17923s] BTC: $75,619.98 (4ex, +0.038%) | 15m: 0.88/0.90 | 1h: N/A | P&L: $+2.12 (71)
2026-02-04T00:19:49.127551 [17983s] BTC: $75,686.40 (4ex, +0.038%) | 15m: 0.88/0.91 | 1h: N/A | P&L: $+2.12 (71)
2026-02-04T00:20:05.934484 [18000s] 💾 Checkpoint
2026-02-04T00:20:08.197259 [18002s] ✅ 15M delay_arb CLOSE (PROFIT): $+0.98 | Total: $+3.10
2026-02-04T00:20:49.239221 [18043s] BTC: $75,726.33 (4ex, +0.048%) | 15m: 0.92/0.93 | 1h: N/A | P&L: $+3.10 (72)
2026-02-04T00:21:08.296725 [18063s] 📈 15M MEAN-REV: K@0.94 (extreme high) + BTC stable → NO
2026-02-04T00:21:08.822185 [18063s] ✅ 15M mean_reversion_high CLOSE (PROFIT): $+0.12 | Total: $+3.22
2026-02-04T00:21:49.876316 [18104s] BTC: $75,733.92 (4ex, +0.007%) | 15m: 0.94/0.97 | 1h: N/A | P&L: $+3.22 (73)
2026-02-04T00:22:08.931072 [18123s] 📈 15M MEAN-REV: K@0.93 (extreme high) + BTC stable → NO
2026-02-04T00:22:09.427593 [18123s] ✅ 15M mean_reversion_high CLOSE (PROFIT): $+0.40 | Total: $+3.62
2026-02-04T00:22:50.474054 [18165s] BTC: $75,708.01 (4ex, +0.003%) | 15m: 0.93/0.95 | 1h: N/A | P&L: $+3.62 (74)
2026-02-04T00:23:09.548296 [18184s] 📈 15M MEAN-REV: K@0.95 (extreme high) + BTC stable → NO
2026-02-04T00:23:10.041087 [18184s] ✅ 15M mean_reversion_high CLOSE (PROFIT): $+0.20 | Total: $+3.82
2026-02-04T00:23:51.089557 [18225s] BTC: $75,779.85 (4ex, +0.001%) | 15m: 0.98/0.99 | 1h: N/A | P&L: $+3.82 (75)
2026-02-04T00:24:10.147923 [18244s] 📈 15M MEAN-REV: K@0.98 (extreme high) + BTC stable → NO
2026-02-04T00:24:10.644519 [18244s] ✅ 15M mean_reversion_high CLOSE (PROFIT): $+0.10 | Total: $+3.92
2026-02-04T00:24:51.695269 [18286s] BTC: $75,801.49 (4ex, +0.024%) | 15m: 0.98/0.99 | 1h: N/A | P&L: $+3.92 (76)
2026-02-04T00:25:05.949615 [18300s] 💾 Checkpoint
2026-02-04T00:25:51.761282 [18346s] BTC: $75,829.73 (4ex, -0.030%) | 15m: 0.99/1.00 | 1h: N/A | P&L: $+3.92 (76)
2026-02-04T00:26:51.826369 [18406s] BTC: $75,849.04 (4ex, +0.017%) | 15m: 0.99/1.00 | 1h: N/A | P&L: $+3.92 (76)
2026-02-04T00:27:51.898375 [18466s] BTC: $75,846.96 (4ex, +0.035%) | 15m: 0.99/1.00 | 1h: N/A | P&L: $+3.92 (76)
2026-02-04T00:28:51.972695 [18526s] BTC: $75,874.78 (4ex, +0.017%) | 15m: 0.99/1.00 | 1h: N/A | P&L: $+3.92 (76)
2026-02-04T00:29:52.035651 [18586s] BTC: $75,915.64 (4ex, +0.057%) | 15m: 0.99/1.00 | 1h: N/A | P&L: $+3.92 (76)
2026-02-04T00:30:05.966842 [18600s] 💾 Checkpoint
2026-02-04T00:30:13.066642 [18607s] 🔄 15M transition
2026-02-04T00:30:14.067545 [18608s] 🔄 15M transition
2026-02-04T00:30:15.068706 [18609s] 🔄 15M transition
2026-02-04T00:30:16.070383 [18610s] 🔄 15M transition
2026-02-04T00:30:17.071026 [18611s] 🔄 15M transition
2026-02-04T00:30:52.111398 [18646s] BTC: $75,932.41 (4ex, +0.005%) | 15m: 0.48/0.53 | 1h: N/A | P&L: $+3.92 (76)
2026-02-04T00:31:52.190098 [18706s] BTC: $75,882.78 (4ex, -0.081%) | 15m: 0.39/0.43 | 1h: N/A | P&L: $+3.92 (76)
2026-02-04T00:32:52.257436 [18767s] BTC: $75,944.80 (4ex, +0.036%) | 15m: 0.54/0.56 | 1h: N/A | P&L: $+3.92 (76)
2026-02-04T00:33:52.327291 [18827s] BTC: $76,000.38 (4ex, +0.027%) | 15m: 0.72/0.74 | 1h: N/A | P&L: $+3.92 (76)
2026-02-04T00:34:52.403561 [18887s] BTC: $76,021.48 (4ex, +0.003%) | 15m: 0.77/0.80 | 1h: N/A | P&L: $+3.92 (76)
2026-02-04T00:35:05.982713 [18900s] 💾 Checkpoint
2026-02-04T00:35:40.494404 [18935s] 📈 15M MEAN-REV: K@0.89 (extreme high) + BTC stable → NO
2026-02-04T00:35:46.536131 [18941s] ✅ 15M mean_reversion_high CLOSE (PROFIT): $+0.29 | Total: $+4.21
2026-02-04T00:35:52.542018 [18947s] BTC: $76,109.98 (4ex, +0.050%) | 15m: 0.90/0.92 | 1h: N/A | P&L: $+4.21 (77)
2026-02-04T00:36:46.636139 [19001s] 📈 15M MEAN-REV: K@0.93 (extreme high) + BTC stable → NO
2026-02-04T00:36:47.136222 [19001s] ✅ 15M mean_reversion_high CLOSE (PROFIT): $+0.16 | Total: $+4.37
2026-02-04T00:36:53.144908 [19007s] BTC: $76,102.28 (4ex, -0.008%) | 15m: 0.93/0.94 | 1h: N/A | P&L: $+4.37 (78)
2026-02-04T00:37:47.237481 [19061s] 📈 15M MEAN-REV: K@0.93 (extreme high) + BTC stable → NO
2026-02-04T00:37:47.734191 [19061s] ✅ 15M mean_reversion_high CLOSE (PROFIT): $+0.10 | Total: $+4.47
2026-02-04T00:37:53.742173 [19068s] BTC: $76,125.71 (4ex, +0.051%) | 15m: 0.93/0.94 | 1h: N/A | P&L: $+4.47 (79)
2026-02-04T00:38:47.833064 [19122s] 📈 15M MEAN-REV: K@0.96 (extreme high) + BTC stable → NO
2026-02-04T00:38:48.330179 [19122s] ✅ 15M mean_reversion_high CLOSE (PROFIT): $+0.10 | Total: $+4.57
2026-02-04T00:38:54.338852 [19129s] BTC: $76,134.96 (4ex, +0.008%) | 15m: 0.96/0.97 | 1h: N/A | P&L: $+4.57 (80)
2026-02-04T00:39:48.434984 [19183s] 📈 15M MEAN-REV: K@0.97 (extreme high) + BTC stable → NO
2026-02-04T00:39:48.933968 [19183s] ✅ 15M mean_reversion_high CLOSE (PROFIT): $+0.10 | Total: $+4.67
2026-02-04T00:39:54.939937 [19189s] BTC: $76,146.85 (4ex, +0.014%) | 15m: 0.97/0.98 | 1h: N/A | P&L: $+4.67 (81)
2026-02-04T00:40:06.004248 [19200s] 💾 Checkpoint
2026-02-04T00:40:55.004594 [19249s] BTC: $76,099.13 (4ex, +0.014%) | 15m: 0.97/0.98 | 1h: N/A | P&L: $+4.67 (81)
2026-02-04T00:41:55.066460 [19309s] BTC: $76,124.77 (4ex, +0.025%) | 15m: 0.98/0.99 | 1h: N/A | P&L: $+4.67 (81)
2026-02-04T00:42:55.134016 [19369s] BTC: $76,128.97 (4ex, -0.035%) | 15m: 0.99/1.00 | 1h: N/A | P&L: $+4.67 (81)
2026-02-04T00:43:55.194438 [19429s] BTC: $76,050.13 (4ex, +0.019%) | 15m: 0.99/1.00 | 1h: N/A | P&L: $+4.67 (81)
2026-02-04T00:44:55.262766 [19490s] BTC: $75,987.39 (4ex, -0.086%) | 15m: 0.99/1.00 | 1h: N/A | P&L: $+4.67 (81)
2026-02-04T00:45:06.027946 [19500s] 💾 Checkpoint
2026-02-04T00:45:21.314883 [19516s] 🔄 15M transition
2026-02-04T00:45:22.316038 [19517s] 🔄 15M transition
2026-02-04T00:45:23.317498 [19518s] 🔄 15M transition
2026-02-04T00:45:24.318740 [19519s] 🔄 15M transition
2026-02-04T00:45:25.319624 [19520s] 🔄 15M transition
2026-02-04T00:45:55.351150 [19550s] BTC: $75,990.31 (4ex, -0.004%) | 15m: 0.40/0.44 | 1h: N/A | P&L: $+4.67 (81)
2026-02-04T00:46:55.414321 [19610s] BTC: $75,994.05 (4ex, +0.015%) | 15m: 0.42/0.43 | 1h: N/A | P&L: $+4.67 (81)
2026-02-04T00:47:55.479017 [19670s] BTC: $76,090.70 (4ex, +0.100%) | 15m: 0.72/0.74 | 1h: N/A | P&L: $+4.67 (81)
2026-02-04T00:48:55.541264 [19730s] BTC: $76,124.17 (4ex, +0.004%) | 15m: 0.73/0.77 | 1h: N/A | P&L: $+4.67 (81)
2026-02-04T00:49:55.607865 [19790s] BTC: $76,127.17 (4ex, +0.004%) | 15m: 0.77/0.78 | 1h: N/A | P&L: $+4.67 (81)
2026-02-04T00:50:06.047074 [19800s] 💾 Checkpoint
2026-02-04T00:50:23.682563 [19818s] 📈 15M MEAN-REV: K@0.81 (extreme high) + BTC stable → NO
2026-02-04T00:50:24.183273 [19818s] ✅ 15M mean_reversion_high CLOSE (PROFIT): $+0.20 | Total: $+4.87
2026-02-04T00:50:56.218936 [19850s] BTC: $76,118.17 (4ex, -0.026%) | 15m: 0.77/0.78 | 1h: N/A | P&L: $+4.87 (82)
2026-02-04T00:51:56.293770 [19911s] BTC: $76,026.62 (4ex, +0.002%) | 15m: 0.52/0.55 | 1h: N/A | P&L: $+4.87 (82)
2026-02-04T00:52:56.359830 [19971s] BTC: $76,037.52 (4ex, +0.011%) | 15m: 0.57/0.58 | 1h: N/A | P&L: $+4.87 (82)
2026-02-04T00:53:56.428359 [20031s] BTC: $76,026.11 (4ex, -0.017%) | 15m: 0.51/0.55 | 1h: N/A | P&L: $+4.87 (82)
2026-02-04T00:54:56.482552 [20091s] BTC: $75,921.06 (4ex, -0.073%) | 15m: 0.14/0.15 | 1h: N/A | P&L: $+4.87 (82)
2026-02-04T00:55:06.066388 [20100s] 💾 Checkpoint
2026-02-04T00:55:56.543753 [20151s] BTC: $75,933.36 (4ex, +0.022%) | 15m: 0.13/0.15 | 1h: N/A | P&L: $+4.87 (82)
2026-02-04T00:56:56.603683 [20211s] BTC: $75,823.43 (4ex, -0.131%) | 15m: 0.07/0.09 | 1h: N/A | P&L: $+4.87 (82)
2026-02-04T00:57:56.661925 [20271s] BTC: $75,841.81 (4ex, +0.013%) | 15m: 0.02/0.04 | 1h: N/A | P&L: $+4.87 (82)
2026-02-04T00:58:56.720040 [20331s] BTC: $75,825.82 (4ex, -0.016%) | 15m: 0.00/0.01 | 1h: N/A | P&L: $+4.87 (82)
2026-02-04T00:59:56.783570 [20391s] BTC: $75,827.98 (4ex, +0.005%) | 15m: 0.00/0.01 | 1h: N/A | P&L: $+4.87 (82)
2026-02-04T01:00:06.086615 [20400s] 💾 Checkpoint
2026-02-04T01:00:28.813208 [20423s] 🔄 15M transition
2026-02-04T01:00:29.814097 [20424s] 🔄 15M transition
2026-02-04T01:00:30.815599 [20425s] 🔄 15M transition
2026-02-04T01:00:31.816946 [20426s] 🔄 15M transition
2026-02-04T01:00:32.817891 [20427s] 🔄 15M transition
2026-02-04T01:00:56.843507 [20451s] BTC: $75,966.46 (4ex, +0.140%) | 15m: 0.59/0.63 | 1h: N/A | P&L: $+4.87 (82)
2026-02-04T01:01:08.891711 [20463s] 🎯 15M DELAY: BTC +0.151% K +0.0% → YES@$0.80
2026-02-04T01:01:56.966399 [20511s] BTC: $75,992.02 (4ex, +0.005%) | 15m: 0.78/0.79 | 1h: N/A | P&L: $+4.87 (82)
2026-02-04T01:02:57.062079 [20571s] BTC: $76,021.03 (4ex, +0.015%) | 15m: 0.83/0.86 | 1h: N/A | P&L: $+4.87 (82)
2026-02-04T01:03:31.158284 [20605s] ✅ 15M delay_arb CLOSE (PROFIT): $+1.50 | Total: $+6.37
2026-02-04T01:03:57.189413 [20631s] BTC: $76,280.91 (4ex, +0.079%) | 15m: 0.95/0.96 | 1h: N/A | P&L: $+6.37 (83)
2026-02-04T01:04:31.276378 [20665s] 📈 15M MEAN-REV: K@0.95 (extreme high) + BTC stable → NO
2026-02-04T01:04:57.322625 [20692s] BTC: $76,324.17 (4ex, -0.011%) | 15m: 0.95/0.97 | 1h: N/A | P&L: $+6.37 (83)
2026-02-04T01:05:01.437264 [20696s] ✅ 15M mean_reversion_high CLOSE (PROFIT): $+0.10 | Total: $+6.47
2026-02-04T01:05:06.100830 [20700s] 💾 Checkpoint
2026-02-04T01:05:57.499354 [20752s] BTC: $76,316.98 (4ex, +0.005%) | 15m: 0.96/0.98 | 1h: N/A | P&L: $+6.47 (84)
2026-02-04T01:06:01.546837 [20756s] 📈 15M MEAN-REV: K@0.96 (extreme high) + BTC stable → NO
2026-02-04T01:06:02.049225 [20756s] ✅ 15M mean_reversion_high CLOSE (PROFIT): $+0.30 | Total: $+6.77
2026-02-04T01:06:58.107329 [20812s] BTC: $76,176.89 (4ex, -0.080%) | 15m: 0.95/0.96 | 1h: N/A | P&L: $+6.77 (85)
2026-02-04T01:07:02.146972 [20816s] 📈 15M MEAN-REV: K@0.95 (extreme high) + BTC stable → NO
2026-02-04T01:07:02.645863 [20816s] ✅ 15M mean_reversion_high CLOSE (PROFIT): $+0.50 | Total: $+7.27
2026-02-04T01:07:58.705151 [20873s] BTC: $76,145.93 (4ex, -0.001%) | 15m: 0.93/0.95 | 1h: N/A | P&L: $+7.27 (86)
2026-02-04T01:08:02.779948 [20877s] 📈 15M MEAN-REV: K@0.93 (extreme high) + BTC stable → NO
2026-02-04T01:08:03.248581 [20877s] ✅ 15M mean_reversion_high CLOSE (PROFIT): $+0.20 | Total: $+7.47
2026-02-04T01:08:59.315746 [20934s] BTC: $76,302.88 (4ex, +0.115%) | 15m: 0.96/0.99 | 1h: N/A | P&L: $+7.47 (87)
2026-02-04T01:09:15.366831 [20950s] 📈 15M MEAN-REV: K@0.98 (extreme high) + BTC stable → NO
2026-02-04T01:09:15.868182 [20950s] ✅ 15M mean_reversion_high CLOSE (PROFIT): $+0.20 | Total: $+7.67
2026-02-04T01:09:59.925939 [20994s] BTC: $76,266.58 (4ex, -0.005%) | 15m: 0.98/0.99 | 1h: N/A | P&L: $+7.67 (88)
2026-02-04T01:10:06.118284 [21000s] 💾 Checkpoint
2026-02-04T01:10:59.997537 [21054s] BTC: $76,364.24 (4ex, +0.050%) | 15m: 0.99/1.00 | 1h: N/A | P&L: $+7.67 (88)
2026-02-04T01:12:00.068108 [21114s] BTC: $76,408.28 (4ex, +0.038%) | 15m: 0.99/1.00 | 1h: N/A | P&L: $+7.67 (88)
2026-02-04T01:13:00.134392 [21174s] BTC: $76,462.60 (4ex, +0.023%) | 15m: 0.99/1.00 | 1h: N/A | P&L: $+7.67 (88)
2026-02-04T01:14:00.205331 [21234s] BTC: $76,436.97 (4ex, -0.001%) | 15m: 0.99/1.00 | 1h: N/A | P&L: $+7.67 (88)
2026-02-04T01:15:00.299916 [21295s] BTC: $76,447.56 (4ex, +0.014%) | 15m: 0.99/1.00 | 1h: N/A | P&L: $+7.67 (88)
2026-02-04T01:15:06.141605 [21300s] 💾 Checkpoint
2026-02-04T01:15:07.305982 [21302s] 🔄 15M transition
2026-02-04T01:15:08.306609 [21303s] 🔄 15M transition
2026-02-04T01:15:09.307367 [21304s] 🔄 15M transition
2026-02-04T01:15:10.307976 [21305s] 🔄 15M transition
2026-02-04T01:15:11.309554 [21306s] 🔄 15M transition
2026-02-04T01:16:00.395681 [21355s] BTC: $76,379.88 (4ex, -0.065%) | 15m: 0.36/0.43 | 1h: N/A | P&L: $+7.67 (88)
2026-02-04T01:17:00.460369 [21415s] BTC: $76,466.86 (4ex, +0.118%) | 15m: 0.33/0.34 | 1h: N/A | P&L: $+7.67 (88)
2026-02-04T01:18:00.521767 [21475s] BTC: $76,439.28 (4ex, -0.004%) | 15m: 0.44/0.48 | 1h: N/A | P&L: $+7.67 (88)
2026-02-04T01:19:00.581105 [21535s] BTC: $76,482.08 (4ex, +0.004%) | 15m: 0.50/0.51 | 1h: N/A | P&L: $+7.67 (88)
2026-02-04T01:20:00.648355 [21595s] BTC: $76,405.58 (4ex, -0.055%) | 15m: 0.59/0.62 | 1h: N/A | P&L: $+7.67 (88)
2026-02-04T01:20:06.162221 [21600s] 💾 Checkpoint
2026-02-04T01:21:00.710407 [21655s] BTC: $76,389.61 (4ex, -0.031%) | 15m: 0.44/0.45 | 1h: N/A | P&L: $+7.67 (88)
2026-02-04T01:22:00.774394 [21715s] BTC: $76,376.46 (4ex, +0.014%) | 15m: 0.32/0.35 | 1h: N/A | P&L: $+7.67 (88)
2026-02-04T01:23:00.835752 [21775s] BTC: $76,390.08 (4ex, +0.016%) | 15m: 0.45/0.46 | 1h: N/A | P&L: $+7.67 (88)
2026-02-04T01:24:00.904550 [21835s] BTC: $76,373.53 (4ex, -0.009%) | 15m: 0.34/0.36 | 1h: N/A | P&L: $+7.67 (88)
2026-02-04T01:24:41.981993 [21876s] 📉 15M MEAN-REV: K@0.12 (extreme low) + BTC stable → YES
2026-02-04T01:25:01.020631 [21895s] BTC: $76,300.89 (4ex, -0.091%) | 15m: 0.11/0.12 | 1h: N/A | P&L: $+7.67 (88)
2026-02-04T01:25:06.181997 [21900s] 💾 Checkpoint
2026-02-04T01:25:13.075746 [21907s] ❌ 15M mean_reversion_low CLOSE (STOP(-25%)): $-0.66 | Total: $+7.01
2026-02-04T01:26:01.131700 [21955s] BTC: $76,311.34 (4ex, +0.020%) | 15m: 0.02/0.04 | 1h: N/A | P&L: $+7.01 (89)
2026-02-04T01:27:01.204961 [22015s] BTC: $76,281.60 (4ex, -0.050%) | 15m: 0.06/0.07 | 1h: N/A | P&L: $+7.01 (89)
2026-02-04T01:28:01.273997 [22076s] BTC: $76,350.82 (4ex, +0.041%) | 15m: 0.18/0.36 | 1h: N/A | P&L: $+7.01 (89)
2026-02-04T01:29:01.338143 [22136s] BTC: $76,337.12 (4ex, -0.012%) | 15m: 0.01/0.03 | 1h: N/A | P&L: $+7.01 (89)
2026-02-04T01:30:01.441338 [22196s] BTC: $76,373.19 (4ex, +0.049%) | 15m: 0.00/0.01 | 1h: N/A | P&L: $+7.01 (89)
2026-02-04T01:30:06.200096 [22200s] 💾 Checkpoint
2026-02-04T01:30:15.459972 [22210s] 🔄 15M transition
2026-02-04T01:30:16.461162 [22211s] 🔄 15M transition
2026-02-04T01:30:17.462042 [22212s] 🔄 15M transition
2026-02-04T01:30:18.462999 [22213s] 🔄 15M transition
2026-02-04T01:30:19.464273 [22214s] 🔄 15M transition
2026-02-04T01:31:01.515941 [22256s] BTC: $76,361.39 (4ex, -0.009%) | 15m: 0.51/0.52 | 1h: N/A | P&L: $+7.01 (89)
2026-02-04T01:32:01.587235 [22316s] BTC: $76,409.60 (4ex, +0.048%) | 15m: 0.61/0.62 | 1h: N/A | P&L: $+7.01 (89)
2026-02-04T01:32:54.684851 [22369s] 🎯 15M DELAY: BTC +0.183% K +0.0% → YES@$0.79
2026-02-04T01:33:01.697157 [22376s] BTC: $76,545.86 (4ex, +0.131%) | 15m: 0.76/0.79 | 1h: N/A | P&L: $+7.01 (89)
2026-02-04T01:34:01.803909 [22436s] BTC: $76,577.12 (4ex, +0.015%) | 15m: 0.86/0.87 | 1h: N/A | P&L: $+7.01 (89)
2026-02-04T01:35:01.910361 [22496s] BTC: $76,602.10 (4ex, +0.050%) | 15m: 0.87/0.88 | 1h: N/A | P&L: $+7.01 (89)
2026-02-04T01:35:06.218088 [22500s] 💾 Checkpoint
2026-02-04T01:35:48.030068 [22542s] ✅ 15M delay_arb CLOSE (PROFIT): $+0.80 | Total: $+7.81
2026-02-04T01:36:02.045123 [22556s] BTC: $76,669.47 (4ex, +0.020%) | 15m: 0.94/0.97 | 1h: N/A | P&L: $+7.81 (90)
2026-02-04T01:36:48.162908 [22602s] 📈 15M MEAN-REV: K@0.95 (extreme high) + BTC stable → NO
2026-02-04T01:36:48.642260 [22602s] ✅ 15M mean_reversion_high CLOSE (PROFIT): $+0.10 | Total: $+7.91
2026-02-04T01:37:02.657264 [22617s] BTC: $76,587.46 (4ex, -0.102%) | 15m: 0.92/0.93 | 1h: N/A | P&L: $+7.91 (91)
2026-02-04T01:37:48.751622 [22663s] 📈 15M MEAN-REV: K@0.93 (extreme high) + BTC stable → NO
2026-02-04T01:37:49.253038 [22663s] ✅ 15M mean_reversion_high CLOSE (PROFIT): $+0.10 | Total: $+8.01
2026-02-04T01:38:03.267669 [22678s] BTC: $76,599.74 (4ex, +0.039%) | 15m: 0.93/0.94 | 1h: N/A | P&L: $+8.01 (92)
2026-02-04T01:38:49.354779 [22724s] 📈 15M MEAN-REV: K@0.95 (extreme high) + BTC stable → NO
2026-02-04T01:38:49.849282 [22724s] ✅ 15M mean_reversion_high CLOSE (PROFIT): $+0.20 | Total: $+8.21
2026-02-04T01:39:03.870403 [22738s] BTC: $76,568.35 (4ex, -0.040%) | 15m: 0.95/0.97 | 1h: N/A | P&L: $+8.21 (93)
2026-02-04T01:39:49.959710 [22784s] 📈 15M MEAN-REV: K@0.94 (extreme high) + BTC stable → NO
2026-02-04T01:39:50.454959 [22784s] ✅ 15M mean_reversion_high CLOSE (PROFIT): $+0.10 | Total: $+8.31
2026-02-04T01:40:04.471053 [22799s] BTC: $76,572.67 (4ex, +0.009%) | 15m: 0.95/0.96 | 1h: N/A | P&L: $+8.31 (94)
2026-02-04T01:40:06.235631 [22800s] 💾 Checkpoint
2026-02-04T01:41:04.538604 [22859s] BTC: $76,593.10 (4ex, -0.010%) | 15m: 0.98/0.99 | 1h: N/A | P&L: $+8.31 (94)
2026-02-04T01:42:04.613456 [22919s] BTC: $76,666.81 (4ex, +0.078%) | 15m: 0.99/1.00 | 1h: N/A | P&L: $+8.31 (94)
2026-02-04T01:43:04.676194 [22979s] BTC: $76,630.61 (4ex, -0.019%) | 15m: 0.99/1.00 | 1h: N/A | P&L: $+8.31 (94)
2026-02-04T01:44:04.761543 [23039s] BTC: $76,658.11 (4ex, +0.008%) | 15m: 0.99/1.00 | 1h: N/A | P&L: $+8.31 (94)
2026-02-04T01:45:04.821125 [23099s] BTC: $76,620.23 (4ex, -0.027%) | 15m: 0.99/1.00 | 1h: N/A | P&L: $+8.31 (94)
2026-02-04T01:45:06.272553 [23100s] 💾 Checkpoint
2026-02-04T01:45:23.840577 [23118s] 🔄 15M transition
2026-02-04T01:45:24.842354 [23119s] 🔄 15M transition
2026-02-04T01:45:25.843434 [23120s] 🔄 15M transition
2026-02-04T01:45:26.844289 [23121s] 🔄 15M transition
2026-02-04T01:45:27.845011 [23122s] 🔄 15M transition
2026-02-04T01:45:58.913346 [23153s] 🎯 15M DELAY: BTC -0.166% K +0.0% → NO@$0.71
2026-02-04T01:45:59.412114 [23153s] ✅ 15M delay_arb CLOSE (PROFIT): $+0.30 | Total: $+8.61
2026-02-04T01:46:05.422054 [23160s] BTC: $76,508.86 (4ex, -0.089%) | 15m: 0.29/0.32 | 1h: N/A | P&L: $+8.61 (95)
2026-02-04T01:47:05.489213 [23220s] BTC: $76,547.83 (4ex, +0.014%) | 15m: 0.27/0.31 | 1h: N/A | P&L: $+8.61 (95)
2026-02-04T01:47:50.574965 [23265s] 🎯 15M DELAY: BTC -0.153% K +0.0% → NO@$0.82
2026-02-04T01:48:05.599665 [23280s] BTC: $76,417.46 (4ex, -0.123%) | 15m: 0.15/0.17 | 1h: N/A | P&L: $+8.61 (95)
2026-02-04T01:49:05.702563 [23340s] BTC: $76,334.89 (4ex, -0.070%) | 15m: 0.05/0.08 | 1h: N/A | P&L: $+8.61 (95)
2026-02-04T01:50:05.800116 [23400s] BTC: $76,365.59 (4ex, +0.044%) | 15m: 0.05/0.06 | 1h: N/A | P&L: $+8.61 (95)
2026-02-04T01:50:06.296775 [23401s] 💾 Checkpoint
2026-02-04T01:51:05.891214 [23460s] BTC: $76,354.55 (4ex, -0.015%) | 15m: 0.04/0.06 | 1h: N/A | P&L: $+8.61 (95)
2026-02-04T01:52:05.992735 [23520s] BTC: $76,254.23 (4ex, -0.140%) | 15m: 0.02/0.04 | 1h: N/A | P&L: $+8.61 (95)
2026-02-04T01:53:06.100397 [23580s] BTC: $76,252.97 (4ex, +0.019%) | 15m: 0.02/0.03 | 1h: N/A | P&L: $+8.61 (95)
2026-02-04T01:53:51.214943 [23625s] ❌ 15M delay_arb CLOSE (TIMEOUT): $-1.30 | Total: $+7.31
2026-02-04T01:54:06.233060 [23640s] BTC: $76,337.88 (4ex, +0.087%) | 15m: 0.01/0.02 | 1h: N/A | P&L: $+7.31 (96)
2026-02-04T01:54:51.322152 [23686s] 📉 15M MEAN-REV: K@0.04 (extreme low) + BTC stable → YES
2026-02-04T01:54:51.825323 [23686s] ❌ 15M mean_reversion_low CLOSE (STOP(-25%)): $-0.20 | Total: $+7.11
2026-02-04T01:55:06.315778 [23701s] 💾 Checkpoint
2026-02-04T01:55:06.840217 [23701s] BTC: $76,390.71 (4ex, -0.002%) | 15m: 0.02/0.04 | 1h: N/A | P&L: $+7.11 (97)
2026-02-04T01:56:06.914001 [23761s] BTC: $76,329.55 (4ex, -0.064%) | 15m: 0.01/0.03 | 1h: N/A | P&L: $+7.11 (97)
2026-02-04T01:57:06.975699 [23821s] BTC: $76,316.40 (4ex, -0.017%) | 15m: 0.00/0.01 | 1h: N/A | P&L: $+7.11 (97)
2026-02-04T01:58:07.043889 [23881s] BTC: $76,323.63 (4ex, +0.010%) | 15m: 0.00/0.01 | 1h: N/A | P&L: $+7.11 (97)
2026-02-04T01:59:07.110871 [23941s] BTC: $76,325.35 (4ex, -0.034%) | 15m: 0.00/0.01 | 1h: N/A | P&L: $+7.11 (97)
2026-02-04T02:00:06.334430 [24001s] 💾 Checkpoint
2026-02-04T02:00:07.180381 [24001s] BTC: $76,312.21 (4ex, -0.019%) | 15m: 0.00/0.01 | 1h: N/A | P&L: $+7.11 (97)
2026-02-04T02:00:31.201370 [24025s] 🔄 15M transition
2026-02-04T02:00:32.203034 [24026s] 🔄 15M transition
2026-02-04T02:00:33.203951 [24027s] 🔄 15M transition
2026-02-04T02:00:34.205078 [24028s] 🔄 15M transition
2026-02-04T02:00:35.206314 [24029s] 🔄 15M transition
2026-02-04T02:00:36.206824 [24030s] 🔄 15M transition
2026-02-04T02:01:07.259206 [24062s] BTC: $76,315.19 (4ex, +0.005%) | 15m: 0.39/0.42 | 1h: N/A | P&L: $+7.11 (97)
2026-02-04T02:02:07.324320 [24122s] BTC: $76,315.27 (4ex, +0.000%) | 15m: 0.39/0.40 | 1h: N/A | P&L: $+7.11 (97)
2026-02-04T02:03:07.390208 [24182s] BTC: $76,280.47 (4ex, -0.074%) | 15m: 0.32/0.34 | 1h: N/A | P&L: $+7.11 (97)
2026-02-04T02:04:07.453696 [24242s] BTC: $76,331.48 (4ex, +0.067%) | 15m: 0.46/0.48 | 1h: N/A | P&L: $+7.11 (97)
2026-02-04T02:05:06.354560 [24301s] 💾 Checkpoint
2026-02-04T02:05:07.526895 [24302s] BTC: $76,306.75 (4ex, -0.025%) | 15m: 0.34/0.35 | 1h: N/A | P&L: $+7.11 (97)
2026-02-04T02:06:07.596625 [24362s] BTC: $76,340.09 (4ex, +0.039%) | 15m: 0.48/0.51 | 1h: N/A | P&L: $+7.11 (97)
2026-02-04T02:07:07.658561 [24422s] BTC: $76,421.63 (4ex, +0.129%) | 15m: 0.63/0.64 | 1h: N/A | P&L: $+7.11 (97)
2026-02-04T02:08:07.731666 [24482s] BTC: $76,408.95 (4ex, -0.028%) | 15m: 0.67/0.71 | 1h: N/A | P&L: $+7.11 (97)
2026-02-04T02:09:07.798621 [24542s] BTC: $76,449.62 (4ex, +0.028%) | 15m: 0.79/0.80 | 1h: N/A | P&L: $+7.11 (97)
2026-02-04T02:09:42.872171 [24577s] 📈 15M MEAN-REV: K@0.89 (extreme high) + BTC stable → NO
2026-02-04T02:09:43.374320 [24577s] ✅ 15M mean_reversion_high CLOSE (PROFIT): $+0.24 | Total: $+7.35
2026-02-04T02:10:06.378564 [24601s] 💾 Checkpoint
2026-02-04T02:10:08.402524 [24603s] BTC: $76,457.60 (4ex, -0.055%) | 15m: 0.85/0.87 | 1h: N/A | P&L: $+7.35 (98)
2026-02-04T02:11:08.472896 [24663s] BTC: $76,470.45 (4ex, +0.012%) | 15m: 0.88/0.89 | 1h: N/A | P&L: $+7.35 (98)
2026-02-04T02:12:08.546245 [24723s] BTC: $76,366.96 (4ex, -0.105%) | 15m: 0.50/0.51 | 1h: N/A | P&L: $+7.35 (98)
2026-02-04T02:13:08.604072 [24783s] BTC: $76,375.13 (4ex, +0.018%) | 15m: 0.46/0.48 | 1h: N/A | P&L: $+7.35 (98)
2026-02-04T02:14:08.662483 [24843s] BTC: $76,298.78 (4ex, -0.090%) | 15m: 0.03/0.07 | 1h: N/A | P&L: $+7.35 (98)
2026-02-04T02:15:06.404385 [24901s] 💾 Checkpoint
2026-02-04T02:15:08.720400 [24903s] BTC: $76,346.58 (4ex, +0.091%) | 15m: 0.00/0.01 | 1h: N/A | P&L: $+7.35 (98)
2026-02-04T02:15:09.721865 [24904s] 🔄 15M transition
2026-02-04T02:15:10.723030 [24905s] 🔄 15M transition
2026-02-04T02:15:11.724327 [24906s] 🔄 15M transition
2026-02-04T02:15:12.725767 [24907s] 🔄 15M transition
2026-02-04T02:15:13.726338 [24908s] 🔄 15M transition
2026-02-04T02:16:08.796950 [24963s] BTC: $76,365.76 (4ex, +0.047%) | 15m: 0.62/0.67 | 1h: N/A | P&L: $+7.35 (98)
2026-02-04T02:17:01.898093 [25016s] 📈 15M MEAN-REV: K@0.84 (extreme high) + BTC stable → NO
2026-02-04T02:17:02.393463 [25016s] ✅ 15M mean_reversion_high CLOSE (PROFIT): $+0.30 | Total: $+7.65
2026-02-04T02:17:09.398698 [25024s] BTC: $76,465.36 (4ex, +0.002%) | 15m: 0.84/0.85 | 1h: N/A | P&L: $+7.65 (99)
2026-02-04T02:18:09.466386 [25084s] BTC: $76,458.87 (4ex, -0.007%) | 15m: 0.80/0.83 | 1h: N/A | P&L: $+7.65 (99)
2026-02-04T02:19:09.542918 [25144s] BTC: $76,435.25 (4ex, -0.019%) | 15m: 0.80/0.82 | 1h: N/A | P&L: $+7.65 (99)
2026-02-04T02:20:06.428692 [25201s] 💾 Checkpoint
2026-02-04T02:20:09.615321 [25204s] BTC: $76,385.75 (4ex, -0.056%) | 15m: 0.74/0.77 | 1h: N/A | P&L: $+7.65 (99)
2026-02-04T02:21:09.686084 [25264s] BTC: $76,336.87 (4ex, -0.043%) | 15m: 0.57/0.60 | 1h: N/A | P&L: $+7.65 (99)
2026-02-04T02:22:09.765237 [25324s] BTC: $76,347.46 (4ex, +0.020%) | 15m: 0.45/0.49 | 1h: N/A | P&L: $+7.65 (99)
2026-02-04T02:23:09.863999 [25384s] BTC: $76,390.30 (4ex, +0.056%) | 15m: 0.75/0.79 | 1h: N/A | P&L: $+7.65 (99)
2026-02-04T02:24:09.928506 [25444s] BTC: $76,399.15 (4ex, +0.012%) | 15m: 0.80/0.82 | 1h: N/A | P&L: $+7.65 (99)
2026-02-04T02:24:13.968850 [25448s] 📈 15M MEAN-REV: K@0.82 (extreme high) + BTC stable → NO
2026-02-04T02:25:06.446615 [25501s] 💾 Checkpoint
2026-02-04T02:25:10.070538 [25504s] BTC: $76,378.32 (4ex, -0.023%) | 15m: 0.79/0.80 | 1h: N/A | P&L: $+7.65 (99)
2026-02-04T02:25:45.162039 [25539s] ❌ 15M mean_reversion_high CLOSE (STOP(-25%)): $-0.70 | Total: $+6.95
2026-02-04T02:26:10.192978 [25564s] BTC: $76,364.20 (4ex, -0.017%) | 15m: 0.74/0.76 | 1h: N/A | P&L: $+6.95 (100)
2026-02-04T02:27:10.261967 [25625s] BTC: $76,282.89 (4ex, -0.102%) | 15m: 0.67/0.70 | 1h: N/A | P&L: $+6.95 (100)
2026-02-04T02:28:10.343860 [25685s] BTC: $76,170.57 (4ex, -0.017%) | 15m: 0.04/0.05 | 1h: N/A | P&L: $+6.95 (100)
2026-02-04T02:29:10.413390 [25745s] BTC: $76,139.32 (4ex, -0.005%) | 15m: 0.00/0.01 | 1h: N/A | P&L: $+6.95 (100)
2026-02-04T02:30:06.471686 [25801s] 💾 Checkpoint
2026-02-04T02:30:10.491072 [25805s] BTC: $76,097.07 (4ex, -0.035%) | 15m: 0.00/0.01 | 1h: N/A | P&L: $+6.95 (100)
2026-02-04T02:30:17.499490 [25812s] 🔄 15M transition
2026-02-04T02:30:18.501705 [25813s] 🔄 15M transition
2026-02-04T02:30:19.503217 [25814s] 🔄 15M transition
2026-02-04T02:30:20.504394 [25815s] 🔄 15M transition
2026-02-04T02:30:21.505711 [25816s] 🔄 15M transition
2026-02-04T02:31:10.561202 [25865s] BTC: $76,075.14 (4ex, -0.008%) | 15m: 0.41/0.46 | 1h: N/A | P&L: $+6.95 (100)
2026-02-04T02:32:10.630582 [25925s] BTC: $76,044.07 (4ex, -0.014%) | 15m: 0.35/0.38 | 1h: N/A | P&L: $+6.95 (100)
2026-02-04T02:33:10.697686 [25985s] BTC: $75,993.12 (4ex, -0.054%) | 15m: 0.33/0.36 | 1h: N/A | P&L: $+6.95 (100)
2026-02-04T02:33:48.774591 [26023s] 📉 15M MEAN-REV: K@0.19 (extreme low) + BTC stable → YES
2026-02-04T02:34:10.813150 [26045s] BTC: $75,971.07 (4ex, +0.024%) | 15m: 0.16/0.19 | 1h: N/A | P&L: $+6.95 (100)
2026-02-04T02:35:06.496580 [26101s] 💾 Checkpoint
2026-02-04T02:35:10.913346 [26105s] BTC: $75,993.05 (4ex, +0.026%) | 15m: 0.19/0.20 | 1h: N/A | P&L: $+6.95 (100)
2026-02-04T02:36:11.015593 [26165s] BTC: $75,942.51 (4ex, -0.054%) | 15m: 0.19/0.21 | 1h: N/A | P&L: $+6.95 (100)
2026-02-04T02:36:20.063111 [26174s] ❌ 15M mean_reversion_low CLOSE (STOP(-25%)): $-0.90 | Total: $+6.05
2026-02-04T02:37:11.118835 [26225s] BTC: $75,952.81 (4ex, +0.021%) | 15m: 0.09/0.13 | 1h: N/A | P&L: $+6.05 (101)
2026-02-04T02:37:20.164449 [26234s] 📉 15M MEAN-REV: K@0.13 (extreme low) + BTC stable → YES
2026-02-04T02:37:20.663106 [26234s] ❌ 15M mean_reversion_low CLOSE (STOP(-25%)): $-0.20 | Total: $+5.85
2026-02-04T02:38:11.719025 [26286s] BTC: $75,988.98 (4ex, +0.048%) | 15m: 0.17/0.20 | 1h: N/A | P&L: $+5.85 (102)
2026-02-04T02:38:20.770150 [26295s] 📉 15M MEAN-REV: K@0.20 (extreme low) + BTC stable → YES
2026-02-04T02:38:51.855219 [26326s] ❌ 15M mean_reversion_low CLOSE (STOP(-25%)): $-0.90 | Total: $+4.95
2026-02-04T02:39:11.875859 [26346s] BTC: $75,978.09 (4ex, -0.013%) | 15m: 0.12/0.16 | 1h: N/A | P&L: $+4.95 (103)
2026-02-04T02:39:51.958652 [26386s] 📉 15M MEAN-REV: K@0.15 (extreme low) + BTC stable → YES
2026-02-04T02:39:52.456934 [26386s] ❌ 15M mean_reversion_low CLOSE (STOP(-25%)): $-0.40 | Total: $+4.55
2026-02-04T02:40:06.520485 [26401s] 💾 Checkpoint
2026-02-04T02:40:12.488694 [26407s] BTC: $75,976.38 (4ex, -0.002%) | 15m: 0.11/0.15 | 1h: N/A | P&L: $+4.55 (104)
2026-02-04T02:41:12.559119 [26467s] BTC: $75,880.85 (4ex, -0.085%) | 15m: 0.02/0.04 | 1h: N/A | P&L: $+4.55 (104)
2026-02-04T02:42:12.630769 [26527s] BTC: $75,684.76 (4ex, +0.034%) | 15m: 0.00/0.01 | 1h: N/A | P&L: $+4.55 (104)
2026-02-04T02:43:12.687283 [26587s] BTC: $75,685.80 (4ex, +0.001%) | 15m: 0.00/0.01 | 1h: N/A | P&L: $+4.55 (104)
2026-02-04T02:44:12.744920 [26647s] BTC: $75,740.96 (4ex, +0.060%) | 15m: 0.00/0.01 | 1h: N/A | P&L: $+4.55 (104)
2026-02-04T02:45:06.541351 [26701s] 💾 Checkpoint
2026-02-04T02:45:12.802464 [26707s] BTC: $75,957.75 (4ex, +0.139%) | 15m: 0.00/0.01 | 1h: N/A | P&L: $+4.55 (104)
2026-02-04T02:45:25.815310 [26720s] 🔄 15M transition
2026-02-04T02:45:26.816346 [26721s] 🔄 15M transition
2026-02-04T02:45:27.817062 [26722s] 🔄 15M transition
2026-02-04T02:45:28.818377 [26723s] 🔄 15M transition
2026-02-04T02:45:29.819126 [26724s] 🔄 15M transition
2026-02-04T02:46:12.863098 [26767s] BTC: $75,949.34 (4ex, -0.015%) | 15m: 0.69/0.71 | 1h: N/A | P&L: $+4.55 (104)
2026-02-04T02:47:12.925707 [26827s] BTC: $75,954.08 (4ex, -0.007%) | 15m: 0.63/0.66 | 1h: N/A | P&L: $+4.55 (104)
2026-02-04T02:48:12.994267 [26887s] BTC: $75,894.84 (4ex, -0.030%) | 15m: 0.56/0.60 | 1h: N/A | P&L: $+4.55 (104)
2026-02-04T02:49:13.056868 [26947s] BTC: $75,774.11 (4ex, -0.086%) | 15m: 0.39/0.42 | 1h: N/A | P&L: $+4.55 (104)
2026-02-04T02:50:06.566309 [27001s] 💾 Checkpoint
2026-02-04T02:50:13.132069 [27007s] BTC: $75,731.45 (4ex, -0.064%) | 15m: 0.26/0.29 | 1h: N/A | P&L: $+4.55 (104)
2026-02-04T02:51:13.202245 [27067s] BTC: $75,733.02 (4ex, +0.011%) | 15m: 0.24/0.28 | 1h: N/A | P&L: $+4.55 (104)
2026-02-04T02:52:13.269555 [27128s] BTC: $75,745.39 (4ex, -0.022%) | 15m: 0.20/0.23 | 1h: N/A | P&L: $+4.55 (104)
2026-02-04T02:53:13.342944 [27188s] BTC: $75,681.48 (4ex, -0.077%) | 15m: 0.16/0.19 | 1h: N/A | P&L: $+4.55 (104)
2026-02-04T02:53:27.400318 [27202s] 📉 15M MEAN-REV: K@0.19 (extreme low) + BTC stable → YES
2026-02-04T02:53:27.898549 [27202s] ❌ 15M mean_reversion_low CLOSE (PROFIT): $-0.20 | Total: $+4.35
2026-02-04T02:54:13.963301 [27248s] BTC: $75,738.05 (4ex, +0.043%) | 15m: 0.17/0.23 | 1h: N/A | P&L: $+4.35 (105)
2026-02-04T02:55:06.585404 [27301s] 💾 Checkpoint
2026-02-04T02:55:14.033991 [27308s] BTC: $75,821.70 (4ex, +0.120%) | 15m: 0.43/0.47 | 1h: N/A | P&L: $+4.35 (105)
2026-02-04T02:56:14.105891 [27368s] BTC: $75,830.94 (4ex, +0.000%) | 15m: 0.46/0.49 | 1h: N/A | P&L: $+4.35 (105)
2026-02-04T02:57:14.175970 [27428s] BTC: $75,824.25 (4ex, -0.009%) | 15m: 0.35/0.39 | 1h: N/A | P&L: $+4.35 (105)
2026-02-04T02:58:14.244224 [27488s] BTC: $75,888.47 (4ex, +0.080%) | 15m: 0.80/0.83 | 1h: N/A | P&L: $+4.35 (105)
2026-02-04T02:59:14.310144 [27549s] BTC: $75,915.52 (4ex, +0.039%) | 15m: 0.90/0.99 | 1h: N/A | P&L: $+4.35 (105)
2026-02-04T03:00:03.380045 [27598s] 🔄 15M transition
2026-02-04T03:00:04.380968 [27599s] 🔄 15M transition
2026-02-04T03:00:05.382046 [27600s] 🔄 15M transition
2026-02-04T03:00:06.382635 [27601s] 🔄 15M transition
2026-02-04T03:00:06.617603 [27601s] 💾 Checkpoint
2026-02-04T03:00:07.383697 [27602s] 🔄 15M transition
2026-02-04T03:00:14.393436 [27609s] BTC: $75,890.90 (4ex, -0.044%) | 15m: 0.45/0.55 | 1h: N/A | P&L: $+4.35 (105)
2026-02-04T03:01:14.469992 [27669s] BTC: $75,905.05 (4ex, +0.026%) | 15m: 0.47/0.50 | 1h: N/A | P&L: $+4.35 (105)
2026-02-04T03:02:14.547541 [27729s] BTC: $75,882.45 (4ex, +0.053%) | 15m: 0.40/0.43 | 1h: N/A | P&L: $+4.35 (105)
2026-02-04T03:03:14.612282 [27789s] BTC: $75,992.16 (4ex, +0.127%) | 15m: 0.55/0.57 | 1h: N/A | P&L: $+4.35 (105)
2026-02-04T03:04:14.683582 [27849s] BTC: $75,991.33 (4ex, +0.019%) | 15m: 0.62/0.66 | 1h: N/A | P&L: $+4.35 (105)
2026-02-04T03:05:06.660057 [27901s] 💾 Checkpoint
2026-02-04T03:05:14.752187 [27909s] BTC: $76,024.15 (4ex, +0.022%) | 15m: 0.74/0.77 | 1h: N/A | P&L: $+4.35 (105)
2026-02-04T03:05:53.832062 [27948s] 📈 15M MEAN-REV: K@0.84 (extreme high) + BTC stable → NO
2026-02-04T03:06:14.888330 [27969s] BTC: $76,062.91 (4ex, +0.000%) | 15m: 0.81/0.85 | 1h: N/A | P&L: $+4.35 (105)
2026-02-04T03:06:36.961231 [27991s] ✅ 15M mean_reversion_high CLOSE (PROFIT): $+0.29 | Total: $+4.64
2026-02-04T03:07:15.003463 [28029s] BTC: $76,091.32 (4ex, +0.038%) | 15m: 0.87/0.88 | 1h: N/A | P&L: $+4.64 (106)
2026-02-04T03:07:40.073071 [28054s] 📈 15M MEAN-REV: K@0.90 (extreme high) + BTC stable → NO
2026-02-04T03:07:40.567191 [28054s] ✅ 15M mean_reversion_high CLOSE (PROFIT): $+0.20 | Total: $+4.84
2026-02-04T03:08:15.602595 [28090s] BTC: $76,151.37 (4ex, +0.065%) | 15m: 0.95/0.96 | 1h: N/A | P&L: $+4.84 (107)
2026-02-04T03:08:40.671200 [28115s] 📈 15M MEAN-REV: K@0.96 (extreme high) + BTC stable → NO
2026-02-04T03:08:41.171191 [28115s] ✅ 15M mean_reversion_high CLOSE (PROFIT): $+0.10 | Total: $+4.94
2026-02-04T03:09:16.211651 [28150s] BTC: $76,207.67 (4ex, +0.076%) | 15m: 0.97/0.98 | 1h: N/A | P&L: $+4.94 (108)
2026-02-04T03:10:06.678965 [28201s] 💾 Checkpoint
2026-02-04T03:10:16.291659 [28211s] BTC: $76,272.09 (4ex, +0.038%) | 15m: 0.98/1.00 | 1h: N/A | P&L: $+4.94 (108)
2026-02-04T03:11:16.360180 [28271s] BTC: $76,344.01 (4ex, +0.063%) | 15m: 0.99/1.00 | 1h: N/A | P&L: $+4.94 (108)
2026-02-04T03:12:16.440529 [28331s] BTC: $76,495.13 (4ex, +0.001%) | 15m: 0.99/1.00 | 1h: N/A | P&L: $+4.94 (108)
2026-02-04T03:13:16.514766 [28391s] BTC: $76,457.43 (4ex, -0.027%) | 15m: 0.99/1.00 | 1h: N/A | P&L: $+4.94 (108)
2026-02-04T03:14:16.590385 [28451s] BTC: $76,435.47 (4ex, -0.029%) | 15m: 0.99/1.00 | 1h: N/A | P&L: $+4.94 (108)
2026-02-04T03:15:06.700523 [28501s] 💾 Checkpoint
2026-02-04T03:15:11.654083 [28506s] 🔄 15M transition
2026-02-04T03:15:12.655676 [28507s] 🔄 15M transition
2026-02-04T03:15:13.656384 [28508s] 🔄 15M transition
2026-02-04T03:15:14.657489 [28509s] 🔄 15M transition
2026-02-04T03:15:15.658339 [28510s] 🔄 15M transition
2026-02-04T03:15:16.659104 [28511s] BTC: $76,542.71 (4ex, -0.020%) | 15m: 0.55/0.79 | 1h: N/A | P&L: $+4.94 (108)
2026-02-04T03:16:16.731714 [28571s] BTC: $76,521.09 (4ex, -0.007%) | 15m: 0.56/0.57 | 1h: N/A | P&L: $+4.94 (108)
2026-02-04T03:17:16.806740 [28631s] BTC: $76,416.35 (4ex, -0.063%) | 15m: 0.33/0.37 | 1h: N/A | P&L: $+4.94 (108)
2026-02-04T03:18:16.882323 [28691s] BTC: $76,417.92 (4ex, +0.002%) | 15m: 0.32/0.36 | 1h: N/A | P&L: $+4.94 (108)
2026-02-04T03:19:16.960311 [28751s] BTC: $76,396.20 (4ex, -0.026%) | 15m: 0.30/0.33 | 1h: N/A | P&L: $+4.94 (108)
2026-02-04T03:20:06.063527 
======================================================================
SUMMARY
======================================================================
Duration: 480min | Signals: 108
Trades: 108 | P&L: $+4.94
mean_reversion_high: 39 trades, 97% win, $+7.59
delay_arb: 29 trades, 83% win, $+6.37
mean_reversion_low: 40 trades, 20% win, $-9.02
======================================================================

