2026-02-03T06:40:02.276276 
======================================================================
v6 - RESEARCH-NOTES.md Improvements
======================================================================
Duration: 480min | Start: 06:40:02
Changes: BTC momentum filter, adaptive stop-loss, entry filters,
         mean reversion at extremes, market timing restrictions
Markets: 15min + Hourly
======================================================================

2026-02-03T06:41:02.347592 [   60s] BTC: $78,445.86 (4ex, +0.037%) | 15m: 0.13/0.16 | 1h: N/A | P&L: $+0.00 (0)
2026-02-03T06:42:02.418257 [  120s] BTC: $78,435.58 (4ex, -0.010%) | 15m: 0.14/0.16 | 1h: N/A | P&L: $+0.00 (0)
2026-02-03T06:43:02.489241 [  180s] BTC: $78,469.53 (4ex, +0.047%) | 15m: 0.10/0.11 | 1h: N/A | P&L: $+0.00 (0)
2026-02-03T06:44:02.577207 [  240s] BTC: $78,440.66 (4ex, -0.034%) | 15m: 0.06/0.07 | 1h: N/A | P&L: $+0.00 (0)
2026-02-03T06:45:02.283597 [  300s] 💾 Checkpoint
2026-02-03T06:45:02.647320 [  300s] BTC: $78,414.40 (4ex, -0.033%) | 15m: 0.00/0.01 | 1h: N/A | P&L: $+0.00 (0)
2026-02-03T06:45:04.649206 [  302s] 🔄 15M transition
2026-02-03T06:45:05.651696 [  303s] 🔄 15M transition
2026-02-03T06:45:06.652943 [  304s] 🔄 15M transition
2026-02-03T06:45:07.653764 [  305s] 🔄 15M transition
2026-02-03T06:45:08.655335 [  306s] 🔄 15M transition
2026-02-03T06:46:02.716641 [  360s] BTC: $78,434.73 (4ex, +0.016%) | 15m: 0.46/0.55 | 1h: N/A | P&L: $+0.00 (0)
2026-02-03T06:47:02.788714 [  420s] BTC: $78,434.48 (4ex, -0.000%) | 15m: 0.62/0.64 | 1h: N/A | P&L: $+0.00 (0)
2026-02-03T06:48:02.860142 [  480s] BTC: $78,530.35 (4ex, +0.122%) | 15m: 0.69/0.70 | 1h: N/A | P&L: $+0.00 (0)
2026-02-03T06:48:37.895328 [  515s] 📈 15M MEAN-REV: K@0.88 (extreme high) + BTC stable → NO
2026-02-03T06:48:37.895907 [  515s] ✅ 15M mean_reversion_high CLOSE (PROFIT): $+0.10 | Total: $+0.10
2026-02-03T06:49:02.928467 [  540s] BTC: $78,511.25 (4ex, -0.029%) | 15m: 0.88/0.89 | 1h: N/A | P&L: $+0.10 (1)
2026-02-03T06:50:02.290219 [  600s] 💾 Checkpoint
2026-02-03T06:50:03.000358 [  600s] BTC: $78,520.60 (4ex, +0.012%) | 15m: 0.73/0.76 | 1h: N/A | P&L: $+0.10 (1)
2026-02-03T06:51:03.075920 [  660s] BTC: $78,516.94 (4ex, +0.020%) | 15m: 0.65/0.67 | 1h: N/A | P&L: $+0.10 (1)
2026-02-03T06:52:03.147173 [  720s] BTC: $78,528.13 (4ex, +0.013%) | 15m: 0.76/0.79 | 1h: N/A | P&L: $+0.10 (1)
2026-02-03T06:52:07.151402 [  724s] 📈 15M MEAN-REV: K@0.81 (extreme high) + BTC stable → NO
2026-02-03T06:52:37.199646 [  754s] ✅ 15M mean_reversion_high CLOSE (PROFIT): $+0.30 | Total: $+0.40
2026-02-03T06:53:03.237442 [  780s] BTC: $78,537.84 (4ex, +0.009%) | 15m: 0.81/0.84 | 1h: N/A | P&L: $+0.40 (2)
2026-02-03T06:53:37.276524 [  815s] 📈 15M MEAN-REV: K@0.81 (extreme high) + BTC stable → NO
2026-02-03T06:53:37.277190 [  815s] ✅ 15M mean_reversion_high CLOSE (PROFIT): $+0.30 | Total: $+0.70
2026-02-03T06:54:03.310932 [  841s] BTC: $78,525.32 (4ex, -0.017%) | 15m: 0.81/0.84 | 1h: N/A | P&L: $+0.70 (3)
2026-02-03T06:54:37.360576 [  875s] 📈 15M MEAN-REV: K@0.83 (extreme high) + BTC stable → NO
2026-02-03T06:54:37.361135 [  875s] ✅ 15M mean_reversion_high CLOSE (PROFIT): $+0.20 | Total: $+0.90
2026-02-03T06:55:02.295181 [  900s] 💾 Checkpoint
2026-02-03T06:55:03.397199 [  901s] BTC: $78,524.79 (4ex, +0.001%) | 15m: 0.84/0.85 | 1h: N/A | P&L: $+0.90 (4)
2026-02-03T06:56:03.466090 [  961s] BTC: $78,536.06 (4ex, +0.014%) | 15m: 0.91/0.95 | 1h: N/A | P&L: $+0.90 (4)
2026-02-03T06:57:03.541409 [ 1021s] BTC: $78,481.11 (4ex, -0.052%) | 15m: 0.88/0.89 | 1h: N/A | P&L: $+0.90 (4)
2026-02-03T06:58:03.613622 [ 1081s] BTC: $78,508.78 (4ex, +0.035%) | 15m: 0.96/0.98 | 1h: N/A | P&L: $+0.90 (4)
2026-02-03T06:59:03.679954 [ 1141s] BTC: $78,525.62 (4ex, +0.021%) | 15m: 0.99/1.00 | 1h: N/A | P&L: $+0.90 (4)
2026-02-03T07:00:02.296736 [ 1200s] 💾 Checkpoint
2026-02-03T07:00:03.747040 [ 1201s] BTC: $78,520.55 (4ex, -0.006%) | 15m: 0.99/1.00 | 1h: N/A | P&L: $+0.90 (4)
2026-02-03T07:00:09.753067 [ 1207s] 🔄 15M transition
2026-02-03T07:00:10.754083 [ 1208s] 🔄 15M transition
2026-02-03T07:00:11.755055 [ 1209s] 🔄 15M transition
2026-02-03T07:00:12.756357 [ 1210s] 🔄 15M transition
2026-02-03T07:00:13.758227 [ 1211s] 🔄 15M transition
2026-02-03T07:00:14.759862 [ 1212s] 🔄 15M transition
2026-02-03T07:01:03.803265 [ 1261s] BTC: $78,493.38 (4ex, -0.035%) | 15m: 0.56/0.57 | 1h: N/A | P&L: $+0.90 (4)
2026-02-03T07:02:03.857349 [ 1321s] BTC: $78,482.07 (4ex, -0.016%) | 15m: 0.45/0.46 | 1h: N/A | P&L: $+0.90 (4)
2026-02-03T07:03:03.935103 [ 1381s] BTC: $78,493.79 (4ex, +0.015%) | 15m: 0.37/0.38 | 1h: N/A | P&L: $+0.90 (4)
2026-02-03T07:04:04.004354 [ 1441s] BTC: $78,500.50 (4ex, +0.009%) | 15m: 0.36/0.37 | 1h: N/A | P&L: $+0.90 (4)
2026-02-03T07:05:02.299436 [ 1500s] 💾 Checkpoint
2026-02-03T07:05:04.070502 [ 1501s] BTC: $78,497.46 (4ex, -0.004%) | 15m: 0.40/0.42 | 1h: N/A | P&L: $+0.90 (4)
2026-02-03T07:06:04.141292 [ 1561s] BTC: $78,547.12 (4ex, +0.063%) | 15m: 0.55/0.58 | 1h: N/A | P&L: $+0.90 (4)
2026-02-03T07:07:04.210398 [ 1621s] BTC: $78,623.56 (4ex, +0.084%) | 15m: 0.73/0.75 | 1h: N/A | P&L: $+0.90 (4)
2026-02-03T07:08:04.275297 [ 1681s] BTC: $78,620.03 (4ex, -0.002%) | 15m: 0.74/0.77 | 1h: N/A | P&L: $+0.90 (4)
2026-02-03T07:09:03.343057 [ 1741s] 🎯 15M DELAY: BTC +0.157% K +0.0% → YES@$0.91
2026-02-03T07:09:04.345198 [ 1742s] BTC: $78,747.87 (4ex, +0.161%) | 15m: 0.90/0.91 | 1h: N/A | P&L: $+0.90 (4)
2026-02-03T07:10:02.301647 [ 1800s] 💾 Checkpoint
2026-02-03T07:10:04.443335 [ 1802s] BTC: $78,732.99 (4ex, -0.012%) | 15m: 0.92/0.96 | 1h: N/A | P&L: $+0.90 (4)
2026-02-03T07:11:04.539517 [ 1862s] BTC: $78,724.93 (4ex, -0.010%) | 15m: 0.93/0.98 | 1h: N/A | P&L: $+0.90 (4)
2026-02-03T07:12:04.635137 [ 1922s] BTC: $78,751.92 (4ex, +0.037%) | 15m: 0.97/0.98 | 1h: N/A | P&L: $+0.90 (4)
2026-02-03T07:12:14.649922 [ 1932s] ✅ 15M delay_arb CLOSE (PROFIT): $+0.80 | Total: $+1.70
2026-02-03T07:13:04.707719 [ 1982s] BTC: $78,786.48 (4ex, -0.002%) | 15m: 0.99/1.00 | 1h: N/A | P&L: $+1.70 (5)
2026-02-03T07:14:04.780047 [ 2042s] BTC: $78,732.26 (4ex, -0.107%) | 15m: 0.99/1.00 | 1h: N/A | P&L: $+1.70 (5)
2026-02-03T07:15:02.303953 [ 2100s] 💾 Checkpoint
2026-02-03T07:15:04.857418 [ 2102s] BTC: $78,710.48 (4ex, -0.029%) | 15m: 0.99/1.00 | 1h: N/A | P&L: $+1.70 (5)
2026-02-03T07:15:15.870328 [ 2113s] 🔄 15M transition
2026-02-03T07:15:16.871339 [ 2114s] 🔄 15M transition
2026-02-03T07:15:17.872092 [ 2115s] 🔄 15M transition
2026-02-03T07:15:18.873015 [ 2116s] 🔄 15M transition
2026-02-03T07:15:19.875177 [ 2117s] 🔄 15M transition
2026-02-03T07:16:04.926779 [ 2162s] BTC: $78,717.82 (4ex, +0.009%) | 15m: 0.40/0.45 | 1h: N/A | P&L: $+1.70 (5)
2026-02-03T07:17:04.993149 [ 2222s] BTC: $78,722.47 (4ex, +0.010%) | 15m: 0.32/0.35 | 1h: N/A | P&L: $+1.70 (5)
2026-02-03T07:18:05.063716 [ 2282s] BTC: $78,651.74 (4ex, -0.090%) | 15m: 0.30/0.34 | 1h: N/A | P&L: $+1.70 (5)
2026-02-03T07:18:48.112596 [ 2325s] 📉 15M MEAN-REV: K@0.20 (extreme low) + BTC stable → YES
2026-02-03T07:19:05.140132 [ 2342s] BTC: $78,592.32 (4ex, -0.076%) | 15m: 0.17/0.20 | 1h: N/A | P&L: $+1.70 (5)
2026-02-03T07:19:18.161694 [ 2355s] ❌ 15M mean_reversion_low CLOSE (STOP(-25%)): $-0.90 | Total: $+0.80
2026-02-03T07:20:02.306517 [ 2400s] 💾 Checkpoint
2026-02-03T07:20:05.213220 [ 2402s] BTC: $78,622.36 (4ex, +0.035%) | 15m: 0.18/0.20 | 1h: N/A | P&L: $+0.80 (6)
2026-02-03T07:20:18.233557 [ 2415s] 📉 15M MEAN-REV: K@0.21 (extreme low) + BTC stable → YES
2026-02-03T07:21:05.312397 [ 2463s] BTC: $78,677.30 (4ex, +0.070%) | 15m: 0.21/0.23 | 1h: N/A | P&L: $+0.80 (6)
2026-02-03T07:21:19.338076 [ 2477s] ✅ 15M mean_reversion_low CLOSE (PROFIT): $+0.50 | Total: $+1.30
2026-02-03T07:22:05.394889 [ 2523s] BTC: $78,663.62 (4ex, -0.016%) | 15m: 0.28/0.32 | 1h: N/A | P&L: $+1.30 (7)
2026-02-03T07:23:05.471489 [ 2583s] BTC: $78,644.86 (4ex, -0.024%) | 15m: 0.24/0.25 | 1h: N/A | P&L: $+1.30 (7)
2026-02-03T07:23:20.490886 [ 2598s] 📉 15M MEAN-REV: K@0.15 (extreme low) + BTC stable → YES
2026-02-03T07:24:05.567771 [ 2643s] BTC: $78,630.55 (4ex, -0.015%) | 15m: 0.14/0.15 | 1h: N/A | P&L: $+1.30 (7)
2026-02-03T07:24:20.592484 [ 2658s] ❌ 15M mean_reversion_low CLOSE (STOP(-25%)): $-0.70 | Total: $+0.60
2026-02-03T07:25:02.316539 [ 2700s] 💾 Checkpoint
2026-02-03T07:25:05.645912 [ 2703s] BTC: $78,611.79 (4ex, -0.020%) | 15m: 0.06/0.07 | 1h: N/A | P&L: $+0.60 (8)
2026-02-03T07:26:05.719027 [ 2763s] BTC: $78,670.55 (4ex, +0.076%) | 15m: 0.14/0.17 | 1h: N/A | P&L: $+0.60 (8)
2026-02-03T07:27:05.791066 [ 2823s] BTC: $78,654.92 (4ex, -0.036%) | 15m: 0.05/0.07 | 1h: N/A | P&L: $+0.60 (8)
2026-02-03T07:28:05.862729 [ 2883s] BTC: $78,637.92 (4ex, -0.024%) | 15m: 0.05/0.07 | 1h: N/A | P&L: $+0.60 (8)
2026-02-03T07:29:05.930604 [ 2943s] BTC: $78,648.96 (4ex, +0.014%) | 15m: 0.02/0.05 | 1h: N/A | P&L: $+0.60 (8)
2026-02-03T07:30:02.319333 [ 3000s] 💾 Checkpoint
2026-02-03T07:30:06.001394 [ 3003s] BTC: $78,624.54 (4ex, -0.031%) | 15m: 0.00/0.01 | 1h: N/A | P&L: $+0.60 (8)
2026-02-03T07:30:24.026345 [ 3021s] 🔄 15M transition
2026-02-03T07:30:25.028009 [ 3022s] 🔄 15M transition
2026-02-03T07:30:26.029014 [ 3023s] 🔄 15M transition
2026-02-03T07:30:27.030599 [ 3024s] 🔄 15M transition
2026-02-03T07:30:28.032032 [ 3025s] 🔄 15M transition
2026-02-03T07:31:06.075663 [ 3063s] BTC: $78,649.29 (4ex, +0.031%) | 15m: 0.48/0.50 | 1h: N/A | P&L: $+0.60 (8)
2026-02-03T07:32:06.148531 [ 3123s] BTC: $78,729.45 (4ex, +0.102%) | 15m: 0.65/0.66 | 1h: N/A | P&L: $+0.60 (8)
2026-02-03T07:33:06.213912 [ 3183s] BTC: $78,765.18 (4ex, +0.012%) | 15m: 0.77/0.80 | 1h: N/A | P&L: $+0.60 (8)
2026-02-03T07:33:25.233558 [ 3202s] 📈 15M MEAN-REV: K@0.82 (extreme high) + BTC stable → NO
2026-02-03T07:33:25.234185 [ 3202s] ✅ 15M mean_reversion_high CLOSE (PROFIT): $+0.30 | Total: $+0.90
2026-02-03T07:34:06.283780 [ 3244s] BTC: $78,766.79 (4ex, +0.004%) | 15m: 0.81/0.85 | 1h: N/A | P&L: $+0.90 (9)
2026-02-03T07:34:25.303024 [ 3263s] 📈 15M MEAN-REV: K@0.81 (extreme high) + BTC stable → NO
2026-02-03T07:34:25.303544 [ 3263s] ✅ 15M mean_reversion_high CLOSE (PROFIT): $+0.40 | Total: $+1.30
2026-02-03T07:35:02.325294 [ 3300s] 💾 Checkpoint
2026-02-03T07:35:06.346392 [ 3304s] BTC: $78,776.71 (4ex, +0.001%) | 15m: 0.86/0.88 | 1h: N/A | P&L: $+1.30 (10)
2026-02-03T07:35:25.365165 [ 3323s] 📈 15M MEAN-REV: K@0.86 (extreme high) + BTC stable → NO
2026-02-03T07:35:25.365497 [ 3323s] ✅ 15M mean_reversion_high CLOSE (PROFIT): $+0.20 | Total: $+1.50
2026-02-03T07:36:06.409260 [ 3364s] BTC: $78,858.87 (4ex, +0.123%) | 15m: 0.91/0.94 | 1h: N/A | P&L: $+1.50 (11)
2026-02-03T07:36:25.429491 [ 3383s] 📈 15M MEAN-REV: K@0.91 (extreme high) + BTC stable → NO
2026-02-03T07:36:25.430016 [ 3383s] ✅ 15M mean_reversion_high CLOSE (PROFIT): $+0.30 | Total: $+1.80
2026-02-03T07:37:06.472266 [ 3424s] BTC: $78,782.77 (4ex, -0.062%) | 15m: 0.91/0.92 | 1h: N/A | P&L: $+1.80 (12)
2026-02-03T07:37:25.495300 [ 3443s] 📈 15M MEAN-REV: K@0.91 (extreme high) + BTC stable → NO
2026-02-03T07:37:25.495927 [ 3443s] ✅ 15M mean_reversion_high CLOSE (PROFIT): $+0.10 | Total: $+1.90
2026-02-03T07:38:06.536748 [ 3484s] BTC: $78,809.76 (4ex, +0.034%) | 15m: 0.89/0.91 | 1h: N/A | P&L: $+1.90 (13)
2026-02-03T07:38:25.557345 [ 3503s] 📈 15M MEAN-REV: K@0.89 (extreme high) + BTC stable → NO
2026-02-03T07:38:25.557901 [ 3503s] ✅ 15M mean_reversion_high CLOSE (PROFIT): $+0.20 | Total: $+2.10
2026-02-03T07:39:06.620923 [ 3544s] BTC: $78,781.06 (4ex, -0.036%) | 15m: 0.90/0.92 | 1h: N/A | P&L: $+2.10 (14)
2026-02-03T07:39:25.639434 [ 3563s] 📈 15M MEAN-REV: K@0.90 (extreme high) + BTC stable → NO
2026-02-03T07:39:25.639979 [ 3563s] ✅ 15M mean_reversion_high CLOSE (PROFIT): $+0.20 | Total: $+2.30
2026-02-03T07:40:02.328737 [ 3600s] 💾 Checkpoint
2026-02-03T07:40:06.676081 [ 3604s] BTC: $78,785.38 (4ex, +0.005%) | 15m: 0.90/0.92 | 1h: N/A | P&L: $+2.30 (15)
2026-02-03T07:41:06.732014 [ 3664s] BTC: $78,754.85 (4ex, -0.037%) | 15m: 0.90/0.93 | 1h: N/A | P&L: $+2.30 (15)
2026-02-03T07:42:06.789165 [ 3724s] BTC: $78,735.89 (4ex, -0.024%) | 15m: 0.93/0.94 | 1h: N/A | P&L: $+2.30 (15)
2026-02-03T07:43:06.850456 [ 3784s] BTC: $78,725.42 (4ex, -0.013%) | 15m: 0.97/0.99 | 1h: N/A | P&L: $+2.30 (15)
2026-02-03T07:44:06.917716 [ 3844s] BTC: $78,747.95 (4ex, +0.029%) | 15m: 0.99/1.00 | 1h: N/A | P&L: $+2.30 (15)
2026-02-03T07:45:02.332071 [ 3900s] 💾 Checkpoint
2026-02-03T07:45:06.981861 [ 3904s] BTC: $78,764.07 (4ex, +0.023%) | 15m: 0.99/1.00 | 1h: N/A | P&L: $+2.30 (15)
2026-02-03T07:45:31.011178 [ 3928s] 🔄 15M transition
2026-02-03T07:45:32.012407 [ 3929s] 🔄 15M transition
2026-02-03T07:45:33.013457 [ 3930s] 🔄 15M transition
2026-02-03T07:45:34.014529 [ 3931s] 🔄 15M transition
2026-02-03T07:45:35.016148 [ 3932s] 🔄 15M transition
2026-02-03T07:46:07.052027 [ 3964s] BTC: $78,755.43 (4ex, -0.013%) | 15m: 0.47/0.51 | 1h: N/A | P&L: $+2.30 (15)
2026-02-03T07:47:07.121586 [ 4024s] BTC: $78,771.42 (4ex, +0.020%) | 15m: 0.49/0.53 | 1h: N/A | P&L: $+2.30 (15)
2026-02-03T07:48:07.205098 [ 4084s] BTC: $78,737.71 (4ex, -0.043%) | 15m: 0.46/0.47 | 1h: N/A | P&L: $+2.30 (15)
2026-02-03T07:49:07.279568 [ 4145s] BTC: $78,744.27 (4ex, +0.008%) | 15m: 0.43/0.44 | 1h: N/A | P&L: $+2.30 (15)
2026-02-03T07:50:02.335707 [ 4200s] 💾 Checkpoint
2026-02-03T07:50:07.345997 [ 4205s] BTC: $78,749.31 (4ex, +0.006%) | 15m: 0.61/0.63 | 1h: N/A | P&L: $+2.30 (15)
2026-02-03T07:51:07.416761 [ 4265s] BTC: $78,740.57 (4ex, -0.015%) | 15m: 0.41/0.44 | 1h: N/A | P&L: $+2.30 (15)
2026-02-03T07:52:07.489388 [ 4325s] BTC: $78,724.65 (4ex, -0.020%) | 15m: 0.28/0.30 | 1h: N/A | P&L: $+2.30 (15)
2026-02-03T07:53:07.558258 [ 4385s] BTC: $78,718.64 (4ex, -0.008%) | 15m: 0.23/0.24 | 1h: N/A | P&L: $+2.30 (15)
2026-02-03T07:53:35.594374 [ 4413s] 📉 15M MEAN-REV: K@0.18 (extreme low) + BTC stable → YES
2026-02-03T07:54:07.649621 [ 4445s] BTC: $78,702.61 (4ex, -0.020%) | 15m: 0.16/0.19 | 1h: N/A | P&L: $+2.30 (15)
2026-02-03T07:55:02.338231 [ 4500s] 💾 Checkpoint
2026-02-03T07:55:07.747649 [ 4505s] BTC: $78,702.67 (4ex, +0.000%) | 15m: 0.16/0.18 | 1h: N/A | P&L: $+2.30 (15)
2026-02-03T07:55:35.791097 [ 4533s] ❌ 15M mean_reversion_low CLOSE (STOP(-25%)): $-0.50 | Total: $+1.80
2026-02-03T07:56:07.831397 [ 4565s] BTC: $78,680.15 (4ex, -0.029%) | 15m: 0.07/0.10 | 1h: N/A | P&L: $+1.80 (16)
2026-02-03T07:57:07.909383 [ 4625s] BTC: $78,699.53 (4ex, +0.025%) | 15m: 0.05/0.06 | 1h: N/A | P&L: $+1.80 (16)
2026-02-03T07:58:07.985063 [ 4685s] BTC: $78,712.75 (4ex, +0.014%) | 15m: 0.07/0.08 | 1h: N/A | P&L: $+1.80 (16)
2026-02-03T07:59:08.056590 [ 4745s] BTC: $78,667.70 (4ex, -0.067%) | 15m: 0.00/0.01 | 1h: N/A | P&L: $+1.80 (16)
2026-02-03T08:00:02.341612 [ 4800s] 💾 Checkpoint
2026-02-03T08:00:08.130472 [ 4805s] 🔄 15M transition
2026-02-03T08:00:08.130546 [ 4805s] BTC: $78,728.24 (4ex, +0.077%) | 15m: 0.45/0.55 | 1h: N/A | P&L: $+1.80 (16)
2026-02-03T08:00:09.132129 [ 4806s] 🔄 15M transition
2026-02-03T08:00:10.133237 [ 4807s] 🔄 15M transition
2026-02-03T08:00:11.134476 [ 4808s] 🔄 15M transition
2026-02-03T08:00:12.136060 [ 4809s] 🔄 15M transition
2026-02-03T08:01:08.204152 [ 4865s] BTC: $78,758.83 (4ex, +0.040%) | 15m: 0.61/0.65 | 1h: N/A | P&L: $+1.80 (16)
2026-02-03T08:02:00.260597 [ 4917s] 📈 15M MEAN-REV: K@0.82 (extreme high) + BTC stable → NO
2026-02-03T08:02:00.261289 [ 4917s] ✅ 15M mean_reversion_high CLOSE (PROFIT): $+0.30 | Total: $+2.10
2026-02-03T08:02:08.271031 [ 4925s] BTC: $78,802.63 (4ex, +0.038%) | 15m: 0.82/0.85 | 1h: N/A | P&L: $+2.10 (17)
2026-02-03T08:03:00.346006 [ 4978s] 🎯 15M DELAY: BTC -0.157% K +0.0% → NO@$0.35
2026-02-03T08:03:00.346599 [ 4978s] ✅ 15M delay_arb CLOSE (PROFIT): $+0.30 | Total: $+2.40
2026-02-03T08:03:08.354735 [ 4986s] BTC: $78,695.14 (4ex, -0.172%) | 15m: 0.65/0.68 | 1h: N/A | P&L: $+2.40 (18)
2026-02-03T08:04:08.420879 [ 5046s] BTC: $78,699.24 (4ex, +0.019%) | 15m: 0.41/0.43 | 1h: N/A | P&L: $+2.40 (18)
2026-02-03T08:05:02.345529 [ 5100s] 💾 Checkpoint
2026-02-03T08:05:08.491917 [ 5106s] BTC: $78,725.58 (4ex, +0.036%) | 15m: 0.66/0.69 | 1h: N/A | P&L: $+2.40 (18)
2026-02-03T08:06:08.562578 [ 5166s] BTC: $78,721.13 (4ex, -0.006%) | 15m: 0.66/0.69 | 1h: N/A | P&L: $+2.40 (18)
2026-02-03T08:07:08.632863 [ 5226s] BTC: $78,655.97 (4ex, -0.083%) | 15m: 0.48/0.52 | 1h: N/A | P&L: $+2.40 (18)
2026-02-03T08:08:08.709697 [ 5286s] BTC: $78,672.86 (4ex, +0.023%) | 15m: 0.37/0.39 | 1h: N/A | P&L: $+2.40 (18)
2026-02-03T08:09:08.793946 [ 5346s] BTC: $78,678.66 (4ex, +0.008%) | 15m: 0.72/0.75 | 1h: N/A | P&L: $+2.40 (18)
2026-02-03T08:10:02.349470 [ 5400s] 💾 Checkpoint
2026-02-03T08:10:08.869998 [ 5406s] BTC: $78,603.11 (4ex, -0.096%) | 15m: 0.40/0.45 | 1h: N/A | P&L: $+2.40 (18)
2026-02-03T08:11:08.938640 [ 5466s] BTC: $78,588.37 (4ex, -0.016%) | 15m: 0.11/0.13 | 1h: N/A | P&L: $+2.40 (18)
2026-02-03T08:12:09.016945 [ 5526s] BTC: $78,553.02 (4ex, -0.045%) | 15m: 0.04/0.07 | 1h: N/A | P&L: $+2.40 (18)
2026-02-03T08:13:09.094457 [ 5586s] BTC: $78,564.94 (4ex, +0.013%) | 15m: 0.06/0.07 | 1h: N/A | P&L: $+2.40 (18)
2026-02-03T08:14:09.150254 [ 5646s] BTC: $78,500.67 (4ex, -0.074%) | 15m: 0.00/0.01 | 1h: N/A | P&L: $+2.40 (18)
2026-02-03T08:15:02.353308 [ 5700s] 💾 Checkpoint
2026-02-03T08:15:09.207032 [ 5706s] BTC: $78,442.12 (4ex, -0.022%) | 15m: 0.00/0.01 | 1h: N/A | P&L: $+2.40 (18)
2026-02-03T08:15:16.213503 [ 5713s] 🔄 15M transition
2026-02-03T08:15:17.214595 [ 5714s] 🔄 15M transition
2026-02-03T08:15:18.216022 [ 5715s] 🔄 15M transition
2026-02-03T08:15:19.216979 [ 5716s] 🔄 15M transition
2026-02-03T08:15:20.218957 [ 5717s] 🔄 15M transition
2026-02-03T08:16:09.265858 [ 5766s] BTC: $78,428.97 (4ex, -0.017%) | 15m: 0.37/0.45 | 1h: N/A | P&L: $+2.40 (18)
2026-02-03T08:17:09.324713 [ 5827s] BTC: $78,461.88 (4ex, +0.042%) | 15m: 0.40/0.43 | 1h: N/A | P&L: $+2.40 (18)
2026-02-03T08:18:09.385376 [ 5887s] BTC: $78,564.52 (4ex, +0.131%) | 15m: 0.64/0.65 | 1h: N/A | P&L: $+2.40 (18)
2026-02-03T08:19:05.448451 [ 5943s] 📈 15M MEAN-REV: K@0.84 (extreme high) + BTC stable → NO
2026-02-03T08:19:05.449017 [ 5943s] ✅ 15M mean_reversion_high CLOSE (PROFIT): $+0.30 | Total: $+2.70
2026-02-03T08:19:09.453040 [ 5947s] BTC: $78,601.73 (4ex, +0.047%) | 15m: 0.84/0.87 | 1h: N/A | P&L: $+2.70 (19)
2026-02-03T08:20:02.362454 [ 6000s] 💾 Checkpoint
2026-02-03T08:20:05.519882 [ 6003s] 📈 15M MEAN-REV: K@0.90 (extreme high) + BTC stable → NO
2026-02-03T08:20:05.520485 [ 6003s] ✅ 15M mean_reversion_high CLOSE (PROFIT): $+0.30 | Total: $+3.00
2026-02-03T08:20:09.525997 [ 6007s] BTC: $78,630.23 (4ex, +0.033%) | 15m: 0.90/0.93 | 1h: N/A | P&L: $+3.00 (20)
2026-02-03T08:21:05.584574 [ 6063s] 📈 15M MEAN-REV: K@0.86 (extreme high) + BTC stable → NO
2026-02-03T08:21:09.591161 [ 6067s] BTC: $78,616.41 (4ex, -0.018%) | 15m: 0.86/0.87 | 1h: N/A | P&L: $+3.00 (20)
2026-02-03T08:21:49.652036 [ 6107s] ✅ 15M mean_reversion_high CLOSE (PROFIT): $+0.40 | Total: $+3.40
2026-02-03T08:22:09.674357 [ 6127s] BTC: $78,664.54 (4ex, +0.061%) | 15m: 0.86/0.90 | 1h: N/A | P&L: $+3.40 (21)
2026-02-03T08:22:49.725583 [ 6167s] 📈 15M MEAN-REV: K@0.90 (extreme high) + BTC stable → NO
2026-02-03T08:22:49.726189 [ 6167s] ✅ 15M mean_reversion_high CLOSE (PROFIT): $+0.40 | Total: $+3.80
2026-02-03T08:23:09.747762 [ 6187s] BTC: $78,636.66 (4ex, -0.036%) | 15m: 0.90/0.94 | 1h: N/A | P&L: $+3.80 (22)
2026-02-03T08:23:49.797582 [ 6227s] 📈 15M MEAN-REV: K@0.90 (extreme high) + BTC stable → NO
2026-02-03T08:23:49.798063 [ 6227s] ✅ 15M mean_reversion_high CLOSE (PROFIT): $+0.30 | Total: $+4.10
2026-02-03T08:24:09.821270 [ 6247s] BTC: $78,707.22 (4ex, +0.092%) | 15m: 0.95/0.96 | 1h: N/A | P&L: $+4.10 (23)
2026-02-03T08:25:02.368075 [ 6300s] 💾 Checkpoint
2026-02-03T08:25:09.894505 [ 6307s] BTC: $78,767.37 (4ex, +0.076%) | 15m: 0.97/0.98 | 1h: N/A | P&L: $+4.10 (23)
2026-02-03T08:26:09.965470 [ 6367s] BTC: $78,857.39 (4ex, -0.046%) | 15m: 0.98/0.99 | 1h: N/A | P&L: $+4.10 (23)
2026-02-03T08:27:10.036554 [ 6427s] BTC: $78,894.01 (4ex, +0.041%) | 15m: 0.99/1.00 | 1h: N/A | P&L: $+4.10 (23)
2026-02-03T08:28:10.106003 [ 6487s] BTC: $78,868.27 (4ex, -0.033%) | 15m: 0.99/1.00 | 1h: N/A | P&L: $+4.10 (23)
2026-02-03T08:29:10.181590 [ 6547s] BTC: $78,874.33 (4ex, +0.008%) | 15m: 0.99/1.00 | 1h: N/A | P&L: $+4.10 (23)
2026-02-03T08:30:02.372732 [ 6600s] 💾 Checkpoint
2026-02-03T08:30:10.259243 [ 6607s] BTC: $78,813.89 (4ex, -0.077%) | 15m: 0.99/1.00 | 1h: N/A | P&L: $+4.10 (23)
2026-02-03T08:30:23.280619 [ 6621s] 🔄 15M transition
2026-02-03T08:30:24.281973 [ 6622s] 🔄 15M transition
2026-02-03T08:30:25.282650 [ 6623s] 🔄 15M transition
2026-02-03T08:30:26.284079 [ 6624s] 🔄 15M transition
2026-02-03T08:30:27.285506 [ 6625s] 🔄 15M transition
2026-02-03T08:31:10.336197 [ 6668s] BTC: $78,874.46 (4ex, +0.077%) | 15m: 0.51/0.54 | 1h: N/A | P&L: $+4.10 (23)
2026-02-03T08:32:10.400084 [ 6728s] BTC: $78,759.74 (4ex, -0.145%) | 15m: 0.26/0.29 | 1h: N/A | P&L: $+4.10 (23)
2026-02-03T08:32:13.403229 [ 6731s] 🎯 15M DELAY: BTC -0.158% K +0.0% → NO@$0.74
2026-02-03T08:32:39.448470 [ 6757s] ✅ 15M delay_arb CLOSE (PROFIT): $+1.00 | Total: $+5.10
2026-02-03T08:33:10.483259 [ 6788s] BTC: $78,783.59 (4ex, +0.030%) | 15m: 0.32/0.34 | 1h: N/A | P&L: $+5.10 (24)
2026-02-03T08:34:10.553636 [ 6848s] BTC: $78,804.85 (4ex, +0.023%) | 15m: 0.35/0.36 | 1h: N/A | P&L: $+5.10 (24)
2026-02-03T08:35:02.377283 [ 6900s] 💾 Checkpoint
2026-02-03T08:35:10.628218 [ 6908s] BTC: $78,840.37 (4ex, +0.045%) | 15m: 0.46/0.50 | 1h: N/A | P&L: $+5.10 (24)
2026-02-03T08:36:10.713536 [ 6968s] BTC: $78,947.20 (4ex, +0.109%) | 15m: 0.63/0.65 | 1h: N/A | P&L: $+5.10 (24)
2026-02-03T08:37:10.793943 [ 7028s] BTC: $78,946.93 (4ex, -0.000%) | 15m: 0.68/0.70 | 1h: N/A | P&L: $+5.10 (24)
2026-02-03T08:38:10.867678 [ 7088s] BTC: $78,938.40 (4ex, -0.011%) | 15m: 0.71/0.72 | 1h: N/A | P&L: $+5.10 (24)
2026-02-03T08:39:10.933471 [ 7148s] BTC: $78,884.37 (4ex, -0.140%) | 15m: 0.78/0.80 | 1h: N/A | P&L: $+5.10 (24)
2026-02-03T08:40:02.382353 [ 7200s] 💾 Checkpoint
2026-02-03T08:40:11.007179 [ 7208s] BTC: $78,912.38 (4ex, +0.035%) | 15m: 0.68/0.71 | 1h: N/A | P&L: $+5.10 (24)
2026-02-03T08:41:11.090007 [ 7268s] BTC: $78,919.73 (4ex, +0.009%) | 15m: 0.72/0.75 | 1h: N/A | P&L: $+5.10 (24)
2026-02-03T08:42:11.166474 [ 7328s] BTC: $78,922.10 (4ex, +0.003%) | 15m: 0.81/0.83 | 1h: N/A | P&L: $+5.10 (24)
2026-02-03T08:43:11.242407 [ 7388s] BTC: $78,930.04 (4ex, +0.010%) | 15m: 0.82/0.85 | 1h: N/A | P&L: $+5.10 (24)
2026-02-03T08:44:11.315846 [ 7449s] BTC: $78,947.80 (4ex, +0.025%) | 15m: 0.96/0.98 | 1h: N/A | P&L: $+5.10 (24)
2026-02-03T08:45:02.387291 [ 7500s] 💾 Checkpoint
2026-02-03T08:45:11.404034 [ 7509s] BTC: $78,914.00 (4ex, -0.043%) | 15m: 0.99/1.00 | 1h: N/A | P&L: $+5.10 (24)
2026-02-03T08:45:16.412138 [ 7514s] 🔄 15M transition
2026-02-03T08:45:17.413085 [ 7515s] 🔄 15M transition
2026-02-03T08:45:18.414249 [ 7516s] 🔄 15M transition
2026-02-03T08:45:19.415552 [ 7517s] 🔄 15M transition
2026-02-03T08:45:20.417099 [ 7518s] 🔄 15M transition
2026-02-03T08:46:11.473656 [ 7569s] BTC: $78,912.80 (4ex, -0.002%) | 15m: 0.37/0.40 | 1h: N/A | P&L: $+5.10 (24)
2026-02-03T08:47:11.556493 [ 7629s] BTC: $78,935.57 (4ex, +0.029%) | 15m: 0.47/0.51 | 1h: N/A | P&L: $+5.10 (24)
2026-02-03T08:48:11.627864 [ 7689s] BTC: $78,932.21 (4ex, -0.004%) | 15m: 0.41/0.44 | 1h: N/A | P&L: $+5.10 (24)
2026-02-03T08:49:11.706462 [ 7749s] BTC: $78,858.33 (4ex, -0.094%) | 15m: 0.31/0.35 | 1h: N/A | P&L: $+5.10 (24)
2026-02-03T08:50:02.393322 [ 7800s] 💾 Checkpoint
2026-02-03T08:50:06.769281 [ 7804s] 📉 15M MEAN-REV: K@0.16 (extreme low) + BTC stable → YES
2026-02-03T08:50:11.776460 [ 7809s] BTC: $78,849.55 (4ex, -0.011%) | 15m: 0.12/0.16 | 1h: N/A | P&L: $+5.10 (24)
2026-02-03T08:50:23.798664 [ 7821s] ❌ 15M mean_reversion_low CLOSE (STOP(-25%)): $-0.60 | Total: $+4.50
2026-02-03T08:51:11.852207 [ 7869s] BTC: $78,820.90 (4ex, -0.036%) | 15m: 0.09/0.12 | 1h: N/A | P&L: $+4.50 (25)
2026-02-03T08:51:23.865462 [ 7881s] 📉 15M MEAN-REV: K@0.10 (extreme low) + BTC stable → YES
2026-02-03T08:52:11.935266 [ 7929s] BTC: $78,802.78 (4ex, -0.022%) | 15m: 0.08/0.09 | 1h: N/A | P&L: $+4.50 (25)
2026-02-03T08:52:55.000267 [ 7972s] ❌ 15M mean_reversion_low CLOSE (STOP(-25%)): $-0.50 | Total: $+4.00
2026-02-03T08:53:12.019780 [ 7989s] BTC: $78,772.25 (4ex, -0.039%) | 15m: 0.05/0.06 | 1h: N/A | P&L: $+4.00 (26)
2026-02-03T08:53:55.063601 [ 8032s] 📉 15M MEAN-REV: K@0.05 (extreme low) + BTC stable → YES
2026-02-03T08:54:12.090692 [ 8049s] BTC: $78,718.48 (4ex, -0.068%) | 15m: 0.04/0.05 | 1h: N/A | P&L: $+4.00 (26)
2026-02-03T08:54:25.109209 [ 8062s] ❌ 15M mean_reversion_low CLOSE (STOP(-25%)): $-0.30 | Total: $+3.70
2026-02-03T08:55:02.398401 [ 8100s] 💾 Checkpoint
2026-02-03T08:55:12.159691 [ 8109s] BTC: $78,696.12 (4ex, -0.028%) | 15m: 0.01/0.04 | 1h: N/A | P&L: $+3.70 (27)
2026-02-03T08:56:12.225255 [ 8169s] BTC: $78,636.99 (4ex, -0.075%) | 15m: 0.00/0.01 | 1h: N/A | P&L: $+3.70 (27)
2026-02-03T08:57:12.291194 [ 8230s] BTC: $78,656.96 (4ex, +0.025%) | 15m: 0.00/0.01 | 1h: N/A | P&L: $+3.70 (27)
2026-02-03T08:58:12.366207 [ 8290s] BTC: $78,664.89 (4ex, +0.014%) | 15m: 0.00/0.01 | 1h: N/A | P&L: $+3.70 (27)
2026-02-03T08:59:12.431661 [ 8350s] BTC: $78,681.47 (4ex, +0.021%) | 15m: 0.00/0.01 | 1h: N/A | P&L: $+3.70 (27)
2026-02-03T09:00:02.406850 [ 8400s] 💾 Checkpoint
2026-02-03T09:00:12.505657 [ 8410s] BTC: $78,677.45 (4ex, -0.005%) | 15m: 0.00/0.01 | 1h: N/A | P&L: $+3.70 (27)
2026-02-03T09:00:28.525334 [ 8426s] 🔄 15M transition
2026-02-03T09:00:29.527024 [ 8427s] 🔄 15M transition
2026-02-03T09:00:30.528138 [ 8428s] 🔄 15M transition
2026-02-03T09:00:31.529260 [ 8429s] 🔄 15M transition
2026-02-03T09:00:32.532069 [ 8430s] 🔄 15M transition
2026-02-03T09:01:12.575624 [ 8470s] BTC: $78,732.11 (4ex, +0.046%) | 15m: 0.59/0.64 | 1h: N/A | P&L: $+3.70 (27)
2026-02-03T09:02:12.641905 [ 8530s] BTC: $78,756.70 (4ex, +0.031%) | 15m: 0.66/0.69 | 1h: N/A | P&L: $+3.70 (27)
2026-02-03T09:03:12.708585 [ 8590s] BTC: $78,667.53 (4ex, -0.106%) | 15m: 0.44/0.48 | 1h: N/A | P&L: $+3.70 (27)
2026-02-03T09:04:12.773287 [ 8650s] BTC: $78,694.89 (4ex, +0.038%) | 15m: 0.55/0.59 | 1h: N/A | P&L: $+3.70 (27)
2026-02-03T09:05:02.410498 [ 8700s] 💾 Checkpoint
2026-02-03T09:05:12.841664 [ 8710s] BTC: $78,695.41 (4ex, +0.001%) | 15m: 0.47/0.51 | 1h: N/A | P&L: $+3.70 (27)
2026-02-03T09:06:12.905079 [ 8770s] BTC: $78,738.76 (4ex, +0.055%) | 15m: 0.74/0.75 | 1h: N/A | P&L: $+3.70 (27)
2026-02-03T09:07:12.977893 [ 8830s] BTC: $78,709.22 (4ex, -0.038%) | 15m: 0.69/0.73 | 1h: N/A | P&L: $+3.70 (27)
2026-02-03T09:08:13.064329 [ 8890s] BTC: $78,695.44 (4ex, -0.015%) | 15m: 0.52/0.57 | 1h: N/A | P&L: $+3.70 (27)
2026-02-03T09:09:13.139887 [ 8950s] BTC: $78,696.37 (4ex, +0.001%) | 15m: 0.58/0.61 | 1h: N/A | P&L: $+3.70 (27)
2026-02-03T09:10:02.415268 [ 9000s] 💾 Checkpoint
2026-02-03T09:10:13.212107 [ 9010s] BTC: $78,641.38 (4ex, -0.071%) | 15m: 0.41/0.43 | 1h: N/A | P&L: $+3.70 (27)
2026-02-03T09:11:13.275247 [ 9070s] BTC: $78,563.50 (4ex, -0.007%) | 15m: 0.07/0.08 | 1h: N/A | P&L: $+3.70 (27)
2026-02-03T09:12:13.338288 [ 9131s] BTC: $78,342.87 (4ex, +0.026%) | 15m: 0.00/0.01 | 1h: N/A | P&L: $+3.70 (27)
2026-02-03T09:13:13.405559 [ 9191s] BTC: $78,160.67 (4ex, -0.105%) | 15m: 0.00/0.01 | 1h: N/A | P&L: $+3.70 (27)
2026-02-03T09:14:13.469993 [ 9251s] BTC: $78,188.45 (4ex, +0.033%) | 15m: 0.00/0.01 | 1h: N/A | P&L: $+3.70 (27)
2026-02-03T09:15:02.420511 [ 9300s] 💾 Checkpoint
2026-02-03T09:15:10.529288 [ 9308s] 🔄 15M transition
2026-02-03T09:15:11.530036 [ 9309s] 🔄 15M transition
2026-02-03T09:15:12.531293 [ 9310s] 🔄 15M transition
2026-02-03T09:15:13.531857 [ 9311s] 🔄 15M transition
2026-02-03T09:15:13.531940 [ 9311s] BTC: $78,164.57 (4ex, +0.015%) | 15m: 0.45/0.50 | 1h: N/A | P&L: $+3.70 (27)
2026-02-03T09:15:14.532700 [ 9312s] 🔄 15M transition
2026-02-03T09:16:13.598008 [ 9371s] 🎯 15M DELAY: BTC -0.150% K +0.0% → NO@$0.55
2026-02-03T09:16:13.598612 [ 9371s] BTC: $78,074.00 (4ex, -0.150%) | 15m: 0.45/0.48 | 1h: N/A | P&L: $+3.70 (27)
2026-02-03T09:17:06.677779 [ 9424s] ✅ 15M delay_arb CLOSE (PROFIT): $+2.10 | Total: $+5.80
2026-02-03T09:17:13.686101 [ 9431s] BTC: $78,244.24 (4ex, +0.092%) | 15m: 0.62/0.66 | 1h: N/A | P&L: $+5.80 (28)
2026-02-03T09:18:13.766703 [ 9491s] BTC: $78,240.69 (4ex, -0.062%) | 15m: 0.59/0.62 | 1h: N/A | P&L: $+5.80 (28)
2026-02-03T09:19:13.825548 [ 9551s] BTC: $78,234.33 (4ex, +0.016%) | 15m: 0.61/0.62 | 1h: N/A | P&L: $+5.80 (28)
2026-02-03T09:20:02.426651 [ 9600s] 💾 Checkpoint
2026-02-03T09:20:13.893165 [ 9611s] BTC: $78,297.69 (4ex, +0.038%) | 15m: 0.73/0.75 | 1h: N/A | P&L: $+5.80 (28)
2026-02-03T09:21:13.968871 [ 9671s] BTC: $78,238.32 (4ex, -0.074%) | 15m: 0.64/0.68 | 1h: N/A | P&L: $+5.80 (28)
2026-02-03T09:22:14.047228 [ 9731s] BTC: $78,244.50 (4ex, -0.050%) | 15m: 0.63/0.67 | 1h: N/A | P&L: $+5.80 (28)
2026-02-03T09:23:14.126155 [ 9791s] BTC: $78,165.13 (4ex, -0.125%) | 15m: 0.38/0.41 | 1h: N/A | P&L: $+5.80 (28)
2026-02-03T09:24:14.190545 [ 9851s] BTC: $78,118.54 (4ex, -0.035%) | 15m: 0.25/0.28 | 1h: N/A | P&L: $+5.80 (28)
2026-02-03T09:24:44.219560 [ 9881s] 📉 15M MEAN-REV: K@0.17 (extreme low) + BTC stable → YES
2026-02-03T09:25:02.432906 [ 9900s] 💾 Checkpoint
2026-02-03T09:25:11.260849 [ 9908s] ❌ 15M mean_reversion_low CLOSE (STOP(-25%)): $-1.00 | Total: $+4.80
2026-02-03T09:25:14.264614 [ 9911s] BTC: $78,017.44 (4ex, -0.006%) | 15m: 0.07/0.09 | 1h: N/A | P&L: $+4.80 (29)
2026-02-03T09:26:14.337522 [ 9972s] BTC: $77,960.31 (4ex, -0.041%) | 15m: 0.03/0.05 | 1h: N/A | P&L: $+4.80 (29)
2026-02-03T09:27:14.412108 [10032s] BTC: $77,978.19 (4ex, +0.023%) | 15m: 0.02/0.04 | 1h: N/A | P&L: $+4.80 (29)
2026-02-03T09:28:14.472197 [10092s] BTC: $77,941.86 (4ex, -0.005%) | 15m: 0.00/0.01 | 1h: N/A | P&L: $+4.80 (29)
2026-02-03T09:29:14.539709 [10152s] BTC: $77,932.53 (4ex, -0.012%) | 15m: 0.00/0.01 | 1h: N/A | P&L: $+4.80 (29)
2026-02-03T09:30:02.439257 [10200s] 💾 Checkpoint
2026-02-03T09:30:13.608501 [10211s] 🔄 15M transition
2026-02-03T09:30:14.610355 [10212s] 🔄 15M transition
2026-02-03T09:30:14.610450 [10212s] BTC: $77,925.74 (4ex, -0.004%) | 15m: 0.50/0.55 | 1h: N/A | P&L: $+4.80 (29)
2026-02-03T09:30:15.611105 [10213s] 🔄 15M transition
2026-02-03T09:30:16.611821 [10214s] 🔄 15M transition
2026-02-03T09:30:17.613390 [10215s] 🔄 15M transition
2026-02-03T09:31:14.675164 [10272s] BTC: $77,956.59 (4ex, +0.047%) | 15m: 0.59/0.62 | 1h: N/A | P&L: $+4.80 (29)
2026-02-03T09:32:14.738316 [10332s] BTC: $78,007.38 (4ex, -0.001%) | 15m: 0.71/0.72 | 1h: N/A | P&L: $+4.80 (29)
2026-02-03T09:33:14.803708 [10392s] BTC: $78,050.19 (4ex, -0.030%) | 15m: 0.78/0.81 | 1h: N/A | P&L: $+4.80 (29)
2026-02-03T09:34:14.869268 [10452s] BTC: $78,053.74 (4ex, -0.004%) | 15m: 0.80/0.82 | 1h: N/A | P&L: $+4.80 (29)
2026-02-03T09:34:15.870420 [10453s] 📈 15M MEAN-REV: K@0.81 (extreme high) + BTC stable → NO
2026-02-03T09:34:45.917298 [10483s] ✅ 15M mean_reversion_high CLOSE (PROFIT): $+0.70 | Total: $+5.50
2026-02-03T09:35:02.445191 [10500s] 💾 Checkpoint
2026-02-03T09:35:14.951695 [10512s] BTC: $78,101.22 (4ex, +0.059%) | 15m: 0.86/0.88 | 1h: N/A | P&L: $+5.50 (30)
2026-02-03T09:36:15.031974 [10572s] BTC: $78,272.37 (4ex, +0.083%) | 15m: 0.95/0.97 | 1h: N/A | P&L: $+5.50 (30)
2026-02-03T09:36:30.046514 [10587s] 📈 15M MEAN-REV: K@0.95 (extreme high) + BTC stable → NO
2026-02-03T09:36:30.047162 [10587s] ✅ 15M mean_reversion_high CLOSE (PROFIT): $+0.20 | Total: $+5.70
2026-02-03T09:37:15.114063 [10632s] BTC: $78,264.50 (4ex, -0.022%) | 15m: 0.95/0.96 | 1h: N/A | P&L: $+5.70 (31)
2026-02-03T09:37:30.131165 [10647s] 📈 15M MEAN-REV: K@0.94 (extreme high) + BTC stable → NO
2026-02-03T09:37:30.131764 [10647s] ✅ 15M mean_reversion_high CLOSE (PROFIT): $+0.20 | Total: $+5.90
2026-02-03T09:38:15.187572 [10692s] BTC: $78,241.90 (4ex, -0.028%) | 15m: 0.94/0.97 | 1h: N/A | P&L: $+5.90 (32)
2026-02-03T09:38:30.203259 [10707s] 📈 15M MEAN-REV: K@0.95 (extreme high) + BTC stable → NO
2026-02-03T09:38:30.203861 [10707s] ✅ 15M mean_reversion_high CLOSE (PROFIT): $+0.20 | Total: $+6.10
2026-02-03T09:39:15.259632 [10752s] BTC: $78,229.80 (4ex, -0.015%) | 15m: 0.96/0.97 | 1h: N/A | P&L: $+6.10 (33)
2026-02-03T09:39:30.278034 [10768s] 📈 15M MEAN-REV: K@0.96 (extreme high) + BTC stable → NO
2026-02-03T09:39:30.278646 [10768s] ✅ 15M mean_reversion_high CLOSE (PROFIT): $+0.20 | Total: $+6.30
2026-02-03T09:40:02.453264 [10800s] 💾 Checkpoint
2026-02-03T09:40:15.344912 [10813s] BTC: $78,226.36 (4ex, -0.005%) | 15m: 0.97/0.98 | 1h: N/A | P&L: $+6.30 (34)
2026-02-03T09:41:15.414164 [10873s] BTC: $78,239.97 (4ex, +0.017%) | 15m: 0.98/0.99 | 1h: N/A | P&L: $+6.30 (34)
2026-02-03T09:42:15.491008 [10933s] BTC: $78,330.21 (4ex, +0.116%) | 15m: 0.99/1.00 | 1h: N/A | P&L: $+6.30 (34)
2026-02-03T09:43:15.565580 [10993s] BTC: $78,280.66 (4ex, -0.063%) | 15m: 0.99/1.00 | 1h: N/A | P&L: $+6.30 (34)
2026-02-03T09:44:15.648528 [11053s] BTC: $78,263.23 (4ex, -0.022%) | 15m: 0.98/1.00 | 1h: N/A | P&L: $+6.30 (34)
2026-02-03T09:45:02.459354 [11100s] 💾 Checkpoint
2026-02-03T09:45:15.729380 [11113s] BTC: $78,278.71 (4ex, +0.020%) | 15m: 0.98/1.00 | 1h: N/A | P&L: $+6.30 (34)
2026-02-03T09:45:20.736163 [11118s] 🔄 15M transition
2026-02-03T09:45:21.737136 [11119s] 🔄 15M transition
2026-02-03T09:45:22.738181 [11120s] 🔄 15M transition
2026-02-03T09:45:23.739430 [11121s] 🔄 15M transition
2026-02-03T09:45:24.740633 [11122s] 🔄 15M transition
2026-02-03T09:46:15.811110 [11173s] BTC: $78,261.50 (4ex, -0.022%) | 15m: 0.50/0.53 | 1h: N/A | P&L: $+6.30 (34)
2026-02-03T09:47:15.876124 [11233s] BTC: $78,252.99 (4ex, -0.011%) | 15m: 0.33/0.35 | 1h: N/A | P&L: $+6.30 (34)
2026-02-03T09:48:15.933434 [11293s] BTC: $78,224.91 (4ex, -0.034%) | 15m: 0.32/0.34 | 1h: N/A | P&L: $+6.30 (34)
2026-02-03T09:49:15.991549 [11353s] BTC: $78,188.14 (4ex, -0.047%) | 15m: 0.32/0.34 | 1h: N/A | P&L: $+6.30 (34)
2026-02-03T09:50:02.464750 [11400s] 💾 Checkpoint
2026-02-03T09:50:16.052426 [11413s] BTC: $78,205.99 (4ex, +0.023%) | 15m: 0.27/0.29 | 1h: N/A | P&L: $+6.30 (34)
2026-02-03T09:51:16.112848 [11473s] BTC: $78,209.28 (4ex, +0.004%) | 15m: 0.30/0.33 | 1h: N/A | P&L: $+6.30 (34)
2026-02-03T09:52:16.189849 [11533s] BTC: $78,267.15 (4ex, +0.073%) | 15m: 0.57/0.58 | 1h: N/A | P&L: $+6.30 (34)
2026-02-03T09:53:16.257042 [11593s] BTC: $78,305.24 (4ex, +0.049%) | 15m: 0.70/0.72 | 1h: N/A | P&L: $+6.30 (34)
2026-02-03T09:54:16.327435 [11654s] BTC: $78,358.23 (4ex, +0.069%) | 15m: 0.87/0.88 | 1h: N/A | P&L: $+6.30 (34)
2026-02-03T09:54:21.333831 [11659s] 📈 15M MEAN-REV: K@0.87 (extreme high) + BTC stable → NO
2026-02-03T09:54:25.341694 [11663s] ✅ 15M mean_reversion_high CLOSE (PROFIT): $+0.20 | Total: $+6.50
2026-02-03T09:55:02.469944 [11700s] 💾 Checkpoint
2026-02-03T09:55:16.406869 [11714s] BTC: $78,320.03 (4ex, -0.049%) | 15m: 0.76/0.80 | 1h: N/A | P&L: $+6.50 (35)
2026-02-03T09:56:16.477022 [11774s] BTC: $78,322.03 (4ex, +0.003%) | 15m: 0.79/0.82 | 1h: N/A | P&L: $+6.50 (35)
2026-02-03T09:57:16.550678 [11834s] BTC: $78,369.02 (4ex, +0.060%) | 15m: 0.93/0.94 | 1h: N/A | P&L: $+6.50 (35)
2026-02-03T09:58:16.616094 [11894s] BTC: $78,363.89 (4ex, -0.007%) | 15m: 0.98/0.99 | 1h: N/A | P&L: $+6.50 (35)
2026-02-03T09:59:16.692695 [11954s] BTC: $78,330.24 (4ex, -0.043%) | 15m: 0.97/0.99 | 1h: N/A | P&L: $+6.50 (35)
2026-02-03T10:00:02.474730 [12000s] 💾 Checkpoint
2026-02-03T10:00:16.771837 [12014s] BTC: $78,346.72 (4ex, +0.021%) | 15m: 0.98/0.99 | 1h: N/A | P&L: $+6.50 (35)
2026-02-03T10:00:28.783605 [12026s] 🔄 15M transition
2026-02-03T10:00:29.784504 [12027s] 🔄 15M transition
2026-02-03T10:00:30.785538 [12028s] 🔄 15M transition
2026-02-03T10:00:31.786750 [12029s] 🔄 15M transition
2026-02-03T10:00:32.787856 [12030s] 🔄 15M transition
2026-02-03T10:01:16.844518 [12074s] BTC: $78,345.40 (4ex, -0.002%) | 15m: 0.55/0.58 | 1h: N/A | P&L: $+6.50 (35)
2026-02-03T10:02:16.910543 [12134s] BTC: $78,314.45 (4ex, -0.036%) | 15m: 0.34/0.37 | 1h: N/A | P&L: $+6.50 (35)
2026-02-03T10:03:16.983925 [12194s] BTC: $78,391.01 (4ex, +0.098%) | 15m: 0.64/0.66 | 1h: N/A | P&L: $+6.50 (35)
2026-02-03T10:04:17.075540 [12254s] BTC: $78,418.88 (4ex, +0.036%) | 15m: 0.70/0.71 | 1h: N/A | P&L: $+6.50 (35)
2026-02-03T10:05:02.479845 [12300s] 💾 Checkpoint
2026-02-03T10:05:17.158050 [12314s] BTC: $78,401.60 (4ex, -0.022%) | 15m: 0.65/0.69 | 1h: N/A | P&L: $+6.50 (35)
2026-02-03T10:06:17.240030 [12374s] BTC: $78,405.49 (4ex, +0.008%) | 15m: 0.71/0.73 | 1h: N/A | P&L: $+6.50 (35)
2026-02-03T10:07:17.310453 [12435s] BTC: $78,447.41 (4ex, +0.044%) | 15m: 0.72/0.76 | 1h: N/A | P&L: $+6.50 (35)
2026-02-03T10:08:02.368487 [12480s] 📈 15M MEAN-REV: K@0.85 (extreme high) + BTC stable → NO
2026-02-03T10:08:17.392167 [12495s] BTC: $78,450.35 (4ex, +0.002%) | 15m: 0.85/0.86 | 1h: N/A | P&L: $+6.50 (35)
2026-02-03T10:08:32.417889 [12510s] ❌ 15M mean_reversion_high CLOSE (STOP(-25%)): $-0.40 | Total: $+6.10
2026-02-03T10:09:17.473086 [12555s] BTC: $78,422.37 (4ex, -0.036%) | 15m: 0.74/0.76 | 1h: N/A | P&L: $+6.10 (36)
2026-02-03T10:09:32.489885 [12570s] 📈 15M MEAN-REV: K@0.81 (extreme high) + BTC stable → NO
2026-02-03T10:09:32.490481 [12570s] ✅ 15M mean_reversion_high CLOSE (PROFIT): $+0.30 | Total: $+6.40
2026-02-03T10:10:02.485380 [12600s] 💾 Checkpoint
2026-02-03T10:10:17.540978 [12615s] BTC: $78,466.25 (4ex, +0.058%) | 15m: 0.93/0.94 | 1h: N/A | P&L: $+6.40 (37)
2026-02-03T10:11:17.613475 [12675s] BTC: $78,472.63 (4ex, +0.002%) | 15m: 0.95/0.96 | 1h: N/A | P&L: $+6.40 (37)
2026-02-03T10:12:17.681407 [12735s] BTC: $78,452.38 (4ex, -0.026%) | 15m: 0.94/0.96 | 1h: N/A | P&L: $+6.40 (37)
2026-02-03T10:13:17.755162 [12795s] BTC: $78,456.29 (4ex, +0.005%) | 15m: 0.98/0.99 | 1h: N/A | P&L: $+6.40 (37)
2026-02-03T10:14:17.813030 [12855s] BTC: $78,473.55 (4ex, +0.022%) | 15m: 0.99/1.00 | 1h: N/A | P&L: $+6.40 (37)
2026-02-03T10:15:02.500742 [12900s] 💾 Checkpoint
2026-02-03T10:15:05.861860 [12903s] 🔄 15M transition
2026-02-03T10:15:06.862772 [12904s] 🔄 15M transition
2026-02-03T10:15:07.863412 [12905s] 🔄 15M transition
2026-02-03T10:15:08.865643 [12906s] 🔄 15M transition
2026-02-03T10:15:09.866987 [12907s] 🔄 15M transition
2026-02-03T10:15:17.875181 [12915s] BTC: $78,480.27 (4ex, +0.009%) | 15m: 0.45/0.55 | 1h: N/A | P&L: $+6.40 (37)
2026-02-03T10:16:17.941993 [12975s] BTC: $78,488.83 (4ex, +0.011%) | 15m: 0.53/0.56 | 1h: N/A | P&L: $+6.40 (37)
2026-02-03T10:17:18.008657 [13035s] BTC: $78,463.82 (4ex, -0.032%) | 15m: 0.48/0.50 | 1h: N/A | P&L: $+6.40 (37)
2026-02-03T10:18:18.080563 [13095s] BTC: $78,470.13 (4ex, +0.008%) | 15m: 0.46/0.47 | 1h: N/A | P&L: $+6.40 (37)
2026-02-03T10:19:18.150245 [13155s] BTC: $78,414.15 (4ex, -0.071%) | 15m: 0.25/0.26 | 1h: N/A | P&L: $+6.40 (37)
2026-02-03T10:20:02.506254 [13200s] 💾 Checkpoint
2026-02-03T10:20:09.217018 [13206s] 📉 15M MEAN-REV: K@0.20 (extreme low) + BTC stable → YES
2026-02-03T10:20:18.230886 [13215s] BTC: $78,382.37 (4ex, -0.041%) | 15m: 0.18/0.20 | 1h: N/A | P&L: $+6.40 (37)
2026-02-03T10:20:38.260557 [13235s] ❌ 15M mean_reversion_low CLOSE (STOP(-25%)): $-1.00 | Total: $+5.40
2026-02-03T10:21:18.312113 [13276s] BTC: $78,378.22 (4ex, -0.004%) | 15m: 0.11/0.12 | 1h: N/A | P&L: $+5.40 (38)
2026-02-03T10:21:38.334127 [13296s] 📉 15M MEAN-REV: K@0.12 (extreme low) + BTC stable → YES
2026-02-03T10:21:39.335512 [13297s] ✅ 15M mean_reversion_low CLOSE (PROFIT): $+0.10 | Total: $+5.50
2026-02-03T10:22:18.383084 [13336s] BTC: $78,347.69 (4ex, -0.039%) | 15m: 0.09/0.10 | 1h: N/A | P&L: $+5.50 (39)
2026-02-03T10:22:39.408930 [13357s] 📉 15M MEAN-REV: K@0.10 (extreme low) + BTC stable → YES
2026-02-03T10:23:09.462074 [13387s] ✅ 15M mean_reversion_low CLOSE (PROFIT): $+1.30 | Total: $+6.80
2026-02-03T10:23:18.472301 [13396s] BTC: $78,413.34 (4ex, +0.084%) | 15m: 0.23/0.26 | 1h: N/A | P&L: $+6.80 (40)
2026-02-03T10:24:18.547831 [13456s] BTC: $78,400.90 (4ex, -0.016%) | 15m: 0.23/0.26 | 1h: N/A | P&L: $+6.80 (40)
2026-02-03T10:24:40.580056 [13478s] 📉 15M MEAN-REV: K@0.17 (extreme low) + BTC stable → YES
2026-02-03T10:25:02.514357 [13500s] 💾 Checkpoint
2026-02-03T10:25:18.647134 [13516s] BTC: $78,395.99 (4ex, -0.006%) | 15m: 0.14/0.17 | 1h: N/A | P&L: $+6.80 (40)
2026-02-03T10:26:18.745055 [13576s] BTC: $78,415.05 (4ex, +0.024%) | 15m: 0.16/0.19 | 1h: N/A | P&L: $+6.80 (40)
2026-02-03T10:27:11.841354 [13629s] ❌ 15M mean_reversion_low CLOSE (STOP(-25%)): $-0.50 | Total: $+6.30
2026-02-03T10:27:18.852370 [13636s] BTC: $78,420.20 (4ex, +0.007%) | 15m: 0.12/0.15 | 1h: N/A | P&L: $+6.30 (41)
2026-02-03T10:28:18.929556 [13696s] BTC: $78,406.73 (4ex, -0.017%) | 15m: 0.03/0.04 | 1h: N/A | P&L: $+6.30 (41)
2026-02-03T10:29:19.009938 [13756s] BTC: $78,423.59 (4ex, +0.021%) | 15m: 0.02/0.15 | 1h: N/A | P&L: $+6.30 (41)
2026-02-03T10:30:02.523864 [13800s] 💾 Checkpoint
2026-02-03T10:30:13.077531 [13810s] 🔄 15M transition
2026-02-03T10:30:14.079079 [13811s] 🔄 15M transition
2026-02-03T10:30:15.080548 [13812s] 🔄 15M transition
2026-02-03T10:30:16.081259 [13813s] 🔄 15M transition
2026-02-03T10:30:17.082222 [13814s] 🔄 15M transition
2026-02-03T10:30:19.084951 [13816s] BTC: $78,373.76 (4ex, -0.064%) | 15m: 0.45/0.55 | 1h: N/A | P&L: $+6.30 (41)
2026-02-03T10:31:19.159227 [13876s] BTC: $78,324.02 (4ex, -0.055%) | 15m: 0.18/0.19 | 1h: N/A | P&L: $+6.30 (41)
2026-02-03T10:31:40.190656 [13897s] 📉 15M MEAN-REV: K@0.19 (extreme low) + BTC stable → YES
2026-02-03T10:32:14.249949 [13931s] ❌ 15M mean_reversion_low CLOSE (STOP(-25%)): $-0.90 | Total: $+5.40
2026-02-03T10:32:19.256935 [13936s] BTC: $78,277.91 (4ex, -0.059%) | 15m: 0.10/0.12 | 1h: N/A | P&L: $+5.40 (42)
2026-02-03T10:33:19.333549 [13997s] BTC: $78,205.37 (4ex, -0.093%) | 15m: 0.04/0.05 | 1h: N/A | P&L: $+5.40 (42)
2026-02-03T10:34:04.378008 [14042s] 📉 15M MEAN-REV: K@0.06 (extreme low) + BTC stable → YES
2026-02-03T10:34:15.392979 [14053s] ❌ 15M mean_reversion_low CLOSE (STOP(-25%)): $-0.40 | Total: $+5.00
2026-02-03T10:34:19.396160 [14057s] BTC: $78,180.34 (4ex, -0.032%) | 15m: 0.02/0.04 | 1h: N/A | P&L: $+5.00 (43)
2026-02-03T10:35:02.529752 [14100s] 💾 Checkpoint
2026-02-03T10:35:15.457210 [14113s] 📉 15M MEAN-REV: K@0.04 (extreme low) + BTC stable → YES
2026-02-03T10:35:15.457923 [14113s] ❌ 15M mean_reversion_low CLOSE (STOP(-25%)): $-0.30 | Total: $+4.70
2026-02-03T10:35:19.462753 [14117s] BTC: $78,180.21 (4ex, -0.000%) | 15m: 0.01/0.04 | 1h: N/A | P&L: $+4.70 (44)
2026-02-03T10:36:19.522658 [14177s] BTC: $78,140.78 (4ex, -0.072%) | 15m: 0.02/0.05 | 1h: N/A | P&L: $+4.70 (44)
2026-02-03T10:36:47.550488 [14205s] 📉 15M MEAN-REV: K@0.04 (extreme low) + BTC stable → YES
2026-02-03T10:36:47.551122 [14205s] ❌ 15M mean_reversion_low CLOSE (STOP(-25%)): $-0.20 | Total: $+4.50
2026-02-03T10:37:19.583508 [14237s] BTC: $78,093.09 (4ex, -0.064%) | 15m: 0.01/0.04 | 1h: N/A | P&L: $+4.50 (45)
2026-02-03T10:37:47.607560 [14265s] 📉 15M MEAN-REV: K@0.04 (extreme low) + BTC stable → YES
2026-02-03T10:37:47.608143 [14265s] ❌ 15M mean_reversion_low CLOSE (STOP(-25%)): $-0.30 | Total: $+4.20
2026-02-03T10:38:19.649516 [14297s] BTC: $78,131.30 (4ex, +0.049%) | 15m: 0.02/0.04 | 1h: N/A | P&L: $+4.20 (46)
2026-02-03T10:38:47.680103 [14325s] 📉 15M MEAN-REV: K@0.05 (extreme low) + BTC stable → YES
2026-02-03T10:38:47.680624 [14325s] ❌ 15M mean_reversion_low CLOSE (STOP(-25%)): $-0.30 | Total: $+3.90
2026-02-03T10:39:19.710692 [14357s] BTC: $78,186.44 (4ex, +0.071%) | 15m: 0.02/0.05 | 1h: N/A | P&L: $+3.90 (47)
2026-02-03T10:39:47.739161 [14385s] 📉 15M MEAN-REV: K@0.06 (extreme low) + BTC stable → YES
2026-02-03T10:39:47.739675 [14385s] ❌ 15M mean_reversion_low CLOSE (STOP(-25%)): $-0.50 | Total: $+3.40
2026-02-03T10:40:02.537940 [14400s] 💾 Checkpoint
2026-02-03T10:40:19.775465 [14417s] BTC: $78,157.66 (4ex, -0.037%) | 15m: 0.01/0.03 | 1h: N/A | P&L: $+3.40 (48)
2026-02-03T10:41:19.839622 [14477s] BTC: $78,143.70 (4ex, -0.019%) | 15m: 0.00/0.01 | 1h: N/A | P&L: $+3.40 (48)
2026-02-03T10:42:19.901158 [14537s] BTC: $78,105.87 (4ex, -0.042%) | 15m: 0.00/0.01 | 1h: N/A | P&L: $+3.40 (48)
2026-02-03T10:43:19.964231 [14597s] BTC: $78,102.32 (4ex, -0.005%) | 15m: 0.00/0.01 | 1h: N/A | P&L: $+3.40 (48)
2026-02-03T10:44:20.034176 [14657s] BTC: $78,109.08 (4ex, +0.009%) | 15m: 0.00/0.01 | 1h: N/A | P&L: $+3.40 (48)
2026-02-03T10:45:02.545568 [14700s] 💾 Checkpoint
2026-02-03T10:45:20.100206 [14717s] 🔄 15M transition
2026-02-03T10:45:20.100298 [14717s] BTC: $78,095.90 (4ex, -0.017%) | 15m: 0.45/0.55 | 1h: N/A | P&L: $+3.40 (48)
2026-02-03T10:45:21.101557 [14718s] 🔄 15M transition
2026-02-03T10:45:22.102982 [14719s] 🔄 15M transition
2026-02-03T10:45:23.104466 [14720s] 🔄 15M transition
2026-02-03T10:45:24.105219 [14721s] 🔄 15M transition
2026-02-03T10:45:25.106867 [14722s] 🔄 15M transition
2026-02-03T10:46:20.166554 [14777s] BTC: $78,101.80 (4ex, +0.022%) | 15m: 0.39/0.41 | 1h: N/A | P&L: $+3.40 (48)
2026-02-03T10:47:20.239462 [14837s] BTC: $78,140.73 (4ex, +0.050%) | 15m: 0.64/0.67 | 1h: N/A | P&L: $+3.40 (48)
2026-02-03T10:48:20.316969 [14898s] BTC: $78,138.07 (4ex, -0.003%) | 15m: 0.71/0.72 | 1h: N/A | P&L: $+3.40 (48)
2026-02-03T10:49:20.397227 [14958s] BTC: $78,152.50 (4ex, +0.018%) | 15m: 0.66/0.69 | 1h: N/A | P&L: $+3.40 (48)
2026-02-03T10:50:02.567111 [15000s] 💾 Checkpoint
2026-02-03T10:50:20.472213 [15018s] BTC: $78,140.32 (4ex, -0.016%) | 15m: 0.64/0.67 | 1h: N/A | P&L: $+3.40 (48)
2026-02-03T10:51:20.541729 [15078s] BTC: $78,092.73 (4ex, -0.061%) | 15m: 0.65/0.66 | 1h: N/A | P&L: $+3.40 (48)
2026-02-03T10:52:20.609235 [15138s] BTC: $78,074.06 (4ex, -0.036%) | 15m: 0.47/0.50 | 1h: N/A | P&L: $+3.40 (48)
2026-02-03T10:53:20.684551 [15198s] BTC: $78,032.09 (4ex, -0.054%) | 15m: 0.26/0.27 | 1h: N/A | P&L: $+3.40 (48)
2026-02-03T10:53:24.690061 [15202s] 📉 15M MEAN-REV: K@0.20 (extreme low) + BTC stable → YES
2026-02-03T10:54:20.778073 [15258s] BTC: $78,033.99 (4ex, -0.007%) | 15m: 0.16/0.18 | 1h: N/A | P&L: $+3.40 (48)
2026-02-03T10:54:55.834357 [15293s] ✅ 15M mean_reversion_low CLOSE (PROFIT): $+0.60 | Total: $+4.00
2026-02-03T10:55:02.575972 [15300s] 💾 Checkpoint
2026-02-03T10:55:20.864267 [15318s] BTC: $78,036.75 (4ex, +0.001%) | 15m: 0.26/0.29 | 1h: N/A | P&L: $+4.00 (49)
2026-02-03T10:56:20.929837 [15378s] BTC: $78,035.28 (4ex, +0.000%) | 15m: 0.09/0.11 | 1h: N/A | P&L: $+4.00 (49)
2026-02-03T10:57:21.005013 [15438s] BTC: $78,035.38 (4ex, +0.000%) | 15m: 0.10/0.12 | 1h: N/A | P&L: $+4.00 (49)
2026-02-03T10:58:21.080870 [15498s] BTC: $78,041.20 (4ex, +0.007%) | 15m: 0.06/0.07 | 1h: N/A | P&L: $+4.00 (49)
2026-02-03T10:59:21.159116 [15558s] BTC: $78,036.55 (4ex, -0.006%) | 15m: 0.00/0.01 | 1h: N/A | P&L: $+4.00 (49)
2026-02-03T11:00:02.586307 [15600s] 💾 Checkpoint
2026-02-03T11:00:21.228455 [15618s] BTC: $78,078.38 (4ex, +0.054%) | 15m: 0.00/0.01 | 1h: N/A | P&L: $+4.00 (49)
2026-02-03T11:00:28.236633 [15625s] 🔄 15M transition
2026-02-03T11:00:29.238039 [15626s] 🔄 15M transition
2026-02-03T11:00:30.240498 [15627s] 🔄 15M transition
2026-02-03T11:00:31.242138 [15628s] 🔄 15M transition
2026-02-03T11:00:32.243230 [15629s] 🔄 15M transition
2026-02-03T11:01:21.299666 [15679s] BTC: $78,069.41 (4ex, -0.013%) | 15m: 0.56/0.61 | 1h: N/A | P&L: $+4.00 (49)
2026-02-03T11:02:21.372604 [15739s] BTC: $78,073.97 (4ex, +0.006%) | 15m: 0.69/0.70 | 1h: N/A | P&L: $+4.00 (49)
2026-02-03T11:03:21.445020 [15799s] BTC: $78,043.73 (4ex, -0.039%) | 15m: 0.63/0.64 | 1h: N/A | P&L: $+4.00 (49)
2026-02-03T11:04:21.521957 [15859s] BTC: $78,068.59 (4ex, -0.047%) | 15m: 0.63/0.66 | 1h: N/A | P&L: $+4.00 (49)
2026-02-03T11:05:02.595878 [15900s] 💾 Checkpoint
2026-02-03T11:05:21.626098 [15919s] BTC: $78,169.87 (4ex, +0.139%) | 15m: 0.79/0.82 | 1h: N/A | P&L: $+4.00 (49)
2026-02-03T11:05:52.654576 [15950s] 📈 15M MEAN-REV: K@0.86 (extreme high) + BTC stable → NO
2026-02-03T11:06:21.705556 [15979s] BTC: $78,164.48 (4ex, -0.007%) | 15m: 0.85/0.86 | 1h: N/A | P&L: $+4.00 (49)
2026-02-03T11:06:31.720124 [15989s] ✅ 15M mean_reversion_high CLOSE (PROFIT): $+0.20 | Total: $+4.20
2026-02-03T11:07:21.772327 [16039s] BTC: $78,150.24 (4ex, -0.018%) | 15m: 0.85/0.88 | 1h: N/A | P&L: $+4.20 (50)
2026-02-03T11:07:31.783175 [16049s] 📈 15M MEAN-REV: K@0.86 (extreme high) + BTC stable → NO
2026-02-03T11:08:02.832745 [16080s] ❌ 15M mean_reversion_high CLOSE (STOP(-25%)): $-1.50 | Total: $+2.70
2026-02-03T11:08:21.851173 [16099s] BTC: $78,084.66 (4ex, -0.084%) | 15m: 0.67/0.71 | 1h: N/A | P&L: $+2.70 (51)
2026-02-03T11:09:21.916193 [16159s] BTC: $78,108.34 (4ex, +0.030%) | 15m: 0.78/0.82 | 1h: N/A | P&L: $+2.70 (51)
2026-02-03T11:10:02.602320 [16200s] 💾 Checkpoint
2026-02-03T11:10:21.987272 [16219s] BTC: $78,134.77 (4ex, +0.034%) | 15m: 0.83/0.84 | 1h: N/A | P&L: $+2.70 (51)
2026-02-03T11:11:22.057634 [16279s] BTC: $78,149.79 (4ex, +0.019%) | 15m: 0.88/0.92 | 1h: N/A | P&L: $+2.70 (51)
2026-02-03T11:12:22.119722 [16339s] BTC: $78,135.04 (4ex, -0.019%) | 15m: 0.90/0.92 | 1h: N/A | P&L: $+2.70 (51)
2026-02-03T11:13:22.191295 [16399s] BTC: $78,149.25 (4ex, +0.018%) | 15m: 0.97/0.98 | 1h: N/A | P&L: $+2.70 (51)
2026-02-03T11:14:22.265968 [16459s] BTC: $78,165.54 (4ex, +0.021%) | 15m: 0.99/1.00 | 1h: N/A | P&L: $+2.70 (51)
2026-02-03T11:15:02.611139 [16500s] 💾 Checkpoint
2026-02-03T11:15:06.318637 [16504s] 🔄 15M transition
2026-02-03T11:15:07.320049 [16505s] 🔄 15M transition
2026-02-03T11:15:08.321528 [16506s] 🔄 15M transition
2026-02-03T11:15:09.324202 [16507s] 🔄 15M transition
2026-02-03T11:15:10.325709 [16508s] 🔄 15M transition
2026-02-03T11:15:22.339548 [16520s] BTC: $78,163.40 (4ex, -0.003%) | 15m: 0.45/0.55 | 1h: N/A | P&L: $+2.70 (51)
2026-02-03T11:16:22.413697 [16580s] BTC: $78,117.72 (4ex, -0.058%) | 15m: 0.36/0.38 | 1h: N/A | P&L: $+2.70 (51)
2026-02-03T11:17:22.482677 [16640s] BTC: $78,139.54 (4ex, +0.031%) | 15m: 0.39/0.40 | 1h: N/A | P&L: $+2.70 (51)
2026-02-03T11:18:22.556187 [16700s] BTC: $78,171.69 (4ex, +0.041%) | 15m: 0.55/0.58 | 1h: N/A | P&L: $+2.70 (51)
2026-02-03T11:19:22.622700 [16760s] BTC: $78,120.44 (4ex, -0.066%) | 15m: 0.35/0.39 | 1h: N/A | P&L: $+2.70 (51)
2026-02-03T11:20:02.617096 [16800s] 💾 Checkpoint
2026-02-03T11:20:22.692951 [16820s] BTC: $78,045.59 (4ex, -0.096%) | 15m: 0.19/0.21 | 1h: N/A | P&L: $+2.70 (51)
2026-02-03T11:20:37.713856 [16835s] 📉 15M MEAN-REV: K@0.21 (extreme low) + BTC stable → YES
2026-02-03T11:20:38.716688 [16836s] ❌ 15M mean_reversion_low CLOSE (STOP(-25%)): $-0.60 | Total: $+2.10
2026-02-03T11:21:22.768377 [16880s] BTC: $78,082.00 (4ex, +0.047%) | 15m: 0.22/0.24 | 1h: N/A | P&L: $+2.10 (52)
2026-02-03T11:21:38.789898 [16896s] 📉 15M MEAN-REV: K@0.20 (extreme low) + BTC stable → YES
2026-02-03T11:22:22.867526 [16940s] BTC: $78,090.46 (4ex, +0.011%) | 15m: 0.20/0.22 | 1h: N/A | P&L: $+2.10 (52)
2026-02-03T11:23:09.952356 [16987s] ❌ 15M mean_reversion_low CLOSE (STOP(-25%)): $-0.90 | Total: $+1.20
2026-02-03T11:23:22.968050 [17000s] BTC: $78,071.54 (4ex, -0.024%) | 15m: 0.11/0.14 | 1h: N/A | P&L: $+1.20 (53)
2026-02-03T11:24:10.026888 [17047s] 📉 15M MEAN-REV: K@0.12 (extreme low) + BTC stable → YES
2026-02-03T11:24:23.048612 [17060s] BTC: $78,091.12 (4ex, +0.025%) | 15m: 0.10/0.12 | 1h: N/A | P&L: $+1.20 (53)
2026-02-03T11:24:41.078673 [17078s] ✅ 15M mean_reversion_low CLOSE (PROFIT): $+0.10 | Total: $+1.30
2026-02-03T11:25:02.631753 [17100s] 💾 Checkpoint
2026-02-03T11:25:23.134104 [17120s] BTC: $78,086.37 (4ex, -0.006%) | 15m: 0.09/0.11 | 1h: N/A | P&L: $+1.30 (54)
2026-02-03T11:26:23.212891 [17180s] BTC: $77,978.88 (4ex, -0.137%) | 15m: 0.03/0.04 | 1h: N/A | P&L: $+1.30 (54)
2026-02-03T11:27:23.281309 [17241s] BTC: $77,982.49 (4ex, +0.005%) | 15m: 0.01/0.02 | 1h: N/A | P&L: $+1.30 (54)
2026-02-03T11:28:23.353016 [17301s] BTC: $77,993.66 (4ex, +0.014%) | 15m: 0.00/0.01 | 1h: N/A | P&L: $+1.30 (54)
2026-02-03T11:29:23.431368 [17361s] BTC: $77,984.00 (4ex, -0.012%) | 15m: 0.00/0.01 | 1h: N/A | P&L: $+1.30 (54)
2026-02-03T11:30:02.639403 [17400s] 💾 Checkpoint
2026-02-03T11:30:13.504397 [17411s] 🔄 15M transition
2026-02-03T11:30:14.505214 [17412s] 🔄 15M transition
2026-02-03T11:30:15.507333 [17413s] 🔄 15M transition
2026-02-03T11:30:16.509071 [17414s] 🔄 15M transition
2026-02-03T11:30:17.510512 [17415s] 🔄 15M transition
2026-02-03T11:30:23.519600 [17421s] BTC: $77,992.43 (4ex, +0.011%) | 15m: 0.55/0.58 | 1h: N/A | P&L: $+1.30 (54)
2026-02-03T11:31:23.590916 [17481s] BTC: $77,984.24 (4ex, -0.011%) | 15m: 0.54/0.56 | 1h: N/A | P&L: $+1.30 (54)
2026-02-03T11:32:23.669306 [17541s] BTC: $77,949.26 (4ex, -0.045%) | 15m: 0.35/0.37 | 1h: N/A | P&L: $+1.30 (54)
2026-02-03T11:33:23.735873 [17601s] BTC: $78,029.06 (4ex, +0.102%) | 15m: 0.69/0.70 | 1h: N/A | P&L: $+1.30 (54)
2026-02-03T11:33:38.755576 [17616s] 🎯 15M DELAY: BTC +0.151% K +0.0% → YES@$0.70
2026-02-03T11:33:44.763561 [17622s] ✅ 15M delay_arb CLOSE (PROFIT): $+1.30 | Total: $+2.60
2026-02-03T11:34:23.811048 [17661s] BTC: $78,060.16 (4ex, -0.009%) | 15m: 0.76/0.77 | 1h: N/A | P&L: $+2.60 (55)
2026-02-03T11:35:02.648474 [17700s] 💾 Checkpoint
2026-02-03T11:35:23.879510 [17721s] BTC: $78,133.35 (4ex, +0.094%) | 15m: 0.85/0.88 | 1h: N/A | P&L: $+2.60 (55)
2026-02-03T11:35:24.879947 [17722s] 🎯 15M DELAY: BTC +0.150% K +0.0% → YES@$0.88
2026-02-03T11:36:23.963635 [17781s] BTC: $78,145.38 (4ex, +0.015%) | 15m: 0.87/0.89 | 1h: N/A | P&L: $+2.60 (55)
2026-02-03T11:37:24.052694 [17841s] BTC: $78,181.09 (4ex, +0.046%) | 15m: 0.93/0.94 | 1h: N/A | P&L: $+2.60 (55)
2026-02-03T11:38:24.146448 [17901s] BTC: $78,181.75 (4ex, +0.001%) | 15m: 0.94/0.97 | 1h: N/A | P&L: $+2.60 (55)
2026-02-03T11:39:24.245388 [17961s] BTC: $78,144.90 (4ex, -0.047%) | 15m: 0.91/0.95 | 1h: N/A | P&L: $+2.60 (55)
2026-02-03T11:40:02.657596 [18000s] 💾 Checkpoint
2026-02-03T11:40:24.349498 [18022s] BTC: $78,097.85 (4ex, -0.060%) | 15m: 0.89/0.92 | 1h: N/A | P&L: $+2.60 (55)
2026-02-03T11:40:48.387206 [18046s] ✅ 15M delay_arb CLOSE (PROFIT): $+0.80 | Total: $+3.40
2026-02-03T11:41:24.430772 [18082s] BTC: $78,168.48 (4ex, -0.013%) | 15m: 0.96/0.97 | 1h: N/A | P&L: $+3.40 (56)
2026-02-03T11:42:24.504504 [18142s] BTC: $78,159.28 (4ex, -0.016%) | 15m: 0.98/0.99 | 1h: N/A | P&L: $+3.40 (56)
2026-02-03T11:43:24.568387 [18202s] BTC: $78,187.26 (4ex, +0.032%) | 15m: 0.99/1.00 | 1h: N/A | P&L: $+3.40 (56)
2026-02-03T11:44:24.643004 [18262s] BTC: $78,160.36 (4ex, -0.034%) | 15m: 0.99/1.00 | 1h: N/A | P&L: $+3.40 (56)
2026-02-03T11:45:02.666855 [18300s] 💾 Checkpoint
2026-02-03T11:45:20.731475 [18318s] 🔄 15M transition
2026-02-03T11:45:21.732671 [18319s] 🔄 15M transition
2026-02-03T11:45:22.734212 [18320s] 🔄 15M transition
2026-02-03T11:45:23.735844 [18321s] 🔄 15M transition
2026-02-03T11:45:24.736680 [18322s] 🔄 15M transition
2026-02-03T11:45:24.736849 [18322s] BTC: $78,151.94 (4ex, -0.011%) | 15m: 0.45/0.55 | 1h: N/A | P&L: $+3.40 (56)
2026-02-03T11:46:24.814033 [18382s] BTC: $78,233.28 (4ex, +0.104%) | 15m: 0.72/0.73 | 1h: N/A | P&L: $+3.40 (56)
2026-02-03T11:47:24.892724 [18442s] BTC: $78,211.09 (4ex, -0.029%) | 15m: 0.67/0.70 | 1h: N/A | P&L: $+3.40 (56)
2026-02-03T11:48:24.973829 [18502s] BTC: $78,209.94 (4ex, -0.006%) | 15m: 0.66/0.71 | 1h: N/A | P&L: $+3.40 (56)
2026-02-03T11:49:25.043693 [18562s] BTC: $78,249.65 (4ex, +0.051%) | 15m: 0.73/0.74 | 1h: N/A | P&L: $+3.40 (56)
2026-02-03T11:50:02.674528 [18600s] 💾 Checkpoint
2026-02-03T11:50:25.122591 [18622s] BTC: $78,218.19 (4ex, -0.040%) | 15m: 0.63/0.66 | 1h: N/A | P&L: $+3.40 (56)
2026-02-03T11:51:25.201746 [18682s] BTC: $78,221.12 (4ex, +0.004%) | 15m: 0.66/0.70 | 1h: N/A | P&L: $+3.40 (56)
2026-02-03T11:52:25.280347 [18743s] BTC: $78,199.66 (4ex, -0.027%) | 15m: 0.55/0.58 | 1h: N/A | P&L: $+3.40 (56)
2026-02-03T11:53:25.359859 [18803s] BTC: $78,190.67 (4ex, -0.011%) | 15m: 0.60/0.61 | 1h: N/A | P&L: $+3.40 (56)
2026-02-03T11:54:25.430949 [18863s] BTC: $78,140.46 (4ex, -0.064%) | 15m: 0.33/0.37 | 1h: N/A | P&L: $+3.40 (56)
2026-02-03T11:55:02.681055 [18900s] 💾 Checkpoint
2026-02-03T11:55:25.497373 [18923s] BTC: $78,183.91 (4ex, +0.056%) | 15m: 0.52/0.56 | 1h: N/A | P&L: $+3.40 (56)
2026-02-03T11:56:25.560774 [18983s] BTC: $78,212.41 (4ex, +0.037%) | 15m: 0.72/0.73 | 1h: N/A | P&L: $+3.40 (56)
2026-02-03T11:57:25.627650 [19043s] BTC: $78,211.04 (4ex, -0.002%) | 15m: 0.87/0.90 | 1h: N/A | P&L: $+3.40 (56)
2026-02-03T11:58:25.695098 [19103s] BTC: $78,119.99 (4ex, -0.116%) | 15m: 0.65/0.66 | 1h: N/A | P&L: $+3.40 (56)
2026-02-03T11:59:25.752005 [19163s] BTC: $78,040.78 (4ex, -0.101%) | 15m: 0.00/0.01 | 1h: N/A | P&L: $+3.40 (56)
2026-02-03T12:00:02.693981 [19200s] 💾 Checkpoint
2026-02-03T12:00:25.825112 [19223s] BTC: $78,049.48 (4ex, +0.011%) | 15m: 0.00/0.01 | 1h: N/A | P&L: $+3.40 (56)
2026-02-03T12:00:28.828584 [19226s] 🔄 15M transition
2026-02-03T12:00:29.829083 [19227s] 🔄 15M transition
2026-02-03T12:00:30.830275 [19228s] 🔄 15M transition
2026-02-03T12:00:31.831670 [19229s] 🔄 15M transition
2026-02-03T12:00:32.832270 [19230s] 🔄 15M transition
2026-02-03T12:01:25.898398 [19283s] BTC: $78,026.54 (4ex, -0.056%) | 15m: 0.63/0.65 | 1h: N/A | P&L: $+3.40 (56)
2026-02-03T12:02:25.969257 [19343s] BTC: $78,008.85 (4ex, -0.023%) | 15m: 0.51/0.54 | 1h: N/A | P&L: $+3.40 (56)
2026-02-03T12:03:26.033051 [19403s] BTC: $77,966.84 (4ex, -0.051%) | 15m: 0.32/0.35 | 1h: N/A | P&L: $+3.40 (56)
2026-02-03T12:04:26.101666 [19463s] BTC: $77,999.52 (4ex, +0.040%) | 15m: 0.38/0.42 | 1h: N/A | P&L: $+3.40 (56)
2026-02-03T12:05:02.704745 [19500s] 💾 Checkpoint
2026-02-03T12:05:26.172445 [19523s] BTC: $77,977.31 (4ex, -0.030%) | 15m: 0.41/0.43 | 1h: N/A | P&L: $+3.40 (56)
2026-02-03T12:06:26.242423 [19583s] BTC: $77,968.18 (4ex, +0.014%) | 15m: 0.24/0.27 | 1h: N/A | P&L: $+3.40 (56)
2026-02-03T12:07:26.310529 [19644s] BTC: $77,992.46 (4ex, +0.014%) | 15m: 0.32/0.35 | 1h: N/A | P&L: $+3.40 (56)
2026-02-03T12:08:26.383472 [19704s] BTC: $78,040.43 (4ex, +0.062%) | 15m: 0.54/0.58 | 1h: N/A | P&L: $+3.40 (56)
2026-02-03T12:09:26.461926 [19764s] BTC: $78,047.07 (4ex, +0.008%) | 15m: 0.65/0.67 | 1h: N/A | P&L: $+3.40 (56)
2026-02-03T12:10:02.712280 [19800s] 💾 Checkpoint
2026-02-03T12:10:26.534606 [19824s] BTC: $78,056.71 (4ex, +0.013%) | 15m: 0.63/0.67 | 1h: N/A | P&L: $+3.40 (56)
2026-02-03T12:11:26.610546 [19884s] BTC: $78,041.46 (4ex, -0.017%) | 15m: 0.53/0.57 | 1h: N/A | P&L: $+3.40 (56)
2026-02-03T12:12:26.681205 [19944s] BTC: $78,081.74 (4ex, +0.051%) | 15m: 0.69/0.70 | 1h: N/A | P&L: $+3.40 (56)
2026-02-03T12:13:26.746506 [20004s] BTC: $78,229.67 (4ex, +0.156%) | 15m: 0.99/1.00 | 1h: N/A | P&L: $+3.40 (56)
2026-02-03T12:14:26.815280 [20064s] BTC: $78,142.87 (4ex, -0.109%) | 15m: 0.99/1.00 | 1h: N/A | P&L: $+3.40 (56)
2026-02-03T12:15:02.722480 [20100s] 💾 Checkpoint
2026-02-03T12:15:05.866619 [20103s] 🔄 15M transition
2026-02-03T12:15:06.868005 [20104s] 🔄 15M transition
2026-02-03T12:15:07.870133 [20105s] 🔄 15M transition
2026-02-03T12:15:08.871656 [20106s] 🔄 15M transition
2026-02-03T12:15:09.872790 [20107s] 🔄 15M transition
2026-02-03T12:15:26.891092 [20124s] BTC: $78,127.02 (4ex, -0.022%) | 15m: 0.45/0.55 | 1h: N/A | P&L: $+3.40 (56)
2026-02-03T12:16:26.964585 [20184s] BTC: $78,111.37 (4ex, -0.018%) | 15m: 0.37/0.40 | 1h: N/A | P&L: $+3.40 (56)
2026-02-03T12:17:27.051848 [20244s] BTC: $78,111.34 (4ex, -0.000%) | 15m: 0.34/0.37 | 1h: N/A | P&L: $+3.40 (56)
2026-02-03T12:18:27.126863 [20304s] BTC: $78,112.21 (4ex, +0.003%) | 15m: 0.35/0.36 | 1h: N/A | P&L: $+3.40 (56)
2026-02-03T12:19:27.201155 [20364s] BTC: $78,110.67 (4ex, -0.002%) | 15m: 0.32/0.35 | 1h: N/A | P&L: $+3.40 (56)
2026-02-03T12:20:02.730765 [20400s] 💾 Checkpoint
2026-02-03T12:20:27.287995 [20425s] BTC: $78,089.20 (4ex, -0.017%) | 15m: 0.28/0.30 | 1h: N/A | P&L: $+3.40 (56)
2026-02-03T12:21:27.352925 [20485s] BTC: $78,158.02 (4ex, +0.066%) | 15m: 0.51/0.52 | 1h: N/A | P&L: $+3.40 (56)
2026-02-03T12:22:27.412426 [20545s] BTC: $78,133.47 (4ex, -0.032%) | 15m: 0.43/0.45 | 1h: N/A | P&L: $+3.40 (56)
2026-02-03T12:23:27.472573 [20605s] BTC: $78,100.24 (4ex, -0.043%) | 15m: 0.37/0.41 | 1h: N/A | P&L: $+3.40 (56)
2026-02-03T12:23:44.495670 [20622s] 📉 15M MEAN-REV: K@0.21 (extreme low) + BTC stable → YES
2026-02-03T12:24:10.536187 [20648s] ✅ 15M mean_reversion_low CLOSE (PROFIT): $+0.20 | Total: $+3.60
2026-02-03T12:24:27.554613 [20665s] BTC: $78,119.10 (4ex, +0.024%) | 15m: 0.23/0.26 | 1h: N/A | P&L: $+3.60 (57)
2026-02-03T12:25:02.738298 [20700s] 💾 Checkpoint
2026-02-03T12:25:27.620523 [20725s] BTC: $78,127.22 (4ex, +0.010%) | 15m: 0.34/0.38 | 1h: N/A | P&L: $+3.60 (57)
2026-02-03T12:26:27.689180 [20785s] BTC: $78,176.60 (4ex, +0.058%) | 15m: 0.60/0.61 | 1h: N/A | P&L: $+3.60 (57)
2026-02-03T12:27:27.759167 [20845s] BTC: $78,181.06 (4ex, +0.008%) | 15m: 0.67/0.69 | 1h: N/A | P&L: $+3.60 (57)
2026-02-03T12:28:27.832593 [20905s] BTC: $78,190.41 (4ex, +0.012%) | 15m: 0.89/0.90 | 1h: N/A | P&L: $+3.60 (57)
2026-02-03T12:29:27.908143 [20965s] BTC: $78,238.51 (4ex, +0.062%) | 15m: 0.98/0.99 | 1h: N/A | P&L: $+3.60 (57)
2026-02-03T12:30:02.745656 [21000s] 💾 Checkpoint
2026-02-03T12:30:13.962552 [21011s] 🔄 15M transition
2026-02-03T12:30:14.963617 [21012s] 🔄 15M transition
2026-02-03T12:30:15.964962 [21013s] 🔄 15M transition
2026-02-03T12:30:16.966702 [21014s] 🔄 15M transition
2026-02-03T12:30:17.968735 [21015s] 🔄 15M transition
2026-02-03T12:30:27.979411 [21025s] BTC: $78,213.67 (4ex, -0.032%) | 15m: 0.45/0.55 | 1h: N/A | P&L: $+3.60 (57)
2026-02-03T12:31:28.054118 [21085s] BTC: $78,225.78 (4ex, +0.015%) | 15m: 0.39/0.41 | 1h: N/A | P&L: $+3.60 (57)
2026-02-03T12:32:28.123353 [21145s] BTC: $78,210.45 (4ex, -0.004%) | 15m: 0.49/0.51 | 1h: N/A | P&L: $+3.60 (57)
2026-02-03T12:33:28.195051 [21205s] BTC: $78,253.27 (4ex, +0.055%) | 15m: 0.52/0.54 | 1h: N/A | P&L: $+3.60 (57)
2026-02-03T12:34:28.269108 [21265s] BTC: $78,151.73 (4ex, -0.103%) | 15m: 0.30/0.32 | 1h: N/A | P&L: $+3.60 (57)
2026-02-03T12:35:02.753338 [21300s] 💾 Checkpoint
2026-02-03T12:35:28.343123 [21326s] BTC: $78,160.86 (4ex, +0.000%) | 15m: 0.22/0.23 | 1h: N/A | P&L: $+3.60 (57)
2026-02-03T12:36:28.424696 [21386s] BTC: $78,180.82 (4ex, +0.026%) | 15m: 0.23/0.25 | 1h: N/A | P&L: $+3.60 (57)
2026-02-03T12:37:28.493630 [21446s] BTC: $78,211.87 (4ex, +0.044%) | 15m: 0.35/0.39 | 1h: N/A | P&L: $+3.60 (57)
2026-02-03T12:38:28.560870 [21506s] BTC: $78,238.79 (4ex, +0.034%) | 15m: 0.53/0.56 | 1h: N/A | P&L: $+3.60 (57)
2026-02-03T12:39:28.630122 [21566s] BTC: $78,268.48 (4ex, +0.038%) | 15m: 0.53/0.56 | 1h: N/A | P&L: $+3.60 (57)
2026-02-03T12:40:02.761952 [21600s] 💾 Checkpoint
2026-02-03T12:40:28.701032 [21626s] BTC: $78,243.26 (4ex, -0.032%) | 15m: 0.55/0.59 | 1h: N/A | P&L: $+3.60 (57)
2026-02-03T12:41:28.771513 [21686s] BTC: $78,271.30 (4ex, +0.028%) | 15m: 0.40/0.44 | 1h: N/A | P&L: $+3.60 (57)
2026-02-03T12:42:28.835242 [21746s] BTC: $78,233.65 (4ex, -0.031%) | 15m: 0.31/0.32 | 1h: N/A | P&L: $+3.60 (57)
2026-02-03T12:43:28.902946 [21806s] BTC: $78,240.86 (4ex, +0.009%) | 15m: 0.44/0.47 | 1h: N/A | P&L: $+3.60 (57)
2026-02-03T12:44:28.968493 [21866s] BTC: $78,217.87 (4ex, -0.029%) | 15m: 0.00/0.01 | 1h: N/A | P&L: $+3.60 (57)
2026-02-03T12:45:02.768573 [21900s] 💾 Checkpoint
2026-02-03T12:45:22.028512 [21919s] 🔄 15M transition
2026-02-03T12:45:23.029640 [21920s] 🔄 15M transition
2026-02-03T12:45:24.030953 [21921s] 🔄 15M transition
2026-02-03T12:45:25.031880 [21922s] 🔄 15M transition
2026-02-03T12:45:26.032595 [21923s] 🔄 15M transition
2026-02-03T12:45:29.035050 [21926s] BTC: $78,193.39 (4ex, -0.073%) | 15m: 0.45/0.55 | 1h: N/A | P&L: $+3.60 (57)
2026-02-03T12:46:29.097182 [21986s] BTC: $78,251.44 (4ex, +0.067%) | 15m: 0.60/0.64 | 1h: N/A | P&L: $+3.60 (57)
2026-02-03T12:47:29.159972 [22046s] BTC: $78,322.62 (4ex, +0.071%) | 15m: 0.74/0.76 | 1h: N/A | P&L: $+3.60 (57)
2026-02-03T12:48:29.218978 [22106s] BTC: $78,330.28 (4ex, +0.011%) | 15m: 0.77/0.80 | 1h: N/A | P&L: $+3.60 (57)
2026-02-03T12:49:23.275250 [22160s] 📈 15M MEAN-REV: K@0.81 (extreme high) + BTC stable → NO
2026-02-03T12:49:29.284732 [22167s] BTC: $78,343.85 (4ex, +0.021%) | 15m: 0.81/0.82 | 1h: N/A | P&L: $+3.60 (57)
2026-02-03T12:50:02.775344 [22200s] 💾 Checkpoint
2026-02-03T12:50:29.392305 [22227s] BTC: $78,331.11 (4ex, -0.019%) | 15m: 0.78/0.81 | 1h: N/A | P&L: $+3.60 (57)
2026-02-03T12:50:54.428446 [22252s] ❌ 15M mean_reversion_high CLOSE (STOP(-25%)): $-0.70 | Total: $+2.90
2026-02-03T12:51:29.466237 [22287s] BTC: $78,276.17 (4ex, -0.069%) | 15m: 0.57/0.61 | 1h: N/A | P&L: $+2.90 (58)
2026-02-03T12:52:29.535080 [22347s] BTC: $78,249.44 (4ex, -0.034%) | 15m: 0.62/0.66 | 1h: N/A | P&L: $+2.90 (58)
2026-02-03T12:53:29.600653 [22407s] BTC: $78,286.13 (4ex, +0.043%) | 15m: 0.72/0.75 | 1h: N/A | P&L: $+2.90 (58)
2026-02-03T12:54:29.669414 [22467s] BTC: $78,303.31 (4ex, +0.022%) | 15m: 0.78/0.79 | 1h: N/A | P&L: $+2.90 (58)
2026-02-03T12:54:56.700583 [22494s] 📈 15M MEAN-REV: K@0.87 (extreme high) + BTC stable → NO
2026-02-03T12:55:02.782679 [22500s] 💾 Checkpoint
2026-02-03T12:55:26.747689 [22524s] ✅ 15M mean_reversion_high CLOSE (PROFIT): $+0.50 | Total: $+3.40
2026-02-03T12:55:29.751093 [22527s] BTC: $78,334.57 (4ex, +0.015%) | 15m: 0.90/0.92 | 1h: N/A | P&L: $+3.40 (59)
2026-02-03T12:56:29.822981 [22587s] BTC: $78,350.06 (4ex, +0.020%) | 15m: 0.95/0.97 | 1h: N/A | P&L: $+3.40 (59)
2026-02-03T12:57:29.894749 [22647s] BTC: $78,334.03 (4ex, -0.022%) | 15m: 0.96/0.98 | 1h: N/A | P&L: $+3.40 (59)
2026-02-03T12:58:29.961624 [22707s] BTC: $78,297.70 (4ex, -0.046%) | 15m: 0.96/0.97 | 1h: N/A | P&L: $+3.40 (59)
2026-02-03T12:59:30.028433 [22767s] BTC: $78,280.21 (4ex, -0.022%) | 15m: 0.99/1.00 | 1h: N/A | P&L: $+3.40 (59)
2026-02-03T13:00:02.789984 [22800s] 💾 Checkpoint
2026-02-03T13:00:29.088865 [22826s] 🔄 15M transition
2026-02-03T13:00:30.090143 [22827s] 🔄 15M transition
2026-02-03T13:00:30.090250 [22827s] BTC: $78,293.49 (4ex, +0.017%) | 15m: 0.45/0.55 | 1h: N/A | P&L: $+3.40 (59)
2026-02-03T13:00:31.090903 [22828s] 🔄 15M transition
2026-02-03T13:00:32.092359 [22829s] 🔄 15M transition
2026-02-03T13:00:33.093137 [22830s] 🔄 15M transition
2026-02-03T13:01:30.163312 [22887s] BTC: $78,232.12 (4ex, -0.078%) | 15m: 0.34/0.36 | 1h: N/A | P&L: $+3.40 (59)
2026-02-03T13:02:30.226453 [22947s] BTC: $78,207.68 (4ex, -0.025%) | 15m: 0.23/0.27 | 1h: N/A | P&L: $+3.40 (59)
2026-02-03T13:03:30.300261 [23008s] BTC: $78,216.40 (4ex, +0.011%) | 15m: 0.26/0.29 | 1h: N/A | P&L: $+3.40 (59)
2026-02-03T13:04:30.376165 [23068s] BTC: $78,192.57 (4ex, -0.033%) | 15m: 0.35/0.36 | 1h: N/A | P&L: $+3.40 (59)
2026-02-03T13:05:02.799163 [23100s] 💾 Checkpoint
2026-02-03T13:05:30.446629 [23128s] BTC: $78,192.40 (4ex, -0.003%) | 15m: 0.23/0.26 | 1h: N/A | P&L: $+3.40 (59)
2026-02-03T13:06:30.528187 [23188s] BTC: $78,287.81 (4ex, +0.098%) | 15m: 0.39/0.41 | 1h: N/A | P&L: $+3.40 (59)
2026-02-03T13:07:05.568096 [23223s] 📈 15M MEAN-REV: K@0.83 (extreme high) + BTC stable → NO
2026-02-03T13:07:30.609396 [23248s] BTC: $78,315.42 (4ex, -0.024%) | 15m: 0.83/0.84 | 1h: N/A | P&L: $+3.40 (59)
2026-02-03T13:07:32.612514 [23250s] ❌ 15M mean_reversion_high CLOSE (STOP(-25%)): $-0.50 | Total: $+2.90
2026-02-03T13:08:30.677655 [23308s] BTC: $78,347.17 (4ex, +0.044%) | 15m: 0.76/0.79 | 1h: N/A | P&L: $+2.90 (60)
2026-02-03T13:09:30.741324 [23368s] BTC: $78,282.28 (4ex, -0.076%) | 15m: 0.60/0.64 | 1h: N/A | P&L: $+2.90 (60)
2026-02-03T13:10:02.807779 [23400s] 💾 Checkpoint
2026-02-03T13:10:30.805373 [23428s] BTC: $78,281.63 (4ex, +0.006%) | 15m: 0.61/0.66 | 1h: N/A | P&L: $+2.90 (60)
2026-02-03T13:11:30.868196 [23488s] BTC: $78,298.10 (4ex, +0.021%) | 15m: 0.52/0.53 | 1h: N/A | P&L: $+2.90 (60)
2026-02-03T13:12:30.934212 [23548s] BTC: $78,309.54 (4ex, +0.010%) | 15m: 0.87/0.90 | 1h: N/A | P&L: $+2.90 (60)
2026-02-03T13:13:30.991024 [23608s] BTC: $78,284.51 (4ex, -0.023%) | 15m: 0.60/0.64 | 1h: N/A | P&L: $+2.90 (60)
2026-02-03T13:14:31.058668 [23668s] BTC: $78,339.14 (4ex, +0.071%) | 15m: 0.93/0.97 | 1h: N/A | P&L: $+2.90 (60)
2026-02-03T13:15:02.815054 [23700s] 💾 Checkpoint
2026-02-03T13:15:07.092689 [23704s] 🔄 15M transition
2026-02-03T13:15:08.094457 [23705s] 🔄 15M transition
2026-02-03T13:15:09.096571 [23706s] 🔄 15M transition
2026-02-03T13:15:10.097855 [23707s] 🔄 15M transition
2026-02-03T13:15:11.099336 [23708s] 🔄 15M transition
2026-02-03T13:15:31.124283 [23728s] BTC: $78,299.66 (4ex, -0.049%) | 15m: 0.45/0.55 | 1h: N/A | P&L: $+2.90 (60)
2026-02-03T13:16:31.182905 [23788s] BTC: $78,327.96 (4ex, +0.039%) | 15m: 0.46/0.47 | 1h: N/A | P&L: $+2.90 (60)
2026-02-03T13:17:31.256910 [23848s] BTC: $78,302.00 (4ex, -0.030%) | 15m: 0.50/0.53 | 1h: N/A | P&L: $+2.90 (60)
2026-02-03T13:18:31.327066 [23909s] BTC: $78,314.77 (4ex, +0.015%) | 15m: 0.39/0.43 | 1h: N/A | P&L: $+2.90 (60)
2026-02-03T13:19:31.396942 [23969s] BTC: $78,282.36 (4ex, -0.041%) | 15m: 0.32/0.33 | 1h: N/A | P&L: $+2.90 (60)
2026-02-03T13:20:02.831495 [24000s] 💾 Checkpoint
2026-02-03T13:20:31.475233 [24029s] BTC: $78,253.18 (4ex, -0.026%) | 15m: 0.22/0.23 | 1h: N/A | P&L: $+2.90 (60)
2026-02-03T13:21:12.530188 [24070s] 📉 15M MEAN-REV: K@0.16 (extreme low) + BTC stable → YES
2026-02-03T13:21:31.563493 [24089s] BTC: $78,209.38 (4ex, -0.056%) | 15m: 0.14/0.18 | 1h: N/A | P&L: $+2.90 (60)
2026-02-03T13:22:00.616561 [24118s] ❌ 15M mean_reversion_low CLOSE (STOP(-25%)): $-0.50 | Total: $+2.40
2026-02-03T13:22:31.654882 [24149s] BTC: $78,226.41 (4ex, +0.022%) | 15m: 0.15/0.18 | 1h: N/A | P&L: $+2.40 (61)
2026-02-03T13:23:00.688970 [24178s] 📉 15M MEAN-REV: K@0.12 (extreme low) + BTC stable → YES
2026-02-03T13:23:30.740014 [24208s] ❌ 15M mean_reversion_low CLOSE (STOP(-25%)): $-0.80 | Total: $+1.60
2026-02-03T13:23:31.741329 [24209s] BTC: $78,165.04 (4ex, -0.078%) | 15m: 0.04/0.06 | 1h: N/A | P&L: $+1.60 (62)
2026-02-03T13:24:30.823062 [24268s] 📉 15M MEAN-REV: K@0.19 (extreme low) + BTC stable → YES
2026-02-03T13:24:31.825299 [24269s] ❌ 15M mean_reversion_low CLOSE (STOP(-25%)): $-1.30 | Total: $+0.30
2026-02-03T13:24:31.825363 [24269s] BTC: $78,196.84 (4ex, +0.054%) | 15m: 0.06/0.08 | 1h: N/A | P&L: $+0.30 (63)
2026-02-03T13:25:02.845032 [24300s] 💾 Checkpoint
2026-02-03T13:25:31.904574 [24329s] BTC: $78,222.48 (4ex, +0.033%) | 15m: 0.09/0.10 | 1h: N/A | P&L: $+0.30 (63)
2026-02-03T13:26:31.977319 [24389s] BTC: $78,202.41 (4ex, -0.026%) | 15m: 0.05/0.07 | 1h: N/A | P&L: $+0.30 (63)
2026-02-03T13:27:32.051107 [24449s] BTC: $78,221.39 (4ex, +0.024%) | 15m: 0.03/0.04 | 1h: N/A | P&L: $+0.30 (63)
2026-02-03T13:28:32.124267 [24509s] BTC: $78,234.03 (4ex, +0.016%) | 15m: 0.02/0.04 | 1h: N/A | P&L: $+0.30 (63)
2026-02-03T13:29:32.204778 [24569s] BTC: $78,269.56 (4ex, +0.045%) | 15m: 0.00/0.01 | 1h: N/A | P&L: $+0.30 (63)
2026-02-03T13:30:02.857053 [24600s] 💾 Checkpoint
2026-02-03T13:30:04.241748 [24601s] 🔄 15M transition
2026-02-03T13:30:05.243828 [24602s] 🔄 15M transition
2026-02-03T13:30:06.245557 [24603s] 🔄 15M transition
2026-02-03T13:30:07.246657 [24604s] 🔄 15M transition
2026-02-03T13:30:08.247777 [24605s] 🔄 15M transition
2026-02-03T13:30:32.285176 [24630s] BTC: $78,357.86 (4ex, +0.033%) | 15m: 0.45/0.55 | 1h: N/A | P&L: $+0.30 (63)
2026-02-03T13:31:32.381586 [24690s] BTC: $78,309.65 (4ex, -0.062%) | 15m: 0.60/0.64 | 1h: N/A | P&L: $+0.30 (63)
2026-02-03T13:32:32.449249 [24750s] BTC: $78,283.01 (4ex, -0.034%) | 15m: 0.53/0.56 | 1h: N/A | P&L: $+0.30 (63)
2026-02-03T13:33:32.523919 [24810s] BTC: $78,257.91 (4ex, -0.032%) | 15m: 0.46/0.48 | 1h: N/A | P&L: $+0.30 (63)
2026-02-03T13:34:32.589823 [24870s] BTC: $78,250.02 (4ex, -0.010%) | 15m: 0.31/0.36 | 1h: N/A | P&L: $+0.30 (63)
2026-02-03T13:35:02.869012 [24900s] 💾 Checkpoint
2026-02-03T13:35:32.658630 [24930s] BTC: $78,279.58 (4ex, +0.038%) | 15m: 0.44/0.48 | 1h: N/A | P&L: $+0.30 (63)
2026-02-03T13:36:32.722026 [24990s] BTC: $78,262.66 (4ex, -0.022%) | 15m: 0.40/0.43 | 1h: N/A | P&L: $+0.30 (63)
2026-02-03T13:37:32.792826 [25050s] BTC: $78,292.57 (4ex, +0.038%) | 15m: 0.36/0.40 | 1h: N/A | P&L: $+0.30 (63)
2026-02-03T13:38:32.857360 [25110s] BTC: $78,337.83 (4ex, +0.024%) | 15m: 0.74/0.75 | 1h: N/A | P&L: $+0.30 (63)
2026-02-03T13:39:32.928504 [25170s] BTC: $78,319.30 (4ex, -0.023%) | 15m: 0.60/0.64 | 1h: N/A | P&L: $+0.30 (63)
2026-02-03T13:40:02.885703 [25200s] 💾 Checkpoint
2026-02-03T13:40:32.990940 [25230s] BTC: $78,326.87 (4ex, +0.016%) | 15m: 0.62/0.66 | 1h: N/A | P&L: $+0.30 (63)
2026-02-03T13:41:33.063661 [25290s] BTC: $78,253.07 (4ex, -0.076%) | 15m: 0.25/0.28 | 1h: N/A | P&L: $+0.30 (63)
2026-02-03T13:42:33.130966 [25350s] BTC: $78,262.79 (4ex, +0.012%) | 15m: 0.20/0.24 | 1h: N/A | P&L: $+0.30 (63)
2026-02-03T13:43:33.210509 [25410s] BTC: $78,243.56 (4ex, -0.025%) | 15m: 0.10/0.11 | 1h: N/A | P&L: $+0.30 (63)
2026-02-03T13:44:33.309613 [25471s] BTC: $78,240.43 (4ex, -0.004%) | 15m: 0.01/0.04 | 1h: N/A | P&L: $+0.30 (63)
2026-02-03T13:45:02.893139 [25500s] 💾 Checkpoint
2026-02-03T13:45:12.365139 [25510s] 🔄 15M transition
2026-02-03T13:45:13.367683 [25511s] 🔄 15M transition
2026-02-03T13:45:14.368951 [25512s] 🔄 15M transition
2026-02-03T13:45:15.370359 [25513s] 🔄 15M transition
2026-02-03T13:45:16.371042 [25514s] 🔄 15M transition
2026-02-03T13:45:33.388605 [25531s] BTC: $78,231.96 (4ex, -0.010%) | 15m: 0.45/0.55 | 1h: N/A | P&L: $+0.30 (63)
2026-02-03T13:46:33.454891 [25591s] BTC: $78,254.83 (4ex, +0.033%) | 15m: 0.50/0.51 | 1h: N/A | P&L: $+0.30 (63)
2026-02-03T13:47:33.520678 [25651s] BTC: $78,270.75 (4ex, +0.027%) | 15m: 0.55/0.59 | 1h: N/A | P&L: $+0.30 (63)
2026-02-03T13:48:33.592408 [25711s] BTC: $78,290.54 (4ex, +0.025%) | 15m: 0.57/0.60 | 1h: N/A | P&L: $+0.30 (63)
2026-02-03T13:49:33.669987 [25771s] BTC: $78,285.25 (4ex, -0.007%) | 15m: 0.61/0.62 | 1h: N/A | P&L: $+0.30 (63)
2026-02-03T13:50:02.901264 [25800s] 💾 Checkpoint
2026-02-03T13:50:33.749978 [25831s] BTC: $78,276.68 (4ex, -0.011%) | 15m: 0.63/0.65 | 1h: N/A | P&L: $+0.30 (63)
2026-02-03T13:51:33.830882 [25891s] BTC: $78,169.22 (4ex, -0.131%) | 15m: 0.40/0.41 | 1h: N/A | P&L: $+0.30 (63)
2026-02-03T13:51:56.861018 [25914s] 📉 15M MEAN-REV: K@0.20 (extreme low) + BTC stable → YES
2026-02-03T13:52:15.893847 [25933s] ✅ 15M mean_reversion_low CLOSE (PROFIT): $+1.10 | Total: $+1.40
2026-02-03T13:52:33.920888 [25951s] BTC: $78,166.98 (4ex, +0.001%) | 15m: 0.31/0.34 | 1h: N/A | P&L: $+1.40 (64)
2026-02-03T13:53:33.997586 [26011s] BTC: $78,173.57 (4ex, +0.008%) | 15m: 0.23/0.25 | 1h: N/A | P&L: $+1.40 (64)
2026-02-03T13:54:34.078172 [26071s] BTC: $78,194.73 (4ex, +0.027%) | 15m: 0.30/0.34 | 1h: N/A | P&L: $+1.40 (64)
2026-02-03T13:55:02.908428 [26100s] 💾 Checkpoint
2026-02-03T13:55:34.141214 [26131s] BTC: $78,211.66 (4ex, +0.022%) | 15m: 0.24/0.26 | 1h: N/A | P&L: $+1.40 (64)
2026-02-03T13:56:34.204832 [26191s] BTC: $78,232.65 (4ex, +0.022%) | 15m: 0.44/0.48 | 1h: N/A | P&L: $+1.40 (64)
2026-02-03T13:57:34.269990 [26251s] BTC: $78,233.61 (4ex, +0.001%) | 15m: 0.30/0.31 | 1h: N/A | P&L: $+1.40 (64)
2026-02-03T13:58:34.327002 [26312s] BTC: $78,312.30 (4ex, +0.110%) | 15m: 0.41/0.45 | 1h: N/A | P&L: $+1.40 (64)
2026-02-03T13:59:34.387442 [26372s] BTC: $78,261.17 (4ex, -0.022%) | 15m: 0.97/0.99 | 1h: N/A | P&L: $+1.40 (64)
2026-02-03T14:00:02.922697 [26400s] 💾 Checkpoint
2026-02-03T14:00:19.437462 [26417s] 🔄 15M transition
2026-02-03T14:00:20.438645 [26418s] 🔄 15M transition
2026-02-03T14:00:21.439536 [26419s] 🔄 15M transition
2026-02-03T14:00:22.440661 [26420s] 🔄 15M transition
2026-02-03T14:00:23.441508 [26421s] 🔄 15M transition
2026-02-03T14:00:34.453500 [26432s] BTC: $78,236.87 (4ex, +0.017%) | 15m: 0.35/0.43 | 1h: N/A | P&L: $+1.40 (64)
2026-02-03T14:01:34.523246 [26492s] BTC: $78,238.89 (4ex, +0.002%) | 15m: 0.40/0.43 | 1h: N/A | P&L: $+1.40 (64)
2026-02-03T14:02:34.589662 [26552s] BTC: $78,300.36 (4ex, +0.071%) | 15m: 0.55/0.60 | 1h: N/A | P&L: $+1.40 (64)
2026-02-03T14:03:34.655831 [26612s] BTC: $78,331.32 (4ex, +0.040%) | 15m: 0.61/0.65 | 1h: N/A | P&L: $+1.40 (64)
2026-02-03T14:04:34.723890 [26672s] BTC: $78,288.77 (4ex, -0.054%) | 15m: 0.66/0.67 | 1h: N/A | P&L: $+1.40 (64)
2026-02-03T14:05:02.931987 [26700s] 💾 Checkpoint
2026-02-03T14:05:34.797168 [26732s] BTC: $78,247.48 (4ex, -0.053%) | 15m: 0.43/0.45 | 1h: N/A | P&L: $+1.40 (64)
2026-02-03T14:06:34.863733 [26792s] BTC: $78,260.00 (4ex, +0.016%) | 15m: 0.53/0.54 | 1h: N/A | P&L: $+1.40 (64)
2026-02-03T14:07:34.931155 [26852s] BTC: $78,260.05 (4ex, +0.000%) | 15m: 0.49/0.51 | 1h: N/A | P&L: $+1.40 (64)
2026-02-03T14:08:35.004937 [26912s] BTC: $78,252.24 (4ex, -0.010%) | 15m: 0.54/0.56 | 1h: N/A | P&L: $+1.40 (64)
2026-02-03T14:09:35.074525 [26972s] BTC: $78,259.74 (4ex, +0.009%) | 15m: 0.55/0.60 | 1h: N/A | P&L: $+1.40 (64)
2026-02-03T14:10:02.939608 [27000s] 💾 Checkpoint
2026-02-03T14:10:35.148355 [27032s] BTC: $78,240.06 (4ex, -0.025%) | 15m: 0.40/0.45 | 1h: N/A | P&L: $+1.40 (64)
2026-02-03T14:11:35.226301 [27092s] BTC: $78,220.75 (4ex, -0.025%) | 15m: 0.28/0.32 | 1h: N/A | P&L: $+1.40 (64)
2026-02-03T14:12:35.296678 [27153s] BTC: $78,250.95 (4ex, +0.055%) | 15m: 0.37/0.38 | 1h: N/A | P&L: $+1.40 (64)
2026-02-03T14:13:35.381479 [27213s] BTC: $78,251.15 (4ex, +0.000%) | 15m: 0.34/0.38 | 1h: N/A | P&L: $+1.40 (64)
2026-02-03T14:14:35.458376 [27273s] BTC: $78,302.25 (4ex, +0.065%) | 15m: 0.81/0.93 | 1h: N/A | P&L: $+1.40 (64)
2026-02-03T14:15:02.950594 [27300s] 💾 Checkpoint
2026-02-03T14:15:27.543020 [27325s] 🔄 15M transition
2026-02-03T14:15:28.544530 [27326s] 🔄 15M transition
2026-02-03T14:15:29.546115 [27327s] 🔄 15M transition
2026-02-03T14:15:30.546883 [27328s] 🔄 15M transition
2026-02-03T14:15:31.547936 [27329s] 🔄 15M transition
2026-02-03T14:15:35.553313 [27333s] BTC: $78,316.33 (4ex, +0.015%) | 15m: 0.30/0.42 | 1h: N/A | P&L: $+1.40 (64)
2026-02-03T14:16:35.623639 [27393s] BTC: $78,277.70 (4ex, -0.091%) | 15m: 0.53/0.54 | 1h: N/A | P&L: $+1.40 (64)
2026-02-03T14:17:23.687176 [27441s] 🎯 15M DELAY: BTC -0.168% K +0.0% → NO@$0.45
2026-02-03T14:17:28.694343 [27446s] ❌ 15M delay_arb CLOSE (STOP(-25%)): $-3.70 | Total: $-2.30
2026-02-03T14:17:35.702207 [27453s] BTC: $78,085.69 (4ex, -0.138%) | 15m: 0.17/0.18 | 1h: N/A | P&L: $-2.30 (65)
2026-02-03T14:18:28.764678 [27506s] 📉 15M MEAN-REV: K@0.13 (extreme low) + BTC stable → YES
2026-02-03T14:18:35.778026 [27513s] BTC: $78,075.62 (4ex, -0.002%) | 15m: 0.12/0.13 | 1h: N/A | P&L: $-2.30 (65)
2026-02-03T14:19:35.876295 [27573s] BTC: $78,055.09 (4ex, -0.025%) | 15m: 0.10/0.11 | 1h: N/A | P&L: $-2.30 (65)
2026-02-03T14:20:02.958058 [27600s] 💾 Checkpoint
2026-02-03T14:20:35.970676 [27633s] BTC: $78,077.75 (4ex, +0.023%) | 15m: 0.11/0.12 | 1h: N/A | P&L: $-2.30 (65)
2026-02-03T14:21:36.066555 [27693s] BTC: $78,065.16 (4ex, -0.014%) | 15m: 0.10/0.11 | 1h: N/A | P&L: $-2.30 (65)
2026-02-03T14:22:01.108399 [27718s] ❌ 15M mean_reversion_low CLOSE (STOP(-25%)): $-0.60 | Total: $-2.90
2026-02-03T14:22:36.147276 [27753s] BTC: $78,101.98 (4ex, +0.043%) | 15m: 0.09/0.11 | 1h: N/A | P&L: $-2.90 (66)
2026-02-03T14:23:01.177404 [27778s] 📉 15M MEAN-REV: K@0.10 (extreme low) + BTC stable → YES
2026-02-03T14:23:32.230887 [27809s] ❌ 15M mean_reversion_low CLOSE (STOP(-25%)): $-0.50 | Total: $-3.40
2026-02-03T14:23:36.235708 [27813s] BTC: $78,089.83 (4ex, -0.019%) | 15m: 0.05/0.06 | 1h: N/A | P&L: $-3.40 (67)
2026-02-03T14:24:32.300961 [27870s] 📉 15M MEAN-REV: K@0.07 (extreme low) + BTC stable → YES
2026-02-03T14:24:32.301500 [27870s] ❌ 15M mean_reversion_low CLOSE (STOP(-25%)): $-0.20 | Total: $-3.60
2026-02-03T14:24:36.308405 [27874s] BTC: $78,111.52 (4ex, +0.027%) | 15m: 0.05/0.07 | 1h: N/A | P&L: $-3.60 (68)
2026-02-03T14:25:02.966012 [27900s] 💾 Checkpoint
2026-02-03T14:25:36.377444 [27934s] BTC: $78,222.48 (4ex, +0.134%) | 15m: 0.18/0.27 | 1h: N/A | P&L: $-3.60 (68)
2026-02-03T14:26:36.438717 [27994s] BTC: $78,292.06 (4ex, +0.008%) | 15m: 0.53/0.55 | 1h: N/A | P&L: $-3.60 (68)
2026-02-03T14:27:36.510516 [28054s] BTC: $78,244.88 (4ex, -0.029%) | 15m: 0.26/0.29 | 1h: N/A | P&L: $-3.60 (68)
2026-02-03T14:28:36.577627 [28114s] BTC: $78,292.90 (4ex, -0.036%) | 15m: 0.47/0.51 | 1h: N/A | P&L: $-3.60 (68)
2026-02-03T14:29:36.644452 [28174s] BTC: $78,323.44 (4ex, +0.021%) | 15m: 0.89/0.99 | 1h: N/A | P&L: $-3.60 (68)
2026-02-03T14:30:02.976571 [28200s] 💾 Checkpoint
2026-02-03T14:30:04.682099 [28202s] 🔄 15M transition
2026-02-03T14:30:05.683316 [28203s] 🔄 15M transition
2026-02-03T14:30:06.684142 [28204s] 🔄 15M transition
2026-02-03T14:30:07.684992 [28205s] 🔄 15M transition
2026-02-03T14:30:08.686039 [28206s] 🔄 15M transition
2026-02-03T14:30:09.687304 [28207s] 🔄 15M transition
2026-02-03T14:30:36.716631 [28234s] BTC: $78,298.74 (4ex, -0.022%) | 15m: 0.43/0.48 | 1h: N/A | P&L: $-3.60 (68)
2026-02-03T14:31:36.787218 [28294s] BTC: $78,250.09 (4ex, -0.075%) | 15m: 0.33/0.34 | 1h: N/A | P&L: $-3.60 (68)
2026-02-03T14:31:45.798319 [28303s] 🎯 15M DELAY: BTC -0.164% K +0.0% → NO@$0.67
2026-02-03T14:32:36.888584 [28354s] BTC: $78,134.15 (4ex, +0.029%) | 15m: 0.18/0.19 | 1h: N/A | P&L: $-3.60 (68)
2026-02-03T14:33:37.003170 [28414s] BTC: $78,104.07 (4ex, -0.022%) | 15m: 0.17/0.20 | 1h: N/A | P&L: $-3.60 (68)
2026-02-03T14:34:07.054028 [28444s] ❌ 15M delay_arb CLOSE (STOP(-25%)): $-1.90 | Total: $-5.50
2026-02-03T14:34:37.087026 [28474s] BTC: $78,012.71 (4ex, -0.070%) | 15m: 0.10/0.11 | 1h: N/A | P&L: $-5.50 (69)
2026-02-03T14:35:02.988689 [28500s] 💾 Checkpoint
2026-02-03T14:35:16.134199 [28513s] 🎯 15M DELAY: BTC -0.223% K +0.0% → NO@$0.90
2026-02-03T14:35:37.165694 [28534s] BTC: $78,101.70 (4ex, +0.142%) | 15m: 0.10/0.11 | 1h: N/A | P&L: $-5.50 (69)
2026-02-03T14:35:38.167517 [28535s] ✅ 15M delay_arb CLOSE (PROFIT): $+1.00 | Total: $-4.50
2026-02-03T14:36:37.225082 [28594s] BTC: $77,919.14 (4ex, -0.241%) | 15m: 0.16/0.24 | 1h: N/A | P&L: $-4.50 (70)
2026-02-03T14:36:39.227883 [28596s] 🎯 15M DELAY: BTC -0.207% K +0.0% → NO@$0.92
2026-02-03T14:37:37.345568 [28655s] BTC: $77,844.21 (4ex, -0.003%) | 15m: 0.04/0.05 | 1h: N/A | P&L: $-4.50 (70)
2026-02-03T14:38:37.439836 [28715s] BTC: $77,807.39 (4ex, +0.014%) | 15m: 0.02/0.05 | 1h: N/A | P&L: $-4.50 (70)
2026-02-03T14:39:37.543291 [28775s] BTC: $77,755.48 (4ex, -0.088%) | 15m: 0.02/0.07 | 1h: N/A | P&L: $-4.50 (70)
2026-02-03T14:40:02.585207 
======================================================================
SUMMARY
======================================================================
Duration: 480min | Signals: 71
Trades: 70 | P&L: $-4.50
mean_reversion_high: 30 trades, 87% win, $+4.20
delay_arb: 9 trades, 78% win, $+1.70
mean_reversion_low: 31 trades, 23% win, $-10.40
======================================================================

