2026-02-02T19:30:06.959373 
======================================================================
REAL-TIME PAPER TRADING v4 (Flash Crash Disabled)
======================================================================
Duration: 5min | Start: 19:30:06
Strategy: Delay Arb ONLY
Checkpoints: Every 5min
======================================================================

2026-02-02T19:30:27.983967 [   21s] 🔄 Market transition: KXBTC15M-26FEB021430-30 → KXBTC15M-26FEB021445-45
2026-02-02T19:30:28.984993 [   22s] 🔄 Market transition: KXBTC15M-26FEB021445-45 → KXBTC15M-26FEB021445-45
2026-02-02T19:30:29.986267 [   23s] 🔄 Market transition: KXBTC15M-26FEB021445-45 → KXBTC15M-26FEB021445-45
2026-02-02T19:30:30.988569 [   24s] 🔄 Market transition: KXBTC15M-26FEB021445-45 → KXBTC15M-26FEB021445-45
2026-02-02T19:30:31.989882 [   25s] 🔄 Market transition: KXBTC15M-26FEB021445-45 → KXBTC15M-26FEB021445-45
2026-02-02T19:31:07.028489 [   60s] BRTI*: $78,380.40 (4ex, -0.054%) | K: 0.47/0.52 | P&L: $+0.00 (0)
2026-02-02T19:32:07.090973 [  120s] BRTI*: $78,394.76 (4ex, -0.001%) | K: 0.42/0.44 | P&L: $+0.00 (0)
2026-02-02T19:33:07.147556 [  180s] BRTI*: $78,376.56 (4ex, -0.003%) | K: 0.40/0.42 | P&L: $+0.00 (0)
2026-02-02T19:34:07.213952 [  240s] BRTI*: $78,363.26 (4ex, +0.019%) | K: 0.38/0.40 | P&L: $+0.00 (0)
2026-02-02T19:35:06.964518 [  300s] 💾 Checkpoint saved
2026-02-02T19:35:07.282484 [  300s] BRTI*: $78,285.30 (4ex, +0.003%) | K: 0.22/0.25 | P&L: $+0.00 (0)
2026-02-02T19:35:07.282565 
======================================================================
SUMMARY
======================================================================
Duration: 5min | Signals: 0
Trades: 0 | P&L: $+0.00
======================================================================

