2026-02-03T00:03:51.608733 
======================================================================
v6 - RESEARCH-NOTES.md Improvements
======================================================================
Duration: 480min | Start: 00:03:51
Changes: BTC momentum filter, adaptive stop-loss, entry filters,
         mean reversion at extremes, market timing restrictions
Markets: 15min + Hourly
======================================================================

2026-02-03T00:03:52.609976 [    1s] 📉 15M MEAN-REV: K@0.19 (extreme low) + BTC stable → YES
2026-02-03T00:03:57.616862 [    6s] ❌ 15M mean_reversion_low CLOSE (STOP(-25%)): $-0.50 | Total: $-0.50
2026-02-03T00:04:51.677726 [   60s] BTC: $78,515.51 (4ex, -0.012%) | 15m: 0.07/0.10 | 1h: N/A | P&L: $-0.50 (1)
2026-02-03T00:04:57.686155 [   66s] 📉 15M MEAN-REV: K@0.09 (extreme low) + BTC stable → YES
2026-02-03T00:05:51.801138 [  120s] BTC: $78,503.03 (4ex, -0.002%) | 15m: 0.07/0.08 | 1h: N/A | P&L: $-0.50 (1)
2026-02-03T00:05:58.812061 [  127s] ❌ 15M mean_reversion_low CLOSE (STOP(-25%)): $-0.40 | Total: $-0.90
2026-02-03T00:06:51.867901 [  180s] BTC: $78,516.48 (4ex, +0.018%) | 15m: 0.12/0.13 | 1h: N/A | P&L: $-0.90 (2)
2026-02-03T00:06:58.876258 [  187s] 📉 15M MEAN-REV: K@0.10 (extreme low) + BTC stable → YES
2026-02-03T00:06:58.876641 [  187s] ❌ 15M mean_reversion_low CLOSE (STOP(-25%)): $-0.30 | Total: $-1.20
2026-02-03T00:07:51.938259 [  240s] BTC: $78,452.25 (4ex, -0.082%) | 15m: 0.04/0.06 | 1h: N/A | P&L: $-1.20 (3)
2026-02-03T00:08:03.954236 [  252s] 📉 15M MEAN-REV: K@0.05 (extreme low) + BTC stable → YES
2026-02-03T00:08:03.954854 [  252s] ❌ 15M mean_reversion_low CLOSE (STOP(-25%)): $-0.20 | Total: $-1.40
2026-02-03T00:08:51.614389 [  300s] 💾 Checkpoint
2026-02-03T00:08:52.018362 [  300s] BTC: $78,443.97 (4ex, -0.010%) | 15m: 0.02/0.05 | 1h: N/A | P&L: $-1.40 (4)
2026-02-03T00:09:04.033421 [  312s] 📉 15M MEAN-REV: K@0.05 (extreme low) + BTC stable → YES
2026-02-03T00:09:04.034168 [  312s] ❌ 15M mean_reversion_low CLOSE (STOP(-25%)): $-0.30 | Total: $-1.70
2026-02-03T00:09:52.088697 [  360s] BTC: $78,416.08 (4ex, -0.026%) | 15m: 0.01/0.03 | 1h: N/A | P&L: $-1.70 (5)
2026-02-03T00:10:52.155974 [  420s] BTC: $78,408.45 (4ex, -0.001%) | 15m: 0.01/0.02 | 1h: N/A | P&L: $-1.70 (5)
2026-02-03T00:11:52.228375 [  480s] BTC: $78,398.49 (4ex, +0.039%) | 15m: 0.00/0.01 | 1h: N/A | P&L: $-1.70 (5)
2026-02-03T00:12:52.328824 [  540s] BTC: $78,367.11 (4ex, -0.041%) | 15m: 0.00/0.01 | 1h: N/A | P&L: $-1.70 (5)
2026-02-03T00:13:51.617646 [  600s] 💾 Checkpoint
2026-02-03T00:13:52.406161 [  600s] BTC: $78,399.19 (4ex, +0.041%) | 15m: 0.00/0.01 | 1h: N/A | P&L: $-1.70 (5)
2026-02-03T00:14:01.023591 
⚠️ SIGNAL RECEIVED: SIGTERM (signum=15) at 2026-02-03T00:14:01.023509
2026-02-03T00:14:01.414930 
======================================================================
SUMMARY
======================================================================
Duration: 10min | Signals: 5
Trades: 5 | P&L: $-1.70
mean_reversion_low: 5 trades, 0% win, $-1.70
======================================================================

