2026-02-03T18:16:01.627528 
======================================================================
v8 — Best-of-Breed: V6 MR High + V7 Delay Arb
======================================================================
Duration: 480min | Start: 18:16:01 UTC
Strategies:
  MR-High: K > 0.8 + momentum < 0.05 → buy NO (V6 params, 100% WR)
  Delay Arb: sustained momentum > 0.2% → follow BTC (V7 params, 100% WR)
Risk: cooldown=5s, max_pos=5/mkt, timeout=180s, profit=8.0%
======================================================================

2026-02-03T18:16:02.628355 [    1s] 🔍 DEBUG KXBTC15M-26FEB031330-30: K=0.43 ask=0.45 ttc=837s can_enter=True(ok)
2026-02-03T18:16:32.658300 [   31s] 🔍 DEBUG KXBTC15M-26FEB031330-30: K=0.49 ask=0.52 ttc=807s can_enter=True(ok)
2026-02-03T18:17:01.692578 [   60s] BTC: $74,613.27 (+0.049%) | Brackets: 1 | Open: 0 | Trades: 0 (MR:0 DA:0) | P&L: $+0.00
2026-02-03T18:17:02.693877 [   61s] 🔍 DEBUG KXBTC15M-26FEB031330-30: K=0.51 ask=0.52 ttc=777s can_enter=True(ok)
2026-02-03T18:17:32.738613 [   91s] 🔍 DEBUG KXBTC15M-26FEB031330-30: K=0.48 ask=0.50 ttc=747s can_enter=True(ok)
2026-02-03T18:18:01.780639 [  120s] BTC: $74,501.75 (+0.010%) | Brackets: 1 | Open: 0 | Trades: 0 (MR:0 DA:0) | P&L: $+0.00
2026-02-03T18:18:02.783411 [  121s] 🔍 DEBUG KXBTC15M-26FEB031330-30: K=0.34 ask=0.36 ttc=717s can_enter=True(ok)
2026-02-03T18:18:04.785443 [  123s] 🎯 DELAY KXBTC15M-26FEB031330-30: BTC +0.224%(1m) +0.224%(30s) → YES@0.36
2026-02-03T18:18:13.800581 [  132s] ✅ delay_arb KXBTC15M-26FEB031330-30 CLOSE (PROFIT): $+2.40 | Total: $+2.40
2026-02-03T18:18:32.825280 [  151s] 🔍 DEBUG KXBTC15M-26FEB031330-30: K=0.60 ask=0.64 ttc=687s can_enter=True(ok)
2026-02-03T18:19:01.852656 [  180s] BTC: $74,641.91 (-0.016%) | Brackets: 1 | Open: 0 | Trades: 1 (MR:0 DA:1) | P&L: $+2.40
2026-02-03T18:19:02.853390 [  181s] 🔍 DEBUG KXBTC15M-26FEB031330-30: K=0.53 ask=0.55 ttc=657s can_enter=True(ok)
2026-02-03T18:19:32.884626 [  211s] 🔍 DEBUG KXBTC15M-26FEB031330-30: K=0.48 ask=0.51 ttc=627s can_enter=True(ok)
2026-02-03T18:20:01.913635 [  240s] BTC: $74,703.40 (+0.176%) | Brackets: 1 | Open: 0 | Trades: 1 (MR:0 DA:1) | P&L: $+2.40
2026-02-03T18:20:02.925698 [  241s] 🔍 DEBUG KXBTC15M-26FEB031330-30: K=0.40 ask=0.43 ttc=597s can_enter=True(ok)
2026-02-03T18:20:02.925770 [  241s] 🎯 DELAY KXBTC15M-26FEB031330-30: BTC +0.212%(1m) +0.212%(30s) → YES@0.43
2026-02-03T18:20:14.943425 [  253s] ✅ delay_arb KXBTC15M-26FEB031330-30 CLOSE (PROFIT): $+1.30 | Total: $+3.70
2026-02-03T18:20:32.962124 [  271s] 🔍 DEBUG KXBTC15M-26FEB031330-30: K=0.56 ask=0.58 ttc=567s can_enter=True(ok)
2026-02-03T18:21:01.997670 [  300s] BTC: $74,568.12 (-0.004%) | Brackets: 1 | Open: 0 | Trades: 2 (MR:0 DA:2) | P&L: $+3.70
2026-02-03T18:21:02.998648 [  301s] 🔍 DEBUG KXBTC15M-26FEB031330-30: K=0.45 ask=0.48 ttc=537s can_enter=True(ok)
2026-02-03T18:21:33.033886 [  331s] 🔍 DEBUG KXBTC15M-26FEB031330-30: K=0.41 ask=0.43 ttc=507s can_enter=True(ok)
2026-02-03T18:22:02.064296 [  360s] BTC: $74,352.08 (+0.093%) | Brackets: 1 | Open: 0 | Trades: 2 (MR:0 DA:2) | P&L: $+3.70
2026-02-03T18:22:03.065453 [  361s] 🔍 DEBUG KXBTC15M-26FEB031330-30: K=0.23 ask=0.25 ttc=477s can_enter=True(ok)
2026-02-03T18:22:33.101327 [  391s] 🔍 DEBUG KXBTC15M-26FEB031330-30: K=0.31 ask=0.34 ttc=447s can_enter=True(ok)
2026-02-03T18:23:02.130215 [  420s] BTC: $74,448.77 (-0.110%) | Brackets: 1 | Open: 0 | Trades: 2 (MR:0 DA:2) | P&L: $+3.70
2026-02-03T18:23:03.131561 [  421s] 🔍 DEBUG KXBTC15M-26FEB031330-30: K=0.36 ask=0.38 ttc=417s can_enter=True(ok)
2026-02-03T18:23:33.158463 [  451s] 🔍 DEBUG KXBTC15M-26FEB031330-30: K=0.24 ask=0.27 ttc=387s can_enter=True(ok)
2026-02-03T18:24:02.198846 [  480s] BTC: $74,338.88 (+0.030%) | Brackets: 1 | Open: 0 | Trades: 2 (MR:0 DA:2) | P&L: $+3.70
2026-02-03T18:24:03.199961 [  481s] 🔍 DEBUG KXBTC15M-26FEB031330-30: K=0.14 ask=0.16 ttc=357s can_enter=True(ok)
2026-02-03T18:24:33.230589 [  511s] 🔍 DEBUG KXBTC15M-26FEB031330-30: K=0.19 ask=0.21 ttc=327s can_enter=True(ok)
2026-02-03T18:25:02.261410 [  540s] BTC: $74,292.65 (-0.067%) | Brackets: 1 | Open: 0 | Trades: 2 (MR:0 DA:2) | P&L: $+3.70
2026-02-03T18:25:03.261933 [  541s] 🔍 DEBUG KXBTC15M-26FEB031330-30: K=0.16 ask=0.18 ttc=297s can_enter=True(ok)
2026-02-03T18:25:33.292992 [  571s] 🔍 DEBUG KXBTC15M-26FEB031330-30: K=0.06 ask=0.07 ttc=267s can_enter=True(ok)
2026-02-03T18:26:02.318502 [  600s] BTC: $74,034.45 (-0.011%) | Brackets: 1 | Open: 0 | Trades: 2 (MR:0 DA:2) | P&L: $+3.70
2026-02-03T18:26:03.319823 [  601s] 🔍 DEBUG KXBTC15M-26FEB031330-30: K=0.02 ask=0.04 ttc=237s can_enter=True(ok)
2026-02-03T18:26:33.345548 [  631s] 🔍 DEBUG KXBTC15M-26FEB031330-30: K=0.02 ask=0.03 ttc=207s can_enter=True(ok)
2026-02-03T18:26:47.345483 
⚠️ SIGNAL: SIGTERM at 2026-02-03T18:26:47.345416
2026-02-03T18:26:47.358735 
======================================================================
v8 SUMMARY — Best-of-Breed (V6 MR High + V7 Delay Arb)
======================================================================
Duration: 10min (0.2h)
Total Trades: 2
Trade Rate: 11.2/hr
P&L: $+3.70
Final Balance: $1003.70

  delay_arb:
    Trades: 2, Win Rate: 100%, P&L: $+3.70, Avg: $+1.850
======================================================================

