2026-02-02T19:40:33.929682 
======================================================================
v6 - RESEARCH-NOTES.md Improvements
======================================================================
Duration: 480min | Start: 19:40:33
Changes: BTC momentum filter, adaptive stop-loss, entry filters,
         mean reversion at extremes, market timing restrictions
Markets: 15min + Hourly
======================================================================

2026-02-02T19:41:34.002478 [   60s] BTC: $78,439.94 (4ex, +0.013%) | 15m: 0.58/0.59 | 1h: N/A | P&L: $+0.00 (0)
2026-02-02T19:42:34.068127 [  120s] BTC: $78,446.13 (4ex, +0.014%) | 15m: 0.52/0.53 | 1h: N/A | P&L: $+0.00 (0)
2026-02-02T19:43:34.142504 [  180s] BTC: $78,434.29 (4ex, -0.030%) | 15m: 0.69/0.70 | 1h: N/A | P&L: $+0.00 (0)
2026-02-02T19:44:34.211072 [  240s] BTC: $78,459.48 (4ex, +0.017%) | 15m: 0.75/0.84 | 1h: N/A | P&L: $+0.00 (0)
2026-02-02T19:45:07.252096 [  273s] 🔄 15M transition
2026-02-02T19:45:08.253398 [  274s] 🔄 15M transition
2026-02-02T19:45:09.254565 [  275s] 🔄 15M transition
2026-02-02T19:45:10.255415 [  276s] 🔄 15M transition
2026-02-02T19:45:11.257666 [  277s] 🔄 15M transition
2026-02-02T19:45:33.934439 [  300s] 💾 Checkpoint
2026-02-02T19:45:34.289483 [  300s] BTC: $78,498.11 (4ex, +0.002%) | 15m: 0.45/0.55 | 1h: N/A | P&L: $+0.00 (0)
2026-02-02T19:46:34.355302 [  360s] BTC: $78,474.63 (4ex, -0.004%) | 15m: 0.51/0.55 | 1h: N/A | P&L: $+0.00 (0)
2026-02-02T19:47:34.418865 [  420s] BTC: $78,364.33 (4ex, -0.100%) | 15m: 0.40/0.42 | 1h: N/A | P&L: $+0.00 (0)
2026-02-02T19:48:34.488108 [  480s] BTC: $78,420.79 (4ex, +0.002%) | 15m: 0.43/0.46 | 1h: N/A | P&L: $+0.00 (0)
2026-02-02T19:49:34.558704 [  540s] BTC: $78,406.56 (4ex, -0.030%) | 15m: 0.41/0.43 | 1h: N/A | P&L: $+0.00 (0)
2026-02-02T19:50:33.935851 [  600s] 💾 Checkpoint
2026-02-02T19:50:34.627258 [  600s] BTC: $78,388.34 (4ex, -0.032%) | 15m: 0.27/0.30 | 1h: N/A | P&L: $+0.00 (0)
2026-02-02T19:51:10.672601 [  636s] 📉 15M MEAN-REV: K@0.17 (extreme low) + BTC stable → YES
2026-02-02T19:51:34.710698 [  660s] BTC: $78,363.02 (4ex, +0.008%) | 15m: 0.15/0.17 | 1h: N/A | P&L: $+0.00 (0)
2026-02-02T19:51:40.733098 [  666s] ✅ 15M mean_reversion_low CLOSE (PROFIT): $+0.20 | Total: $+0.20
2026-02-02T19:52:34.809065 [  720s] BTC: $78,338.48 (4ex, +0.016%) | 15m: 0.10/0.13 | 1h: N/A | P&L: $+0.20 (1)
2026-02-02T19:52:40.815469 [  726s] 📉 15M MEAN-REV: K@0.16 (extreme low) + BTC stable → YES
2026-02-02T19:53:11.864291 [  757s] ❌ 15M mean_reversion_low CLOSE (STOP(-25%)): $-0.60 | Total: $-0.40
2026-02-02T19:53:34.892137 [  780s] BTC: $78,304.24 (4ex, -0.011%) | 15m: 0.10/0.13 | 1h: N/A | P&L: $-0.40 (2)
2026-02-02T19:54:11.930083 [  818s] 📉 15M MEAN-REV: K@0.05 (extreme low) + BTC stable → YES
2026-02-02T19:54:11.930643 [  818s] ❌ 15M mean_reversion_low CLOSE (STOP(-25%)): $-0.20 | Total: $-0.60
2026-02-02T19:54:34.953999 [  841s] BTC: $78,256.51 (4ex, -0.024%) | 15m: 0.03/0.05 | 1h: N/A | P&L: $-0.60 (3)
2026-02-02T19:55:33.937969 [  900s] 💾 Checkpoint
2026-02-02T19:55:35.034535 [  901s] BTC: $78,301.83 (4ex, -0.004%) | 15m: 0.05/0.06 | 1h: N/A | P&L: $-0.60 (3)
2026-02-02T19:56:35.092406 [  961s] BTC: $78,341.04 (4ex, +0.024%) | 15m: 0.09/0.11 | 1h: N/A | P&L: $-0.60 (3)
2026-02-02T19:57:35.154308 [ 1021s] BTC: $78,325.21 (4ex, -0.025%) | 15m: 0.03/0.05 | 1h: N/A | P&L: $-0.60 (3)
2026-02-02T19:58:35.216841 [ 1081s] BTC: $78,461.69 (4ex, +0.102%) | 15m: 0.32/0.33 | 1h: N/A | P&L: $-0.60 (3)
2026-02-02T19:59:35.287512 [ 1141s] BTC: $78,334.01 (4ex, -0.157%) | 15m: 0.11/0.91 | 1h: N/A | P&L: $-0.60 (3)
2026-02-02T20:00:15.379264 [ 1181s] 🔄 15M transition
2026-02-02T20:00:16.380613 [ 1182s] 🔄 15M transition
2026-02-02T20:00:17.383233 [ 1183s] 🔄 15M transition
2026-02-02T20:00:18.384745 [ 1184s] 🔄 15M transition
2026-02-02T20:00:19.386665 [ 1185s] 🔄 15M transition
2026-02-02T20:00:33.939267 [ 1200s] 💾 Checkpoint
2026-02-02T20:00:35.405655 [ 1201s] BTC: $78,198.64 (4ex, +0.065%) | 15m: 0.15/0.44 | 1h: N/A | P&L: $-0.60 (3)
2026-02-02T20:01:19.462107 [ 1245s] 📉 15M MEAN-REV: K@0.21 (extreme low) + BTC stable → YES
2026-02-02T20:01:35.488345 [ 1261s] BTC: $78,160.94 (4ex, +0.102%) | 15m: 0.16/0.21 | 1h: N/A | P&L: $-0.60 (3)
2026-02-02T20:01:46.504728 [ 1272s] ✅ 15M mean_reversion_low CLOSE (PROFIT): $+0.50 | Total: $-0.10
2026-02-02T20:02:35.573190 [ 1321s] BTC: $78,269.94 (4ex, -0.028%) | 15m: 0.36/0.40 | 1h: N/A | P&L: $-0.10 (4)
2026-02-02T20:03:35.666271 [ 1381s] BTC: $78,199.53 (4ex, -0.024%) | 15m: 0.32/0.34 | 1h: N/A | P&L: $-0.10 (4)
2026-02-02T20:04:24.719881 [ 1430s] 📉 15M MEAN-REV: K@0.18 (extreme low) + BTC stable → YES
2026-02-02T20:04:35.739630 [ 1441s] BTC: $78,211.65 (4ex, +0.093%) | 15m: 0.15/0.18 | 1h: N/A | P&L: $-0.10 (4)
2026-02-02T20:04:47.758924 [ 1453s] ✅ 15M mean_reversion_low CLOSE (PROFIT): $+1.20 | Total: $+1.10
2026-02-02T20:05:33.941631 [ 1500s] 💾 Checkpoint
2026-02-02T20:05:35.806896 [ 1501s] BTC: $78,334.44 (4ex, +0.047%) | 15m: 0.46/0.47 | 1h: N/A | P&L: $+1.10 (5)
2026-02-02T20:06:24.868321 [ 1550s] 🎯 15M DELAY: BTC +0.153% K +0.0% → YES@$0.58
2026-02-02T20:06:35.886574 [ 1561s] BTC: $78,439.72 (4ex, +0.124%) | 15m: 0.56/0.58 | 1h: N/A | P&L: $+1.10 (5)
2026-02-02T20:07:18.971449 [ 1605s] ✅ 15M delay_arb CLOSE (PROFIT): $+1.40 | Total: $+2.50
2026-02-02T20:07:35.991999 [ 1622s] BTC: $78,453.21 (4ex, -0.023%) | 15m: 0.72/0.77 | 1h: N/A | P&L: $+2.50 (6)
2026-02-02T20:08:28.062855 [ 1674s] 🎯 15M DELAY: BTC +0.154% K +0.0% → YES@$0.82
2026-02-02T20:08:36.075678 [ 1682s] BTC: $78,600.53 (4ex, +0.124%) | 15m: 0.78/0.82 | 1h: N/A | P&L: $+2.50 (6)
2026-02-02T20:08:50.096930 [ 1696s] ✅ 15M delay_arb CLOSE (PROFIT): $+0.80 | Total: $+3.30
2026-02-02T20:09:36.144221 [ 1742s] BTC: $78,570.83 (4ex, -0.040%) | 15m: 0.93/0.94 | 1h: N/A | P&L: $+3.30 (7)
2026-02-02T20:09:50.159651 [ 1756s] 📈 15M MEAN-REV: K@0.82 (extreme high) + BTC stable → NO
2026-02-02T20:09:50.160366 [ 1756s] ✅ 15M mean_reversion_high CLOSE (PROFIT): $+0.20 | Total: $+3.50
