2026-02-03T04:51:58.014342 
======================================================================
v7 — Research-Validated High-Frequency Validation Mode
======================================================================
Duration: 180min | Start: 04:51:58 UTC
Strategies: MR-High (≥0.6), Delay Arb (0.2%), Parity Arb, Endgame
Params: cooldown=5s, max_pos=5/mkt, timeout=180s
Goal: 50-100+ trades/hr for statistical validation
======================================================================

2026-02-03T04:52:58.090193 [   60s] BTC: $78,799.65 (+0.002%) | Brackets: 1 | Open: 0 | Trades: 0 (0.0/hr) | P&L: $+0.00
2026-02-03T04:53:58.169173 [  120s] BTC: $78,760.32 (-0.050%) | Brackets: 1 | Open: 0 | Trades: 0 (0.0/hr) | P&L: $+0.00
2026-02-03T04:54:58.267089 [  180s] BTC: $78,772.14 (+0.015%) | Brackets: 1 | Open: 0 | Trades: 0 (0.0/hr) | P&L: $+0.00
2026-02-03T04:55:51.090052 
⚠️ SIGNAL: SIGTERM at 2026-02-03T04:55:51.089929
2026-02-03T04:55:51.325402 
======================================================================
v7 SUMMARY
======================================================================
Duration: 3min (0.1h)
Total Trades: 0
Trade Rate: 0.0/hr
P&L: $+0.00
Final Balance: $1000.00

======================================================================

