2026-02-03T06:33:55.541239 
======================================================================
v7 — Research-Validated High-Frequency Validation Mode
======================================================================
Duration: 180min | Start: 06:33:55 UTC
Strategies: MR-High (≥0.6), Delay Arb (0.2%), Parity Arb, Endgame
Params: cooldown=5s, max_pos=5/mkt, timeout=180s
Goal: 50-100+ trades/hr for statistical validation
======================================================================

2026-02-03T06:33:56.542272 [    1s] 🔍 DEBUG KXBTC15M-26FEB030145-45: K=0.30 ask=0.32 ttc=663s can_enter=True(ok)
2026-02-03T06:34:26.581425 [   31s] 🔍 DEBUG KXBTC15M-26FEB030145-45: K=0.36 ask=0.41 ttc=633s can_enter=True(ok)
2026-02-03T06:34:55.622161 [   60s] BTC: $78,468.55 (+0.062%) | Brackets: 1 | Open: 0 | Trades: 0 (0.0/hr) | P&L: $+0.00
2026-02-03T06:34:56.623068 [   61s] 🔍 DEBUG KXBTC15M-26FEB030145-45: K=0.43 ask=0.44 ttc=603s can_enter=True(ok)
2026-02-03T06:35:26.658233 [   91s] 🔍 DEBUG KXBTC15M-26FEB030145-45: K=0.65 ask=0.66 ttc=573s can_enter=True(ok)
2026-02-03T06:35:55.694688 [  120s] BTC: $78,520.41 (+0.057%) | Brackets: 1 | Open: 0 | Trades: 0 (0.0/hr) | P&L: $+0.00
2026-02-03T06:35:56.696339 [  121s] 🔍 DEBUG KXBTC15M-26FEB030145-45: K=0.65 ask=0.66 ttc=543s can_enter=True(ok)
2026-02-03T06:36:01.701480 [  126s] 📈 MR-HIGH KXBTC15M-26FEB030145-45: K@0.65 → NO@0.35
2026-02-03T06:36:26.740469 [  151s] 🔍 DEBUG KXBTC15M-26FEB030145-45: K=0.65 ask=0.69 ttc=513s can_enter=True(ok)
2026-02-03T06:36:27.742036 [  152s] ✅ mean_reversion_high KXBTC15M-26FEB030145-45 CLOSE (PROFIT): $+1.30 | Total: $+1.30
2026-02-03T06:36:55.770752 [  180s] BTC: $78,524.96 (+0.012%) | Brackets: 1 | Open: 0 | Trades: 1 (20.0/hr) | P&L: $+1.30
2026-02-03T06:36:56.771955 [  181s] 🔍 DEBUG KXBTC15M-26FEB030145-45: K=0.48 ask=0.52 ttc=483s can_enter=True(ok)
2026-02-03T06:37:01.299891 
⚠️ SIGNAL: SIGTERM at 2026-02-03T06:37:01.299765
2026-02-03T06:37:01.778558 
======================================================================
v7 SUMMARY
======================================================================
Duration: 3min (0.1h)
Total Trades: 1
Trade Rate: 19.4/hr
P&L: $+1.30
Final Balance: $1001.30

  mean_reversion_high:
    Trades: 1, Win Rate: 100%, P&L: $+1.30, Avg: $+1.300
======================================================================

