2026-02-03T04:49:08.390411 
======================================================================
v7 — Research-Validated High-Frequency Validation Mode
======================================================================
Duration: 180min | Start: 04:49:08 UTC
Strategies: MR-High (≥0.75), Delay Arb (0.2%), Parity Arb, Endgame
Params: cooldown=5s, max_pos=5/mkt, timeout=180s
Goal: 50-100+ trades/hr for statistical validation
======================================================================

2026-02-03T04:50:08.454535 [   60s] BTC: $78,835.36 (+0.014%) | Brackets: 1 | Open: 0 | Trades: 0 (0.0/hr) | P&L: $+0.00
2026-02-03T04:51:08.524986 [  120s] BTC: $78,819.07 (-0.021%) | Brackets: 1 | Open: 0 | Trades: 0 (0.0/hr) | P&L: $+0.00
2026-02-03T04:51:33.123395 
⚠️ SIGNAL: SIGTERM at 2026-02-03T04:51:33.123300
2026-02-03T04:51:33.550578 
======================================================================
v7 SUMMARY
======================================================================
Duration: 2min (0.0h)
Total Trades: 0
Trade Rate: 0.0/hr
P&L: $+0.00
Final Balance: $1000.00

======================================================================

